

filename: com-Orkut.egr
Root: 339720
Number of deleted tree edges: 1992
numVert: 3072441, num_edges: 234370166 and delete batch size: 100000

Root: 339720
Root: 339720
After repairing:
Total execution time of all functions: 20.6631 ms.

Function execution times:
Time of Eulerian Tour : 15.95 ms
Time of Super graph Creation : 3.01 ms
Time of finding unique comps : 1.07 ms
Time of Pointer Jumping : 0.62 ms
Time of Update rep array : 0.01 ms
Executing validate part.
Unique representatives after deleting edges: 1
numComp after edge deletion: 1


filename: com-Orkut.egr
Root: 1856156
Number of deleted tree edges: 2158
numVert: 3072441, num_edges: 234370166 and delete batch size: 100000

Root: 1856156
Root: 1856156
After repairing:
Total execution time of all functions: 17.3899 ms.

Function execution times:
Time of Eulerian Tour : 13.99 ms
Time of Super graph Creation : 1.80 ms
Time of finding unique comps : 1.07 ms
Time of Pointer Jumping : 0.52 ms
Time of Update rep array : 0.01 ms
Executing validate part.
Unique representatives after deleting edges: 1
numComp after edge deletion: 1


filename: com-Orkut.egr
Root: 2718099
Number of deleted tree edges: 2024
numVert: 3072441, num_edges: 234370166 and delete batch size: 100000

Root: 2718099
Root: 2718099
After repairing:
Total execution time of all functions: 16.2853 ms.

Function execution times:
Time of Eulerian Tour : 12.48 ms
Time of Super graph Creation : 2.25 ms
Time of finding unique comps : 1.07 ms
Time of Pointer Jumping : 0.48 ms
Time of Update rep array : 0.01 ms
Executing validate part.
Unique representatives after deleting edges: 1
numComp after edge deletion: 1


filename: com-Orkut.egr
Root: 2332187
Number of deleted tree edges: 2072
numVert: 3072441, num_edges: 234370166 and delete batch size: 100000

Root: 2332187
Root: 2332187
After repairing:
Total execution time of all functions: 20.9506 ms.

Function execution times:
Time of Eulerian Tour : 16.68 ms
Time of Super graph Creation : 2.56 ms
Time of finding unique comps : 1.07 ms
Time of Pointer Jumping : 0.62 ms
Time of Update rep array : 0.01 ms
Executing validate part.
Unique representatives after deleting edges: 1
numComp after edge deletion: 1


filename: com-Orkut.egr
Root: 2497235
Number of deleted tree edges: 1945
numVert: 3072441, num_edges: 234370166 and delete batch size: 100000

Root: 2497235
Root: 2497235
After repairing:
Total execution time of all functions: 22.7693 ms.

Function execution times:
Time of Eulerian Tour : 17.78 ms
Time of Super graph Creation : 3.27 ms
Time of finding unique comps : 1.08 ms
Time of Pointer Jumping : 0.62 ms
Time of Update rep array : 0.01 ms
Executing validate part.
Unique representatives after deleting edges: 1
numComp after edge deletion: 1


filename: com-Orkut.egr
Root: 2735519
Number of deleted tree edges: 208
numVert: 3072441, num_edges: 234370166 and delete batch size: 10000

Root: 2735519
Root: 2735519
After repairing:
Total execution time of all functions: 21.7158 ms.

Function execution times:
Time of Eulerian Tour : 16.54 ms
Time of Super graph Creation : 3.46 ms
Time of finding unique comps : 1.08 ms
Time of Pointer Jumping : 0.63 ms
Time of Update rep array : 0.01 ms
Executing validate part.
Unique representatives after deleting edges: 1
numComp after edge deletion: 1


filename: com-Orkut.egr
Root: 1268484
Number of deleted tree edges: 216
numVert: 3072441, num_edges: 234370166 and delete batch size: 10000

Root: 1268484
Root: 1268484
After repairing:
Total execution time of all functions: 16.2965 ms.

Function execution times:
Time of Eulerian Tour : 12.55 ms
Time of Super graph Creation : 2.18 ms
Time of finding unique comps : 1.07 ms
Time of Pointer Jumping : 0.49 ms
Time of Update rep array : 0.01 ms
Executing validate part.
Unique representatives after deleting edges: 1
numComp after edge deletion: 1


filename: com-Orkut.egr
Root: 382507
Number of deleted tree edges: 211
numVert: 3072441, num_edges: 234370166 and delete batch size: 10000

Root: 382507
Root: 382507
After repairing:
Total execution time of all functions: 20.6579 ms.

Function execution times:
Time of Eulerian Tour : 16.40 ms
Time of Super graph Creation : 2.55 ms
Time of finding unique comps : 1.07 ms
Time of Pointer Jumping : 0.62 ms
Time of Update rep array : 0.01 ms
Executing validate part.
Unique representatives after deleting edges: 1
numComp after edge deletion: 1


filename: com-Orkut.egr
Root: 1784178
Number of deleted tree edges: 243
numVert: 3072441, num_edges: 234370166 and delete batch size: 10000

Root: 1784178
Root: 1784178
After repairing:
Total execution time of all functions: 21.7011 ms.

Function execution times:
Time of Eulerian Tour : 17.33 ms
Time of Super graph Creation : 2.66 ms
Time of finding unique comps : 1.07 ms
Time of Pointer Jumping : 0.62 ms
Time of Update rep array : 0.01 ms
Executing validate part.
Unique representatives after deleting edges: 1
numComp after edge deletion: 1


filename: com-Orkut.egr
Root: 2525985
Number of deleted tree edges: 214
numVert: 3072441, num_edges: 234370166 and delete batch size: 10000

Root: 2525985
Root: 2525985
After repairing:
Total execution time of all functions: 16.3155 ms.

Function execution times:
Time of Eulerian Tour : 13.33 ms
Time of Super graph Creation : 1.40 ms
Time of finding unique comps : 1.07 ms
Time of Pointer Jumping : 0.50 ms
Time of Update rep array : 0.01 ms
Executing validate part.
Unique representatives after deleting edges: 1
numComp after edge deletion: 1


filename: com-Orkut.egr
Root: 3070369
Number of deleted tree edges: 1
numVert: 3072441, num_edges: 234370166 and delete batch size: 100

Root: 3070369
Root: 3070369
After repairing:
Total execution time of all functions: 19.5895 ms.

Function execution times:
Time of Eulerian Tour : 17.00 ms
Time of finding unique comps : 1.08 ms
Time of Super graph Creation : 0.88 ms
Time of Pointer Jumping : 0.62 ms
Time of Update rep array : 0.01 ms
Executing validate part.
Unique representatives after deleting edges: 1
numComp after edge deletion: 1


filename: com-Orkut.egr
Root: 1430507
Number of deleted tree edges: 4
numVert: 3072441, num_edges: 234370166 and delete batch size: 100

Root: 1430507
Root: 1430507
After repairing:
Total execution time of all functions: 19.5635 ms.

Function execution times:
Time of Eulerian Tour : 17.19 ms
Time of finding unique comps : 1.08 ms
Time of Super graph Creation : 0.66 ms
Time of Pointer Jumping : 0.62 ms
Time of Update rep array : 0.01 ms
Executing validate part.
Unique representatives after deleting edges: 1
numComp after edge deletion: 1


filename: com-Orkut.egr
Root: 3038148
Number of deleted tree edges: 1
numVert: 3072441, num_edges: 234370166 and delete batch size: 100

Root: 3038148
Root: 3038148
After repairing:
Total execution time of all functions: 19.6084 ms.

Function execution times:
Time of Eulerian Tour : 16.73 ms
Time of Super graph Creation : 1.15 ms
Time of finding unique comps : 1.08 ms
Time of Pointer Jumping : 0.63 ms
Time of Update rep array : 0.01 ms
Executing validate part.
Unique representatives after deleting edges: 1
numComp after edge deletion: 1


filename: com-Orkut.egr
Root: 2954565
Number of deleted tree edges: 2
numVert: 3072441, num_edges: 234370166 and delete batch size: 100

Root: 2954565
Root: 2954565
After repairing:
Total execution time of all functions: 19.5932 ms.

Function execution times:
Time of Eulerian Tour : 17.22 ms
Time of finding unique comps : 1.08 ms
Time of Super graph Creation : 0.67 ms
Time of Pointer Jumping : 0.62 ms
Time of Update rep array : 0.01 ms
Executing validate part.
Unique representatives after deleting edges: 1
numComp after edge deletion: 1


filename: com-Orkut.egr
Root: 1966522
Number of deleted tree edges: 2
numVert: 3072441, num_edges: 234370166 and delete batch size: 100

Root: 1966522
Root: 1966522
After repairing:
Total execution time of all functions: 19.5878 ms.

Function execution times:
Time of Eulerian Tour : 17.20 ms
Time of finding unique comps : 1.07 ms
Time of Super graph Creation : 0.69 ms
Time of Pointer Jumping : 0.62 ms
Time of Update rep array : 0.01 ms
Executing validate part.
Unique representatives after deleting edges: 1
numComp after edge deletion: 1


filename: com-Orkut.egr
Root: 304759
Number of deleted tree edges: 19
numVert: 3072441, num_edges: 234370166 and delete batch size: 1000

Root: 304759
Root: 304759
After repairing:
Total execution time of all functions: 19.5895 ms.

Function execution times:
Time of Eulerian Tour : 16.62 ms
Time of Super graph Creation : 1.26 ms
Time of finding unique comps : 1.07 ms
Time of Pointer Jumping : 0.62 ms
Time of Update rep array : 0.01 ms
Executing validate part.
Unique representatives after deleting edges: 1
numComp after edge deletion: 1


filename: com-Orkut.egr
Root: 245360
Number of deleted tree edges: 17
numVert: 3072441, num_edges: 234370166 and delete batch size: 1000

Root: 245360
Root: 245360
After repairing:
Total execution time of all functions: 15.2421 ms.

Function execution times:
Time of Eulerian Tour : 12.93 ms
Time of finding unique comps : 1.07 ms
Time of Super graph Creation : 0.74 ms
Time of Pointer Jumping : 0.49 ms
Time of Update rep array : 0.01 ms
Executing validate part.
Unique representatives after deleting edges: 1
numComp after edge deletion: 1


filename: com-Orkut.egr
Root: 1632478
Number of deleted tree edges: 20
numVert: 3072441, num_edges: 234370166 and delete batch size: 1000

Root: 1632478
Root: 1632478
After repairing:
Total execution time of all functions: 19.5903 ms.

Function execution times:
Time of Eulerian Tour : 16.66 ms
Time of Super graph Creation : 1.21 ms
Time of finding unique comps : 1.08 ms
Time of Pointer Jumping : 0.62 ms
Time of Update rep array : 0.01 ms
Executing validate part.
Unique representatives after deleting edges: 1
numComp after edge deletion: 1


filename: com-Orkut.egr
Root: 2280275
Number of deleted tree edges: 24
numVert: 3072441, num_edges: 234370166 and delete batch size: 1000

Root: 2280275
Root: 2280275
After repairing:
Total execution time of all functions: 15.3801 ms.

Function execution times:
Time of Eulerian Tour : 12.63 ms
Time of finding unique comps : 1.08 ms
Time of Super graph Creation : 1.03 ms
Time of Pointer Jumping : 0.62 ms
Time of Update rep array : 0.01 ms
Executing validate part.
Unique representatives after deleting edges: 1
numComp after edge deletion: 1


filename: com-Orkut.egr
Root: 893079
Number of deleted tree edges: 20
numVert: 3072441, num_edges: 234370166 and delete batch size: 1000

Root: 893079
Root: 893079
After repairing:
Total execution time of all functions: 18.5334 ms.

Function execution times:
Time of Eulerian Tour : 16.35 ms
Time of finding unique comps : 1.07 ms
Time of Pointer Jumping : 0.62 ms
Time of Super graph Creation : 0.48 ms
Time of Update rep array : 0.01 ms
Executing validate part.
Unique representatives after deleting edges: 1
numComp after edge deletion: 1
