

filename: eu-2005.egr
Root: 586504
Number of deleted tree edges: 2368
numVert: 862664, num_edges: 32276936 and delete batch size: 100000

Root: 586504
Root: 586504
After repairing:
Total execution time of all functions: 7.63826 ms.

Function execution times:
Time of Eulerian Tour : 5.08 ms
Time of Super graph Creation : 1.24 ms
Time of finding unique comps : 1.06 ms
Time of Pointer Jumping : 0.24 ms
Time of Update rep array : 0.01 ms
Executing validate part.
Unique representatives after deleting edges: 1
numComp after edge deletion: 1


filename: eu-2005.egr
Root: 642774
Number of deleted tree edges: 2345
numVert: 862664, num_edges: 32276936 and delete batch size: 100000

Root: 642774
Root: 642774
After repairing:
Total execution time of all functions: 7.63358 ms.

Function execution times:
Time of Eulerian Tour : 4.99 ms
Time of Super graph Creation : 1.32 ms
Time of finding unique comps : 1.07 ms
Time of Pointer Jumping : 0.24 ms
Time of Update rep array : 0.01 ms
Executing validate part.
Unique representatives after deleting edges: 1
numComp after edge deletion: 1


filename: eu-2005.egr
Root: 828256
Number of deleted tree edges: 335
numVert: 862664, num_edges: 32276936 and delete batch size: 100000

Root: 828256
Root: 828256
After repairing:
Total execution time of all functions: 7.64108 ms.

Function execution times:
Time of Eulerian Tour : 5.02 ms
Time of Super graph Creation : 1.30 ms
Time of finding unique comps : 1.06 ms
Time of Pointer Jumping : 0.25 ms
Time of Update rep array : 0.01 ms
Executing validate part.
Unique representatives after deleting edges: 1
numComp after edge deletion: 1


filename: eu-2005.egr
Root: 335316
Number of deleted tree edges: 2539
numVert: 862664, num_edges: 32276936 and delete batch size: 100000

Root: 335316
Root: 335316
After repairing:
Total execution time of all functions: 7.63426 ms.

Function execution times:
Time of Eulerian Tour : 5.22 ms
Time of Super graph Creation : 1.10 ms
Time of finding unique comps : 1.06 ms
Time of Pointer Jumping : 0.25 ms
Time of Update rep array : 0.01 ms
Executing validate part.
Unique representatives after deleting edges: 1
numComp after edge deletion: 1


filename: eu-2005.egr
Root: 830548
Number of deleted tree edges: 1711
numVert: 862664, num_edges: 32276936 and delete batch size: 100000

Root: 830548
Root: 830548
After repairing:
Total execution time of all functions: 7.63315 ms.

Function execution times:
Time of Eulerian Tour : 5.03 ms
Time of Super graph Creation : 1.28 ms
Time of finding unique comps : 1.07 ms
Time of Pointer Jumping : 0.24 ms
Time of Update rep array : 0.01 ms
Executing validate part.
Unique representatives after deleting edges: 1
numComp after edge deletion: 1


filename: eu-2005.egr
Root: 76186
Number of deleted tree edges: 190
numVert: 862664, num_edges: 32276936 and delete batch size: 10000

Root: 76186
Root: 76186
After repairing:
Total execution time of all functions: 7.63113 ms.

Function execution times:
Time of Eulerian Tour : 5.02 ms
Time of Super graph Creation : 1.29 ms
Time of finding unique comps : 1.07 ms
Time of Pointer Jumping : 0.24 ms
Time of Update rep array : 0.01 ms
Executing validate part.
Unique representatives after deleting edges: 1
numComp after edge deletion: 1


filename: eu-2005.egr
Root: 720324
Number of deleted tree edges: 190
numVert: 862664, num_edges: 32276936 and delete batch size: 10000

Root: 720324
Root: 720324
After repairing:
Total execution time of all functions: 7.63185 ms.

Function execution times:
Time of Eulerian Tour : 5.02 ms
Time of Super graph Creation : 1.30 ms
Time of finding unique comps : 1.06 ms
Time of Pointer Jumping : 0.24 ms
Time of Update rep array : 0.01 ms
Executing validate part.
Unique representatives after deleting edges: 1
numComp after edge deletion: 1


filename: eu-2005.egr
Root: 644277
Number of deleted tree edges: 218
numVert: 862664, num_edges: 32276936 and delete batch size: 10000

Root: 644277
Root: 644277
After repairing:
Total execution time of all functions: 7.62521 ms.

Function execution times:
Time of Eulerian Tour : 5.13 ms
Time of Super graph Creation : 1.18 ms
Time of finding unique comps : 1.06 ms
Time of Pointer Jumping : 0.24 ms
Time of Update rep array : 0.01 ms
Executing validate part.
Unique representatives after deleting edges: 1
numComp after edge deletion: 1


filename: eu-2005.egr
Root: 400645
Number of deleted tree edges: 229
numVert: 862664, num_edges: 32276936 and delete batch size: 10000

Root: 400645
Root: 400645
After repairing:
Total execution time of all functions: 7.63483 ms.

Function execution times:
Time of Eulerian Tour : 5.13 ms
Time of Super graph Creation : 1.19 ms
Time of finding unique comps : 1.06 ms
Time of Pointer Jumping : 0.25 ms
Time of Update rep array : 0.01 ms
Executing validate part.
Unique representatives after deleting edges: 1
numComp after edge deletion: 1


filename: eu-2005.egr
Root: 833922
Number of deleted tree edges: 99
numVert: 862664, num_edges: 32276936 and delete batch size: 10000

Root: 833922
Root: 833922
After repairing:
Total execution time of all functions: 7.62186 ms.

Function execution times:
Time of Eulerian Tour : 5.05 ms
Time of Super graph Creation : 1.26 ms
Time of finding unique comps : 1.06 ms
Time of Pointer Jumping : 0.24 ms
Time of Update rep array : 0.01 ms
Executing validate part.
Unique representatives after deleting edges: 1
numComp after edge deletion: 1


filename: eu-2005.egr
Root: 451108
Number of deleted tree edges: 5
numVert: 862664, num_edges: 32276936 and delete batch size: 100

Root: 451108
Root: 451108
After repairing:
Total execution time of all functions: 6.58355 ms.

Function execution times:
Time of Eulerian Tour : 4.97 ms
Time of finding unique comps : 1.07 ms
Time of Super graph Creation : 0.29 ms
Time of Pointer Jumping : 0.25 ms
Time of Update rep array : 0.01 ms
Executing validate part.
Unique representatives after deleting edges: 1
numComp after edge deletion: 1


filename: eu-2005.egr
Root: 119268
Number of deleted tree edges: 4
numVert: 862664, num_edges: 32276936 and delete batch size: 100

Root: 119268
Root: 119268
After repairing:
Total execution time of all functions: 6.58235 ms.

Function execution times:
Time of Eulerian Tour : 5.02 ms
Time of finding unique comps : 1.06 ms
Time of Pointer Jumping : 0.24 ms
Time of Super graph Creation : 0.24 ms
Time of Update rep array : 0.01 ms
Executing validate part.
Unique representatives after deleting edges: 1
numComp after edge deletion: 1


filename: eu-2005.egr
Root: 717449
Number of deleted tree edges: 1
numVert: 862664, num_edges: 32276936 and delete batch size: 100

Root: 717449
Root: 717449
After repairing:
Total execution time of all functions: 6.57566 ms.

Function execution times:
Time of Eulerian Tour : 5.02 ms
Time of finding unique comps : 1.07 ms
Time of Pointer Jumping : 0.24 ms
Time of Super graph Creation : 0.24 ms
Time of Update rep array : 0.01 ms
Executing validate part.
Unique representatives after deleting edges: 1
numComp after edge deletion: 1


filename: eu-2005.egr
Root: 357325
Number of deleted tree edges: 0
numVert: 862664, num_edges: 32276936 and delete batch size: 100

Root: 357325
Root: 357325
After repairing:
Total execution time of all functions: 7.63137 ms.

Function execution times:
Time of Eulerian Tour : 5.09 ms
Time of Super graph Creation : 1.22 ms
Time of finding unique comps : 1.06 ms
Time of Pointer Jumping : 0.24 ms
Time of Update rep array : 0.01 ms
Executing validate part.
Unique representatives after deleting edges: 1
numComp after edge deletion: 1


filename: eu-2005.egr
Root: 507984
Number of deleted tree edges: 4
numVert: 862664, num_edges: 32276936 and delete batch size: 100

Root: 507984
Root: 507984
After repairing:
Total execution time of all functions: 6.58066 ms.

Function execution times:
Time of Eulerian Tour : 4.97 ms
Time of finding unique comps : 1.06 ms
Time of Super graph Creation : 0.30 ms
Time of Pointer Jumping : 0.24 ms
Time of Update rep array : 0.01 ms
Executing validate part.
Unique representatives after deleting edges: 1
numComp after edge deletion: 1


filename: eu-2005.egr
Root: 417903
Number of deleted tree edges: 21
numVert: 862664, num_edges: 32276936 and delete batch size: 1000

Root: 417903
Root: 417903
After repairing:
Total execution time of all functions: 6.5832 ms.

Function execution times:
Time of Eulerian Tour : 5.04 ms
Time of finding unique comps : 1.06 ms
Time of Pointer Jumping : 0.24 ms
Time of Super graph Creation : 0.23 ms
Time of Update rep array : 0.01 ms
Executing validate part.
Unique representatives after deleting edges: 1
numComp after edge deletion: 1


filename: eu-2005.egr
Root: 758625
Number of deleted tree edges: 18
numVert: 862664, num_edges: 32276936 and delete batch size: 1000

Root: 758625
Root: 758625
After repairing:
Total execution time of all functions: 6.57263 ms.

Function execution times:
Time of Eulerian Tour : 4.95 ms
Time of finding unique comps : 1.07 ms
Time of Super graph Creation : 0.30 ms
Time of Pointer Jumping : 0.24 ms
Time of Update rep array : 0.01 ms
Executing validate part.
Unique representatives after deleting edges: 1
numComp after edge deletion: 1


filename: eu-2005.egr
Root: 771313
Number of deleted tree edges: 17
numVert: 862664, num_edges: 32276936 and delete batch size: 1000

Root: 771313
Root: 771313
After repairing:
Total execution time of all functions: 7.62517 ms.

Function execution times:
Time of Eulerian Tour : 4.97 ms
Time of Super graph Creation : 1.34 ms
Time of finding unique comps : 1.06 ms
Time of Pointer Jumping : 0.24 ms
Time of Update rep array : 0.01 ms
Executing validate part.
Unique representatives after deleting edges: 1
numComp after edge deletion: 1


filename: eu-2005.egr
Root: 752500
Number of deleted tree edges: 28
numVert: 862664, num_edges: 32276936 and delete batch size: 1000

Root: 752500
Root: 752500
After repairing:
Total execution time of all functions: 6.57903 ms.

Function execution times:
Time of Eulerian Tour : 4.95 ms
Time of finding unique comps : 1.06 ms
Time of Super graph Creation : 0.31 ms
Time of Pointer Jumping : 0.24 ms
Time of Update rep array : 0.01 ms
Executing validate part.
Unique representatives after deleting edges: 1
numComp after edge deletion: 1


filename: eu-2005.egr
Root: 32602
Number of deleted tree edges: 14
numVert: 862664, num_edges: 32276936 and delete batch size: 1000

Root: 32602
Root: 32602
After repairing:
Total execution time of all functions: 6.57464 ms.

Function execution times:
Time of Eulerian Tour : 5.04 ms
Time of finding unique comps : 1.06 ms
Time of Pointer Jumping : 0.24 ms
Time of Super graph Creation : 0.22 ms
Time of Update rep array : 0.01 ms
Executing validate part.
Unique representatives after deleting edges: 1
numComp after edge deletion: 1
