

filename: kron_g500-logn21.egr
Root: 206990
Number of deleted tree edges: 907
numVert: 2097152, num_edges: 183188180 and delete batch size: 100000

Root: 206990
Root: 206990
After repairing:
Total execution time of all functions: 10.9228 ms.

Function execution times:
Time of Eulerian Tour : 7.98 ms
Time of Super graph Creation : 1.50 ms
Time of finding unique comps : 1.07 ms
Time of Pointer Jumping : 0.36 ms
Time of Update rep array : 0.01 ms
Executing validate part.
Unique representatives after deleting edges: 1
numComp after edge deletion: 1


filename: kron_g500-logn21.egr
Root: 1649352
Number of deleted tree edges: 933
numVert: 2097152, num_edges: 183188180 and delete batch size: 100000

Root: 1649352
Root: 1649352
After repairing:
Total execution time of all functions: 10.9189 ms.

Function execution times:
Time of Eulerian Tour : 8.05 ms
Time of Super graph Creation : 1.43 ms
Time of finding unique comps : 1.07 ms
Time of Pointer Jumping : 0.36 ms
Time of Update rep array : 0.01 ms
Executing validate part.
Unique representatives after deleting edges: 1
numComp after edge deletion: 1


filename: kron_g500-logn21.egr
Root: 1466702
Number of deleted tree edges: 935
numVert: 2097152, num_edges: 183188180 and delete batch size: 100000

Root: 1466702
Root: 1466702
After repairing:
Total execution time of all functions: 10.9151 ms.

Function execution times:
Time of Eulerian Tour : 7.76 ms
Time of Super graph Creation : 1.73 ms
Time of finding unique comps : 1.06 ms
Time of Pointer Jumping : 0.36 ms
Time of Update rep array : 0.01 ms
Executing validate part.
Unique representatives after deleting edges: 1
numComp after edge deletion: 1


filename: kron_g500-logn21.egr
Root: 320870
Number of deleted tree edges: 932
numVert: 2097152, num_edges: 183188180 and delete batch size: 100000

Root: 320870
Root: 320870
After repairing:
Total execution time of all functions: 10.9063 ms.

Function execution times:
Time of Eulerian Tour : 7.99 ms
Time of Super graph Creation : 1.49 ms
Time of finding unique comps : 1.06 ms
Time of Pointer Jumping : 0.36 ms
Time of Update rep array : 0.01 ms
Executing validate part.
Unique representatives after deleting edges: 1
numComp after edge deletion: 1


filename: kron_g500-logn21.egr
Root: 1671625
Number of deleted tree edges: 1041
numVert: 2097152, num_edges: 183188180 and delete batch size: 100000

Root: 1671625
Root: 1671625
After repairing:
Total execution time of all functions: 10.9184 ms.

Function execution times:
Time of Eulerian Tour : 7.95 ms
Time of Super graph Creation : 1.53 ms
Time of finding unique comps : 1.07 ms
Time of Pointer Jumping : 0.36 ms
Time of Update rep array : 0.01 ms
Executing validate part.
Unique representatives after deleting edges: 1
numComp after edge deletion: 1


filename: kron_g500-logn21.egr
Root: 1603488
Number of deleted tree edges: 96
numVert: 2097152, num_edges: 183188180 and delete batch size: 10000

Root: 1603488
Root: 1603488
After repairing:
Total execution time of all functions: 10.9266 ms.

Function execution times:
Time of Eulerian Tour : 7.96 ms
Time of Super graph Creation : 1.52 ms
Time of finding unique comps : 1.07 ms
Time of Pointer Jumping : 0.37 ms
Time of Update rep array : 0.01 ms
Executing validate part.
Unique representatives after deleting edges: 1
numComp after edge deletion: 1


filename: kron_g500-logn21.egr
Root: 899554
Number of deleted tree edges: 113
numVert: 2097152, num_edges: 183188180 and delete batch size: 10000

Root: 899554
Root: 899554
After repairing:
Total execution time of all functions: 15.1099 ms.

Function execution times:
Time of Eulerian Tour : 11.64 ms
Time of Super graph Creation : 2.03 ms
Time of finding unique comps : 1.07 ms
Time of Pointer Jumping : 0.37 ms
Time of Update rep array : 0.01 ms
Executing validate part.
Unique representatives after deleting edges: 1
numComp after edge deletion: 1


filename: kron_g500-logn21.egr
Root: 613523
Number of deleted tree edges: 102
numVert: 2097152, num_edges: 183188180 and delete batch size: 10000

Root: 613523
Root: 613523
After repairing:
Total execution time of all functions: 10.9127 ms.

Function execution times:
Time of Eulerian Tour : 7.80 ms
Time of Super graph Creation : 1.68 ms
Time of finding unique comps : 1.06 ms
Time of Pointer Jumping : 0.36 ms
Time of Update rep array : 0.01 ms
Executing validate part.
Unique representatives after deleting edges: 1
numComp after edge deletion: 1


filename: kron_g500-logn21.egr
Root: 711811
Number of deleted tree edges: 97
numVert: 2097152, num_edges: 183188180 and delete batch size: 10000

Root: 711811
Root: 711811
After repairing:
Total execution time of all functions: 10.91 ms.

Function execution times:
Time of Eulerian Tour : 7.80 ms
Time of Super graph Creation : 1.68 ms
Time of finding unique comps : 1.06 ms
Time of Pointer Jumping : 0.36 ms
Time of Update rep array : 0.01 ms
Executing validate part.
Unique representatives after deleting edges: 1
numComp after edge deletion: 1


filename: kron_g500-logn21.egr
Root: 1334888
Number of deleted tree edges: 96
numVert: 2097152, num_edges: 183188180 and delete batch size: 10000

Root: 1334888
Root: 1334888
After repairing:
Total execution time of all functions: 10.9196 ms.

Function execution times:
Time of Eulerian Tour : 7.74 ms
Time of Super graph Creation : 1.74 ms
Time of finding unique comps : 1.07 ms
Time of Pointer Jumping : 0.36 ms
Time of Update rep array : 0.01 ms
Executing validate part.
Unique representatives after deleting edges: 1
numComp after edge deletion: 1


filename: kron_g500-logn21.egr
Root: 76258
Number of deleted tree edges: 0
numVert: 2097152, num_edges: 183188180 and delete batch size: 100

Root: 76258
Root: 76258
After repairing:
Total execution time of all functions: 9.85104 ms.

Function execution times:
Time of Eulerian Tour : 7.80 ms
Time of finding unique comps : 1.06 ms
Time of Super graph Creation : 0.62 ms
Time of Pointer Jumping : 0.36 ms
Time of Update rep array : 0.01 ms
Executing validate part.
Unique representatives after deleting edges: 1
numComp after edge deletion: 1


filename: kron_g500-logn21.egr
Root: 524849
Number of deleted tree edges: 2
numVert: 2097152, num_edges: 183188180 and delete batch size: 100

Root: 524849
Root: 524849
After repairing:
Total execution time of all functions: 9.85262 ms.

Function execution times:
Time of Eulerian Tour : 7.78 ms
Time of finding unique comps : 1.07 ms
Time of Super graph Creation : 0.63 ms
Time of Pointer Jumping : 0.36 ms
Time of Update rep array : 0.01 ms
Executing validate part.
Unique representatives after deleting edges: 1
numComp after edge deletion: 1


filename: kron_g500-logn21.egr
Root: 1465491
Number of deleted tree edges: 1
numVert: 2097152, num_edges: 183188180 and delete batch size: 100

Root: 1465491
Root: 1465491
After repairing:
Total execution time of all functions: 9.84613 ms.

Function execution times:
Time of Eulerian Tour : 7.97 ms
Time of finding unique comps : 1.06 ms
Time of Super graph Creation : 0.44 ms
Time of Pointer Jumping : 0.36 ms
Time of Update rep array : 0.01 ms
Executing validate part.
Unique representatives after deleting edges: 1
numComp after edge deletion: 1


filename: kron_g500-logn21.egr
Root: 680244
Number of deleted tree edges: 0
numVert: 2097152, num_edges: 183188180 and delete batch size: 100

Root: 680244
Root: 680244
After repairing:
Total execution time of all functions: 10.9064 ms.

Function execution times:
Time of Eulerian Tour : 8.21 ms
Time of Super graph Creation : 1.25 ms
Time of finding unique comps : 1.07 ms
Time of Pointer Jumping : 0.36 ms
Time of Update rep array : 0.01 ms
Executing validate part.
Unique representatives after deleting edges: 1
numComp after edge deletion: 1


filename: kron_g500-logn21.egr
Root: 1601445
Number of deleted tree edges: 0
numVert: 2097152, num_edges: 183188180 and delete batch size: 100

Root: 1601445
Root: 1601445
After repairing:
Total execution time of all functions: 9.85276 ms.

Function execution times:
Time of Eulerian Tour : 7.86 ms
Time of finding unique comps : 1.07 ms
Time of Super graph Creation : 0.55 ms
Time of Pointer Jumping : 0.36 ms
Time of Update rep array : 0.01 ms
Executing validate part.
Unique representatives after deleting edges: 1
numComp after edge deletion: 1


filename: kron_g500-logn21.egr
Root: 1037195
Number of deleted tree edges: 10
numVert: 2097152, num_edges: 183188180 and delete batch size: 1000

Root: 1037195
Root: 1037195
After repairing:
Total execution time of all functions: 9.85894 ms.

Function execution times:
Time of Eulerian Tour : 7.86 ms
Time of finding unique comps : 1.07 ms
Time of Super graph Creation : 0.56 ms
Time of Pointer Jumping : 0.36 ms
Time of Update rep array : 0.01 ms
Executing validate part.
Unique representatives after deleting edges: 1
numComp after edge deletion: 1


filename: kron_g500-logn21.egr
Root: 826667
Number of deleted tree edges: 7
numVert: 2097152, num_edges: 183188180 and delete batch size: 1000

Root: 826667
Root: 826667
After repairing:
Total execution time of all functions: 9.85705 ms.

Function execution times:
Time of Eulerian Tour : 7.72 ms
Time of finding unique comps : 1.07 ms
Time of Super graph Creation : 0.70 ms
Time of Pointer Jumping : 0.36 ms
Time of Update rep array : 0.01 ms
Executing validate part.
Unique representatives after deleting edges: 1
numComp after edge deletion: 1


filename: kron_g500-logn21.egr
Root: 1552301
Number of deleted tree edges: 12
numVert: 2097152, num_edges: 183188180 and delete batch size: 1000

Root: 1552301
Root: 1552301
After repairing:
Total execution time of all functions: 9.85033 ms.

Function execution times:
Time of Eulerian Tour : 7.64 ms
Time of finding unique comps : 1.07 ms
Time of Super graph Creation : 0.77 ms
Time of Pointer Jumping : 0.36 ms
Time of Update rep array : 0.01 ms
Executing validate part.
Unique representatives after deleting edges: 1
numComp after edge deletion: 1


filename: kron_g500-logn21.egr
Root: 1157851
Number of deleted tree edges: 12
numVert: 2097152, num_edges: 183188180 and delete batch size: 1000

Root: 1157851
Root: 1157851
After repairing:
Total execution time of all functions: 9.84603 ms.

Function execution times:
Time of Eulerian Tour : 7.89 ms
Time of finding unique comps : 1.06 ms
Time of Super graph Creation : 0.53 ms
Time of Pointer Jumping : 0.36 ms
Time of Update rep array : 0.01 ms
Executing validate part.
Unique representatives after deleting edges: 1
numComp after edge deletion: 1


filename: kron_g500-logn21.egr
Root: 1605138
Number of deleted tree edges: 13
numVert: 2097152, num_edges: 183188180 and delete batch size: 1000

Root: 1605138
Root: 1605138
After repairing:
Total execution time of all functions: 9.83891 ms.

Function execution times:
Time of Eulerian Tour : 7.91 ms
Time of finding unique comps : 1.06 ms
Time of Super graph Creation : 0.50 ms
Time of Pointer Jumping : 0.36 ms
Time of Update rep array : 0.01 ms
Executing validate part.
Unique representatives after deleting edges: 1
numComp after edge deletion: 1
