filename: coPapersDBLP.egr
Delete batch Size: 100000
Depth of graph: 15
Total execution time of all functions: 31.7174 ms.

Function execution times:
Time of simple BFS : 10.75 ms
Time of PR-RST module : 9.94 ms
Time of Adam_BFS : 4.97 ms
Time of CC : 3.28 ms
Time of update datastr : 2.76 ms
----------------------------------------------------------------

filename: coPapersDBLP.egr
Delete batch Size: 100000
Depth of graph: 15
Total execution time of all functions: 30.1886 ms.

Function execution times:
Time of simple BFS : 10.64 ms
Time of PR-RST module : 8.30 ms
Time of Adam_BFS : 5.07 ms
Time of CC : 3.72 ms
Time of update datastr : 2.46 ms
----------------------------------------------------------------

filename: coPapersDBLP.egr
Delete batch Size: 100000
Depth of graph: 15
Total execution time of all functions: 30.3715 ms.

Function execution times:
Time of simple BFS : 10.70 ms
Time of PR-RST module : 8.39 ms
Time of Adam_BFS : 5.06 ms
Time of update datastr : 3.58 ms
Time of CC : 2.63 ms
----------------------------------------------------------------

filename: coPapersDBLP.egr
Delete batch Size: 100000
Depth of graph: 15
Total execution time of all functions: 30.0357 ms.

Function execution times:
Time of simple BFS : 10.99 ms
Time of PR-RST module : 8.26 ms
Time of Adam_BFS : 4.99 ms
Time of CC : 3.35 ms
Time of update datastr : 2.44 ms
----------------------------------------------------------------

filename: coPapersDBLP.egr
Delete batch Size: 100000
Depth of graph: 15
Total execution time of all functions: 32.0733 ms.

Function execution times:
Time of simple BFS : 10.65 ms
Time of PR-RST module : 10.03 ms
Time of Adam_BFS : 5.05 ms
Time of CC : 3.76 ms
Time of update datastr : 2.58 ms
----------------------------------------------------------------

filename: coPapersDBLP.egr
Delete batch Size: 10000
Depth of graph: 15
Total execution time of all functions: 30.7714 ms.

Function execution times:
Time of simple BFS : 10.95 ms
Time of PR-RST module : 8.38 ms
Time of Adam_BFS : 5.01 ms
Time of CC : 3.93 ms
Time of update datastr : 2.50 ms
----------------------------------------------------------------

filename: coPapersDBLP.egr
Delete batch Size: 10000
Depth of graph: 15
Total execution time of all functions: 29.0319 ms.

Function execution times:
Time of simple BFS : 11.16 ms
Time of PR-RST module : 6.62 ms
Time of Adam_BFS : 4.96 ms
Time of CC : 3.85 ms
Time of update datastr : 2.44 ms
----------------------------------------------------------------

filename: coPapersDBLP.egr
Delete batch Size: 10000
Depth of graph: 15
Total execution time of all functions: 30.2391 ms.

Function execution times:
Time of simple BFS : 10.89 ms
Time of PR-RST module : 8.36 ms
Time of Adam_BFS : 5.00 ms
Time of CC : 3.58 ms
Time of update datastr : 2.40 ms
----------------------------------------------------------------

filename: coPapersDBLP.egr
Delete batch Size: 10000
Depth of graph: 15
Total execution time of all functions: 29.6654 ms.

Function execution times:
Time of simple BFS : 11.04 ms
Time of PR-RST module : 8.40 ms
Time of Adam_BFS : 5.04 ms
Time of CC : 2.80 ms
Time of update datastr : 2.40 ms
----------------------------------------------------------------

filename: coPapersDBLP.egr
Delete batch Size: 10000
Depth of graph: 15
Total execution time of all functions: 29.6175 ms.

Function execution times:
Time of simple BFS : 10.70 ms
Time of PR-RST module : 8.50 ms
Time of Adam_BFS : 4.97 ms
Time of CC : 3.01 ms
Time of update datastr : 2.44 ms
----------------------------------------------------------------

filename: coPapersDBLP.egr
Delete batch Size: 100
Depth of graph: 15
Total execution time of all functions: 30.9513 ms.

Function execution times:
Time of simple BFS : 10.76 ms
Time of PR-RST module : 9.99 ms
Time of Adam_BFS : 4.98 ms
Time of CC : 2.70 ms
Time of update datastr : 2.51 ms
----------------------------------------------------------------

filename: coPapersDBLP.egr
Delete batch Size: 100
Depth of graph: 15
Total execution time of all functions: 30.3762 ms.

Function execution times:
Time of simple BFS : 10.68 ms
Time of PR-RST module : 8.31 ms
Time of Adam_BFS : 4.96 ms
Time of CC : 4.05 ms
Time of update datastr : 2.38 ms
----------------------------------------------------------------

filename: coPapersDBLP.egr
Delete batch Size: 100
Depth of graph: 15
Total execution time of all functions: 29.599 ms.

Function execution times:
Time of simple BFS : 10.47 ms
Time of PR-RST module : 8.28 ms
Time of Adam_BFS : 4.94 ms
Time of CC : 3.51 ms
Time of update datastr : 2.39 ms
----------------------------------------------------------------

filename: coPapersDBLP.egr
Delete batch Size: 100
Depth of graph: 15
Total execution time of all functions: 30.3792 ms.

Function execution times:
Time of simple BFS : 10.78 ms
Time of PR-RST module : 8.25 ms
Time of Adam_BFS : 5.02 ms
Time of CC : 3.83 ms
Time of update datastr : 2.49 ms
----------------------------------------------------------------

filename: coPapersDBLP.egr
Delete batch Size: 100
Depth of graph: 15
Total execution time of all functions: 29.7028 ms.

Function execution times:
Time of simple BFS : 10.74 ms
Time of PR-RST module : 8.29 ms
Time of Adam_BFS : 5.03 ms
Time of CC : 3.26 ms
Time of update datastr : 2.39 ms
----------------------------------------------------------------

filename: coPapersDBLP.egr
Delete batch Size: 1000
Depth of graph: 15
Total execution time of all functions: 31.2916 ms.

Function execution times:
Time of simple BFS : 11.17 ms
Time of PR-RST module : 10.10 ms
Time of Adam_BFS : 4.96 ms
Time of CC : 2.66 ms
Time of update datastr : 2.39 ms
----------------------------------------------------------------

filename: coPapersDBLP.egr
Delete batch Size: 1000
Depth of graph: 15
Total execution time of all functions: 29.9436 ms.

Function execution times:
Time of simple BFS : 10.39 ms
Time of PR-RST module : 8.35 ms
Time of Adam_BFS : 4.93 ms
Time of CC : 3.78 ms
Time of update datastr : 2.50 ms
----------------------------------------------------------------

filename: coPapersDBLP.egr
Delete batch Size: 1000
Depth of graph: 15
Total execution time of all functions: 29.8561 ms.

Function execution times:
Time of simple BFS : 10.72 ms
Time of PR-RST module : 8.30 ms
Time of Adam_BFS : 5.03 ms
Time of CC : 3.43 ms
Time of update datastr : 2.38 ms
----------------------------------------------------------------

filename: coPapersDBLP.egr
Delete batch Size: 1000
Depth of graph: 15
Total execution time of all functions: 30.8772 ms.

Function execution times:
Time of simple BFS : 11.34 ms
Time of PR-RST module : 8.71 ms
Time of Adam_BFS : 5.16 ms
Time of CC : 3.27 ms
Time of update datastr : 2.41 ms
----------------------------------------------------------------

filename: coPapersDBLP.egr
Delete batch Size: 1000
Depth of graph: 15
Total execution time of all functions: 31.0234 ms.

Function execution times:
Time of simple BFS : 11.15 ms
Time of PR-RST module : 10.13 ms
Time of Adam_BFS : 4.98 ms
Time of update datastr : 2.39 ms
Time of CC : 2.37 ms
----------------------------------------------------------------
