filename: kmer_U1a.egr
Delete batch Size: 100000
Depth of graph: 44147
Total execution time of all functions: 20000.2 ms.

Function execution times:
Time of simple BFS : 12106.79 ms
Time of Adam_BFS : 5150.98 ms
Time of PR-RST module : 2243.04 ms
Time of CC : 494.15 ms
Time of update datastr : 5.24 ms
----------------------------------------------------------------

filename: kmer_U1a.egr
Delete batch Size: 100000
Depth of graph: 44147
Total execution time of all functions: 19854.9 ms.

Function execution times:
Time of simple BFS : 12247.59 ms
Time of Adam_BFS : 5038.89 ms
Time of PR-RST module : 2041.44 ms
Time of CC : 521.66 ms
Time of update datastr : 5.29 ms
----------------------------------------------------------------

filename: kmer_U1a.egr
Delete batch Size: 100000
Depth of graph: 44147
Total execution time of all functions: 19997.5 ms.

Function execution times:
Time of simple BFS : 12133.21 ms
Time of Adam_BFS : 5126.52 ms
Time of PR-RST module : 2240.17 ms
Time of CC : 492.36 ms
Time of update datastr : 5.23 ms
----------------------------------------------------------------

filename: kmer_U1a.egr
Delete batch Size: 100000
Depth of graph: 44147
Total execution time of all functions: 19854.2 ms.

Function execution times:
Time of simple BFS : 12218.22 ms
Time of Adam_BFS : 5050.16 ms
Time of PR-RST module : 2046.22 ms
Time of CC : 535.29 ms
Time of update datastr : 4.27 ms
----------------------------------------------------------------

filename: kmer_U1a.egr
Delete batch Size: 100000
Depth of graph: 44147
Total execution time of all functions: 20117.3 ms.

Function execution times:
Time of simple BFS : 12253.43 ms
Time of Adam_BFS : 5282.55 ms
Time of PR-RST module : 2057.05 ms
Time of CC : 518.34 ms
Time of update datastr : 5.90 ms
----------------------------------------------------------------

filename: kmer_U1a.egr
Delete batch Size: 10000
Depth of graph: 44147
Total execution time of all functions: 19775 ms.

Function execution times:
Time of simple BFS : 12147.22 ms
Time of Adam_BFS : 4907.10 ms
Time of PR-RST module : 2248.00 ms
Time of CC : 467.47 ms
Time of update datastr : 5.23 ms
----------------------------------------------------------------

filename: kmer_U1a.egr
Delete batch Size: 10000
Depth of graph: 44147
Total execution time of all functions: 20073.2 ms.

Function execution times:
Time of simple BFS : 12091.89 ms
Time of Adam_BFS : 5190.59 ms
Time of PR-RST module : 2257.55 ms
Time of CC : 527.93 ms
Time of update datastr : 5.28 ms
----------------------------------------------------------------

filename: kmer_U1a.egr
Delete batch Size: 10000
Depth of graph: 44147
Total execution time of all functions: 19550.3 ms.

Function execution times:
Time of simple BFS : 12112.37 ms
Time of Adam_BFS : 4923.24 ms
Time of PR-RST module : 2038.56 ms
Time of CC : 471.95 ms
Time of update datastr : 4.23 ms
----------------------------------------------------------------

filename: kmer_U1a.egr
Delete batch Size: 10000
Depth of graph: 44147
Total execution time of all functions: 20151.8 ms.

Function execution times:
Time of simple BFS : 12113.00 ms
Time of Adam_BFS : 5258.42 ms
Time of PR-RST module : 2242.90 ms
Time of CC : 533.19 ms
Time of update datastr : 4.25 ms
----------------------------------------------------------------

filename: kmer_U1a.egr
Delete batch Size: 10000
Depth of graph: 44147
Total execution time of all functions: 19902.3 ms.

Function execution times:
Time of simple BFS : 12129.62 ms
Time of Adam_BFS : 5010.01 ms
Time of PR-RST module : 2250.15 ms
Time of CC : 508.33 ms
Time of update datastr : 4.19 ms
----------------------------------------------------------------

filename: kmer_U1a.egr
Delete batch Size: 100
Depth of graph: 44147
Total execution time of all functions: 20052.6 ms.

Function execution times:
Time of simple BFS : 12129.37 ms
Time of Adam_BFS : 5169.00 ms
Time of PR-RST module : 2259.06 ms
Time of CC : 489.85 ms
Time of update datastr : 5.27 ms
----------------------------------------------------------------

filename: kmer_U1a.egr
Delete batch Size: 100
Depth of graph: 44147
Total execution time of all functions: 19904 ms.

Function execution times:
Time of simple BFS : 12249.60 ms
Time of Adam_BFS : 4903.80 ms
Time of PR-RST module : 2264.58 ms
Time of CC : 482.05 ms
Time of update datastr : 3.93 ms
----------------------------------------------------------------

filename: kmer_U1a.egr
Delete batch Size: 100
Depth of graph: 44147
Total execution time of all functions: 19671.5 ms.

Function execution times:
Time of simple BFS : 12061.61 ms
Time of Adam_BFS : 5109.86 ms
Time of PR-RST module : 2028.42 ms
Time of CC : 466.37 ms
Time of update datastr : 5.22 ms
----------------------------------------------------------------

filename: kmer_U1a.egr
Delete batch Size: 100
Depth of graph: 44147
Total execution time of all functions: 19683.5 ms.

Function execution times:
Time of simple BFS : 12163.28 ms
Time of Adam_BFS : 4762.91 ms
Time of PR-RST module : 2249.49 ms
Time of CC : 502.56 ms
Time of update datastr : 5.22 ms
----------------------------------------------------------------

filename: kmer_U1a.egr
Delete batch Size: 100
Depth of graph: 44147
Total execution time of all functions: 19708.1 ms.

Function execution times:
Time of simple BFS : 12179.03 ms
Time of Adam_BFS : 4783.24 ms
Time of PR-RST module : 2242.19 ms
Time of CC : 499.45 ms
Time of update datastr : 4.18 ms
----------------------------------------------------------------

filename: kmer_U1a.egr
Delete batch Size: 1000
Depth of graph: 44147
Total execution time of all functions: 19956.1 ms.

Function execution times:
Time of simple BFS : 12111.10 ms
Time of Adam_BFS : 5086.42 ms
Time of PR-RST module : 2253.45 ms
Time of CC : 499.89 ms
Time of update datastr : 5.23 ms
----------------------------------------------------------------

filename: kmer_U1a.egr
Delete batch Size: 1000
Depth of graph: 44147
Total execution time of all functions: 19822.8 ms.

Function execution times:
Time of simple BFS : 12111.04 ms
Time of Adam_BFS : 4962.72 ms
Time of PR-RST module : 2236.11 ms
Time of CC : 507.71 ms
Time of update datastr : 5.21 ms
----------------------------------------------------------------

filename: kmer_U1a.egr
Delete batch Size: 1000
Depth of graph: 44147
Total execution time of all functions: 19782.5 ms.

Function execution times:
Time of simple BFS : 12080.93 ms
Time of Adam_BFS : 4933.67 ms
Time of PR-RST module : 2249.93 ms
Time of CC : 513.78 ms
Time of update datastr : 4.18 ms
----------------------------------------------------------------

filename: kmer_U1a.egr
Delete batch Size: 1000
Depth of graph: 44147
Total execution time of all functions: 19758.6 ms.

Function execution times:
Time of simple BFS : 12015.51 ms
Time of Adam_BFS : 5035.50 ms
Time of PR-RST module : 2231.80 ms
Time of CC : 470.55 ms
Time of update datastr : 5.23 ms
----------------------------------------------------------------

filename: kmer_U1a.egr
Delete batch Size: 1000
Depth of graph: 44147
Total execution time of all functions: 19823.5 ms.

Function execution times:
Time of simple BFS : 12159.62 ms
Time of Adam_BFS : 4923.58 ms
Time of PR-RST module : 2241.72 ms
Time of CC : 493.31 ms
Time of update datastr : 5.26 ms
----------------------------------------------------------------
