

filename: as-Skitter.egr
Root: 1585339
The input parent array is a BFS tree.
Number of deleted tree edges: 58023
numVert: 1696415, num_edges: 22192106 and delete batch size: 100000

Root: 1585339
Selected Algorithm: HS_ET_ET
Finding Replacement edges using HS.
Number of roots: 55001
Number of cross-edges: 3023
Insertion into hashtable over.
num of superComponents: 58024
Reversing the paths using eulerian tour 
Input tree not connected. num_comp: 55001
Selected Algorithm: HS_ET_ET
Finding Replacement edges using HS.
Number of roots: 1
Number of cross-edges: 55000
Insertion into hashtable over.
num of superComponents: 55001
Reversing the paths using eulerian tour 

Total execution time for Insertion: 9.91374 ms.

Function execution times:
Time of HS: Find Repl edges : 4.30 ms
Time of ET: Orientation : 2.83 ms
Time of Eulerian Tour : 1.39 ms
Time of Finding unique comps : 1.00 ms
Time of Pointer Jumping : 0.32 ms
Time of Path Reversal : 0.04 ms
Time of Hashtable insertion : 0.02 ms
Time of Update rep array : 0.01 ms

Executing validate part.
numComp in the graph: 1


filename: as-Skitter.egr
Root: 324398
The input parent array is a BFS tree.
Number of deleted tree edges: 68011
numVert: 1696415, num_edges: 22192106 and delete batch size: 100000

Root: 324398
Selected Algorithm: HS_ET_ET
Finding Replacement edges using HS.
Number of roots: 66001
Number of cross-edges: 2011
Insertion into hashtable over.
num of superComponents: 68012
Reversing the paths using eulerian tour 
Input tree not connected. num_comp: 66001
Selected Algorithm: HS_ET_ET
Finding Replacement edges using HS.
Number of roots: 1
Number of cross-edges: 66000
Insertion into hashtable over.
num of superComponents: 66001
Reversing the paths using eulerian tour 

Total execution time for Insertion: 12.9415 ms.

Function execution times:
Time of HS: Find Repl edges : 6.28 ms
Time of ET: Orientation : 3.89 ms
Time of Eulerian Tour : 1.37 ms
Time of Finding unique comps : 1.01 ms
Time of Pointer Jumping : 0.32 ms
Time of Path Reversal : 0.05 ms
Time of Hashtable insertion : 0.03 ms
Time of Update rep array : 0.01 ms

Executing validate part.
numComp in the graph: 1


filename: as-Skitter.egr
Root: 189288
The input parent array is a BFS tree.
Number of deleted tree edges: 41701
numVert: 1696415, num_edges: 22192106 and delete batch size: 100000

Root: 189288
Selected Algorithm: HS_ET_ET
Finding Replacement edges using HS.
Number of roots: 40001
Number of cross-edges: 1701
Insertion into hashtable over.
num of superComponents: 41702
Reversing the paths using eulerian tour 
Input tree not connected. num_comp: 40001
Selected Algorithm: HS_ET_ET
Finding Replacement edges using HS.
Number of roots: 1
Number of cross-edges: 40000
Insertion into hashtable over.
num of superComponents: 40001
Reversing the paths using eulerian tour 

Total execution time for Insertion: 11.5496 ms.

Function execution times:
Time of HS: Find Repl edges : 5.91 ms
Time of ET: Orientation : 2.82 ms
Time of Eulerian Tour : 1.42 ms
Time of Finding unique comps : 1.00 ms
Time of Pointer Jumping : 0.31 ms
Time of Path Reversal : 0.05 ms
Time of Hashtable insertion : 0.02 ms
Time of Update rep array : 0.01 ms

Executing validate part.
numComp in the graph: 1


filename: as-Skitter.egr
Root: 676306
The input parent array is a BFS tree.
Number of deleted tree edges: 71050
numVert: 1696415, num_edges: 22192106 and delete batch size: 100000

Root: 676306
Selected Algorithm: HS_ET_ET
Finding Replacement edges using HS.
Number of roots: 69001
Number of cross-edges: 2050
Insertion into hashtable over.
num of superComponents: 71051
Reversing the paths using eulerian tour 
Input tree not connected. num_comp: 69001
Selected Algorithm: HS_ET_ET
Finding Replacement edges using HS.
Number of roots: 1
Number of cross-edges: 69000
Insertion into hashtable over.
num of superComponents: 69001
Reversing the paths using eulerian tour 

Total execution time for Insertion: 13.1058 ms.

Function execution times:
Time of HS: Find Repl edges : 7.53 ms
Time of ET: Orientation : 2.84 ms
Time of Eulerian Tour : 1.34 ms
Time of Finding unique comps : 1.00 ms
Time of Pointer Jumping : 0.31 ms
Time of Path Reversal : 0.04 ms
Time of Hashtable insertion : 0.03 ms
Time of Update rep array : 0.01 ms

Executing validate part.
numComp in the graph: 1


filename: as-Skitter.egr
Root: 155375
The input parent array is a BFS tree.
Number of deleted tree edges: 47461
numVert: 1696415, num_edges: 22192106 and delete batch size: 100000

Root: 155375
Selected Algorithm: HS_ET_ET
Finding Replacement edges using HS.
Number of roots: 44001
Number of cross-edges: 3461
Insertion into hashtable over.
num of superComponents: 47462
Reversing the paths using eulerian tour 
Input tree not connected. num_comp: 44001
Selected Algorithm: HS_ET_ET
Finding Replacement edges using HS.
Number of roots: 1
Number of cross-edges: 44000
Insertion into hashtable over.
num of superComponents: 44001
Reversing the paths using eulerian tour 

Total execution time for Insertion: 10.2 ms.

Function execution times:
Time of HS: Find Repl edges : 5.62 ms
Time of ET: Orientation : 1.77 ms
Time of Eulerian Tour : 1.42 ms
Time of Finding unique comps : 1.00 ms
Time of Pointer Jumping : 0.32 ms
Time of Path Reversal : 0.05 ms
Time of Hashtable insertion : 0.02 ms
Time of Update rep array : 0.01 ms

Executing validate part.
numComp in the graph: 1


filename: as-Skitter.egr
Root: 788736
The input parent array is a BFS tree.
Number of deleted tree edges: 5152
numVert: 1696415, num_edges: 22192106 and delete batch size: 10000

Root: 788736
Selected Algorithm: HS_ET_ET
Finding Replacement edges using HS.
Number of roots: 4801
Number of cross-edges: 352
Insertion into hashtable over.
num of superComponents: 5153
Reversing the paths using eulerian tour 
Input tree not connected. num_comp: 4801
Selected Algorithm: HS_ET_ET
Finding Replacement edges using HS.
Number of roots: 1
Number of cross-edges: 4800
Insertion into hashtable over.
num of superComponents: 4801
Reversing the paths using eulerian tour 

Total execution time for Insertion: 10.4952 ms.

Function execution times:
Time of HS: Find Repl edges : 5.81 ms
Time of ET: Orientation : 1.84 ms
Time of Eulerian Tour : 1.45 ms
Time of Finding unique comps : 1.00 ms
Time of Pointer Jumping : 0.32 ms
Time of Path Reversal : 0.05 ms
Time of Hashtable insertion : 0.02 ms
Time of Update rep array : 0.01 ms

Executing validate part.
numComp in the graph: 1


filename: as-Skitter.egr
Root: 812286
The input parent array is a BFS tree.
Number of deleted tree edges: 4866
numVert: 1696415, num_edges: 22192106 and delete batch size: 10000

Root: 812286
Selected Algorithm: HS_ET_ET
Finding Replacement edges using HS.
Number of roots: 4501
Number of cross-edges: 366
Insertion into hashtable over.
num of superComponents: 4867
Reversing the paths using eulerian tour 
Input tree not connected. num_comp: 4501
Selected Algorithm: HS_ET_ET
Finding Replacement edges using HS.
Number of roots: 1
Number of cross-edges: 4500
Insertion into hashtable over.
num of superComponents: 4501
Reversing the paths using eulerian tour 

Total execution time for Insertion: 9.42633 ms.

Function execution times:
Time of HS: Find Repl edges : 4.26 ms
Time of ET: Orientation : 2.33 ms
Time of Eulerian Tour : 1.44 ms
Time of Finding unique comps : 1.01 ms
Time of Pointer Jumping : 0.32 ms
Time of Path Reversal : 0.04 ms
Time of Hashtable insertion : 0.02 ms
Time of Update rep array : 0.01 ms

Executing validate part.
numComp in the graph: 1


filename: as-Skitter.egr
Root: 1433255
The input parent array is a BFS tree.
Number of deleted tree edges: 5878
numVert: 1696415, num_edges: 22192106 and delete batch size: 10000

Root: 1433255
Selected Algorithm: HS_ET_ET
Finding Replacement edges using HS.
Number of roots: 5601
Number of cross-edges: 278
Insertion into hashtable over.
num of superComponents: 5879
Reversing the paths using eulerian tour 
Input tree not connected. num_comp: 5601
Selected Algorithm: HS_ET_ET
Finding Replacement edges using HS.
Number of roots: 1
Number of cross-edges: 5600
Insertion into hashtable over.
num of superComponents: 5601
Reversing the paths using eulerian tour 

Total execution time for Insertion: 9.39329 ms.

Function execution times:
Time of HS: Find Repl edges : 4.10 ms
Time of ET: Orientation : 2.49 ms
Time of Eulerian Tour : 1.42 ms
Time of Finding unique comps : 1.00 ms
Time of Pointer Jumping : 0.31 ms
Time of Path Reversal : 0.04 ms
Time of Hashtable insertion : 0.02 ms
Time of Update rep array : 0.01 ms

Executing validate part.
numComp in the graph: 1


filename: as-Skitter.egr
Root: 1328793
The input parent array is a BFS tree.
Number of deleted tree edges: 5311
numVert: 1696415, num_edges: 22192106 and delete batch size: 10000

Root: 1328793
Selected Algorithm: HS_ET_ET
Finding Replacement edges using HS.
Number of roots: 5001
Number of cross-edges: 311
Insertion into hashtable over.
num of superComponents: 5312
Reversing the paths using eulerian tour 
Input tree not connected. num_comp: 5001
Selected Algorithm: HS_ET_ET
Finding Replacement edges using HS.
Number of roots: 1
Number of cross-edges: 5000
Insertion into hashtable over.
num of superComponents: 5001
Reversing the paths using eulerian tour 

Total execution time for Insertion: 9.39805 ms.

Function execution times:
Time of HS: Find Repl edges : 4.53 ms
Time of ET: Orientation : 2.05 ms
Time of Eulerian Tour : 1.43 ms
Time of Finding unique comps : 1.00 ms
Time of Pointer Jumping : 0.31 ms
Time of Path Reversal : 0.04 ms
Time of Hashtable insertion : 0.02 ms
Time of Update rep array : 0.01 ms

Executing validate part.
numComp in the graph: 1


filename: as-Skitter.egr
Root: 298554
The input parent array is a BFS tree.
Number of deleted tree edges: 7200
numVert: 1696415, num_edges: 22192106 and delete batch size: 10000

Root: 298554
Selected Algorithm: HS_ET_ET
Finding Replacement edges using HS.
Number of roots: 7001
Number of cross-edges: 200
Insertion into hashtable over.
num of superComponents: 7201
Reversing the paths using eulerian tour 
Input tree not connected. num_comp: 7001
Selected Algorithm: HS_ET_ET
Finding Replacement edges using HS.
Number of roots: 1
Number of cross-edges: 7000
Insertion into hashtable over.
num of superComponents: 7001
Reversing the paths using eulerian tour 

Total execution time for Insertion: 11.4363 ms.

Function execution times:
Time of HS: Find Repl edges : 6.00 ms
Time of ET: Orientation : 2.69 ms
Time of Eulerian Tour : 1.36 ms
Time of Finding unique comps : 1.00 ms
Time of Pointer Jumping : 0.31 ms
Time of Path Reversal : 0.04 ms
Time of Hashtable insertion : 0.02 ms
Time of Update rep array : 0.01 ms

Executing validate part.
numComp in the graph: 1


filename: as-Skitter.egr
Root: 5019
The input parent array is a BFS tree.
Number of deleted tree edges: 48
numVert: 1696415, num_edges: 22192106 and delete batch size: 100

Root: 5019
Selected Algorithm: HS_ET_ET
Finding Replacement edges using HS.
Number of roots: 43
Number of cross-edges: 6
Insertion into hashtable over.
num of superComponents: 49
Reversing the paths using eulerian tour 
Input tree not connected. num_comp: 43
Selected Algorithm: HS_ET_ET
Finding Replacement edges using HS.
Number of roots: 1
Number of cross-edges: 42
Insertion into hashtable over.
num of superComponents: 43
Reversing the paths using eulerian tour 

Total execution time for Insertion: 4.57558 ms.

Function execution times:
Time of HS: Find Repl edges : 1.67 ms
Time of Eulerian Tour : 1.34 ms
Time of Finding unique comps : 1.00 ms
Time of Pointer Jumping : 0.31 ms
Time of ET: Orientation : 0.20 ms
Time of Path Reversal : 0.04 ms
Time of Hashtable insertion : 0.01 ms
Time of Update rep array : 0.01 ms

Executing validate part.
numComp in the graph: 1


filename: as-Skitter.egr
Root: 1419730
The input parent array is a BFS tree.
Number of deleted tree edges: 54
numVert: 1696415, num_edges: 22192106 and delete batch size: 100

Root: 1419730
Selected Algorithm: HS_ET_ET
Finding Replacement edges using HS.
Number of roots: 54
Number of cross-edges: 1
Insertion into hashtable over.
num of superComponents: 55
Reversing the paths using eulerian tour 
Input tree not connected. num_comp: 54
Selected Algorithm: HS_ET_ET
Finding Replacement edges using HS.
Number of roots: 1
Number of cross-edges: 53
Insertion into hashtable over.
num of superComponents: 54
Reversing the paths using eulerian tour 

Total execution time for Insertion: 4.48337 ms.

Function execution times:
Time of HS: Find Repl edges : 1.49 ms
Time of Eulerian Tour : 1.42 ms
Time of Finding unique comps : 1.01 ms
Time of Pointer Jumping : 0.31 ms
Time of ET: Orientation : 0.20 ms
Time of Path Reversal : 0.04 ms
Time of Hashtable insertion : 0.01 ms
Time of Update rep array : 0.01 ms

Executing validate part.
numComp in the graph: 1


filename: as-Skitter.egr
Root: 1238660
The input parent array is a BFS tree.
Number of deleted tree edges: 68
numVert: 1696415, num_edges: 22192106 and delete batch size: 100

Root: 1238660
Selected Algorithm: HS_ET_ET
Finding Replacement edges using HS.
Number of roots: 69
Number of cross-edges: 0
Input tree not connected. num_comp: 69
Selected Algorithm: HS_ET_ET
Finding Replacement edges using HS.
Number of roots: 1
Number of cross-edges: 68
Insertion into hashtable over.
num of superComponents: 69
Reversing the paths using eulerian tour 

Total execution time for Insertion: 5.94624 ms.

Function execution times:
Time of HS: Find Repl edges : 2.91 ms
Time of Eulerian Tour : 1.45 ms
Time of Finding unique comps : 1.01 ms
Time of Pointer Jumping : 0.31 ms
Time of ET: Orientation : 0.21 ms
Time of Path Reversal : 0.04 ms
Time of Hashtable insertion : 0.01 ms
Time of Update rep array : 0.01 ms

Executing validate part.
numComp in the graph: 1


filename: as-Skitter.egr
Root: 247978
The input parent array is a BFS tree.
Number of deleted tree edges: 46
numVert: 1696415, num_edges: 22192106 and delete batch size: 100

Root: 247978
Selected Algorithm: HS_ET_ET
Finding Replacement edges using HS.
Number of roots: 46
Number of cross-edges: 1
Insertion into hashtable over.
num of superComponents: 47
Reversing the paths using eulerian tour 
Input tree not connected. num_comp: 46
Selected Algorithm: HS_ET_ET
Finding Replacement edges using HS.
Number of roots: 1
Number of cross-edges: 45
Insertion into hashtable over.
num of superComponents: 46
Reversing the paths using eulerian tour 

Total execution time for Insertion: 6.05781 ms.

Function execution times:
Time of HS: Find Repl edges : 3.10 ms
Time of Eulerian Tour : 1.40 ms
Time of Finding unique comps : 1.00 ms
Time of Pointer Jumping : 0.31 ms
Time of ET: Orientation : 0.20 ms
Time of Path Reversal : 0.04 ms
Time of Hashtable insertion : 0.01 ms
Time of Update rep array : 0.01 ms

Executing validate part.
numComp in the graph: 1


filename: as-Skitter.egr
Root: 805629
The input parent array is a BFS tree.
Number of deleted tree edges: 55
numVert: 1696415, num_edges: 22192106 and delete batch size: 100

Root: 805629
Selected Algorithm: HS_ET_ET
Finding Replacement edges using HS.
Number of roots: 50
Number of cross-edges: 6
Insertion into hashtable over.
num of superComponents: 56
Reversing the paths using eulerian tour 
Input tree not connected. num_comp: 50
Selected Algorithm: HS_ET_ET
Finding Replacement edges using HS.
Number of roots: 1
Number of cross-edges: 49
Insertion into hashtable over.
num of superComponents: 50
Reversing the paths using eulerian tour 

Total execution time for Insertion: 5.64023 ms.

Function execution times:
Time of HS: Find Repl edges : 2.64 ms
Time of Eulerian Tour : 1.44 ms
Time of Finding unique comps : 1.00 ms
Time of Pointer Jumping : 0.31 ms
Time of ET: Orientation : 0.20 ms
Time of Path Reversal : 0.04 ms
Time of Hashtable insertion : 0.01 ms
Time of Update rep array : 0.01 ms

Executing validate part.
numComp in the graph: 1


filename: as-Skitter.egr
Root: 807182
The input parent array is a BFS tree.
Number of deleted tree edges: 490
numVert: 1696415, num_edges: 22192106 and delete batch size: 1000

Root: 807182
Selected Algorithm: HS_ET_ET
Finding Replacement edges using HS.
Number of roots: 451
Number of cross-edges: 40
Insertion into hashtable over.
num of superComponents: 491
Reversing the paths using eulerian tour 
Input tree not connected. num_comp: 451
Selected Algorithm: HS_ET_ET
Finding Replacement edges using HS.
Number of roots: 1
Number of cross-edges: 450
Insertion into hashtable over.
num of superComponents: 451
Reversing the paths using eulerian tour 

Total execution time for Insertion: 7.766 ms.

Function execution times:
Time of HS: Find Repl edges : 4.71 ms
Time of Eulerian Tour : 1.45 ms
Time of Finding unique comps : 1.01 ms
Time of Pointer Jumping : 0.31 ms
Time of ET: Orientation : 0.22 ms
Time of Path Reversal : 0.04 ms
Time of Hashtable insertion : 0.01 ms
Time of Update rep array : 0.01 ms

Executing validate part.
numComp in the graph: 1


filename: as-Skitter.egr
Root: 27943
The input parent array is a BFS tree.
Number of deleted tree edges: 607
numVert: 1696415, num_edges: 22192106 and delete batch size: 1000

Root: 27943
Selected Algorithm: HS_ET_ET
Finding Replacement edges using HS.
Number of roots: 571
Number of cross-edges: 37
Insertion into hashtable over.
num of superComponents: 608
Reversing the paths using eulerian tour 
Input tree not connected. num_comp: 571
Selected Algorithm: HS_ET_ET
Finding Replacement edges using HS.
Number of roots: 1
Number of cross-edges: 570
Insertion into hashtable over.
num of superComponents: 571
Reversing the paths using eulerian tour 

Total execution time for Insertion: 6.81304 ms.

Function execution times:
Time of HS: Find Repl edges : 3.77 ms
Time of Eulerian Tour : 1.44 ms
Time of Finding unique comps : 1.00 ms
Time of Pointer Jumping : 0.31 ms
Time of ET: Orientation : 0.22 ms
Time of Path Reversal : 0.04 ms
Time of Hashtable insertion : 0.01 ms
Time of Update rep array : 0.01 ms

Executing validate part.
numComp in the graph: 1


filename: as-Skitter.egr
Root: 1308002
The input parent array is a BFS tree.
Number of deleted tree edges: 659
numVert: 1696415, num_edges: 22192106 and delete batch size: 1000

Root: 1308002
Selected Algorithm: HS_ET_ET
Finding Replacement edges using HS.
Number of roots: 641
Number of cross-edges: 19
Insertion into hashtable over.
num of superComponents: 660
Reversing the paths using eulerian tour 
Input tree not connected. num_comp: 641
Selected Algorithm: HS_ET_ET
Finding Replacement edges using HS.
Number of roots: 1
Number of cross-edges: 640
Insertion into hashtable over.
num of superComponents: 641
Reversing the paths using eulerian tour 

Total execution time for Insertion: 5.71939 ms.

Function execution times:
Time of HS: Find Repl edges : 2.72 ms
Time of Eulerian Tour : 1.41 ms
Time of Finding unique comps : 0.99 ms
Time of Pointer Jumping : 0.31 ms
Time of ET: Orientation : 0.22 ms
Time of Path Reversal : 0.04 ms
Time of Hashtable insertion : 0.01 ms
Time of Update rep array : 0.01 ms

Executing validate part.
numComp in the graph: 1


filename: as-Skitter.egr
Root: 1621538
The input parent array is a BFS tree.
Number of deleted tree edges: 441
numVert: 1696415, num_edges: 22192106 and delete batch size: 1000

Root: 1621538
Selected Algorithm: HS_ET_ET
Finding Replacement edges using HS.
Number of roots: 401
Number of cross-edges: 41
Insertion into hashtable over.
num of superComponents: 442
Reversing the paths using eulerian tour 
Input tree not connected. num_comp: 401
Selected Algorithm: HS_ET_ET
Finding Replacement edges using HS.
Number of roots: 1
Number of cross-edges: 400
Insertion into hashtable over.
num of superComponents: 401
Reversing the paths using eulerian tour 

Total execution time for Insertion: 4.93571 ms.

Function execution times:
Time of HS: Find Repl edges : 1.90 ms
Time of Eulerian Tour : 1.45 ms
Time of Finding unique comps : 1.00 ms
Time of Pointer Jumping : 0.31 ms
Time of ET: Orientation : 0.22 ms
Time of Path Reversal : 0.04 ms
Time of Hashtable insertion : 0.01 ms
Time of Update rep array : 0.01 ms

Executing validate part.
numComp in the graph: 1


filename: as-Skitter.egr
Root: 1130265
The input parent array is a BFS tree.
Number of deleted tree edges: 525
numVert: 1696415, num_edges: 22192106 and delete batch size: 1000

Root: 1130265
Selected Algorithm: HS_ET_ET
Finding Replacement edges using HS.
Number of roots: 491
Number of cross-edges: 35
Insertion into hashtable over.
num of superComponents: 526
Reversing the paths using eulerian tour 
Input tree not connected. num_comp: 491
Selected Algorithm: HS_ET_ET
Finding Replacement edges using HS.
Number of roots: 1
Number of cross-edges: 490
Insertion into hashtable over.
num of superComponents: 491
Reversing the paths using eulerian tour 

Total execution time for Insertion: 5.61753 ms.

Function execution times:
Time of HS: Find Repl edges : 2.60 ms
Time of Eulerian Tour : 1.42 ms
Time of Finding unique comps : 1.00 ms
Time of Pointer Jumping : 0.31 ms
Time of ET: Orientation : 0.22 ms
Time of Path Reversal : 0.04 ms
Time of Hashtable insertion : 0.01 ms
Time of Update rep array : 0.01 ms

Executing validate part.
numComp in the graph: 1
