

filename: com-Orkut.egr
Root: 410502
The input parent array is a BFS tree.
Number of deleted tree edges: 64769
numVert: 3072441, num_edges: 234370166 and delete batch size: 100000

Root: 410502
Selected Algorithm: HS_ET_ET
Finding Replacement edges using HS.
Number of roots: 64001
Number of cross-edges: 769
Insertion into hashtable over.
num of superComponents: 64770
Reversing the paths using eulerian tour 
Input tree not connected. num_comp: 64001
Selected Algorithm: HS_ET_ET
Finding Replacement edges using HS.
Number of roots: 1
Number of cross-edges: 64000
Insertion into hashtable over.
num of superComponents: 64001
Reversing the paths using eulerian tour 

Total execution time for Insertion: 19.3478 ms.

Function execution times:
Time of HS: Find Repl edges : 8.65 ms
Time of Eulerian Tour : 4.59 ms
Time of ET: Orientation : 4.34 ms
Time of Finding unique comps : 1.00 ms
Time of Pointer Jumping : 0.64 ms
Time of Path Reversal : 0.08 ms
Time of Hashtable insertion : 0.03 ms
Time of Update rep array : 0.02 ms

Executing validate part.
numComp in the graph: 1


filename: com-Orkut.egr
Root: 1759606
The input parent array is a BFS tree.
Number of deleted tree edges: 54966
numVert: 3072441, num_edges: 234370166 and delete batch size: 100000

Root: 1759606
Selected Algorithm: HS_ET_ET
Finding Replacement edges using HS.
Number of roots: 54001
Number of cross-edges: 966
Insertion into hashtable over.
num of superComponents: 54967
Reversing the paths using eulerian tour 
Input tree not connected. num_comp: 54001
Selected Algorithm: HS_ET_ET
Finding Replacement edges using HS.
Number of roots: 1
Number of cross-edges: 54000
Insertion into hashtable over.
num of superComponents: 54001
Reversing the paths using eulerian tour 

Total execution time for Insertion: 17.3221 ms.

Function execution times:
Time of HS: Find Repl edges : 6.07 ms
Time of Eulerian Tour : 4.64 ms
Time of ET: Orientation : 4.32 ms
Time of Finding unique comps : 1.52 ms
Time of Pointer Jumping : 0.64 ms
Time of Path Reversal : 0.08 ms
Time of Hashtable insertion : 0.03 ms
Time of Update rep array : 0.02 ms

Executing validate part.
numComp in the graph: 1


filename: com-Orkut.egr
Root: 823905
The input parent array is a BFS tree.
Number of deleted tree edges: 43275
numVert: 3072441, num_edges: 234370166 and delete batch size: 100000

Root: 823905
Selected Algorithm: HS_ET_ET
Finding Replacement edges using HS.
Number of roots: 42001
Number of cross-edges: 1275
Insertion into hashtable over.
num of superComponents: 43276
Reversing the paths using eulerian tour 
Input tree not connected. num_comp: 42001
Selected Algorithm: HS_ET_ET
Finding Replacement edges using HS.
Number of roots: 1
Number of cross-edges: 42000
Insertion into hashtable over.
num of superComponents: 42001
Reversing the paths using eulerian tour 

Total execution time for Insertion: 15.1505 ms.

Function execution times:
Time of HS: Find Repl edges : 5.89 ms
Time of Eulerian Tour : 4.36 ms
Time of ET: Orientation : 3.18 ms
Time of Finding unique comps : 1.00 ms
Time of Pointer Jumping : 0.60 ms
Time of Path Reversal : 0.07 ms
Time of Hashtable insertion : 0.03 ms
Time of Update rep array : 0.01 ms

Executing validate part.
numComp in the graph: 1


filename: com-Orkut.egr
Root: 2963049
The input parent array is a BFS tree.
Number of deleted tree edges: 55033
numVert: 3072441, num_edges: 234370166 and delete batch size: 100000

Root: 2963049
Selected Algorithm: HS_ET_ET
Finding Replacement edges using HS.
Number of roots: 54001
Number of cross-edges: 1033
Insertion into hashtable over.
num of superComponents: 55034
Reversing the paths using eulerian tour 
Input tree not connected. num_comp: 54001
Selected Algorithm: HS_ET_ET
Finding Replacement edges using HS.
Number of roots: 1
Number of cross-edges: 54000
Insertion into hashtable over.
num of superComponents: 54001
Reversing the paths using eulerian tour 

Total execution time for Insertion: 17.0038 ms.

Function execution times:
Time of HS: Find Repl edges : 6.23 ms
Time of Eulerian Tour : 4.69 ms
Time of ET: Orientation : 4.32 ms
Time of Finding unique comps : 1.01 ms
Time of Pointer Jumping : 0.64 ms
Time of Path Reversal : 0.08 ms
Time of Hashtable insertion : 0.03 ms
Time of Update rep array : 0.02 ms

Executing validate part.
numComp in the graph: 1


filename: com-Orkut.egr
Root: 2226348
The input parent array is a BFS tree.
Number of deleted tree edges: 53002
numVert: 3072441, num_edges: 234370166 and delete batch size: 100000

Root: 2226348
Selected Algorithm: HS_ET_ET
Finding Replacement edges using HS.
Number of roots: 52001
Number of cross-edges: 1002
Insertion into hashtable over.
num of superComponents: 53003
Reversing the paths using eulerian tour 
Input tree not connected. num_comp: 52001
Selected Algorithm: HS_ET_ET
Finding Replacement edges using HS.
Number of roots: 1
Number of cross-edges: 52000
Insertion into hashtable over.
num of superComponents: 52001
Reversing the paths using eulerian tour 

Total execution time for Insertion: 19.2604 ms.

Function execution times:
Time of HS: Find Repl edges : 7.52 ms
Time of ET: Orientation : 5.37 ms
Time of Eulerian Tour : 4.62 ms
Time of Finding unique comps : 1.00 ms
Time of Pointer Jumping : 0.64 ms
Time of Path Reversal : 0.07 ms
Time of Hashtable insertion : 0.03 ms
Time of Update rep array : 0.01 ms

Executing validate part.
numComp in the graph: 1


filename: com-Orkut.egr
Root: 1820714
The input parent array is a BFS tree.
Number of deleted tree edges: 4415
numVert: 3072441, num_edges: 234370166 and delete batch size: 10000

Root: 1820714
Selected Algorithm: HS_ET_ET
Finding Replacement edges using HS.
Number of roots: 4301
Number of cross-edges: 115
Insertion into hashtable over.
num of superComponents: 4416
Reversing the paths using eulerian tour 
Input tree not connected. num_comp: 4301
Selected Algorithm: HS_ET_ET
Finding Replacement edges using HS.
Number of roots: 1
Number of cross-edges: 4300
Insertion into hashtable over.
num of superComponents: 4301
Reversing the paths using eulerian tour 

Total execution time for Insertion: 14.7527 ms.

Function execution times:
Time of HS: Find Repl edges : 5.51 ms
Time of Eulerian Tour : 4.65 ms
Time of ET: Orientation : 2.85 ms
Time of Finding unique comps : 1.01 ms
Time of Pointer Jumping : 0.63 ms
Time of Path Reversal : 0.07 ms
Time of Hashtable insertion : 0.02 ms
Time of Update rep array : 0.01 ms

Executing validate part.
numComp in the graph: 1


filename: com-Orkut.egr
Root: 26014
The input parent array is a BFS tree.
Number of deleted tree edges: 4228
numVert: 3072441, num_edges: 234370166 and delete batch size: 10000

Root: 26014
Selected Algorithm: HS_ET_ET
Finding Replacement edges using HS.
Number of roots: 4101
Number of cross-edges: 128
Insertion into hashtable over.
num of superComponents: 4229
Reversing the paths using eulerian tour 
Input tree not connected. num_comp: 4101
Selected Algorithm: HS_ET_ET
Finding Replacement edges using HS.
Number of roots: 1
Number of cross-edges: 4100
Insertion into hashtable over.
num of superComponents: 4101
Reversing the paths using eulerian tour 

Total execution time for Insertion: 14.6961 ms.

Function execution times:
Time of HS: Find Repl edges : 5.39 ms
Time of Eulerian Tour : 4.58 ms
Time of ET: Orientation : 2.97 ms
Time of Finding unique comps : 1.01 ms
Time of Pointer Jumping : 0.63 ms
Time of Path Reversal : 0.08 ms
Time of Hashtable insertion : 0.02 ms
Time of Update rep array : 0.02 ms

Executing validate part.
numComp in the graph: 1


filename: com-Orkut.egr
Root: 1335809
The input parent array is a BFS tree.
Number of deleted tree edges: 5693
numVert: 3072441, num_edges: 234370166 and delete batch size: 10000

Root: 1335809
Selected Algorithm: HS_ET_ET
Finding Replacement edges using HS.
Number of roots: 5601
Number of cross-edges: 93
Insertion into hashtable over.
num of superComponents: 5694
Reversing the paths using eulerian tour 
Input tree not connected. num_comp: 5601
Selected Algorithm: HS_ET_ET
Finding Replacement edges using HS.
Number of roots: 1
Number of cross-edges: 5600
Insertion into hashtable over.
num of superComponents: 5601
Reversing the paths using eulerian tour 

Total execution time for Insertion: 12.8485 ms.

Function execution times:
Time of Eulerian Tour : 4.64 ms
Time of ET: Orientation : 3.62 ms
Time of HS: Find Repl edges : 2.85 ms
Time of Finding unique comps : 1.00 ms
Time of Pointer Jumping : 0.63 ms
Time of Path Reversal : 0.07 ms
Time of Hashtable insertion : 0.02 ms
Time of Update rep array : 0.01 ms

Executing validate part.
numComp in the graph: 1


filename: com-Orkut.egr
Root: 287992
The input parent array is a BFS tree.
Number of deleted tree edges: 4711
numVert: 3072441, num_edges: 234370166 and delete batch size: 10000

Root: 287992
Selected Algorithm: HS_ET_ET
Finding Replacement edges using HS.
Number of roots: 4601
Number of cross-edges: 111
Insertion into hashtable over.
num of superComponents: 4712
Reversing the paths using eulerian tour 
Input tree not connected. num_comp: 4601
Selected Algorithm: HS_ET_ET
Finding Replacement edges using HS.
Number of roots: 1
Number of cross-edges: 4600
Insertion into hashtable over.
num of superComponents: 4601
Reversing the paths using eulerian tour 

Total execution time for Insertion: 11.4055 ms.

Function execution times:
Time of Eulerian Tour : 3.70 ms
Time of HS: Find Repl edges : 3.36 ms
Time of ET: Orientation : 2.61 ms
Time of Finding unique comps : 1.01 ms
Time of Pointer Jumping : 0.63 ms
Time of Path Reversal : 0.06 ms
Time of Hashtable insertion : 0.02 ms
Time of Update rep array : 0.01 ms

Executing validate part.
numComp in the graph: 1


filename: com-Orkut.egr
Root: 968273
The input parent array is a BFS tree.
Number of deleted tree edges: 5093
numVert: 3072441, num_edges: 234370166 and delete batch size: 10000

Root: 968273
Selected Algorithm: HS_ET_ET
Finding Replacement edges using HS.
Number of roots: 5001
Number of cross-edges: 93
Insertion into hashtable over.
num of superComponents: 5094
Reversing the paths using eulerian tour 
Input tree not connected. num_comp: 5001
Selected Algorithm: HS_ET_ET
Finding Replacement edges using HS.
Number of roots: 1
Number of cross-edges: 5000
Insertion into hashtable over.
num of superComponents: 5001
Reversing the paths using eulerian tour 

Total execution time for Insertion: 12.893 ms.

Function execution times:
Time of Eulerian Tour : 4.69 ms
Time of HS: Find Repl edges : 3.49 ms
Time of ET: Orientation : 2.97 ms
Time of Finding unique comps : 1.00 ms
Time of Pointer Jumping : 0.63 ms
Time of Path Reversal : 0.08 ms
Time of Hashtable insertion : 0.02 ms
Time of Update rep array : 0.01 ms

Executing validate part.
numComp in the graph: 1


filename: com-Orkut.egr
Root: 908089
The input parent array is a BFS tree.
Number of deleted tree edges: 42
numVert: 3072441, num_edges: 234370166 and delete batch size: 100

Root: 908089
Selected Algorithm: HS_ET_ET
Finding Replacement edges using HS.
Number of roots: 43
Number of cross-edges: 0
Input tree not connected. num_comp: 43
Selected Algorithm: HS_ET_ET
Finding Replacement edges using HS.
Number of roots: 1
Number of cross-edges: 42
Insertion into hashtable over.
num of superComponents: 43
Reversing the paths using eulerian tour 

Total execution time for Insertion: 10.1528 ms.

Function execution times:
Time of Eulerian Tour : 4.70 ms
Time of HS: Find Repl edges : 3.43 ms
Time of Finding unique comps : 1.00 ms
Time of Pointer Jumping : 0.63 ms
Time of ET: Orientation : 0.29 ms
Time of Path Reversal : 0.08 ms
Time of Hashtable insertion : 0.02 ms
Time of Update rep array : 0.01 ms

Executing validate part.
numComp in the graph: 1


filename: com-Orkut.egr
Root: 1985094
The input parent array is a BFS tree.
Number of deleted tree edges: 52
numVert: 3072441, num_edges: 234370166 and delete batch size: 100

Root: 1985094
Selected Algorithm: HS_ET_ET
Finding Replacement edges using HS.
Number of roots: 52
Number of cross-edges: 1
Insertion into hashtable over.
num of superComponents: 53
Reversing the paths using eulerian tour 
Input tree not connected. num_comp: 52
Selected Algorithm: HS_ET_ET
Finding Replacement edges using HS.
Number of roots: 1
Number of cross-edges: 51
Insertion into hashtable over.
num of superComponents: 52
Reversing the paths using eulerian tour 

Total execution time for Insertion: 9.67997 ms.

Function execution times:
Time of Eulerian Tour : 4.74 ms
Time of HS: Find Repl edges : 2.93 ms
Time of Finding unique comps : 1.01 ms
Time of Pointer Jumping : 0.63 ms
Time of ET: Orientation : 0.27 ms
Time of Path Reversal : 0.07 ms
Time of Hashtable insertion : 0.01 ms
Time of Update rep array : 0.01 ms

Executing validate part.
numComp in the graph: 1


filename: com-Orkut.egr
Root: 1489983
The input parent array is a BFS tree.
Number of deleted tree edges: 55
numVert: 3072441, num_edges: 234370166 and delete batch size: 100

Root: 1489983
Selected Algorithm: HS_ET_ET
Finding Replacement edges using HS.
Number of roots: 55
Number of cross-edges: 1
Insertion into hashtable over.
num of superComponents: 56
Reversing the paths using eulerian tour 
Input tree not connected. num_comp: 55
Selected Algorithm: HS_ET_ET
Finding Replacement edges using HS.
Number of roots: 1
Number of cross-edges: 54
Insertion into hashtable over.
num of superComponents: 55
Reversing the paths using eulerian tour 

Total execution time for Insertion: 9.83948 ms.

Function execution times:
Time of Eulerian Tour : 4.40 ms
Time of HS: Find Repl edges : 3.49 ms
Time of Finding unique comps : 1.00 ms
Time of Pointer Jumping : 0.60 ms
Time of ET: Orientation : 0.26 ms
Time of Path Reversal : 0.07 ms
Time of Hashtable insertion : 0.01 ms
Time of Update rep array : 0.01 ms

Executing validate part.
numComp in the graph: 1


filename: com-Orkut.egr
Root: 2222914
The input parent array is a BFS tree.
Number of deleted tree edges: 46
numVert: 3072441, num_edges: 234370166 and delete batch size: 100

Root: 2222914
Selected Algorithm: HS_ET_ET
Finding Replacement edges using HS.
Number of roots: 45
Number of cross-edges: 2
Insertion into hashtable over.
num of superComponents: 47
Reversing the paths using eulerian tour 
Input tree not connected. num_comp: 45
Selected Algorithm: HS_ET_ET
Finding Replacement edges using HS.
Number of roots: 1
Number of cross-edges: 44
Insertion into hashtable over.
num of superComponents: 45
Reversing the paths using eulerian tour 

Total execution time for Insertion: 10.5881 ms.

Function execution times:
Time of Eulerian Tour : 4.65 ms
Time of HS: Find Repl edges : 3.93 ms
Time of Finding unique comps : 1.01 ms
Time of Pointer Jumping : 0.64 ms
Time of ET: Orientation : 0.26 ms
Time of Path Reversal : 0.07 ms
Time of Hashtable insertion : 0.02 ms
Time of Update rep array : 0.01 ms

Executing validate part.
numComp in the graph: 1


filename: com-Orkut.egr
Root: 1431610
The input parent array is a BFS tree.
Number of deleted tree edges: 60
numVert: 3072441, num_edges: 234370166 and delete batch size: 100

Root: 1431610
Selected Algorithm: HS_ET_ET
Finding Replacement edges using HS.
Number of roots: 60
Number of cross-edges: 1
Insertion into hashtable over.
num of superComponents: 61
Reversing the paths using eulerian tour 
Input tree not connected. num_comp: 60
Selected Algorithm: HS_ET_ET
Finding Replacement edges using HS.
Number of roots: 1
Number of cross-edges: 59
Insertion into hashtable over.
num of superComponents: 60
Reversing the paths using eulerian tour 

Total execution time for Insertion: 8.7058 ms.

Function execution times:
Time of Eulerian Tour : 4.15 ms
Time of HS: Find Repl edges : 2.66 ms
Time of Finding unique comps : 1.00 ms
Time of Pointer Jumping : 0.56 ms
Time of ET: Orientation : 0.24 ms
Time of Path Reversal : 0.06 ms
Time of Hashtable insertion : 0.01 ms
Time of Update rep array : 0.01 ms

Executing validate part.
numComp in the graph: 1


filename: com-Orkut.egr
Root: 557229
The input parent array is a BFS tree.
Number of deleted tree edges: 637
numVert: 3072441, num_edges: 234370166 and delete batch size: 1000

Root: 557229
Selected Algorithm: HS_ET_ET
Finding Replacement edges using HS.
Number of roots: 631
Number of cross-edges: 7
Insertion into hashtable over.
num of superComponents: 638
Reversing the paths using eulerian tour 
Input tree not connected. num_comp: 631
Selected Algorithm: HS_ET_ET
Finding Replacement edges using HS.
Number of roots: 1
Number of cross-edges: 630
Insertion into hashtable over.
num of superComponents: 631
Reversing the paths using eulerian tour 

Total execution time for Insertion: 14.9238 ms.

Function execution times:
Time of HS: Find Repl edges : 8.52 ms
Time of Eulerian Tour : 4.40 ms
Time of Finding unique comps : 1.01 ms
Time of Pointer Jumping : 0.59 ms
Time of ET: Orientation : 0.29 ms
Time of Path Reversal : 0.07 ms
Time of Hashtable insertion : 0.02 ms
Time of Update rep array : 0.01 ms

Executing validate part.
numComp in the graph: 1


filename: com-Orkut.egr
Root: 2307579
The input parent array is a BFS tree.
Number of deleted tree edges: 533
numVert: 3072441, num_edges: 234370166 and delete batch size: 1000

Root: 2307579
Selected Algorithm: HS_ET_ET
Finding Replacement edges using HS.
Number of roots: 521
Number of cross-edges: 13
Insertion into hashtable over.
num of superComponents: 534
Reversing the paths using eulerian tour 
Input tree not connected. num_comp: 521
Selected Algorithm: HS_ET_ET
Finding Replacement edges using HS.
Number of roots: 1
Number of cross-edges: 520
Insertion into hashtable over.
num of superComponents: 521
Reversing the paths using eulerian tour 

Total execution time for Insertion: 10.7098 ms.

Function execution times:
Time of Eulerian Tour : 4.78 ms
Time of HS: Find Repl edges : 3.89 ms
Time of Finding unique comps : 1.00 ms
Time of Pointer Jumping : 0.63 ms
Time of ET: Orientation : 0.30 ms
Time of Path Reversal : 0.07 ms
Time of Hashtable insertion : 0.02 ms
Time of Update rep array : 0.01 ms

Executing validate part.
numComp in the graph: 1


filename: com-Orkut.egr
Root: 1138322
The input parent array is a BFS tree.
Number of deleted tree edges: 676
numVert: 3072441, num_edges: 234370166 and delete batch size: 1000

Root: 1138322
Selected Algorithm: HS_ET_ET
Finding Replacement edges using HS.
Number of roots: 671
Number of cross-edges: 6
Insertion into hashtable over.
num of superComponents: 677
Reversing the paths using eulerian tour 
Input tree not connected. num_comp: 671
Selected Algorithm: HS_ET_ET
Finding Replacement edges using HS.
Number of roots: 1
Number of cross-edges: 670
Insertion into hashtable over.
num of superComponents: 671
Reversing the paths using eulerian tour 

Total execution time for Insertion: 8.67489 ms.

Function execution times:
Time of Eulerian Tour : 4.50 ms
Time of HS: Find Repl edges : 2.19 ms
Time of Finding unique comps : 1.01 ms
Time of Pointer Jumping : 0.60 ms
Time of ET: Orientation : 0.26 ms
Time of Path Reversal : 0.07 ms
Time of Hashtable insertion : 0.02 ms
Time of Update rep array : 0.01 ms

Executing validate part.
numComp in the graph: 187


filename: com-Orkut.egr
Root: 2590795
The input parent array is a BFS tree.
Number of deleted tree edges: 624
numVert: 3072441, num_edges: 234370166 and delete batch size: 1000

Root: 2590795
Selected Algorithm: HS_ET_ET
Finding Replacement edges using HS.
Number of roots: 621
Number of cross-edges: 4
Insertion into hashtable over.
num of superComponents: 625
Reversing the paths using eulerian tour 
Input tree not connected. num_comp: 621
Selected Algorithm: HS_ET_ET
Finding Replacement edges using HS.
Number of roots: 1
Number of cross-edges: 620
Insertion into hashtable over.
num of superComponents: 621
Reversing the paths using eulerian tour 

Total execution time for Insertion: 9.64353 ms.

Function execution times:
Time of Eulerian Tour : 4.71 ms
Time of HS: Find Repl edges : 2.91 ms
Time of Finding unique comps : 1.01 ms
Time of Pointer Jumping : 0.63 ms
Time of ET: Orientation : 0.30 ms
Time of Path Reversal : 0.06 ms
Time of Hashtable insertion : 0.02 ms
Time of Update rep array : 0.01 ms

Executing validate part.
numComp in the graph: 1


filename: com-Orkut.egr
Root: 1016288
The input parent array is a BFS tree.
Number of deleted tree edges: 587
numVert: 3072441, num_edges: 234370166 and delete batch size: 1000

Root: 1016288
Selected Algorithm: HS_ET_ET
Finding Replacement edges using HS.
Number of roots: 581
Number of cross-edges: 7
Insertion into hashtable over.
num of superComponents: 588
Reversing the paths using eulerian tour 
Input tree not connected. num_comp: 581
Selected Algorithm: HS_ET_ET
Finding Replacement edges using HS.
Number of roots: 1
Number of cross-edges: 580
Insertion into hashtable over.
num of superComponents: 581
Reversing the paths using eulerian tour 

Total execution time for Insertion: 11.513 ms.

Function execution times:
Time of Eulerian Tour : 4.77 ms
Time of HS: Find Repl edges : 4.71 ms
Time of Finding unique comps : 1.00 ms
Time of Pointer Jumping : 0.63 ms
Time of ET: Orientation : 0.29 ms
Time of Path Reversal : 0.08 ms
Time of Hashtable insertion : 0.02 ms
Time of Update rep array : 0.01 ms

Executing validate part.
numComp in the graph: 1
