

filename: kron_g500-logn21.egr
Root: 118926
The input parent array is a BFS tree.
Number of deleted tree edges: 60362
numVert: 2097152, num_edges: 183188180 and delete batch size: 100000

Root: 118926
Selected Algorithm: HS_ET_ET
Finding Replacement edges using HS.
Number of roots: 60001
Number of cross-edges: 362
Insertion into hashtable over.
num of superComponents: 60363
Reversing the paths using eulerian tour 
Input tree not connected. num_comp: 60001
Selected Algorithm: HS_ET_ET
Finding Replacement edges using HS.
Number of roots: 1
Number of cross-edges: 60000
Insertion into hashtable over.
num of superComponents: 60001
Reversing the paths using eulerian tour 

Total execution time for Insertion: 13.3698 ms.

Function execution times:
Time of HS: Find Repl edges : 7.03 ms
Time of ET: Orientation : 2.86 ms
Time of Eulerian Tour : 2.02 ms
Time of Finding unique comps : 1.02 ms
Time of Pointer Jumping : 0.35 ms
Time of Path Reversal : 0.06 ms
Time of Hashtable insertion : 0.03 ms
Time of Update rep array : 0.01 ms

Executing validate part.
numComp in the graph: 1


filename: kron_g500-logn21.egr
Root: 2045963
The input parent array is a BFS tree.
Number of deleted tree edges: 40569
numVert: 2097152, num_edges: 183188180 and delete batch size: 100000

Root: 2045963
Selected Algorithm: HS_ET_ET
Finding Replacement edges using HS.
Number of roots: 40001
Number of cross-edges: 569
Insertion into hashtable over.
num of superComponents: 40570
Reversing the paths using eulerian tour 
Input tree not connected. num_comp: 40001
Selected Algorithm: HS_ET_ET
Finding Replacement edges using HS.
Number of roots: 1
Number of cross-edges: 40000
Insertion into hashtable over.
num of superComponents: 40001
Reversing the paths using eulerian tour 

Total execution time for Insertion: 11.4698 ms.

Function execution times:
Time of HS: Find Repl edges : 5.20 ms
Time of ET: Orientation : 2.84 ms
Time of Eulerian Tour : 1.98 ms
Time of Finding unique comps : 1.00 ms
Time of Pointer Jumping : 0.35 ms
Time of Path Reversal : 0.06 ms
Time of Hashtable insertion : 0.02 ms
Time of Update rep array : 0.01 ms

Executing validate part.
numComp in the graph: 1


filename: kron_g500-logn21.egr
Root: 1461135
The input parent array is a BFS tree.
Number of deleted tree edges: 45532
numVert: 2097152, num_edges: 183188180 and delete batch size: 100000

Root: 1461135
Selected Algorithm: HS_ET_ET
Finding Replacement edges using HS.
Number of roots: 45001
Number of cross-edges: 532
Insertion into hashtable over.
num of superComponents: 45533
Reversing the paths using eulerian tour 
Input tree not connected. num_comp: 45001
Selected Algorithm: HS_ET_ET
Finding Replacement edges using HS.
Number of roots: 1
Number of cross-edges: 45000
Insertion into hashtable over.
num of superComponents: 45001
Reversing the paths using eulerian tour 

Total execution time for Insertion: 11.8943 ms.

Function execution times:
Time of HS: Find Repl edges : 6.64 ms
Time of Eulerian Tour : 2.03 ms
Time of ET: Orientation : 1.78 ms
Time of Finding unique comps : 1.00 ms
Time of Pointer Jumping : 0.36 ms
Time of Path Reversal : 0.05 ms
Time of Hashtable insertion : 0.02 ms
Time of Update rep array : 0.01 ms

Executing validate part.
numComp in the graph: 1


filename: kron_g500-logn21.egr
Root: 1611824
The input parent array is a BFS tree.
Number of deleted tree edges: 56000
numVert: 2097152, num_edges: 183188180 and delete batch size: 100000

Root: 1611824
Selected Algorithm: HS_ET_ET
Finding Replacement edges using HS.
Number of roots: 56001
Number of cross-edges: 0
Input tree not connected. num_comp: 56001
Selected Algorithm: HS_ET_ET
Finding Replacement edges using HS.
Number of roots: 1
Number of cross-edges: 56000
Insertion into hashtable over.
num of superComponents: 56001
Reversing the paths using eulerian tour 

Total execution time for Insertion: 12.2724 ms.

Function execution times:
Time of HS: Find Repl edges : 5.90 ms
Time of ET: Orientation : 2.87 ms
Time of Eulerian Tour : 2.01 ms
Time of Finding unique comps : 1.01 ms
Time of Pointer Jumping : 0.37 ms
Time of Path Reversal : 0.07 ms
Time of Hashtable insertion : 0.03 ms
Time of Update rep array : 0.01 ms

Executing validate part.
numComp in the graph: 1


filename: kron_g500-logn21.egr
Root: 1747378
The input parent array is a BFS tree.
Number of deleted tree edges: 50000
numVert: 2097152, num_edges: 183188180 and delete batch size: 100000

Root: 1747378
Selected Algorithm: HS_ET_ET
Finding Replacement edges using HS.
Number of roots: 50001
Number of cross-edges: 0
Input tree not connected. num_comp: 50001
Selected Algorithm: HS_ET_ET
Finding Replacement edges using HS.
Number of roots: 1
Number of cross-edges: 50000
Insertion into hashtable over.
num of superComponents: 50001
Reversing the paths using eulerian tour 

Total execution time for Insertion: 15.5062 ms.

Function execution times:
Time of HS: Find Repl edges : 10.22 ms
Time of Eulerian Tour : 2.01 ms
Time of ET: Orientation : 1.79 ms
Time of Finding unique comps : 1.00 ms
Time of Pointer Jumping : 0.37 ms
Time of Path Reversal : 0.07 ms
Time of Hashtable insertion : 0.03 ms
Time of Update rep array : 0.01 ms

Executing validate part.
numComp in the graph: 20


filename: kron_g500-logn21.egr
Root: 673678
The input parent array is a BFS tree.
Number of deleted tree edges: 6131
numVert: 2097152, num_edges: 183188180 and delete batch size: 10000

Root: 673678
Selected Algorithm: HS_ET_ET
Finding Replacement edges using HS.
Number of roots: 6101
Number of cross-edges: 31
Insertion into hashtable over.
num of superComponents: 6132
Reversing the paths using eulerian tour 
Input tree not connected. num_comp: 6101
Selected Algorithm: HS_ET_ET
Finding Replacement edges using HS.
Number of roots: 1
Number of cross-edges: 6100
Insertion into hashtable over.
num of superComponents: 6101
Reversing the paths using eulerian tour 

Total execution time for Insertion: 10.122 ms.

Function execution times:
Time of HS: Find Repl edges : 4.66 ms
Time of Eulerian Tour : 2.08 ms
Time of ET: Orientation : 1.94 ms
Time of Finding unique comps : 1.01 ms
Time of Pointer Jumping : 0.36 ms
Time of Path Reversal : 0.05 ms
Time of Hashtable insertion : 0.02 ms
Time of Update rep array : 0.01 ms

Executing validate part.
numComp in the graph: 1


filename: kron_g500-logn21.egr
Root: 1812815
The input parent array is a BFS tree.
Number of deleted tree edges: 6925
numVert: 2097152, num_edges: 183188180 and delete batch size: 10000

Root: 1812815
Selected Algorithm: HS_ET_ET
Finding Replacement edges using HS.
Number of roots: 6900
Number of cross-edges: 26
Insertion into hashtable over.
num of superComponents: 6926
Reversing the paths using eulerian tour 
Input tree not connected. num_comp: 6900
Selected Algorithm: HS_ET_ET
Finding Replacement edges using HS.
Number of roots: 1
Number of cross-edges: 6899
Insertion into hashtable over.
num of superComponents: 6900
Reversing the paths using eulerian tour 

Total execution time for Insertion: 11.1341 ms.

Function execution times:
Time of HS: Find Repl edges : 5.41 ms
Time of ET: Orientation : 2.25 ms
Time of Eulerian Tour : 2.02 ms
Time of Finding unique comps : 1.01 ms
Time of Pointer Jumping : 0.36 ms
Time of Path Reversal : 0.05 ms
Time of Hashtable insertion : 0.02 ms
Time of Update rep array : 0.01 ms

Executing validate part.
numComp in the graph: 1


filename: kron_g500-logn21.egr
Root: 1824294
The input parent array is a BFS tree.
Number of deleted tree edges: 4700
numVert: 2097152, num_edges: 183188180 and delete batch size: 10000

Root: 1824294
Selected Algorithm: HS_ET_ET
Finding Replacement edges using HS.
Number of roots: 4701
Number of cross-edges: 0
Input tree not connected. num_comp: 4701
Selected Algorithm: HS_ET_ET
Finding Replacement edges using HS.
Number of roots: 1
Number of cross-edges: 4700
Insertion into hashtable over.
num of superComponents: 4701
Reversing the paths using eulerian tour 

Total execution time for Insertion: 11.43 ms.

Function execution times:
Time of HS: Find Repl edges : 6.20 ms
Time of Eulerian Tour : 2.01 ms
Time of ET: Orientation : 1.76 ms
Time of Finding unique comps : 0.99 ms
Time of Pointer Jumping : 0.36 ms
Time of Path Reversal : 0.07 ms
Time of Hashtable insertion : 0.02 ms
Time of Update rep array : 0.01 ms

Executing validate part.
numComp in the graph: 1


filename: kron_g500-logn21.egr
Root: 671333
The input parent array is a BFS tree.
Number of deleted tree edges: 6145
numVert: 2097152, num_edges: 183188180 and delete batch size: 10000

Root: 671333
Selected Algorithm: HS_ET_ET
Finding Replacement edges using HS.
Number of roots: 6101
Number of cross-edges: 45
Insertion into hashtable over.
num of superComponents: 6146
Reversing the paths using eulerian tour 
Input tree not connected. num_comp: 6101
Selected Algorithm: HS_ET_ET
Finding Replacement edges using HS.
Number of roots: 1
Number of cross-edges: 6100
Insertion into hashtable over.
num of superComponents: 6101
Reversing the paths using eulerian tour 

Total execution time for Insertion: 10.0884 ms.

Function execution times:
Time of HS: Find Repl edges : 4.17 ms
Time of ET: Orientation : 2.43 ms
Time of Eulerian Tour : 2.04 ms
Time of Finding unique comps : 1.01 ms
Time of Pointer Jumping : 0.35 ms
Time of Path Reversal : 0.05 ms
Time of Hashtable insertion : 0.02 ms
Time of Update rep array : 0.01 ms

Executing validate part.
numComp in the graph: 1


filename: kron_g500-logn21.egr
Root: 322377
The input parent array is a BFS tree.
Number of deleted tree edges: 5044
numVert: 2097152, num_edges: 183188180 and delete batch size: 10000

Root: 322377
Selected Algorithm: HS_ET_ET
Finding Replacement edges using HS.
Number of roots: 5001
Number of cross-edges: 44
Insertion into hashtable over.
num of superComponents: 5045
Reversing the paths using eulerian tour 
Input tree not connected. num_comp: 5001
Selected Algorithm: HS_ET_ET
Finding Replacement edges using HS.
Number of roots: 1
Number of cross-edges: 5000
Insertion into hashtable over.
num of superComponents: 5001
Reversing the paths using eulerian tour 

Total execution time for Insertion: 10.0511 ms.

Function execution times:
Time of HS: Find Repl edges : 4.88 ms
Time of Eulerian Tour : 2.02 ms
Time of ET: Orientation : 1.71 ms
Time of Finding unique comps : 1.00 ms
Time of Pointer Jumping : 0.36 ms
Time of Path Reversal : 0.05 ms
Time of Hashtable insertion : 0.02 ms
Time of Update rep array : 0.01 ms

Executing validate part.
numComp in the graph: 1


filename: kron_g500-logn21.egr
Root: 482376
The input parent array is a BFS tree.
Number of deleted tree edges: 54
numVert: 2097152, num_edges: 183188180 and delete batch size: 100

Root: 482376
Selected Algorithm: HS_ET_ET
Finding Replacement edges using HS.
Number of roots: 55
Number of cross-edges: 0
Input tree not connected. num_comp: 55
Selected Algorithm: HS_ET_ET
Finding Replacement edges using HS.
Number of roots: 1
Number of cross-edges: 54
Insertion into hashtable over.
num of superComponents: 55
Reversing the paths using eulerian tour 

Total execution time for Insertion: 5.34275 ms.

Function execution times:
Time of Eulerian Tour : 2.03 ms
Time of HS: Find Repl edges : 1.66 ms
Time of Finding unique comps : 1.00 ms
Time of Pointer Jumping : 0.36 ms
Time of ET: Orientation : 0.22 ms
Time of Path Reversal : 0.05 ms
Time of Hashtable insertion : 0.01 ms
Time of Update rep array : 0.01 ms

Executing validate part.
numComp in the graph: 1


filename: kron_g500-logn21.egr
Root: 1791367
The input parent array is a BFS tree.
Number of deleted tree edges: 65
numVert: 2097152, num_edges: 183188180 and delete batch size: 100

Root: 1791367
Selected Algorithm: HS_ET_ET
Finding Replacement edges using HS.
Number of roots: 66
Number of cross-edges: 0
Input tree not connected. num_comp: 66
Selected Algorithm: HS_ET_ET
Finding Replacement edges using HS.
Number of roots: 1
Number of cross-edges: 65
Insertion into hashtable over.
num of superComponents: 66
Reversing the paths using eulerian tour 

Total execution time for Insertion: 5.39903 ms.

Function execution times:
Time of Eulerian Tour : 2.04 ms
Time of HS: Find Repl edges : 1.68 ms
Time of Finding unique comps : 1.00 ms
Time of Pointer Jumping : 0.37 ms
Time of ET: Orientation : 0.22 ms
Time of Path Reversal : 0.06 ms
Time of Hashtable insertion : 0.01 ms
Time of Update rep array : 0.01 ms

Executing validate part.
numComp in the graph: 1


filename: kron_g500-logn21.egr
Root: 112345
The input parent array is a BFS tree.
Number of deleted tree edges: 43
numVert: 2097152, num_edges: 183188180 and delete batch size: 100

Root: 112345
Selected Algorithm: HS_ET_ET
Finding Replacement edges using HS.
Number of roots: 44
Number of cross-edges: 0
Input tree not connected. num_comp: 44
Selected Algorithm: HS_ET_ET
Finding Replacement edges using HS.
Number of roots: 1
Number of cross-edges: 43
Insertion into hashtable over.
num of superComponents: 44
Reversing the paths using eulerian tour 

Total execution time for Insertion: 5.81543 ms.

Function execution times:
Time of HS: Find Repl edges : 2.16 ms
Time of Eulerian Tour : 2.01 ms
Time of Finding unique comps : 1.00 ms
Time of Pointer Jumping : 0.36 ms
Time of ET: Orientation : 0.22 ms
Time of Path Reversal : 0.05 ms
Time of Hashtable insertion : 0.01 ms
Time of Update rep array : 0.01 ms

Executing validate part.
numComp in the graph: 1


filename: kron_g500-logn21.egr
Root: 900593
The input parent array is a BFS tree.
Number of deleted tree edges: 56
numVert: 2097152, num_edges: 183188180 and delete batch size: 100

Root: 900593
Selected Algorithm: HS_ET_ET
Finding Replacement edges using HS.
Number of roots: 57
Number of cross-edges: 0
Input tree not connected. num_comp: 57
Selected Algorithm: HS_ET_ET
Finding Replacement edges using HS.
Number of roots: 1
Number of cross-edges: 56
Insertion into hashtable over.
num of superComponents: 57
Reversing the paths using eulerian tour 

Total execution time for Insertion: 5.32908 ms.

Function execution times:
Time of Eulerian Tour : 2.03 ms
Time of HS: Find Repl edges : 1.64 ms
Time of Finding unique comps : 1.00 ms
Time of Pointer Jumping : 0.37 ms
Time of ET: Orientation : 0.22 ms
Time of Path Reversal : 0.05 ms
Time of Hashtable insertion : 0.01 ms
Time of Update rep array : 0.01 ms

Executing validate part.
numComp in the graph: 1


filename: kron_g500-logn21.egr
Root: 1028088
The input parent array is a BFS tree.
Number of deleted tree edges: 54
numVert: 2097152, num_edges: 183188180 and delete batch size: 100

Root: 1028088
Selected Algorithm: HS_ET_ET
Finding Replacement edges using HS.
Number of roots: 55
Number of cross-edges: 0
Input tree not connected. num_comp: 55
Selected Algorithm: HS_ET_ET
Finding Replacement edges using HS.
Number of roots: 1
Number of cross-edges: 54
Insertion into hashtable over.
num of superComponents: 55
Reversing the paths using eulerian tour 

Total execution time for Insertion: 5.61015 ms.

Function execution times:
Time of Eulerian Tour : 2.21 ms
Time of HS: Find Repl edges : 1.74 ms
Time of Finding unique comps : 1.00 ms
Time of Pointer Jumping : 0.36 ms
Time of ET: Orientation : 0.22 ms
Time of Path Reversal : 0.05 ms
Time of Hashtable insertion : 0.01 ms
Time of Update rep array : 0.01 ms

Executing validate part.
numComp in the graph: 1


filename: kron_g500-logn21.egr
Root: 1512783
The input parent array is a BFS tree.
Number of deleted tree edges: 575
numVert: 2097152, num_edges: 183188180 and delete batch size: 1000

Root: 1512783
Selected Algorithm: HS_ET_ET
Finding Replacement edges using HS.
Number of roots: 571
Number of cross-edges: 5
Insertion into hashtable over.
num of superComponents: 576
Reversing the paths using eulerian tour 
Input tree not connected. num_comp: 571
Selected Algorithm: HS_ET_ET
Finding Replacement edges using HS.
Number of roots: 1
Number of cross-edges: 570
Insertion into hashtable over.
num of superComponents: 571
Reversing the paths using eulerian tour 

Total execution time for Insertion: 6.23836 ms.

Function execution times:
Time of HS: Find Repl edges : 2.59 ms
Time of Eulerian Tour : 1.99 ms
Time of Finding unique comps : 1.00 ms
Time of Pointer Jumping : 0.36 ms
Time of ET: Orientation : 0.22 ms
Time of Path Reversal : 0.05 ms
Time of Hashtable insertion : 0.01 ms
Time of Update rep array : 0.01 ms

Executing validate part.
numComp in the graph: 1


filename: kron_g500-logn21.egr
Root: 1180303
The input parent array is a BFS tree.
Number of deleted tree edges: 550
numVert: 2097152, num_edges: 183188180 and delete batch size: 1000

Root: 1180303
Selected Algorithm: HS_ET_ET
Finding Replacement edges using HS.
Number of roots: 551
Number of cross-edges: 0
Input tree not connected. num_comp: 551
Selected Algorithm: HS_ET_ET
Finding Replacement edges using HS.
Number of roots: 1
Number of cross-edges: 550
Insertion into hashtable over.
num of superComponents: 551
Reversing the paths using eulerian tour 

Total execution time for Insertion: 6.53373 ms.

Function execution times:
Time of HS: Find Repl edges : 2.81 ms
Time of Eulerian Tour : 2.02 ms
Time of Finding unique comps : 1.00 ms
Time of Pointer Jumping : 0.37 ms
Time of ET: Orientation : 0.25 ms
Time of Path Reversal : 0.06 ms
Time of Hashtable insertion : 0.01 ms
Time of Update rep array : 0.01 ms

Executing validate part.
numComp in the graph: 1


filename: kron_g500-logn21.egr
Root: 1730593
The input parent array is a BFS tree.
Number of deleted tree edges: 623
numVert: 2097152, num_edges: 183188180 and delete batch size: 1000

Root: 1730593
Selected Algorithm: HS_ET_ET
Finding Replacement edges using HS.
Number of roots: 621
Number of cross-edges: 3
Insertion into hashtable over.
num of superComponents: 624
Reversing the paths using eulerian tour 
Input tree not connected. num_comp: 621
Selected Algorithm: HS_ET_ET
Finding Replacement edges using HS.
Number of roots: 1
Number of cross-edges: 620
Insertion into hashtable over.
num of superComponents: 621
Reversing the paths using eulerian tour 

Total execution time for Insertion: 7.84966 ms.

Function execution times:
Time of Eulerian Tour : 4.26 ms
Time of HS: Find Repl edges : 1.94 ms
Time of Finding unique comps : 1.00 ms
Time of Pointer Jumping : 0.36 ms
Time of ET: Orientation : 0.22 ms
Time of Path Reversal : 0.04 ms
Time of Hashtable insertion : 0.01 ms
Time of Update rep array : 0.01 ms

Executing validate part.
numComp in the graph: 1


filename: kron_g500-logn21.egr
Root: 1333824
The input parent array is a BFS tree.
Number of deleted tree edges: 621
numVert: 2097152, num_edges: 183188180 and delete batch size: 1000

Root: 1333824
Selected Algorithm: HS_ET_ET
Finding Replacement edges using HS.
Number of roots: 621
Number of cross-edges: 1
Insertion into hashtable over.
num of superComponents: 622
Reversing the paths using eulerian tour 
Input tree not connected. num_comp: 621
Selected Algorithm: HS_ET_ET
Finding Replacement edges using HS.
Number of roots: 1
Number of cross-edges: 620
Insertion into hashtable over.
num of superComponents: 621
Reversing the paths using eulerian tour 

Total execution time for Insertion: 7.15099 ms.

Function execution times:
Time of HS: Find Repl edges : 3.50 ms
Time of Eulerian Tour : 1.99 ms
Time of Finding unique comps : 1.00 ms
Time of Pointer Jumping : 0.36 ms
Time of ET: Orientation : 0.23 ms
Time of Path Reversal : 0.05 ms
Time of Hashtable insertion : 0.01 ms
Time of Update rep array : 0.01 ms

Executing validate part.
numComp in the graph: 1


filename: kron_g500-logn21.egr
Root: 606358
The input parent array is a BFS tree.
Number of deleted tree edges: 463
numVert: 2097152, num_edges: 183188180 and delete batch size: 1000

Root: 606358
Selected Algorithm: HS_ET_ET
Finding Replacement edges using HS.
Number of roots: 461
Number of cross-edges: 3
Insertion into hashtable over.
num of superComponents: 464
Reversing the paths using eulerian tour 
Input tree not connected. num_comp: 461
Selected Algorithm: HS_ET_ET
Finding Replacement edges using HS.
Number of roots: 1
Number of cross-edges: 460
Insertion into hashtable over.
num of superComponents: 461
Reversing the paths using eulerian tour 

Total execution time for Insertion: 5.89207 ms.

Function execution times:
Time of HS: Find Repl edges : 2.20 ms
Time of Eulerian Tour : 2.04 ms
Time of Finding unique comps : 1.00 ms
Time of Pointer Jumping : 0.36 ms
Time of ET: Orientation : 0.22 ms
Time of Path Reversal : 0.05 ms
Time of Hashtable insertion : 0.01 ms
Time of Update rep array : 0.01 ms

Executing validate part.
numComp in the graph: 1
