filename: eu-2005.egr
Number of deleted tree edges: 5084
numVert: 862664, num_edges: 32276936 and delete batch size: 100000

Total execution time of all functions: 15.2778 ms.

Function execution times:
Time of Super graph Creation : 6.29 ms
Time of Eulerian Tour : 5.10 ms
Time of PR-RST module : 2.61 ms
Time of update data structure : 0.61 ms
Time of Pointer Jumping : 0.53 ms
Time of Update rep array : 0.08 ms
Time of Path Reversal : 0.05 ms
Time of Hash Table look up : 0.02 ms


filename: eu-2005.egr
Number of deleted tree edges: 5088
numVert: 862664, num_edges: 32276936 and delete batch size: 100000

Total execution time of all functions: 13.4412 ms.

Function execution times:
Time of Super graph Creation : 6.01 ms
Time of Eulerian Tour : 4.70 ms
Time of PR-RST module : 1.89 ms
Time of update data structure : 0.51 ms
Time of Pointer Jumping : 0.26 ms
Time of Path Reversal : 0.04 ms
Time of Hash Table look up : 0.02 ms
Time of Update rep array : 0.01 ms


filename: eu-2005.egr
Number of deleted tree edges: 5084
numVert: 862664, num_edges: 32276936 and delete batch size: 100000

Total execution time of all functions: 13.0365 ms.

Function execution times:
Time of Super graph Creation : 5.85 ms
Time of Eulerian Tour : 4.45 ms
Time of PR-RST module : 1.91 ms
Time of update data structure : 0.50 ms
Time of Pointer Jumping : 0.26 ms
Time of Path Reversal : 0.04 ms
Time of Hash Table look up : 0.02 ms
Time of Update rep array : 0.01 ms


filename: eu-2005.egr
Number of deleted tree edges: 5157
numVert: 862664, num_edges: 32276936 and delete batch size: 100000

Total execution time of all functions: 15.1526 ms.

Function execution times:
Time of Super graph Creation : 6.04 ms
Time of Eulerian Tour : 4.53 ms
Time of PR-RST module : 3.41 ms
Time of update data structure : 0.63 ms
Time of Pointer Jumping : 0.39 ms
Time of Path Reversal : 0.09 ms
Time of Update rep array : 0.03 ms
Time of Hash Table look up : 0.03 ms


filename: eu-2005.egr
Number of deleted tree edges: 5153
numVert: 862664, num_edges: 32276936 and delete batch size: 100000

Total execution time of all functions: 13.1812 ms.

Function execution times:
Time of Super graph Creation : 5.83 ms
Time of Eulerian Tour : 4.63 ms
Time of PR-RST module : 1.89 ms
Time of update data structure : 0.50 ms
Time of Pointer Jumping : 0.26 ms
Time of Path Reversal : 0.04 ms
Time of Hash Table look up : 0.01 ms
Time of Update rep array : 0.01 ms


filename: eu-2005.egr
Number of deleted tree edges: 529
numVert: 862664, num_edges: 32276936 and delete batch size: 10000

Total execution time of all functions: 13.2922 ms.

Function execution times:
Time of Super graph Creation : 6.21 ms
Time of Eulerian Tour : 4.42 ms
Time of PR-RST module : 1.86 ms
Time of update data structure : 0.47 ms
Time of Pointer Jumping : 0.26 ms
Time of Path Reversal : 0.04 ms
Time of Hash Table look up : 0.01 ms
Time of Update rep array : 0.01 ms


filename: eu-2005.egr
Number of deleted tree edges: 510
numVert: 862664, num_edges: 32276936 and delete batch size: 10000

Total execution time of all functions: 18.2852 ms.

Function execution times:
Time of Super graph Creation : 6.80 ms
Time of Eulerian Tour : 5.69 ms
Time of PR-RST module : 4.51 ms
Time of Pointer Jumping : 0.69 ms
Time of update data structure : 0.52 ms
Time of Path Reversal : 0.04 ms
Time of Update rep array : 0.02 ms
Time of Hash Table look up : 0.01 ms


filename: eu-2005.egr
Number of deleted tree edges: 494
numVert: 862664, num_edges: 32276936 and delete batch size: 10000

Total execution time of all functions: 13.2077 ms.

Function execution times:
Time of Super graph Creation : 6.29 ms
Time of Eulerian Tour : 4.75 ms
Time of PR-RST module : 0.95 ms
Time of Pointer Jumping : 0.68 ms
Time of update data structure : 0.46 ms
Time of Path Reversal : 0.04 ms
Time of Update rep array : 0.02 ms
Time of Hash Table look up : 0.01 ms


filename: eu-2005.egr
Number of deleted tree edges: 513
numVert: 862664, num_edges: 32276936 and delete batch size: 10000

Total execution time of all functions: 12.7554 ms.

Function execution times:
Time of Super graph Creation : 6.37 ms
Time of Eulerian Tour : 4.57 ms
Time of PR-RST module : 1.03 ms
Time of update data structure : 0.47 ms
Time of Pointer Jumping : 0.26 ms
Time of Path Reversal : 0.04 ms
Time of Hash Table look up : 0.02 ms
Time of Update rep array : 0.01 ms


filename: eu-2005.egr
Number of deleted tree edges: 510
numVert: 862664, num_edges: 32276936 and delete batch size: 10000

Total execution time of all functions: 13.0471 ms.

Function execution times:
Time of Super graph Creation : 6.38 ms
Time of Eulerian Tour : 4.54 ms
Time of PR-RST module : 0.96 ms
Time of Pointer Jumping : 0.62 ms
Time of update data structure : 0.47 ms
Time of Path Reversal : 0.04 ms
Time of Update rep array : 0.03 ms
Time of Hash Table look up : 0.01 ms


filename: eu-2005.egr
Number of deleted tree edges: 10
numVert: 862664, num_edges: 32276936 and delete batch size: 100

Total execution time of all functions: 13.4606 ms.

Function execution times:
Time of Super graph Creation : 7.72 ms
Time of Eulerian Tour : 4.57 ms
Time of update data structure : 0.46 ms
Time of PR-RST module : 0.36 ms
Time of Pointer Jumping : 0.29 ms
Time of Path Reversal : 0.04 ms
Time of Update rep array : 0.01 ms
Time of Hash Table look up : 0.01 ms


filename: eu-2005.egr
Number of deleted tree edges: 3
numVert: 862664, num_edges: 32276936 and delete batch size: 100

Total execution time of all functions: 10.0993 ms.

Function execution times:
Time of Eulerian Tour : 4.54 ms
Time of Super graph Creation : 4.51 ms
Time of update data structure : 0.45 ms
Time of PR-RST module : 0.28 ms
Time of Pointer Jumping : 0.26 ms
Time of Path Reversal : 0.03 ms
Time of Hash Table look up : 0.01 ms
Time of Update rep array : 0.01 ms


filename: eu-2005.egr
Number of deleted tree edges: 3
numVert: 862664, num_edges: 32276936 and delete batch size: 100

Total execution time of all functions: 13.3246 ms.

Function execution times:
Time of Super graph Creation : 6.52 ms
Time of Eulerian Tour : 5.65 ms
Time of update data structure : 0.51 ms
Time of PR-RST module : 0.30 ms
Time of Pointer Jumping : 0.29 ms
Time of Path Reversal : 0.04 ms
Time of Hash Table look up : 0.01 ms
Time of Update rep array : 0.01 ms


filename: eu-2005.egr
Number of deleted tree edges: 5
numVert: 862664, num_edges: 32276936 and delete batch size: 100

Total execution time of all functions: 13.672 ms.

Function execution times:
Time of Super graph Creation : 8.01 ms
Time of Eulerian Tour : 4.58 ms
Time of update data structure : 0.46 ms
Time of PR-RST module : 0.31 ms
Time of Pointer Jumping : 0.26 ms
Time of Path Reversal : 0.03 ms
Time of Hash Table look up : 0.01 ms
Time of Update rep array : 0.01 ms


filename: eu-2005.egr
Number of deleted tree edges: 5
numVert: 862664, num_edges: 32276936 and delete batch size: 100

Total execution time of all functions: 14.732 ms.

Function execution times:
Time of Super graph Creation : 9.05 ms
Time of Eulerian Tour : 4.58 ms
Time of update data structure : 0.46 ms
Time of PR-RST module : 0.32 ms
Time of Pointer Jumping : 0.26 ms
Time of Path Reversal : 0.03 ms
Time of Hash Table look up : 0.01 ms
Time of Update rep array : 0.01 ms


filename: eu-2005.egr
Number of deleted tree edges: 54
numVert: 862664, num_edges: 32276936 and delete batch size: 1000

Total execution time of all functions: 13.0389 ms.

Function execution times:
Time of Super graph Creation : 6.94 ms
Time of Eulerian Tour : 4.58 ms
Time of PR-RST module : 0.72 ms
Time of update data structure : 0.47 ms
Time of Pointer Jumping : 0.26 ms
Time of Path Reversal : 0.04 ms
Time of Hash Table look up : 0.01 ms
Time of Update rep array : 0.01 ms


filename: eu-2005.egr
Number of deleted tree edges: 61
numVert: 862664, num_edges: 32276936 and delete batch size: 1000

Total execution time of all functions: 13.0091 ms.

Function execution times:
Time of Super graph Creation : 6.95 ms
Time of Eulerian Tour : 4.56 ms
Time of PR-RST module : 0.72 ms
Time of update data structure : 0.47 ms
Time of Pointer Jumping : 0.26 ms
Time of Path Reversal : 0.04 ms
Time of Hash Table look up : 0.01 ms
Time of Update rep array : 0.01 ms


filename: eu-2005.egr
Number of deleted tree edges: 45
numVert: 862664, num_edges: 32276936 and delete batch size: 1000

Total execution time of all functions: 13.8499 ms.

Function execution times:
Time of Super graph Creation : 7.95 ms
Time of Eulerian Tour : 4.38 ms
Time of PR-RST module : 0.72 ms
Time of update data structure : 0.47 ms
Time of Pointer Jumping : 0.27 ms
Time of Path Reversal : 0.04 ms
Time of Hash Table look up : 0.01 ms
Time of Update rep array : 0.01 ms


filename: eu-2005.egr
Number of deleted tree edges: 55
numVert: 862664, num_edges: 32276936 and delete batch size: 1000

Total execution time of all functions: 17.4467 ms.

Function execution times:
Time of Super graph Creation : 8.20 ms
Time of Eulerian Tour : 5.78 ms
Time of PR-RST module : 2.06 ms
Time of Pointer Jumping : 0.71 ms
Time of update data structure : 0.53 ms
Time of Path Reversal : 0.11 ms
Time of Hash Table look up : 0.05 ms
Time of Update rep array : 0.02 ms


filename: eu-2005.egr
Number of deleted tree edges: 55
numVert: 862664, num_edges: 32276936 and delete batch size: 1000

Total execution time of all functions: 13.214 ms.

Function execution times:
Time of Super graph Creation : 7.14 ms
Time of Eulerian Tour : 4.58 ms
Time of PR-RST module : 0.72 ms
Time of update data structure : 0.46 ms
Time of Pointer Jumping : 0.26 ms
Time of Path Reversal : 0.04 ms
Time of Hash Table look up : 0.01 ms
Time of Update rep array : 0.01 ms
