filename: higgs-twitter.egr
Number of deleted tree edges: 3416
numVert: 456626, num_edges: 25017136 and delete batch size: 100000

Total execution time of all functions: 11.2148 ms.

Function execution times:
Time of Super graph Creation : 5.54 ms
Time of Eulerian Tour : 3.55 ms
Time of PR-RST module : 1.33 ms
Time of update data structure : 0.48 ms
Time of Pointer Jumping : 0.26 ms
Time of Path Reversal : 0.05 ms
Time of Hash Table look up : 0.01 ms
Time of Update rep array : 0.01 ms


filename: higgs-twitter.egr
Number of deleted tree edges: 3492
numVert: 456626, num_edges: 25017136 and delete batch size: 100000

Total execution time of all functions: 14.2815 ms.

Function execution times:
Time of Super graph Creation : 6.46 ms
Time of Eulerian Tour : 5.15 ms
Time of PR-RST module : 1.61 ms
Time of update data structure : 0.63 ms
Time of Pointer Jumping : 0.33 ms
Time of Path Reversal : 0.06 ms
Time of Hash Table look up : 0.02 ms
Time of Update rep array : 0.01 ms


filename: higgs-twitter.egr
Number of deleted tree edges: 3352
numVert: 456626, num_edges: 25017136 and delete batch size: 100000

Total execution time of all functions: 11.2739 ms.

Function execution times:
Time of Super graph Creation : 5.23 ms
Time of Eulerian Tour : 3.87 ms
Time of PR-RST module : 1.35 ms
Time of update data structure : 0.49 ms
Time of Pointer Jumping : 0.26 ms
Time of Path Reversal : 0.05 ms
Time of Hash Table look up : 0.01 ms
Time of Update rep array : 0.01 ms


filename: higgs-twitter.egr
Number of deleted tree edges: 3429
numVert: 456626, num_edges: 25017136 and delete batch size: 100000

Total execution time of all functions: 10.9576 ms.

Function execution times:
Time of Super graph Creation : 5.09 ms
Time of Eulerian Tour : 3.75 ms
Time of PR-RST module : 1.31 ms
Time of update data structure : 0.48 ms
Time of Pointer Jumping : 0.26 ms
Time of Path Reversal : 0.05 ms
Time of Hash Table look up : 0.01 ms
Time of Update rep array : 0.01 ms


filename: higgs-twitter.egr
Number of deleted tree edges: 3421
numVert: 456626, num_edges: 25017136 and delete batch size: 100000

Total execution time of all functions: 11.3955 ms.

Function execution times:
Time of Super graph Creation : 5.10 ms
Time of Eulerian Tour : 3.67 ms
Time of PR-RST module : 1.82 ms
Time of update data structure : 0.47 ms
Time of Pointer Jumping : 0.26 ms
Time of Path Reversal : 0.05 ms
Time of Hash Table look up : 0.01 ms
Time of Update rep array : 0.01 ms


filename: higgs-twitter.egr
Number of deleted tree edges: 340
numVert: 456626, num_edges: 25017136 and delete batch size: 10000

Total execution time of all functions: 11.9304 ms.

Function execution times:
Time of Super graph Creation : 5.51 ms
Time of Eulerian Tour : 4.45 ms
Time of PR-RST module : 1.05 ms
Time of update data structure : 0.55 ms
Time of Pointer Jumping : 0.30 ms
Time of Path Reversal : 0.05 ms
Time of Hash Table look up : 0.01 ms
Time of Update rep array : 0.01 ms


filename: higgs-twitter.egr
Number of deleted tree edges: 360
numVert: 456626, num_edges: 25017136 and delete batch size: 10000

Total execution time of all functions: 10.8242 ms.

Function execution times:
Time of Super graph Creation : 5.03 ms
Time of Eulerian Tour : 3.99 ms
Time of PR-RST module : 0.98 ms
Time of update data structure : 0.48 ms
Time of Pointer Jumping : 0.27 ms
Time of Path Reversal : 0.04 ms
Time of Hash Table look up : 0.01 ms
Time of Update rep array : 0.01 ms


filename: higgs-twitter.egr
Number of deleted tree edges: 386
numVert: 456626, num_edges: 25017136 and delete batch size: 10000

Total execution time of all functions: 10.6875 ms.

Function execution times:
Time of Super graph Creation : 4.96 ms
Time of Eulerian Tour : 3.96 ms
Time of PR-RST module : 0.98 ms
Time of update data structure : 0.46 ms
Time of Pointer Jumping : 0.26 ms
Time of Path Reversal : 0.04 ms
Time of Hash Table look up : 0.01 ms
Time of Update rep array : 0.01 ms


filename: higgs-twitter.egr
Number of deleted tree edges: 360
numVert: 456626, num_edges: 25017136 and delete batch size: 10000

Total execution time of all functions: 13.783 ms.

Function execution times:
Time of Super graph Creation : 6.31 ms
Time of Eulerian Tour : 5.34 ms
Time of PR-RST module : 1.12 ms
Time of update data structure : 0.61 ms
Time of Pointer Jumping : 0.32 ms
Time of Path Reversal : 0.05 ms
Time of Hash Table look up : 0.01 ms
Time of Update rep array : 0.01 ms


filename: higgs-twitter.egr
Number of deleted tree edges: 348
numVert: 456626, num_edges: 25017136 and delete batch size: 10000

Total execution time of all functions: 11.4389 ms.

Function execution times:
Time of Super graph Creation : 4.95 ms
Time of Eulerian Tour : 4.68 ms
Time of PR-RST module : 1.00 ms
Time of update data structure : 0.48 ms
Time of Pointer Jumping : 0.26 ms
Time of Path Reversal : 0.04 ms
Time of Hash Table look up : 0.01 ms
Time of Update rep array : 0.01 ms


filename: higgs-twitter.egr
Number of deleted tree edges: 5
numVert: 456626, num_edges: 25017136 and delete batch size: 100

Total execution time of all functions: 14.1203 ms.

Function execution times:
Time of Super graph Creation : 9.12 ms
Time of Eulerian Tour : 3.91 ms
Time of update data structure : 0.45 ms
Time of PR-RST module : 0.33 ms
Time of Pointer Jumping : 0.26 ms
Time of Path Reversal : 0.03 ms
Time of Hash Table look up : 0.01 ms
Time of Update rep array : 0.01 ms


filename: higgs-twitter.egr
Number of deleted tree edges: 3
numVert: 456626, num_edges: 25017136 and delete batch size: 100

Total execution time of all functions: 15.044 ms.

Function execution times:
Time of Super graph Creation : 10.31 ms
Time of Eulerian Tour : 3.67 ms
Time of update data structure : 0.46 ms
Time of PR-RST module : 0.28 ms
Time of Pointer Jumping : 0.27 ms
Time of Path Reversal : 0.03 ms
Time of Update rep array : 0.01 ms
Time of Hash Table look up : 0.01 ms


filename: higgs-twitter.egr
Number of deleted tree edges: 2
numVert: 456626, num_edges: 25017136 and delete batch size: 100

Total execution time of all functions: 16.3453 ms.

Function execution times:
Time of Super graph Creation : 11.63 ms
Time of Eulerian Tour : 3.69 ms
Time of update data structure : 0.44 ms
Time of PR-RST module : 0.28 ms
Time of Pointer Jumping : 0.25 ms
Time of Path Reversal : 0.03 ms
Time of Hash Table look up : 0.01 ms
Time of Update rep array : 0.01 ms


filename: higgs-twitter.egr
Number of deleted tree edges: 4
numVert: 456626, num_edges: 25017136 and delete batch size: 100

Total execution time of all functions: 13.792 ms.

Function execution times:
Time of Super graph Creation : 9.01 ms
Time of Eulerian Tour : 3.72 ms
Time of update data structure : 0.44 ms
Time of PR-RST module : 0.32 ms
Time of Pointer Jumping : 0.25 ms
Time of Path Reversal : 0.04 ms
Time of Hash Table look up : 0.01 ms
Time of Update rep array : 0.01 ms


filename: higgs-twitter.egr
Number of deleted tree edges: 5
numVert: 456626, num_edges: 25017136 and delete batch size: 100

Total execution time of all functions: 17.1345 ms.

Function execution times:
Time of Super graph Creation : 12.22 ms
Time of Eulerian Tour : 3.67 ms
Time of PR-RST module : 0.50 ms
Time of update data structure : 0.44 ms
Time of Pointer Jumping : 0.25 ms
Time of Path Reversal : 0.03 ms
Time of Hash Table look up : 0.01 ms
Time of Update rep array : 0.01 ms


filename: higgs-twitter.egr
Number of deleted tree edges: 30
numVert: 456626, num_edges: 25017136 and delete batch size: 1000

Total execution time of all functions: 10.5708 ms.

Function execution times:
Time of Super graph Creation : 5.65 ms
Time of Eulerian Tour : 3.72 ms
Time of update data structure : 0.46 ms
Time of PR-RST module : 0.42 ms
Time of Pointer Jumping : 0.26 ms
Time of Path Reversal : 0.04 ms
Time of Hash Table look up : 0.01 ms
Time of Update rep array : 0.01 ms


filename: higgs-twitter.egr
Number of deleted tree edges: 36
numVert: 456626, num_edges: 25017136 and delete batch size: 1000

Total execution time of all functions: 13.7566 ms.

Function execution times:
Time of Super graph Creation : 7.13 ms
Time of Eulerian Tour : 5.16 ms
Time of update data structure : 0.57 ms
Time of PR-RST module : 0.51 ms
Time of Pointer Jumping : 0.31 ms
Time of Path Reversal : 0.04 ms
Time of Hash Table look up : 0.01 ms
Time of Update rep array : 0.01 ms


filename: higgs-twitter.egr
Number of deleted tree edges: 34
numVert: 456626, num_edges: 25017136 and delete batch size: 1000

Total execution time of all functions: 11.3278 ms.

Function execution times:
Time of Super graph Creation : 5.88 ms
Time of Eulerian Tour : 3.93 ms
Time of PR-RST module : 0.74 ms
Time of update data structure : 0.47 ms
Time of Pointer Jumping : 0.26 ms
Time of Path Reversal : 0.04 ms
Time of Hash Table look up : 0.01 ms
Time of Update rep array : 0.01 ms


filename: higgs-twitter.egr
Number of deleted tree edges: 30
numVert: 456626, num_edges: 25017136 and delete batch size: 1000

Total execution time of all functions: 10.3743 ms.

Function execution times:
Time of Super graph Creation : 5.52 ms
Time of Eulerian Tour : 3.71 ms
Time of update data structure : 0.44 ms
Time of PR-RST module : 0.40 ms
Time of Pointer Jumping : 0.25 ms
Time of Path Reversal : 0.04 ms
Time of Hash Table look up : 0.01 ms
Time of Update rep array : 0.01 ms


filename: higgs-twitter.egr
Number of deleted tree edges: 28
numVert: 456626, num_edges: 25017136 and delete batch size: 1000

Total execution time of all functions: 13.4224 ms.

Function execution times:
Time of Super graph Creation : 7.68 ms
Time of Eulerian Tour : 4.10 ms
Time of Pointer Jumping : 0.58 ms
Time of PR-RST module : 0.51 ms
Time of update data structure : 0.49 ms
Time of Path Reversal : 0.04 ms
Time of Hash Table look up : 0.01 ms
Time of Update rep array : 0.01 ms
