filename: in-2004.egr
Number of deleted tree edges: 7825
numVert: 1382908, num_edges: 27183212 and delete batch size: 100000

Total execution time of all functions: 14.5799 ms.

Function execution times:
Time of Eulerian Tour : 5.53 ms
Time of Super graph Creation : 5.31 ms
Time of PR-RST module : 3.00 ms
Time of update data structure : 0.36 ms
Time of Pointer Jumping : 0.30 ms
Time of Path Reversal : 0.05 ms
Time of Hash Table look up : 0.01 ms
Time of Update rep array : 0.01 ms


filename: in-2004.egr
Number of deleted tree edges: 7926
numVert: 1382908, num_edges: 27183212 and delete batch size: 100000

Total execution time of all functions: 14.2091 ms.

Function execution times:
Time of Eulerian Tour : 5.76 ms
Time of Super graph Creation : 5.26 ms
Time of PR-RST module : 2.43 ms
Time of update data structure : 0.37 ms
Time of Pointer Jumping : 0.31 ms
Time of Path Reversal : 0.05 ms
Time of Hash Table look up : 0.01 ms
Time of Update rep array : 0.01 ms


filename: in-2004.egr
Number of deleted tree edges: 7939
numVert: 1382908, num_edges: 27183212 and delete batch size: 100000

Total execution time of all functions: 15.1941 ms.

Function execution times:
Time of Eulerian Tour : 5.61 ms
Time of Super graph Creation : 5.35 ms
Time of PR-RST module : 3.50 ms
Time of update data structure : 0.35 ms
Time of Pointer Jumping : 0.30 ms
Time of Path Reversal : 0.05 ms
Time of Hash Table look up : 0.01 ms
Time of Update rep array : 0.01 ms


filename: in-2004.egr
Number of deleted tree edges: 7985
numVert: 1382908, num_edges: 27183212 and delete batch size: 100000

Total execution time of all functions: 14.3186 ms.

Function execution times:
Time of Eulerian Tour : 5.88 ms
Time of Super graph Creation : 5.27 ms
Time of PR-RST module : 2.43 ms
Time of update data structure : 0.35 ms
Time of Pointer Jumping : 0.31 ms
Time of Path Reversal : 0.05 ms
Time of Hash Table look up : 0.01 ms
Time of Update rep array : 0.01 ms


filename: in-2004.egr
Number of deleted tree edges: 8082
numVert: 1382908, num_edges: 27183212 and delete batch size: 100000

Total execution time of all functions: 19.3811 ms.

Function execution times:
Time of Eulerian Tour : 8.26 ms
Time of Super graph Creation : 7.20 ms
Time of PR-RST module : 2.94 ms
Time of update data structure : 0.47 ms
Time of Pointer Jumping : 0.41 ms
Time of Path Reversal : 0.07 ms
Time of Hash Table look up : 0.02 ms
Time of Update rep array : 0.01 ms


filename: in-2004.egr
Number of deleted tree edges: 817
numVert: 1382908, num_edges: 27183212 and delete batch size: 10000

Total execution time of all functions: 13.4035 ms.

Function execution times:
Time of Eulerian Tour : 5.86 ms
Time of Super graph Creation : 5.81 ms
Time of PR-RST module : 1.04 ms
Time of update data structure : 0.32 ms
Time of Pointer Jumping : 0.30 ms
Time of Path Reversal : 0.05 ms
Time of Hash Table look up : 0.02 ms
Time of Update rep array : 0.01 ms


filename: in-2004.egr
Number of deleted tree edges: 769
numVert: 1382908, num_edges: 27183212 and delete batch size: 10000

Total execution time of all functions: 13.7042 ms.

Function execution times:
Time of Eulerian Tour : 6.00 ms
Time of Super graph Creation : 5.53 ms
Time of PR-RST module : 1.46 ms
Time of update data structure : 0.34 ms
Time of Pointer Jumping : 0.30 ms
Time of Path Reversal : 0.05 ms
Time of Hash Table look up : 0.02 ms
Time of Update rep array : 0.01 ms


filename: in-2004.egr
Number of deleted tree edges: 775
numVert: 1382908, num_edges: 27183212 and delete batch size: 10000

Total execution time of all functions: 13.38 ms.

Function execution times:
Time of Eulerian Tour : 6.00 ms
Time of Super graph Creation : 5.63 ms
Time of PR-RST module : 1.06 ms
Time of update data structure : 0.33 ms
Time of Pointer Jumping : 0.30 ms
Time of Path Reversal : 0.05 ms
Time of Hash Table look up : 0.01 ms
Time of Update rep array : 0.01 ms


filename: in-2004.egr
Number of deleted tree edges: 829
numVert: 1382908, num_edges: 27183212 and delete batch size: 10000

Total execution time of all functions: 13.3737 ms.

Function execution times:
Time of Eulerian Tour : 5.82 ms
Time of Super graph Creation : 5.40 ms
Time of PR-RST module : 1.47 ms
Time of update data structure : 0.32 ms
Time of Pointer Jumping : 0.30 ms
Time of Path Reversal : 0.05 ms
Time of Hash Table look up : 0.01 ms
Time of Update rep array : 0.01 ms


filename: in-2004.egr
Number of deleted tree edges: 821
numVert: 1382908, num_edges: 27183212 and delete batch size: 10000

Total execution time of all functions: 13.4598 ms.

Function execution times:
Time of Eulerian Tour : 5.65 ms
Time of Super graph Creation : 5.65 ms
Time of PR-RST module : 1.47 ms
Time of update data structure : 0.32 ms
Time of Pointer Jumping : 0.31 ms
Time of Path Reversal : 0.05 ms
Time of Hash Table look up : 0.01 ms
Time of Update rep array : 0.01 ms


filename: in-2004.egr
Number of deleted tree edges: 13
numVert: 1382908, num_edges: 27183212 and delete batch size: 100

Total execution time of all functions: 11.9776 ms.

Function execution times:
Time of Eulerian Tour : 5.79 ms
Time of Super graph Creation : 4.91 ms
Time of PR-RST module : 0.58 ms
Time of update data structure : 0.33 ms
Time of Pointer Jumping : 0.30 ms
Time of Path Reversal : 0.04 ms
Time of Hash Table look up : 0.01 ms
Time of Update rep array : 0.01 ms


filename: in-2004.egr
Number of deleted tree edges: 6
numVert: 1382908, num_edges: 27183212 and delete batch size: 100

Total execution time of all functions: 10.8181 ms.

Function execution times:
Time of Eulerian Tour : 5.63 ms
Time of Super graph Creation : 4.18 ms
Time of PR-RST module : 0.33 ms
Time of update data structure : 0.31 ms
Time of Pointer Jumping : 0.30 ms
Time of Path Reversal : 0.03 ms
Time of Hash Table look up : 0.01 ms
Time of Update rep array : 0.01 ms


filename: in-2004.egr
Number of deleted tree edges: 8
numVert: 1382908, num_edges: 27183212 and delete batch size: 100

Total execution time of all functions: 10.7537 ms.

Function execution times:
Time of Eulerian Tour : 5.58 ms
Time of Super graph Creation : 4.15 ms
Time of PR-RST module : 0.36 ms
Time of update data structure : 0.31 ms
Time of Pointer Jumping : 0.29 ms
Time of Path Reversal : 0.03 ms
Time of Hash Table look up : 0.01 ms
Time of Update rep array : 0.01 ms


filename: in-2004.egr
Number of deleted tree edges: 9
numVert: 1382908, num_edges: 27183212 and delete batch size: 100

Total execution time of all functions: 13.8622 ms.

Function execution times:
Time of Eulerian Tour : 7.15 ms
Time of Super graph Creation : 5.31 ms
Time of PR-RST module : 0.64 ms
Time of update data structure : 0.35 ms
Time of Pointer Jumping : 0.35 ms
Time of Path Reversal : 0.04 ms
Time of Hash Table look up : 0.01 ms
Time of Update rep array : 0.01 ms


filename: in-2004.egr
Number of deleted tree edges: 5
numVert: 1382908, num_edges: 27183212 and delete batch size: 100

Total execution time of all functions: 11.5338 ms.

Function execution times:
Time of Eulerian Tour : 6.17 ms
Time of Super graph Creation : 4.34 ms
Time of update data structure : 0.34 ms
Time of PR-RST module : 0.32 ms
Time of Pointer Jumping : 0.31 ms
Time of Path Reversal : 0.04 ms
Time of Hash Table look up : 0.01 ms
Time of Update rep array : 0.01 ms


filename: in-2004.egr
Number of deleted tree edges: 83
numVert: 1382908, num_edges: 27183212 and delete batch size: 1000

Total execution time of all functions: 13.7601 ms.

Function execution times:
Time of Eulerian Tour : 6.21 ms
Time of Super graph Creation : 5.71 ms
Time of PR-RST module : 1.12 ms
Time of update data structure : 0.35 ms
Time of Pointer Jumping : 0.31 ms
Time of Path Reversal : 0.04 ms
Time of Hash Table look up : 0.01 ms
Time of Update rep array : 0.01 ms


filename: in-2004.egr
Number of deleted tree edges: 74
numVert: 1382908, num_edges: 27183212 and delete batch size: 1000

Total execution time of all functions: 16.7437 ms.

Function execution times:
Time of Eulerian Tour : 9.26 ms
Time of Super graph Creation : 5.79 ms
Time of PR-RST module : 0.72 ms
Time of update data structure : 0.46 ms
Time of Pointer Jumping : 0.45 ms
Time of Path Reversal : 0.05 ms
Time of Update rep array : 0.01 ms
Time of Hash Table look up : 0.01 ms


filename: in-2004.egr
Number of deleted tree edges: 69
numVert: 1382908, num_edges: 27183212 and delete batch size: 1000

Total execution time of all functions: 12.6265 ms.

Function execution times:
Time of Eulerian Tour : 5.84 ms
Time of Super graph Creation : 5.28 ms
Time of PR-RST module : 0.80 ms
Time of update data structure : 0.34 ms
Time of Pointer Jumping : 0.31 ms
Time of Path Reversal : 0.04 ms
Time of Hash Table look up : 0.01 ms
Time of Update rep array : 0.01 ms


filename: in-2004.egr
Number of deleted tree edges: 78
numVert: 1382908, num_edges: 27183212 and delete batch size: 1000

Total execution time of all functions: 13.1849 ms.

Function execution times:
Time of Eulerian Tour : 5.68 ms
Time of Super graph Creation : 5.26 ms
Time of PR-RST module : 1.13 ms
Time of Pointer Jumping : 0.69 ms
Time of update data structure : 0.32 ms
Time of Update rep array : 0.05 ms
Time of Path Reversal : 0.04 ms
Time of Hash Table look up : 0.01 ms


filename: in-2004.egr
Number of deleted tree edges: 78
numVert: 1382908, num_edges: 27183212 and delete batch size: 1000

Total execution time of all functions: 13.1487 ms.

Function execution times:
Time of Eulerian Tour : 5.73 ms
Time of Super graph Creation : 5.64 ms
Time of PR-RST module : 1.10 ms
Time of update data structure : 0.32 ms
Time of Pointer Jumping : 0.30 ms
Time of Path Reversal : 0.04 ms
Time of Hash Table look up : 0.01 ms
Time of Update rep array : 0.01 ms
