filename: kmer_A2a.egr
Number of deleted tree edges: 86842
numVert: 170728175, num_edges: 360595876 and delete batch size: 100000

Total execution time of all functions: 585.841 ms.

Function execution times:
Time of Eulerian Tour : 307.52 ms
Time of Pointer Jumping : 193.31 ms
Time of Super graph Creation : 47.64 ms
Time of Path Reversal : 28.35 ms
Time of update data structure : 4.75 ms
Time of PR-RST module : 4.22 ms
Time of Update rep array : 0.03 ms
Time of Hash Table look up : 0.02 ms


filename: kmer_A2a.egr
Number of deleted tree edges: 86834
numVert: 170728175, num_edges: 360595876 and delete batch size: 100000

Total execution time of all functions: 594.269 ms.

Function execution times:
Time of Eulerian Tour : 316.11 ms
Time of Pointer Jumping : 193.70 ms
Time of Super graph Creation : 47.70 ms
Time of Path Reversal : 28.38 ms
Time of update data structure : 4.76 ms
Time of PR-RST module : 3.56 ms
Time of Update rep array : 0.03 ms
Time of Hash Table look up : 0.02 ms


filename: kmer_A2a.egr
Number of deleted tree edges: 86818
numVert: 170728175, num_edges: 360595876 and delete batch size: 100000

Total execution time of all functions: 584.137 ms.

Function execution times:
Time of Eulerian Tour : 300.17 ms
Time of Pointer Jumping : 193.82 ms
Time of Super graph Creation : 53.45 ms
Time of Path Reversal : 28.41 ms
Time of update data structure : 4.69 ms
Time of PR-RST module : 3.53 ms
Time of Update rep array : 0.05 ms
Time of Hash Table look up : 0.03 ms


filename: kmer_A2a.egr
Number of deleted tree edges: 86910
numVert: 170728175, num_edges: 360595876 and delete batch size: 100000

Total execution time of all functions: 584.285 ms.

Function execution times:
Time of Eulerian Tour : 304.32 ms
Time of Pointer Jumping : 193.32 ms
Time of Super graph Creation : 47.76 ms
Time of Path Reversal : 28.37 ms
Time of update data structure : 6.91 ms
Time of PR-RST module : 3.55 ms
Time of Update rep array : 0.03 ms
Time of Hash Table look up : 0.02 ms


filename: kmer_A2a.egr
Number of deleted tree edges: 86653
numVert: 170728175, num_edges: 360595876 and delete batch size: 100000

Total execution time of all functions: 599.957 ms.

Function execution times:
Time of Eulerian Tour : 323.09 ms
Time of Pointer Jumping : 192.60 ms
Time of Super graph Creation : 47.64 ms
Time of Path Reversal : 28.32 ms
Time of update data structure : 4.78 ms
Time of PR-RST module : 3.46 ms
Time of Update rep array : 0.03 ms
Time of Hash Table look up : 0.03 ms


filename: kmer_A2a.egr
Number of deleted tree edges: 8664
numVert: 170728175, num_edges: 360595876 and delete batch size: 10000

Total execution time of all functions: 498.702 ms.

Function execution times:
Time of Eulerian Tour : 298.91 ms
Time of Pointer Jumping : 125.36 ms
Time of Super graph Creation : 45.17 ms
Time of Path Reversal : 21.52 ms
Time of update data structure : 4.88 ms
Time of PR-RST module : 2.82 ms
Time of Hash Table look up : 0.02 ms
Time of Update rep array : 0.02 ms


filename: kmer_A2a.egr
Number of deleted tree edges: 8648
numVert: 170728175, num_edges: 360595876 and delete batch size: 10000

Total execution time of all functions: 497.119 ms.

Function execution times:
Time of Eulerian Tour : 297.93 ms
Time of Pointer Jumping : 125.84 ms
Time of Super graph Creation : 45.09 ms
Time of Path Reversal : 21.43 ms
Time of update data structure : 4.63 ms
Time of PR-RST module : 2.16 ms
Time of Hash Table look up : 0.02 ms
Time of Update rep array : 0.02 ms


filename: kmer_A2a.egr
Number of deleted tree edges: 8616
numVert: 170728175, num_edges: 360595876 and delete batch size: 10000

Total execution time of all functions: 551.853 ms.

Function execution times:
Time of Eulerian Tour : 297.36 ms
Time of Pointer Jumping : 138.31 ms
Time of Super graph Creation : 73.04 ms
Time of Path Reversal : 21.77 ms
Time of PR-RST module : 16.44 ms
Time of update data structure : 4.65 ms
Time of Update rep array : 0.22 ms
Time of Hash Table look up : 0.07 ms


filename: kmer_A2a.egr
Number of deleted tree edges: 8749
numVert: 170728175, num_edges: 360595876 and delete batch size: 10000

Total execution time of all functions: 519.81 ms.

Function execution times:
Time of Eulerian Tour : 319.32 ms
Time of Pointer Jumping : 126.73 ms
Time of Super graph Creation : 45.26 ms
Time of Path Reversal : 21.60 ms
Time of update data structure : 4.69 ms
Time of PR-RST module : 2.19 ms
Time of Update rep array : 0.02 ms
Time of Hash Table look up : 0.02 ms


filename: kmer_A2a.egr
Number of deleted tree edges: 8641
numVert: 170728175, num_edges: 360595876 and delete batch size: 10000

Total execution time of all functions: 503.404 ms.

Function execution times:
Time of Eulerian Tour : 304.83 ms
Time of Pointer Jumping : 125.13 ms
Time of Super graph Creation : 45.23 ms
Time of Path Reversal : 21.36 ms
Time of update data structure : 4.56 ms
Time of PR-RST module : 2.24 ms
Time of Update rep array : 0.02 ms
Time of Hash Table look up : 0.02 ms


filename: kmer_A2a.egr
Number of deleted tree edges: 93
numVert: 170728175, num_edges: 360595876 and delete batch size: 100

Total execution time of all functions: 474.309 ms.

Function execution times:
Time of Eulerian Tour : 321.16 ms
Time of Pointer Jumping : 100.52 ms
Time of Super graph Creation : 42.83 ms
Time of update data structure : 4.71 ms
Time of Path Reversal : 4.25 ms
Time of PR-RST module : 0.80 ms
Time of Update rep array : 0.02 ms
Time of Hash Table look up : 0.02 ms


filename: kmer_A2a.egr
Number of deleted tree edges: 91
numVert: 170728175, num_edges: 360595876 and delete batch size: 100

Total execution time of all functions: 479.044 ms.

Function execution times:
Time of Eulerian Tour : 311.78 ms
Time of Pointer Jumping : 109.52 ms
Time of Super graph Creation : 47.87 ms
Time of update data structure : 4.59 ms
Time of Path Reversal : 4.42 ms
Time of PR-RST module : 0.83 ms
Time of Update rep array : 0.02 ms
Time of Hash Table look up : 0.01 ms


filename: kmer_A2a.egr
Number of deleted tree edges: 84
numVert: 170728175, num_edges: 360595876 and delete batch size: 100

Total execution time of all functions: 461.801 ms.

Function execution times:
Time of Eulerian Tour : 309.01 ms
Time of Pointer Jumping : 100.62 ms
Time of Super graph Creation : 42.78 ms
Time of update data structure : 4.56 ms
Time of Path Reversal : 4.00 ms
Time of PR-RST module : 0.80 ms
Time of Update rep array : 0.02 ms
Time of Hash Table look up : 0.01 ms


filename: kmer_A2a.egr
Number of deleted tree edges: 87
numVert: 170728175, num_edges: 360595876 and delete batch size: 100

Total execution time of all functions: 459.743 ms.

Function execution times:
Time of Eulerian Tour : 306.12 ms
Time of Pointer Jumping : 100.35 ms
Time of Super graph Creation : 43.40 ms
Time of update data structure : 5.05 ms
Time of Path Reversal : 3.91 ms
Time of PR-RST module : 0.84 ms
Time of Update rep array : 0.04 ms
Time of Hash Table look up : 0.02 ms


filename: kmer_A2a.egr
Number of deleted tree edges: 81
numVert: 170728175, num_edges: 360595876 and delete batch size: 100

Total execution time of all functions: 459.093 ms.

Function execution times:
Time of Eulerian Tour : 301.06 ms
Time of Pointer Jumping : 101.27 ms
Time of Super graph Creation : 44.90 ms
Time of update data structure : 6.46 ms
Time of Path Reversal : 4.20 ms
Time of PR-RST module : 1.17 ms
Time of Update rep array : 0.02 ms
Time of Hash Table look up : 0.01 ms


filename: kmer_A2a.egr
Number of deleted tree edges: 867
numVert: 170728175, num_edges: 360595876 and delete batch size: 1000

Total execution time of all functions: 458.032 ms.

Function execution times:
Time of Eulerian Tour : 302.89 ms
Time of Pointer Jumping : 101.55 ms
Time of Super graph Creation : 43.21 ms
Time of Path Reversal : 4.66 ms
Time of update data structure : 4.61 ms
Time of PR-RST module : 1.08 ms
Time of Update rep array : 0.02 ms
Time of Hash Table look up : 0.02 ms


filename: kmer_A2a.egr
Number of deleted tree edges: 869
numVert: 170728175, num_edges: 360595876 and delete batch size: 1000

Total execution time of all functions: 458.475 ms.

Function execution times:
Time of Eulerian Tour : 303.01 ms
Time of Pointer Jumping : 101.31 ms
Time of Super graph Creation : 43.53 ms
Time of update data structure : 4.83 ms
Time of Path Reversal : 4.69 ms
Time of PR-RST module : 1.07 ms
Time of Update rep array : 0.02 ms
Time of Hash Table look up : 0.02 ms


filename: kmer_A2a.egr
Number of deleted tree edges: 874
numVert: 170728175, num_edges: 360595876 and delete batch size: 1000

Total execution time of all functions: 472.577 ms.

Function execution times:
Time of Eulerian Tour : 316.64 ms
Time of Pointer Jumping : 101.49 ms
Time of Super graph Creation : 43.92 ms
Time of update data structure : 4.76 ms
Time of Path Reversal : 4.62 ms
Time of PR-RST module : 1.10 ms
Time of Update rep array : 0.03 ms
Time of Hash Table look up : 0.02 ms


filename: kmer_A2a.egr
Number of deleted tree edges: 850
numVert: 170728175, num_edges: 360595876 and delete batch size: 1000

Total execution time of all functions: 452.929 ms.

Function execution times:
Time of Eulerian Tour : 297.77 ms
Time of Pointer Jumping : 101.26 ms
Time of Super graph Creation : 43.02 ms
Time of update data structure : 4.68 ms
Time of Path Reversal : 4.64 ms
Time of PR-RST module : 1.51 ms
Time of Hash Table look up : 0.02 ms
Time of Update rep array : 0.02 ms


filename: kmer_A2a.egr
Number of deleted tree edges: 881
numVert: 170728175, num_edges: 360595876 and delete batch size: 1000

Total execution time of all functions: 474.082 ms.

Function execution times:
Time of Eulerian Tour : 318.76 ms
Time of Pointer Jumping : 101.74 ms
Time of Super graph Creation : 43.17 ms
Time of Path Reversal : 4.71 ms
Time of update data structure : 4.61 ms
Time of PR-RST module : 1.07 ms
Time of Update rep array : 0.02 ms
Time of Hash Table look up : 0.02 ms
