filename: kmer_V1r.egr
Number of deleted tree edges: 85567
numVert: 214005017, num_edges: 465410920 and delete batch size: 100000

Total execution time of all functions: 643.567 ms.

Function execution times:
Time of Eulerian Tour : 313.06 ms
Time of Pointer Jumping : 225.20 ms
Time of Super graph Creation : 59.87 ms
Time of Path Reversal : 33.83 ms
Time of update data structure : 6.12 ms
Time of PR-RST module : 5.43 ms
Time of Update rep array : 0.03 ms
Time of Hash Table look up : 0.02 ms


filename: kmer_V1r.egr
Number of deleted tree edges: 85621
numVert: 214005017, num_edges: 465410920 and delete batch size: 100000

Total execution time of all functions: 653.062 ms.

Function execution times:
Time of Eulerian Tour : 322.33 ms
Time of Pointer Jumping : 225.35 ms
Time of Super graph Creation : 59.97 ms
Time of Path Reversal : 33.79 ms
Time of update data structure : 6.07 ms
Time of PR-RST module : 5.48 ms
Time of Update rep array : 0.04 ms
Time of Hash Table look up : 0.03 ms


filename: kmer_V1r.egr
Number of deleted tree edges: 85629
numVert: 214005017, num_edges: 465410920 and delete batch size: 100000

Total execution time of all functions: 643.033 ms.

Function execution times:
Time of Eulerian Tour : 313.79 ms
Time of Pointer Jumping : 224.87 ms
Time of Super graph Creation : 59.92 ms
Time of Path Reversal : 33.83 ms
Time of update data structure : 6.04 ms
Time of PR-RST module : 4.54 ms
Time of Update rep array : 0.03 ms
Time of Hash Table look up : 0.02 ms


filename: kmer_V1r.egr
Number of deleted tree edges: 85811
numVert: 214005017, num_edges: 465410920 and delete batch size: 100000

Total execution time of all functions: 656.605 ms.

Function execution times:
Time of Eulerian Tour : 321.03 ms
Time of Pointer Jumping : 225.31 ms
Time of Super graph Creation : 65.84 ms
Time of Path Reversal : 33.70 ms
Time of update data structure : 6.26 ms
Time of PR-RST module : 4.41 ms
Time of Update rep array : 0.04 ms
Time of Hash Table look up : 0.03 ms


filename: kmer_V1r.egr
Number of deleted tree edges: 85738
numVert: 214005017, num_edges: 465410920 and delete batch size: 100000

Total execution time of all functions: 640.979 ms.

Function execution times:
Time of Eulerian Tour : 311.36 ms
Time of Pointer Jumping : 225.12 ms
Time of Super graph Creation : 59.90 ms
Time of Path Reversal : 33.78 ms
Time of update data structure : 6.05 ms
Time of PR-RST module : 4.73 ms
Time of Update rep array : 0.03 ms
Time of Hash Table look up : 0.02 ms


filename: kmer_V1r.egr
Number of deleted tree edges: 8626
numVert: 214005017, num_edges: 465410920 and delete batch size: 10000

Total execution time of all functions: 573.606 ms.

Function execution times:
Time of Eulerian Tour : 329.12 ms
Time of Pointer Jumping : 152.94 ms
Time of Super graph Creation : 57.37 ms
Time of Path Reversal : 26.25 ms
Time of update data structure : 6.11 ms
Time of PR-RST module : 1.75 ms
Time of Update rep array : 0.03 ms
Time of Hash Table look up : 0.02 ms


filename: kmer_V1r.egr
Number of deleted tree edges: 8639
numVert: 214005017, num_edges: 465410920 and delete batch size: 10000

Total execution time of all functions: 559.035 ms.

Function execution times:
Time of Eulerian Tour : 311.98 ms
Time of Pointer Jumping : 153.62 ms
Time of Super graph Creation : 58.44 ms
Time of Path Reversal : 26.60 ms
Time of update data structure : 5.98 ms
Time of PR-RST module : 2.37 ms
Time of Update rep array : 0.02 ms
Time of Hash Table look up : 0.02 ms


filename: kmer_V1r.egr
Number of deleted tree edges: 8527
numVert: 214005017, num_edges: 465410920 and delete batch size: 10000

Total execution time of all functions: 564.283 ms.

Function execution times:
Time of Eulerian Tour : 319.91 ms
Time of Pointer Jumping : 152.66 ms
Time of Super graph Creation : 57.43 ms
Time of Path Reversal : 26.18 ms
Time of update data structure : 5.80 ms
Time of PR-RST module : 2.28 ms
Time of Hash Table look up : 0.02 ms
Time of Update rep array : 0.02 ms


filename: kmer_V1r.egr
Number of deleted tree edges: 8594
numVert: 214005017, num_edges: 465410920 and delete batch size: 10000

Total execution time of all functions: 562.697 ms.

Function execution times:
Time of Eulerian Tour : 317.25 ms
Time of Pointer Jumping : 153.42 ms
Time of Super graph Creation : 57.75 ms
Time of Path Reversal : 26.59 ms
Time of update data structure : 5.96 ms
Time of PR-RST module : 1.69 ms
Time of Hash Table look up : 0.02 ms
Time of Update rep array : 0.02 ms


filename: kmer_V1r.egr
Number of deleted tree edges: 8539
numVert: 214005017, num_edges: 465410920 and delete batch size: 10000

Total execution time of all functions: 578.463 ms.

Function execution times:
Time of Eulerian Tour : 333.16 ms
Time of Pointer Jumping : 153.30 ms
Time of Super graph Creation : 57.28 ms
Time of Path Reversal : 26.35 ms
Time of update data structure : 5.97 ms
Time of PR-RST module : 2.35 ms
Time of Hash Table look up : 0.02 ms
Time of Update rep array : 0.02 ms


filename: kmer_V1r.egr
Number of deleted tree edges: 84
numVert: 214005017, num_edges: 465410920 and delete batch size: 100

Total execution time of all functions: 494.224 ms.

Function execution times:
Time of Eulerian Tour : 310.46 ms
Time of Pointer Jumping : 118.77 ms
Time of Super graph Creation : 53.37 ms
Time of update data structure : 5.99 ms
Time of Path Reversal : 4.78 ms
Time of PR-RST module : 0.82 ms
Time of Hash Table look up : 0.02 ms
Time of Update rep array : 0.02 ms


filename: kmer_V1r.egr
Number of deleted tree edges: 97
numVert: 214005017, num_edges: 465410920 and delete batch size: 100

Total execution time of all functions: 501.229 ms.

Function execution times:
Time of Eulerian Tour : 317.46 ms
Time of Pointer Jumping : 118.94 ms
Time of Super graph Creation : 53.45 ms
Time of update data structure : 6.08 ms
Time of Path Reversal : 4.46 ms
Time of PR-RST module : 0.80 ms
Time of Update rep array : 0.02 ms
Time of Hash Table look up : 0.02 ms


filename: kmer_V1r.egr
Number of deleted tree edges: 77
numVert: 214005017, num_edges: 465410920 and delete batch size: 100

Total execution time of all functions: 510.512 ms.

Function execution times:
Time of Eulerian Tour : 326.91 ms
Time of Pointer Jumping : 119.04 ms
Time of Super graph Creation : 53.14 ms
Time of update data structure : 5.84 ms
Time of Path Reversal : 4.70 ms
Time of PR-RST module : 0.84 ms
Time of Update rep array : 0.02 ms
Time of Hash Table look up : 0.02 ms


filename: kmer_V1r.egr
Number of deleted tree edges: 79
numVert: 214005017, num_edges: 465410920 and delete batch size: 100

Total execution time of all functions: 499.671 ms.

Function execution times:
Time of Eulerian Tour : 316.17 ms
Time of Pointer Jumping : 118.83 ms
Time of Super graph Creation : 53.29 ms
Time of update data structure : 5.82 ms
Time of Path Reversal : 4.73 ms
Time of PR-RST module : 0.80 ms
Time of Update rep array : 0.02 ms
Time of Hash Table look up : 0.01 ms


filename: kmer_V1r.egr
Number of deleted tree edges: 81
numVert: 214005017, num_edges: 465410920 and delete batch size: 100

Total execution time of all functions: 490.206 ms.

Function execution times:
Time of Eulerian Tour : 306.48 ms
Time of Pointer Jumping : 118.88 ms
Time of Super graph Creation : 53.43 ms
Time of update data structure : 5.82 ms
Time of Path Reversal : 4.75 ms
Time of PR-RST module : 0.81 ms
Time of Update rep array : 0.02 ms
Time of Hash Table look up : 0.01 ms


filename: kmer_V1r.egr
Number of deleted tree edges: 858
numVert: 214005017, num_edges: 465410920 and delete batch size: 1000

Total execution time of all functions: 503.966 ms.

Function execution times:
Time of Eulerian Tour : 317.49 ms
Time of Pointer Jumping : 120.01 ms
Time of Super graph Creation : 53.78 ms
Time of update data structure : 5.85 ms
Time of Path Reversal : 5.69 ms
Time of PR-RST module : 1.10 ms
Time of Update rep array : 0.02 ms
Time of Hash Table look up : 0.02 ms


filename: kmer_V1r.egr
Number of deleted tree edges: 843
numVert: 214005017, num_edges: 465410920 and delete batch size: 1000

Total execution time of all functions: 495.003 ms.

Function execution times:
Time of Eulerian Tour : 308.05 ms
Time of Pointer Jumping : 120.03 ms
Time of Super graph Creation : 54.05 ms
Time of Path Reversal : 5.93 ms
Time of update data structure : 5.79 ms
Time of PR-RST module : 1.11 ms
Time of Update rep array : 0.02 ms
Time of Hash Table look up : 0.02 ms


filename: kmer_V1r.egr
Number of deleted tree edges: 850
numVert: 214005017, num_edges: 465410920 and delete batch size: 1000

Total execution time of all functions: 497.285 ms.

Function execution times:
Time of Eulerian Tour : 310.04 ms
Time of Pointer Jumping : 120.12 ms
Time of Super graph Creation : 53.97 ms
Time of update data structure : 5.96 ms
Time of Path Reversal : 5.60 ms
Time of PR-RST module : 1.54 ms
Time of Update rep array : 0.03 ms
Time of Hash Table look up : 0.02 ms


filename: kmer_V1r.egr
Number of deleted tree edges: 852
numVert: 214005017, num_edges: 465410920 and delete batch size: 1000

Total execution time of all functions: 503.549 ms.

Function execution times:
Time of Eulerian Tour : 316.47 ms
Time of Pointer Jumping : 119.95 ms
Time of Super graph Creation : 53.95 ms
Time of update data structure : 6.13 ms
Time of Path Reversal : 5.90 ms
Time of PR-RST module : 1.11 ms
Time of Update rep array : 0.03 ms
Time of Hash Table look up : 0.02 ms


filename: kmer_V1r.egr
Number of deleted tree edges: 850
numVert: 214005017, num_edges: 465410920 and delete batch size: 1000

Total execution time of all functions: 523.032 ms.

Function execution times:
Time of Eulerian Tour : 335.41 ms
Time of Pointer Jumping : 120.27 ms
Time of Super graph Creation : 53.99 ms
Time of update data structure : 5.91 ms
Time of Path Reversal : 5.87 ms
Time of PR-RST module : 1.53 ms
Time of Hash Table look up : 0.02 ms
Time of Update rep array : 0.02 ms
