filename: kron_g500-logn20.egr
Number of deleted tree edges: 1442
numVert: 1048576, num_edges: 89745562 and delete batch size: 100000

Total execution time of all functions: 23.2222 ms.

Function execution times:
Time of Super graph Creation : 14.65 ms
Time of Eulerian Tour : 5.08 ms
Time of PR-RST module : 1.63 ms
Time of update data structure : 1.44 ms
Time of Pointer Jumping : 0.34 ms
Time of Path Reversal : 0.05 ms
Time of Hash Table look up : 0.02 ms
Time of Update rep array : 0.01 ms


filename: kron_g500-logn20.egr
Number of deleted tree edges: 1475
numVert: 1048576, num_edges: 89745562 and delete batch size: 100000

Total execution time of all functions: 22.6836 ms.

Function execution times:
Time of Super graph Creation : 14.58 ms
Time of Eulerian Tour : 5.06 ms
Time of update data structure : 1.44 ms
Time of PR-RST module : 1.18 ms
Time of Pointer Jumping : 0.34 ms
Time of Path Reversal : 0.05 ms
Time of Update rep array : 0.01 ms
Time of Hash Table look up : 0.01 ms


filename: kron_g500-logn20.egr
Number of deleted tree edges: 1397
numVert: 1048576, num_edges: 89745562 and delete batch size: 100000

Total execution time of all functions: 23.2711 ms.

Function execution times:
Time of Super graph Creation : 14.62 ms
Time of Eulerian Tour : 5.63 ms
Time of update data structure : 1.43 ms
Time of PR-RST module : 1.17 ms
Time of Pointer Jumping : 0.34 ms
Time of Path Reversal : 0.05 ms
Time of Hash Table look up : 0.02 ms
Time of Update rep array : 0.01 ms


filename: kron_g500-logn20.egr
Number of deleted tree edges: 1454
numVert: 1048576, num_edges: 89745562 and delete batch size: 100000

Total execution time of all functions: 23.2906 ms.

Function execution times:
Time of Super graph Creation : 14.64 ms
Time of Eulerian Tour : 5.58 ms
Time of update data structure : 1.47 ms
Time of PR-RST module : 1.16 ms
Time of Pointer Jumping : 0.34 ms
Time of Path Reversal : 0.06 ms
Time of Hash Table look up : 0.02 ms
Time of Update rep array : 0.01 ms


filename: kron_g500-logn20.egr
Number of deleted tree edges: 1507
numVert: 1048576, num_edges: 89745562 and delete batch size: 100000

Total execution time of all functions: 22.9136 ms.

Function execution times:
Time of Super graph Creation : 14.57 ms
Time of Eulerian Tour : 5.26 ms
Time of update data structure : 1.50 ms
Time of PR-RST module : 1.17 ms
Time of Pointer Jumping : 0.34 ms
Time of Path Reversal : 0.06 ms
Time of Hash Table look up : 0.02 ms
Time of Update rep array : 0.01 ms


filename: kron_g500-logn20.egr
Number of deleted tree edges: 124
numVert: 1048576, num_edges: 89745562 and delete batch size: 10000

Total execution time of all functions: 22.8027 ms.

Function execution times:
Time of Super graph Creation : 14.43 ms
Time of Eulerian Tour : 5.64 ms
Time of update data structure : 1.44 ms
Time of PR-RST module : 0.86 ms
Time of Pointer Jumping : 0.34 ms
Time of Path Reversal : 0.05 ms
Time of Update rep array : 0.02 ms
Time of Hash Table look up : 0.02 ms


filename: kron_g500-logn20.egr
Number of deleted tree edges: 160
numVert: 1048576, num_edges: 89745562 and delete batch size: 10000

Total execution time of all functions: 22.863 ms.

Function execution times:
Time of Super graph Creation : 14.53 ms
Time of Eulerian Tour : 5.60 ms
Time of update data structure : 1.46 ms
Time of PR-RST module : 0.87 ms
Time of Pointer Jumping : 0.33 ms
Time of Path Reversal : 0.05 ms
Time of Update rep array : 0.01 ms
Time of Hash Table look up : 0.01 ms


filename: kron_g500-logn20.egr
Number of deleted tree edges: 158
numVert: 1048576, num_edges: 89745562 and delete batch size: 10000

Total execution time of all functions: 22.8775 ms.

Function execution times:
Time of Super graph Creation : 14.61 ms
Time of Eulerian Tour : 5.60 ms
Time of update data structure : 1.39 ms
Time of PR-RST module : 0.87 ms
Time of Pointer Jumping : 0.33 ms
Time of Path Reversal : 0.05 ms
Time of Hash Table look up : 0.02 ms
Time of Update rep array : 0.01 ms


filename: kron_g500-logn20.egr
Number of deleted tree edges: 124
numVert: 1048576, num_edges: 89745562 and delete batch size: 10000

Total execution time of all functions: 23.6626 ms.

Function execution times:
Time of Super graph Creation : 15.43 ms
Time of Eulerian Tour : 5.57 ms
Time of update data structure : 1.45 ms
Time of PR-RST module : 0.80 ms
Time of Pointer Jumping : 0.34 ms
Time of Path Reversal : 0.05 ms
Time of Update rep array : 0.01 ms
Time of Hash Table look up : 0.01 ms


filename: kron_g500-logn20.egr
Number of deleted tree edges: 152
numVert: 1048576, num_edges: 89745562 and delete batch size: 10000

Total execution time of all functions: 21.915 ms.

Function execution times:
Time of Super graph Creation : 13.98 ms
Time of Eulerian Tour : 5.26 ms
Time of update data structure : 1.38 ms
Time of PR-RST module : 0.88 ms
Time of Pointer Jumping : 0.34 ms
Time of Path Reversal : 0.05 ms
Time of Hash Table look up : 0.02 ms
Time of Update rep array : 0.01 ms


filename: kron_g500-logn20.egr
Number of deleted tree edges: 1
numVert: 1048576, num_edges: 89745562 and delete batch size: 100

Total execution time of all functions: 38.148 ms.

Function execution times:
Time of Super graph Creation : 30.44 ms
Time of Eulerian Tour : 5.57 ms
Time of update data structure : 1.38 ms
Time of PR-RST module : 0.36 ms
Time of Pointer Jumping : 0.32 ms
Time of Path Reversal : 0.05 ms
Time of Hash Table look up : 0.02 ms
Time of Update rep array : 0.01 ms


filename: kron_g500-logn20.egr
Number of deleted tree edges: 3
numVert: 1048576, num_edges: 89745562 and delete batch size: 100

Total execution time of all functions: 40.8646 ms.

Function execution times:
Time of Super graph Creation : 33.65 ms
Time of Eulerian Tour : 5.13 ms
Time of update data structure : 1.38 ms
Time of Pointer Jumping : 0.34 ms
Time of PR-RST module : 0.29 ms
Time of Path Reversal : 0.04 ms
Time of Update rep array : 0.01 ms
Time of Hash Table look up : 0.01 ms


filename: kron_g500-logn20.egr
Number of deleted tree edges: 0
numVert: 1048576, num_edges: 89745562 and delete batch size: 100

Total execution time of all functions: 17.6638 ms.

Function execution times:
Time of Super graph Creation : 10.73 ms
Time of Eulerian Tour : 5.25 ms
Time of update data structure : 1.34 ms
Time of Pointer Jumping : 0.34 ms
Time of Update rep array : 0.01 ms


filename: kron_g500-logn20.egr
Number of deleted tree edges: 3
numVert: 1048576, num_edges: 89745562 and delete batch size: 100

Total execution time of all functions: 17.9836 ms.

Function execution times:
Time of Super graph Creation : 10.79 ms
Time of Eulerian Tour : 5.09 ms
Time of update data structure : 1.42 ms
Time of Pointer Jumping : 0.33 ms
Time of PR-RST module : 0.29 ms
Time of Path Reversal : 0.03 ms
Time of Hash Table look up : 0.01 ms
Time of Update rep array : 0.01 ms


filename: kron_g500-logn20.egr
Number of deleted tree edges: 2
numVert: 1048576, num_edges: 89745562 and delete batch size: 100

Total execution time of all functions: 25.0791 ms.

Function execution times:
Time of Super graph Creation : 17.25 ms
Time of Eulerian Tour : 5.65 ms
Time of update data structure : 1.41 ms
Time of PR-RST module : 0.35 ms
Time of Pointer Jumping : 0.33 ms
Time of Path Reversal : 0.06 ms
Time of Update rep array : 0.02 ms
Time of Hash Table look up : 0.02 ms


filename: kron_g500-logn20.egr
Number of deleted tree edges: 17
numVert: 1048576, num_edges: 89745562 and delete batch size: 1000

Total execution time of all functions: 37.1741 ms.

Function execution times:
Time of Super graph Creation : 29.65 ms
Time of Eulerian Tour : 5.27 ms
Time of update data structure : 1.44 ms
Time of PR-RST module : 0.41 ms
Time of Pointer Jumping : 0.33 ms
Time of Path Reversal : 0.04 ms
Time of Hash Table look up : 0.01 ms
Time of Update rep array : 0.01 ms


filename: kron_g500-logn20.egr
Number of deleted tree edges: 14
numVert: 1048576, num_edges: 89745562 and delete batch size: 1000

Total execution time of all functions: 32.7549 ms.

Function execution times:
Time of Super graph Creation : 24.75 ms
Time of Eulerian Tour : 5.58 ms
Time of update data structure : 1.44 ms
Time of PR-RST module : 0.59 ms
Time of Pointer Jumping : 0.33 ms
Time of Path Reversal : 0.04 ms
Time of Update rep array : 0.01 ms
Time of Hash Table look up : 0.01 ms


filename: kron_g500-logn20.egr
Number of deleted tree edges: 20
numVert: 1048576, num_edges: 89745562 and delete batch size: 1000

Total execution time of all functions: 27.9749 ms.

Function execution times:
Time of Super graph Creation : 19.60 ms
Time of Eulerian Tour : 5.30 ms
Time of update data structure : 1.93 ms
Time of PR-RST module : 0.71 ms
Time of Pointer Jumping : 0.34 ms
Time of Path Reversal : 0.06 ms
Time of Update rep array : 0.02 ms
Time of Hash Table look up : 0.02 ms


filename: kron_g500-logn20.egr
Number of deleted tree edges: 16
numVert: 1048576, num_edges: 89745562 and delete batch size: 1000

Total execution time of all functions: 29.6516 ms.

Function execution times:
Time of Super graph Creation : 21.40 ms
Time of Eulerian Tour : 5.56 ms
Time of update data structure : 1.38 ms
Time of PR-RST module : 0.91 ms
Time of Pointer Jumping : 0.34 ms
Time of Path Reversal : 0.04 ms
Time of Hash Table look up : 0.01 ms
Time of Update rep array : 0.01 ms


filename: kron_g500-logn20.egr
Number of deleted tree edges: 10
numVert: 1048576, num_edges: 89745562 and delete batch size: 1000

Total execution time of all functions: 28.7364 ms.

Function execution times:
Time of Super graph Creation : 20.94 ms
Time of Eulerian Tour : 5.57 ms
Time of update data structure : 1.46 ms
Time of PR-RST module : 0.37 ms
Time of Pointer Jumping : 0.33 ms
Time of Path Reversal : 0.04 ms
Time of Hash Table look up : 0.01 ms
Time of Update rep array : 0.01 ms
