filename: rgg_n_2_24_s0.egr
Number of deleted tree edges: 12675
numVert: 16777216, num_edges: 265114402 and delete batch size: 100000

Total execution time of all functions: 103.054 ms.

Function execution times:
Time of Eulerian Tour : 45.26 ms
Time of Super graph Creation : 43.83 ms
Time of update data structure : 5.16 ms
Time of Pointer Jumping : 4.89 ms
Time of PR-RST module : 3.28 ms
Time of Path Reversal : 0.59 ms
Time of Hash Table look up : 0.03 ms
Time of Update rep array : 0.02 ms


filename: rgg_n_2_24_s0.egr
Number of deleted tree edges: 12523
numVert: 16777216, num_edges: 265114402 and delete batch size: 100000

Total execution time of all functions: 110.513 ms.

Function execution times:
Time of Super graph Creation : 47.80 ms
Time of Eulerian Tour : 47.49 ms
Time of update data structure : 5.74 ms
Time of Pointer Jumping : 5.34 ms
Time of PR-RST module : 3.48 ms
Time of Path Reversal : 0.63 ms
Time of Hash Table look up : 0.02 ms
Time of Update rep array : 0.02 ms


filename: rgg_n_2_24_s0.egr
Number of deleted tree edges: 12470
numVert: 16777216, num_edges: 265114402 and delete batch size: 100000

Total execution time of all functions: 108.902 ms.

Function execution times:
Time of Super graph Creation : 48.09 ms
Time of Eulerian Tour : 47.58 ms
Time of Pointer Jumping : 5.36 ms
Time of update data structure : 3.79 ms
Time of PR-RST module : 3.43 ms
Time of Path Reversal : 0.62 ms
Time of Hash Table look up : 0.02 ms
Time of Update rep array : 0.02 ms


filename: rgg_n_2_24_s0.egr
Number of deleted tree edges: 12560
numVert: 16777216, num_edges: 265114402 and delete batch size: 100000

Total execution time of all functions: 101.983 ms.

Function execution times:
Time of Eulerian Tour : 47.61 ms
Time of Super graph Creation : 42.19 ms
Time of Pointer Jumping : 5.35 ms
Time of update data structure : 3.71 ms
Time of PR-RST module : 2.65 ms
Time of Path Reversal : 0.43 ms
Time of Update rep array : 0.02 ms
Time of Hash Table look up : 0.02 ms


filename: rgg_n_2_24_s0.egr
Number of deleted tree edges: 12606
numVert: 16777216, num_edges: 265114402 and delete batch size: 100000

Total execution time of all functions: 105.551 ms.

Function execution times:
Time of Eulerian Tour : 46.19 ms
Time of Super graph Creation : 45.71 ms
Time of Pointer Jumping : 5.12 ms
Time of PR-RST module : 4.08 ms
Time of update data structure : 3.81 ms
Time of Path Reversal : 0.60 ms
Time of Hash Table look up : 0.02 ms
Time of Update rep array : 0.02 ms


filename: rgg_n_2_24_s0.egr
Number of deleted tree edges: 1293
numVert: 16777216, num_edges: 265114402 and delete batch size: 10000

Total execution time of all functions: 107.9 ms.

Function execution times:
Time of Super graph Creation : 48.72 ms
Time of Eulerian Tour : 47.63 ms
Time of Pointer Jumping : 5.35 ms
Time of update data structure : 3.51 ms
Time of PR-RST module : 2.08 ms
Time of Path Reversal : 0.57 ms
Time of Hash Table look up : 0.02 ms
Time of Update rep array : 0.02 ms


filename: rgg_n_2_24_s0.egr
Number of deleted tree edges: 1286
numVert: 16777216, num_edges: 265114402 and delete batch size: 10000

Total execution time of all functions: 105.388 ms.

Function execution times:
Time of Eulerian Tour : 47.48 ms
Time of Super graph Creation : 46.66 ms
Time of Pointer Jumping : 5.34 ms
Time of update data structure : 3.86 ms
Time of PR-RST module : 1.63 ms
Time of Path Reversal : 0.39 ms
Time of Update rep array : 0.02 ms
Time of Hash Table look up : 0.02 ms


filename: rgg_n_2_24_s0.egr
Number of deleted tree edges: 1238
numVert: 16777216, num_edges: 265114402 and delete batch size: 10000

Total execution time of all functions: 108.473 ms.

Function execution times:
Time of Super graph Creation : 49.24 ms
Time of Eulerian Tour : 47.50 ms
Time of Pointer Jumping : 5.33 ms
Time of update data structure : 3.74 ms
Time of PR-RST module : 2.06 ms
Time of Path Reversal : 0.57 ms
Time of Hash Table look up : 0.02 ms
Time of Update rep array : 0.02 ms


filename: rgg_n_2_24_s0.egr
Number of deleted tree edges: 1246
numVert: 16777216, num_edges: 265114402 and delete batch size: 10000

Total execution time of all functions: 108.265 ms.

Function execution times:
Time of Super graph Creation : 49.20 ms
Time of Eulerian Tour : 47.51 ms
Time of Pointer Jumping : 5.35 ms
Time of update data structure : 3.47 ms
Time of PR-RST module : 2.12 ms
Time of Path Reversal : 0.57 ms
Time of Hash Table look up : 0.02 ms
Time of Update rep array : 0.02 ms


filename: rgg_n_2_24_s0.egr
Number of deleted tree edges: 1249
numVert: 16777216, num_edges: 265114402 and delete batch size: 10000

Total execution time of all functions: 102.666 ms.

Function execution times:
Time of Eulerian Tour : 47.49 ms
Time of Super graph Creation : 43.83 ms
Time of Pointer Jumping : 5.34 ms
Time of update data structure : 3.49 ms
Time of PR-RST module : 2.08 ms
Time of Path Reversal : 0.40 ms
Time of Update rep array : 0.02 ms
Time of Hash Table look up : 0.02 ms


filename: rgg_n_2_24_s0.egr
Number of deleted tree edges: 11
numVert: 16777216, num_edges: 265114402 and delete batch size: 100

Total execution time of all functions: 97.0442 ms.

Function execution times:
Time of Eulerian Tour : 47.54 ms
Time of Super graph Creation : 40.00 ms
Time of Pointer Jumping : 5.36 ms
Time of update data structure : 3.41 ms
Time of PR-RST module : 0.46 ms
Time of Path Reversal : 0.23 ms
Time of Hash Table look up : 0.02 ms
Time of Update rep array : 0.02 ms


filename: rgg_n_2_24_s0.egr
Number of deleted tree edges: 9
numVert: 16777216, num_edges: 265114402 and delete batch size: 100

Total execution time of all functions: 96.8889 ms.

Function execution times:
Time of Eulerian Tour : 47.52 ms
Time of Super graph Creation : 39.87 ms
Time of Pointer Jumping : 5.36 ms
Time of update data structure : 3.47 ms
Time of PR-RST module : 0.44 ms
Time of Path Reversal : 0.20 ms
Time of Hash Table look up : 0.02 ms
Time of Update rep array : 0.02 ms


filename: rgg_n_2_24_s0.egr
Number of deleted tree edges: 10
numVert: 16777216, num_edges: 265114402 and delete batch size: 100

Total execution time of all functions: 97.1863 ms.

Function execution times:
Time of Eulerian Tour : 47.51 ms
Time of Super graph Creation : 40.02 ms
Time of Pointer Jumping : 5.37 ms
Time of update data structure : 3.55 ms
Time of PR-RST module : 0.45 ms
Time of Path Reversal : 0.24 ms
Time of Hash Table look up : 0.02 ms
Time of Update rep array : 0.02 ms


filename: rgg_n_2_24_s0.egr
Number of deleted tree edges: 12
numVert: 16777216, num_edges: 265114402 and delete batch size: 100

Total execution time of all functions: 96.0182 ms.

Function execution times:
Time of Eulerian Tour : 47.46 ms
Time of Super graph Creation : 39.06 ms
Time of Pointer Jumping : 5.38 ms
Time of update data structure : 3.54 ms
Time of PR-RST module : 0.38 ms
Time of Path Reversal : 0.16 ms
Time of Update rep array : 0.02 ms
Time of Hash Table look up : 0.02 ms


filename: rgg_n_2_24_s0.egr
Number of deleted tree edges: 16
numVert: 16777216, num_edges: 265114402 and delete batch size: 100

Total execution time of all functions: 98.6525 ms.

Function execution times:
Time of Eulerian Tour : 47.49 ms
Time of Super graph Creation : 41.24 ms
Time of Pointer Jumping : 5.36 ms
Time of update data structure : 3.50 ms
Time of PR-RST module : 0.81 ms
Time of Path Reversal : 0.23 ms
Time of Hash Table look up : 0.02 ms
Time of Update rep array : 0.02 ms


filename: rgg_n_2_24_s0.egr
Number of deleted tree edges: 117
numVert: 16777216, num_edges: 265114402 and delete batch size: 1000

Total execution time of all functions: 106.271 ms.

Function execution times:
Time of Super graph Creation : 48.29 ms
Time of Eulerian Tour : 47.54 ms
Time of Pointer Jumping : 5.36 ms
Time of update data structure : 3.60 ms
Time of PR-RST module : 1.02 ms
Time of Path Reversal : 0.42 ms
Time of Hash Table look up : 0.02 ms
Time of Update rep array : 0.02 ms


filename: rgg_n_2_24_s0.egr
Number of deleted tree edges: 123
numVert: 16777216, num_edges: 265114402 and delete batch size: 1000

Total execution time of all functions: 106.051 ms.

Function execution times:
Time of Super graph Creation : 48.20 ms
Time of Eulerian Tour : 47.56 ms
Time of Pointer Jumping : 5.34 ms
Time of update data structure : 3.49 ms
Time of PR-RST module : 1.00 ms
Time of Path Reversal : 0.43 ms
Time of Hash Table look up : 0.02 ms
Time of Update rep array : 0.02 ms


filename: rgg_n_2_24_s0.egr
Number of deleted tree edges: 124
numVert: 16777216, num_edges: 265114402 and delete batch size: 1000

Total execution time of all functions: 104.339 ms.

Function execution times:
Time of Eulerian Tour : 47.54 ms
Time of Super graph Creation : 46.16 ms
Time of Pointer Jumping : 5.35 ms
Time of update data structure : 3.98 ms
Time of PR-RST module : 0.96 ms
Time of Path Reversal : 0.30 ms
Time of Hash Table look up : 0.02 ms
Time of Update rep array : 0.02 ms


filename: rgg_n_2_24_s0.egr
Number of deleted tree edges: 116
numVert: 16777216, num_edges: 265114402 and delete batch size: 1000

Total execution time of all functions: 100.767 ms.

Function execution times:
Time of Eulerian Tour : 47.52 ms
Time of Super graph Creation : 42.94 ms
Time of Pointer Jumping : 5.40 ms
Time of update data structure : 3.52 ms
Time of PR-RST module : 0.95 ms
Time of Path Reversal : 0.39 ms
Time of Hash Table look up : 0.02 ms
Time of Update rep array : 0.02 ms


filename: rgg_n_2_24_s0.egr
Number of deleted tree edges: 123
numVert: 16777216, num_edges: 265114402 and delete batch size: 1000

Total execution time of all functions: 102.684 ms.

Function execution times:
Time of Eulerian Tour : 47.51 ms
Time of Super graph Creation : 44.91 ms
Time of Pointer Jumping : 5.36 ms
Time of update data structure : 3.67 ms
Time of PR-RST module : 0.87 ms
Time of Path Reversal : 0.32 ms
Time of Update rep array : 0.02 ms
Time of Hash Table look up : 0.02 ms
