filename: road_usa.egr
Number of deleted tree edges: 70606
numVert: 23947347, num_edges: 57708624 and delete batch size: 100000

Total execution time of all functions: 80.9402 ms.

Function execution times:
Time of Eulerian Tour : 53.39 ms
Time of Super graph Creation : 11.49 ms
Time of PR-RST module : 7.29 ms
Time of Pointer Jumping : 6.72 ms
Time of update data structure : 1.18 ms
Time of Path Reversal : 0.82 ms
Time of Hash Table look up : 0.03 ms
Time of Update rep array : 0.03 ms


filename: road_usa.egr
Number of deleted tree edges: 70983
numVert: 23947347, num_edges: 57708624 and delete batch size: 100000

Total execution time of all functions: 82.4391 ms.

Function execution times:
Time of Eulerian Tour : 55.33 ms
Time of Super graph Creation : 11.26 ms
Time of Pointer Jumping : 6.72 ms
Time of PR-RST module : 6.31 ms
Time of update data structure : 1.95 ms
Time of Path Reversal : 0.81 ms
Time of Hash Table look up : 0.03 ms
Time of Update rep array : 0.03 ms


filename: road_usa.egr
Number of deleted tree edges: 70555
numVert: 23947347, num_edges: 57708624 and delete batch size: 100000

Total execution time of all functions: 79.6385 ms.

Function execution times:
Time of Eulerian Tour : 53.20 ms
Time of Super graph Creation : 11.23 ms
Time of Pointer Jumping : 6.71 ms
Time of PR-RST module : 6.38 ms
Time of update data structure : 1.25 ms
Time of Path Reversal : 0.81 ms
Time of Hash Table look up : 0.03 ms
Time of Update rep array : 0.03 ms


filename: road_usa.egr
Number of deleted tree edges: 70695
numVert: 23947347, num_edges: 57708624 and delete batch size: 100000

Total execution time of all functions: 54.5437 ms.

Function execution times:
Time of Eulerian Tour : 35.43 ms
Time of Super graph Creation : 8.29 ms
Time of PR-RST module : 4.67 ms
Time of Pointer Jumping : 4.58 ms
Time of update data structure : 0.95 ms
Time of Path Reversal : 0.58 ms
Time of Update rep array : 0.02 ms
Time of Hash Table look up : 0.02 ms


filename: road_usa.egr
Number of deleted tree edges: 70481
numVert: 23947347, num_edges: 57708624 and delete batch size: 100000

Total execution time of all functions: 79.6199 ms.

Function execution times:
Time of Eulerian Tour : 53.44 ms
Time of Super graph Creation : 10.82 ms
Time of Pointer Jumping : 6.72 ms
Time of PR-RST module : 6.66 ms
Time of update data structure : 1.18 ms
Time of Path Reversal : 0.74 ms
Time of Hash Table look up : 0.03 ms
Time of Update rep array : 0.03 ms


filename: road_usa.egr
Number of deleted tree edges: 7075
numVert: 23947347, num_edges: 57708624 and delete batch size: 10000

Total execution time of all functions: 76.9438 ms.

Function execution times:
Time of Eulerian Tour : 53.51 ms
Time of Super graph Creation : 11.04 ms
Time of Pointer Jumping : 6.36 ms
Time of PR-RST module : 4.06 ms
Time of update data structure : 1.23 ms
Time of Path Reversal : 0.67 ms
Time of Update rep array : 0.03 ms
Time of Hash Table look up : 0.03 ms


filename: road_usa.egr
Number of deleted tree edges: 7089
numVert: 23947347, num_edges: 57708624 and delete batch size: 10000

Total execution time of all functions: 78.753 ms.

Function execution times:
Time of Eulerian Tour : 54.63 ms
Time of Super graph Creation : 11.07 ms
Time of Pointer Jumping : 6.36 ms
Time of PR-RST module : 4.84 ms
Time of update data structure : 1.12 ms
Time of Path Reversal : 0.68 ms
Time of Update rep array : 0.03 ms
Time of Hash Table look up : 0.02 ms


filename: road_usa.egr
Number of deleted tree edges: 7132
numVert: 23947347, num_edges: 57708624 and delete batch size: 10000

Total execution time of all functions: 76.0556 ms.

Function execution times:
Time of Eulerian Tour : 52.71 ms
Time of Super graph Creation : 11.12 ms
Time of Pointer Jumping : 6.36 ms
Time of PR-RST module : 3.99 ms
Time of update data structure : 1.16 ms
Time of Path Reversal : 0.67 ms
Time of Hash Table look up : 0.03 ms
Time of Update rep array : 0.03 ms


filename: road_usa.egr
Number of deleted tree edges: 7132
numVert: 23947347, num_edges: 57708624 and delete batch size: 10000

Total execution time of all functions: 74.9165 ms.

Function execution times:
Time of Eulerian Tour : 51.70 ms
Time of Super graph Creation : 11.10 ms
Time of Pointer Jumping : 6.37 ms
Time of PR-RST module : 3.96 ms
Time of update data structure : 1.08 ms
Time of Path Reversal : 0.66 ms
Time of Hash Table look up : 0.02 ms
Time of Update rep array : 0.02 ms


filename: road_usa.egr
Number of deleted tree edges: 7090
numVert: 23947347, num_edges: 57708624 and delete batch size: 10000

Total execution time of all functions: 75.3601 ms.

Function execution times:
Time of Eulerian Tour : 52.33 ms
Time of Super graph Creation : 10.99 ms
Time of Pointer Jumping : 6.35 ms
Time of PR-RST module : 3.90 ms
Time of update data structure : 1.07 ms
Time of Path Reversal : 0.66 ms
Time of Hash Table look up : 0.02 ms
Time of Update rep array : 0.02 ms


filename: road_usa.egr
Number of deleted tree edges: 77
numVert: 23947347, num_edges: 57708624 and delete batch size: 100

Total execution time of all functions: 73.1232 ms.

Function execution times:
Time of Eulerian Tour : 53.99 ms
Time of Super graph Creation : 10.30 ms
Time of Pointer Jumping : 5.91 ms
Time of PR-RST module : 1.46 ms
Time of update data structure : 1.05 ms
Time of Path Reversal : 0.37 ms
Time of Hash Table look up : 0.02 ms
Time of Update rep array : 0.02 ms


filename: road_usa.egr
Number of deleted tree edges: 75
numVert: 23947347, num_edges: 57708624 and delete batch size: 100

Total execution time of all functions: 51.0704 ms.

Function execution times:
Time of Eulerian Tour : 34.73 ms
Time of Super graph Creation : 8.91 ms
Time of Pointer Jumping : 5.05 ms
Time of PR-RST module : 1.28 ms
Time of update data structure : 0.75 ms
Time of Path Reversal : 0.33 ms
Time of Update rep array : 0.02 ms
Time of Hash Table look up : 0.01 ms


filename: road_usa.egr
Number of deleted tree edges: 73
numVert: 23947347, num_edges: 57708624 and delete batch size: 100

Total execution time of all functions: 71.6443 ms.

Function execution times:
Time of Eulerian Tour : 52.88 ms
Time of Super graph Creation : 10.29 ms
Time of Pointer Jumping : 5.91 ms
Time of PR-RST module : 1.38 ms
Time of update data structure : 0.78 ms
Time of Path Reversal : 0.37 ms
Time of Hash Table look up : 0.02 ms
Time of Update rep array : 0.02 ms


filename: road_usa.egr
Number of deleted tree edges: 70
numVert: 23947347, num_edges: 57708624 and delete batch size: 100

Total execution time of all functions: 48.5702 ms.

Function execution times:
Time of Eulerian Tour : 34.46 ms
Time of Super graph Creation : 7.72 ms
Time of Pointer Jumping : 4.18 ms
Time of PR-RST module : 1.13 ms
Time of update data structure : 0.76 ms
Time of Path Reversal : 0.30 ms
Time of Update rep array : 0.01 ms
Time of Hash Table look up : 0.01 ms


filename: road_usa.egr
Number of deleted tree edges: 73
numVert: 23947347, num_edges: 57708624 and delete batch size: 100

Total execution time of all functions: 51.5646 ms.

Function execution times:
Time of Eulerian Tour : 35.25 ms
Time of Super graph Creation : 8.74 ms
Time of Pointer Jumping : 4.79 ms
Time of PR-RST module : 1.62 ms
Time of update data structure : 0.78 ms
Time of Path Reversal : 0.36 ms
Time of Update rep array : 0.02 ms
Time of Hash Table look up : 0.02 ms


filename: road_usa.egr
Number of deleted tree edges: 705
numVert: 23947347, num_edges: 57708624 and delete batch size: 1000

Total execution time of all functions: 73.1095 ms.

Function execution times:
Time of Eulerian Tour : 52.80 ms
Time of Super graph Creation : 10.27 ms
Time of Pointer Jumping : 6.05 ms
Time of PR-RST module : 2.37 ms
Time of update data structure : 1.10 ms
Time of Path Reversal : 0.50 ms
Time of Update rep array : 0.02 ms
Time of Hash Table look up : 0.02 ms


filename: road_usa.egr
Number of deleted tree edges: 724
numVert: 23947347, num_edges: 57708624 and delete batch size: 1000

Total execution time of all functions: 49.9198 ms.

Function execution times:
Time of Eulerian Tour : 34.98 ms
Time of Super graph Creation : 7.71 ms
Time of Pointer Jumping : 4.18 ms
Time of PR-RST module : 1.88 ms
Time of update data structure : 0.77 ms
Time of Path Reversal : 0.37 ms
Time of Hash Table look up : 0.02 ms
Time of Update rep array : 0.02 ms


filename: road_usa.egr
Number of deleted tree edges: 707
numVert: 23947347, num_edges: 57708624 and delete batch size: 1000

Total execution time of all functions: 73.841 ms.

Function execution times:
Time of Eulerian Tour : 53.38 ms
Time of Super graph Creation : 10.27 ms
Time of Pointer Jumping : 6.06 ms
Time of PR-RST module : 2.44 ms
Time of update data structure : 1.14 ms
Time of Path Reversal : 0.52 ms
Time of Update rep array : 0.02 ms
Time of Hash Table look up : 0.02 ms


filename: road_usa.egr
Number of deleted tree edges: 725
numVert: 23947347, num_edges: 57708624 and delete batch size: 1000

Total execution time of all functions: 50.1081 ms.

Function execution times:
Time of Eulerian Tour : 35.06 ms
Time of Super graph Creation : 7.70 ms
Time of Pointer Jumping : 4.27 ms
Time of PR-RST module : 1.89 ms
Time of update data structure : 0.78 ms
Time of Path Reversal : 0.37 ms
Time of Hash Table look up : 0.02 ms
Time of Update rep array : 0.01 ms


filename: road_usa.egr
Number of deleted tree edges: 710
numVert: 23947347, num_edges: 57708624 and delete batch size: 1000

Total execution time of all functions: 50.3963 ms.

Function execution times:
Time of Eulerian Tour : 35.35 ms
Time of Super graph Creation : 7.77 ms
Time of Pointer Jumping : 4.18 ms
Time of PR-RST module : 1.95 ms
Time of update data structure : 0.76 ms
Time of Path Reversal : 0.36 ms
Time of Hash Table look up : 0.02 ms
Time of Update rep array : 0.02 ms
