filename: soc-LiveJournal1.egr
Number of deleted tree edges: 7676
numVert: 4847571, num_edges: 85706224 and delete batch size: 100000

Total execution time of all functions: 53.9676 ms.

Function execution times:
Time of Eulerian Tour : 25.40 ms
Time of Super graph Creation : 21.64 ms
Time of PR-RST module : 3.33 ms
Time of Pointer Jumping : 1.61 ms
Time of update data structure : 1.58 ms
Time of Path Reversal : 0.35 ms
Time of Hash Table look up : 0.03 ms
Time of Update rep array : 0.02 ms


filename: soc-LiveJournal1.egr
Number of deleted tree edges: 7473
numVert: 4847571, num_edges: 85706224 and delete batch size: 100000

Total execution time of all functions: 52.6405 ms.

Function execution times:
Time of Eulerian Tour : 25.19 ms
Time of Super graph Creation : 21.59 ms
Time of PR-RST module : 2.38 ms
Time of Pointer Jumping : 1.58 ms
Time of update data structure : 1.53 ms
Time of Path Reversal : 0.33 ms
Time of Hash Table look up : 0.02 ms
Time of Update rep array : 0.02 ms


filename: soc-LiveJournal1.egr
Number of deleted tree edges: 7679
numVert: 4847571, num_edges: 85706224 and delete batch size: 100000

Total execution time of all functions: 54.5055 ms.

Function execution times:
Time of Eulerian Tour : 26.01 ms
Time of Super graph Creation : 21.69 ms
Time of PR-RST module : 3.28 ms
Time of Pointer Jumping : 1.59 ms
Time of update data structure : 1.54 ms
Time of Path Reversal : 0.34 ms
Time of Hash Table look up : 0.03 ms
Time of Update rep array : 0.03 ms


filename: soc-LiveJournal1.egr
Number of deleted tree edges: 7541
numVert: 4847571, num_edges: 85706224 and delete batch size: 100000

Total execution time of all functions: 53.6163 ms.

Function execution times:
Time of Eulerian Tour : 25.99 ms
Time of Super graph Creation : 21.67 ms
Time of PR-RST module : 2.45 ms
Time of Pointer Jumping : 1.59 ms
Time of update data structure : 1.54 ms
Time of Path Reversal : 0.33 ms
Time of Hash Table look up : 0.02 ms
Time of Update rep array : 0.02 ms


filename: soc-LiveJournal1.egr
Number of deleted tree edges: 7528
numVert: 4847571, num_edges: 85706224 and delete batch size: 100000

Total execution time of all functions: 52.4506 ms.

Function execution times:
Time of Eulerian Tour : 25.15 ms
Time of Super graph Creation : 21.52 ms
Time of PR-RST module : 2.35 ms
Time of Pointer Jumping : 1.59 ms
Time of update data structure : 1.47 ms
Time of Path Reversal : 0.34 ms
Time of Hash Table look up : 0.02 ms
Time of Update rep array : 0.02 ms


filename: soc-LiveJournal1.egr
Number of deleted tree edges: 754
numVert: 4847571, num_edges: 85706224 and delete batch size: 10000

Total execution time of all functions: 48.8623 ms.

Function execution times:
Time of Eulerian Tour : 25.01 ms
Time of Super graph Creation : 19.47 ms
Time of update data structure : 1.38 ms
Time of Pointer Jumping : 1.38 ms
Time of PR-RST module : 1.34 ms
Time of Path Reversal : 0.24 ms
Time of Hash Table look up : 0.02 ms
Time of Update rep array : 0.02 ms


filename: soc-LiveJournal1.egr
Number of deleted tree edges: 737
numVert: 4847571, num_edges: 85706224 and delete batch size: 10000

Total execution time of all functions: 49.0574 ms.

Function execution times:
Time of Eulerian Tour : 24.98 ms
Time of Super graph Creation : 19.67 ms
Time of update data structure : 1.41 ms
Time of Pointer Jumping : 1.38 ms
Time of PR-RST module : 1.34 ms
Time of Path Reversal : 0.24 ms
Time of Hash Table look up : 0.02 ms
Time of Update rep array : 0.02 ms


filename: soc-LiveJournal1.egr
Number of deleted tree edges: 784
numVert: 4847571, num_edges: 85706224 and delete batch size: 10000

Total execution time of all functions: 49.2358 ms.

Function execution times:
Time of Eulerian Tour : 25.34 ms
Time of Super graph Creation : 19.49 ms
Time of Pointer Jumping : 1.38 ms
Time of PR-RST module : 1.37 ms
Time of update data structure : 1.37 ms
Time of Path Reversal : 0.24 ms
Time of Hash Table look up : 0.02 ms
Time of Update rep array : 0.02 ms


filename: soc-LiveJournal1.egr
Number of deleted tree edges: 745
numVert: 4847571, num_edges: 85706224 and delete batch size: 10000

Total execution time of all functions: 49.834 ms.

Function execution times:
Time of Eulerian Tour : 25.26 ms
Time of Super graph Creation : 20.18 ms
Time of update data structure : 1.38 ms
Time of Pointer Jumping : 1.38 ms
Time of PR-RST module : 1.36 ms
Time of Path Reversal : 0.24 ms
Time of Update rep array : 0.02 ms
Time of Hash Table look up : 0.02 ms


filename: soc-LiveJournal1.egr
Number of deleted tree edges: 730
numVert: 4847571, num_edges: 85706224 and delete batch size: 10000

Total execution time of all functions: 50.3114 ms.

Function execution times:
Time of Eulerian Tour : 25.05 ms
Time of Super graph Creation : 20.87 ms
Time of update data structure : 1.39 ms
Time of Pointer Jumping : 1.38 ms
Time of PR-RST module : 1.35 ms
Time of Path Reversal : 0.24 ms
Time of Hash Table look up : 0.02 ms
Time of Update rep array : 0.02 ms


filename: soc-LiveJournal1.egr
Number of deleted tree edges: 8
numVert: 4847571, num_edges: 85706224 and delete batch size: 100

Total execution time of all functions: 61.0355 ms.

Function execution times:
Time of Super graph Creation : 32.19 ms
Time of Eulerian Tour : 25.36 ms
Time of update data structure : 1.53 ms
Time of Pointer Jumping : 1.30 ms
Time of PR-RST module : 0.45 ms
Time of Path Reversal : 0.17 ms
Time of Hash Table look up : 0.02 ms
Time of Update rep array : 0.02 ms


filename: soc-LiveJournal1.egr
Number of deleted tree edges: 9
numVert: 4847571, num_edges: 85706224 and delete batch size: 100

Total execution time of all functions: 58.8605 ms.

Function execution times:
Time of Super graph Creation : 30.42 ms
Time of Eulerian Tour : 25.13 ms
Time of update data structure : 1.36 ms
Time of Pointer Jumping : 1.32 ms
Time of PR-RST module : 0.47 ms
Time of Path Reversal : 0.14 ms
Time of Hash Table look up : 0.02 ms
Time of Update rep array : 0.02 ms


filename: soc-LiveJournal1.egr
Number of deleted tree edges: 6
numVert: 4847571, num_edges: 85706224 and delete batch size: 100

Total execution time of all functions: 76.9453 ms.

Function execution times:
Time of Super graph Creation : 45.46 ms
Time of Eulerian Tour : 27.92 ms
Time of update data structure : 1.41 ms
Time of Pointer Jumping : 1.31 ms
Time of PR-RST module : 0.66 ms
Time of Path Reversal : 0.15 ms
Time of Hash Table look up : 0.02 ms
Time of Update rep array : 0.02 ms


filename: soc-LiveJournal1.egr
Number of deleted tree edges: 11
numVert: 4847571, num_edges: 85706224 and delete batch size: 100

Total execution time of all functions: 61.8116 ms.

Function execution times:
Time of Super graph Creation : 32.30 ms
Time of Eulerian Tour : 25.86 ms
Time of update data structure : 1.39 ms
Time of Pointer Jumping : 1.32 ms
Time of PR-RST module : 0.75 ms
Time of Path Reversal : 0.17 ms
Time of Hash Table look up : 0.02 ms
Time of Update rep array : 0.02 ms


filename: soc-LiveJournal1.egr
Number of deleted tree edges: 3
numVert: 4847571, num_edges: 85706224 and delete batch size: 100

Total execution time of all functions: 74.2648 ms.

Function execution times:
Time of Super graph Creation : 44.94 ms
Time of Eulerian Tour : 26.04 ms
Time of update data structure : 1.42 ms
Time of Pointer Jumping : 1.31 ms
Time of PR-RST module : 0.36 ms
Time of Path Reversal : 0.15 ms
Time of Hash Table look up : 0.02 ms
Time of Update rep array : 0.02 ms


filename: soc-LiveJournal1.egr
Number of deleted tree edges: 81
numVert: 4847571, num_edges: 85706224 and delete batch size: 1000

Total execution time of all functions: 49.9805 ms.

Function execution times:
Time of Eulerian Tour : 25.36 ms
Time of Super graph Creation : 19.25 ms
Time of update data structure : 2.80 ms
Time of Pointer Jumping : 1.34 ms
Time of PR-RST module : 0.99 ms
Time of Path Reversal : 0.19 ms
Time of Hash Table look up : 0.02 ms
Time of Update rep array : 0.02 ms


filename: soc-LiveJournal1.egr
Number of deleted tree edges: 83
numVert: 4847571, num_edges: 85706224 and delete batch size: 1000

Total execution time of all functions: 47.938 ms.

Function execution times:
Time of Eulerian Tour : 25.05 ms
Time of Super graph Creation : 18.85 ms
Time of update data structure : 1.46 ms
Time of Pointer Jumping : 1.33 ms
Time of PR-RST module : 1.02 ms
Time of Path Reversal : 0.20 ms
Time of Hash Table look up : 0.02 ms
Time of Update rep array : 0.02 ms


filename: soc-LiveJournal1.egr
Number of deleted tree edges: 78
numVert: 4847571, num_edges: 85706224 and delete batch size: 1000

Total execution time of all functions: 49.758 ms.

Function execution times:
Time of Eulerian Tour : 25.41 ms
Time of Super graph Creation : 20.19 ms
Time of update data structure : 1.60 ms
Time of Pointer Jumping : 1.33 ms
Time of PR-RST module : 1.00 ms
Time of Path Reversal : 0.19 ms
Time of Update rep array : 0.02 ms
Time of Hash Table look up : 0.02 ms


filename: soc-LiveJournal1.egr
Number of deleted tree edges: 66
numVert: 4847571, num_edges: 85706224 and delete batch size: 1000

Total execution time of all functions: 50.503 ms.

Function execution times:
Time of Eulerian Tour : 26.01 ms
Time of Super graph Creation : 20.51 ms
Time of update data structure : 1.36 ms
Time of Pointer Jumping : 1.34 ms
Time of PR-RST module : 1.03 ms
Time of Path Reversal : 0.21 ms
Time of Hash Table look up : 0.02 ms
Time of Update rep array : 0.02 ms


filename: soc-LiveJournal1.egr
Number of deleted tree edges: 84
numVert: 4847571, num_edges: 85706224 and delete batch size: 1000

Total execution time of all functions: 48.2164 ms.

Function execution times:
Time of Eulerian Tour : 25.69 ms
Time of Super graph Creation : 18.51 ms
Time of update data structure : 1.43 ms
Time of Pointer Jumping : 1.34 ms
Time of PR-RST module : 1.00 ms
Time of Path Reversal : 0.20 ms
Time of Hash Table look up : 0.02 ms
Time of Update rep array : 0.02 ms
