filename: wiki-topcats.egr
Number of deleted tree edges: 7230
numVert: 1791489, num_edges: 50888414 and delete batch size: 100000

Total execution time of all functions: 20.5183 ms.

Function execution times:
Time of Super graph Creation : 9.42 ms
Time of Eulerian Tour : 8.26 ms
Time of PR-RST module : 1.54 ms
Time of update data structure : 0.76 ms
Time of Pointer Jumping : 0.42 ms
Time of Path Reversal : 0.08 ms
Time of Hash Table look up : 0.01 ms
Time of Update rep array : 0.01 ms


filename: wiki-topcats.egr
Number of deleted tree edges: 7243
numVert: 1791489, num_edges: 50888414 and delete batch size: 100000

Total execution time of all functions: 21.0407 ms.

Function execution times:
Time of Super graph Creation : 9.44 ms
Time of Eulerian Tour : 8.71 ms
Time of PR-RST module : 1.55 ms
Time of update data structure : 0.80 ms
Time of Pointer Jumping : 0.43 ms
Time of Path Reversal : 0.08 ms
Time of Hash Table look up : 0.01 ms
Time of Update rep array : 0.01 ms


filename: wiki-topcats.egr
Number of deleted tree edges: 7373
numVert: 1791489, num_edges: 50888414 and delete batch size: 100000

Total execution time of all functions: 21.3592 ms.

Function execution times:
Time of Super graph Creation : 9.42 ms
Time of Eulerian Tour : 8.45 ms
Time of PR-RST module : 2.13 ms
Time of update data structure : 0.81 ms
Time of Pointer Jumping : 0.44 ms
Time of Path Reversal : 0.08 ms
Time of Hash Table look up : 0.02 ms
Time of Update rep array : 0.01 ms


filename: wiki-topcats.egr
Number of deleted tree edges: 7189
numVert: 1791489, num_edges: 50888414 and delete batch size: 100000

Total execution time of all functions: 21.2943 ms.

Function execution times:
Time of Super graph Creation : 9.42 ms
Time of Eulerian Tour : 8.45 ms
Time of PR-RST module : 2.12 ms
Time of update data structure : 0.77 ms
Time of Pointer Jumping : 0.43 ms
Time of Path Reversal : 0.08 ms
Time of Hash Table look up : 0.01 ms
Time of Update rep array : 0.01 ms


filename: wiki-topcats.egr
Number of deleted tree edges: 7278
numVert: 1791489, num_edges: 50888414 and delete batch size: 100000

Total execution time of all functions: 21.9162 ms.

Function execution times:
Time of Super graph Creation : 9.48 ms
Time of Eulerian Tour : 8.44 ms
Time of PR-RST module : 2.70 ms
Time of update data structure : 0.76 ms
Time of Pointer Jumping : 0.43 ms
Time of Path Reversal : 0.08 ms
Time of Hash Table look up : 0.02 ms
Time of Update rep array : 0.01 ms


filename: wiki-topcats.egr
Number of deleted tree edges: 722
numVert: 1791489, num_edges: 50888414 and delete batch size: 10000

Total execution time of all functions: 19.2829 ms.

Function execution times:
Time of Super graph Creation : 8.55 ms
Time of Eulerian Tour : 8.45 ms
Time of PR-RST module : 1.03 ms
Time of update data structure : 0.74 ms
Time of Pointer Jumping : 0.42 ms
Time of Path Reversal : 0.07 ms
Time of Hash Table look up : 0.02 ms
Time of Update rep array : 0.01 ms


filename: wiki-topcats.egr
Number of deleted tree edges: 720
numVert: 1791489, num_edges: 50888414 and delete batch size: 10000

Total execution time of all functions: 19.3251 ms.

Function execution times:
Time of Super graph Creation : 8.52 ms
Time of Eulerian Tour : 8.52 ms
Time of PR-RST module : 1.04 ms
Time of update data structure : 0.73 ms
Time of Pointer Jumping : 0.41 ms
Time of Path Reversal : 0.07 ms
Time of Hash Table look up : 0.02 ms
Time of Update rep array : 0.01 ms


filename: wiki-topcats.egr
Number of deleted tree edges: 697
numVert: 1791489, num_edges: 50888414 and delete batch size: 10000

Total execution time of all functions: 19.6986 ms.

Function execution times:
Time of Super graph Creation : 8.55 ms
Time of Eulerian Tour : 8.47 ms
Time of PR-RST module : 1.45 ms
Time of update data structure : 0.72 ms
Time of Pointer Jumping : 0.41 ms
Time of Path Reversal : 0.07 ms
Time of Hash Table look up : 0.02 ms
Time of Update rep array : 0.01 ms


filename: wiki-topcats.egr
Number of deleted tree edges: 799
numVert: 1791489, num_edges: 50888414 and delete batch size: 10000

Total execution time of all functions: 19.259 ms.

Function execution times:
Time of Super graph Creation : 8.55 ms
Time of Eulerian Tour : 8.43 ms
Time of PR-RST module : 1.05 ms
Time of update data structure : 0.72 ms
Time of Pointer Jumping : 0.42 ms
Time of Path Reversal : 0.07 ms
Time of Hash Table look up : 0.02 ms
Time of Update rep array : 0.01 ms


filename: wiki-topcats.egr
Number of deleted tree edges: 736
numVert: 1791489, num_edges: 50888414 and delete batch size: 10000

Total execution time of all functions: 19.3922 ms.

Function execution times:
Time of Super graph Creation : 8.56 ms
Time of Eulerian Tour : 8.17 ms
Time of PR-RST module : 1.45 ms
Time of update data structure : 0.72 ms
Time of Pointer Jumping : 0.41 ms
Time of Path Reversal : 0.07 ms
Time of Hash Table look up : 0.01 ms
Time of Update rep array : 0.01 ms


filename: wiki-topcats.egr
Number of deleted tree edges: 8
numVert: 1791489, num_edges: 50888414 and delete batch size: 100

Total execution time of all functions: 27.5784 ms.

Function execution times:
Time of Super graph Creation : 17.39 ms
Time of Eulerian Tour : 8.42 ms
Time of update data structure : 0.72 ms
Time of PR-RST module : 0.58 ms
Time of Pointer Jumping : 0.41 ms
Time of Path Reversal : 0.05 ms
Time of Hash Table look up : 0.01 ms
Time of Update rep array : 0.01 ms


filename: wiki-topcats.egr
Number of deleted tree edges: 6
numVert: 1791489, num_edges: 50888414 and delete batch size: 100

Total execution time of all functions: 30.7652 ms.

Function execution times:
Time of Super graph Creation : 20.81 ms
Time of Eulerian Tour : 8.46 ms
Time of update data structure : 0.70 ms
Time of Pointer Jumping : 0.41 ms
Time of PR-RST module : 0.32 ms
Time of Path Reversal : 0.04 ms
Time of Hash Table look up : 0.01 ms
Time of Update rep array : 0.01 ms


filename: wiki-topcats.egr
Number of deleted tree edges: 5
numVert: 1791489, num_edges: 50888414 and delete batch size: 100

Total execution time of all functions: 27.1196 ms.

Function execution times:
Time of Super graph Creation : 17.07 ms
Time of Eulerian Tour : 8.54 ms
Time of update data structure : 0.71 ms
Time of Pointer Jumping : 0.41 ms
Time of PR-RST module : 0.32 ms
Time of Path Reversal : 0.05 ms
Time of Hash Table look up : 0.01 ms
Time of Update rep array : 0.01 ms


filename: wiki-topcats.egr
Number of deleted tree edges: 9
numVert: 1791489, num_edges: 50888414 and delete batch size: 100

Total execution time of all functions: 25.113 ms.

Function execution times:
Time of Super graph Creation : 15.15 ms
Time of Eulerian Tour : 8.37 ms
Time of update data structure : 0.72 ms
Time of Pointer Jumping : 0.41 ms
Time of PR-RST module : 0.37 ms
Time of Path Reversal : 0.06 ms
Time of Update rep array : 0.01 ms
Time of Hash Table look up : 0.01 ms


filename: wiki-topcats.egr
Number of deleted tree edges: 7
numVert: 1791489, num_edges: 50888414 and delete batch size: 100

Total execution time of all functions: 25.9402 ms.

Function execution times:
Time of Super graph Creation : 15.96 ms
Time of Eulerian Tour : 8.30 ms
Time of update data structure : 0.71 ms
Time of PR-RST module : 0.50 ms
Time of Pointer Jumping : 0.39 ms
Time of Path Reversal : 0.05 ms
Time of Hash Table look up : 0.01 ms
Time of Update rep array : 0.01 ms


filename: wiki-topcats.egr
Number of deleted tree edges: 66
numVert: 1791489, num_edges: 50888414 and delete batch size: 1000

Total execution time of all functions: 20.0785 ms.

Function execution times:
Time of Super graph Creation : 9.88 ms
Time of Eulerian Tour : 8.20 ms
Time of PR-RST module : 0.79 ms
Time of update data structure : 0.73 ms
Time of Pointer Jumping : 0.40 ms
Time of Path Reversal : 0.06 ms
Time of Hash Table look up : 0.01 ms
Time of Update rep array : 0.01 ms


filename: wiki-topcats.egr
Number of deleted tree edges: 77
numVert: 1791489, num_edges: 50888414 and delete batch size: 1000

Total execution time of all functions: 20.2049 ms.

Function execution times:
Time of Super graph Creation : 9.68 ms
Time of Eulerian Tour : 8.53 ms
Time of PR-RST module : 0.79 ms
Time of update data structure : 0.72 ms
Time of Pointer Jumping : 0.40 ms
Time of Path Reversal : 0.06 ms
Time of Hash Table look up : 0.01 ms
Time of Update rep array : 0.01 ms


filename: wiki-topcats.egr
Number of deleted tree edges: 71
numVert: 1791489, num_edges: 50888414 and delete batch size: 1000

Total execution time of all functions: 20.1715 ms.

Function execution times:
Time of Super graph Creation : 10.00 ms
Time of Eulerian Tour : 8.49 ms
Time of update data structure : 0.71 ms
Time of PR-RST module : 0.48 ms
Time of Pointer Jumping : 0.41 ms
Time of Path Reversal : 0.06 ms
Time of Hash Table look up : 0.01 ms
Time of Update rep array : 0.01 ms


filename: wiki-topcats.egr
Number of deleted tree edges: 58
numVert: 1791489, num_edges: 50888414 and delete batch size: 1000

Total execution time of all functions: 21.138 ms.

Function execution times:
Time of Super graph Creation : 10.81 ms
Time of Eulerian Tour : 8.41 ms
Time of update data structure : 0.73 ms
Time of PR-RST module : 0.71 ms
Time of Pointer Jumping : 0.41 ms
Time of Path Reversal : 0.06 ms
Time of Hash Table look up : 0.01 ms
Time of Update rep array : 0.01 ms


filename: wiki-topcats.egr
Number of deleted tree edges: 66
numVert: 1791489, num_edges: 50888414 and delete batch size: 1000

Total execution time of all functions: 22.3917 ms.

Function execution times:
Time of Super graph Creation : 11.93 ms
Time of Eulerian Tour : 8.45 ms
Time of PR-RST module : 0.79 ms
Time of update data structure : 0.74 ms
Time of Pointer Jumping : 0.41 ms
Time of Path Reversal : 0.06 ms
Time of Hash Table look up : 0.01 ms
Time of Update rep array : 0.01 ms
