

filename: road_usa.egr
Root: 14753373
The input parent array is a BFS tree.
Number of deleted tree edges: 8590
numVert: 23947347, num_edges: 57708624 and delete batch size: 100000

Root: 14753373
Selected Algorithm: HS_ET_ET
Finding Replacement edges using HS.
Number of roots: 1
Number of cross-edges: 8590
Insertion into hashtable over.
num of superComponents: 8591
Reversing the paths using eulerian tour 

Total execution time for Deletion: 105.259 ms.

Function execution times:
Time of ET: First & Last : 50.44 ms
Time of HS: Find Repl edges : 44.74 ms
Time of Pointer Jumping : 5.63 ms
Time of ET: Orientation : 2.63 ms
Time of Update data structure : 1.10 ms
Time of Path Reversal : 0.35 ms
Time of Finding unique comps : 0.32 ms
Time of Hashtable insertion : 0.03 ms
Time of Update rep array : 0.02 ms


Total execution time for Insertion: 0.00 ms.

Function execution times:

Executing validate part.
numComp in the graph: 1


filename: road_usa.egr
Root: 5694542
The input parent array is a BFS tree.
Number of deleted tree edges: 34683
numVert: 23947347, num_edges: 57708624 and delete batch size: 100000

Root: 5694542
Selected Algorithm: HS_ET_ET
Finding Replacement edges using HS.
Number of roots: 1
Number of cross-edges: 34683
Insertion into hashtable over.
num of superComponents: 34684
Reversing the paths using eulerian tour 

Total execution time for Deletion: 149.03 ms.

Function execution times:
Time of HS: Find Repl edges : 91.38 ms
Time of ET: First & Last : 46.93 ms
Time of Pointer Jumping : 6.11 ms
Time of ET: Orientation : 2.71 ms
Time of Update data structure : 1.11 ms
Time of Path Reversal : 0.40 ms
Time of Finding unique comps : 0.36 ms
Time of Hashtable insertion : 0.03 ms
Time of Update rep array : 0.02 ms


Total execution time for Insertion: 0.00 ms.

Function execution times:

Executing validate part.
numComp in the graph: 1


filename: road_usa.egr
Root: 8932850
The input parent array is a BFS tree.
Number of deleted tree edges: 7890
numVert: 23947347, num_edges: 57708624 and delete batch size: 100000

Root: 8932850
Selected Algorithm: HS_ET_ET
Finding Replacement edges using HS.
Number of roots: 1
Number of cross-edges: 7890
Insertion into hashtable over.
num of superComponents: 7891
Reversing the paths using eulerian tour 

Total execution time for Deletion: 83.7627 ms.

Function execution times:
Time of HS: Find Repl edges : 42.28 ms
Time of ET: First & Last : 34.49 ms
Time of Pointer Jumping : 3.90 ms
Time of ET: Orientation : 1.71 ms
Time of Update data structure : 0.85 ms
Time of Path Reversal : 0.25 ms
Time of Finding unique comps : 0.25 ms
Time of Hashtable insertion : 0.02 ms
Time of Update rep array : 0.01 ms


Total execution time for Insertion: 0.00 ms.

Function execution times:

Executing validate part.
numComp in the graph: 1


filename: road_usa.egr
Root: 14494467
The input parent array is a BFS tree.
Number of deleted tree edges: 36778
numVert: 23947347, num_edges: 57708624 and delete batch size: 100000

Root: 14494467
Selected Algorithm: HS_ET_ET
Finding Replacement edges using HS.
Number of roots: 1
Number of cross-edges: 36778
Insertion into hashtable over.
num of superComponents: 36779
Reversing the paths using eulerian tour 

Total execution time for Deletion: 149.395 ms.

Function execution times:
Time of HS: Find Repl edges : 86.31 ms
Time of ET: First & Last : 52.20 ms
Time of Pointer Jumping : 6.14 ms
Time of ET: Orientation : 2.68 ms
Time of Update data structure : 1.14 ms
Time of Path Reversal : 0.56 ms
Time of Finding unique comps : 0.32 ms
Time of Hashtable insertion : 0.03 ms
Time of Update rep array : 0.02 ms


Total execution time for Insertion: 0.00 ms.

Function execution times:

Executing validate part.
numComp in the graph: 1


filename: road_usa.egr
Root: 23411920
The input parent array is a BFS tree.
Number of deleted tree edges: 24072
numVert: 23947347, num_edges: 57708624 and delete batch size: 100000

Root: 23411920
Selected Algorithm: HS_ET_ET
Finding Replacement edges using HS.
Number of roots: 1
Number of cross-edges: 24072
Insertion into hashtable over.
num of superComponents: 24073
Reversing the paths using eulerian tour 

Total execution time for Deletion: 126.931 ms.

Function execution times:
Time of HS: Find Repl edges : 85.80 ms
Time of ET: First & Last : 33.78 ms
Time of Pointer Jumping : 4.12 ms
Time of ET: Orientation : 1.77 ms
Time of Update data structure : 0.81 ms
Time of Path Reversal : 0.35 ms
Time of Finding unique comps : 0.26 ms
Time of Hashtable insertion : 0.02 ms
Time of Update rep array : 0.01 ms


Total execution time for Insertion: 0.00 ms.

Function execution times:

Executing validate part.
numComp in the graph: 1


filename: road_usa.egr
Root: 13703284
The input parent array is a BFS tree.
Number of deleted tree edges: 787
numVert: 23947347, num_edges: 57708624 and delete batch size: 10000

Root: 13703284
Selected Algorithm: HS_ET_ET
Finding Replacement edges using HS.
Number of roots: 1
Number of cross-edges: 787
Insertion into hashtable over.
num of superComponents: 788
Reversing the paths using eulerian tour 

Total execution time for Deletion: 84.5739 ms.

Function execution times:
Time of HS: Find Repl edges : 45.17 ms
Time of ET: First & Last : 34.11 ms
Time of Pointer Jumping : 3.80 ms
Time of Update data structure : 0.80 ms
Time of ET: Orientation : 0.25 ms
Time of Finding unique comps : 0.21 ms
Time of Path Reversal : 0.20 ms
Time of Hashtable insertion : 0.02 ms
Time of Update rep array : 0.01 ms


Total execution time for Insertion: 0.00 ms.

Function execution times:

Executing validate part.
numComp in the graph: 1


filename: road_usa.egr
Root: 12565249
The input parent array is a BFS tree.
Number of deleted tree edges: 1562
numVert: 23947347, num_edges: 57708624 and delete batch size: 10000

Root: 12565249
Selected Algorithm: HS_ET_ET
Finding Replacement edges using HS.
Number of roots: 1
Number of cross-edges: 1562
Insertion into hashtable over.
num of superComponents: 1563
Reversing the paths using eulerian tour 

Total execution time for Deletion: 101 ms.

Function execution times:
Time of ET: First & Last : 52.39 ms
Time of HS: Find Repl edges : 40.33 ms
Time of Pointer Jumping : 5.46 ms
Time of ET: Orientation : 1.18 ms
Time of Update data structure : 1.00 ms
Time of Path Reversal : 0.33 ms
Time of Finding unique comps : 0.27 ms
Time of Hashtable insertion : 0.03 ms
Time of Update rep array : 0.02 ms

Input tree not connected. num_comp: 2
Selected Algorithm: HS_ET_ET
Finding Replacement edges using HS.
Number of roots: 1
Number of cross-edges: 1
Insertion into hashtable over.
num of superComponents: 2
Reversing the paths using eulerian tour 

Total execution time for Insertion: 38.01 ms.

Function execution times:
Time of Eulerian Tour : 29.37 ms
Time of Pointer Jumping : 5.38 ms
Time of HS: Find Repl edges : 1.82 ms
Time of Finding unique comps : 1.00 ms
Time of ET: Orientation : 0.24 ms
Time of Path Reversal : 0.16 ms
Time of Hashtable insertion : 0.02 ms
Time of Update rep array : 0.01 ms

Executing validate part.
numComp in the graph: 1


filename: road_usa.egr
Root: 18694119
The input parent array is a BFS tree.
Number of deleted tree edges: 3179
numVert: 23947347, num_edges: 57708624 and delete batch size: 10000

Root: 18694119
Selected Algorithm: HS_ET_ET
Finding Replacement edges using HS.
Number of roots: 1
Number of cross-edges: 3179
Insertion into hashtable over.
num of superComponents: 3180
Reversing the paths using eulerian tour 

Total execution time for Deletion: 70.1243 ms.

Function execution times:
Time of ET: First & Last : 34.67 ms
Time of HS: Find Repl edges : 28.60 ms
Time of Pointer Jumping : 3.87 ms
Time of ET: Orientation : 1.69 ms
Time of Update data structure : 0.75 ms
Time of Path Reversal : 0.27 ms
Time of Finding unique comps : 0.25 ms
Time of Hashtable insertion : 0.02 ms
Time of Update rep array : 0.01 ms


Total execution time for Insertion: 0.00 ms.

Function execution times:

Executing validate part.
numComp in the graph: 1


filename: road_usa.egr
Root: 22185532
The input parent array is a BFS tree.
Number of deleted tree edges: 3399
numVert: 23947347, num_edges: 57708624 and delete batch size: 10000

Root: 22185532
Selected Algorithm: HS_ET_ET
Finding Replacement edges using HS.
Number of roots: 1
Number of cross-edges: 3399
Insertion into hashtable over.
num of superComponents: 3400
Reversing the paths using eulerian tour 

Total execution time for Deletion: 94.5591 ms.

Function execution times:
Time of ET: First & Last : 52.89 ms
Time of HS: Find Repl edges : 31.80 ms
Time of Pointer Jumping : 5.53 ms
Time of ET: Orientation : 2.63 ms
Time of Update data structure : 1.02 ms
Time of Path Reversal : 0.34 ms
Time of Finding unique comps : 0.30 ms
Time of Hashtable insertion : 0.03 ms
Time of Update rep array : 0.02 ms


Total execution time for Insertion: 0.00 ms.

Function execution times:

Executing validate part.
numComp in the graph: 1


filename: road_usa.egr
Root: 6135569
The input parent array is a BFS tree.
Number of deleted tree edges: 1401
numVert: 23947347, num_edges: 57708624 and delete batch size: 10000

Root: 6135569
Selected Algorithm: HS_ET_ET
Finding Replacement edges using HS.
Number of roots: 1
Number of cross-edges: 1401
Insertion into hashtable over.
num of superComponents: 1402
Reversing the paths using eulerian tour 

Total execution time for Deletion: 88.8725 ms.

Function execution times:
Time of ET: First & Last : 52.42 ms
Time of HS: Find Repl edges : 28.12 ms
Time of Pointer Jumping : 5.44 ms
Time of ET: Orientation : 1.18 ms
Time of Update data structure : 1.05 ms
Time of Path Reversal : 0.34 ms
Time of Finding unique comps : 0.27 ms
Time of Hashtable insertion : 0.03 ms
Time of Update rep array : 0.02 ms


Total execution time for Insertion: 0.00 ms.

Function execution times:

Executing validate part.
numComp in the graph: 1


filename: road_usa.egr
Root: 8267655
The input parent array is a BFS tree.
Number of deleted tree edges: 14
numVert: 23947347, num_edges: 57708624 and delete batch size: 100

Root: 8267655
Selected Algorithm: HS_ET_ET
Finding Replacement edges using HS.
Number of roots: 1
Number of cross-edges: 14
Insertion into hashtable over.
num of superComponents: 15
Reversing the paths using eulerian tour 

Total execution time for Deletion: 76.9113 ms.

Function execution times:
Time of ET: First & Last : 53.50 ms
Time of HS: Find Repl edges : 18.21 ms
Time of Pointer Jumping : 3.77 ms
Time of Update data structure : 0.73 ms
Time of ET: Orientation : 0.29 ms
Time of Path Reversal : 0.23 ms
Time of Finding unique comps : 0.15 ms
Time of Hashtable insertion : 0.02 ms
Time of Update rep array : 0.01 ms


Total execution time for Insertion: 0.00 ms.

Function execution times:

Executing validate part.
numComp in the graph: 1


filename: road_usa.egr
Root: 18685043
The input parent array is a BFS tree.
Number of deleted tree edges: 33
numVert: 23947347, num_edges: 57708624 and delete batch size: 100

Root: 18685043
Selected Algorithm: HS_ET_ET
Finding Replacement edges using HS.
Number of roots: 1
Number of cross-edges: 33
Insertion into hashtable over.
num of superComponents: 34
Reversing the paths using eulerian tour 

Total execution time for Deletion: 54.951 ms.

Function execution times:
Time of ET: First & Last : 33.95 ms
Time of HS: Find Repl edges : 15.92 ms
Time of Pointer Jumping : 3.77 ms
Time of Update data structure : 0.74 ms
Time of ET: Orientation : 0.22 ms
Time of Path Reversal : 0.20 ms
Time of Finding unique comps : 0.13 ms
Time of Hashtable insertion : 0.02 ms
Time of Update rep array : 0.01 ms


Total execution time for Insertion: 0.00 ms.

Function execution times:

Executing validate part.
numComp in the graph: 1


filename: road_usa.egr
Root: 17287316
The input parent array is a BFS tree.
Number of deleted tree edges: 32
numVert: 23947347, num_edges: 57708624 and delete batch size: 100

Root: 17287316
Selected Algorithm: HS_ET_ET
Finding Replacement edges using HS.
Number of roots: 1
Number of cross-edges: 32
Insertion into hashtable over.
num of superComponents: 33
Reversing the paths using eulerian tour 

Total execution time for Deletion: 74.8481 ms.

Function execution times:
Time of ET: First & Last : 50.74 ms
Time of HS: Find Repl edges : 16.91 ms
Time of Pointer Jumping : 5.34 ms
Time of Update data structure : 1.07 ms
Time of ET: Orientation : 0.29 ms
Time of Path Reversal : 0.27 ms
Time of Finding unique comps : 0.18 ms
Time of Hashtable insertion : 0.02 ms
Time of Update rep array : 0.01 ms


Total execution time for Insertion: 0.00 ms.

Function execution times:

Executing validate part.
numComp in the graph: 1


filename: road_usa.egr
Root: 14815811
The input parent array is a BFS tree.
Number of deleted tree edges: 30
numVert: 23947347, num_edges: 57708624 and delete batch size: 100

Root: 14815811
Selected Algorithm: HS_ET_ET
Finding Replacement edges using HS.
Number of roots: 1
Number of cross-edges: 30
Insertion into hashtable over.
num of superComponents: 31
Reversing the paths using eulerian tour 

Total execution time for Deletion: 75.6053 ms.

Function execution times:
Time of ET: First & Last : 54.06 ms
Time of HS: Find Repl edges : 14.85 ms
Time of Pointer Jumping : 5.26 ms
Time of Update data structure : 0.74 ms
Time of ET: Orientation : 0.29 ms
Time of Path Reversal : 0.25 ms
Time of Finding unique comps : 0.13 ms
Time of Hashtable insertion : 0.02 ms
Time of Update rep array : 0.01 ms


Total execution time for Insertion: 0.00 ms.

Function execution times:

Executing validate part.
numComp in the graph: 1


filename: road_usa.egr
Root: 18102605
The input parent array is a BFS tree.
Number of deleted tree edges: 21
numVert: 23947347, num_edges: 57708624 and delete batch size: 100

Root: 18102605
Selected Algorithm: HS_ET_ET
Finding Replacement edges using HS.
Number of roots: 1
Number of cross-edges: 21
Insertion into hashtable over.
num of superComponents: 22
Reversing the paths using eulerian tour 

Total execution time for Deletion: 56.5634 ms.

Function execution times:
Time of ET: First & Last : 34.01 ms
Time of HS: Find Repl edges : 17.49 ms
Time of Pointer Jumping : 3.77 ms
Time of Update data structure : 0.75 ms
Time of ET: Orientation : 0.23 ms
Time of Path Reversal : 0.18 ms
Time of Finding unique comps : 0.12 ms
Time of Hashtable insertion : 0.02 ms
Time of Update rep array : 0.01 ms


Total execution time for Insertion: 0.00 ms.

Function execution times:

Executing validate part.
numComp in the graph: 1


filename: road_usa.egr
Root: 23020883
The input parent array is a BFS tree.
Number of deleted tree edges: 288
numVert: 23947347, num_edges: 57708624 and delete batch size: 1000

Root: 23020883
Selected Algorithm: HS_ET_ET
Finding Replacement edges using HS.
Number of roots: 1
Number of cross-edges: 288
Insertion into hashtable over.
num of superComponents: 289
Reversing the paths using eulerian tour 

Total execution time for Deletion: 84.7799 ms.

Function execution times:
Time of ET: First & Last : 51.91 ms
Time of HS: Find Repl edges : 25.51 ms
Time of Pointer Jumping : 5.37 ms
Time of Update data structure : 1.12 ms
Time of ET: Orientation : 0.31 ms
Time of Path Reversal : 0.27 ms
Time of Finding unique comps : 0.24 ms
Time of Hashtable insertion : 0.03 ms
Time of Update rep array : 0.02 ms


Total execution time for Insertion: 0.00 ms.

Function execution times:

Executing validate part.
numComp in the graph: 1


filename: road_usa.egr
Root: 16112699
The input parent array is a BFS tree.
Number of deleted tree edges: 102
numVert: 23947347, num_edges: 57708624 and delete batch size: 1000

Root: 16112699
Selected Algorithm: HS_ET_ET
Finding Replacement edges using HS.
Number of roots: 1
Number of cross-edges: 102
Insertion into hashtable over.
num of superComponents: 103
Reversing the paths using eulerian tour 

Total execution time for Deletion: 54.1621 ms.

Function execution times:
Time of ET: First & Last : 34.06 ms
Time of HS: Find Repl edges : 14.94 ms
Time of Pointer Jumping : 3.77 ms
Time of Update data structure : 0.78 ms
Time of ET: Orientation : 0.23 ms
Time of Path Reversal : 0.21 ms
Time of Finding unique comps : 0.15 ms
Time of Hashtable insertion : 0.02 ms
Time of Update rep array : 0.01 ms


Total execution time for Insertion: 0.00 ms.

Function execution times:

Executing validate part.
numComp in the graph: 1


filename: road_usa.egr
Root: 2850769
The input parent array is a BFS tree.
Number of deleted tree edges: 250
numVert: 23947347, num_edges: 57708624 and delete batch size: 1000

Root: 2850769
Selected Algorithm: HS_ET_ET
Finding Replacement edges using HS.
Number of roots: 1
Number of cross-edges: 250
Insertion into hashtable over.
num of superComponents: 251
Reversing the paths using eulerian tour 

Total execution time for Deletion: 71.5797 ms.

Function execution times:
Time of ET: First & Last : 51.33 ms
Time of HS: Find Repl edges : 14.87 ms
Time of Pointer Jumping : 3.78 ms
Time of Update data structure : 0.76 ms
Time of ET: Orientation : 0.32 ms
Time of Path Reversal : 0.30 ms
Time of Finding unique comps : 0.18 ms
Time of Hashtable insertion : 0.03 ms
Time of Update rep array : 0.01 ms


Total execution time for Insertion: 0.00 ms.

Function execution times:

Executing validate part.
numComp in the graph: 1


filename: road_usa.egr
Root: 23670788
The input parent array is a BFS tree.
Number of deleted tree edges: 81
numVert: 23947347, num_edges: 57708624 and delete batch size: 1000

Root: 23670788
Selected Algorithm: HS_ET_ET
Finding Replacement edges using HS.
Number of roots: 1
Number of cross-edges: 81
Insertion into hashtable over.
num of superComponents: 82
Reversing the paths using eulerian tour 

Total execution time for Deletion: 49.3847 ms.

Function execution times:
Time of ET: First & Last : 34.06 ms
Time of HS: Find Repl edges : 10.12 ms
Time of Pointer Jumping : 3.77 ms
Time of Update data structure : 0.81 ms
Time of ET: Orientation : 0.24 ms
Time of Path Reversal : 0.22 ms
Time of Finding unique comps : 0.14 ms
Time of Hashtable insertion : 0.02 ms
Time of Update rep array : 0.01 ms


Total execution time for Insertion: 0.00 ms.

Function execution times:

Executing validate part.
numComp in the graph: 1


filename: road_usa.egr
Root: 22936026
The input parent array is a BFS tree.
Number of deleted tree edges: 55
numVert: 23947347, num_edges: 57708624 and delete batch size: 1000

Root: 22936026
Selected Algorithm: HS_ET_ET
Finding Replacement edges using HS.
Number of roots: 1
Number of cross-edges: 55
Insertion into hashtable over.
num of superComponents: 56
Reversing the paths using eulerian tour 

Total execution time for Deletion: 56.3806 ms.

Function execution times:
Time of ET: First & Last : 34.42 ms
Time of HS: Find Repl edges : 16.86 ms
Time of Pointer Jumping : 3.77 ms
Time of Update data structure : 0.74 ms
Time of ET: Orientation : 0.23 ms
Time of Path Reversal : 0.22 ms
Time of Finding unique comps : 0.13 ms
Time of Hashtable insertion : 0.02 ms
Time of Update rep array : 0.01 ms


Total execution time for Insertion: 0.00 ms.

Function execution times:

Executing validate part.
numComp in the graph: 1
