

filename: eu-2005.egr
Root: 161999
The input parent array is a BFS tree.
Number of deleted tree edges: 2598
numVert: 862664, num_edges: 32276936 and delete batch size: 100000

Root: 161999
Selected Algorithm: SG_PR_PR
Finding Replacement edges using SG.
Reversing the paths using PR module 
Executing path_reversal:

Total execution time for Deletion: 10.0686 ms.

Function execution times:
Time of Super graph Creation : 4.76 ms
Time of PR-RST module : 2.51 ms
Time of PR_Shortcut : 1.23 ms
Time of Path Reversal : 0.69 ms
Time of Update data structure : 0.46 ms
Time of Pointer Jumping : 0.24 ms
Time of Finding unique comps : 0.17 ms
Time of Hash Table look up : 0.01 ms
Time of Update rep array : 0.01 ms

Input tree not connected. num_comp: 41
Selected Algorithm: SG_PR_PR
Finding Replacement edges using SG.
Reversing the paths using PR module 
Executing path_reversal:

Total execution time for Insertion: 5.66 ms.

Function execution times:
Time of Super graph Creation : 1.84 ms
Time of PR_Shortcut : 1.17 ms
Time of Finding unique comps : 1.00 ms
Time of PR-RST module : 0.71 ms
Time of Path Reversal : 0.68 ms
Time of Pointer Jumping : 0.24 ms
Time of Hash Table look up : 0.01 ms
Time of Update rep array : 0.01 ms

Executing validate part.
numComp in the graph: 9


filename: eu-2005.egr
Root: 572605
The input parent array is a BFS tree.
Number of deleted tree edges: 2230
numVert: 862664, num_edges: 32276936 and delete batch size: 100000

Root: 572605
Selected Algorithm: SG_PR_PR
Finding Replacement edges using SG.
Reversing the paths using PR module 
Executing path_reversal:

Total execution time for Deletion: 8.58386 ms.

Function execution times:
Time of Super graph Creation : 4.67 ms
Time of PR_Shortcut : 1.18 ms
Time of PR-RST module : 1.14 ms
Time of Path Reversal : 0.68 ms
Time of Update data structure : 0.46 ms
Time of Pointer Jumping : 0.23 ms
Time of Finding unique comps : 0.19 ms
Time of Hash Table look up : 0.01 ms
Time of Update rep array : 0.01 ms

Input tree not connected. num_comp: 52
Selected Algorithm: SG_PR_PR
Finding Replacement edges using SG.
Reversing the paths using PR module 
Executing path_reversal:

Total execution time for Insertion: 5.72 ms.

Function execution times:
Time of Super graph Creation : 1.83 ms
Time of PR_Shortcut : 1.22 ms
Time of Finding unique comps : 1.00 ms
Time of PR-RST module : 0.71 ms
Time of Path Reversal : 0.69 ms
Time of Pointer Jumping : 0.24 ms
Time of Hash Table look up : 0.01 ms
Time of Update rep array : 0.01 ms

Executing validate part.
numComp in the graph: 10


filename: eu-2005.egr
Root: 124966
The input parent array is a BFS tree.
Number of deleted tree edges: 2064
numVert: 862664, num_edges: 32276936 and delete batch size: 100000

Root: 124966
Selected Algorithm: SG_PR_PR
Finding Replacement edges using SG.
Reversing the paths using PR module 
Executing path_reversal:

Total execution time for Deletion: 9.38417 ms.

Function execution times:
Time of Super graph Creation : 4.96 ms
Time of PR-RST module : 1.59 ms
Time of PR_Shortcut : 1.22 ms
Time of Path Reversal : 0.69 ms
Time of Update data structure : 0.48 ms
Time of Pointer Jumping : 0.24 ms
Time of Finding unique comps : 0.19 ms
Time of Hash Table look up : 0.01 ms
Time of Update rep array : 0.01 ms

Input tree not connected. num_comp: 35
Selected Algorithm: SG_PR_PR
Finding Replacement edges using SG.
Reversing the paths using PR module 
Executing path_reversal:

Total execution time for Insertion: 5.70 ms.

Function execution times:
Time of Super graph Creation : 1.84 ms
Time of PR_Shortcut : 1.20 ms
Time of Finding unique comps : 1.00 ms
Time of PR-RST module : 0.71 ms
Time of Path Reversal : 0.68 ms
Time of Pointer Jumping : 0.24 ms
Time of Hash Table look up : 0.01 ms
Time of Update rep array : 0.01 ms

Executing validate part.
numComp in the graph: 15


filename: eu-2005.egr
Root: 371743
The input parent array is a BFS tree.
Number of deleted tree edges: 2148
numVert: 862664, num_edges: 32276936 and delete batch size: 100000

Root: 371743
Selected Algorithm: SG_PR_PR
Finding Replacement edges using SG.
Reversing the paths using PR module 
Executing path_reversal:

Total execution time for Deletion: 9.10421 ms.

Function execution times:
Time of Super graph Creation : 4.71 ms
Time of PR-RST module : 1.61 ms
Time of PR_Shortcut : 1.21 ms
Time of Path Reversal : 0.67 ms
Time of Update data structure : 0.47 ms
Time of Pointer Jumping : 0.23 ms
Time of Finding unique comps : 0.18 ms
Time of Hash Table look up : 0.02 ms
Time of Update rep array : 0.01 ms

Input tree not connected. num_comp: 38
Selected Algorithm: SG_PR_PR
Finding Replacement edges using SG.
Reversing the paths using PR module 
Executing path_reversal:

Total execution time for Insertion: 5.67 ms.

Function execution times:
Time of Super graph Creation : 1.84 ms
Time of PR_Shortcut : 1.18 ms
Time of Finding unique comps : 1.00 ms
Time of PR-RST module : 0.71 ms
Time of Path Reversal : 0.68 ms
Time of Pointer Jumping : 0.24 ms
Time of Hash Table look up : 0.01 ms
Time of Update rep array : 0.01 ms

Executing validate part.
numComp in the graph: 13


filename: eu-2005.egr
Root: 217130
The input parent array is a BFS tree.
Number of deleted tree edges: 1802
numVert: 862664, num_edges: 32276936 and delete batch size: 100000

Root: 217130
Selected Algorithm: SG_PR_PR
Finding Replacement edges using SG.
Reversing the paths using PR module 
Executing path_reversal:

Total execution time for Deletion: 8.54405 ms.

Function execution times:
Time of Super graph Creation : 4.69 ms
Time of PR_Shortcut : 1.20 ms
Time of PR-RST module : 1.05 ms
Time of Path Reversal : 0.68 ms
Time of Update data structure : 0.48 ms
Time of Pointer Jumping : 0.23 ms
Time of Finding unique comps : 0.19 ms
Time of Hash Table look up : 0.01 ms
Time of Update rep array : 0.01 ms

Input tree not connected. num_comp: 43
Selected Algorithm: SG_PR_PR
Finding Replacement edges using SG.
Reversing the paths using PR module 
Executing path_reversal:

Total execution time for Insertion: 5.67 ms.

Function execution times:
Time of Super graph Creation : 1.83 ms
Time of PR_Shortcut : 1.19 ms
Time of Finding unique comps : 1.01 ms
Time of PR-RST module : 0.70 ms
Time of Path Reversal : 0.68 ms
Time of Pointer Jumping : 0.24 ms
Time of Hash Table look up : 0.01 ms
Time of Update rep array : 0.01 ms

Executing validate part.
numComp in the graph: 14


filename: eu-2005.egr
Root: 524742
The input parent array is a BFS tree.
Number of deleted tree edges: 227
numVert: 862664, num_edges: 32276936 and delete batch size: 10000

Root: 524742
Selected Algorithm: SG_PR_PR
Finding Replacement edges using SG.
Reversing the paths using PR module 
Executing path_reversal:

Total execution time for Deletion: 8.52832 ms.

Function execution times:
Time of Super graph Creation : 4.63 ms
Time of PR_Shortcut : 1.23 ms
Time of PR-RST module : 1.15 ms
Time of Path Reversal : 0.68 ms
Time of Update data structure : 0.44 ms
Time of Pointer Jumping : 0.23 ms
Time of Finding unique comps : 0.15 ms
Time of Hash Table look up : 0.01 ms
Time of Update rep array : 0.01 ms

Input tree not connected. num_comp: 9
Selected Algorithm: SG_PR_PR
Finding Replacement edges using SG.
Reversing the paths using PR module 
Executing path_reversal:

Total execution time for Insertion: 5.31 ms.

Function execution times:
Time of Super graph Creation : 1.84 ms
Time of PR_Shortcut : 1.17 ms
Time of Finding unique comps : 1.00 ms
Time of Path Reversal : 0.69 ms
Time of PR-RST module : 0.35 ms
Time of Pointer Jumping : 0.24 ms
Time of Hash Table look up : 0.01 ms
Time of Update rep array : 0.01 ms

Executing validate part.
numComp in the graph: 2


filename: eu-2005.egr
Root: 332201
The input parent array is a BFS tree.
Number of deleted tree edges: 189
numVert: 862664, num_edges: 32276936 and delete batch size: 10000

Root: 332201
Selected Algorithm: SG_PR_PR
Finding Replacement edges using SG.
Reversing the paths using PR module 
Executing path_reversal:

Total execution time for Deletion: 8.43851 ms.

Function execution times:
Time of Super graph Creation : 4.61 ms
Time of PR_Shortcut : 1.21 ms
Time of PR-RST module : 1.10 ms
Time of Path Reversal : 0.68 ms
Time of Update data structure : 0.43 ms
Time of Pointer Jumping : 0.23 ms
Time of Finding unique comps : 0.14 ms
Time of Hash Table look up : 0.01 ms
Time of Update rep array : 0.01 ms

Input tree not connected. num_comp: 9
Selected Algorithm: SG_PR_PR
Finding Replacement edges using SG.
Reversing the paths using PR module 
Executing path_reversal:

Total execution time for Insertion: 5.34 ms.

Function execution times:
Time of Super graph Creation : 1.84 ms
Time of PR_Shortcut : 1.22 ms
Time of Finding unique comps : 1.00 ms
Time of Path Reversal : 0.68 ms
Time of PR-RST module : 0.34 ms
Time of Pointer Jumping : 0.24 ms
Time of Hash Table look up : 0.01 ms
Time of Update rep array : 0.01 ms

Executing validate part.
numComp in the graph: 3


filename: eu-2005.egr
Root: 634448
The input parent array is a BFS tree.
Number of deleted tree edges: 204
numVert: 862664, num_edges: 32276936 and delete batch size: 10000

Root: 634448
Selected Algorithm: SG_PR_PR
Finding Replacement edges using SG.
Reversing the paths using PR module 
Executing path_reversal:

Total execution time for Deletion: 8.12064 ms.

Function execution times:
Time of Super graph Creation : 4.59 ms
Time of PR_Shortcut : 1.18 ms
Time of PR-RST module : 0.81 ms
Time of Path Reversal : 0.69 ms
Time of Update data structure : 0.44 ms
Time of Pointer Jumping : 0.24 ms
Time of Finding unique comps : 0.15 ms
Time of Hash Table look up : 0.01 ms
Time of Update rep array : 0.01 ms

Input tree not connected. num_comp: 7
Selected Algorithm: SG_PR_PR
Finding Replacement edges using SG.
Reversing the paths using PR module 
Executing path_reversal:

Total execution time for Insertion: 5.51 ms.

Function execution times:
Time of Super graph Creation : 1.85 ms
Time of PR_Shortcut : 1.22 ms
Time of Finding unique comps : 1.00 ms
Time of Path Reversal : 0.69 ms
Time of PR-RST module : 0.49 ms
Time of Pointer Jumping : 0.24 ms
Time of Hash Table look up : 0.01 ms
Time of Update rep array : 0.01 ms

Executing validate part.
numComp in the graph: 2


filename: eu-2005.egr
Root: 648734
The input parent array is a BFS tree.
Number of deleted tree edges: 298
numVert: 862664, num_edges: 32276936 and delete batch size: 10000

Root: 648734
Selected Algorithm: SG_PR_PR
Finding Replacement edges using SG.
Reversing the paths using PR module 
Executing path_reversal:

Total execution time for Deletion: 8.46071 ms.

Function execution times:
Time of Super graph Creation : 4.57 ms
Time of PR-RST module : 1.22 ms
Time of PR_Shortcut : 1.16 ms
Time of Path Reversal : 0.67 ms
Time of Update data structure : 0.44 ms
Time of Pointer Jumping : 0.23 ms
Time of Finding unique comps : 0.15 ms
Time of Hash Table look up : 0.01 ms
Time of Update rep array : 0.01 ms

Input tree not connected. num_comp: 12
Selected Algorithm: SG_PR_PR
Finding Replacement edges using SG.
Reversing the paths using PR module 
Executing path_reversal:

Total execution time for Insertion: 5.54 ms.

Function execution times:
Time of Super graph Creation : 1.84 ms
Time of PR_Shortcut : 1.19 ms
Time of Finding unique comps : 1.00 ms
Time of Path Reversal : 0.68 ms
Time of PR-RST module : 0.57 ms
Time of Pointer Jumping : 0.24 ms
Time of Hash Table look up : 0.01 ms
Time of Update rep array : 0.01 ms

Executing validate part.
numComp in the graph: 2


filename: eu-2005.egr
Root: 421669
The input parent array is a BFS tree.
Number of deleted tree edges: 221
numVert: 862664, num_edges: 32276936 and delete batch size: 10000

Root: 421669
Selected Algorithm: SG_PR_PR
Finding Replacement edges using SG.
Reversing the paths using PR module 
Executing path_reversal:

Total execution time for Deletion: 8.75593 ms.

Function execution times:
Time of Super graph Creation : 4.60 ms
Time of PR-RST module : 1.45 ms
Time of PR_Shortcut : 1.18 ms
Time of Path Reversal : 0.68 ms
Time of Update data structure : 0.43 ms
Time of Pointer Jumping : 0.23 ms
Time of Finding unique comps : 0.15 ms
Time of Hash Table look up : 0.01 ms
Time of Update rep array : 0.01 ms

Input tree not connected. num_comp: 6
Selected Algorithm: SG_PR_PR
Finding Replacement edges using SG.
Reversing the paths using PR module 
Executing path_reversal:

Total execution time for Insertion: 5.21 ms.

Function execution times:
Time of Super graph Creation : 1.83 ms
Time of PR_Shortcut : 1.12 ms
Time of Finding unique comps : 1.00 ms
Time of Path Reversal : 0.68 ms
Time of PR-RST module : 0.31 ms
Time of Pointer Jumping : 0.24 ms
Time of Hash Table look up : 0.01 ms
Time of Update rep array : 0.01 ms

Executing validate part.
numComp in the graph: 2


filename: eu-2005.egr
Root: 464095
The input parent array is a BFS tree.
Number of deleted tree edges: 3
numVert: 862664, num_edges: 32276936 and delete batch size: 100

Root: 464095
Selected Algorithm: SG_PR_PR
Finding Replacement edges using SG.
Reversing the paths using PR module 
Executing path_reversal:

Total execution time for Deletion: 7.63007 ms.

Function execution times:
Time of Super graph Creation : 4.57 ms
Time of PR_Shortcut : 1.18 ms
Time of Path Reversal : 0.69 ms
Time of Update data structure : 0.42 ms
Time of PR-RST module : 0.40 ms
Time of Pointer Jumping : 0.23 ms
Time of Finding unique comps : 0.12 ms
Time of Hash Table look up : 0.01 ms
Time of Update rep array : 0.01 ms

Input tree not connected. num_comp: 3
Selected Algorithm: SG_PR_PR
Finding Replacement edges using SG.
Reversing the paths using PR module 
Executing path_reversal:

Total execution time for Insertion: 4.09 ms.

Function execution times:
Time of PR_Shortcut : 1.11 ms
Time of Finding unique comps : 1.00 ms
Time of Super graph Creation : 0.78 ms
Time of Path Reversal : 0.68 ms
Time of PR-RST module : 0.26 ms
Time of Pointer Jumping : 0.24 ms
Time of Hash Table look up : 0.01 ms
Time of Update rep array : 0.01 ms

Executing validate part.
numComp in the graph: 1


filename: eu-2005.egr
Root: 17434
The input parent array is a BFS tree.
Number of deleted tree edges: 4
numVert: 862664, num_edges: 32276936 and delete batch size: 100

Root: 17434
Selected Algorithm: SG_PR_PR
Finding Replacement edges using SG.
Reversing the paths using PR module 
Executing path_reversal:

Total execution time for Deletion: 7.61617 ms.

Function execution times:
Time of Super graph Creation : 4.50 ms
Time of PR_Shortcut : 1.18 ms
Time of Path Reversal : 0.68 ms
Time of PR-RST module : 0.46 ms
Time of Update data structure : 0.42 ms
Time of Pointer Jumping : 0.23 ms
Time of Finding unique comps : 0.12 ms
Time of Hash Table look up : 0.01 ms
Time of Update rep array : 0.01 ms

Input tree not connected. num_comp: 2
Selected Algorithm: SG_PR_PR
Finding Replacement edges using SG.
Reversing the paths using PR module 
Executing path_reversal:

Total execution time for Insertion: 4.20 ms.

Function execution times:
Time of PR_Shortcut : 1.24 ms
Time of Finding unique comps : 1.00 ms
Time of Super graph Creation : 0.77 ms
Time of Path Reversal : 0.69 ms
Time of Pointer Jumping : 0.24 ms
Time of PR-RST module : 0.24 ms
Time of Hash Table look up : 0.01 ms
Time of Update rep array : 0.01 ms

Executing validate part.
numComp in the graph: 2


filename: eu-2005.egr
Root: 747301
The input parent array is a BFS tree.
Number of deleted tree edges: 1
numVert: 862664, num_edges: 32276936 and delete batch size: 100

Root: 747301
Selected Algorithm: SG_PR_PR
Finding Replacement edges using SG.
Reversing the paths using PR module 
Executing path_reversal:

Total execution time for Deletion: 7.26426 ms.

Function execution times:
Time of Super graph Creation : 4.38 ms
Time of PR_Shortcut : 1.17 ms
Time of Path Reversal : 0.68 ms
Time of Update data structure : 0.44 ms
Time of Pointer Jumping : 0.23 ms
Time of PR-RST module : 0.22 ms
Time of Finding unique comps : 0.12 ms
Time of Hash Table look up : 0.01 ms
Time of Update rep array : 0.01 ms

Input tree not connected. num_comp: 2
Selected Algorithm: SG_PR_PR
Finding Replacement edges using SG.
Reversing the paths using PR module 
Executing path_reversal:

Total execution time for Insertion: 4.13 ms.

Function execution times:
Time of PR_Shortcut : 1.19 ms
Time of Finding unique comps : 0.99 ms
Time of Super graph Creation : 0.78 ms
Time of Path Reversal : 0.68 ms
Time of Pointer Jumping : 0.24 ms
Time of PR-RST module : 0.22 ms
Time of Hash Table look up : 0.01 ms
Time of Update rep array : 0.01 ms

Executing validate part.
numComp in the graph: 2


filename: eu-2005.egr
Root: 244516
The input parent array is a BFS tree.
Number of deleted tree edges: 1
numVert: 862664, num_edges: 32276936 and delete batch size: 100

Root: 244516
Selected Algorithm: SG_PR_PR
Finding Replacement edges using SG.
Reversing the paths using PR module 
Executing path_reversal:

Total execution time for Deletion: 7.25602 ms.

Function execution times:
Time of Super graph Creation : 4.39 ms
Time of PR_Shortcut : 1.17 ms
Time of Path Reversal : 0.67 ms
Time of Update data structure : 0.42 ms
Time of Pointer Jumping : 0.23 ms
Time of PR-RST module : 0.22 ms
Time of Finding unique comps : 0.12 ms
Time of Hash Table look up : 0.01 ms
Time of Update rep array : 0.01 ms


Total execution time for Insertion: 0.00 ms.

Function execution times:

Executing validate part.
numComp in the graph: 1


filename: eu-2005.egr
Root: 501773
The input parent array is a BFS tree.
Number of deleted tree edges: 1
numVert: 862664, num_edges: 32276936 and delete batch size: 100

Root: 501773
Selected Algorithm: SG_PR_PR
Finding Replacement edges using SG.
Reversing the paths using PR module 
Executing path_reversal:

Total execution time for Deletion: 7.27525 ms.

Function execution times:
Time of Super graph Creation : 4.38 ms
Time of PR_Shortcut : 1.18 ms
Time of Path Reversal : 0.69 ms
Time of Update data structure : 0.43 ms
Time of Pointer Jumping : 0.23 ms
Time of PR-RST module : 0.22 ms
Time of Finding unique comps : 0.12 ms
Time of Hash Table look up : 0.01 ms
Time of Update rep array : 0.01 ms

Input tree not connected. num_comp: 2
Selected Algorithm: SG_PR_PR
Finding Replacement edges using SG.
Reversing the paths using PR module 
Executing path_reversal:

Total execution time for Insertion: 4.13 ms.

Function execution times:
Time of PR_Shortcut : 1.17 ms
Time of Finding unique comps : 1.00 ms
Time of Super graph Creation : 0.78 ms
Time of Path Reversal : 0.69 ms
Time of Pointer Jumping : 0.24 ms
Time of PR-RST module : 0.23 ms
Time of Hash Table look up : 0.01 ms
Time of Update rep array : 0.01 ms

Executing validate part.
numComp in the graph: 1


filename: eu-2005.egr
Root: 711640
The input parent array is a BFS tree.
Number of deleted tree edges: 17
numVert: 862664, num_edges: 32276936 and delete batch size: 1000

Root: 711640
Selected Algorithm: SG_PR_PR
Finding Replacement edges using SG.
Reversing the paths using PR module 
Executing path_reversal:

Total execution time for Deletion: 7.77205 ms.

Function execution times:
Time of Super graph Creation : 4.47 ms
Time of PR_Shortcut : 1.22 ms
Time of Path Reversal : 0.68 ms
Time of PR-RST module : 0.60 ms
Time of Update data structure : 0.43 ms
Time of Pointer Jumping : 0.23 ms
Time of Finding unique comps : 0.13 ms
Time of Hash Table look up : 0.01 ms
Time of Update rep array : 0.01 ms

Input tree not connected. num_comp: 3
Selected Algorithm: SG_PR_PR
Finding Replacement edges using SG.
Reversing the paths using PR module 
Executing path_reversal:

Total execution time for Insertion: 4.30 ms.

Function execution times:
Time of PR_Shortcut : 1.17 ms
Time of Finding unique comps : 1.00 ms
Time of Super graph Creation : 0.78 ms
Time of Path Reversal : 0.68 ms
Time of PR-RST module : 0.42 ms
Time of Pointer Jumping : 0.24 ms
Time of Hash Table look up : 0.01 ms
Time of Update rep array : 0.01 ms

Executing validate part.
numComp in the graph: 2


filename: eu-2005.egr
Root: 118121
The input parent array is a BFS tree.
Number of deleted tree edges: 22
numVert: 862664, num_edges: 32276936 and delete batch size: 1000

Root: 118121
Selected Algorithm: SG_PR_PR
Finding Replacement edges using SG.
Reversing the paths using PR module 
Executing path_reversal:

Total execution time for Deletion: 7.43451 ms.

Function execution times:
Time of Super graph Creation : 4.35 ms
Time of PR_Shortcut : 1.21 ms
Time of Path Reversal : 0.68 ms
Time of Update data structure : 0.46 ms
Time of PR-RST module : 0.36 ms
Time of Pointer Jumping : 0.23 ms
Time of Finding unique comps : 0.12 ms
Time of Hash Table look up : 0.01 ms
Time of Update rep array : 0.01 ms


Total execution time for Insertion: 0.00 ms.

Function execution times:

Executing validate part.
numComp in the graph: 1


filename: eu-2005.egr
Root: 201088
The input parent array is a BFS tree.
Number of deleted tree edges: 14
numVert: 862664, num_edges: 32276936 and delete batch size: 1000

Root: 201088
Selected Algorithm: SG_PR_PR
Finding Replacement edges using SG.
Reversing the paths using PR module 
Executing path_reversal:

Total execution time for Deletion: 7.41409 ms.

Function execution times:
Time of Super graph Creation : 4.45 ms
Time of PR_Shortcut : 1.14 ms
Time of Path Reversal : 0.68 ms
Time of Update data structure : 0.44 ms
Time of PR-RST module : 0.33 ms
Time of Pointer Jumping : 0.23 ms
Time of Finding unique comps : 0.12 ms
Time of Hash Table look up : 0.01 ms
Time of Update rep array : 0.01 ms

Input tree not connected. num_comp: 2
Selected Algorithm: SG_PR_PR
Finding Replacement edges using SG.
Reversing the paths using PR module 
Executing path_reversal:

Total execution time for Insertion: 4.04 ms.

Function execution times:
Time of PR_Shortcut : 1.09 ms
Time of Finding unique comps : 1.00 ms
Time of Super graph Creation : 0.78 ms
Time of Path Reversal : 0.69 ms
Time of Pointer Jumping : 0.24 ms
Time of PR-RST module : 0.23 ms
Time of Hash Table look up : 0.01 ms
Time of Update rep array : 0.01 ms

Executing validate part.
numComp in the graph: 1


filename: eu-2005.egr
Root: 225210
The input parent array is a BFS tree.
Number of deleted tree edges: 24
numVert: 862664, num_edges: 32276936 and delete batch size: 1000

Root: 225210
Selected Algorithm: SG_PR_PR
Finding Replacement edges using SG.
Reversing the paths using PR module 
Executing path_reversal:

Total execution time for Deletion: 7.79744 ms.

Function execution times:
Time of Super graph Creation : 4.50 ms
Time of PR_Shortcut : 1.18 ms
Time of Path Reversal : 0.68 ms
Time of PR-RST module : 0.60 ms
Time of Update data structure : 0.46 ms
Time of Pointer Jumping : 0.23 ms
Time of Finding unique comps : 0.12 ms
Time of Hash Table look up : 0.01 ms
Time of Update rep array : 0.01 ms

Input tree not connected. num_comp: 2
Selected Algorithm: SG_PR_PR
Finding Replacement edges using SG.
Reversing the paths using PR module 
Executing path_reversal:

Total execution time for Insertion: 4.13 ms.

Function execution times:
Time of PR_Shortcut : 1.18 ms
Time of Finding unique comps : 1.00 ms
Time of Super graph Creation : 0.78 ms
Time of Path Reversal : 0.68 ms
Time of Pointer Jumping : 0.24 ms
Time of PR-RST module : 0.22 ms
Time of Hash Table look up : 0.01 ms
Time of Update rep array : 0.01 ms

Executing validate part.
numComp in the graph: 2


filename: eu-2005.egr
Root: 60146
The input parent array is a BFS tree.
Number of deleted tree edges: 24
numVert: 862664, num_edges: 32276936 and delete batch size: 1000

Root: 60146
Selected Algorithm: SG_PR_PR
Finding Replacement edges using SG.
Reversing the paths using PR module 
Executing path_reversal:

Total execution time for Deletion: 7.81941 ms.

Function execution times:
Time of Super graph Creation : 4.51 ms
Time of PR_Shortcut : 1.20 ms
Time of Path Reversal : 0.69 ms
Time of PR-RST module : 0.61 ms
Time of Update data structure : 0.43 ms
Time of Pointer Jumping : 0.23 ms
Time of Finding unique comps : 0.13 ms
Time of Hash Table look up : 0.01 ms
Time of Update rep array : 0.01 ms

Input tree not connected. num_comp: 2
Selected Algorithm: SG_PR_PR
Finding Replacement edges using SG.
Reversing the paths using PR module 
Executing path_reversal:

Total execution time for Insertion: 4.15 ms.

Function execution times:
Time of PR_Shortcut : 1.21 ms
Time of Finding unique comps : 1.00 ms
Time of Super graph Creation : 0.78 ms
Time of Path Reversal : 0.68 ms
Time of Pointer Jumping : 0.24 ms
Time of PR-RST module : 0.22 ms
Time of Hash Table look up : 0.01 ms
Time of Update rep array : 0.01 ms

Executing validate part.
numComp in the graph: 1
