

filename: in-2004.egr
Root: 686103
The input parent array is a BFS tree.
Number of deleted tree edges: 696
numVert: 1382908, num_edges: 27183212 and delete batch size: 100000

Root: 686103
Selected Algorithm: SG_PR_PR
Finding Replacement edges using SG.
Reversing the paths using PR module 
Executing path_reversal:

Total execution time for Deletion: 9.28126 ms.

Function execution times:
Time of Super graph Creation : 4.23 ms
Time of PR_Shortcut : 2.13 ms
Time of PR-RST module : 1.32 ms
Time of Path Reversal : 0.81 ms
Time of Update data structure : 0.33 ms
Time of Pointer Jumping : 0.28 ms
Time of Finding unique comps : 0.16 ms
Time of Hash Table look up : 0.01 ms
Time of Update rep array : 0.01 ms

Input tree not connected. num_comp: 26
Selected Algorithm: SG_PR_PR
Finding Replacement edges using SG.
Reversing the paths using PR module 
Executing path_reversal:

Total execution time for Insertion: 6.68 ms.

Function execution times:
Time of PR_Shortcut : 2.15 ms
Time of Super graph Creation : 1.80 ms
Time of Finding unique comps : 1.00 ms
Time of Path Reversal : 0.80 ms
Time of PR-RST module : 0.62 ms
Time of Pointer Jumping : 0.29 ms
Time of Hash Table look up : 0.01 ms
Time of Update rep array : 0.01 ms

Executing validate part.
numComp in the graph: 8


filename: in-2004.egr
Root: 1194691
The input parent array is a BFS tree.
Number of deleted tree edges: 728
numVert: 1382908, num_edges: 27183212 and delete batch size: 100000

Root: 1194691
Selected Algorithm: SG_PR_PR
Finding Replacement edges using SG.
Reversing the paths using PR module 
Executing path_reversal:

Total execution time for Deletion: 10.8769 ms.

Function execution times:
Time of Super graph Creation : 4.24 ms
Time of PR-RST module : 2.91 ms
Time of PR_Shortcut : 2.12 ms
Time of Path Reversal : 0.82 ms
Time of Update data structure : 0.33 ms
Time of Pointer Jumping : 0.28 ms
Time of Finding unique comps : 0.15 ms
Time of Hash Table look up : 0.01 ms
Time of Update rep array : 0.01 ms

Input tree not connected. num_comp: 26
Selected Algorithm: SG_PR_PR
Finding Replacement edges using SG.
Reversing the paths using PR module 
Executing path_reversal:

Total execution time for Insertion: 6.70 ms.

Function execution times:
Time of PR_Shortcut : 2.14 ms
Time of Super graph Creation : 1.79 ms
Time of Finding unique comps : 1.00 ms
Time of Path Reversal : 0.82 ms
Time of PR-RST module : 0.64 ms
Time of Pointer Jumping : 0.29 ms
Time of Hash Table look up : 0.01 ms
Time of Update rep array : 0.01 ms

Executing validate part.
numComp in the graph: 6


filename: in-2004.egr
Root: 806524
The input parent array is a BFS tree.
Number of deleted tree edges: 923
numVert: 1382908, num_edges: 27183212 and delete batch size: 100000

Root: 806524
Selected Algorithm: SG_PR_PR
Finding Replacement edges using SG.
Reversing the paths using PR module 
Executing path_reversal:

Total execution time for Deletion: 9.02715 ms.

Function execution times:
Time of Super graph Creation : 4.30 ms
Time of PR_Shortcut : 2.11 ms
Time of PR-RST module : 0.99 ms
Time of Path Reversal : 0.82 ms
Time of Update data structure : 0.35 ms
Time of Pointer Jumping : 0.28 ms
Time of Finding unique comps : 0.16 ms
Time of Hash Table look up : 0.02 ms
Time of Update rep array : 0.01 ms

Input tree not connected. num_comp: 17
Selected Algorithm: SG_PR_PR
Finding Replacement edges using SG.
Reversing the paths using PR module 
Executing path_reversal:

Total execution time for Insertion: 6.68 ms.

Function execution times:
Time of PR_Shortcut : 2.12 ms
Time of Super graph Creation : 1.78 ms
Time of Finding unique comps : 1.01 ms
Time of Path Reversal : 0.82 ms
Time of PR-RST module : 0.63 ms
Time of Pointer Jumping : 0.29 ms
Time of Hash Table look up : 0.01 ms
Time of Update rep array : 0.01 ms

Executing validate part.
numComp in the graph: 5


filename: in-2004.egr
Root: 472130
The input parent array is a BFS tree.
Number of deleted tree edges: 842
numVert: 1382908, num_edges: 27183212 and delete batch size: 100000

Root: 472130
Selected Algorithm: SG_PR_PR
Finding Replacement edges using SG.
Reversing the paths using PR module 
Executing path_reversal:

Total execution time for Deletion: 9.63984 ms.

Function execution times:
Time of Super graph Creation : 4.24 ms
Time of PR_Shortcut : 2.03 ms
Time of PR-RST module : 1.74 ms
Time of Path Reversal : 0.82 ms
Time of Update data structure : 0.33 ms
Time of Pointer Jumping : 0.28 ms
Time of Finding unique comps : 0.16 ms
Time of Hash Table look up : 0.02 ms
Time of Update rep array : 0.01 ms

Input tree not connected. num_comp: 29
Selected Algorithm: SG_PR_PR
Finding Replacement edges using SG.
Reversing the paths using PR module 
Executing path_reversal:

Total execution time for Insertion: 6.66 ms.

Function execution times:
Time of PR_Shortcut : 2.12 ms
Time of Super graph Creation : 1.80 ms
Time of Finding unique comps : 0.99 ms
Time of Path Reversal : 0.81 ms
Time of PR-RST module : 0.63 ms
Time of Pointer Jumping : 0.29 ms
Time of Hash Table look up : 0.01 ms
Time of Update rep array : 0.01 ms

Executing validate part.
numComp in the graph: 10


filename: in-2004.egr
Root: 1257961
The input parent array is a BFS tree.
Number of deleted tree edges: 598
numVert: 1382908, num_edges: 27183212 and delete batch size: 100000

Root: 1257961
Selected Algorithm: SG_PR_PR
Finding Replacement edges using SG.
Reversing the paths using PR module 
Executing path_reversal:

Total execution time for Deletion: 9.69336 ms.

Function execution times:
Time of Super graph Creation : 4.27 ms
Time of PR_Shortcut : 2.09 ms
Time of PR-RST module : 1.73 ms
Time of Path Reversal : 0.82 ms
Time of Update data structure : 0.34 ms
Time of Pointer Jumping : 0.28 ms
Time of Finding unique comps : 0.15 ms
Time of Hash Table look up : 0.01 ms
Time of Update rep array : 0.01 ms

Input tree not connected. num_comp: 22
Selected Algorithm: SG_PR_PR
Finding Replacement edges using SG.
Reversing the paths using PR module 
Executing path_reversal:

Total execution time for Insertion: 6.71 ms.

Function execution times:
Time of PR_Shortcut : 2.14 ms
Time of Super graph Creation : 1.78 ms
Time of Finding unique comps : 1.01 ms
Time of Path Reversal : 0.82 ms
Time of PR-RST module : 0.64 ms
Time of Pointer Jumping : 0.29 ms
Time of Hash Table look up : 0.01 ms
Time of Update rep array : 0.01 ms

Executing validate part.
numComp in the graph: 7


filename: in-2004.egr
Root: 1198062
The input parent array is a BFS tree.
Number of deleted tree edges: 62
numVert: 1382908, num_edges: 27183212 and delete batch size: 10000

Root: 1198062
Selected Algorithm: SG_PR_PR
Finding Replacement edges using SG.
Reversing the paths using PR module 
Executing path_reversal:

Total execution time for Deletion: 8.72031 ms.

Function execution times:
Time of Super graph Creation : 4.13 ms
Time of PR_Shortcut : 2.13 ms
Time of PR-RST module : 0.93 ms
Time of Path Reversal : 0.81 ms
Time of Update data structure : 0.29 ms
Time of Pointer Jumping : 0.28 ms
Time of Finding unique comps : 0.13 ms
Time of Hash Table look up : 0.01 ms
Time of Update rep array : 0.01 ms

Input tree not connected. num_comp: 3
Selected Algorithm: SG_PR_PR
Finding Replacement edges using SG.
Reversing the paths using PR module 
Executing path_reversal:

Total execution time for Insertion: 6.47 ms.

Function execution times:
Time of PR_Shortcut : 2.12 ms
Time of Super graph Creation : 1.79 ms
Time of Finding unique comps : 1.00 ms
Time of Path Reversal : 0.82 ms
Time of PR-RST module : 0.42 ms
Time of Pointer Jumping : 0.29 ms
Time of Hash Table look up : 0.01 ms
Time of Update rep array : 0.01 ms

Executing validate part.
numComp in the graph: 2


filename: in-2004.egr
Root: 796999
The input parent array is a BFS tree.
Number of deleted tree edges: 90
numVert: 1382908, num_edges: 27183212 and delete batch size: 10000

Root: 796999
Selected Algorithm: SG_PR_PR
Finding Replacement edges using SG.
Reversing the paths using PR module 
Executing path_reversal:

Total execution time for Deletion: 8.95844 ms.

Function execution times:
Time of Super graph Creation : 4.25 ms
Time of PR_Shortcut : 2.10 ms
Time of PR-RST module : 1.04 ms
Time of Path Reversal : 0.82 ms
Time of Update data structure : 0.30 ms
Time of Pointer Jumping : 0.28 ms
Time of Finding unique comps : 0.14 ms
Time of Hash Table look up : 0.01 ms
Time of Update rep array : 0.01 ms

Input tree not connected. num_comp: 5
Selected Algorithm: SG_PR_PR
Finding Replacement edges using SG.
Reversing the paths using PR module 
Executing path_reversal:

Total execution time for Insertion: 6.36 ms.

Function execution times:
Time of PR_Shortcut : 2.14 ms
Time of Super graph Creation : 1.78 ms
Time of Finding unique comps : 1.01 ms
Time of Path Reversal : 0.82 ms
Time of PR-RST module : 0.31 ms
Time of Pointer Jumping : 0.29 ms
Time of Hash Table look up : 0.01 ms
Time of Update rep array : 0.01 ms

Executing validate part.
numComp in the graph: 1


filename: in-2004.egr
Root: 252863
The input parent array is a BFS tree.
Number of deleted tree edges: 86
numVert: 1382908, num_edges: 27183212 and delete batch size: 10000

Root: 252863
Selected Algorithm: SG_PR_PR
Finding Replacement edges using SG.
Reversing the paths using PR module 
Executing path_reversal:

Total execution time for Deletion: 8.89245 ms.

Function execution times:
Time of Super graph Creation : 4.21 ms
Time of PR_Shortcut : 2.10 ms
Time of PR-RST module : 1.02 ms
Time of Path Reversal : 0.82 ms
Time of Update data structure : 0.31 ms
Time of Pointer Jumping : 0.28 ms
Time of Finding unique comps : 0.14 ms
Time of Hash Table look up : 0.01 ms
Time of Update rep array : 0.01 ms

Input tree not connected. num_comp: 2
Selected Algorithm: SG_PR_PR
Finding Replacement edges using SG.
Reversing the paths using PR module 
Executing path_reversal:

Total execution time for Insertion: 6.25 ms.

Function execution times:
Time of PR_Shortcut : 2.11 ms
Time of Super graph Creation : 1.79 ms
Time of Finding unique comps : 1.00 ms
Time of Path Reversal : 0.82 ms
Time of Pointer Jumping : 0.29 ms
Time of PR-RST module : 0.23 ms
Time of Hash Table look up : 0.01 ms
Time of Update rep array : 0.01 ms

Executing validate part.
numComp in the graph: 1


filename: in-2004.egr
Root: 514685
The input parent array is a BFS tree.
Number of deleted tree edges: 82
numVert: 1382908, num_edges: 27183212 and delete batch size: 10000

Root: 514685
Selected Algorithm: SG_PR_PR
Finding Replacement edges using SG.
Reversing the paths using PR module 
Executing path_reversal:

Total execution time for Deletion: 8.57318 ms.

Function execution times:
Time of Super graph Creation : 4.22 ms
Time of PR_Shortcut : 2.09 ms
Time of Path Reversal : 0.81 ms
Time of PR-RST module : 0.73 ms
Time of Update data structure : 0.29 ms
Time of Pointer Jumping : 0.27 ms
Time of Finding unique comps : 0.14 ms
Time of Hash Table look up : 0.01 ms
Time of Update rep array : 0.01 ms

Input tree not connected. num_comp: 6
Selected Algorithm: SG_PR_PR
Finding Replacement edges using SG.
Reversing the paths using PR module 
Executing path_reversal:

Total execution time for Insertion: 6.56 ms.

Function execution times:
Time of PR_Shortcut : 2.13 ms
Time of Super graph Creation : 1.78 ms
Time of Finding unique comps : 1.01 ms
Time of Path Reversal : 0.82 ms
Time of PR-RST module : 0.51 ms
Time of Pointer Jumping : 0.29 ms
Time of Hash Table look up : 0.01 ms
Time of Update rep array : 0.01 ms

Executing validate part.
numComp in the graph: 2


filename: in-2004.egr
Root: 1318035
The input parent array is a BFS tree.
Number of deleted tree edges: 84
numVert: 1382908, num_edges: 27183212 and delete batch size: 10000

Root: 1318035
Selected Algorithm: SG_PR_PR
Finding Replacement edges using SG.
Reversing the paths using PR module 
Executing path_reversal:

Total execution time for Deletion: 8.69994 ms.

Function execution times:
Time of Super graph Creation : 4.22 ms
Time of PR_Shortcut : 2.12 ms
Time of Path Reversal : 0.81 ms
Time of PR-RST module : 0.73 ms
Time of Update data structure : 0.38 ms
Time of Pointer Jumping : 0.28 ms
Time of Finding unique comps : 0.14 ms
Time of Hash Table look up : 0.01 ms
Time of Update rep array : 0.01 ms

Input tree not connected. num_comp: 4
Selected Algorithm: SG_PR_PR
Finding Replacement edges using SG.
Reversing the paths using PR module 
Executing path_reversal:

Total execution time for Insertion: 6.46 ms.

Function execution times:
Time of PR_Shortcut : 2.11 ms
Time of Super graph Creation : 1.79 ms
Time of Finding unique comps : 1.01 ms
Time of Path Reversal : 0.82 ms
Time of PR-RST module : 0.42 ms
Time of Pointer Jumping : 0.29 ms
Time of Hash Table look up : 0.01 ms
Time of Update rep array : 0.01 ms

Executing validate part.
numComp in the graph: 3


filename: in-2004.egr
Root: 1299414
The input parent array is a BFS tree.
Number of deleted tree edges: 1
numVert: 1382908, num_edges: 27183212 and delete batch size: 100

Root: 1299414
Selected Algorithm: SG_PR_PR
Finding Replacement edges using SG.
Reversing the paths using PR module 
Executing path_reversal:

Total execution time for Deletion: 7.86469 ms.

Function execution times:
Time of Super graph Creation : 4.05 ms
Time of PR_Shortcut : 2.10 ms
Time of Path Reversal : 0.82 ms
Time of Update data structure : 0.29 ms
Time of Pointer Jumping : 0.28 ms
Time of PR-RST module : 0.21 ms
Time of Finding unique comps : 0.10 ms
Time of Hash Table look up : 0.01 ms
Time of Update rep array : 0.01 ms


Total execution time for Insertion: 0.00 ms.

Function execution times:

Executing validate part.
numComp in the graph: 1


filename: in-2004.egr
Root: 1283134
The input parent array is a BFS tree.
Number of deleted tree edges: 1
numVert: 1382908, num_edges: 27183212 and delete batch size: 100

Root: 1283134
Selected Algorithm: SG_PR_PR
Finding Replacement edges using SG.
Reversing the paths using PR module 
Executing path_reversal:

Total execution time for Deletion: 7.93164 ms.

Function execution times:
Time of Super graph Creation : 4.07 ms
Time of PR_Shortcut : 2.11 ms
Time of Path Reversal : 0.81 ms
Time of Update data structure : 0.29 ms
Time of Pointer Jumping : 0.28 ms
Time of PR-RST module : 0.22 ms
Time of Finding unique comps : 0.12 ms
Time of Hash Table look up : 0.01 ms
Time of Update rep array : 0.01 ms

Input tree not connected. num_comp: 2
Selected Algorithm: SG_PR_PR
Finding Replacement edges using SG.
Reversing the paths using PR module 
Executing path_reversal:

Total execution time for Insertion: 5.18 ms.

Function execution times:
Time of PR_Shortcut : 2.10 ms
Time of Finding unique comps : 1.00 ms
Time of Path Reversal : 0.82 ms
Time of Super graph Creation : 0.73 ms
Time of Pointer Jumping : 0.29 ms
Time of PR-RST module : 0.22 ms
Time of Hash Table look up : 0.01 ms
Time of Update rep array : 0.01 ms

Executing validate part.
numComp in the graph: 2


filename: in-2004.egr
Root: 1094441
The input parent array is a BFS tree.
Number of deleted tree edges: 1
numVert: 1382908, num_edges: 27183212 and delete batch size: 100

Root: 1094441
Selected Algorithm: SG_PR_PR
Finding Replacement edges using SG.
Reversing the paths using PR module 
Executing path_reversal:

Total execution time for Deletion: 7.94125 ms.

Function execution times:
Time of Super graph Creation : 4.05 ms
Time of PR_Shortcut : 2.10 ms
Time of Path Reversal : 0.81 ms
Time of Update data structure : 0.33 ms
Time of Pointer Jumping : 0.28 ms
Time of PR-RST module : 0.22 ms
Time of Finding unique comps : 0.12 ms
Time of Hash Table look up : 0.01 ms
Time of Update rep array : 0.01 ms


Total execution time for Insertion: 0.00 ms.

Function execution times:

Executing validate part.
numComp in the graph: 1


filename: in-2004.egr
Root: 1357574
The input parent array is a BFS tree.
Number of deleted tree edges: 5
numVert: 1382908, num_edges: 27183212 and delete batch size: 100

Root: 1357574
Selected Algorithm: SG_PR_PR
Finding Replacement edges using SG.
Reversing the paths using PR module 
Executing path_reversal:

Total execution time for Deletion: 8.23008 ms.

Function execution times:
Time of Super graph Creation : 4.14 ms
Time of PR_Shortcut : 2.09 ms
Time of Path Reversal : 0.81 ms
Time of PR-RST module : 0.46 ms
Time of Update data structure : 0.30 ms
Time of Pointer Jumping : 0.28 ms
Time of Finding unique comps : 0.12 ms
Time of Hash Table look up : 0.01 ms
Time of Update rep array : 0.01 ms

Input tree not connected. num_comp: 2
Selected Algorithm: SG_PR_PR
Finding Replacement edges using SG.
Reversing the paths using PR module 
Executing path_reversal:

Total execution time for Insertion: 5.21 ms.

Function execution times:
Time of PR_Shortcut : 2.13 ms
Time of Finding unique comps : 1.00 ms
Time of Path Reversal : 0.82 ms
Time of Super graph Creation : 0.73 ms
Time of Pointer Jumping : 0.29 ms
Time of PR-RST module : 0.22 ms
Time of Hash Table look up : 0.01 ms
Time of Update rep array : 0.01 ms

Executing validate part.
numComp in the graph: 2


filename: in-2004.egr
Root: 633566
The input parent array is a BFS tree.
Number of deleted tree edges: 1
numVert: 1382908, num_edges: 27183212 and delete batch size: 100

Root: 633566
Selected Algorithm: SG_PR_PR
Finding Replacement edges using SG.
Reversing the paths using PR module 
Executing path_reversal:

Total execution time for Deletion: 7.85249 ms.

Function execution times:
Time of Super graph Creation : 4.04 ms
Time of PR_Shortcut : 2.08 ms
Time of Path Reversal : 0.82 ms
Time of Pointer Jumping : 0.28 ms
Time of Update data structure : 0.28 ms
Time of PR-RST module : 0.22 ms
Time of Finding unique comps : 0.12 ms
Time of Hash Table look up : 0.01 ms
Time of Update rep array : 0.01 ms

Input tree not connected. num_comp: 2
Selected Algorithm: SG_PR_PR
Finding Replacement edges using SG.
Reversing the paths using PR module 
Executing path_reversal:

Total execution time for Insertion: 5.25 ms.

Function execution times:
Time of PR_Shortcut : 2.15 ms
Time of Finding unique comps : 1.00 ms
Time of Path Reversal : 0.83 ms
Time of Super graph Creation : 0.73 ms
Time of Pointer Jumping : 0.29 ms
Time of PR-RST module : 0.23 ms
Time of Hash Table look up : 0.01 ms
Time of Update rep array : 0.01 ms

Executing validate part.
numComp in the graph: 1


filename: in-2004.egr
Root: 780830
The input parent array is a BFS tree.
Number of deleted tree edges: 10
numVert: 1382908, num_edges: 27183212 and delete batch size: 1000

Root: 780830
Selected Algorithm: SG_PR_PR
Finding Replacement edges using SG.
Reversing the paths using PR module 
Executing path_reversal:

Total execution time for Deletion: 8.23174 ms.

Function execution times:
Time of Super graph Creation : 4.17 ms
Time of PR_Shortcut : 2.00 ms
Time of Path Reversal : 0.82 ms
Time of PR-RST module : 0.53 ms
Time of Update data structure : 0.29 ms
Time of Pointer Jumping : 0.28 ms
Time of Finding unique comps : 0.12 ms
Time of Hash Table look up : 0.01 ms
Time of Update rep array : 0.01 ms

Input tree not connected. num_comp: 3
Selected Algorithm: SG_PR_PR
Finding Replacement edges using SG.
Reversing the paths using PR module 
Executing path_reversal:

Total execution time for Insertion: 5.26 ms.

Function execution times:
Time of PR_Shortcut : 2.13 ms
Time of Finding unique comps : 1.01 ms
Time of Path Reversal : 0.82 ms
Time of Super graph Creation : 0.74 ms
Time of Pointer Jumping : 0.29 ms
Time of PR-RST module : 0.26 ms
Time of Hash Table look up : 0.01 ms
Time of Update rep array : 0.01 ms

Executing validate part.
numComp in the graph: 2


filename: in-2004.egr
Root: 1249130
The input parent array is a BFS tree.
Number of deleted tree edges: 8
numVert: 1382908, num_edges: 27183212 and delete batch size: 1000

Root: 1249130
Selected Algorithm: SG_PR_PR
Finding Replacement edges using SG.
Reversing the paths using PR module 
Executing path_reversal:

Total execution time for Deletion: 8.29039 ms.

Function execution times:
Time of Super graph Creation : 4.11 ms
Time of PR_Shortcut : 2.13 ms
Time of Path Reversal : 0.81 ms
Time of PR-RST module : 0.53 ms
Time of Update data structure : 0.29 ms
Time of Pointer Jumping : 0.28 ms
Time of Finding unique comps : 0.12 ms
Time of Hash Table look up : 0.01 ms
Time of Update rep array : 0.01 ms

Input tree not connected. num_comp: 2
Selected Algorithm: SG_PR_PR
Finding Replacement edges using SG.
Reversing the paths using PR module 
Executing path_reversal:

Total execution time for Insertion: 5.21 ms.

Function execution times:
Time of PR_Shortcut : 2.14 ms
Time of Finding unique comps : 1.00 ms
Time of Path Reversal : 0.82 ms
Time of Super graph Creation : 0.74 ms
Time of Pointer Jumping : 0.29 ms
Time of PR-RST module : 0.22 ms
Time of Hash Table look up : 0.01 ms
Time of Update rep array : 0.01 ms

Executing validate part.
numComp in the graph: 2


filename: in-2004.egr
Root: 604355
The input parent array is a BFS tree.
Number of deleted tree edges: 6
numVert: 1382908, num_edges: 27183212 and delete batch size: 1000

Root: 604355
Selected Algorithm: SG_PR_PR
Finding Replacement edges using SG.
Reversing the paths using PR module 
Executing path_reversal:

Total execution time for Deletion: 8.20819 ms.

Function execution times:
Time of Super graph Creation : 4.13 ms
Time of PR_Shortcut : 2.09 ms
Time of Path Reversal : 0.81 ms
Time of PR-RST module : 0.47 ms
Time of Update data structure : 0.28 ms
Time of Pointer Jumping : 0.28 ms
Time of Finding unique comps : 0.12 ms
Time of Hash Table look up : 0.01 ms
Time of Update rep array : 0.01 ms

Input tree not connected. num_comp: 2
Selected Algorithm: SG_PR_PR
Finding Replacement edges using SG.
Reversing the paths using PR module 
Executing path_reversal:

Total execution time for Insertion: 5.22 ms.

Function execution times:
Time of PR_Shortcut : 2.15 ms
Time of Finding unique comps : 1.00 ms
Time of Path Reversal : 0.81 ms
Time of Super graph Creation : 0.73 ms
Time of Pointer Jumping : 0.29 ms
Time of PR-RST module : 0.22 ms
Time of Hash Table look up : 0.01 ms
Time of Update rep array : 0.01 ms

Executing validate part.
numComp in the graph: 2


filename: in-2004.egr
Root: 1238349
The input parent array is a BFS tree.
Number of deleted tree edges: 5
numVert: 1382908, num_edges: 27183212 and delete batch size: 1000

Root: 1238349
Selected Algorithm: SG_PR_PR
Finding Replacement edges using SG.
Reversing the paths using PR module 
Executing path_reversal:

Total execution time for Deletion: 8.18643 ms.

Function execution times:
Time of Super graph Creation : 4.12 ms
Time of PR_Shortcut : 2.09 ms
Time of Path Reversal : 0.81 ms
Time of PR-RST module : 0.46 ms
Time of Update data structure : 0.28 ms
Time of Pointer Jumping : 0.28 ms
Time of Finding unique comps : 0.12 ms
Time of Hash Table look up : 0.01 ms
Time of Update rep array : 0.01 ms

Input tree not connected. num_comp: 2
Selected Algorithm: SG_PR_PR
Finding Replacement edges using SG.
Reversing the paths using PR module 
Executing path_reversal:

Total execution time for Insertion: 5.23 ms.

Function execution times:
Time of PR_Shortcut : 2.15 ms
Time of Finding unique comps : 1.00 ms
Time of Path Reversal : 0.82 ms
Time of Super graph Creation : 0.73 ms
Time of Pointer Jumping : 0.29 ms
Time of PR-RST module : 0.22 ms
Time of Hash Table look up : 0.01 ms
Time of Update rep array : 0.01 ms

Executing validate part.
numComp in the graph: 2


filename: in-2004.egr
Root: 1253130
The input parent array is a BFS tree.
Number of deleted tree edges: 9
numVert: 1382908, num_edges: 27183212 and delete batch size: 1000

Root: 1253130
Selected Algorithm: SG_PR_PR
Finding Replacement edges using SG.
Reversing the paths using PR module 
Executing path_reversal:

Total execution time for Deletion: 8.31539 ms.

Function execution times:
Time of Super graph Creation : 4.14 ms
Time of PR_Shortcut : 2.11 ms
Time of Path Reversal : 0.82 ms
Time of PR-RST module : 0.55 ms
Time of Pointer Jumping : 0.28 ms
Time of Update data structure : 0.28 ms
Time of Finding unique comps : 0.12 ms
Time of Hash Table look up : 0.01 ms
Time of Update rep array : 0.01 ms

Input tree not connected. num_comp: 2
Selected Algorithm: SG_PR_PR
Finding Replacement edges using SG.
Reversing the paths using PR module 
Executing path_reversal:

Total execution time for Insertion: 5.22 ms.

Function execution times:
Time of PR_Shortcut : 2.14 ms
Time of Finding unique comps : 1.00 ms
Time of Path Reversal : 0.82 ms
Time of Super graph Creation : 0.73 ms
Time of Pointer Jumping : 0.29 ms
Time of PR-RST module : 0.23 ms
Time of Hash Table look up : 0.01 ms
Time of Update rep array : 0.01 ms

Executing validate part.
numComp in the graph: 1
