

filename: indochina-2004.egr
Root: 6863001
The input parent array is a BFS tree.
Number of deleted tree edges: 785
numVert: 7414866, num_edges: 301970226 and delete batch size: 100000

Root: 6863001
Selected Algorithm: SG_PR_PR
Finding Replacement edges using SG.
Reversing the paths using PR module 
Executing path_reversal:

Total execution time for Deletion: 74.8733 ms.

Function execution times:
Time of Super graph Creation : 42.67 ms
Time of PR_Shortcut : 20.19 ms
Time of Path Reversal : 4.15 ms
Time of Update data structure : 3.99 ms
Time of Pointer Jumping : 1.47 ms
Time of PR-RST module : 1.33 ms
Time of Finding unique comps : 1.03 ms
Time of Hash Table look up : 0.02 ms
Time of Update rep array : 0.02 ms

Input tree not connected. num_comp: 12
Selected Algorithm: SG_PR_PR
Finding Replacement edges using SG.
Reversing the paths using PR module 
Executing path_reversal:

Total execution time for Insertion: 25.55 ms.

Function execution times:
Time of PR_Shortcut : 15.70 ms
Time of Path Reversal : 4.19 ms
Time of Super graph Creation : 2.72 ms
Time of Pointer Jumping : 1.47 ms
Time of Finding unique comps : 1.00 ms
Time of PR-RST module : 0.43 ms
Time of Hash Table look up : 0.01 ms
Time of Update rep array : 0.01 ms

Executing validate part.
numComp in the graph: 3


filename: indochina-2004.egr
Root: 1129355
The input parent array is a BFS tree.
Number of deleted tree edges: 538
numVert: 7414866, num_edges: 301970226 and delete batch size: 100000

Root: 1129355
Selected Algorithm: SG_PR_PR
Finding Replacement edges using SG.
Reversing the paths using PR module 
Executing path_reversal:

Total execution time for Deletion: 71.1744 ms.

Function execution times:
Time of Super graph Creation : 42.48 ms
Time of PR_Shortcut : 16.61 ms
Time of Path Reversal : 4.13 ms
Time of Update data structure : 4.13 ms
Time of Pointer Jumping : 1.47 ms
Time of PR-RST module : 1.28 ms
Time of Finding unique comps : 1.03 ms
Time of Hash Table look up : 0.02 ms
Time of Update rep array : 0.02 ms

Input tree not connected. num_comp: 17
Selected Algorithm: SG_PR_PR
Finding Replacement edges using SG.
Reversing the paths using PR module 
Executing path_reversal:

Total execution time for Insertion: 25.81 ms.

Function execution times:
Time of PR_Shortcut : 15.67 ms
Time of Path Reversal : 4.16 ms
Time of Super graph Creation : 2.72 ms
Time of Pointer Jumping : 1.47 ms
Time of Finding unique comps : 1.01 ms
Time of PR-RST module : 0.76 ms
Time of Hash Table look up : 0.01 ms
Time of Update rep array : 0.01 ms

Executing validate part.
numComp in the graph: 3


filename: indochina-2004.egr
Root: 2694213
The input parent array is a BFS tree.
Number of deleted tree edges: 539
numVert: 7414866, num_edges: 301970226 and delete batch size: 100000

Root: 2694213
Selected Algorithm: SG_PR_PR
Finding Replacement edges using SG.
Reversing the paths using PR module 
Executing path_reversal:

Total execution time for Deletion: 74.1584 ms.

Function execution times:
Time of Super graph Creation : 42.74 ms
Time of PR_Shortcut : 15.95 ms
Time of Pointer Jumping : 5.55 ms
Time of Update data structure : 3.80 ms
Time of Path Reversal : 3.25 ms
Time of PR-RST module : 1.81 ms
Time of Finding unique comps : 1.03 ms
Time of Hash Table look up : 0.02 ms
Time of Update rep array : 0.01 ms

Input tree not connected. num_comp: 14
Selected Algorithm: SG_PR_PR
Finding Replacement edges using SG.
Reversing the paths using PR module 
Executing path_reversal:

Total execution time for Insertion: 21.33 ms.

Function execution times:
Time of PR_Shortcut : 13.53 ms
Time of Path Reversal : 3.29 ms
Time of Super graph Creation : 2.02 ms
Time of Pointer Jumping : 1.12 ms
Time of Finding unique comps : 1.00 ms
Time of PR-RST module : 0.35 ms
Time of Hash Table look up : 0.01 ms
Time of Update rep array : 0.01 ms

Executing validate part.
numComp in the graph: 2


filename: indochina-2004.egr
Root: 6958167
The input parent array is a BFS tree.
Number of deleted tree edges: 674
numVert: 7414866, num_edges: 301970226 and delete batch size: 100000

Root: 6958167
Selected Algorithm: SG_PR_PR
Finding Replacement edges using SG.
Reversing the paths using PR module 
Executing path_reversal:

Total execution time for Deletion: 69.0084 ms.

Function execution times:
Time of Super graph Creation : 41.21 ms
Time of PR_Shortcut : 15.38 ms
Time of Path Reversal : 3.86 ms
Time of Update data structure : 3.80 ms
Time of PR-RST module : 2.22 ms
Time of Pointer Jumping : 1.47 ms
Time of Finding unique comps : 1.03 ms
Time of Hash Table look up : 0.02 ms
Time of Update rep array : 0.02 ms

Input tree not connected. num_comp: 13
Selected Algorithm: SG_PR_PR
Finding Replacement edges using SG.
Reversing the paths using PR module 
Executing path_reversal:

Total execution time for Insertion: 25.70 ms.

Function execution times:
Time of PR_Shortcut : 15.94 ms
Time of Path Reversal : 3.89 ms
Time of Super graph Creation : 2.83 ms
Time of Pointer Jumping : 1.36 ms
Time of Finding unique comps : 1.01 ms
Time of PR-RST module : 0.65 ms
Time of Hash Table look up : 0.01 ms
Time of Update rep array : 0.01 ms

Executing validate part.
numComp in the graph: 3


filename: indochina-2004.egr
Root: 5966092
The input parent array is a BFS tree.
Number of deleted tree edges: 847
numVert: 7414866, num_edges: 301970226 and delete batch size: 100000

Root: 5966092
Selected Algorithm: SG_PR_PR
Finding Replacement edges using SG.
Reversing the paths using PR module 
Executing path_reversal:

Total execution time for Deletion: 72.0052 ms.

Function execution times:
Time of Super graph Creation : 43.63 ms
Time of PR_Shortcut : 15.90 ms
Time of Path Reversal : 4.15 ms
Time of Update data structure : 3.90 ms
Time of PR-RST module : 1.87 ms
Time of Pointer Jumping : 1.47 ms
Time of Finding unique comps : 1.04 ms
Time of Hash Table look up : 0.02 ms
Time of Update rep array : 0.02 ms

Input tree not connected. num_comp: 13
Selected Algorithm: SG_PR_PR
Finding Replacement edges using SG.
Reversing the paths using PR module 
Executing path_reversal:

Total execution time for Insertion: 24.09 ms.

Function execution times:
Time of PR_Shortcut : 15.32 ms
Time of Path Reversal : 3.13 ms
Time of Super graph Creation : 2.72 ms
Time of Pointer Jumping : 1.47 ms
Time of Finding unique comps : 1.00 ms
Time of PR-RST module : 0.43 ms
Time of Hash Table look up : 0.01 ms
Time of Update rep array : 0.01 ms

Executing validate part.
numComp in the graph: 2


filename: indochina-2004.egr
Root: 3937943
The input parent array is a BFS tree.
Number of deleted tree edges: 64
numVert: 7414866, num_edges: 301970226 and delete batch size: 10000

Root: 3937943
Selected Algorithm: SG_PR_PR
Finding Replacement edges using SG.
Reversing the paths using PR module 
Executing path_reversal:

Total execution time for Deletion: 70.5653 ms.

Function execution times:
Time of Super graph Creation : 42.58 ms
Time of PR_Shortcut : 16.58 ms
Time of Path Reversal : 4.14 ms
Time of Update data structure : 3.81 ms
Time of Pointer Jumping : 1.47 ms
Time of Finding unique comps : 1.00 ms
Time of PR-RST module : 0.96 ms
Time of Hash Table look up : 0.02 ms
Time of Update rep array : 0.01 ms

Input tree not connected. num_comp: 3
Selected Algorithm: SG_PR_PR
Finding Replacement edges using SG.
Reversing the paths using PR module 
Executing path_reversal:

Total execution time for Insertion: 23.06 ms.

Function execution times:
Time of PR_Shortcut : 15.26 ms
Time of Path Reversal : 3.13 ms
Time of Super graph Creation : 1.66 ms
Time of Pointer Jumping : 1.46 ms
Time of Finding unique comps : 1.01 ms
Time of PR-RST module : 0.52 ms
Time of Update rep array : 0.01 ms
Time of Hash Table look up : 0.01 ms

Executing validate part.
numComp in the graph: 2


filename: indochina-2004.egr
Root: 1578489
The input parent array is a BFS tree.
Number of deleted tree edges: 76
numVert: 7414866, num_edges: 301970226 and delete batch size: 10000

Root: 1578489
Selected Algorithm: SG_PR_PR
Finding Replacement edges using SG.
Reversing the paths using PR module 
Executing path_reversal:

Total execution time for Deletion: 67.5746 ms.

Function execution times:
Time of Super graph Creation : 42.15 ms
Time of PR_Shortcut : 14.44 ms
Time of Update data structure : 3.77 ms
Time of Path Reversal : 3.46 ms
Time of Pointer Jumping : 1.47 ms
Time of PR-RST module : 1.23 ms
Time of Finding unique comps : 1.01 ms
Time of Hash Table look up : 0.02 ms
Time of Update rep array : 0.01 ms

Input tree not connected. num_comp: 5
Selected Algorithm: SG_PR_PR
Finding Replacement edges using SG.
Reversing the paths using PR module 
Executing path_reversal:

Total execution time for Insertion: 26.56 ms.

Function execution times:
Time of PR_Shortcut : 18.57 ms
Time of Path Reversal : 3.50 ms
Time of Super graph Creation : 1.91 ms
Time of Pointer Jumping : 1.21 ms
Time of Finding unique comps : 1.01 ms
Time of PR-RST module : 0.33 ms
Time of Hash Table look up : 0.01 ms
Time of Update rep array : 0.01 ms

Executing validate part.
numComp in the graph: 3


filename: indochina-2004.egr
Root: 4801561
The input parent array is a BFS tree.
Number of deleted tree edges: 82
numVert: 7414866, num_edges: 301970226 and delete batch size: 10000

Root: 4801561
Selected Algorithm: SG_PR_PR
Finding Replacement edges using SG.
Reversing the paths using PR module 
Executing path_reversal:

Total execution time for Deletion: 70.4491 ms.

Function execution times:
Time of Super graph Creation : 42.63 ms
Time of PR_Shortcut : 16.48 ms
Time of Path Reversal : 4.15 ms
Time of Update data structure : 3.70 ms
Time of Pointer Jumping : 1.47 ms
Time of Finding unique comps : 1.00 ms
Time of PR-RST module : 0.99 ms
Time of Hash Table look up : 0.02 ms
Time of Update rep array : 0.01 ms

Input tree not connected. num_comp: 3
Selected Algorithm: SG_PR_PR
Finding Replacement edges using SG.
Reversing the paths using PR module 
Executing path_reversal:

Total execution time for Insertion: 25.53 ms.

Function execution times:
Time of PR_Shortcut : 16.65 ms
Time of Path Reversal : 4.20 ms
Time of Super graph Creation : 1.66 ms
Time of Pointer Jumping : 1.47 ms
Time of Finding unique comps : 1.00 ms
Time of PR-RST module : 0.53 ms
Time of Hash Table look up : 0.01 ms
Time of Update rep array : 0.01 ms

Executing validate part.
numComp in the graph: 2


filename: indochina-2004.egr
Root: 6066720
The input parent array is a BFS tree.
Number of deleted tree edges: 51
numVert: 7414866, num_edges: 301970226 and delete batch size: 10000

Root: 6066720
Selected Algorithm: SG_PR_PR
Finding Replacement edges using SG.
Reversing the paths using PR module 
Executing path_reversal:

Total execution time for Deletion: 67.6654 ms.

Function execution times:
Time of Super graph Creation : 40.48 ms
Time of PR_Shortcut : 15.80 ms
Time of Path Reversal : 4.17 ms
Time of Update data structure : 3.79 ms
Time of Pointer Jumping : 1.48 ms
Time of Finding unique comps : 1.00 ms
Time of PR-RST module : 0.91 ms
Time of Hash Table look up : 0.02 ms
Time of Update rep array : 0.01 ms

Input tree not connected. num_comp: 3
Selected Algorithm: SG_PR_PR
Finding Replacement edges using SG.
Reversing the paths using PR module 
Executing path_reversal:

Total execution time for Insertion: 25.58 ms.

Function execution times:
Time of PR_Shortcut : 16.69 ms
Time of Path Reversal : 4.22 ms
Time of Super graph Creation : 1.65 ms
Time of Pointer Jumping : 1.47 ms
Time of Finding unique comps : 1.01 ms
Time of PR-RST module : 0.52 ms
Time of Hash Table look up : 0.01 ms
Time of Update rep array : 0.01 ms

Executing validate part.
numComp in the graph: 2


filename: indochina-2004.egr
Root: 7338722
The input parent array is a BFS tree.
Number of deleted tree edges: 41
numVert: 7414866, num_edges: 301970226 and delete batch size: 10000

Root: 7338722
Selected Algorithm: SG_PR_PR
Finding Replacement edges using SG.
Reversing the paths using PR module 
Executing path_reversal:

Total execution time for Deletion: 68.4479 ms.

Function execution times:
Time of Super graph Creation : 40.59 ms
Time of PR_Shortcut : 16.57 ms
Time of Path Reversal : 4.14 ms
Time of Update data structure : 3.71 ms
Time of Pointer Jumping : 1.47 ms
Time of Finding unique comps : 1.00 ms
Time of PR-RST module : 0.92 ms
Time of Hash Table look up : 0.02 ms
Time of Update rep array : 0.01 ms

Input tree not connected. num_comp: 3
Selected Algorithm: SG_PR_PR
Finding Replacement edges using SG.
Reversing the paths using PR module 
Executing path_reversal:

Total execution time for Insertion: 25.18 ms.

Function execution times:
Time of PR_Shortcut : 16.54 ms
Time of Path Reversal : 4.17 ms
Time of Super graph Creation : 1.66 ms
Time of Pointer Jumping : 1.47 ms
Time of Finding unique comps : 1.00 ms
Time of PR-RST module : 0.32 ms
Time of Hash Table look up : 0.01 ms
Time of Update rep array : 0.01 ms

Executing validate part.
numComp in the graph: 2


filename: indochina-2004.egr
Root: 5776972
The input parent array is a BFS tree.
Number of deleted tree edges: 3
numVert: 7414866, num_edges: 301970226 and delete batch size: 100

Root: 5776972
Selected Algorithm: SG_PR_PR
Finding Replacement edges using SG.
Reversing the paths using PR module 
Executing path_reversal:

Total execution time for Deletion: 64.6791 ms.

Function execution times:
Time of Super graph Creation : 37.15 ms
Time of PR_Shortcut : 16.53 ms
Time of Path Reversal : 4.15 ms
Time of Update data structure : 3.84 ms
Time of Pointer Jumping : 1.47 ms
Time of Finding unique comps : 1.00 ms
Time of PR-RST module : 0.51 ms
Time of Hash Table look up : 0.02 ms
Time of Update rep array : 0.01 ms

Input tree not connected. num_comp: 2
Selected Algorithm: SG_PR_PR
Finding Replacement edges using SG.
Reversing the paths using PR module 
Executing path_reversal:

Total execution time for Insertion: 24.26 ms.

Function execution times:
Time of PR_Shortcut : 16.69 ms
Time of Path Reversal : 4.20 ms
Time of Pointer Jumping : 1.47 ms
Time of Finding unique comps : 1.00 ms
Time of Super graph Creation : 0.60 ms
Time of PR-RST module : 0.27 ms
Time of Hash Table look up : 0.01 ms
Time of Update rep array : 0.01 ms

Executing validate part.
numComp in the graph: 2


filename: indochina-2004.egr
Root: 892411
The input parent array is a BFS tree.
Number of deleted tree edges: 0
numVert: 7414866, num_edges: 301970226 and delete batch size: 100

Root: 892411
Selected Algorithm: SG_PR_PR
Finding Replacement edges using SG.

Total execution time for Deletion: 41.3063 ms.

Function execution times:
Time of Super graph Creation : 35.14 ms
Time of Update data structure : 3.67 ms
Time of Pointer Jumping : 1.47 ms
Time of Finding unique comps : 1.01 ms
Time of Update rep array : 0.01 ms


Total execution time for Insertion: 0.00 ms.

Function execution times:

Executing validate part.
numComp in the graph: 1


filename: indochina-2004.egr
Root: 6357439
The input parent array is a BFS tree.
Number of deleted tree edges: 1
numVert: 7414866, num_edges: 301970226 and delete batch size: 100

Root: 6357439
Selected Algorithm: SG_PR_PR
Finding Replacement edges using SG.
Reversing the paths using PR module 
Executing path_reversal:

Total execution time for Deletion: 64.1236 ms.

Function execution times:
Time of Super graph Creation : 37.01 ms
Time of PR_Shortcut : 16.51 ms
Time of Path Reversal : 4.13 ms
Time of Update data structure : 3.68 ms
Time of Pointer Jumping : 1.48 ms
Time of Finding unique comps : 1.00 ms
Time of PR-RST module : 0.29 ms
Time of Hash Table look up : 0.02 ms
Time of Update rep array : 0.01 ms


Total execution time for Insertion: 0.00 ms.

Function execution times:

Executing validate part.
numComp in the graph: 1


filename: indochina-2004.egr
Root: 5706101
The input parent array is a BFS tree.
Number of deleted tree edges: 1
numVert: 7414866, num_edges: 301970226 and delete batch size: 100

Root: 5706101
Selected Algorithm: SG_PR_PR
Finding Replacement edges using SG.
Reversing the paths using PR module 
Executing path_reversal:

Total execution time for Deletion: 67.0503 ms.

Function execution times:
Time of Super graph Creation : 37.16 ms
Time of PR_Shortcut : 16.62 ms
Time of Update data structure : 6.32 ms
Time of Path Reversal : 4.15 ms
Time of Pointer Jumping : 1.47 ms
Time of Finding unique comps : 1.00 ms
Time of PR-RST module : 0.29 ms
Time of Hash Table look up : 0.02 ms
Time of Update rep array : 0.01 ms


Total execution time for Insertion: 0.00 ms.

Function execution times:

Executing validate part.
numComp in the graph: 1


filename: indochina-2004.egr
Root: 1345945
The input parent array is a BFS tree.
Number of deleted tree edges: 0
numVert: 7414866, num_edges: 301970226 and delete batch size: 100

Root: 1345945
Selected Algorithm: SG_PR_PR
Finding Replacement edges using SG.

Total execution time for Deletion: 41.3068 ms.

Function execution times:
Time of Super graph Creation : 35.05 ms
Time of Update data structure : 3.78 ms
Time of Pointer Jumping : 1.47 ms
Time of Finding unique comps : 0.99 ms
Time of Update rep array : 0.01 ms


Total execution time for Insertion: 0.00 ms.

Function execution times:

Executing validate part.
numComp in the graph: 1


filename: indochina-2004.egr
Root: 7176667
The input parent array is a BFS tree.
Number of deleted tree edges: 5
numVert: 7414866, num_edges: 301970226 and delete batch size: 1000

Root: 7176667
Selected Algorithm: SG_PR_PR
Finding Replacement edges using SG.
Reversing the paths using PR module 
Executing path_reversal:

Total execution time for Deletion: 64.143 ms.

Function execution times:
Time of Super graph Creation : 39.43 ms
Time of PR_Shortcut : 14.45 ms
Time of Update data structure : 3.71 ms
Time of Path Reversal : 3.43 ms
Time of Pointer Jumping : 1.47 ms
Time of Finding unique comps : 0.99 ms
Time of PR-RST module : 0.63 ms
Time of Hash Table look up : 0.02 ms
Time of Update rep array : 0.01 ms

Input tree not connected. num_comp: 2
Selected Algorithm: SG_PR_PR
Finding Replacement edges using SG.
Reversing the paths using PR module 
Executing path_reversal:

Total execution time for Insertion: 21.32 ms.

Function execution times:
Time of PR_Shortcut : 14.53 ms
Time of Path Reversal : 3.45 ms
Time of Pointer Jumping : 1.19 ms
Time of Finding unique comps : 1.00 ms
Time of Super graph Creation : 0.88 ms
Time of PR-RST module : 0.24 ms
Time of Hash Table look up : 0.01 ms
Time of Update rep array : 0.01 ms

Executing validate part.
numComp in the graph: 2


filename: indochina-2004.egr
Root: 2889599
The input parent array is a BFS tree.
Number of deleted tree edges: 6
numVert: 7414866, num_edges: 301970226 and delete batch size: 1000

Root: 2889599
Selected Algorithm: SG_PR_PR
Finding Replacement edges using SG.
Reversing the paths using PR module 
Executing path_reversal:

Total execution time for Deletion: 63.9519 ms.

Function execution times:
Time of Super graph Creation : 39.41 ms
Time of PR_Shortcut : 14.39 ms
Time of Update data structure : 3.81 ms
Time of Path Reversal : 3.44 ms
Time of Pointer Jumping : 1.47 ms
Time of Finding unique comps : 1.00 ms
Time of PR-RST module : 0.40 ms
Time of Hash Table look up : 0.02 ms
Time of Update rep array : 0.02 ms

Input tree not connected. num_comp: 2
Selected Algorithm: SG_PR_PR
Finding Replacement edges using SG.
Reversing the paths using PR module 
Executing path_reversal:

Total execution time for Insertion: 21.26 ms.

Function execution times:
Time of PR_Shortcut : 14.45 ms
Time of Path Reversal : 3.46 ms
Time of Pointer Jumping : 1.20 ms
Time of Finding unique comps : 1.01 ms
Time of Super graph Creation : 0.87 ms
Time of PR-RST module : 0.24 ms
Time of Update rep array : 0.01 ms
Time of Hash Table look up : 0.01 ms

Executing validate part.
numComp in the graph: 1


filename: indochina-2004.egr
Root: 2812188
The input parent array is a BFS tree.
Number of deleted tree edges: 1
numVert: 7414866, num_edges: 301970226 and delete batch size: 1000

Root: 2812188
Selected Algorithm: SG_PR_PR
Finding Replacement edges using SG.
Reversing the paths using PR module 
Executing path_reversal:

Total execution time for Deletion: 62.3952 ms.

Function execution times:
Time of Super graph Creation : 37.25 ms
Time of PR_Shortcut : 15.31 ms
Time of Update data structure : 3.67 ms
Time of Path Reversal : 3.38 ms
Time of Pointer Jumping : 1.47 ms
Time of Finding unique comps : 1.00 ms
Time of PR-RST module : 0.29 ms
Time of Hash Table look up : 0.02 ms
Time of Update rep array : 0.01 ms


Total execution time for Insertion: 0.00 ms.

Function execution times:

Executing validate part.
numComp in the graph: 1


filename: indochina-2004.egr
Root: 2434156
The input parent array is a BFS tree.
Number of deleted tree edges: 2
numVert: 7414866, num_edges: 301970226 and delete batch size: 1000

Root: 2434156
Selected Algorithm: SG_PR_PR
Finding Replacement edges using SG.
Reversing the paths using PR module 
Executing path_reversal:

Total execution time for Deletion: 71.3406 ms.

Function execution times:
Time of Super graph Creation : 37.25 ms
Time of PR_Shortcut : 14.43 ms
Time of Pointer Jumping : 6.96 ms
Time of Update data structure : 5.00 ms
Time of Path Reversal : 3.47 ms
Time of PR-RST module : 3.20 ms
Time of Finding unique comps : 0.99 ms
Time of Hash Table look up : 0.02 ms
Time of Update rep array : 0.01 ms

Input tree not connected. num_comp: 2
Selected Algorithm: SG_PR_PR
Finding Replacement edges using SG.
Reversing the paths using PR module 
Executing path_reversal:

Total execution time for Insertion: 21.45 ms.

Function execution times:
Time of PR_Shortcut : 14.62 ms
Time of Path Reversal : 3.49 ms
Time of Pointer Jumping : 1.21 ms
Time of Finding unique comps : 1.00 ms
Time of Super graph Creation : 0.86 ms
Time of PR-RST module : 0.24 ms
Time of Update rep array : 0.01 ms
Time of Hash Table look up : 0.01 ms

Executing validate part.
numComp in the graph: 2


filename: indochina-2004.egr
Root: 4017097
The input parent array is a BFS tree.
Number of deleted tree edges: 10
numVert: 7414866, num_edges: 301970226 and delete batch size: 1000

Root: 4017097
Selected Algorithm: SG_PR_PR
Finding Replacement edges using SG.
Reversing the paths using PR module 
Executing path_reversal:

Total execution time for Deletion: 67.1735 ms.

Function execution times:
Time of Super graph Creation : 39.48 ms
Time of PR_Shortcut : 16.61 ms
Time of Path Reversal : 4.15 ms
Time of Update data structure : 3.70 ms
Time of Pointer Jumping : 1.47 ms
Time of Finding unique comps : 1.00 ms
Time of PR-RST module : 0.73 ms
Time of Hash Table look up : 0.02 ms
Time of Update rep array : 0.01 ms

Input tree not connected. num_comp: 2
Selected Algorithm: SG_PR_PR
Finding Replacement edges using SG.
Reversing the paths using PR module 
Executing path_reversal:

Total execution time for Insertion: 23.60 ms.

Function execution times:
Time of PR_Shortcut : 16.03 ms
Time of Path Reversal : 4.19 ms
Time of Pointer Jumping : 1.46 ms
Time of Finding unique comps : 1.01 ms
Time of Super graph Creation : 0.60 ms
Time of PR-RST module : 0.28 ms
Time of Hash Table look up : 0.01 ms
Time of Update rep array : 0.01 ms

Executing validate part.
numComp in the graph: 1
