

filename: kmer_A2a.egr
Root: 56959846
The input parent array is a BFS tree.
Number of deleted tree edges: 65018
numVert: 170728175, num_edges: 360595876 and delete batch size: 100000

Root: 56959846
Selected Algorithm: SG_PR_PR
Finding Replacement edges using SG.
Reversing the paths using PR module 
Executing path_reversal:

Total execution time for Deletion: 662.883 ms.

Function execution times:
Time of PR_Shortcut : 448.66 ms
Time of Pointer Jumping : 74.48 ms
Time of Path Reversal : 68.68 ms
Time of Super graph Creation : 58.01 ms
Time of PR-RST module : 6.39 ms
Time of Update data structure : 4.60 ms
Time of Finding unique comps : 2.02 ms
Time of Hash Table look up : 0.03 ms
Time of Update rep array : 0.02 ms

Input tree not connected. num_comp: 39827
Selected Algorithm: SG_PR_PR
Finding Replacement edges using SG.
Reversing the paths using PR module 
Executing path_reversal:

Total execution time for Insertion: 589.62 ms.

Function execution times:
Time of PR_Shortcut : 454.27 ms
Time of Path Reversal : 70.13 ms
Time of Pointer Jumping : 54.98 ms
Time of PR-RST module : 6.07 ms
Time of Super graph Creation : 3.10 ms
Time of Finding unique comps : 1.04 ms
Time of Hash Table look up : 0.02 ms
Time of Update rep array : 0.01 ms

Executing validate part.
numComp in the graph: 523


filename: kmer_A2a.egr
Root: 53584865
The input parent array is a BFS tree.
Number of deleted tree edges: 57388
numVert: 170728175, num_edges: 360595876 and delete batch size: 100000

Root: 53584865
Selected Algorithm: SG_PR_PR
Finding Replacement edges using SG.
Reversing the paths using PR module 
Executing path_reversal:

Total execution time for Deletion: 665.429 ms.

Function execution times:
Time of PR_Shortcut : 449.36 ms
Time of Pointer Jumping : 73.56 ms
Time of Path Reversal : 68.69 ms
Time of Super graph Creation : 57.66 ms
Time of PR-RST module : 9.61 ms
Time of Update data structure : 4.49 ms
Time of Finding unique comps : 2.01 ms
Time of Hash Table look up : 0.03 ms
Time of Update rep array : 0.02 ms

Input tree not connected. num_comp: 29427
Selected Algorithm: SG_PR_PR
Finding Replacement edges using SG.
Reversing the paths using PR module 
Executing path_reversal:

Total execution time for Insertion: 587.78 ms.

Function execution times:
Time of PR_Shortcut : 455.56 ms
Time of Path Reversal : 70.13 ms
Time of Pointer Jumping : 54.40 ms
Time of PR-RST module : 5.06 ms
Time of Super graph Creation : 1.58 ms
Time of Finding unique comps : 1.03 ms
Time of Hash Table look up : 0.02 ms
Time of Update rep array : 0.01 ms

Executing validate part.
numComp in the graph: 492


filename: kmer_A2a.egr
Root: 2689897
The input parent array is a BFS tree.
Number of deleted tree edges: 66427
numVert: 170728175, num_edges: 360595876 and delete batch size: 100000

Root: 2689897
Selected Algorithm: SG_PR_PR
Finding Replacement edges using SG.
Reversing the paths using PR module 
Executing path_reversal:

Total execution time for Deletion: 659.915 ms.

Function execution times:
Time of PR_Shortcut : 447.16 ms
Time of Pointer Jumping : 74.53 ms
Time of Path Reversal : 68.68 ms
Time of Super graph Creation : 57.84 ms
Time of PR-RST module : 5.11 ms
Time of Update data structure : 4.52 ms
Time of Finding unique comps : 2.03 ms
Time of Update rep array : 0.02 ms
Time of Hash Table look up : 0.02 ms

Input tree not connected. num_comp: 41313
Selected Algorithm: SG_PR_PR
Finding Replacement edges using SG.
Reversing the paths using PR module 
Executing path_reversal:

Total execution time for Insertion: 587.23 ms.

Function execution times:
Time of PR_Shortcut : 454.44 ms
Time of Path Reversal : 70.13 ms
Time of Pointer Jumping : 54.95 ms
Time of PR-RST module : 3.51 ms
Time of Super graph Creation : 3.13 ms
Time of Finding unique comps : 1.05 ms
Time of Hash Table look up : 0.02 ms
Time of Update rep array : 0.01 ms

Executing validate part.
numComp in the graph: 599


filename: kmer_A2a.egr
Root: 123157815
The input parent array is a BFS tree.
Number of deleted tree edges: 69203
numVert: 170728175, num_edges: 360595876 and delete batch size: 100000

Root: 123157815
Selected Algorithm: SG_PR_PR
Finding Replacement edges using SG.
Reversing the paths using PR module 
Executing path_reversal:

Total execution time for Deletion: 652.742 ms.

Function execution times:
Time of PR_Shortcut : 446.61 ms
Time of Pointer Jumping : 75.38 ms
Time of Path Reversal : 68.70 ms
Time of Super graph Creation : 52.38 ms
Time of Update data structure : 4.59 ms
Time of PR-RST module : 3.04 ms
Time of Finding unique comps : 2.01 ms
Time of Update rep array : 0.02 ms
Time of Hash Table look up : 0.02 ms

Input tree not connected. num_comp: 45868
Selected Algorithm: SG_PR_PR
Finding Replacement edges using SG.
Reversing the paths using PR module 
Executing path_reversal:

Total execution time for Insertion: 591.08 ms.

Function execution times:
Time of PR_Shortcut : 454.52 ms
Time of Path Reversal : 70.13 ms
Time of Pointer Jumping : 57.22 ms
Time of PR-RST module : 4.19 ms
Time of Super graph Creation : 3.94 ms
Time of Finding unique comps : 1.05 ms
Time of Update rep array : 0.02 ms
Time of Hash Table look up : 0.02 ms

Executing validate part.
numComp in the graph: 599


filename: kmer_A2a.egr
Root: 80179659
The input parent array is a BFS tree.
Number of deleted tree edges: 64037
numVert: 170728175, num_edges: 360595876 and delete batch size: 100000

Root: 80179659
Selected Algorithm: SG_PR_PR
Finding Replacement edges using SG.
Reversing the paths using PR module 
Executing path_reversal:

Total execution time for Deletion: 658.856 ms.

Function execution times:
Time of PR_Shortcut : 447.54 ms
Time of Pointer Jumping : 74.38 ms
Time of Path Reversal : 68.71 ms
Time of Super graph Creation : 56.80 ms
Time of PR-RST module : 4.92 ms
Time of Update data structure : 4.44 ms
Time of Finding unique comps : 2.02 ms
Time of Update rep array : 0.02 ms
Time of Hash Table look up : 0.02 ms

Input tree not connected. num_comp: 36398
Selected Algorithm: SG_PR_PR
Finding Replacement edges using SG.
Reversing the paths using PR module 
Executing path_reversal:

Total execution time for Insertion: 590.32 ms.

Function execution times:
Time of PR_Shortcut : 455.52 ms
Time of Path Reversal : 70.18 ms
Time of Pointer Jumping : 54.87 ms
Time of PR-RST module : 5.51 ms
Time of Super graph Creation : 3.16 ms
Time of Finding unique comps : 1.05 ms
Time of Update rep array : 0.02 ms
Time of Hash Table look up : 0.02 ms

Executing validate part.
numComp in the graph: 606


filename: kmer_A2a.egr
Root: 73385018
The input parent array is a BFS tree.
Number of deleted tree edges: 6920
numVert: 170728175, num_edges: 360595876 and delete batch size: 10000

Root: 73385018
Selected Algorithm: SG_PR_PR
Finding Replacement edges using SG.
Reversing the paths using PR module 
Executing path_reversal:

Total execution time for Deletion: 634.359 ms.

Function execution times:
Time of PR_Shortcut : 445.71 ms
Time of Path Reversal : 68.75 ms
Time of Pointer Jumping : 65.47 ms
Time of Super graph Creation : 44.51 ms
Time of Update data structure : 4.51 ms
Time of PR-RST module : 3.47 ms
Time of Finding unique comps : 1.91 ms
Time of Hash Table look up : 0.02 ms
Time of Update rep array : 0.01 ms

Input tree not connected. num_comp: 4611
Selected Algorithm: SG_PR_PR
Finding Replacement edges using SG.
Reversing the paths using PR module 
Executing path_reversal:

Total execution time for Insertion: 588.03 ms.

Function execution times:
Time of PR_Shortcut : 458.48 ms
Time of Path Reversal : 70.15 ms
Time of Pointer Jumping : 51.87 ms
Time of PR-RST module : 3.38 ms
Time of Super graph Creation : 3.12 ms
Time of Finding unique comps : 1.01 ms
Time of Hash Table look up : 0.01 ms
Time of Update rep array : 0.01 ms

Executing validate part.
numComp in the graph: 9


filename: kmer_A2a.egr
Root: 114260479
The input parent array is a BFS tree.
Number of deleted tree edges: 6712
numVert: 170728175, num_edges: 360595876 and delete batch size: 10000

Root: 114260479
Selected Algorithm: SG_PR_PR
Finding Replacement edges using SG.
Reversing the paths using PR module 
Executing path_reversal:

Total execution time for Deletion: 636.323 ms.

Function execution times:
Time of PR_Shortcut : 448.43 ms
Time of Path Reversal : 68.71 ms
Time of Pointer Jumping : 61.86 ms
Time of Super graph Creation : 46.60 ms
Time of Update data structure : 4.48 ms
Time of PR-RST module : 4.31 ms
Time of Finding unique comps : 1.89 ms
Time of Hash Table look up : 0.02 ms
Time of Update rep array : 0.02 ms

Input tree not connected. num_comp: 4221
Selected Algorithm: SG_PR_PR
Finding Replacement edges using SG.
Reversing the paths using PR module 
Executing path_reversal:

Total execution time for Insertion: 589.56 ms.

Function execution times:
Time of PR_Shortcut : 457.00 ms
Time of Path Reversal : 71.51 ms
Time of Pointer Jumping : 51.81 ms
Time of PR-RST module : 5.05 ms
Time of Super graph Creation : 3.17 ms
Time of Finding unique comps : 1.00 ms
Time of Hash Table look up : 0.01 ms
Time of Update rep array : 0.01 ms

Executing validate part.
numComp in the graph: 12


filename: kmer_A2a.egr
Root: 52933658
The input parent array is a BFS tree.
Number of deleted tree edges: 6723
numVert: 170728175, num_edges: 360595876 and delete batch size: 10000

Root: 52933658
Selected Algorithm: SG_PR_PR
Finding Replacement edges using SG.
Reversing the paths using PR module 
Executing path_reversal:

Total execution time for Deletion: 653.61 ms.

Function execution times:
Time of PR_Shortcut : 450.90 ms
Time of Pointer Jumping : 68.94 ms
Time of Path Reversal : 68.71 ms
Time of Super graph Creation : 54.74 ms
Time of Update data structure : 4.38 ms
Time of PR-RST module : 3.98 ms
Time of Finding unique comps : 1.92 ms
Time of Hash Table look up : 0.02 ms
Time of Update rep array : 0.02 ms

Input tree not connected. num_comp: 4274
Selected Algorithm: SG_PR_PR
Finding Replacement edges using SG.
Reversing the paths using PR module 
Executing path_reversal:

Total execution time for Insertion: 586.69 ms.

Function execution times:
Time of PR_Shortcut : 456.64 ms
Time of Path Reversal : 70.13 ms
Time of Pointer Jumping : 51.72 ms
Time of PR-RST module : 3.91 ms
Time of Super graph Creation : 3.26 ms
Time of Finding unique comps : 1.01 ms
Time of Hash Table look up : 0.01 ms
Time of Update rep array : 0.01 ms

Executing validate part.
numComp in the graph: 10


filename: kmer_A2a.egr
Root: 75479691
The input parent array is a BFS tree.
Number of deleted tree edges: 6602
numVert: 170728175, num_edges: 360595876 and delete batch size: 10000

Root: 75479691
Selected Algorithm: SG_PR_PR
Finding Replacement edges using SG.
Reversing the paths using PR module 
Executing path_reversal:

Total execution time for Deletion: 651.011 ms.

Function execution times:
Time of PR_Shortcut : 446.19 ms
Time of Path Reversal : 68.74 ms
Time of Pointer Jumping : 68.05 ms
Time of Super graph Creation : 56.55 ms
Time of PR-RST module : 5.10 ms
Time of Update data structure : 4.45 ms
Time of Finding unique comps : 1.90 ms
Time of Update rep array : 0.02 ms
Time of Hash Table look up : 0.02 ms

Input tree not connected. num_comp: 3941
Selected Algorithm: SG_PR_PR
Finding Replacement edges using SG.
Reversing the paths using PR module 
Executing path_reversal:

Total execution time for Insertion: 580.89 ms.

Function execution times:
Time of PR_Shortcut : 451.49 ms
Time of Path Reversal : 70.17 ms
Time of Pointer Jumping : 51.44 ms
Time of Super graph Creation : 3.55 ms
Time of PR-RST module : 3.21 ms
Time of Finding unique comps : 1.00 ms
Time of Hash Table look up : 0.01 ms
Time of Update rep array : 0.01 ms

Executing validate part.
numComp in the graph: 7


filename: kmer_A2a.egr
Root: 157907197
The input parent array is a BFS tree.
Number of deleted tree edges: 6050
numVert: 170728175, num_edges: 360595876 and delete batch size: 10000

Root: 157907197
Selected Algorithm: SG_PR_PR
Finding Replacement edges using SG.
Reversing the paths using PR module 
Executing path_reversal:

Total execution time for Deletion: 636.069 ms.

Function execution times:
Time of PR_Shortcut : 450.20 ms
Time of Path Reversal : 68.75 ms
Time of Pointer Jumping : 59.76 ms
Time of Super graph Creation : 47.79 ms
Time of Update data structure : 4.48 ms
Time of PR-RST module : 3.18 ms
Time of Finding unique comps : 1.88 ms
Time of Hash Table look up : 0.02 ms
Time of Update rep array : 0.01 ms

Input tree not connected. num_comp: 3150
Selected Algorithm: SG_PR_PR
Finding Replacement edges using SG.
Reversing the paths using PR module 
Executing path_reversal:

Total execution time for Insertion: 584.29 ms.

Function execution times:
Time of PR_Shortcut : 457.53 ms
Time of Path Reversal : 70.16 ms
Time of Pointer Jumping : 51.26 ms
Time of PR-RST module : 2.69 ms
Time of Super graph Creation : 1.62 ms
Time of Finding unique comps : 1.01 ms
Time of Hash Table look up : 0.01 ms
Time of Update rep array : 0.01 ms

Executing validate part.
numComp in the graph: 10


filename: kmer_A2a.egr
Root: 165798233
The input parent array is a BFS tree.
Number of deleted tree edges: 67
numVert: 170728175, num_edges: 360595876 and delete batch size: 100

Root: 165798233
Selected Algorithm: SG_PR_PR
Finding Replacement edges using SG.
Reversing the paths using PR module 
Executing path_reversal:

Total execution time for Deletion: 634.295 ms.

Function execution times:
Time of PR_Shortcut : 451.91 ms
Time of Path Reversal : 68.68 ms
Time of Pointer Jumping : 63.37 ms
Time of Super graph Creation : 43.35 ms
Time of Update data structure : 4.36 ms
Time of PR-RST module : 1.43 ms
Time of Finding unique comps : 1.16 ms
Time of Hash Table look up : 0.02 ms
Time of Update rep array : 0.01 ms

Input tree not connected. num_comp: 39
Selected Algorithm: SG_PR_PR
Finding Replacement edges using SG.
Reversing the paths using PR module 
Executing path_reversal:

Total execution time for Insertion: 580.53 ms.

Function execution times:
Time of PR_Shortcut : 458.26 ms
Time of Path Reversal : 70.15 ms
Time of Pointer Jumping : 50.29 ms
Time of Finding unique comps : 0.97 ms
Time of PR-RST module : 0.71 ms
Time of Super graph Creation : 0.12 ms
Time of Hash Table look up : 0.01 ms
Time of Update rep array : 0.01 ms

Executing validate part.
numComp in the graph: 2


filename: kmer_A2a.egr
Root: 41628857
The input parent array is a BFS tree.
Number of deleted tree edges: 64
numVert: 170728175, num_edges: 360595876 and delete batch size: 100

Root: 41628857
Selected Algorithm: SG_PR_PR
Finding Replacement edges using SG.
Reversing the paths using PR module 
Executing path_reversal:

Total execution time for Deletion: 648.376 ms.

Function execution times:
Time of PR_Shortcut : 454.00 ms
Time of Path Reversal : 68.68 ms
Time of Pointer Jumping : 65.18 ms
Time of Super graph Creation : 53.87 ms
Time of Update data structure : 4.46 ms
Time of Finding unique comps : 1.16 ms
Time of PR-RST module : 0.99 ms
Time of Hash Table look up : 0.02 ms
Time of Update rep array : 0.01 ms

Input tree not connected. num_comp: 34
Selected Algorithm: SG_PR_PR
Finding Replacement edges using SG.
Reversing the paths using PR module 
Executing path_reversal:

Total execution time for Insertion: 580.48 ms.

Function execution times:
Time of PR_Shortcut : 457.92 ms
Time of Path Reversal : 70.14 ms
Time of Pointer Jumping : 50.21 ms
Time of Finding unique comps : 1.04 ms
Time of PR-RST module : 1.02 ms
Time of Super graph Creation : 0.13 ms
Time of Update rep array : 0.01 ms
Time of Hash Table look up : 0.01 ms

Executing validate part.
numComp in the graph: 2


filename: kmer_A2a.egr
Root: 17435909
The input parent array is a BFS tree.
Number of deleted tree edges: 62
numVert: 170728175, num_edges: 360595876 and delete batch size: 100

Root: 17435909
Selected Algorithm: SG_PR_PR
Finding Replacement edges using SG.
Reversing the paths using PR module 
Executing path_reversal:

Total execution time for Deletion: 645.509 ms.

Function execution times:
Time of PR_Shortcut : 453.67 ms
Time of Path Reversal : 68.70 ms
Time of Pointer Jumping : 65.32 ms
Time of Super graph Creation : 51.25 ms
Time of Update data structure : 4.43 ms
Time of Finding unique comps : 1.22 ms
Time of PR-RST module : 0.87 ms
Time of Hash Table look up : 0.02 ms
Time of Update rep array : 0.02 ms

Input tree not connected. num_comp: 45
Selected Algorithm: SG_PR_PR
Finding Replacement edges using SG.
Reversing the paths using PR module 
Executing path_reversal:

Total execution time for Insertion: 580.34 ms.

Function execution times:
Time of PR_Shortcut : 458.11 ms
Time of Path Reversal : 70.15 ms
Time of Pointer Jumping : 50.30 ms
Time of Finding unique comps : 0.94 ms
Time of PR-RST module : 0.70 ms
Time of Super graph Creation : 0.12 ms
Time of Hash Table look up : 0.01 ms
Time of Update rep array : 0.01 ms

Executing validate part.
numComp in the graph: 2


filename: kmer_A2a.egr
Root: 96268357
The input parent array is a BFS tree.
Number of deleted tree edges: 75
numVert: 170728175, num_edges: 360595876 and delete batch size: 100

Root: 96268357
Selected Algorithm: SG_PR_PR
Finding Replacement edges using SG.
Reversing the paths using PR module 
Executing path_reversal:

Total execution time for Deletion: 641.446 ms.

Function execution times:
Time of PR_Shortcut : 451.54 ms
Time of Path Reversal : 68.70 ms
Time of Pointer Jumping : 65.42 ms
Time of Super graph Creation : 48.95 ms
Time of Update data structure : 4.50 ms
Time of Finding unique comps : 1.19 ms
Time of PR-RST module : 1.11 ms
Time of Hash Table look up : 0.02 ms
Time of Update rep array : 0.01 ms

Input tree not connected. num_comp: 54
Selected Algorithm: SG_PR_PR
Finding Replacement edges using SG.
Reversing the paths using PR module 
Executing path_reversal:

Total execution time for Insertion: 580.40 ms.

Function execution times:
Time of PR_Shortcut : 457.90 ms
Time of Path Reversal : 70.16 ms
Time of Pointer Jumping : 50.29 ms
Time of PR-RST module : 0.99 ms
Time of Finding unique comps : 0.93 ms
Time of Super graph Creation : 0.12 ms
Time of Hash Table look up : 0.01 ms
Time of Update rep array : 0.01 ms

Executing validate part.
numComp in the graph: 2


filename: kmer_A2a.egr
Root: 29485768
The input parent array is a BFS tree.
Number of deleted tree edges: 63
numVert: 170728175, num_edges: 360595876 and delete batch size: 100

Root: 29485768
Selected Algorithm: SG_PR_PR
Finding Replacement edges using SG.
Reversing the paths using PR module 
Executing path_reversal:

Total execution time for Deletion: 639.755 ms.

Function execution times:
Time of PR_Shortcut : 450.94 ms
Time of Path Reversal : 68.70 ms
Time of Pointer Jumping : 65.05 ms
Time of Super graph Creation : 48.75 ms
Time of Update data structure : 4.36 ms
Time of Finding unique comps : 1.19 ms
Time of PR-RST module : 0.73 ms
Time of Update rep array : 0.02 ms
Time of Hash Table look up : 0.01 ms

Input tree not connected. num_comp: 38
Selected Algorithm: SG_PR_PR
Finding Replacement edges using SG.
Reversing the paths using PR module 
Executing path_reversal:

Total execution time for Insertion: 580.35 ms.

Function execution times:
Time of PR_Shortcut : 458.17 ms
Time of Path Reversal : 70.16 ms
Time of Pointer Jumping : 50.21 ms
Time of Finding unique comps : 0.96 ms
Time of PR-RST module : 0.70 ms
Time of Super graph Creation : 0.13 ms
Time of Hash Table look up : 0.01 ms
Time of Update rep array : 0.01 ms

Executing validate part.
numComp in the graph: 2


filename: kmer_A2a.egr
Root: 36679961
The input parent array is a BFS tree.
Number of deleted tree edges: 592
numVert: 170728175, num_edges: 360595876 and delete batch size: 1000

Root: 36679961
Selected Algorithm: SG_PR_PR
Finding Replacement edges using SG.
Reversing the paths using PR module 
Executing path_reversal:

Total execution time for Deletion: 644.789 ms.

Function execution times:
Time of PR_Shortcut : 448.11 ms
Time of Path Reversal : 68.70 ms
Time of Pointer Jumping : 65.62 ms
Time of Super graph Creation : 53.78 ms
Time of Update data structure : 4.42 ms
Time of PR-RST module : 2.36 ms
Time of Finding unique comps : 1.75 ms
Time of Update rep array : 0.03 ms
Time of Hash Table look up : 0.02 ms

Input tree not connected. num_comp: 314
Selected Algorithm: SG_PR_PR
Finding Replacement edges using SG.
Reversing the paths using PR module 
Executing path_reversal:

Total execution time for Insertion: 581.30 ms.

Function execution times:
Time of PR_Shortcut : 458.26 ms
Time of Path Reversal : 70.13 ms
Time of Pointer Jumping : 50.39 ms
Time of Finding unique comps : 1.00 ms
Time of PR-RST module : 0.93 ms
Time of Super graph Creation : 0.57 ms
Time of Hash Table look up : 0.01 ms
Time of Update rep array : 0.01 ms

Executing validate part.
numComp in the graph: 3


filename: kmer_A2a.egr
Root: 31791032
The input parent array is a BFS tree.
Number of deleted tree edges: 704
numVert: 170728175, num_edges: 360595876 and delete batch size: 1000

Root: 31791032
Selected Algorithm: SG_PR_PR
Finding Replacement edges using SG.
Reversing the paths using PR module 
Executing path_reversal:

Total execution time for Deletion: 649.082 ms.

Function execution times:
Time of PR_Shortcut : 453.68 ms
Time of Path Reversal : 68.69 ms
Time of Pointer Jumping : 65.21 ms
Time of Super graph Creation : 53.50 ms
Time of Update data structure : 4.38 ms
Time of PR-RST module : 1.82 ms
Time of Finding unique comps : 1.77 ms
Time of Hash Table look up : 0.02 ms
Time of Update rep array : 0.01 ms

Input tree not connected. num_comp: 447
Selected Algorithm: SG_PR_PR
Finding Replacement edges using SG.
Reversing the paths using PR module 
Executing path_reversal:

Total execution time for Insertion: 580.60 ms.

Function execution times:
Time of PR_Shortcut : 457.21 ms
Time of Path Reversal : 70.15 ms
Time of Pointer Jumping : 50.51 ms
Time of PR-RST module : 1.30 ms
Time of Finding unique comps : 1.01 ms
Time of Super graph Creation : 0.41 ms
Time of Hash Table look up : 0.01 ms
Time of Update rep array : 0.01 ms

Executing validate part.
numComp in the graph: 2


filename: kmer_A2a.egr
Root: 62434906
The input parent array is a BFS tree.
Number of deleted tree edges: 663
numVert: 170728175, num_edges: 360595876 and delete batch size: 1000

Root: 62434906
Selected Algorithm: SG_PR_PR
Finding Replacement edges using SG.
Reversing the paths using PR module 
Executing path_reversal:

Total execution time for Deletion: 641.568 ms.

Function execution times:
Time of PR_Shortcut : 446.01 ms
Time of Path Reversal : 68.74 ms
Time of Pointer Jumping : 65.68 ms
Time of Super graph Creation : 53.65 ms
Time of Update data structure : 4.36 ms
Time of Finding unique comps : 1.76 ms
Time of PR-RST module : 1.32 ms
Time of Update rep array : 0.03 ms
Time of Hash Table look up : 0.02 ms

Input tree not connected. num_comp: 416
Selected Algorithm: SG_PR_PR
Finding Replacement edges using SG.
Reversing the paths using PR module 
Executing path_reversal:

Total execution time for Insertion: 581.56 ms.

Function execution times:
Time of PR_Shortcut : 458.17 ms
Time of Path Reversal : 70.13 ms
Time of Pointer Jumping : 50.40 ms
Time of PR-RST module : 1.31 ms
Time of Finding unique comps : 1.01 ms
Time of Super graph Creation : 0.53 ms
Time of Hash Table look up : 0.01 ms
Time of Update rep array : 0.01 ms

Executing validate part.
numComp in the graph: 2


filename: kmer_A2a.egr
Root: 32813434
The input parent array is a BFS tree.
Number of deleted tree edges: 636
numVert: 170728175, num_edges: 360595876 and delete batch size: 1000

Root: 32813434
Selected Algorithm: SG_PR_PR
Finding Replacement edges using SG.
Reversing the paths using PR module 
Executing path_reversal:

Total execution time for Deletion: 644.652 ms.

Function execution times:
Time of PR_Shortcut : 448.60 ms
Time of Path Reversal : 68.68 ms
Time of Pointer Jumping : 65.26 ms
Time of Super graph Creation : 53.66 ms
Time of Update data structure : 4.38 ms
Time of PR-RST module : 2.28 ms
Time of Finding unique comps : 1.75 ms
Time of Hash Table look up : 0.02 ms
Time of Update rep array : 0.02 ms

Input tree not connected. num_comp: 369
Selected Algorithm: SG_PR_PR
Finding Replacement edges using SG.
Reversing the paths using PR module 
Executing path_reversal:

Total execution time for Insertion: 580.76 ms.

Function execution times:
Time of PR_Shortcut : 457.79 ms
Time of Path Reversal : 70.14 ms
Time of Pointer Jumping : 50.33 ms
Time of Finding unique comps : 0.94 ms
Time of PR-RST module : 0.93 ms
Time of Super graph Creation : 0.61 ms
Time of Update rep array : 0.01 ms
Time of Hash Table look up : 0.01 ms

Executing validate part.
numComp in the graph: 2


filename: kmer_A2a.egr
Root: 149446978
The input parent array is a BFS tree.
Number of deleted tree edges: 681
numVert: 170728175, num_edges: 360595876 and delete batch size: 1000

Root: 149446978
Selected Algorithm: SG_PR_PR
Finding Replacement edges using SG.
Reversing the paths using PR module 
Executing path_reversal:

Total execution time for Deletion: 633.23 ms.

Function execution times:
Time of PR_Shortcut : 450.47 ms
Time of Path Reversal : 70.25 ms
Time of Pointer Jumping : 60.69 ms
Time of Super graph Creation : 44.12 ms
Time of Update data structure : 4.36 ms
Time of Finding unique comps : 1.76 ms
Time of PR-RST module : 1.54 ms
Time of Update rep array : 0.02 ms
Time of Hash Table look up : 0.02 ms

Input tree not connected. num_comp: 414
Selected Algorithm: SG_PR_PR
Finding Replacement edges using SG.
Reversing the paths using PR module 
Executing path_reversal:

Total execution time for Insertion: 581.34 ms.

Function execution times:
Time of PR_Shortcut : 457.52 ms
Time of Path Reversal : 70.14 ms
Time of Pointer Jumping : 50.33 ms
Time of PR-RST module : 1.73 ms
Time of Finding unique comps : 1.01 ms
Time of Super graph Creation : 0.58 ms
Time of Hash Table look up : 0.01 ms
Time of Update rep array : 0.01 ms

Executing validate part.
numComp in the graph: 2
