

filename: kron_g500-logn20.egr
Root: 1022004
The input parent array is a BFS tree.
Number of deleted tree edges: 926
numVert: 1048576, num_edges: 89745562 and delete batch size: 100000

Root: 1022004
Selected Algorithm: SG_PR_PR
Finding Replacement edges using SG.
Reversing the paths using PR module 
Executing path_reversal:

Total execution time for Deletion: 17.7315 ms.

Function execution times:
Time of Super graph Creation : 11.53 ms
Time of PR-RST module : 2.30 ms
Time of PR_Shortcut : 1.44 ms
Time of Update data structure : 1.38 ms
Time of Path Reversal : 0.67 ms
Time of Pointer Jumping : 0.26 ms
Time of Finding unique comps : 0.13 ms
Time of Hash Table look up : 0.02 ms
Time of Update rep array : 0.01 ms

Input tree not connected. num_comp: 24
Selected Algorithm: SG_PR_PR
Finding Replacement edges using SG.
Reversing the paths using PR module 
Executing path_reversal:

Total execution time for Insertion: 5.82 ms.

Function execution times:
Time of Super graph Creation : 1.81 ms
Time of PR_Shortcut : 1.42 ms
Time of Finding unique comps : 1.01 ms
Time of Path Reversal : 0.66 ms
Time of PR-RST module : 0.63 ms
Time of Pointer Jumping : 0.27 ms
Time of Hash Table look up : 0.01 ms
Time of Update rep array : 0.01 ms

Executing validate part.
numComp in the graph: 9


filename: kron_g500-logn20.egr
Root: 1000089
The input parent array is a BFS tree.
Number of deleted tree edges: 877
numVert: 1048576, num_edges: 89745562 and delete batch size: 100000

Root: 1000089
Selected Algorithm: SG_PR_PR
Finding Replacement edges using SG.
Reversing the paths using PR module 
Executing path_reversal:

Total execution time for Deletion: 17.3503 ms.

Function execution times:
Time of Super graph Creation : 11.63 ms
Time of PR-RST module : 1.88 ms
Time of PR_Shortcut : 1.46 ms
Time of Update data structure : 1.33 ms
Time of Path Reversal : 0.66 ms
Time of Pointer Jumping : 0.26 ms
Time of Finding unique comps : 0.10 ms
Time of Hash Table look up : 0.02 ms
Time of Update rep array : 0.01 ms

Input tree not connected. num_comp: 7
Selected Algorithm: SG_PR_PR
Finding Replacement edges using SG.
Reversing the paths using PR module 
Executing path_reversal:

Total execution time for Insertion: 5.72 ms.

Function execution times:
Time of Super graph Creation : 1.81 ms
Time of PR_Shortcut : 1.46 ms
Time of Finding unique comps : 1.01 ms
Time of Path Reversal : 0.66 ms
Time of PR-RST module : 0.49 ms
Time of Pointer Jumping : 0.26 ms
Time of Hash Table look up : 0.01 ms
Time of Update rep array : 0.01 ms

Executing validate part.
numComp in the graph: 5


filename: kron_g500-logn20.egr
Root: 721200
The input parent array is a BFS tree.
Number of deleted tree edges: 782
numVert: 1048576, num_edges: 89745562 and delete batch size: 100000

Root: 721200
Selected Algorithm: SG_PR_PR
Finding Replacement edges using SG.
Reversing the paths using PR module 
Executing path_reversal:

Total execution time for Deletion: 16.4532 ms.

Function execution times:
Time of Super graph Creation : 11.56 ms
Time of PR_Shortcut : 1.40 ms
Time of Update data structure : 1.36 ms
Time of PR-RST module : 1.04 ms
Time of Path Reversal : 0.66 ms
Time of Pointer Jumping : 0.26 ms
Time of Finding unique comps : 0.15 ms
Time of Hash Table look up : 0.02 ms
Time of Update rep array : 0.01 ms

Input tree not connected. num_comp: 18
Selected Algorithm: SG_PR_PR
Finding Replacement edges using SG.
Reversing the paths using PR module 
Executing path_reversal:

Total execution time for Insertion: 5.90 ms.

Function execution times:
Time of Super graph Creation : 1.81 ms
Time of PR_Shortcut : 1.48 ms
Time of Finding unique comps : 1.01 ms
Time of Path Reversal : 0.67 ms
Time of PR-RST module : 0.64 ms
Time of Pointer Jumping : 0.26 ms
Time of Hash Table look up : 0.01 ms
Time of Update rep array : 0.01 ms

Executing validate part.
numComp in the graph: 5


filename: kron_g500-logn20.egr
Root: 358911
The input parent array is a BFS tree.
Number of deleted tree edges: 843
numVert: 1048576, num_edges: 89745562 and delete batch size: 100000

Root: 358911
Selected Algorithm: SG_PR_PR
Finding Replacement edges using SG.
Reversing the paths using PR module 
Executing path_reversal:

Total execution time for Deletion: 17.3533 ms.

Function execution times:
Time of Super graph Creation : 11.75 ms
Time of PR-RST module : 1.87 ms
Time of Update data structure : 1.36 ms
Time of PR_Shortcut : 1.31 ms
Time of Path Reversal : 0.66 ms
Time of Pointer Jumping : 0.26 ms
Time of Finding unique comps : 0.12 ms
Time of Hash Table look up : 0.02 ms
Time of Update rep array : 0.01 ms

Input tree not connected. num_comp: 17
Selected Algorithm: SG_PR_PR
Finding Replacement edges using SG.
Reversing the paths using PR module 
Executing path_reversal:

Total execution time for Insertion: 5.87 ms.

Function execution times:
Time of Super graph Creation : 1.81 ms
Time of PR_Shortcut : 1.47 ms
Time of Finding unique comps : 1.01 ms
Time of Path Reversal : 0.66 ms
Time of PR-RST module : 0.63 ms
Time of Pointer Jumping : 0.26 ms
Time of Hash Table look up : 0.01 ms
Time of Update rep array : 0.01 ms

Executing validate part.
numComp in the graph: 7


filename: kron_g500-logn20.egr
Root: 232311
The input parent array is a BFS tree.
Number of deleted tree edges: 972
numVert: 1048576, num_edges: 89745562 and delete batch size: 100000

Root: 232311
Selected Algorithm: SG_PR_PR
Finding Replacement edges using SG.
Reversing the paths using PR module 
Executing path_reversal:

Total execution time for Deletion: 17.1973 ms.

Function execution times:
Time of Super graph Creation : 11.52 ms
Time of PR-RST module : 1.88 ms
Time of PR_Shortcut : 1.41 ms
Time of Update data structure : 1.32 ms
Time of Path Reversal : 0.66 ms
Time of Pointer Jumping : 0.26 ms
Time of Finding unique comps : 0.12 ms
Time of Hash Table look up : 0.02 ms
Time of Update rep array : 0.01 ms

Input tree not connected. num_comp: 13
Selected Algorithm: SG_PR_PR
Finding Replacement edges using SG.
Reversing the paths using PR module 
Executing path_reversal:

Total execution time for Insertion: 5.77 ms.

Function execution times:
Time of Super graph Creation : 1.81 ms
Time of PR_Shortcut : 1.44 ms
Time of Finding unique comps : 1.01 ms
Time of Path Reversal : 0.66 ms
Time of PR-RST module : 0.56 ms
Time of Pointer Jumping : 0.27 ms
Time of Hash Table look up : 0.01 ms
Time of Update rep array : 0.01 ms

Executing validate part.
numComp in the graph: 5


filename: kron_g500-logn20.egr
Root: 683376
The input parent array is a BFS tree.
Number of deleted tree edges: 102
numVert: 1048576, num_edges: 89745562 and delete batch size: 10000

Root: 683376
Selected Algorithm: SG_PR_PR
Finding Replacement edges using SG.
Reversing the paths using PR module 
Executing path_reversal:

Total execution time for Deletion: 15.8835 ms.

Function execution times:
Time of Super graph Creation : 11.34 ms
Time of PR_Shortcut : 1.44 ms
Time of Update data structure : 1.28 ms
Time of PR-RST module : 0.78 ms
Time of Path Reversal : 0.66 ms
Time of Pointer Jumping : 0.26 ms
Time of Finding unique comps : 0.09 ms
Time of Hash Table look up : 0.01 ms
Time of Update rep array : 0.01 ms

Input tree not connected. num_comp: 4
Selected Algorithm: SG_PR_PR
Finding Replacement edges using SG.
Reversing the paths using PR module 
Executing path_reversal:

Total execution time for Insertion: 5.61 ms.

Function execution times:
Time of Super graph Creation : 1.82 ms
Time of PR_Shortcut : 1.42 ms
Time of Finding unique comps : 1.01 ms
Time of Path Reversal : 0.66 ms
Time of PR-RST module : 0.42 ms
Time of Pointer Jumping : 0.26 ms
Time of Hash Table look up : 0.01 ms
Time of Update rep array : 0.01 ms

Executing validate part.
numComp in the graph: 2


filename: kron_g500-logn20.egr
Root: 390029
The input parent array is a BFS tree.
Number of deleted tree edges: 81
numVert: 1048576, num_edges: 89745562 and delete batch size: 10000

Root: 390029
Selected Algorithm: SG_PR_PR
Finding Replacement edges using SG.
Reversing the paths using PR module 
Executing path_reversal:

Total execution time for Deletion: 15.9502 ms.

Function execution times:
Time of Super graph Creation : 11.32 ms
Time of PR_Shortcut : 1.45 ms
Time of Update data structure : 1.30 ms
Time of PR-RST module : 0.79 ms
Time of Path Reversal : 0.66 ms
Time of Pointer Jumping : 0.26 ms
Time of Finding unique comps : 0.15 ms
Time of Hash Table look up : 0.01 ms
Time of Update rep array : 0.01 ms

Input tree not connected. num_comp: 6
Selected Algorithm: SG_PR_PR
Finding Replacement edges using SG.
Reversing the paths using PR module 
Executing path_reversal:

Total execution time for Insertion: 5.70 ms.

Function execution times:
Time of Super graph Creation : 1.81 ms
Time of PR_Shortcut : 1.44 ms
Time of Finding unique comps : 1.00 ms
Time of Path Reversal : 0.66 ms
Time of PR-RST module : 0.49 ms
Time of Pointer Jumping : 0.27 ms
Time of Hash Table look up : 0.01 ms
Time of Update rep array : 0.01 ms

Executing validate part.
numComp in the graph: 2


filename: kron_g500-logn20.egr
Root: 559272
The input parent array is a BFS tree.
Number of deleted tree edges: 110
numVert: 1048576, num_edges: 89745562 and delete batch size: 10000

Root: 559272
Selected Algorithm: SG_PR_PR
Finding Replacement edges using SG.
Reversing the paths using PR module 
Executing path_reversal:

Total execution time for Deletion: 16.1731 ms.

Function execution times:
Time of Super graph Creation : 11.36 ms
Time of PR_Shortcut : 1.45 ms
Time of Update data structure : 1.24 ms
Time of PR-RST module : 1.09 ms
Time of Path Reversal : 0.66 ms
Time of Pointer Jumping : 0.26 ms
Time of Finding unique comps : 0.10 ms
Time of Hash Table look up : 0.01 ms
Time of Update rep array : 0.01 ms

Input tree not connected. num_comp: 4
Selected Algorithm: SG_PR_PR
Finding Replacement edges using SG.
Reversing the paths using PR module 
Executing path_reversal:

Total execution time for Insertion: 5.66 ms.

Function execution times:
Time of Super graph Creation : 1.81 ms
Time of PR_Shortcut : 1.47 ms
Time of Finding unique comps : 1.01 ms
Time of Path Reversal : 0.66 ms
Time of PR-RST module : 0.43 ms
Time of Pointer Jumping : 0.26 ms
Time of Hash Table look up : 0.01 ms
Time of Update rep array : 0.01 ms

Executing validate part.
numComp in the graph: 3


filename: kron_g500-logn20.egr
Root: 144685
The input parent array is a BFS tree.
Number of deleted tree edges: 106
numVert: 1048576, num_edges: 89745562 and delete batch size: 10000

Root: 144685
Selected Algorithm: SG_PR_PR
Finding Replacement edges using SG.
Reversing the paths using PR module 
Executing path_reversal:

Total execution time for Deletion: 16.1301 ms.

Function execution times:
Time of Super graph Creation : 11.08 ms
Time of PR-RST module : 1.40 ms
Time of PR_Shortcut : 1.37 ms
Time of Update data structure : 1.23 ms
Time of Path Reversal : 0.66 ms
Time of Pointer Jumping : 0.26 ms
Time of Finding unique comps : 0.10 ms
Time of Hash Table look up : 0.01 ms
Time of Update rep array : 0.01 ms

Input tree not connected. num_comp: 7
Selected Algorithm: SG_PR_PR
Finding Replacement edges using SG.
Reversing the paths using PR module 
Executing path_reversal:

Total execution time for Insertion: 5.69 ms.

Function execution times:
Time of Super graph Creation : 1.82 ms
Time of PR_Shortcut : 1.43 ms
Time of Finding unique comps : 1.01 ms
Time of Path Reversal : 0.67 ms
Time of PR-RST module : 0.49 ms
Time of Pointer Jumping : 0.26 ms
Time of Hash Table look up : 0.01 ms
Time of Update rep array : 0.01 ms

Executing validate part.
numComp in the graph: 2


filename: kron_g500-logn20.egr
Root: 371963
The input parent array is a BFS tree.
Number of deleted tree edges: 97
numVert: 1048576, num_edges: 89745562 and delete batch size: 10000

Root: 371963
Selected Algorithm: SG_PR_PR
Finding Replacement edges using SG.
Reversing the paths using PR module 
Executing path_reversal:

Total execution time for Deletion: 15.8888 ms.

Function execution times:
Time of Super graph Creation : 11.28 ms
Time of PR_Shortcut : 1.45 ms
Time of Update data structure : 1.32 ms
Time of PR-RST module : 0.79 ms
Time of Path Reversal : 0.66 ms
Time of Pointer Jumping : 0.26 ms
Time of Finding unique comps : 0.11 ms
Time of Hash Table look up : 0.01 ms
Time of Update rep array : 0.01 ms

Input tree not connected. num_comp: 5
Selected Algorithm: SG_PR_PR
Finding Replacement edges using SG.
Reversing the paths using PR module 
Executing path_reversal:

Total execution time for Insertion: 5.59 ms.

Function execution times:
Time of Super graph Creation : 1.82 ms
Time of PR_Shortcut : 1.32 ms
Time of Finding unique comps : 1.01 ms
Time of Path Reversal : 0.66 ms
Time of PR-RST module : 0.49 ms
Time of Pointer Jumping : 0.27 ms
Time of Hash Table look up : 0.01 ms
Time of Update rep array : 0.01 ms

Executing validate part.
numComp in the graph: 2


filename: kron_g500-logn20.egr
Root: 741381
The input parent array is a BFS tree.
Number of deleted tree edges: 0
numVert: 1048576, num_edges: 89745562 and delete batch size: 100

Root: 741381
Selected Algorithm: SG_PR_PR
Finding Replacement edges using SG.

Total execution time for Deletion: 12.2695 ms.

Function execution times:
Time of Super graph Creation : 10.64 ms
Time of Update data structure : 1.23 ms
Time of Pointer Jumping : 0.26 ms
Time of Finding unique comps : 0.13 ms
Time of Update rep array : 0.01 ms


Total execution time for Insertion: 0.00 ms.

Function execution times:

Executing validate part.
numComp in the graph: 1


filename: kron_g500-logn20.egr
Root: 218504
The input parent array is a BFS tree.
Number of deleted tree edges: 0
numVert: 1048576, num_edges: 89745562 and delete batch size: 100

Root: 218504
Selected Algorithm: SG_PR_PR
Finding Replacement edges using SG.

Total execution time for Deletion: 12.3136 ms.

Function execution times:
Time of Super graph Creation : 10.60 ms
Time of Update data structure : 1.31 ms
Time of Pointer Jumping : 0.26 ms
Time of Finding unique comps : 0.13 ms
Time of Update rep array : 0.01 ms


Total execution time for Insertion: 0.00 ms.

Function execution times:

Executing validate part.
numComp in the graph: 1


filename: kron_g500-logn20.egr
Root: 89842
The input parent array is a BFS tree.
Number of deleted tree edges: 0
numVert: 1048576, num_edges: 89745562 and delete batch size: 100

Root: 89842
Selected Algorithm: SG_PR_PR
Finding Replacement edges using SG.

Total execution time for Deletion: 12.3451 ms.

Function execution times:
Time of Super graph Creation : 10.74 ms
Time of Update data structure : 1.25 ms
Time of Pointer Jumping : 0.25 ms
Time of Finding unique comps : 0.09 ms
Time of Update rep array : 0.01 ms


Total execution time for Insertion: 0.00 ms.

Function execution times:

Executing validate part.
numComp in the graph: 1


filename: kron_g500-logn20.egr
Root: 810879
The input parent array is a BFS tree.
Number of deleted tree edges: 1
numVert: 1048576, num_edges: 89745562 and delete batch size: 100

Root: 810879
Selected Algorithm: SG_PR_PR
Finding Replacement edges using SG.
Reversing the paths using PR module 
Executing path_reversal:

Total execution time for Deletion: 14.8581 ms.

Function execution times:
Time of Super graph Creation : 10.88 ms
Time of PR_Shortcut : 1.43 ms
Time of Update data structure : 1.28 ms
Time of Path Reversal : 0.66 ms
Time of Pointer Jumping : 0.25 ms
Time of PR-RST module : 0.23 ms
Time of Finding unique comps : 0.10 ms
Time of Hash Table look up : 0.01 ms
Time of Update rep array : 0.01 ms


Total execution time for Insertion: 0.00 ms.

Function execution times:

Executing validate part.
numComp in the graph: 1


filename: kron_g500-logn20.egr
Root: 232164
The input parent array is a BFS tree.
Number of deleted tree edges: 0
numVert: 1048576, num_edges: 89745562 and delete batch size: 100

Root: 232164
Selected Algorithm: SG_PR_PR
Finding Replacement edges using SG.

Total execution time for Deletion: 12.2824 ms.

Function execution times:
Time of Super graph Creation : 10.63 ms
Time of Update data structure : 1.29 ms
Time of Pointer Jumping : 0.26 ms
Time of Finding unique comps : 0.09 ms
Time of Update rep array : 0.01 ms


Total execution time for Insertion: 0.00 ms.

Function execution times:

Executing validate part.
numComp in the graph: 1


filename: kron_g500-logn20.egr
Root: 287444
The input parent array is a BFS tree.
Number of deleted tree edges: 3
numVert: 1048576, num_edges: 89745562 and delete batch size: 1000

Root: 287444
Selected Algorithm: SG_PR_PR
Finding Replacement edges using SG.
Reversing the paths using PR module 
Executing path_reversal:

Total execution time for Deletion: 14.9107 ms.

Function execution times:
Time of Super graph Creation : 10.85 ms
Time of PR_Shortcut : 1.45 ms
Time of Update data structure : 1.31 ms
Time of Path Reversal : 0.66 ms
Time of PR-RST module : 0.27 ms
Time of Pointer Jumping : 0.26 ms
Time of Finding unique comps : 0.09 ms
Time of Hash Table look up : 0.01 ms
Time of Update rep array : 0.01 ms


Total execution time for Insertion: 0.00 ms.

Function execution times:

Executing validate part.
numComp in the graph: 1


filename: kron_g500-logn20.egr
Root: 977255
The input parent array is a BFS tree.
Number of deleted tree edges: 8
numVert: 1048576, num_edges: 89745562 and delete batch size: 1000

Root: 977255
Selected Algorithm: SG_PR_PR
Finding Replacement edges using SG.
Reversing the paths using PR module 
Executing path_reversal:

Total execution time for Deletion: 15.3551 ms.

Function execution times:
Time of Super graph Creation : 11.03 ms
Time of PR_Shortcut : 1.41 ms
Time of Update data structure : 1.30 ms
Time of Path Reversal : 0.66 ms
Time of PR-RST module : 0.58 ms
Time of Pointer Jumping : 0.26 ms
Time of Finding unique comps : 0.09 ms
Time of Hash Table look up : 0.01 ms
Time of Update rep array : 0.01 ms

Input tree not connected. num_comp: 2
Selected Algorithm: SG_PR_PR
Finding Replacement edges using SG.
Reversing the paths using PR module 
Executing path_reversal:

Total execution time for Insertion: 4.38 ms.

Function execution times:
Time of PR_Shortcut : 1.45 ms
Time of Finding unique comps : 1.01 ms
Time of Super graph Creation : 0.75 ms
Time of Path Reversal : 0.66 ms
Time of Pointer Jumping : 0.26 ms
Time of PR-RST module : 0.22 ms
Time of Hash Table look up : 0.01 ms
Time of Update rep array : 0.01 ms

Executing validate part.
numComp in the graph: 2


filename: kron_g500-logn20.egr
Root: 6540
The input parent array is a BFS tree.
Number of deleted tree edges: 9
numVert: 1048576, num_edges: 89745562 and delete batch size: 1000

Root: 6540
Selected Algorithm: SG_PR_PR
Finding Replacement edges using SG.
Reversing the paths using PR module 
Executing path_reversal:

Total execution time for Deletion: 15.3688 ms.

Function execution times:
Time of Super graph Creation : 10.98 ms
Time of PR_Shortcut : 1.45 ms
Time of Update data structure : 1.28 ms
Time of Path Reversal : 0.66 ms
Time of PR-RST module : 0.57 ms
Time of Pointer Jumping : 0.26 ms
Time of Finding unique comps : 0.14 ms
Time of Hash Table look up : 0.01 ms
Time of Update rep array : 0.01 ms

Input tree not connected. num_comp: 2
Selected Algorithm: SG_PR_PR
Finding Replacement edges using SG.
Reversing the paths using PR module 
Executing path_reversal:

Total execution time for Insertion: 4.37 ms.

Function execution times:
Time of PR_Shortcut : 1.44 ms
Time of Finding unique comps : 1.00 ms
Time of Super graph Creation : 0.76 ms
Time of Path Reversal : 0.66 ms
Time of Pointer Jumping : 0.26 ms
Time of PR-RST module : 0.22 ms
Time of Hash Table look up : 0.01 ms
Time of Update rep array : 0.01 ms

Executing validate part.
numComp in the graph: 2


filename: kron_g500-logn20.egr
Root: 973464
The input parent array is a BFS tree.
Number of deleted tree edges: 4
numVert: 1048576, num_edges: 89745562 and delete batch size: 1000

Root: 973464
Selected Algorithm: SG_PR_PR
Finding Replacement edges using SG.
Reversing the paths using PR module 
Executing path_reversal:

Total execution time for Deletion: 15.0114 ms.

Function execution times:
Time of Super graph Creation : 10.86 ms
Time of PR_Shortcut : 1.45 ms
Time of Update data structure : 1.35 ms
Time of Path Reversal : 0.66 ms
Time of PR-RST module : 0.32 ms
Time of Pointer Jumping : 0.26 ms
Time of Finding unique comps : 0.10 ms
Time of Hash Table look up : 0.01 ms
Time of Update rep array : 0.01 ms


Total execution time for Insertion: 0.00 ms.

Function execution times:

Executing validate part.
numComp in the graph: 1


filename: kron_g500-logn20.egr
Root: 401602
The input parent array is a BFS tree.
Number of deleted tree edges: 4
numVert: 1048576, num_edges: 89745562 and delete batch size: 1000

Root: 401602
Selected Algorithm: SG_PR_PR
Finding Replacement edges using SG.
Reversing the paths using PR module 
Executing path_reversal:

Total execution time for Deletion: 15.0597 ms.

Function execution times:
Time of Super graph Creation : 10.87 ms
Time of PR_Shortcut : 1.46 ms
Time of Update data structure : 1.37 ms
Time of Path Reversal : 0.66 ms
Time of PR-RST module : 0.32 ms
Time of Pointer Jumping : 0.25 ms
Time of Finding unique comps : 0.10 ms
Time of Hash Table look up : 0.01 ms
Time of Update rep array : 0.01 ms


Total execution time for Insertion: 0.00 ms.

Function execution times:

Executing validate part.
numComp in the graph: 1
