

filename: rgg_n_2_23_s0.egr
Root: 5248543
The input parent array is a BFS tree.
Number of deleted tree edges: 10736
numVert: 8388608, num_edges: 127002794 and delete batch size: 100000

Root: 5248543
Selected Algorithm: SG_PR_PR
Finding Replacement edges using SG.
Reversing the paths using PR module 
Executing path_reversal:

Total execution time for Deletion: 54.734 ms.

Function execution times:
Time of Super graph Creation : 22.52 ms
Time of PR_Shortcut : 17.35 ms
Time of PR-RST module : 4.84 ms
Time of Path Reversal : 4.59 ms
Time of Pointer Jumping : 2.38 ms
Time of Update data structure : 1.94 ms
Time of Finding unique comps : 1.06 ms
Time of Hash Table look up : 0.02 ms
Time of Update rep array : 0.02 ms

Input tree not connected. num_comp: 4123
Selected Algorithm: SG_PR_PR
Finding Replacement edges using SG.
Reversing the paths using PR module 
Executing path_reversal:

Total execution time for Insertion: 34.95 ms.

Function execution times:
Time of PR_Shortcut : 15.95 ms
Time of PR-RST module : 9.34 ms
Time of Path Reversal : 3.44 ms
Time of Super graph Creation : 2.81 ms
Time of Pointer Jumping : 2.37 ms
Time of Finding unique comps : 1.01 ms
Time of Hash Table look up : 0.02 ms
Time of Update rep array : 0.02 ms

Executing validate part.
numComp in the graph: 736


filename: rgg_n_2_23_s0.egr
Root: 5597711
The input parent array is a BFS tree.
Number of deleted tree edges: 11230
numVert: 8388608, num_edges: 127002794 and delete batch size: 100000

Root: 5597711
Selected Algorithm: SG_PR_PR
Finding Replacement edges using SG.
Reversing the paths using PR module 
Executing path_reversal:

Total execution time for Deletion: 55.4037 ms.

Function execution times:
Time of Super graph Creation : 22.48 ms
Time of PR_Shortcut : 17.21 ms
Time of PR-RST module : 5.61 ms
Time of Path Reversal : 4.59 ms
Time of Pointer Jumping : 2.38 ms
Time of Update data structure : 2.03 ms
Time of Finding unique comps : 1.07 ms
Time of Hash Table look up : 0.02 ms
Time of Update rep array : 0.02 ms

Input tree not connected. num_comp: 4173
Selected Algorithm: SG_PR_PR
Finding Replacement edges using SG.
Reversing the paths using PR module 
Executing path_reversal:

Total execution time for Insertion: 32.43 ms.

Function execution times:
Time of PR_Shortcut : 17.11 ms
Time of Path Reversal : 4.64 ms
Time of PR-RST module : 4.49 ms
Time of Super graph Creation : 2.80 ms
Time of Pointer Jumping : 2.38 ms
Time of Finding unique comps : 0.99 ms
Time of Hash Table look up : 0.02 ms
Time of Update rep array : 0.01 ms

Executing validate part.
numComp in the graph: 739


filename: rgg_n_2_23_s0.egr
Root: 6956151
The input parent array is a BFS tree.
Number of deleted tree edges: 7016
numVert: 8388608, num_edges: 127002794 and delete batch size: 100000

Root: 6956151
Selected Algorithm: SG_PR_PR
Finding Replacement edges using SG.
Reversing the paths using PR module 
Executing path_reversal:

Total execution time for Deletion: 54.6108 ms.

Function execution times:
Time of Super graph Creation : 22.29 ms
Time of PR_Shortcut : 16.96 ms
Time of PR-RST module : 5.29 ms
Time of Path Reversal : 4.60 ms
Time of Pointer Jumping : 2.32 ms
Time of Update data structure : 2.05 ms
Time of Finding unique comps : 1.06 ms
Time of Hash Table look up : 0.02 ms
Time of Update rep array : 0.02 ms

Input tree not connected. num_comp: 2116
Selected Algorithm: SG_PR_PR
Finding Replacement edges using SG.
Reversing the paths using PR module 
Executing path_reversal:

Total execution time for Insertion: 32.26 ms.

Function execution times:
Time of PR_Shortcut : 17.12 ms
Time of Path Reversal : 4.67 ms
Time of PR-RST module : 4.26 ms
Time of Super graph Creation : 2.87 ms
Time of Pointer Jumping : 2.32 ms
Time of Finding unique comps : 1.00 ms
Time of Hash Table look up : 0.02 ms
Time of Update rep array : 0.01 ms

Executing validate part.
numComp in the graph: 427


filename: rgg_n_2_23_s0.egr
Root: 5602043
The input parent array is a BFS tree.
Number of deleted tree edges: 10363
numVert: 8388608, num_edges: 127002794 and delete batch size: 100000

Root: 5602043
Selected Algorithm: SG_PR_PR
Finding Replacement edges using SG.
Reversing the paths using PR module 
Executing path_reversal:

Total execution time for Deletion: 54.6201 ms.

Function execution times:
Time of Super graph Creation : 22.36 ms
Time of PR_Shortcut : 17.27 ms
Time of PR-RST module : 4.88 ms
Time of Path Reversal : 4.59 ms
Time of Pointer Jumping : 2.38 ms
Time of Update data structure : 2.04 ms
Time of Finding unique comps : 1.07 ms
Time of Hash Table look up : 0.02 ms
Time of Update rep array : 0.02 ms

Input tree not connected. num_comp: 3841
Selected Algorithm: SG_PR_PR
Finding Replacement edges using SG.
Reversing the paths using PR module 
Executing path_reversal:

Total execution time for Insertion: 36.70 ms.

Function execution times:
Time of PR_Shortcut : 21.01 ms
Time of PR-RST module : 4.83 ms
Time of Path Reversal : 4.63 ms
Time of Super graph Creation : 2.80 ms
Time of Pointer Jumping : 2.37 ms
Time of Finding unique comps : 1.01 ms
Time of Hash Table look up : 0.02 ms
Time of Update rep array : 0.01 ms

Executing validate part.
numComp in the graph: 726


filename: rgg_n_2_23_s0.egr
Root: 6390579
The input parent array is a BFS tree.
Number of deleted tree edges: 9099
numVert: 8388608, num_edges: 127002794 and delete batch size: 100000

Root: 6390579
Selected Algorithm: SG_PR_PR
Finding Replacement edges using SG.
Reversing the paths using PR module 
Executing path_reversal:

Total execution time for Deletion: 55.3323 ms.

Function execution times:
Time of Super graph Creation : 22.45 ms
Time of PR_Shortcut : 17.22 ms
Time of PR-RST module : 5.57 ms
Time of Path Reversal : 4.59 ms
Time of Pointer Jumping : 2.35 ms
Time of Update data structure : 2.05 ms
Time of Finding unique comps : 1.06 ms
Time of Hash Table look up : 0.02 ms
Time of Update rep array : 0.02 ms

Input tree not connected. num_comp: 3079
Selected Algorithm: SG_PR_PR
Finding Replacement edges using SG.
Reversing the paths using PR module 
Executing path_reversal:

Total execution time for Insertion: 31.03 ms.

Function execution times:
Time of PR_Shortcut : 15.96 ms
Time of PR-RST module : 5.14 ms
Time of Path Reversal : 3.73 ms
Time of Super graph Creation : 2.82 ms
Time of Pointer Jumping : 2.34 ms
Time of Finding unique comps : 1.01 ms
Time of Update rep array : 0.01 ms
Time of Hash Table look up : 0.01 ms

Executing validate part.
numComp in the graph: 574


filename: rgg_n_2_23_s0.egr
Root: 8336100
The input parent array is a BFS tree.
Number of deleted tree edges: 1017
numVert: 8388608, num_edges: 127002794 and delete batch size: 10000

Root: 8336100
Selected Algorithm: SG_PR_PR
Finding Replacement edges using SG.
Reversing the paths using PR module 
Executing path_reversal:

Total execution time for Deletion: 50.242 ms.

Function execution times:
Time of Super graph Creation : 20.78 ms
Time of PR_Shortcut : 17.18 ms
Time of Path Reversal : 4.59 ms
Time of PR-RST module : 2.47 ms
Time of Pointer Jumping : 2.22 ms
Time of Update data structure : 1.91 ms
Time of Finding unique comps : 1.04 ms
Time of Hash Table look up : 0.02 ms
Time of Update rep array : 0.02 ms

Input tree not connected. num_comp: 230
Selected Algorithm: SG_PR_PR
Finding Replacement edges using SG.
Reversing the paths using PR module 
Executing path_reversal:

Total execution time for Insertion: 26.80 ms.

Function execution times:
Time of PR_Shortcut : 14.98 ms
Time of Path Reversal : 3.56 ms
Time of Super graph Creation : 3.01 ms
Time of Pointer Jumping : 2.19 ms
Time of PR-RST module : 2.02 ms
Time of Finding unique comps : 1.01 ms
Time of Update rep array : 0.01 ms
Time of Hash Table look up : 0.01 ms

Executing validate part.
numComp in the graph: 13


filename: rgg_n_2_23_s0.egr
Root: 3525446
The input parent array is a BFS tree.
Number of deleted tree edges: 152
numVert: 8388608, num_edges: 127002794 and delete batch size: 10000

Root: 3525446
Selected Algorithm: SG_PR_PR
Finding Replacement edges using SG.
Reversing the paths using PR module 
Executing path_reversal:

Total execution time for Deletion: 48.2891 ms.

Function execution times:
Time of Super graph Creation : 20.39 ms
Time of PR_Shortcut : 17.13 ms
Time of Path Reversal : 4.60 ms
Time of Pointer Jumping : 2.18 ms
Time of Update data structure : 1.81 ms
Time of PR-RST module : 1.12 ms
Time of Finding unique comps : 1.01 ms
Time of Hash Table look up : 0.02 ms
Time of Update rep array : 0.02 ms

Input tree not connected. num_comp: 47
Selected Algorithm: SG_PR_PR
Finding Replacement edges using SG.
Reversing the paths using PR module 
Executing path_reversal:

Total execution time for Insertion: 26.86 ms.

Function execution times:
Time of PR_Shortcut : 16.45 ms
Time of Path Reversal : 4.67 ms
Time of Pointer Jumping : 2.17 ms
Time of Super graph Creation : 2.00 ms
Time of Finding unique comps : 1.00 ms
Time of PR-RST module : 0.54 ms
Time of Hash Table look up : 0.01 ms
Time of Update rep array : 0.01 ms

Executing validate part.
numComp in the graph: 3


filename: rgg_n_2_23_s0.egr
Root: 3229252
The input parent array is a BFS tree.
Number of deleted tree edges: 395
numVert: 8388608, num_edges: 127002794 and delete batch size: 10000

Root: 3229252
Selected Algorithm: SG_PR_PR
Finding Replacement edges using SG.
Reversing the paths using PR module 
Executing path_reversal:

Total execution time for Deletion: 52.1865 ms.

Function execution times:
Time of PR_Shortcut : 20.87 ms
Time of Super graph Creation : 20.41 ms
Time of Path Reversal : 4.60 ms
Time of Pointer Jumping : 2.20 ms
Time of Update data structure : 1.81 ms
Time of PR-RST module : 1.23 ms
Time of Finding unique comps : 1.03 ms
Time of Hash Table look up : 0.02 ms
Time of Update rep array : 0.02 ms

Input tree not connected. num_comp: 104
Selected Algorithm: SG_PR_PR
Finding Replacement edges using SG.
Reversing the paths using PR module 
Executing path_reversal:

Total execution time for Insertion: 27.01 ms.

Function execution times:
Time of PR_Shortcut : 16.42 ms
Time of Path Reversal : 4.66 ms
Time of Pointer Jumping : 2.18 ms
Time of PR-RST module : 1.41 ms
Time of Super graph Creation : 1.30 ms
Time of Finding unique comps : 1.00 ms
Time of Hash Table look up : 0.01 ms
Time of Update rep array : 0.01 ms

Executing validate part.
numComp in the graph: 7


filename: rgg_n_2_23_s0.egr
Root: 4852636
The input parent array is a BFS tree.
Number of deleted tree edges: 1175
numVert: 8388608, num_edges: 127002794 and delete batch size: 10000

Root: 4852636
Selected Algorithm: SG_PR_PR
Finding Replacement edges using SG.
Reversing the paths using PR module 
Executing path_reversal:

Total execution time for Deletion: 50.1054 ms.

Function execution times:
Time of Super graph Creation : 20.70 ms
Time of PR_Shortcut : 16.96 ms
Time of Path Reversal : 4.59 ms
Time of PR-RST module : 2.69 ms
Time of Pointer Jumping : 2.23 ms
Time of Update data structure : 1.84 ms
Time of Finding unique comps : 1.04 ms
Time of Hash Table look up : 0.02 ms
Time of Update rep array : 0.02 ms

Input tree not connected. num_comp: 438
Selected Algorithm: SG_PR_PR
Finding Replacement edges using SG.
Reversing the paths using PR module 
Executing path_reversal:

Total execution time for Insertion: 30.11 ms.

Function execution times:
Time of PR_Shortcut : 16.52 ms
Time of Path Reversal : 4.67 ms
Time of Super graph Creation : 2.96 ms
Time of PR-RST module : 2.69 ms
Time of Pointer Jumping : 2.23 ms
Time of Finding unique comps : 1.01 ms
Time of Hash Table look up : 0.02 ms
Time of Update rep array : 0.01 ms

Executing validate part.
numComp in the graph: 18


filename: rgg_n_2_23_s0.egr
Root: 2822358
The input parent array is a BFS tree.
Number of deleted tree edges: 615
numVert: 8388608, num_edges: 127002794 and delete batch size: 10000

Root: 2822358
Selected Algorithm: SG_PR_PR
Finding Replacement edges using SG.
Reversing the paths using PR module 
Executing path_reversal:

Total execution time for Deletion: 51.3746 ms.

Function execution times:
Time of Super graph Creation : 22.47 ms
Time of PR_Shortcut : 17.11 ms
Time of Path Reversal : 4.60 ms
Time of Pointer Jumping : 2.22 ms
Time of Update data structure : 2.01 ms
Time of PR-RST module : 1.89 ms
Time of Finding unique comps : 1.04 ms
Time of Hash Table look up : 0.02 ms
Time of Update rep array : 0.02 ms

Input tree not connected. num_comp: 175
Selected Algorithm: SG_PR_PR
Finding Replacement edges using SG.
Reversing the paths using PR module 
Executing path_reversal:

Total execution time for Insertion: 27.33 ms.

Function execution times:
Time of PR_Shortcut : 16.40 ms
Time of Path Reversal : 4.65 ms
Time of Pointer Jumping : 2.21 ms
Time of Super graph Creation : 1.95 ms
Time of PR-RST module : 1.10 ms
Time of Finding unique comps : 1.00 ms
Time of Hash Table look up : 0.01 ms
Time of Update rep array : 0.01 ms

Executing validate part.
numComp in the graph: 10


filename: rgg_n_2_23_s0.egr
Root: 8326803
The input parent array is a BFS tree.
Number of deleted tree edges: 7
numVert: 8388608, num_edges: 127002794 and delete batch size: 100

Root: 8326803
Selected Algorithm: SG_PR_PR
Finding Replacement edges using SG.
Reversing the paths using PR module 
Executing path_reversal:

Total execution time for Deletion: 46.9673 ms.

Function execution times:
Time of Super graph Creation : 18.99 ms
Time of PR_Shortcut : 17.90 ms
Time of Path Reversal : 4.60 ms
Time of Pointer Jumping : 2.16 ms
Time of Update data structure : 1.87 ms
Time of Finding unique comps : 1.01 ms
Time of PR-RST module : 0.41 ms
Time of Hash Table look up : 0.02 ms
Time of Update rep array : 0.01 ms


Total execution time for Insertion: 0.00 ms.

Function execution times:

Executing validate part.
numComp in the graph: 1


filename: rgg_n_2_23_s0.egr
Root: 3995247
The input parent array is a BFS tree.
Number of deleted tree edges: 6
numVert: 8388608, num_edges: 127002794 and delete batch size: 100

Root: 3995247
Selected Algorithm: SG_PR_PR
Finding Replacement edges using SG.
Reversing the paths using PR module 
Executing path_reversal:

Total execution time for Deletion: 46.0039 ms.

Function execution times:
Time of Super graph Creation : 18.97 ms
Time of PR_Shortcut : 16.52 ms
Time of Path Reversal : 4.62 ms
Time of Pointer Jumping : 2.15 ms
Time of Update data structure : 2.09 ms
Time of Finding unique comps : 0.99 ms
Time of PR-RST module : 0.64 ms
Time of Hash Table look up : 0.02 ms
Time of Update rep array : 0.01 ms

Input tree not connected. num_comp: 4
Selected Algorithm: SG_PR_PR
Finding Replacement edges using SG.
Reversing the paths using PR module 
Executing path_reversal:

Total execution time for Insertion: 26.49 ms.

Function execution times:
Time of PR_Shortcut : 17.17 ms
Time of Path Reversal : 4.67 ms
Time of Pointer Jumping : 2.14 ms
Time of Finding unique comps : 0.98 ms
Time of Super graph Creation : 0.96 ms
Time of PR-RST module : 0.54 ms
Time of Hash Table look up : 0.01 ms
Time of Update rep array : 0.01 ms

Executing validate part.
numComp in the graph: 2


filename: rgg_n_2_23_s0.egr
Root: 475686
The input parent array is a BFS tree.
Number of deleted tree edges: 16
numVert: 8388608, num_edges: 127002794 and delete batch size: 100

Root: 475686
Selected Algorithm: SG_PR_PR
Finding Replacement edges using SG.
Reversing the paths using PR module 
Executing path_reversal:

Total execution time for Deletion: 51.098 ms.

Function execution times:
Time of Super graph Creation : 23.49 ms
Time of PR_Shortcut : 17.17 ms
Time of Path Reversal : 4.59 ms
Time of Pointer Jumping : 2.13 ms
Time of Update data structure : 1.90 ms
Time of Finding unique comps : 1.00 ms
Time of PR-RST module : 0.80 ms
Time of Hash Table look up : 0.02 ms
Time of Update rep array : 0.01 ms

Input tree not connected. num_comp: 9
Selected Algorithm: SG_PR_PR
Finding Replacement edges using SG.
Reversing the paths using PR module 
Executing path_reversal:

Total execution time for Insertion: 26.71 ms.

Function execution times:
Time of PR_Shortcut : 17.23 ms
Time of Path Reversal : 4.64 ms
Time of Pointer Jumping : 2.13 ms
Time of Finding unique comps : 1.00 ms
Time of Super graph Creation : 0.98 ms
Time of PR-RST module : 0.70 ms
Time of Update rep array : 0.01 ms
Time of Hash Table look up : 0.01 ms

Executing validate part.
numComp in the graph: 2


filename: rgg_n_2_23_s0.egr
Root: 6919437
The input parent array is a BFS tree.
Number of deleted tree edges: 8
numVert: 8388608, num_edges: 127002794 and delete batch size: 100

Root: 6919437
Selected Algorithm: SG_PR_PR
Finding Replacement edges using SG.
Reversing the paths using PR module 
Executing path_reversal:

Total execution time for Deletion: 46.1479 ms.

Function execution times:
Time of Super graph Creation : 19.21 ms
Time of PR_Shortcut : 16.60 ms
Time of Path Reversal : 4.60 ms
Time of Pointer Jumping : 2.18 ms
Time of Update data structure : 1.79 ms
Time of Finding unique comps : 1.01 ms
Time of PR-RST module : 0.73 ms
Time of Hash Table look up : 0.02 ms
Time of Update rep array : 0.01 ms

Input tree not connected. num_comp: 5
Selected Algorithm: SG_PR_PR
Finding Replacement edges using SG.
Reversing the paths using PR module 
Executing path_reversal:

Total execution time for Insertion: 27.50 ms.

Function execution times:
Time of PR_Shortcut : 18.88 ms
Time of Path Reversal : 4.11 ms
Time of Pointer Jumping : 1.90 ms
Time of Super graph Creation : 1.22 ms
Time of Finding unique comps : 1.01 ms
Time of PR-RST module : 0.36 ms
Time of Hash Table look up : 0.01 ms
Time of Update rep array : 0.01 ms

Executing validate part.
numComp in the graph: 2


filename: rgg_n_2_23_s0.egr
Root: 8178167
The input parent array is a BFS tree.
Number of deleted tree edges: 12
numVert: 8388608, num_edges: 127002794 and delete batch size: 100

Root: 8178167
Selected Algorithm: SG_PR_PR
Finding Replacement edges using SG.
Reversing the paths using PR module 
Executing path_reversal:

Total execution time for Deletion: 46.5283 ms.

Function execution times:
Time of Super graph Creation : 19.13 ms
Time of PR_Shortcut : 17.05 ms
Time of Path Reversal : 4.60 ms
Time of Pointer Jumping : 2.16 ms
Time of Update data structure : 1.83 ms
Time of Finding unique comps : 1.00 ms
Time of PR-RST module : 0.73 ms
Time of Hash Table look up : 0.02 ms
Time of Update rep array : 0.01 ms

Input tree not connected. num_comp: 5
Selected Algorithm: SG_PR_PR
Finding Replacement edges using SG.
Reversing the paths using PR module 
Executing path_reversal:

Total execution time for Insertion: 25.06 ms.

Function execution times:
Time of PR_Shortcut : 16.40 ms
Time of Path Reversal : 3.88 ms
Time of Pointer Jumping : 2.16 ms
Time of Finding unique comps : 1.00 ms
Time of Super graph Creation : 0.96 ms
Time of PR-RST module : 0.64 ms
Time of Hash Table look up : 0.01 ms
Time of Update rep array : 0.01 ms

Executing validate part.
numComp in the graph: 2


filename: rgg_n_2_23_s0.egr
Root: 3726166
The input parent array is a BFS tree.
Number of deleted tree edges: 38
numVert: 8388608, num_edges: 127002794 and delete batch size: 1000

Root: 3726166
Selected Algorithm: SG_PR_PR
Finding Replacement edges using SG.
Reversing the paths using PR module 
Executing path_reversal:

Total execution time for Deletion: 47.2534 ms.

Function execution times:
Time of Super graph Creation : 19.57 ms
Time of PR_Shortcut : 17.05 ms
Time of Path Reversal : 4.59 ms
Time of Pointer Jumping : 2.18 ms
Time of Update data structure : 1.91 ms
Time of Finding unique comps : 1.00 ms
Time of PR-RST module : 0.92 ms
Time of Hash Table look up : 0.02 ms
Time of Update rep array : 0.01 ms

Input tree not connected. num_comp: 12
Selected Algorithm: SG_PR_PR
Finding Replacement edges using SG.
Reversing the paths using PR module 
Executing path_reversal:

Total execution time for Insertion: 26.06 ms.

Function execution times:
Time of PR_Shortcut : 16.54 ms
Time of Path Reversal : 4.64 ms
Time of Pointer Jumping : 2.18 ms
Time of Finding unique comps : 1.01 ms
Time of Super graph Creation : 0.94 ms
Time of PR-RST module : 0.72 ms
Time of Hash Table look up : 0.01 ms
Time of Update rep array : 0.01 ms

Executing validate part.
numComp in the graph: 2


filename: rgg_n_2_23_s0.egr
Root: 4400251
The input parent array is a BFS tree.
Number of deleted tree edges: 107
numVert: 8388608, num_edges: 127002794 and delete batch size: 1000

Root: 4400251
Selected Algorithm: SG_PR_PR
Finding Replacement edges using SG.
Reversing the paths using PR module 
Executing path_reversal:

Total execution time for Deletion: 47.9613 ms.

Function execution times:
Time of Super graph Creation : 20.28 ms
Time of PR_Shortcut : 16.69 ms
Time of Path Reversal : 4.60 ms
Time of Pointer Jumping : 2.13 ms
Time of Update data structure : 1.85 ms
Time of PR-RST module : 1.37 ms
Time of Finding unique comps : 1.01 ms
Time of Hash Table look up : 0.02 ms
Time of Update rep array : 0.02 ms

Input tree not connected. num_comp: 44
Selected Algorithm: SG_PR_PR
Finding Replacement edges using SG.
Reversing the paths using PR module 
Executing path_reversal:

Total execution time for Insertion: 30.54 ms.

Function execution times:
Time of PR_Shortcut : 20.85 ms
Time of Path Reversal : 4.67 ms
Time of Pointer Jumping : 2.14 ms
Time of Finding unique comps : 1.00 ms
Time of Super graph Creation : 0.98 ms
Time of PR-RST module : 0.87 ms
Time of Hash Table look up : 0.01 ms
Time of Update rep array : 0.01 ms

Executing validate part.
numComp in the graph: 2


filename: rgg_n_2_23_s0.egr
Root: 3670120
The input parent array is a BFS tree.
Number of deleted tree edges: 63
numVert: 8388608, num_edges: 127002794 and delete batch size: 1000

Root: 3670120
Selected Algorithm: SG_PR_PR
Finding Replacement edges using SG.
Reversing the paths using PR module 
Executing path_reversal:

Total execution time for Deletion: 51.7518 ms.

Function execution times:
Time of Super graph Creation : 22.96 ms
Time of PR_Shortcut : 17.55 ms
Time of Path Reversal : 4.60 ms
Time of Pointer Jumping : 2.16 ms
Time of Update data structure : 1.87 ms
Time of PR-RST module : 1.60 ms
Time of Finding unique comps : 0.97 ms
Time of Hash Table look up : 0.02 ms
Time of Update rep array : 0.01 ms

Input tree not connected. num_comp: 19
Selected Algorithm: SG_PR_PR
Finding Replacement edges using SG.
Reversing the paths using PR module 
Executing path_reversal:

Total execution time for Insertion: 23.75 ms.

Function execution times:
Time of PR_Shortcut : 16.05 ms
Time of Path Reversal : 3.90 ms
Time of Pointer Jumping : 1.78 ms
Time of Finding unique comps : 1.01 ms
Time of PR-RST module : 0.71 ms
Time of Super graph Creation : 0.29 ms
Time of Hash Table look up : 0.01 ms
Time of Update rep array : 0.01 ms

Executing validate part.
numComp in the graph: 3


filename: rgg_n_2_23_s0.egr
Root: 7493151
The input parent array is a BFS tree.
Number of deleted tree edges: 69
numVert: 8388608, num_edges: 127002794 and delete batch size: 1000

Root: 7493151
Selected Algorithm: SG_PR_PR
Finding Replacement edges using SG.
Reversing the paths using PR module 
Executing path_reversal:

Total execution time for Deletion: 48.1744 ms.

Function execution times:
Time of Super graph Creation : 20.23 ms
Time of PR_Shortcut : 17.22 ms
Time of Path Reversal : 4.59 ms
Time of Pointer Jumping : 2.17 ms
Time of Update data structure : 1.92 ms
Time of PR-RST module : 1.01 ms
Time of Finding unique comps : 1.00 ms
Time of Hash Table look up : 0.02 ms
Time of Update rep array : 0.01 ms

Input tree not connected. num_comp: 16
Selected Algorithm: SG_PR_PR
Finding Replacement edges using SG.
Reversing the paths using PR module 
Executing path_reversal:

Total execution time for Insertion: 30.79 ms.

Function execution times:
Time of PR_Shortcut : 17.15 ms
Time of Pointer Jumping : 6.31 ms
Time of Path Reversal : 4.62 ms
Time of Finding unique comps : 0.98 ms
Time of Super graph Creation : 0.98 ms
Time of PR-RST module : 0.72 ms
Time of Hash Table look up : 0.01 ms
Time of Update rep array : 0.01 ms

Executing validate part.
numComp in the graph: 2


filename: rgg_n_2_23_s0.egr
Root: 1675739
The input parent array is a BFS tree.
Number of deleted tree edges: 82
numVert: 8388608, num_edges: 127002794 and delete batch size: 1000

Root: 1675739
Selected Algorithm: SG_PR_PR
Finding Replacement edges using SG.
Reversing the paths using PR module 
Executing path_reversal:

Total execution time for Deletion: 48.9404 ms.

Function execution times:
Time of Super graph Creation : 21.16 ms
Time of PR_Shortcut : 17.07 ms
Time of Path Reversal : 4.59 ms
Time of Pointer Jumping : 2.17 ms
Time of Update data structure : 1.88 ms
Time of PR-RST module : 1.02 ms
Time of Finding unique comps : 1.00 ms
Time of Hash Table look up : 0.02 ms
Time of Update rep array : 0.01 ms

Input tree not connected. num_comp: 38
Selected Algorithm: SG_PR_PR
Finding Replacement edges using SG.
Reversing the paths using PR module 
Executing path_reversal:

Total execution time for Insertion: 27.07 ms.

Function execution times:
Time of PR_Shortcut : 17.38 ms
Time of Path Reversal : 4.63 ms
Time of Pointer Jumping : 2.17 ms
Time of Finding unique comps : 1.00 ms
Time of Super graph Creation : 0.95 ms
Time of PR-RST module : 0.91 ms
Time of Hash Table look up : 0.01 ms
Time of Update rep array : 0.01 ms

Executing validate part.
numComp in the graph: 2
