

filename: road_usa.egr
Root: 5682170
The input parent array is a BFS tree.
Number of deleted tree edges: 32981
numVert: 23947347, num_edges: 57708624 and delete batch size: 100000

Root: 5682170
Selected Algorithm: SG_PR_PR
Finding Replacement edges using SG.
Reversing the paths using PR module 
Executing path_reversal:

Total execution time for Deletion: 78.2894 ms.

Function execution times:
Time of PR_Shortcut : 51.19 ms
Time of Path Reversal : 9.13 ms
Time of Super graph Creation : 7.87 ms
Time of PR-RST module : 4.81 ms
Time of Pointer Jumping : 4.21 ms
Time of Update data structure : 0.81 ms
Time of Finding unique comps : 0.24 ms
Time of Hash Table look up : 0.02 ms
Time of Update rep array : 0.01 ms

Input tree not connected. num_comp: 19785
Selected Algorithm: SG_PR_PR
Finding Replacement edges using SG.
Reversing the paths using PR module 
Executing path_reversal:

Total execution time for Insertion: 71.45 ms.

Function execution times:
Time of PR_Shortcut : 50.40 ms
Time of Path Reversal : 9.34 ms
Time of PR-RST module : 4.50 ms
Time of Pointer Jumping : 4.18 ms
Time of Super graph Creation : 1.98 ms
Time of Finding unique comps : 1.02 ms
Time of Hash Table look up : 0.01 ms
Time of Update rep array : 0.01 ms

Executing validate part.
numComp in the graph: 694


filename: road_usa.egr
Root: 15383902
The input parent array is a BFS tree.
Number of deleted tree edges: 31385
numVert: 23947347, num_edges: 57708624 and delete batch size: 100000

Root: 15383902
Selected Algorithm: SG_PR_PR
Finding Replacement edges using SG.
Reversing the paths using PR module 
Executing path_reversal:

Total execution time for Deletion: 105.837 ms.

Function execution times:
Time of PR_Shortcut : 68.60 ms
Time of Path Reversal : 12.54 ms
Time of Super graph Creation : 10.89 ms
Time of PR-RST module : 6.14 ms
Time of Pointer Jumping : 6.12 ms
Time of Update data structure : 1.15 ms
Time of Finding unique comps : 0.36 ms
Time of Hash Table look up : 0.02 ms
Time of Update rep array : 0.02 ms

Input tree not connected. num_comp: 19126
Selected Algorithm: SG_PR_PR
Finding Replacement edges using SG.
Reversing the paths using PR module 
Executing path_reversal:

Total execution time for Insertion: 71.47 ms.

Function execution times:
Time of PR_Shortcut : 50.44 ms
Time of Path Reversal : 9.35 ms
Time of PR-RST module : 4.54 ms
Time of Pointer Jumping : 4.38 ms
Time of Super graph Creation : 1.72 ms
Time of Finding unique comps : 1.02 ms
Time of Hash Table look up : 0.01 ms
Time of Update rep array : 0.01 ms

Executing validate part.
numComp in the graph: 682


filename: road_usa.egr
Root: 10352152
The input parent array is a BFS tree.
Number of deleted tree edges: 26569
numVert: 23947347, num_edges: 57708624 and delete batch size: 100000

Root: 10352152
Selected Algorithm: SG_PR_PR
Finding Replacement edges using SG.
Reversing the paths using PR module 
Executing path_reversal:

Total execution time for Deletion: 103.539 ms.

Function execution times:
Time of PR_Shortcut : 65.66 ms
Time of Path Reversal : 12.52 ms
Time of Super graph Creation : 10.84 ms
Time of PR-RST module : 6.93 ms
Time of Pointer Jumping : 6.05 ms
Time of Update data structure : 1.14 ms
Time of Finding unique comps : 0.35 ms
Time of Hash Table look up : 0.02 ms
Time of Update rep array : 0.02 ms

Input tree not connected. num_comp: 16195
Selected Algorithm: SG_PR_PR
Finding Replacement edges using SG.
Reversing the paths using PR module 
Executing path_reversal:

Total execution time for Insertion: 93.02 ms.

Function execution times:
Time of PR_Shortcut : 66.17 ms
Time of Path Reversal : 9.34 ms
Time of PR-RST module : 7.19 ms
Time of Pointer Jumping : 6.01 ms
Time of Super graph Creation : 3.26 ms
Time of Finding unique comps : 1.01 ms
Time of Hash Table look up : 0.02 ms
Time of Update rep array : 0.02 ms

Executing validate part.
numComp in the graph: 630


filename: road_usa.egr
Root: 21038978
The input parent array is a BFS tree.
Number of deleted tree edges: 36665
numVert: 23947347, num_edges: 57708624 and delete batch size: 100000

Root: 21038978
Selected Algorithm: SG_PR_PR
Finding Replacement edges using SG.
Reversing the paths using PR module 
Executing path_reversal:

Total execution time for Deletion: 106.699 ms.

Function execution times:
Time of PR_Shortcut : 69.13 ms
Time of Path Reversal : 12.52 ms
Time of Super graph Creation : 10.87 ms
Time of PR-RST module : 6.48 ms
Time of Pointer Jumping : 6.19 ms
Time of Update data structure : 1.13 ms
Time of Finding unique comps : 0.35 ms
Time of Hash Table look up : 0.02 ms
Time of Update rep array : 0.02 ms

Input tree not connected. num_comp: 22214
Selected Algorithm: SG_PR_PR
Finding Replacement edges using SG.
Reversing the paths using PR module 
Executing path_reversal:

Total execution time for Insertion: 84.41 ms.

Function execution times:
Time of PR_Shortcut : 55.42 ms
Time of Path Reversal : 9.35 ms
Time of PR-RST module : 9.31 ms
Time of Pointer Jumping : 6.13 ms
Time of Super graph Creation : 3.14 ms
Time of Finding unique comps : 1.03 ms
Time of Hash Table look up : 0.02 ms
Time of Update rep array : 0.02 ms

Executing validate part.
numComp in the graph: 818


filename: road_usa.egr
Root: 12138697
The input parent array is a BFS tree.
Number of deleted tree edges: 29352
numVert: 23947347, num_edges: 57708624 and delete batch size: 100000

Root: 12138697
Selected Algorithm: SG_PR_PR
Finding Replacement edges using SG.
Reversing the paths using PR module 
Executing path_reversal:

Total execution time for Deletion: 103.951 ms.

Function execution times:
Time of PR_Shortcut : 67.68 ms
Time of Path Reversal : 12.53 ms
Time of Super graph Creation : 10.83 ms
Time of Pointer Jumping : 6.10 ms
Time of PR-RST module : 5.30 ms
Time of Update data structure : 1.13 ms
Time of Finding unique comps : 0.35 ms
Time of Hash Table look up : 0.02 ms
Time of Update rep array : 0.02 ms

Input tree not connected. num_comp: 17836
Selected Algorithm: SG_PR_PR
Finding Replacement edges using SG.
Reversing the paths using PR module 
Executing path_reversal:

Total execution time for Insertion: 72.27 ms.

Function execution times:
Time of PR_Shortcut : 50.23 ms
Time of Path Reversal : 9.35 ms
Time of Pointer Jumping : 5.47 ms
Time of PR-RST module : 4.51 ms
Time of Super graph Creation : 1.67 ms
Time of Finding unique comps : 1.02 ms
Time of Hash Table look up : 0.01 ms
Time of Update rep array : 0.01 ms

Executing validate part.
numComp in the graph: 673


filename: road_usa.egr
Root: 19955123
The input parent array is a BFS tree.
Number of deleted tree edges: 674
numVert: 23947347, num_edges: 57708624 and delete batch size: 10000

Root: 19955123
Selected Algorithm: SG_PR_PR
Finding Replacement edges using SG.
Reversing the paths using PR module 
Executing path_reversal:

Total execution time for Deletion: 99.5511 ms.

Function execution times:
Time of PR_Shortcut : 65.88 ms
Time of Path Reversal : 12.54 ms
Time of Super graph Creation : 10.22 ms
Time of Pointer Jumping : 5.45 ms
Time of PR-RST module : 2.93 ms
Time of Update data structure : 2.23 ms
Time of Finding unique comps : 0.28 ms
Time of Hash Table look up : 0.02 ms
Time of Update rep array : 0.02 ms

Input tree not connected. num_comp: 387
Selected Algorithm: SG_PR_PR
Finding Replacement edges using SG.
Reversing the paths using PR module 
Executing path_reversal:

Total execution time for Insertion: 69.71 ms.

Function execution times:
Time of PR_Shortcut : 50.43 ms
Time of Path Reversal : 9.35 ms
Time of Pointer Jumping : 5.46 ms
Time of Super graph Creation : 1.78 ms
Time of PR-RST module : 1.66 ms
Time of Finding unique comps : 1.00 ms
Time of Hash Table look up : 0.01 ms
Time of Update rep array : 0.01 ms

Executing validate part.
numComp in the graph: 3


filename: road_usa.egr
Root: 18502981
The input parent array is a BFS tree.
Number of deleted tree edges: 2198
numVert: 23947347, num_edges: 57708624 and delete batch size: 10000

Root: 18502981
Selected Algorithm: SG_PR_PR
Finding Replacement edges using SG.
Reversing the paths using PR module 
Executing path_reversal:

Total execution time for Deletion: 101.113 ms.

Function execution times:
Time of PR_Shortcut : 66.56 ms
Time of Path Reversal : 12.52 ms
Time of Super graph Creation : 11.59 ms
Time of Pointer Jumping : 5.54 ms
Time of PR-RST module : 3.52 ms
Time of Update data structure : 1.04 ms
Time of Finding unique comps : 0.31 ms
Time of Hash Table look up : 0.02 ms
Time of Update rep array : 0.02 ms

Input tree not connected. num_comp: 1318
Selected Algorithm: SG_PR_PR
Finding Replacement edges using SG.
Reversing the paths using PR module 
Executing path_reversal:

Total execution time for Insertion: 74.05 ms.

Function execution times:
Time of PR_Shortcut : 53.88 ms
Time of Path Reversal : 9.34 ms
Time of Pointer Jumping : 5.55 ms
Time of PR-RST module : 2.60 ms
Time of Super graph Creation : 1.65 ms
Time of Finding unique comps : 1.01 ms
Time of Hash Table look up : 0.02 ms
Time of Update rep array : 0.02 ms

Executing validate part.
numComp in the graph: 9


filename: road_usa.egr
Root: 17122371
The input parent array is a BFS tree.
Number of deleted tree edges: 1045
numVert: 23947347, num_edges: 57708624 and delete batch size: 10000

Root: 17122371
Selected Algorithm: SG_PR_PR
Finding Replacement edges using SG.
Reversing the paths using PR module 
Executing path_reversal:

Total execution time for Deletion: 102.137 ms.

Function execution times:
Time of PR_Shortcut : 68.36 ms
Time of Path Reversal : 12.51 ms
Time of Super graph Creation : 10.23 ms
Time of Pointer Jumping : 5.47 ms
Time of PR-RST module : 3.82 ms
Time of Update data structure : 1.41 ms
Time of Finding unique comps : 0.29 ms
Time of Hash Table look up : 0.02 ms
Time of Update rep array : 0.02 ms

Input tree not connected. num_comp: 651
Selected Algorithm: SG_PR_PR
Finding Replacement edges using SG.
Reversing the paths using PR module 
Executing path_reversal:

Total execution time for Insertion: 73.26 ms.

Function execution times:
Time of PR_Shortcut : 53.84 ms
Time of Path Reversal : 9.33 ms
Time of Pointer Jumping : 5.49 ms
Time of PR-RST module : 1.84 ms
Time of Super graph Creation : 1.72 ms
Time of Finding unique comps : 1.01 ms
Time of Hash Table look up : 0.02 ms
Time of Update rep array : 0.01 ms

Executing validate part.
numComp in the graph: 7


filename: road_usa.egr
Root: 9204474
The input parent array is a BFS tree.
Number of deleted tree edges: 907
numVert: 23947347, num_edges: 57708624 and delete batch size: 10000

Root: 9204474
Selected Algorithm: SG_PR_PR
Finding Replacement edges using SG.
Reversing the paths using PR module 
Executing path_reversal:

Total execution time for Deletion: 97.5628 ms.

Function execution times:
Time of PR_Shortcut : 66.01 ms
Time of Path Reversal : 12.53 ms
Time of Super graph Creation : 10.29 ms
Time of Pointer Jumping : 5.46 ms
Time of PR-RST module : 1.88 ms
Time of Update data structure : 1.05 ms
Time of Finding unique comps : 0.29 ms
Time of Hash Table look up : 0.02 ms
Time of Update rep array : 0.02 ms

Input tree not connected. num_comp: 526
Selected Algorithm: SG_PR_PR
Finding Replacement edges using SG.
Reversing the paths using PR module 
Executing path_reversal:

Total execution time for Insertion: 72.54 ms.

Function execution times:
Time of PR_Shortcut : 53.64 ms
Time of Path Reversal : 9.34 ms
Time of Pointer Jumping : 5.47 ms
Time of Super graph Creation : 1.75 ms
Time of PR-RST module : 1.30 ms
Time of Finding unique comps : 1.01 ms
Time of Hash Table look up : 0.01 ms
Time of Update rep array : 0.01 ms

Executing validate part.
numComp in the graph: 5


filename: road_usa.egr
Root: 4923249
The input parent array is a BFS tree.
Number of deleted tree edges: 2454
numVert: 23947347, num_edges: 57708624 and delete batch size: 10000

Root: 4923249
Selected Algorithm: SG_PR_PR
Finding Replacement edges using SG.
Reversing the paths using PR module 
Executing path_reversal:

Total execution time for Deletion: 99.9619 ms.

Function execution times:
Time of PR_Shortcut : 67.58 ms
Time of Path Reversal : 12.12 ms
Time of Super graph Creation : 10.40 ms
Time of Pointer Jumping : 5.56 ms
Time of PR-RST module : 2.90 ms
Time of Update data structure : 1.04 ms
Time of Finding unique comps : 0.32 ms
Time of Hash Table look up : 0.02 ms
Time of Update rep array : 0.02 ms

Input tree not connected. num_comp: 1501
Selected Algorithm: SG_PR_PR
Finding Replacement edges using SG.
Reversing the paths using PR module 
Executing path_reversal:

Total execution time for Insertion: 69.89 ms.

Function execution times:
Time of PR_Shortcut : 52.01 ms
Time of Path Reversal : 9.63 ms
Time of Pointer Jumping : 4.09 ms
Time of PR-RST module : 2.10 ms
Time of Super graph Creation : 1.03 ms
Time of Finding unique comps : 1.00 ms
Time of Hash Table look up : 0.01 ms
Time of Update rep array : 0.01 ms

Executing validate part.
numComp in the graph: 10


filename: road_usa.egr
Root: 8911987
The input parent array is a BFS tree.
Number of deleted tree edges: 27
numVert: 23947347, num_edges: 57708624 and delete batch size: 100

Root: 8911987
Selected Algorithm: SG_PR_PR
Finding Replacement edges using SG.
Reversing the paths using PR module 
Executing path_reversal:

Total execution time for Deletion: 94.4048 ms.

Function execution times:
Time of PR_Shortcut : 65.26 ms
Time of Path Reversal : 16.31 ms
Time of Super graph Creation : 7.51 ms
Time of Pointer Jumping : 3.76 ms
Time of Update data structure : 0.74 ms
Time of PR-RST module : 0.65 ms
Time of Finding unique comps : 0.15 ms
Time of Hash Table look up : 0.01 ms
Time of Update rep array : 0.01 ms

Input tree not connected. num_comp: 15
Selected Algorithm: SG_PR_PR
Finding Replacement edges using SG.
Reversing the paths using PR module 
Executing path_reversal:

Total execution time for Insertion: 86.85 ms.

Function execution times:
Time of PR_Shortcut : 66.28 ms
Time of Path Reversal : 12.60 ms
Time of Pointer Jumping : 5.43 ms
Time of Finding unique comps : 1.00 ms
Time of Super graph Creation : 0.84 ms
Time of PR-RST module : 0.68 ms
Time of Update rep array : 0.01 ms
Time of Hash Table look up : 0.01 ms

Executing validate part.
numComp in the graph: 2


filename: road_usa.egr
Root: 9435657
The input parent array is a BFS tree.
Number of deleted tree edges: 21
numVert: 23947347, num_edges: 57708624 and delete batch size: 100

Root: 9435657
Selected Algorithm: SG_PR_PR
Finding Replacement edges using SG.
Reversing the paths using PR module 
Executing path_reversal:

Total execution time for Deletion: 95.3928 ms.

Function execution times:
Time of PR_Shortcut : 67.75 ms
Time of Path Reversal : 10.43 ms
Time of Super graph Creation : 9.77 ms
Time of Pointer Jumping : 5.41 ms
Time of Update data structure : 1.00 ms
Time of PR-RST module : 0.82 ms
Time of Finding unique comps : 0.19 ms
Time of Hash Table look up : 0.02 ms
Time of Update rep array : 0.02 ms

Input tree not connected. num_comp: 11
Selected Algorithm: SG_PR_PR
Finding Replacement edges using SG.
Reversing the paths using PR module 
Executing path_reversal:

Total execution time for Insertion: 71.59 ms.

Function execution times:
Time of PR_Shortcut : 54.21 ms
Time of Path Reversal : 10.54 ms
Time of Pointer Jumping : 4.47 ms
Time of Finding unique comps : 1.00 ms
Time of Super graph Creation : 0.72 ms
Time of PR-RST module : 0.62 ms
Time of Hash Table look up : 0.01 ms
Time of Update rep array : 0.01 ms

Executing validate part.
numComp in the graph: 2


filename: road_usa.egr
Root: 1059166
The input parent array is a BFS tree.
Number of deleted tree edges: 25
numVert: 23947347, num_edges: 57708624 and delete batch size: 100

Root: 1059166
Selected Algorithm: SG_PR_PR
Finding Replacement edges using SG.
Reversing the paths using PR module 
Executing path_reversal:

Total execution time for Deletion: 93.0997 ms.

Function execution times:
Time of PR_Shortcut : 63.29 ms
Time of Path Reversal : 12.54 ms
Time of Super graph Creation : 9.81 ms
Time of Pointer Jumping : 5.41 ms
Time of Update data structure : 1.02 ms
Time of PR-RST module : 0.81 ms
Time of Finding unique comps : 0.19 ms
Time of Hash Table look up : 0.02 ms
Time of Update rep array : 0.01 ms

Input tree not connected. num_comp: 19
Selected Algorithm: SG_PR_PR
Finding Replacement edges using SG.
Reversing the paths using PR module 
Executing path_reversal:

Total execution time for Insertion: 89.60 ms.

Function execution times:
Time of PR_Shortcut : 68.90 ms
Time of Path Reversal : 12.62 ms
Time of Pointer Jumping : 5.44 ms
Time of Finding unique comps : 1.01 ms
Time of Super graph Creation : 0.82 ms
Time of PR-RST module : 0.78 ms
Time of Hash Table look up : 0.01 ms
Time of Update rep array : 0.01 ms

Executing validate part.
numComp in the graph: 2


filename: road_usa.egr
Root: 15648871
The input parent array is a BFS tree.
Number of deleted tree edges: 3
numVert: 23947347, num_edges: 57708624 and delete batch size: 100

Root: 15648871
Selected Algorithm: SG_PR_PR
Finding Replacement edges using SG.
Reversing the paths using PR module 
Executing path_reversal:

Total execution time for Deletion: 98.1639 ms.

Function execution times:
Time of PR_Shortcut : 65.54 ms
Time of Path Reversal : 15.81 ms
Time of Super graph Creation : 9.61 ms
Time of Pointer Jumping : 5.40 ms
Time of Update data structure : 1.22 ms
Time of PR-RST module : 0.34 ms
Time of Finding unique comps : 0.21 ms
Time of Hash Table look up : 0.02 ms
Time of Update rep array : 0.01 ms

Input tree not connected. num_comp: 4
Selected Algorithm: SG_PR_PR
Finding Replacement edges using SG.
Reversing the paths using PR module 
Executing path_reversal:

Total execution time for Insertion: 73.10 ms.

Function execution times:
Time of PR_Shortcut : 56.14 ms
Time of Path Reversal : 9.34 ms
Time of Pointer Jumping : 5.43 ms
Time of Finding unique comps : 1.00 ms
Time of Super graph Creation : 0.84 ms
Time of PR-RST module : 0.32 ms
Time of Hash Table look up : 0.01 ms
Time of Update rep array : 0.01 ms

Executing validate part.
numComp in the graph: 1


filename: road_usa.egr
Root: 23252634
The input parent array is a BFS tree.
Number of deleted tree edges: 12
numVert: 23947347, num_edges: 57708624 and delete batch size: 100

Root: 23252634
Selected Algorithm: SG_PR_PR
Finding Replacement edges using SG.
Reversing the paths using PR module 
Executing path_reversal:

Total execution time for Deletion: 93.4449 ms.

Function execution times:
Time of PR_Shortcut : 66.20 ms
Time of Path Reversal : 10.20 ms
Time of Super graph Creation : 9.66 ms
Time of Pointer Jumping : 5.41 ms
Time of Update data structure : 1.05 ms
Time of PR-RST module : 0.72 ms
Time of Finding unique comps : 0.17 ms
Time of Hash Table look up : 0.02 ms
Time of Update rep array : 0.01 ms

Input tree not connected. num_comp: 9
Selected Algorithm: SG_PR_PR
Finding Replacement edges using SG.
Reversing the paths using PR module 
Executing path_reversal:

Total execution time for Insertion: 69.19 ms.

Function execution times:
Time of PR_Shortcut : 52.62 ms
Time of Path Reversal : 9.97 ms
Time of Pointer Jumping : 4.17 ms
Time of Super graph Creation : 1.05 ms
Time of Finding unique comps : 1.00 ms
Time of PR-RST module : 0.36 ms
Time of Update rep array : 0.01 ms
Time of Hash Table look up : 0.01 ms

Executing validate part.
numComp in the graph: 2


filename: road_usa.egr
Root: 6883111
The input parent array is a BFS tree.
Number of deleted tree edges: 162
numVert: 23947347, num_edges: 57708624 and delete batch size: 1000

Root: 6883111
Selected Algorithm: SG_PR_PR
Finding Replacement edges using SG.
Reversing the paths using PR module 
Executing path_reversal:

Total execution time for Deletion: 99.7238 ms.

Function execution times:
Time of PR_Shortcut : 68.72 ms
Time of Path Reversal : 12.52 ms
Time of Super graph Creation : 10.22 ms
Time of Pointer Jumping : 5.42 ms
Time of PR-RST module : 1.56 ms
Time of Update data structure : 1.02 ms
Time of Finding unique comps : 0.23 ms
Time of Hash Table look up : 0.02 ms
Time of Update rep array : 0.01 ms

Input tree not connected. num_comp: 107
Selected Algorithm: SG_PR_PR
Finding Replacement edges using SG.
Reversing the paths using PR module 
Executing path_reversal:

Total execution time for Insertion: 67.40 ms.

Function execution times:
Time of PR_Shortcut : 51.85 ms
Time of Path Reversal : 9.59 ms
Time of Pointer Jumping : 3.98 ms
Time of Finding unique comps : 1.04 ms
Time of PR-RST module : 0.80 ms
Time of Super graph Creation : 0.13 ms
Time of Hash Table look up : 0.01 ms
Time of Update rep array : 0.01 ms

Executing validate part.
numComp in the graph: 1


filename: road_usa.egr
Root: 13862651
The input parent array is a BFS tree.
Number of deleted tree edges: 270
numVert: 23947347, num_edges: 57708624 and delete batch size: 1000

Root: 13862651
Selected Algorithm: SG_PR_PR
Finding Replacement edges using SG.
Reversing the paths using PR module 
Executing path_reversal:

Total execution time for Deletion: 97.477 ms.

Function execution times:
Time of PR_Shortcut : 66.70 ms
Time of Path Reversal : 12.54 ms
Time of Super graph Creation : 10.23 ms
Time of Pointer Jumping : 5.42 ms
Time of PR-RST module : 1.22 ms
Time of Update data structure : 1.05 ms
Time of Finding unique comps : 0.27 ms
Time of Hash Table look up : 0.02 ms
Time of Update rep array : 0.02 ms

Input tree not connected. num_comp: 157
Selected Algorithm: SG_PR_PR
Finding Replacement edges using SG.
Reversing the paths using PR module 
Executing path_reversal:

Total execution time for Insertion: 68.71 ms.

Function execution times:
Time of PR_Shortcut : 50.98 ms
Time of Path Reversal : 9.36 ms
Time of Pointer Jumping : 5.45 ms
Time of PR-RST module : 1.10 ms
Time of Finding unique comps : 1.00 ms
Time of Super graph Creation : 0.78 ms
Time of Hash Table look up : 0.01 ms
Time of Update rep array : 0.01 ms

Executing validate part.
numComp in the graph: 2


filename: road_usa.egr
Root: 6681283
The input parent array is a BFS tree.
Number of deleted tree edges: 295
numVert: 23947347, num_edges: 57708624 and delete batch size: 1000

Root: 6681283
Selected Algorithm: SG_PR_PR
Finding Replacement edges using SG.
Reversing the paths using PR module 
Executing path_reversal:

Total execution time for Deletion: 98.3409 ms.

Function execution times:
Time of PR_Shortcut : 63.98 ms
Time of Path Reversal : 16.13 ms
Time of Super graph Creation : 10.25 ms
Time of Pointer Jumping : 5.42 ms
Time of PR-RST module : 1.21 ms
Time of Update data structure : 1.05 ms
Time of Finding unique comps : 0.27 ms
Time of Hash Table look up : 0.02 ms
Time of Update rep array : 0.02 ms

Input tree not connected. num_comp: 179
Selected Algorithm: SG_PR_PR
Finding Replacement edges using SG.
Reversing the paths using PR module 
Executing path_reversal:

Total execution time for Insertion: 78.90 ms.

Function execution times:
Time of PR_Shortcut : 60.74 ms
Time of Path Reversal : 9.35 ms
Time of Pointer Jumping : 5.45 ms
Time of PR-RST module : 1.57 ms
Time of Finding unique comps : 1.00 ms
Time of Super graph Creation : 0.76 ms
Time of Hash Table look up : 0.01 ms
Time of Update rep array : 0.01 ms

Executing validate part.
numComp in the graph: 2


filename: road_usa.egr
Root: 3748480
The input parent array is a BFS tree.
Number of deleted tree edges: 232
numVert: 23947347, num_edges: 57708624 and delete batch size: 1000

Root: 3748480
Selected Algorithm: SG_PR_PR
Finding Replacement edges using SG.
Reversing the paths using PR module 
Executing path_reversal:

Total execution time for Deletion: 92.9565 ms.

Function execution times:
Time of PR_Shortcut : 65.65 ms
Time of Path Reversal : 12.52 ms
Time of Super graph Creation : 8.11 ms
Time of Pointer Jumping : 3.77 ms
Time of PR-RST module : 1.93 ms
Time of Update data structure : 0.75 ms
Time of Finding unique comps : 0.19 ms
Time of Hash Table look up : 0.02 ms
Time of Update rep array : 0.01 ms

Input tree not connected. num_comp: 138
Selected Algorithm: SG_PR_PR
Finding Replacement edges using SG.
Reversing the paths using PR module 
Executing path_reversal:

Total execution time for Insertion: 83.78 ms.

Function execution times:
Time of PR_Shortcut : 66.12 ms
Time of Path Reversal : 9.34 ms
Time of Pointer Jumping : 5.46 ms
Time of PR-RST module : 1.06 ms
Time of Finding unique comps : 1.00 ms
Time of Super graph Creation : 0.77 ms
Time of Hash Table look up : 0.01 ms
Time of Update rep array : 0.01 ms

Executing validate part.
numComp in the graph: 3


filename: road_usa.egr
Root: 14275248
The input parent array is a BFS tree.
Number of deleted tree edges: 368
numVert: 23947347, num_edges: 57708624 and delete batch size: 1000

Root: 14275248
Selected Algorithm: SG_PR_PR
Finding Replacement edges using SG.
Reversing the paths using PR module 
Executing path_reversal:

Total execution time for Deletion: 96.2223 ms.

Function execution times:
Time of PR_Shortcut : 65.44 ms
Time of Path Reversal : 16.11 ms
Time of Super graph Creation : 7.81 ms
Time of Pointer Jumping : 3.77 ms
Time of PR-RST module : 2.11 ms
Time of Update data structure : 0.75 ms
Time of Finding unique comps : 0.20 ms
Time of Hash Table look up : 0.02 ms
Time of Update rep array : 0.01 ms

Input tree not connected. num_comp: 226
Selected Algorithm: SG_PR_PR
Finding Replacement edges using SG.
Reversing the paths using PR module 
Executing path_reversal:

Total execution time for Insertion: 85.86 ms.

Function execution times:
Time of PR_Shortcut : 65.92 ms
Time of Path Reversal : 11.23 ms
Time of Pointer Jumping : 5.45 ms
Time of PR-RST module : 1.49 ms
Time of Finding unique comps : 1.00 ms
Time of Super graph Creation : 0.73 ms
Time of Hash Table look up : 0.01 ms
Time of Update rep array : 0.01 ms

Executing validate part.
numComp in the graph: 2
