

filename: sx-stackoverflow.egr
Root: 909897
The input parent array is a BFS tree.
Number of deleted tree edges: 4234
numVert: 2601977, num_edges: 56414194 and delete batch size: 100000

Root: 909897
Selected Algorithm: SG_PR_PR
Finding Replacement edges using SG.
Reversing the paths using PR module 
Executing path_reversal:

Total execution time for Deletion: 17.669 ms.

Function execution times:
Time of Super graph Creation : 7.91 ms
Time of PR_Shortcut : 4.17 ms
Time of PR-RST module : 2.88 ms
Time of Path Reversal : 1.24 ms
Time of Update data structure : 0.84 ms
Time of Pointer Jumping : 0.42 ms
Time of Finding unique comps : 0.19 ms
Time of Hash Table look up : 0.01 ms
Time of Update rep array : 0.01 ms

Input tree not connected. num_comp: 344
Selected Algorithm: SG_PR_PR
Finding Replacement edges using SG.
Reversing the paths using PR module 
Executing path_reversal:

Total execution time for Insertion: 9.85 ms.

Function execution times:
Time of PR_Shortcut : 4.20 ms
Time of Super graph Creation : 1.64 ms
Time of PR-RST module : 1.30 ms
Time of Path Reversal : 1.27 ms
Time of Finding unique comps : 1.00 ms
Time of Pointer Jumping : 0.42 ms
Time of Hash Table look up : 0.01 ms
Time of Update rep array : 0.01 ms

Executing validate part.
numComp in the graph: 36


filename: sx-stackoverflow.egr
Root: 2148119
The input parent array is a BFS tree.
Number of deleted tree edges: 3822
numVert: 2601977, num_edges: 56414194 and delete batch size: 100000

Root: 2148119
Selected Algorithm: SG_PR_PR
Finding Replacement edges using SG.
Reversing the paths using PR module 
Executing path_reversal:

Total execution time for Deletion: 17.3169 ms.

Function execution times:
Time of Super graph Creation : 7.76 ms
Time of PR_Shortcut : 4.16 ms
Time of PR-RST module : 2.69 ms
Time of Path Reversal : 1.24 ms
Time of Update data structure : 0.84 ms
Time of Pointer Jumping : 0.42 ms
Time of Finding unique comps : 0.17 ms
Time of Hash Table look up : 0.02 ms
Time of Update rep array : 0.01 ms

Input tree not connected. num_comp: 254
Selected Algorithm: SG_PR_PR
Finding Replacement edges using SG.
Reversing the paths using PR module 
Executing path_reversal:

Total execution time for Insertion: 10.15 ms.

Function execution times:
Time of PR_Shortcut : 4.29 ms
Time of Super graph Creation : 1.65 ms
Time of PR-RST module : 1.49 ms
Time of Path Reversal : 1.27 ms
Time of Finding unique comps : 1.00 ms
Time of Pointer Jumping : 0.42 ms
Time of Hash Table look up : 0.01 ms
Time of Update rep array : 0.01 ms

Executing validate part.
numComp in the graph: 35


filename: sx-stackoverflow.egr
Root: 54869
The input parent array is a BFS tree.
Number of deleted tree edges: 3977
numVert: 2601977, num_edges: 56414194 and delete batch size: 100000

Root: 54869
Selected Algorithm: SG_PR_PR
Finding Replacement edges using SG.
Reversing the paths using PR module 
Executing path_reversal:

Total execution time for Deletion: 17.1164 ms.

Function execution times:
Time of Super graph Creation : 8.04 ms
Time of PR_Shortcut : 4.15 ms
Time of PR-RST module : 2.25 ms
Time of Path Reversal : 1.26 ms
Time of Update data structure : 0.78 ms
Time of Pointer Jumping : 0.42 ms
Time of Finding unique comps : 0.18 ms
Time of Hash Table look up : 0.01 ms
Time of Update rep array : 0.01 ms

Input tree not connected. num_comp: 308
Selected Algorithm: SG_PR_PR
Finding Replacement edges using SG.
Reversing the paths using PR module 
Executing path_reversal:

Total execution time for Insertion: 9.56 ms.

Function execution times:
Time of PR_Shortcut : 4.28 ms
Time of Super graph Creation : 1.64 ms
Time of Path Reversal : 1.28 ms
Time of Finding unique comps : 1.00 ms
Time of PR-RST module : 0.92 ms
Time of Pointer Jumping : 0.42 ms
Time of Hash Table look up : 0.01 ms
Time of Update rep array : 0.01 ms

Executing validate part.
numComp in the graph: 36


filename: sx-stackoverflow.egr
Root: 2432315
The input parent array is a BFS tree.
Number of deleted tree edges: 4101
numVert: 2601977, num_edges: 56414194 and delete batch size: 100000

Root: 2432315
Selected Algorithm: SG_PR_PR
Finding Replacement edges using SG.
Reversing the paths using PR module 
Executing path_reversal:

Total execution time for Deletion: 17.3792 ms.

Function execution times:
Time of Super graph Creation : 8.12 ms
Time of PR_Shortcut : 4.24 ms
Time of PR-RST module : 2.35 ms
Time of Path Reversal : 1.25 ms
Time of Update data structure : 0.79 ms
Time of Pointer Jumping : 0.42 ms
Time of Finding unique comps : 0.19 ms
Time of Hash Table look up : 0.01 ms
Time of Update rep array : 0.01 ms

Input tree not connected. num_comp: 265
Selected Algorithm: SG_PR_PR
Finding Replacement edges using SG.
Reversing the paths using PR module 
Executing path_reversal:

Total execution time for Insertion: 9.59 ms.

Function execution times:
Time of PR_Shortcut : 4.32 ms
Time of Super graph Creation : 1.64 ms
Time of Path Reversal : 1.27 ms
Time of Finding unique comps : 1.01 ms
Time of PR-RST module : 0.91 ms
Time of Pointer Jumping : 0.42 ms
Time of Hash Table look up : 0.01 ms
Time of Update rep array : 0.01 ms

Executing validate part.
numComp in the graph: 26


filename: sx-stackoverflow.egr
Root: 1284749
The input parent array is a BFS tree.
Number of deleted tree edges: 3952
numVert: 2601977, num_edges: 56414194 and delete batch size: 100000

Root: 1284749
Selected Algorithm: SG_PR_PR
Finding Replacement edges using SG.
Reversing the paths using PR module 
Executing path_reversal:

Total execution time for Deletion: 18.5312 ms.

Function execution times:
Time of Super graph Creation : 8.52 ms
Time of PR_Shortcut : 4.16 ms
Time of PR-RST module : 3.22 ms
Time of Path Reversal : 1.26 ms
Time of Update data structure : 0.77 ms
Time of Pointer Jumping : 0.42 ms
Time of Finding unique comps : 0.16 ms
Time of Hash Table look up : 0.01 ms
Time of Update rep array : 0.01 ms

Input tree not connected. num_comp: 171
Selected Algorithm: SG_PR_PR
Finding Replacement edges using SG.
Reversing the paths using PR module 
Executing path_reversal:

Total execution time for Insertion: 9.87 ms.

Function execution times:
Time of PR_Shortcut : 4.29 ms
Time of Super graph Creation : 1.64 ms
Time of Path Reversal : 1.28 ms
Time of PR-RST module : 1.21 ms
Time of Finding unique comps : 1.01 ms
Time of Pointer Jumping : 0.42 ms
Time of Hash Table look up : 0.01 ms
Time of Update rep array : 0.01 ms

Executing validate part.
numComp in the graph: 25


filename: sx-stackoverflow.egr
Root: 1764596
The input parent array is a BFS tree.
Number of deleted tree edges: 392
numVert: 2601977, num_edges: 56414194 and delete batch size: 10000

Root: 1764596
Selected Algorithm: SG_PR_PR
Finding Replacement edges using SG.
Reversing the paths using PR module 
Executing path_reversal:

Total execution time for Deletion: 15.7651 ms.

Function execution times:
Time of Super graph Creation : 7.64 ms
Time of PR_Shortcut : 4.25 ms
Time of PR-RST module : 1.30 ms
Time of Path Reversal : 1.25 ms
Time of Update data structure : 0.72 ms
Time of Pointer Jumping : 0.41 ms
Time of Finding unique comps : 0.16 ms
Time of Hash Table look up : 0.01 ms
Time of Update rep array : 0.01 ms

Input tree not connected. num_comp: 51
Selected Algorithm: SG_PR_PR
Finding Replacement edges using SG.
Reversing the paths using PR module 
Executing path_reversal:

Total execution time for Insertion: 9.36 ms.

Function execution times:
Time of PR_Shortcut : 4.31 ms
Time of Super graph Creation : 1.64 ms
Time of Path Reversal : 1.29 ms
Time of Finding unique comps : 1.01 ms
Time of PR-RST module : 0.69 ms
Time of Pointer Jumping : 0.41 ms
Time of Hash Table look up : 0.01 ms
Time of Update rep array : 0.01 ms

Executing validate part.
numComp in the graph: 3


filename: sx-stackoverflow.egr
Root: 1571477
The input parent array is a BFS tree.
Number of deleted tree edges: 420
numVert: 2601977, num_edges: 56414194 and delete batch size: 10000

Root: 1571477
Selected Algorithm: SG_PR_PR
Finding Replacement edges using SG.
Reversing the paths using PR module 
Executing path_reversal:

Total execution time for Deletion: 15.3041 ms.

Function execution times:
Time of Super graph Creation : 7.65 ms
Time of PR_Shortcut : 4.14 ms
Time of Path Reversal : 1.25 ms
Time of PR-RST module : 0.93 ms
Time of Update data structure : 0.73 ms
Time of Pointer Jumping : 0.41 ms
Time of Finding unique comps : 0.16 ms
Time of Hash Table look up : 0.01 ms
Time of Update rep array : 0.01 ms

Input tree not connected. num_comp: 37
Selected Algorithm: SG_PR_PR
Finding Replacement edges using SG.
Reversing the paths using PR module 
Executing path_reversal:

Total execution time for Insertion: 9.22 ms.

Function execution times:
Time of PR_Shortcut : 4.16 ms
Time of Super graph Creation : 1.64 ms
Time of Path Reversal : 1.28 ms
Time of Finding unique comps : 1.01 ms
Time of PR-RST module : 0.70 ms
Time of Pointer Jumping : 0.42 ms
Time of Hash Table look up : 0.01 ms
Time of Update rep array : 0.01 ms

Executing validate part.
numComp in the graph: 4


filename: sx-stackoverflow.egr
Root: 22309
The input parent array is a BFS tree.
Number of deleted tree edges: 394
numVert: 2601977, num_edges: 56414194 and delete batch size: 10000

Root: 22309
Selected Algorithm: SG_PR_PR
Finding Replacement edges using SG.
Reversing the paths using PR module 
Executing path_reversal:

Total execution time for Deletion: 16.4465 ms.

Function execution times:
Time of Super graph Creation : 7.66 ms
Time of PR_Shortcut : 4.16 ms
Time of PR-RST module : 2.04 ms
Time of Path Reversal : 1.24 ms
Time of Update data structure : 0.76 ms
Time of Pointer Jumping : 0.41 ms
Time of Finding unique comps : 0.15 ms
Time of Hash Table look up : 0.02 ms
Time of Update rep array : 0.01 ms

Input tree not connected. num_comp: 41
Selected Algorithm: SG_PR_PR
Finding Replacement edges using SG.
Reversing the paths using PR module 
Executing path_reversal:

Total execution time for Insertion: 9.61 ms.

Function execution times:
Time of PR_Shortcut : 4.29 ms
Time of Super graph Creation : 1.63 ms
Time of Path Reversal : 1.28 ms
Time of PR-RST module : 0.98 ms
Time of Finding unique comps : 0.98 ms
Time of Pointer Jumping : 0.42 ms
Time of Hash Table look up : 0.01 ms
Time of Update rep array : 0.01 ms

Executing validate part.
numComp in the graph: 3


filename: sx-stackoverflow.egr
Root: 973194
The input parent array is a BFS tree.
Number of deleted tree edges: 383
numVert: 2601977, num_edges: 56414194 and delete batch size: 10000

Root: 973194
Selected Algorithm: SG_PR_PR
Finding Replacement edges using SG.
Reversing the paths using PR module 
Executing path_reversal:

Total execution time for Deletion: 15.7233 ms.

Function execution times:
Time of Super graph Creation : 7.66 ms
Time of PR_Shortcut : 4.15 ms
Time of PR-RST module : 1.34 ms
Time of Path Reversal : 1.24 ms
Time of Update data structure : 0.74 ms
Time of Pointer Jumping : 0.41 ms
Time of Finding unique comps : 0.15 ms
Time of Hash Table look up : 0.01 ms
Time of Update rep array : 0.01 ms

Input tree not connected. num_comp: 42
Selected Algorithm: SG_PR_PR
Finding Replacement edges using SG.
Reversing the paths using PR module 
Executing path_reversal:

Total execution time for Insertion: 9.23 ms.

Function execution times:
Time of PR_Shortcut : 4.17 ms
Time of Super graph Creation : 1.65 ms
Time of Path Reversal : 1.28 ms
Time of Finding unique comps : 1.00 ms
Time of PR-RST module : 0.70 ms
Time of Pointer Jumping : 0.41 ms
Time of Hash Table look up : 0.01 ms
Time of Update rep array : 0.01 ms

Executing validate part.
numComp in the graph: 4


filename: sx-stackoverflow.egr
Root: 350600
The input parent array is a BFS tree.
Number of deleted tree edges: 403
numVert: 2601977, num_edges: 56414194 and delete batch size: 10000

Root: 350600
Selected Algorithm: SG_PR_PR
Finding Replacement edges using SG.
Reversing the paths using PR module 
Executing path_reversal:

Total execution time for Deletion: 15.4563 ms.

Function execution times:
Time of Super graph Creation : 7.66 ms
Time of PR_Shortcut : 4.28 ms
Time of Path Reversal : 1.25 ms
Time of PR-RST module : 0.93 ms
Time of Update data structure : 0.74 ms
Time of Pointer Jumping : 0.41 ms
Time of Finding unique comps : 0.16 ms
Time of Hash Table look up : 0.01 ms
Time of Update rep array : 0.01 ms

Input tree not connected. num_comp: 42
Selected Algorithm: SG_PR_PR
Finding Replacement edges using SG.
Reversing the paths using PR module 
Executing path_reversal:

Total execution time for Insertion: 9.21 ms.

Function execution times:
Time of PR_Shortcut : 4.16 ms
Time of Super graph Creation : 1.64 ms
Time of Path Reversal : 1.27 ms
Time of Finding unique comps : 1.01 ms
Time of PR-RST module : 0.69 ms
Time of Pointer Jumping : 0.42 ms
Time of Hash Table look up : 0.01 ms
Time of Update rep array : 0.01 ms

Executing validate part.
numComp in the graph: 4


filename: sx-stackoverflow.egr
Root: 683260
The input parent array is a BFS tree.
Number of deleted tree edges: 6
numVert: 2601977, num_edges: 56414194 and delete batch size: 100

Root: 683260
Selected Algorithm: SG_PR_PR
Finding Replacement edges using SG.
Reversing the paths using PR module 
Executing path_reversal:

Total execution time for Deletion: 14.7716 ms.

Function execution times:
Time of Super graph Creation : 7.45 ms
Time of PR_Shortcut : 4.24 ms
Time of Path Reversal : 1.24 ms
Time of Update data structure : 0.78 ms
Time of PR-RST module : 0.49 ms
Time of Pointer Jumping : 0.40 ms
Time of Finding unique comps : 0.13 ms
Time of Hash Table look up : 0.01 ms
Time of Update rep array : 0.01 ms

Input tree not connected. num_comp: 2
Selected Algorithm: SG_PR_PR
Finding Replacement edges using SG.
Reversing the paths using PR module 
Executing path_reversal:

Total execution time for Insertion: 7.83 ms.

Function execution times:
Time of PR_Shortcut : 4.29 ms
Time of Path Reversal : 1.27 ms
Time of Finding unique comps : 1.01 ms
Time of Super graph Creation : 0.60 ms
Time of Pointer Jumping : 0.41 ms
Time of PR-RST module : 0.24 ms
Time of Hash Table look up : 0.01 ms
Time of Update rep array : 0.01 ms

Executing validate part.
numComp in the graph: 1


filename: sx-stackoverflow.egr
Root: 972720
The input parent array is a BFS tree.
Number of deleted tree edges: 3
numVert: 2601977, num_edges: 56414194 and delete batch size: 100

Root: 972720
Selected Algorithm: SG_PR_PR
Finding Replacement edges using SG.
Reversing the paths using PR module 
Executing path_reversal:

Total execution time for Deletion: 14.6401 ms.

Function execution times:
Time of Super graph Creation : 7.46 ms
Time of PR_Shortcut : 4.16 ms
Time of Path Reversal : 1.24 ms
Time of Update data structure : 0.71 ms
Time of Pointer Jumping : 0.41 ms
Time of Finding unique comps : 0.36 ms
Time of PR-RST module : 0.27 ms
Time of Hash Table look up : 0.01 ms
Time of Update rep array : 0.01 ms

Input tree not connected. num_comp: 2
Selected Algorithm: SG_PR_PR
Finding Replacement edges using SG.
Reversing the paths using PR module 
Executing path_reversal:

Total execution time for Insertion: 7.84 ms.

Function execution times:
Time of PR_Shortcut : 4.31 ms
Time of Path Reversal : 1.28 ms
Time of Finding unique comps : 1.01 ms
Time of Super graph Creation : 0.60 ms
Time of Pointer Jumping : 0.41 ms
Time of PR-RST module : 0.22 ms
Time of Hash Table look up : 0.01 ms
Time of Update rep array : 0.01 ms

Executing validate part.
numComp in the graph: 2


filename: sx-stackoverflow.egr
Root: 1474502
The input parent array is a BFS tree.
Number of deleted tree edges: 2
numVert: 2601977, num_edges: 56414194 and delete batch size: 100

Root: 1474502
Selected Algorithm: SG_PR_PR
Finding Replacement edges using SG.
Reversing the paths using PR module 
Executing path_reversal:

Total execution time for Deletion: 14.4828 ms.

Function execution times:
Time of Super graph Creation : 7.42 ms
Time of PR_Shortcut : 4.25 ms
Time of Path Reversal : 1.25 ms
Time of Update data structure : 0.75 ms
Time of Pointer Jumping : 0.40 ms
Time of PR-RST module : 0.27 ms
Time of Finding unique comps : 0.12 ms
Time of Hash Table look up : 0.01 ms
Time of Update rep array : 0.01 ms

Input tree not connected. num_comp: 2
Selected Algorithm: SG_PR_PR
Finding Replacement edges using SG.
Reversing the paths using PR module 
Executing path_reversal:

Total execution time for Insertion: 7.72 ms.

Function execution times:
Time of PR_Shortcut : 4.19 ms
Time of Path Reversal : 1.29 ms
Time of Finding unique comps : 1.00 ms
Time of Super graph Creation : 0.58 ms
Time of Pointer Jumping : 0.42 ms
Time of PR-RST module : 0.22 ms
Time of Hash Table look up : 0.01 ms
Time of Update rep array : 0.01 ms

Executing validate part.
numComp in the graph: 1


filename: sx-stackoverflow.egr
Root: 2230034
The input parent array is a BFS tree.
Number of deleted tree edges: 4
numVert: 2601977, num_edges: 56414194 and delete batch size: 100

Root: 2230034
Selected Algorithm: SG_PR_PR
Finding Replacement edges using SG.
Reversing the paths using PR module 
Executing path_reversal:

Total execution time for Deletion: 14.3982 ms.

Function execution times:
Time of Super graph Creation : 7.46 ms
Time of PR_Shortcut : 4.15 ms
Time of Path Reversal : 1.24 ms
Time of Update data structure : 0.73 ms
Time of Pointer Jumping : 0.40 ms
Time of PR-RST module : 0.31 ms
Time of Finding unique comps : 0.08 ms
Time of Hash Table look up : 0.01 ms
Time of Update rep array : 0.01 ms

Input tree not connected. num_comp: 2
Selected Algorithm: SG_PR_PR
Finding Replacement edges using SG.
Reversing the paths using PR module 
Executing path_reversal:

Total execution time for Insertion: 7.83 ms.

Function execution times:
Time of PR_Shortcut : 4.30 ms
Time of Path Reversal : 1.28 ms
Time of Finding unique comps : 1.01 ms
Time of Super graph Creation : 0.60 ms
Time of Pointer Jumping : 0.41 ms
Time of PR-RST module : 0.22 ms
Time of Hash Table look up : 0.01 ms
Time of Update rep array : 0.01 ms

Executing validate part.
numComp in the graph: 2


filename: sx-stackoverflow.egr
Root: 852514
The input parent array is a BFS tree.
Number of deleted tree edges: 2
numVert: 2601977, num_edges: 56414194 and delete batch size: 100

Root: 852514
Selected Algorithm: SG_PR_PR
Finding Replacement edges using SG.
Reversing the paths using PR module 
Executing path_reversal:

Total execution time for Deletion: 14.3782 ms.

Function execution times:
Time of Super graph Creation : 7.32 ms
Time of PR_Shortcut : 4.13 ms
Time of Path Reversal : 1.24 ms
Time of Update data structure : 0.71 ms
Time of PR-RST module : 0.42 ms
Time of Pointer Jumping : 0.40 ms
Time of Finding unique comps : 0.14 ms
Time of Hash Table look up : 0.01 ms
Time of Update rep array : 0.01 ms

Input tree not connected. num_comp: 2
Selected Algorithm: SG_PR_PR
Finding Replacement edges using SG.
Reversing the paths using PR module 
Executing path_reversal:

Total execution time for Insertion: 7.67 ms.

Function execution times:
Time of PR_Shortcut : 4.13 ms
Time of Path Reversal : 1.28 ms
Time of Finding unique comps : 1.01 ms
Time of Super graph Creation : 0.59 ms
Time of Pointer Jumping : 0.41 ms
Time of PR-RST module : 0.22 ms
Time of Hash Table look up : 0.01 ms
Time of Update rep array : 0.01 ms

Executing validate part.
numComp in the graph: 1


filename: sx-stackoverflow.egr
Root: 1863036
The input parent array is a BFS tree.
Number of deleted tree edges: 46
numVert: 2601977, num_edges: 56414194 and delete batch size: 1000

Root: 1863036
Selected Algorithm: SG_PR_PR
Finding Replacement edges using SG.
Reversing the paths using PR module 
Executing path_reversal:

Total execution time for Deletion: 15.2753 ms.

Function execution times:
Time of Super graph Creation : 7.50 ms
Time of PR_Shortcut : 4.24 ms
Time of Path Reversal : 1.25 ms
Time of PR-RST module : 0.97 ms
Time of Update data structure : 0.75 ms
Time of Pointer Jumping : 0.40 ms
Time of Finding unique comps : 0.14 ms
Time of Hash Table look up : 0.01 ms
Time of Update rep array : 0.01 ms

Input tree not connected. num_comp: 7
Selected Algorithm: SG_PR_PR
Finding Replacement edges using SG.
Reversing the paths using PR module 
Executing path_reversal:

Total execution time for Insertion: 8.10 ms.

Function execution times:
Time of PR_Shortcut : 4.31 ms
Time of Path Reversal : 1.28 ms
Time of Finding unique comps : 1.01 ms
Time of Super graph Creation : 0.59 ms
Time of PR-RST module : 0.48 ms
Time of Pointer Jumping : 0.41 ms
Time of Hash Table look up : 0.01 ms
Time of Update rep array : 0.01 ms

Executing validate part.
numComp in the graph: 2


filename: sx-stackoverflow.egr
Root: 944265
The input parent array is a BFS tree.
Number of deleted tree edges: 43
numVert: 2601977, num_edges: 56414194 and delete batch size: 1000

Root: 944265
Selected Algorithm: SG_PR_PR
Finding Replacement edges using SG.
Reversing the paths using PR module 
Executing path_reversal:

Total execution time for Deletion: 14.9037 ms.

Function execution times:
Time of Super graph Creation : 7.47 ms
Time of PR_Shortcut : 4.18 ms
Time of Path Reversal : 1.24 ms
Time of Update data structure : 0.73 ms
Time of PR-RST module : 0.71 ms
Time of Pointer Jumping : 0.40 ms
Time of Finding unique comps : 0.14 ms
Time of Hash Table look up : 0.01 ms
Time of Update rep array : 0.01 ms

Input tree not connected. num_comp: 5
Selected Algorithm: SG_PR_PR
Finding Replacement edges using SG.
Reversing the paths using PR module 
Executing path_reversal:

Total execution time for Insertion: 7.89 ms.

Function execution times:
Time of PR_Shortcut : 4.28 ms
Time of Path Reversal : 1.27 ms
Time of Finding unique comps : 1.01 ms
Time of Super graph Creation : 0.60 ms
Time of Pointer Jumping : 0.41 ms
Time of PR-RST module : 0.30 ms
Time of Hash Table look up : 0.01 ms
Time of Update rep array : 0.01 ms

Executing validate part.
numComp in the graph: 2


filename: sx-stackoverflow.egr
Root: 2296721
The input parent array is a BFS tree.
Number of deleted tree edges: 29
numVert: 2601977, num_edges: 56414194 and delete batch size: 1000

Root: 2296721
Selected Algorithm: SG_PR_PR
Finding Replacement edges using SG.
Reversing the paths using PR module 
Executing path_reversal:

Total execution time for Deletion: 14.862 ms.

Function execution times:
Time of Super graph Creation : 7.50 ms
Time of PR_Shortcut : 4.26 ms
Time of Path Reversal : 1.24 ms
Time of Update data structure : 0.72 ms
Time of PR-RST module : 0.60 ms
Time of Pointer Jumping : 0.40 ms
Time of Finding unique comps : 0.11 ms
Time of Hash Table look up : 0.01 ms
Time of Update rep array : 0.01 ms

Input tree not connected. num_comp: 5
Selected Algorithm: SG_PR_PR
Finding Replacement edges using SG.
Reversing the paths using PR module 
Executing path_reversal:

Total execution time for Insertion: 7.80 ms.

Function execution times:
Time of PR_Shortcut : 4.19 ms
Time of Path Reversal : 1.27 ms
Time of Finding unique comps : 1.01 ms
Time of Super graph Creation : 0.59 ms
Time of Pointer Jumping : 0.41 ms
Time of PR-RST module : 0.30 ms
Time of Hash Table look up : 0.01 ms
Time of Update rep array : 0.01 ms

Executing validate part.
numComp in the graph: 1


filename: sx-stackoverflow.egr
Root: 739593
The input parent array is a BFS tree.
Number of deleted tree edges: 38
numVert: 2601977, num_edges: 56414194 and delete batch size: 1000

Root: 739593
Selected Algorithm: SG_PR_PR
Finding Replacement edges using SG.
Reversing the paths using PR module 
Executing path_reversal:

Total execution time for Deletion: 14.9195 ms.

Function execution times:
Time of Super graph Creation : 7.52 ms
Time of PR_Shortcut : 4.13 ms
Time of Path Reversal : 1.24 ms
Time of Update data structure : 0.76 ms
Time of PR-RST module : 0.71 ms
Time of Pointer Jumping : 0.40 ms
Time of Finding unique comps : 0.14 ms
Time of Hash Table look up : 0.01 ms
Time of Update rep array : 0.01 ms

Input tree not connected. num_comp: 9
Selected Algorithm: SG_PR_PR
Finding Replacement edges using SG.
Reversing the paths using PR module 
Executing path_reversal:

Total execution time for Insertion: 7.82 ms.

Function execution times:
Time of PR_Shortcut : 4.17 ms
Time of Path Reversal : 1.28 ms
Time of Finding unique comps : 1.01 ms
Time of Super graph Creation : 0.60 ms
Time of Pointer Jumping : 0.41 ms
Time of PR-RST module : 0.34 ms
Time of Hash Table look up : 0.01 ms
Time of Update rep array : 0.01 ms

Executing validate part.
numComp in the graph: 1


filename: sx-stackoverflow.egr
Root: 2108186
The input parent array is a BFS tree.
Number of deleted tree edges: 48
numVert: 2601977, num_edges: 56414194 and delete batch size: 1000

Root: 2108186
Selected Algorithm: SG_PR_PR
Finding Replacement edges using SG.
Reversing the paths using PR module 
Executing path_reversal:

Total execution time for Deletion: 14.8967 ms.

Function execution times:
Time of Super graph Creation : 7.46 ms
Time of PR_Shortcut : 4.17 ms
Time of Path Reversal : 1.25 ms
Time of PR-RST module : 0.73 ms
Time of Update data structure : 0.73 ms
Time of Pointer Jumping : 0.40 ms
Time of Finding unique comps : 0.12 ms
Time of Hash Table look up : 0.01 ms
Time of Update rep array : 0.01 ms

Input tree not connected. num_comp: 9
Selected Algorithm: SG_PR_PR
Finding Replacement edges using SG.
Reversing the paths using PR module 
Executing path_reversal:

Total execution time for Insertion: 8.03 ms.

Function execution times:
Time of PR_Shortcut : 4.20 ms
Time of Path Reversal : 1.28 ms
Time of Finding unique comps : 0.98 ms
Time of Super graph Creation : 0.56 ms
Time of PR-RST module : 0.56 ms
Time of Pointer Jumping : 0.42 ms
Time of Hash Table look up : 0.01 ms
Time of Update rep array : 0.01 ms

Executing validate part.
numComp in the graph: 2
