

filename: web-BerkStan.egr
Root: 124271
The input parent array is a BFS tree.
Number of deleted tree edges: 272
numVert: 685230, num_edges: 13300290 and delete batch size: 100000

Root: 124271
Selected Algorithm: SG_PR_PR
Finding Replacement edges using SG.
Reversing the paths using PR module 
Executing path_reversal:

Total execution time for Deletion: 8.05189 ms.

Function execution times:
Time of Super graph Creation : 3.29 ms
Time of PR-RST module : 1.69 ms
Time of Finding unique comps : 0.98 ms
Time of PR_Shortcut : 0.91 ms
Time of Path Reversal : 0.65 ms
Time of Update data structure : 0.27 ms
Time of Pointer Jumping : 0.24 ms
Time of Hash Table look up : 0.01 ms
Time of Update rep array : 0.01 ms

Input tree not connected. num_comp: 23
Selected Algorithm: SG_PR_PR
Finding Replacement edges using SG.
Reversing the paths using PR module 
Executing path_reversal:

Total execution time for Insertion: 5.06 ms.

Function execution times:
Time of Super graph Creation : 1.83 ms
Time of Finding unique comps : 1.01 ms
Time of PR_Shortcut : 0.92 ms
Time of Path Reversal : 0.65 ms
Time of PR-RST module : 0.39 ms
Time of Pointer Jumping : 0.23 ms
Time of Hash Table look up : 0.01 ms
Time of Update rep array : 0.01 ms

Executing validate part.
numComp in the graph: 5


filename: web-BerkStan.egr
Root: 546845
The input parent array is a BFS tree.
Number of deleted tree edges: 977
numVert: 685230, num_edges: 13300290 and delete batch size: 100000

Root: 546845
Selected Algorithm: SG_PR_PR
Finding Replacement edges using SG.
Reversing the paths using PR module 
Executing path_reversal:

Total execution time for Deletion: 8.76552 ms.

Function execution times:
Time of Super graph Creation : 3.28 ms
Time of PR-RST module : 2.31 ms
Time of Finding unique comps : 0.98 ms
Time of PR_Shortcut : 0.94 ms
Time of Path Reversal : 0.66 ms
Time of Update data structure : 0.33 ms
Time of Pointer Jumping : 0.24 ms
Time of Hash Table look up : 0.01 ms
Time of Update rep array : 0.01 ms

Input tree not connected. num_comp: 43
Selected Algorithm: SG_PR_PR
Finding Replacement edges using SG.
Reversing the paths using PR module 
Executing path_reversal:

Total execution time for Insertion: 5.40 ms.

Function execution times:
Time of Super graph Creation : 1.84 ms
Time of Finding unique comps : 1.01 ms
Time of PR_Shortcut : 0.93 ms
Time of PR-RST module : 0.71 ms
Time of Path Reversal : 0.66 ms
Time of Pointer Jumping : 0.23 ms
Time of Hash Table look up : 0.01 ms
Time of Update rep array : 0.01 ms

Executing validate part.
numComp in the graph: 18


filename: web-BerkStan.egr
Root: 536652
The input parent array is a BFS tree.
Number of deleted tree edges: 899
numVert: 685230, num_edges: 13300290 and delete batch size: 100000

Root: 536652
Selected Algorithm: SG_PR_PR
Finding Replacement edges using SG.
Reversing the paths using PR module 
Executing path_reversal:

Total execution time for Deletion: 8.28905 ms.

Function execution times:
Time of Super graph Creation : 3.28 ms
Time of PR-RST module : 1.87 ms
Time of Finding unique comps : 0.98 ms
Time of PR_Shortcut : 0.95 ms
Time of Path Reversal : 0.66 ms
Time of Update data structure : 0.29 ms
Time of Pointer Jumping : 0.24 ms
Time of Hash Table look up : 0.01 ms
Time of Update rep array : 0.01 ms

Input tree not connected. num_comp: 30
Selected Algorithm: SG_PR_PR
Finding Replacement edges using SG.
Reversing the paths using PR module 
Executing path_reversal:

Total execution time for Insertion: 5.30 ms.

Function execution times:
Time of Super graph Creation : 1.84 ms
Time of Finding unique comps : 1.00 ms
Time of PR_Shortcut : 0.92 ms
Time of Path Reversal : 0.65 ms
Time of PR-RST module : 0.63 ms
Time of Pointer Jumping : 0.23 ms
Time of Hash Table look up : 0.01 ms
Time of Update rep array : 0.01 ms

Executing validate part.
numComp in the graph: 9


filename: web-BerkStan.egr
Root: 530119
The input parent array is a BFS tree.
Number of deleted tree edges: 966
numVert: 685230, num_edges: 13300290 and delete batch size: 100000

Root: 530119
Selected Algorithm: SG_PR_PR
Finding Replacement edges using SG.
Reversing the paths using PR module 
Executing path_reversal:

Total execution time for Deletion: 6.95538 ms.

Function execution times:
Time of Super graph Creation : 2.49 ms
Time of PR-RST module : 2.13 ms
Time of PR_Shortcut : 0.97 ms
Time of Path Reversal : 0.65 ms
Time of Update data structure : 0.29 ms
Time of Pointer Jumping : 0.22 ms
Time of Finding unique comps : 0.17 ms
Time of Hash Table look up : 0.01 ms
Time of Update rep array : 0.01 ms

Input tree not connected. num_comp: 26
Selected Algorithm: SG_PR_PR
Finding Replacement edges using SG.
Reversing the paths using PR module 
Executing path_reversal:

Total execution time for Insertion: 5.39 ms.

Function execution times:
Time of Super graph Creation : 1.85 ms
Time of PR_Shortcut : 1.01 ms
Time of Finding unique comps : 1.00 ms
Time of Path Reversal : 0.65 ms
Time of PR-RST module : 0.63 ms
Time of Pointer Jumping : 0.23 ms
Time of Hash Table look up : 0.01 ms
Time of Update rep array : 0.01 ms

Executing validate part.
numComp in the graph: 7


filename: web-BerkStan.egr
Root: 7281
The input parent array is a BFS tree.
Number of deleted tree edges: 1086
numVert: 685230, num_edges: 13300290 and delete batch size: 100000

Root: 7281
Selected Algorithm: SG_PR_PR
Finding Replacement edges using SG.
Reversing the paths using PR module 
Executing path_reversal:

Total execution time for Deletion: 6.64212 ms.

Function execution times:
Time of Super graph Creation : 2.49 ms
Time of PR-RST module : 1.91 ms
Time of PR_Shortcut : 0.87 ms
Time of Path Reversal : 0.66 ms
Time of Update data structure : 0.28 ms
Time of Pointer Jumping : 0.22 ms
Time of Finding unique comps : 0.19 ms
Time of Hash Table look up : 0.01 ms
Time of Update rep array : 0.01 ms

Input tree not connected. num_comp: 13
Selected Algorithm: SG_PR_PR
Finding Replacement edges using SG.
Reversing the paths using PR module 
Executing path_reversal:

Total execution time for Insertion: 5.20 ms.

Function execution times:
Time of Super graph Creation : 1.85 ms
Time of Finding unique comps : 1.00 ms
Time of PR_Shortcut : 0.88 ms
Time of Path Reversal : 0.65 ms
Time of PR-RST module : 0.57 ms
Time of Pointer Jumping : 0.23 ms
Time of Hash Table look up : 0.01 ms
Time of Update rep array : 0.01 ms

Executing validate part.
numComp in the graph: 4


filename: web-BerkStan.egr
Root: 518758
The input parent array is a BFS tree.
Number of deleted tree edges: 108
numVert: 685230, num_edges: 13300290 and delete batch size: 10000

Root: 518758
Selected Algorithm: SG_PR_PR
Finding Replacement edges using SG.
Reversing the paths using PR module 
Executing path_reversal:

Total execution time for Deletion: 6.03215 ms.

Function execution times:
Time of Super graph Creation : 2.52 ms
Time of PR-RST module : 1.31 ms
Time of PR_Shortcut : 0.91 ms
Time of Path Reversal : 0.66 ms
Time of Update data structure : 0.25 ms
Time of Pointer Jumping : 0.23 ms
Time of Finding unique comps : 0.13 ms
Time of Hash Table look up : 0.01 ms
Time of Update rep array : 0.01 ms

Input tree not connected. num_comp: 6
Selected Algorithm: SG_PR_PR
Finding Replacement edges using SG.
Reversing the paths using PR module 
Executing path_reversal:

Total execution time for Insertion: 5.20 ms.

Function execution times:
Time of Super graph Creation : 1.84 ms
Time of Finding unique comps : 1.00 ms
Time of PR_Shortcut : 0.94 ms
Time of Path Reversal : 0.66 ms
Time of PR-RST module : 0.51 ms
Time of Pointer Jumping : 0.23 ms
Time of Hash Table look up : 0.01 ms
Time of Update rep array : 0.01 ms

Executing validate part.
numComp in the graph: 4


filename: web-BerkStan.egr
Root: 374165
The input parent array is a BFS tree.
Number of deleted tree edges: 28
numVert: 685230, num_edges: 13300290 and delete batch size: 10000

Root: 374165
Selected Algorithm: SG_PR_PR
Finding Replacement edges using SG.
Reversing the paths using PR module 
Executing path_reversal:

Total execution time for Deletion: 5.24518 ms.

Function execution times:
Time of Super graph Creation : 2.51 ms
Time of PR_Shortcut : 0.89 ms
Time of Path Reversal : 0.63 ms
Time of PR-RST module : 0.60 ms
Time of Update data structure : 0.24 ms
Time of Pointer Jumping : 0.22 ms
Time of Finding unique comps : 0.12 ms
Time of Hash Table look up : 0.01 ms
Time of Update rep array : 0.01 ms

Input tree not connected. num_comp: 5
Selected Algorithm: SG_PR_PR
Finding Replacement edges using SG.
Reversing the paths using PR module 
Executing path_reversal:

Total execution time for Insertion: 5.14 ms.

Function execution times:
Time of Super graph Creation : 1.85 ms
Time of Finding unique comps : 1.00 ms
Time of PR_Shortcut : 0.88 ms
Time of Path Reversal : 0.66 ms
Time of PR-RST module : 0.49 ms
Time of Pointer Jumping : 0.23 ms
Time of Hash Table look up : 0.01 ms
Time of Update rep array : 0.01 ms

Executing validate part.
numComp in the graph: 2


filename: web-BerkStan.egr
Root: 152378
The input parent array is a BFS tree.
Number of deleted tree edges: 43
numVert: 685230, num_edges: 13300290 and delete batch size: 10000

Root: 152378
Selected Algorithm: SG_PR_PR
Finding Replacement edges using SG.
Reversing the paths using PR module 
Executing path_reversal:

Total execution time for Deletion: 5.61479 ms.

Function execution times:
Time of Super graph Creation : 2.45 ms
Time of PR-RST module : 1.00 ms
Time of PR_Shortcut : 0.91 ms
Time of Path Reversal : 0.65 ms
Time of Update data structure : 0.24 ms
Time of Pointer Jumping : 0.23 ms
Time of Finding unique comps : 0.10 ms
Time of Hash Table look up : 0.01 ms
Time of Update rep array : 0.01 ms

Input tree not connected. num_comp: 7
Selected Algorithm: SG_PR_PR
Finding Replacement edges using SG.
Reversing the paths using PR module 
Executing path_reversal:

Total execution time for Insertion: 5.13 ms.

Function execution times:
Time of Super graph Creation : 1.84 ms
Time of Finding unique comps : 1.00 ms
Time of PR_Shortcut : 0.89 ms
Time of Path Reversal : 0.66 ms
Time of PR-RST module : 0.49 ms
Time of Pointer Jumping : 0.23 ms
Time of Hash Table look up : 0.01 ms
Time of Update rep array : 0.01 ms

Executing validate part.
numComp in the graph: 2


filename: web-BerkStan.egr
Root: 12173
The input parent array is a BFS tree.
Number of deleted tree edges: 130
numVert: 685230, num_edges: 13300290 and delete batch size: 10000

Root: 12173
Selected Algorithm: SG_PR_PR
Finding Replacement edges using SG.
Reversing the paths using PR module 
Executing path_reversal:

Total execution time for Deletion: 5.53368 ms.

Function execution times:
Time of Super graph Creation : 2.52 ms
Time of PR_Shortcut : 0.94 ms
Time of PR-RST module : 0.80 ms
Time of Path Reversal : 0.65 ms
Time of Update data structure : 0.25 ms
Time of Pointer Jumping : 0.22 ms
Time of Finding unique comps : 0.14 ms
Time of Hash Table look up : 0.01 ms
Time of Update rep array : 0.01 ms

Input tree not connected. num_comp: 7
Selected Algorithm: SG_PR_PR
Finding Replacement edges using SG.
Reversing the paths using PR module 
Executing path_reversal:

Total execution time for Insertion: 5.13 ms.

Function execution times:
Time of Super graph Creation : 1.85 ms
Time of Finding unique comps : 1.01 ms
Time of PR_Shortcut : 0.90 ms
Time of Path Reversal : 0.64 ms
Time of PR-RST module : 0.48 ms
Time of Pointer Jumping : 0.23 ms
Time of Hash Table look up : 0.01 ms
Time of Update rep array : 0.01 ms

Executing validate part.
numComp in the graph: 3


filename: web-BerkStan.egr
Root: 78889
The input parent array is a BFS tree.
Number of deleted tree edges: 155
numVert: 685230, num_edges: 13300290 and delete batch size: 10000

Root: 78889
Selected Algorithm: SG_PR_PR
Finding Replacement edges using SG.
Reversing the paths using PR module 
Executing path_reversal:

Total execution time for Deletion: 5.49463 ms.

Function execution times:
Time of Super graph Creation : 2.52 ms
Time of PR_Shortcut : 0.88 ms
Time of PR-RST module : 0.81 ms
Time of Path Reversal : 0.65 ms
Time of Update data structure : 0.25 ms
Time of Pointer Jumping : 0.22 ms
Time of Finding unique comps : 0.15 ms
Time of Hash Table look up : 0.01 ms
Time of Update rep array : 0.01 ms

Input tree not connected. num_comp: 4
Selected Algorithm: SG_PR_PR
Finding Replacement edges using SG.
Reversing the paths using PR module 
Executing path_reversal:

Total execution time for Insertion: 5.02 ms.

Function execution times:
Time of Super graph Creation : 1.82 ms
Time of Finding unique comps : 1.00 ms
Time of PR_Shortcut : 0.87 ms
Time of Path Reversal : 0.65 ms
Time of PR-RST module : 0.42 ms
Time of Pointer Jumping : 0.24 ms
Time of Hash Table look up : 0.01 ms
Time of Update rep array : 0.01 ms

Executing validate part.
numComp in the graph: 3


filename: web-BerkStan.egr
Root: 386941
The input parent array is a BFS tree.
Number of deleted tree edges: 0
numVert: 685230, num_edges: 13300290 and delete batch size: 100

Root: 386941
Selected Algorithm: SG_PR_PR
Finding Replacement edges using SG.

Total execution time for Deletion: 3.00275 ms.

Function execution times:
Time of Super graph Creation : 2.37 ms
Time of Update data structure : 0.28 ms
Time of Pointer Jumping : 0.22 ms
Time of Finding unique comps : 0.12 ms
Time of Update rep array : 0.01 ms


Total execution time for Insertion: 0.00 ms.

Function execution times:

Executing validate part.
numComp in the graph: 1


filename: web-BerkStan.egr
Root: 127603
The input parent array is a BFS tree.
Number of deleted tree edges: 1
numVert: 685230, num_edges: 13300290 and delete batch size: 100

Root: 127603
Selected Algorithm: SG_PR_PR
Finding Replacement edges using SG.
Reversing the paths using PR module 
Executing path_reversal:

Total execution time for Deletion: 4.78582 ms.

Function execution times:
Time of Super graph Creation : 2.44 ms
Time of PR_Shortcut : 0.91 ms
Time of Path Reversal : 0.62 ms
Time of Update data structure : 0.24 ms
Time of Pointer Jumping : 0.23 ms
Time of PR-RST module : 0.21 ms
Time of Finding unique comps : 0.11 ms
Time of Hash Table look up : 0.01 ms
Time of Update rep array : 0.01 ms

Input tree not connected. num_comp: 2
Selected Algorithm: SG_PR_PR
Finding Replacement edges using SG.
Reversing the paths using PR module 
Executing path_reversal:

Total execution time for Insertion: 3.87 ms.

Function execution times:
Time of Finding unique comps : 1.00 ms
Time of PR_Shortcut : 0.96 ms
Time of Super graph Creation : 0.78 ms
Time of Path Reversal : 0.65 ms
Time of Pointer Jumping : 0.23 ms
Time of PR-RST module : 0.22 ms
Time of Hash Table look up : 0.01 ms
Time of Update rep array : 0.01 ms

Executing validate part.
numComp in the graph: 1


filename: web-BerkStan.egr
Root: 303595
The input parent array is a BFS tree.
Number of deleted tree edges: 2
numVert: 685230, num_edges: 13300290 and delete batch size: 100

Root: 303595
Selected Algorithm: SG_PR_PR
Finding Replacement edges using SG.
Reversing the paths using PR module 
Executing path_reversal:

Total execution time for Deletion: 4.79477 ms.

Function execution times:
Time of Super graph Creation : 2.41 ms
Time of PR_Shortcut : 0.94 ms
Time of Path Reversal : 0.61 ms
Time of PR-RST module : 0.25 ms
Time of Update data structure : 0.24 ms
Time of Pointer Jumping : 0.22 ms
Time of Finding unique comps : 0.11 ms
Time of Hash Table look up : 0.01 ms
Time of Update rep array : 0.01 ms


Total execution time for Insertion: 0.00 ms.

Function execution times:

Executing validate part.
numComp in the graph: 1


filename: web-BerkStan.egr
Root: 106664
The input parent array is a BFS tree.
Number of deleted tree edges: 0
numVert: 685230, num_edges: 13300290 and delete batch size: 100

Root: 106664
Selected Algorithm: SG_PR_PR
Finding Replacement edges using SG.

Total execution time for Deletion: 3.02302 ms.

Function execution times:
Time of Super graph Creation : 2.39 ms
Time of Update data structure : 0.28 ms
Time of Pointer Jumping : 0.22 ms
Time of Finding unique comps : 0.12 ms
Time of Update rep array : 0.01 ms


Total execution time for Insertion: 0.00 ms.

Function execution times:

Executing validate part.
numComp in the graph: 1


filename: web-BerkStan.egr
Root: 130110
The input parent array is a BFS tree.
Number of deleted tree edges: 1
numVert: 685230, num_edges: 13300290 and delete batch size: 100

Root: 130110
Selected Algorithm: SG_PR_PR
Finding Replacement edges using SG.
Reversing the paths using PR module 
Executing path_reversal:

Total execution time for Deletion: 4.755 ms.

Function execution times:
Time of Super graph Creation : 2.41 ms
Time of PR_Shortcut : 0.90 ms
Time of Path Reversal : 0.62 ms
Time of Update data structure : 0.24 ms
Time of Pointer Jumping : 0.22 ms
Time of PR-RST module : 0.22 ms
Time of Finding unique comps : 0.12 ms
Time of Hash Table look up : 0.01 ms
Time of Update rep array : 0.01 ms


Total execution time for Insertion: 0.00 ms.

Function execution times:

Executing validate part.
numComp in the graph: 1


filename: web-BerkStan.egr
Root: 552518
The input parent array is a BFS tree.
Number of deleted tree edges: 12
numVert: 685230, num_edges: 13300290 and delete batch size: 1000

Root: 552518
Selected Algorithm: SG_PR_PR
Finding Replacement edges using SG.
Reversing the paths using PR module 
Executing path_reversal:

Total execution time for Deletion: 5.11736 ms.

Function execution times:
Time of Super graph Creation : 2.46 ms
Time of PR_Shortcut : 0.90 ms
Time of Path Reversal : 0.62 ms
Time of PR-RST module : 0.53 ms
Time of Update data structure : 0.25 ms
Time of Pointer Jumping : 0.22 ms
Time of Finding unique comps : 0.12 ms
Time of Hash Table look up : 0.01 ms
Time of Update rep array : 0.01 ms

Input tree not connected. num_comp: 4
Selected Algorithm: SG_PR_PR
Finding Replacement edges using SG.
Reversing the paths using PR module 
Executing path_reversal:

Total execution time for Insertion: 3.88 ms.

Function execution times:
Time of Finding unique comps : 0.99 ms
Time of PR_Shortcut : 0.94 ms
Time of Super graph Creation : 0.79 ms
Time of Path Reversal : 0.65 ms
Time of PR-RST module : 0.27 ms
Time of Pointer Jumping : 0.23 ms
Time of Hash Table look up : 0.01 ms
Time of Update rep array : 0.01 ms

Executing validate part.
numComp in the graph: 1


filename: web-BerkStan.egr
Root: 438113
The input parent array is a BFS tree.
Number of deleted tree edges: 1
numVert: 685230, num_edges: 13300290 and delete batch size: 1000

Root: 438113
Selected Algorithm: SG_PR_PR
Finding Replacement edges using SG.
Reversing the paths using PR module 
Executing path_reversal:

Total execution time for Deletion: 4.82722 ms.

Function execution times:
Time of Super graph Creation : 2.44 ms
Time of PR_Shortcut : 0.93 ms
Time of Path Reversal : 0.63 ms
Time of Update data structure : 0.25 ms
Time of Pointer Jumping : 0.22 ms
Time of PR-RST module : 0.21 ms
Time of Finding unique comps : 0.12 ms
Time of Hash Table look up : 0.01 ms
Time of Update rep array : 0.01 ms


Total execution time for Insertion: 0.00 ms.

Function execution times:

Executing validate part.
numComp in the graph: 1


filename: web-BerkStan.egr
Root: 593804
The input parent array is a BFS tree.
Number of deleted tree edges: 8
numVert: 685230, num_edges: 13300290 and delete batch size: 1000

Root: 593804
Selected Algorithm: SG_PR_PR
Finding Replacement edges using SG.
Reversing the paths using PR module 
Executing path_reversal:

Total execution time for Deletion: 8.73093 ms.

Function execution times:
Time of Super graph Creation : 5.96 ms
Time of PR_Shortcut : 0.94 ms
Time of Path Reversal : 0.65 ms
Time of PR-RST module : 0.57 ms
Time of Update data structure : 0.25 ms
Time of Pointer Jumping : 0.22 ms
Time of Finding unique comps : 0.12 ms
Time of Hash Table look up : 0.01 ms
Time of Update rep array : 0.01 ms

Input tree not connected. num_comp: 2
Selected Algorithm: SG_PR_PR
Finding Replacement edges using SG.
Reversing the paths using PR module 
Executing path_reversal:

Total execution time for Insertion: 3.82 ms.

Function execution times:
Time of Finding unique comps : 1.00 ms
Time of PR_Shortcut : 0.91 ms
Time of Super graph Creation : 0.78 ms
Time of Path Reversal : 0.66 ms
Time of Pointer Jumping : 0.23 ms
Time of PR-RST module : 0.23 ms
Time of Hash Table look up : 0.01 ms
Time of Update rep array : 0.01 ms

Executing validate part.
numComp in the graph: 1


filename: web-BerkStan.egr
Root: 191331
The input parent array is a BFS tree.
Number of deleted tree edges: 2
numVert: 685230, num_edges: 13300290 and delete batch size: 1000

Root: 191331
Selected Algorithm: SG_PR_PR
Finding Replacement edges using SG.
Reversing the paths using PR module 
Executing path_reversal:

Total execution time for Deletion: 4.84618 ms.

Function execution times:
Time of Super graph Creation : 2.44 ms
Time of PR_Shortcut : 0.90 ms
Time of Path Reversal : 0.62 ms
Time of Update data structure : 0.26 ms
Time of PR-RST module : 0.25 ms
Time of Pointer Jumping : 0.22 ms
Time of Finding unique comps : 0.12 ms
Time of Hash Table look up : 0.01 ms
Time of Update rep array : 0.01 ms

Input tree not connected. num_comp: 2
Selected Algorithm: SG_PR_PR
Finding Replacement edges using SG.
Reversing the paths using PR module 
Executing path_reversal:

Total execution time for Insertion: 3.82 ms.

Function execution times:
Time of Finding unique comps : 1.00 ms
Time of PR_Shortcut : 0.91 ms
Time of Super graph Creation : 0.79 ms
Time of Path Reversal : 0.65 ms
Time of Pointer Jumping : 0.23 ms
Time of PR-RST module : 0.22 ms
Time of Hash Table look up : 0.01 ms
Time of Update rep array : 0.01 ms

Executing validate part.
numComp in the graph: 2


filename: web-BerkStan.egr
Root: 293285
The input parent array is a BFS tree.
Number of deleted tree edges: 14
numVert: 685230, num_edges: 13300290 and delete batch size: 1000

Root: 293285
Selected Algorithm: SG_PR_PR
Finding Replacement edges using SG.
Reversing the paths using PR module 
Executing path_reversal:

Total execution time for Deletion: 4.97716 ms.

Function execution times:
Time of Super graph Creation : 2.46 ms
Time of PR_Shortcut : 0.93 ms
Time of Path Reversal : 0.62 ms
Time of PR-RST module : 0.32 ms
Time of Update data structure : 0.29 ms
Time of Pointer Jumping : 0.22 ms
Time of Finding unique comps : 0.12 ms
Time of Hash Table look up : 0.01 ms
Time of Update rep array : 0.01 ms

Input tree not connected. num_comp: 2
Selected Algorithm: SG_PR_PR
Finding Replacement edges using SG.
Reversing the paths using PR module 
Executing path_reversal:

Total execution time for Insertion: 3.81 ms.

Function execution times:
Time of Finding unique comps : 1.00 ms
Time of PR_Shortcut : 0.90 ms
Time of Super graph Creation : 0.79 ms
Time of Path Reversal : 0.65 ms
Time of Pointer Jumping : 0.23 ms
Time of PR-RST module : 0.22 ms
Time of Hash Table look up : 0.01 ms
Time of Update rep array : 0.01 ms

Executing validate part.
numComp in the graph: 2
