

filename: wiki-topcats.egr
Root: 1037045
The input parent array is a BFS tree.
Number of deleted tree edges: 3720
numVert: 1791489, num_edges: 50888414 and delete batch size: 100000

Root: 1037045
Selected Algorithm: SG_PR_PR
Finding Replacement edges using SG.
Reversing the paths using PR module 
Executing path_reversal:

Total execution time for Deletion: 14.5974 ms.

Function execution times:
Time of Super graph Creation : 6.97 ms
Time of PR-RST module : 2.73 ms
Time of PR_Shortcut : 2.72 ms
Time of Path Reversal : 0.90 ms
Time of Update data structure : 0.77 ms
Time of Pointer Jumping : 0.31 ms
Time of Finding unique comps : 0.18 ms
Time of Hash Table look up : 0.01 ms
Time of Update rep array : 0.01 ms

Input tree not connected. num_comp: 108
Selected Algorithm: SG_PR_PR
Finding Replacement edges using SG.
Reversing the paths using PR module 
Executing path_reversal:

Total execution time for Insertion: 7.51 ms.

Function execution times:
Time of PR_Shortcut : 2.75 ms
Time of Super graph Creation : 1.74 ms
Time of Finding unique comps : 1.01 ms
Time of Path Reversal : 0.90 ms
Time of PR-RST module : 0.76 ms
Time of Pointer Jumping : 0.32 ms
Time of Hash Table look up : 0.01 ms
Time of Update rep array : 0.01 ms

Executing validate part.
numComp in the graph: 17


filename: wiki-topcats.egr
Root: 84264
The input parent array is a BFS tree.
Number of deleted tree edges: 3889
numVert: 1791489, num_edges: 50888414 and delete batch size: 100000

Root: 84264
Selected Algorithm: SG_PR_PR
Finding Replacement edges using SG.
Reversing the paths using PR module 
Executing path_reversal:

Total execution time for Deletion: 14.0789 ms.

Function execution times:
Time of Super graph Creation : 7.06 ms
Time of PR_Shortcut : 2.69 ms
Time of PR-RST module : 2.18 ms
Time of Path Reversal : 0.89 ms
Time of Update data structure : 0.74 ms
Time of Pointer Jumping : 0.32 ms
Time of Finding unique comps : 0.18 ms
Time of Hash Table look up : 0.02 ms
Time of Update rep array : 0.01 ms

Input tree not connected. num_comp: 171
Selected Algorithm: SG_PR_PR
Finding Replacement edges using SG.
Reversing the paths using PR module 
Executing path_reversal:

Total execution time for Insertion: 7.91 ms.

Function execution times:
Time of PR_Shortcut : 2.73 ms
Time of Super graph Creation : 1.75 ms
Time of PR-RST module : 1.19 ms
Time of Finding unique comps : 1.01 ms
Time of Path Reversal : 0.89 ms
Time of Pointer Jumping : 0.32 ms
Time of Hash Table look up : 0.01 ms
Time of Update rep array : 0.01 ms

Executing validate part.
numComp in the graph: 38


filename: wiki-topcats.egr
Root: 1053337
The input parent array is a BFS tree.
Number of deleted tree edges: 4148
numVert: 1791489, num_edges: 50888414 and delete batch size: 100000

Root: 1053337
Selected Algorithm: SG_PR_PR
Finding Replacement edges using SG.
Reversing the paths using PR module 
Executing path_reversal:

Total execution time for Deletion: 16.2295 ms.

Function execution times:
Time of Super graph Creation : 7.93 ms
Time of PR-RST module : 3.42 ms
Time of PR_Shortcut : 2.72 ms
Time of Path Reversal : 0.90 ms
Time of Update data structure : 0.73 ms
Time of Pointer Jumping : 0.32 ms
Time of Finding unique comps : 0.18 ms
Time of Hash Table look up : 0.02 ms
Time of Update rep array : 0.01 ms

Input tree not connected. num_comp: 166
Selected Algorithm: SG_PR_PR
Finding Replacement edges using SG.
Reversing the paths using PR module 
Executing path_reversal:

Total execution time for Insertion: 7.50 ms.

Function execution times:
Time of PR_Shortcut : 2.66 ms
Time of Super graph Creation : 1.75 ms
Time of Finding unique comps : 1.00 ms
Time of Path Reversal : 0.91 ms
Time of PR-RST module : 0.84 ms
Time of Pointer Jumping : 0.32 ms
Time of Hash Table look up : 0.01 ms
Time of Update rep array : 0.01 ms

Executing validate part.
numComp in the graph: 24


filename: wiki-topcats.egr
Root: 576078
The input parent array is a BFS tree.
Number of deleted tree edges: 4016
numVert: 1791489, num_edges: 50888414 and delete batch size: 100000

Root: 576078
Selected Algorithm: SG_PR_PR
Finding Replacement edges using SG.
Reversing the paths using PR module 
Executing path_reversal:

Total execution time for Deletion: 14.079 ms.

Function execution times:
Time of Super graph Creation : 7.01 ms
Time of PR_Shortcut : 2.71 ms
Time of PR-RST module : 2.24 ms
Time of Path Reversal : 0.90 ms
Time of Update data structure : 0.73 ms
Time of Pointer Jumping : 0.32 ms
Time of Finding unique comps : 0.14 ms
Time of Hash Table look up : 0.01 ms
Time of Update rep array : 0.01 ms

Input tree not connected. num_comp: 154
Selected Algorithm: SG_PR_PR
Finding Replacement edges using SG.
Reversing the paths using PR module 
Executing path_reversal:

Total execution time for Insertion: 7.62 ms.

Function execution times:
Time of PR_Shortcut : 2.75 ms
Time of Super graph Creation : 1.75 ms
Time of Finding unique comps : 1.01 ms
Time of Path Reversal : 0.91 ms
Time of PR-RST module : 0.86 ms
Time of Pointer Jumping : 0.32 ms
Time of Hash Table look up : 0.01 ms
Time of Update rep array : 0.01 ms

Executing validate part.
numComp in the graph: 29


filename: wiki-topcats.egr
Root: 996534
The input parent array is a BFS tree.
Number of deleted tree edges: 4213
numVert: 1791489, num_edges: 50888414 and delete batch size: 100000

Root: 996534
Selected Algorithm: SG_PR_PR
Finding Replacement edges using SG.
Reversing the paths using PR module 
Executing path_reversal:

Total execution time for Deletion: 14.8122 ms.

Function execution times:
Time of Super graph Creation : 7.11 ms
Time of PR-RST module : 2.87 ms
Time of PR_Shortcut : 2.71 ms
Time of Path Reversal : 0.90 ms
Time of Update data structure : 0.76 ms
Time of Pointer Jumping : 0.31 ms
Time of Finding unique comps : 0.12 ms
Time of Hash Table look up : 0.02 ms
Time of Update rep array : 0.01 ms

Input tree not connected. num_comp: 201
Selected Algorithm: SG_PR_PR
Finding Replacement edges using SG.
Reversing the paths using PR module 
Executing path_reversal:

Total execution time for Insertion: 7.94 ms.

Function execution times:
Time of PR_Shortcut : 2.74 ms
Time of Super graph Creation : 1.74 ms
Time of PR-RST module : 1.20 ms
Time of Finding unique comps : 1.01 ms
Time of Path Reversal : 0.90 ms
Time of Pointer Jumping : 0.32 ms
Time of Hash Table look up : 0.01 ms
Time of Update rep array : 0.01 ms

Executing validate part.
numComp in the graph: 35


filename: wiki-topcats.egr
Root: 1109404
The input parent array is a BFS tree.
Number of deleted tree edges: 394
numVert: 1791489, num_edges: 50888414 and delete batch size: 10000

Root: 1109404
Selected Algorithm: SG_PR_PR
Finding Replacement edges using SG.
Reversing the paths using PR module 
Executing path_reversal:

Total execution time for Deletion: 12.8798 ms.

Function execution times:
Time of Super graph Creation : 7.10 ms
Time of PR_Shortcut : 2.72 ms
Time of PR-RST module : 0.96 ms
Time of Path Reversal : 0.89 ms
Time of Update data structure : 0.72 ms
Time of Pointer Jumping : 0.31 ms
Time of Finding unique comps : 0.16 ms
Time of Hash Table look up : 0.01 ms
Time of Update rep array : 0.01 ms

Input tree not connected. num_comp: 24
Selected Algorithm: SG_PR_PR
Finding Replacement edges using SG.
Reversing the paths using PR module 
Executing path_reversal:

Total execution time for Insertion: 7.38 ms.

Function execution times:
Time of PR_Shortcut : 2.76 ms
Time of Super graph Creation : 1.74 ms
Time of Finding unique comps : 1.00 ms
Time of Path Reversal : 0.90 ms
Time of PR-RST module : 0.64 ms
Time of Pointer Jumping : 0.31 ms
Time of Hash Table look up : 0.01 ms
Time of Update rep array : 0.01 ms

Executing validate part.
numComp in the graph: 2


filename: wiki-topcats.egr
Root: 1012305
The input parent array is a BFS tree.
Number of deleted tree edges: 370
numVert: 1791489, num_edges: 50888414 and delete batch size: 10000

Root: 1012305
Selected Algorithm: SG_PR_PR
Finding Replacement edges using SG.
Reversing the paths using PR module 
Executing path_reversal:

Total execution time for Deletion: 13.6217 ms.

Function execution times:
Time of Super graph Creation : 7.15 ms
Time of PR_Shortcut : 2.73 ms
Time of PR-RST module : 1.65 ms
Time of Path Reversal : 0.91 ms
Time of Update data structure : 0.69 ms
Time of Pointer Jumping : 0.31 ms
Time of Finding unique comps : 0.15 ms
Time of Hash Table look up : 0.01 ms
Time of Update rep array : 0.01 ms

Input tree not connected. num_comp: 16
Selected Algorithm: SG_PR_PR
Finding Replacement edges using SG.
Reversing the paths using PR module 
Executing path_reversal:

Total execution time for Insertion: 7.29 ms.

Function execution times:
Time of PR_Shortcut : 2.73 ms
Time of Super graph Creation : 1.75 ms
Time of Finding unique comps : 1.00 ms
Time of Path Reversal : 0.91 ms
Time of PR-RST module : 0.56 ms
Time of Pointer Jumping : 0.32 ms
Time of Hash Table look up : 0.01 ms
Time of Update rep array : 0.01 ms

Executing validate part.
numComp in the graph: 3


filename: wiki-topcats.egr
Root: 858
The input parent array is a BFS tree.
Number of deleted tree edges: 358
numVert: 1791489, num_edges: 50888414 and delete batch size: 10000

Root: 858
Selected Algorithm: SG_PR_PR
Finding Replacement edges using SG.
Reversing the paths using PR module 
Executing path_reversal:

Total execution time for Deletion: 13.1642 ms.

Function execution times:
Time of Super graph Creation : 7.07 ms
Time of PR_Shortcut : 2.70 ms
Time of PR-RST module : 1.31 ms
Time of Path Reversal : 0.90 ms
Time of Update data structure : 0.69 ms
Time of Pointer Jumping : 0.31 ms
Time of Finding unique comps : 0.16 ms
Time of Hash Table look up : 0.01 ms
Time of Update rep array : 0.01 ms

Input tree not connected. num_comp: 17
Selected Algorithm: SG_PR_PR
Finding Replacement edges using SG.
Reversing the paths using PR module 
Executing path_reversal:

Total execution time for Insertion: 7.28 ms.

Function execution times:
Time of PR_Shortcut : 2.68 ms
Time of Super graph Creation : 1.74 ms
Time of Finding unique comps : 1.00 ms
Time of Path Reversal : 0.89 ms
Time of PR-RST module : 0.64 ms
Time of Pointer Jumping : 0.31 ms
Time of Hash Table look up : 0.01 ms
Time of Update rep array : 0.01 ms

Executing validate part.
numComp in the graph: 2


filename: wiki-topcats.egr
Root: 948751
The input parent array is a BFS tree.
Number of deleted tree edges: 391
numVert: 1791489, num_edges: 50888414 and delete batch size: 10000

Root: 948751
Selected Algorithm: SG_PR_PR
Finding Replacement edges using SG.
Reversing the paths using PR module 
Executing path_reversal:

Total execution time for Deletion: 12.8615 ms.

Function execution times:
Time of Super graph Creation : 7.08 ms
Time of PR_Shortcut : 2.73 ms
Time of PR-RST module : 0.94 ms
Time of Path Reversal : 0.89 ms
Time of Update data structure : 0.72 ms
Time of Pointer Jumping : 0.31 ms
Time of Finding unique comps : 0.16 ms
Time of Hash Table look up : 0.01 ms
Time of Update rep array : 0.01 ms

Input tree not connected. num_comp: 20
Selected Algorithm: SG_PR_PR
Finding Replacement edges using SG.
Reversing the paths using PR module 
Executing path_reversal:

Total execution time for Insertion: 7.07 ms.

Function execution times:
Time of PR_Shortcut : 2.72 ms
Time of Super graph Creation : 1.74 ms
Time of Finding unique comps : 1.00 ms
Time of Path Reversal : 0.90 ms
Time of PR-RST module : 0.38 ms
Time of Pointer Jumping : 0.32 ms
Time of Hash Table look up : 0.01 ms
Time of Update rep array : 0.01 ms

Executing validate part.
numComp in the graph: 3


filename: wiki-topcats.egr
Root: 1387204
The input parent array is a BFS tree.
Number of deleted tree edges: 363
numVert: 1791489, num_edges: 50888414 and delete batch size: 10000

Root: 1387204
Selected Algorithm: SG_PR_PR
Finding Replacement edges using SG.
Reversing the paths using PR module 
Executing path_reversal:

Total execution time for Deletion: 13.989 ms.

Function execution times:
Time of Super graph Creation : 7.12 ms
Time of PR_Shortcut : 2.73 ms
Time of PR-RST module : 2.07 ms
Time of Path Reversal : 0.90 ms
Time of Update data structure : 0.68 ms
Time of Pointer Jumping : 0.31 ms
Time of Finding unique comps : 0.16 ms
Time of Hash Table look up : 0.01 ms
Time of Update rep array : 0.01 ms

Input tree not connected. num_comp: 15
Selected Algorithm: SG_PR_PR
Finding Replacement edges using SG.
Reversing the paths using PR module 
Executing path_reversal:

Total execution time for Insertion: 7.27 ms.

Function execution times:
Time of PR_Shortcut : 2.74 ms
Time of Super graph Creation : 1.73 ms
Time of Finding unique comps : 1.01 ms
Time of Path Reversal : 0.90 ms
Time of PR-RST module : 0.56 ms
Time of Pointer Jumping : 0.31 ms
Time of Hash Table look up : 0.01 ms
Time of Update rep array : 0.01 ms

Executing validate part.
numComp in the graph: 2


filename: wiki-topcats.egr
Root: 1111743
The input parent array is a BFS tree.
Number of deleted tree edges: 1
numVert: 1791489, num_edges: 50888414 and delete batch size: 100

Root: 1111743
Selected Algorithm: SG_PR_PR
Finding Replacement edges using SG.
Reversing the paths using PR module 
Executing path_reversal:

Total execution time for Deletion: 11.7898 ms.

Function execution times:
Time of Super graph Creation : 6.78 ms
Time of PR_Shortcut : 2.74 ms
Time of Path Reversal : 0.89 ms
Time of Update data structure : 0.70 ms
Time of Pointer Jumping : 0.30 ms
Time of PR-RST module : 0.22 ms
Time of Finding unique comps : 0.13 ms
Time of Hash Table look up : 0.01 ms
Time of Update rep array : 0.01 ms


Total execution time for Insertion: 0.00 ms.

Function execution times:

Executing validate part.
numComp in the graph: 1


filename: wiki-topcats.egr
Root: 1594194
The input parent array is a BFS tree.
Number of deleted tree edges: 1
numVert: 1791489, num_edges: 50888414 and delete batch size: 100

Root: 1594194
Selected Algorithm: SG_PR_PR
Finding Replacement edges using SG.
Reversing the paths using PR module 
Executing path_reversal:

Total execution time for Deletion: 11.7433 ms.

Function execution times:
Time of Super graph Creation : 6.78 ms
Time of PR_Shortcut : 2.72 ms
Time of Path Reversal : 0.89 ms
Time of Update data structure : 0.69 ms
Time of Pointer Jumping : 0.31 ms
Time of PR-RST module : 0.22 ms
Time of Finding unique comps : 0.11 ms
Time of Hash Table look up : 0.01 ms
Time of Update rep array : 0.01 ms


Total execution time for Insertion: 0.00 ms.

Function execution times:

Executing validate part.
numComp in the graph: 1


filename: wiki-topcats.egr
Root: 839981
The input parent array is a BFS tree.
Number of deleted tree edges: 5
numVert: 1791489, num_edges: 50888414 and delete batch size: 100

Root: 839981
Selected Algorithm: SG_PR_PR
Finding Replacement edges using SG.
Reversing the paths using PR module 
Executing path_reversal:

Total execution time for Deletion: 11.786 ms.

Function execution times:
Time of Super graph Creation : 6.78 ms
Time of PR_Shortcut : 2.71 ms
Time of Path Reversal : 0.89 ms
Time of Update data structure : 0.67 ms
Time of PR-RST module : 0.32 ms
Time of Pointer Jumping : 0.31 ms
Time of Finding unique comps : 0.09 ms
Time of Hash Table look up : 0.01 ms
Time of Update rep array : 0.01 ms


Total execution time for Insertion: 0.00 ms.

Function execution times:

Executing validate part.
numComp in the graph: 1


filename: wiki-topcats.egr
Root: 362506
The input parent array is a BFS tree.
Number of deleted tree edges: 3
numVert: 1791489, num_edges: 50888414 and delete batch size: 100

Root: 362506
Selected Algorithm: SG_PR_PR
Finding Replacement edges using SG.
Reversing the paths using PR module 
Executing path_reversal:

Total execution time for Deletion: 11.9337 ms.

Function execution times:
Time of Super graph Creation : 6.94 ms
Time of PR_Shortcut : 2.72 ms
Time of Path Reversal : 0.89 ms
Time of Update data structure : 0.67 ms
Time of Pointer Jumping : 0.31 ms
Time of PR-RST module : 0.26 ms
Time of Finding unique comps : 0.12 ms
Time of Hash Table look up : 0.01 ms
Time of Update rep array : 0.01 ms

Input tree not connected. num_comp: 2
Selected Algorithm: SG_PR_PR
Finding Replacement edges using SG.
Reversing the paths using PR module 
Executing path_reversal:

Total execution time for Insertion: 5.89 ms.

Function execution times:
Time of PR_Shortcut : 2.73 ms
Time of Finding unique comps : 1.00 ms
Time of Path Reversal : 0.90 ms
Time of Super graph Creation : 0.70 ms
Time of Pointer Jumping : 0.32 ms
Time of PR-RST module : 0.22 ms
Time of Hash Table look up : 0.01 ms
Time of Update rep array : 0.01 ms

Executing validate part.
numComp in the graph: 1


filename: wiki-topcats.egr
Root: 1600899
The input parent array is a BFS tree.
Number of deleted tree edges: 5
numVert: 1791489, num_edges: 50888414 and delete batch size: 100

Root: 1600899
Selected Algorithm: SG_PR_PR
Finding Replacement edges using SG.
Reversing the paths using PR module 
Executing path_reversal:

Total execution time for Deletion: 12.2186 ms.

Function execution times:
Time of Super graph Creation : 6.93 ms
Time of PR_Shortcut : 2.71 ms
Time of Path Reversal : 0.90 ms
Time of Update data structure : 0.73 ms
Time of PR-RST module : 0.50 ms
Time of Pointer Jumping : 0.30 ms
Time of Finding unique comps : 0.13 ms
Time of Hash Table look up : 0.01 ms
Time of Update rep array : 0.01 ms

Input tree not connected. num_comp: 2
Selected Algorithm: SG_PR_PR
Finding Replacement edges using SG.
Reversing the paths using PR module 
Executing path_reversal:

Total execution time for Insertion: 5.92 ms.

Function execution times:
Time of PR_Shortcut : 2.75 ms
Time of Finding unique comps : 1.01 ms
Time of Path Reversal : 0.90 ms
Time of Super graph Creation : 0.70 ms
Time of Pointer Jumping : 0.32 ms
Time of PR-RST module : 0.22 ms
Time of Hash Table look up : 0.01 ms
Time of Update rep array : 0.01 ms

Executing validate part.
numComp in the graph: 2


filename: wiki-topcats.egr
Root: 421684
The input parent array is a BFS tree.
Number of deleted tree edges: 42
numVert: 1791489, num_edges: 50888414 and delete batch size: 1000

Root: 421684
Selected Algorithm: SG_PR_PR
Finding Replacement edges using SG.
Reversing the paths using PR module 
Executing path_reversal:

Total execution time for Deletion: 12.5545 ms.

Function execution times:
Time of Super graph Creation : 7.05 ms
Time of PR_Shortcut : 2.72 ms
Time of Path Reversal : 0.90 ms
Time of PR-RST module : 0.72 ms
Time of Update data structure : 0.70 ms
Time of Pointer Jumping : 0.31 ms
Time of Finding unique comps : 0.14 ms
Time of Hash Table look up : 0.01 ms
Time of Update rep array : 0.01 ms

Input tree not connected. num_comp: 4
Selected Algorithm: SG_PR_PR
Finding Replacement edges using SG.
Reversing the paths using PR module 
Executing path_reversal:

Total execution time for Insertion: 6.13 ms.

Function execution times:
Time of PR_Shortcut : 2.75 ms
Time of Finding unique comps : 1.01 ms
Time of Path Reversal : 0.90 ms
Time of Super graph Creation : 0.71 ms
Time of PR-RST module : 0.43 ms
Time of Pointer Jumping : 0.32 ms
Time of Hash Table look up : 0.01 ms
Time of Update rep array : 0.01 ms

Executing validate part.
numComp in the graph: 2


filename: wiki-topcats.egr
Root: 254679
The input parent array is a BFS tree.
Number of deleted tree edges: 35
numVert: 1791489, num_edges: 50888414 and delete batch size: 1000

Root: 254679
Selected Algorithm: SG_PR_PR
Finding Replacement edges using SG.
Reversing the paths using PR module 
Executing path_reversal:

Total execution time for Deletion: 13.0323 ms.

Function execution times:
Time of Super graph Creation : 6.99 ms
Time of PR_Shortcut : 2.73 ms
Time of Update data structure : 1.23 ms
Time of Path Reversal : 0.90 ms
Time of PR-RST module : 0.72 ms
Time of Pointer Jumping : 0.30 ms
Time of Finding unique comps : 0.14 ms
Time of Hash Table look up : 0.01 ms
Time of Update rep array : 0.01 ms

Input tree not connected. num_comp: 4
Selected Algorithm: SG_PR_PR
Finding Replacement edges using SG.
Reversing the paths using PR module 
Executing path_reversal:

Total execution time for Insertion: 6.09 ms.

Function execution times:
Time of PR_Shortcut : 2.72 ms
Time of Finding unique comps : 1.01 ms
Time of Path Reversal : 0.90 ms
Time of Super graph Creation : 0.71 ms
Time of PR-RST module : 0.42 ms
Time of Pointer Jumping : 0.31 ms
Time of Hash Table look up : 0.01 ms
Time of Update rep array : 0.01 ms

Executing validate part.
numComp in the graph: 2


filename: wiki-topcats.egr
Root: 283694
The input parent array is a BFS tree.
Number of deleted tree edges: 36
numVert: 1791489, num_edges: 50888414 and delete batch size: 1000

Root: 283694
Selected Algorithm: SG_PR_PR
Finding Replacement edges using SG.
Reversing the paths using PR module 
Executing path_reversal:

Total execution time for Deletion: 12.4822 ms.

Function execution times:
Time of Super graph Creation : 7.03 ms
Time of PR_Shortcut : 2.69 ms
Time of Path Reversal : 0.89 ms
Time of PR-RST module : 0.72 ms
Time of Update data structure : 0.68 ms
Time of Pointer Jumping : 0.30 ms
Time of Finding unique comps : 0.14 ms
Time of Hash Table look up : 0.01 ms
Time of Update rep array : 0.01 ms

Input tree not connected. num_comp: 3
Selected Algorithm: SG_PR_PR
Finding Replacement edges using SG.
Reversing the paths using PR module 
Executing path_reversal:

Total execution time for Insertion: 5.93 ms.

Function execution times:
Time of PR_Shortcut : 2.72 ms
Time of Finding unique comps : 1.00 ms
Time of Path Reversal : 0.89 ms
Time of Super graph Creation : 0.72 ms
Time of Pointer Jumping : 0.31 ms
Time of PR-RST module : 0.27 ms
Time of Hash Table look up : 0.01 ms
Time of Update rep array : 0.01 ms

Executing validate part.
numComp in the graph: 1


filename: wiki-topcats.egr
Root: 1485399
The input parent array is a BFS tree.
Number of deleted tree edges: 49
numVert: 1791489, num_edges: 50888414 and delete batch size: 1000

Root: 1485399
Selected Algorithm: SG_PR_PR
Finding Replacement edges using SG.
Reversing the paths using PR module 
Executing path_reversal:

Total execution time for Deletion: 12.6459 ms.

Function execution times:
Time of Super graph Creation : 6.96 ms
Time of PR_Shortcut : 2.73 ms
Time of PR-RST module : 0.93 ms
Time of Path Reversal : 0.89 ms
Time of Update data structure : 0.69 ms
Time of Pointer Jumping : 0.31 ms
Time of Finding unique comps : 0.13 ms
Time of Hash Table look up : 0.01 ms
Time of Update rep array : 0.01 ms

Input tree not connected. num_comp: 5
Selected Algorithm: SG_PR_PR
Finding Replacement edges using SG.
Reversing the paths using PR module 
Executing path_reversal:

Total execution time for Insertion: 6.15 ms.

Function execution times:
Time of PR_Shortcut : 2.72 ms
Time of Finding unique comps : 1.01 ms
Time of Path Reversal : 0.90 ms
Time of Super graph Creation : 0.69 ms
Time of PR-RST module : 0.49 ms
Time of Pointer Jumping : 0.32 ms
Time of Hash Table look up : 0.01 ms
Time of Update rep array : 0.01 ms

Executing validate part.
numComp in the graph: 2


filename: wiki-topcats.egr
Root: 1226122
The input parent array is a BFS tree.
Number of deleted tree edges: 37
numVert: 1791489, num_edges: 50888414 and delete batch size: 1000

Root: 1226122
Selected Algorithm: SG_PR_PR
Finding Replacement edges using SG.
Reversing the paths using PR module 
Executing path_reversal:

Total execution time for Deletion: 12.3509 ms.

Function execution times:
Time of Super graph Creation : 6.93 ms
Time of PR_Shortcut : 2.72 ms
Time of Path Reversal : 0.89 ms
Time of PR-RST module : 0.71 ms
Time of Update data structure : 0.68 ms
Time of Pointer Jumping : 0.30 ms
Time of Finding unique comps : 0.10 ms
Time of Hash Table look up : 0.01 ms
Time of Update rep array : 0.01 ms

Input tree not connected. num_comp: 7
Selected Algorithm: SG_PR_PR
Finding Replacement edges using SG.
Reversing the paths using PR module 
Executing path_reversal:

Total execution time for Insertion: 5.97 ms.

Function execution times:
Time of PR_Shortcut : 2.72 ms
Time of Finding unique comps : 1.01 ms
Time of Path Reversal : 0.90 ms
Time of Super graph Creation : 0.69 ms
Time of PR-RST module : 0.32 ms
Time of Pointer Jumping : 0.32 ms
Time of Hash Table look up : 0.01 ms
Time of Update rep array : 0.01 ms

Executing validate part.
numComp in the graph: 1
