

filename: hugebubbles-00020.egr
Number of deleted tree edges: 29786
numVert: 21198119, num_edges: 63580358 and delete batch size: 100000

Total execution time of all functions: 90.365 ms.

Function execution times:
Time of Eulerian Tour : 63.31 ms
Time of Super graph Creation : 11.91 ms
Time of Pointer Jumping : 7.21 ms
Time of PR-RST module : 5.99 ms
Time of update data structure : 1.24 ms
Time of Path Reversal : 0.66 ms
Time of Update rep array : 0.02 ms
Time of Hash Table look up : 0.02 ms


filename: hugebubbles-00020.egr
Number of deleted tree edges: 29815
numVert: 21198119, num_edges: 63580358 and delete batch size: 100000

Total execution time of all functions: 89.0433 ms.

Function execution times:
Time of Eulerian Tour : 62.80 ms
Time of Super graph Creation : 11.98 ms
Time of Pointer Jumping : 7.21 ms
Time of PR-RST module : 5.18 ms
Time of update data structure : 1.18 ms
Time of Path Reversal : 0.66 ms
Time of Hash Table look up : 0.02 ms
Time of Update rep array : 0.02 ms


filename: hugebubbles-00020.egr
Number of deleted tree edges: 29787
numVert: 21198119, num_edges: 63580358 and delete batch size: 100000

Total execution time of all functions: 87.751 ms.

Function execution times:
Time of Eulerian Tour : 61.44 ms
Time of Super graph Creation : 12.02 ms
Time of Pointer Jumping : 7.19 ms
Time of PR-RST module : 5.16 ms
Time of update data structure : 1.24 ms
Time of Path Reversal : 0.66 ms
Time of Hash Table look up : 0.02 ms
Time of Update rep array : 0.02 ms


filename: hugebubbles-00020.egr
Number of deleted tree edges: 29749
numVert: 21198119, num_edges: 63580358 and delete batch size: 100000

Total execution time of all functions: 89.0724 ms.

Function execution times:
Time of Eulerian Tour : 62.83 ms
Time of Super graph Creation : 11.93 ms
Time of Pointer Jumping : 7.19 ms
Time of PR-RST module : 5.24 ms
Time of update data structure : 1.18 ms
Time of Path Reversal : 0.66 ms
Time of Hash Table look up : 0.02 ms
Time of Update rep array : 0.02 ms


filename: hugebubbles-00020.egr
Number of deleted tree edges: 29891
numVert: 21198119, num_edges: 63580358 and delete batch size: 100000

Total execution time of all functions: 92.0177 ms.

Function execution times:
Time of Eulerian Tour : 61.43 ms
Time of Super graph Creation : 11.93 ms
Time of Pointer Jumping : 10.01 ms
Time of PR-RST module : 6.75 ms
Time of update data structure : 1.20 ms
Time of Path Reversal : 0.66 ms
Time of Hash Table look up : 0.02 ms
Time of Update rep array : 0.02 ms


filename: hugebubbles-00020.egr
Number of deleted tree edges: 2929
numVert: 21198119, num_edges: 63580358 and delete batch size: 10000

Total execution time of all functions: 82.9522 ms.

Function execution times:
Time of Eulerian Tour : 61.24 ms
Time of Super graph Creation : 11.32 ms
Time of Pointer Jumping : 6.73 ms
Time of PR-RST module : 2.15 ms
Time of update data structure : 1.10 ms
Time of Path Reversal : 0.37 ms
Time of Update rep array : 0.02 ms
Time of Hash Table look up : 0.02 ms


filename: hugebubbles-00020.egr
Number of deleted tree edges: 2948
numVert: 21198119, num_edges: 63580358 and delete batch size: 10000

Total execution time of all functions: 86.2049 ms.

Function execution times:
Time of Eulerian Tour : 64.35 ms
Time of Super graph Creation : 11.29 ms
Time of Pointer Jumping : 6.72 ms
Time of PR-RST module : 2.22 ms
Time of update data structure : 1.15 ms
Time of Path Reversal : 0.44 ms
Time of Update rep array : 0.02 ms
Time of Hash Table look up : 0.02 ms


filename: hugebubbles-00020.egr
Number of deleted tree edges: 2957
numVert: 21198119, num_edges: 63580358 and delete batch size: 10000

Total execution time of all functions: 83.1987 ms.

Function execution times:
Time of Eulerian Tour : 61.21 ms
Time of Super graph Creation : 11.42 ms
Time of Pointer Jumping : 6.73 ms
Time of PR-RST module : 2.24 ms
Time of update data structure : 1.13 ms
Time of Path Reversal : 0.43 ms
Time of Update rep array : 0.02 ms
Time of Hash Table look up : 0.02 ms


filename: hugebubbles-00020.egr
Number of deleted tree edges: 2950
numVert: 21198119, num_edges: 63580358 and delete batch size: 10000

Total execution time of all functions: 84.6112 ms.

Function execution times:
Time of Eulerian Tour : 62.71 ms
Time of Super graph Creation : 11.31 ms
Time of Pointer Jumping : 6.74 ms
Time of PR-RST module : 2.22 ms
Time of update data structure : 1.13 ms
Time of Path Reversal : 0.46 ms
Time of Hash Table look up : 0.02 ms
Time of Update rep array : 0.02 ms


filename: hugebubbles-00020.egr
Number of deleted tree edges: 2979
numVert: 21198119, num_edges: 63580358 and delete batch size: 10000

Total execution time of all functions: 83.0499 ms.

Function execution times:
Time of Eulerian Tour : 61.14 ms
Time of Super graph Creation : 11.39 ms
Time of Pointer Jumping : 6.73 ms
Time of PR-RST module : 2.22 ms
Time of update data structure : 1.09 ms
Time of Path Reversal : 0.44 ms
Time of Update rep array : 0.02 ms
Time of Hash Table look up : 0.02 ms


filename: hugebubbles-00020.egr
Number of deleted tree edges: 28
numVert: 21198119, num_edges: 63580358 and delete batch size: 100

Total execution time of all functions: 81.4388 ms.

Function execution times:
Time of Eulerian Tour : 62.81 ms
Time of Super graph Creation : 10.58 ms
Time of Pointer Jumping : 6.25 ms
Time of update data structure : 1.07 ms
Time of PR-RST module : 0.49 ms
Time of Path Reversal : 0.20 ms
Time of Hash Table look up : 0.02 ms
Time of Update rep array : 0.02 ms


filename: hugebubbles-00020.egr
Number of deleted tree edges: 30
numVert: 21198119, num_edges: 63580358 and delete batch size: 100

Total execution time of all functions: 80.9084 ms.

Function execution times:
Time of Eulerian Tour : 62.24 ms
Time of Super graph Creation : 10.59 ms
Time of Pointer Jumping : 6.25 ms
Time of update data structure : 1.09 ms
Time of PR-RST module : 0.50 ms
Time of Path Reversal : 0.20 ms
Time of Hash Table look up : 0.02 ms
Time of Update rep array : 0.02 ms


filename: hugebubbles-00020.egr
Number of deleted tree edges: 33
numVert: 21198119, num_edges: 63580358 and delete batch size: 100

Total execution time of all functions: 80.5317 ms.

Function execution times:
Time of Eulerian Tour : 61.81 ms
Time of Super graph Creation : 10.57 ms
Time of Pointer Jumping : 6.25 ms
Time of update data structure : 1.11 ms
Time of PR-RST module : 0.55 ms
Time of Path Reversal : 0.20 ms
Time of Update rep array : 0.02 ms
Time of Hash Table look up : 0.02 ms


filename: hugebubbles-00020.egr
Number of deleted tree edges: 34
numVert: 21198119, num_edges: 63580358 and delete batch size: 100

Total execution time of all functions: 82.1121 ms.

Function execution times:
Time of Eulerian Tour : 62.67 ms
Time of Super graph Creation : 10.67 ms
Time of Pointer Jumping : 6.25 ms
Time of update data structure : 1.40 ms
Time of PR-RST module : 0.87 ms
Time of Path Reversal : 0.22 ms
Time of Hash Table look up : 0.02 ms
Time of Update rep array : 0.02 ms


filename: hugebubbles-00020.egr
Number of deleted tree edges: 30
numVert: 21198119, num_edges: 63580358 and delete batch size: 100

Total execution time of all functions: 79.6806 ms.

Function execution times:
Time of Eulerian Tour : 60.96 ms
Time of Super graph Creation : 10.64 ms
Time of Pointer Jumping : 6.25 ms
Time of update data structure : 1.08 ms
Time of PR-RST module : 0.50 ms
Time of Path Reversal : 0.21 ms
Time of Hash Table look up : 0.02 ms
Time of Update rep array : 0.02 ms


filename: hugebubbles-00020.egr
Number of deleted tree edges: 272
numVert: 21198119, num_edges: 63580358 and delete batch size: 1000

Total execution time of all functions: 99.145 ms.

Function execution times:
Time of Eulerian Tour : 64.49 ms
Time of Super graph Creation : 19.01 ms
Time of Pointer Jumping : 13.13 ms
Time of update data structure : 1.12 ms
Time of PR-RST module : 1.12 ms
Time of Path Reversal : 0.24 ms
Time of Update rep array : 0.02 ms
Time of Hash Table look up : 0.02 ms


filename: hugebubbles-00020.egr
Number of deleted tree edges: 285
numVert: 21198119, num_edges: 63580358 and delete batch size: 1000

Total execution time of all functions: 81.847 ms.

Function execution times:
Time of Eulerian Tour : 61.79 ms
Time of Super graph Creation : 11.09 ms
Time of Pointer Jumping : 6.34 ms
Time of PR-RST module : 1.19 ms
Time of update data structure : 1.12 ms
Time of Path Reversal : 0.27 ms
Time of Update rep array : 0.02 ms
Time of Hash Table look up : 0.02 ms


filename: hugebubbles-00020.egr
Number of deleted tree edges: 295
numVert: 21198119, num_edges: 63580358 and delete batch size: 1000

Total execution time of all functions: 81.4234 ms.

Function execution times:
Time of Eulerian Tour : 61.34 ms
Time of Super graph Creation : 11.10 ms
Time of Pointer Jumping : 6.37 ms
Time of PR-RST module : 1.19 ms
Time of update data structure : 1.10 ms
Time of Path Reversal : 0.27 ms
Time of Hash Table look up : 0.02 ms
Time of Update rep array : 0.02 ms


filename: hugebubbles-00020.egr
Number of deleted tree edges: 304
numVert: 21198119, num_edges: 63580358 and delete batch size: 1000

Total execution time of all functions: 82.0434 ms.

Function execution times:
Time of Eulerian Tour : 63.43 ms
Time of Super graph Creation : 10.22 ms
Time of Pointer Jumping : 5.90 ms
Time of PR-RST module : 1.12 ms
Time of update data structure : 1.09 ms
Time of Path Reversal : 0.25 ms
Time of Update rep array : 0.02 ms
Time of Hash Table look up : 0.02 ms


filename: hugebubbles-00020.egr
Number of deleted tree edges: 317
numVert: 21198119, num_edges: 63580358 and delete batch size: 1000

Total execution time of all functions: 80.7267 ms.

Function execution times:
Time of Eulerian Tour : 61.18 ms
Time of Super graph Creation : 11.08 ms
Time of Pointer Jumping : 6.34 ms
Time of update data structure : 1.11 ms
Time of PR-RST module : 0.69 ms
Time of Path Reversal : 0.28 ms
Time of Hash Table look up : 0.02 ms
Time of Update rep array : 0.02 ms
