

filename: indochina-2004.egr
Number of deleted tree edges: 414
numVert: 7414866, num_edges: 301970226 and delete batch size: 100000

Total execution time of all functions: 72.9917 ms.

Function execution times:
Time of Super graph Creation : 42.46 ms
Time of Eulerian Tour : 23.48 ms
Time of update data structure : 4.71 ms
Time of Pointer Jumping : 1.51 ms
Time of PR-RST module : 0.69 ms
Time of Path Reversal : 0.10 ms
Time of Hash Table look up : 0.02 ms
Time of Update rep array : 0.02 ms


filename: indochina-2004.egr
Number of deleted tree edges: 461
numVert: 7414866, num_edges: 301970226 and delete batch size: 100000

Total execution time of all functions: 61.1846 ms.

Function execution times:
Time of Super graph Creation : 37.13 ms
Time of Eulerian Tour : 18.76 ms
Time of update data structure : 3.27 ms
Time of Pointer Jumping : 1.27 ms
Time of PR-RST module : 0.64 ms
Time of Path Reversal : 0.08 ms
Time of Hash Table look up : 0.02 ms
Time of Update rep array : 0.02 ms


filename: indochina-2004.egr
Number of deleted tree edges: 435
numVert: 7414866, num_edges: 301970226 and delete batch size: 100000

Total execution time of all functions: 71.0874 ms.

Function execution times:
Time of Super graph Creation : 41.87 ms
Time of Eulerian Tour : 22.95 ms
Time of update data structure : 3.95 ms
Time of Pointer Jumping : 1.49 ms
Time of PR-RST module : 0.69 ms
Time of Path Reversal : 0.09 ms
Time of Hash Table look up : 0.02 ms
Time of Update rep array : 0.02 ms


filename: indochina-2004.egr
Number of deleted tree edges: 442
numVert: 7414866, num_edges: 301970226 and delete batch size: 100000

Total execution time of all functions: 70.657 ms.

Function execution times:
Time of Super graph Creation : 41.54 ms
Time of Eulerian Tour : 22.93 ms
Time of update data structure : 3.88 ms
Time of Pointer Jumping : 1.48 ms
Time of PR-RST module : 0.70 ms
Time of Path Reversal : 0.10 ms
Time of Hash Table look up : 0.02 ms
Time of Update rep array : 0.02 ms


filename: indochina-2004.egr
Number of deleted tree edges: 419
numVert: 7414866, num_edges: 301970226 and delete batch size: 100000

Total execution time of all functions: 52.4256 ms.

Function execution times:
Time of Super graph Creation : 33.51 ms
Time of Eulerian Tour : 14.45 ms
Time of update data structure : 2.71 ms
Time of Pointer Jumping : 1.08 ms
Time of PR-RST module : 0.58 ms
Time of Path Reversal : 0.07 ms
Time of Hash Table look up : 0.02 ms
Time of Update rep array : 0.01 ms


filename: indochina-2004.egr
Number of deleted tree edges: 46
numVert: 7414866, num_edges: 301970226 and delete batch size: 10000

Total execution time of all functions: 57.6527 ms.

Function execution times:
Time of Super graph Creation : 34.90 ms
Time of Eulerian Tour : 17.87 ms
Time of update data structure : 3.04 ms
Time of Pointer Jumping : 1.24 ms
Time of PR-RST module : 0.50 ms
Time of Path Reversal : 0.08 ms
Time of Update rep array : 0.02 ms
Time of Hash Table look up : 0.02 ms


filename: indochina-2004.egr
Number of deleted tree edges: 38
numVert: 7414866, num_edges: 301970226 and delete batch size: 10000

Total execution time of all functions: 68.0767 ms.

Function execution times:
Time of Super graph Creation : 39.65 ms
Time of Eulerian Tour : 22.57 ms
Time of update data structure : 3.71 ms
Time of Pointer Jumping : 1.49 ms
Time of PR-RST module : 0.54 ms
Time of Path Reversal : 0.09 ms
Time of Hash Table look up : 0.02 ms
Time of Update rep array : 0.02 ms


filename: indochina-2004.egr
Number of deleted tree edges: 52
numVert: 7414866, num_edges: 301970226 and delete batch size: 10000

Total execution time of all functions: 51.29 ms.

Function execution times:
Time of Super graph Creation : 32.68 ms
Time of Eulerian Tour : 14.36 ms
Time of update data structure : 2.61 ms
Time of Pointer Jumping : 1.08 ms
Time of PR-RST module : 0.46 ms
Time of Path Reversal : 0.07 ms
Time of Hash Table look up : 0.01 ms
Time of Update rep array : 0.01 ms


filename: indochina-2004.egr
Number of deleted tree edges: 34
numVert: 7414866, num_edges: 301970226 and delete batch size: 10000

Total execution time of all functions: 67.7686 ms.

Function execution times:
Time of Super graph Creation : 39.52 ms
Time of Eulerian Tour : 22.43 ms
Time of update data structure : 3.69 ms
Time of Pointer Jumping : 1.48 ms
Time of PR-RST module : 0.53 ms
Time of Path Reversal : 0.09 ms
Time of Hash Table look up : 0.02 ms
Time of Update rep array : 0.02 ms


filename: indochina-2004.egr
Number of deleted tree edges: 41
numVert: 7414866, num_edges: 301970226 and delete batch size: 10000

Total execution time of all functions: 51.5199 ms.

Function execution times:
Time of Super graph Creation : 32.69 ms
Time of Eulerian Tour : 14.63 ms
Time of update data structure : 2.56 ms
Time of Pointer Jumping : 1.08 ms
Time of PR-RST module : 0.46 ms
Time of Path Reversal : 0.07 ms
Time of Hash Table look up : 0.01 ms
Time of Update rep array : 0.01 ms


filename: indochina-2004.egr
Number of deleted tree edges: 0
numVert: 7414866, num_edges: 301970226 and delete batch size: 100

Total execution time of all functions: 52.168 ms.

Function execution times:
Time of Super graph Creation : 31.16 ms
Time of Eulerian Tour : 17.30 ms
Time of update data structure : 2.61 ms
Time of Pointer Jumping : 1.07 ms
Time of Update rep array : 0.01 ms


filename: indochina-2004.egr
Number of deleted tree edges: 0
numVert: 7414866, num_edges: 301970226 and delete batch size: 100

Total execution time of all functions: 62.4929 ms.

Function execution times:
Time of Super graph Creation : 34.97 ms
Time of Eulerian Tour : 22.30 ms
Time of update data structure : 3.73 ms
Time of Pointer Jumping : 1.48 ms
Time of Update rep array : 0.02 ms


filename: indochina-2004.egr
Number of deleted tree edges: 1
numVert: 7414866, num_edges: 301970226 and delete batch size: 100

Total execution time of all functions: 49.9827 ms.

Function execution times:
Time of Super graph Creation : 31.78 ms
Time of Eulerian Tour : 14.21 ms
Time of update data structure : 2.56 ms
Time of Pointer Jumping : 1.08 ms
Time of PR-RST module : 0.26 ms
Time of Path Reversal : 0.07 ms
Time of Hash Table look up : 0.01 ms
Time of Update rep array : 0.01 ms


filename: indochina-2004.egr
Number of deleted tree edges: 1
numVert: 7414866, num_edges: 301970226 and delete batch size: 100

Total execution time of all functions: 66.9241 ms.

Function execution times:
Time of Super graph Creation : 37.25 ms
Time of Eulerian Tour : 23.14 ms
Time of update data structure : 4.62 ms
Time of Pointer Jumping : 1.51 ms
Time of PR-RST module : 0.29 ms
Time of Path Reversal : 0.09 ms
Time of Update rep array : 0.02 ms
Time of Hash Table look up : 0.02 ms


filename: indochina-2004.egr
Number of deleted tree edges: 1
numVert: 7414866, num_edges: 301970226 and delete batch size: 100

Total execution time of all functions: 64.8861 ms.

Function execution times:
Time of Super graph Creation : 35.54 ms
Time of Eulerian Tour : 23.64 ms
Time of update data structure : 3.77 ms
Time of Pointer Jumping : 1.50 ms
Time of PR-RST module : 0.29 ms
Time of Path Reversal : 0.09 ms
Time of Hash Table look up : 0.03 ms
Time of Update rep array : 0.02 ms


filename: indochina-2004.egr
Number of deleted tree edges: 6
numVert: 7414866, num_edges: 301970226 and delete batch size: 1000

Total execution time of all functions: 66.4804 ms.

Function execution times:
Time of Super graph Creation : 37.35 ms
Time of Eulerian Tour : 23.34 ms
Time of update data structure : 3.76 ms
Time of Pointer Jumping : 1.51 ms
Time of PR-RST module : 0.39 ms
Time of Path Reversal : 0.09 ms
Time of Hash Table look up : 0.02 ms
Time of Update rep array : 0.02 ms


filename: indochina-2004.egr
Number of deleted tree edges: 4
numVert: 7414866, num_edges: 301970226 and delete batch size: 1000

Total execution time of all functions: 66.6421 ms.

Function execution times:
Time of Super graph Creation : 37.33 ms
Time of Eulerian Tour : 23.41 ms
Time of update data structure : 3.81 ms
Time of Pointer Jumping : 1.50 ms
Time of PR-RST module : 0.44 ms
Time of Path Reversal : 0.11 ms
Time of Update rep array : 0.02 ms
Time of Hash Table look up : 0.02 ms


filename: indochina-2004.egr
Number of deleted tree edges: 5
numVert: 7414866, num_edges: 301970226 and delete batch size: 1000

Total execution time of all functions: 68.4485 ms.

Function execution times:
Time of Super graph Creation : 39.33 ms
Time of Eulerian Tour : 23.33 ms
Time of update data structure : 3.77 ms
Time of Pointer Jumping : 1.51 ms
Time of PR-RST module : 0.38 ms
Time of Path Reversal : 0.09 ms
Time of Update rep array : 0.02 ms
Time of Hash Table look up : 0.02 ms


filename: indochina-2004.egr
Number of deleted tree edges: 2
numVert: 7414866, num_edges: 301970226 and delete batch size: 1000

Total execution time of all functions: 66.9651 ms.

Function execution times:
Time of Super graph Creation : 37.16 ms
Time of Eulerian Tour : 24.01 ms
Time of update data structure : 3.82 ms
Time of Pointer Jumping : 1.51 ms
Time of PR-RST module : 0.33 ms
Time of Path Reversal : 0.10 ms
Time of Hash Table look up : 0.02 ms
Time of Update rep array : 0.02 ms


filename: indochina-2004.egr
Number of deleted tree edges: 3
numVert: 7414866, num_edges: 301970226 and delete batch size: 1000

Total execution time of all functions: 65.5427 ms.

Function execution times:
Time of Super graph Creation : 35.77 ms
Time of Eulerian Tour : 23.94 ms
Time of update data structure : 3.92 ms
Time of Pointer Jumping : 1.51 ms
Time of PR-RST module : 0.30 ms
Time of Path Reversal : 0.08 ms
Time of Update rep array : 0.02 ms
Time of Hash Table look up : 0.01 ms
