

filename: kmer_P1a.egr
Number of deleted tree edges: 34823
numVert: 139353211, num_edges: 297845870 and delete batch size: 100000

Total execution time of all functions: 345.438 ms.

Function execution times:
Time of Eulerian Tour : 259.68 ms
Time of Pointer Jumping : 41.90 ms
Time of Super graph Creation : 36.04 ms
Time of update data structure : 3.88 ms
Time of PR-RST module : 2.24 ms
Time of Path Reversal : 1.65 ms
Time of Hash Table look up : 0.02 ms
Time of Update rep array : 0.02 ms


filename: kmer_P1a.egr
Number of deleted tree edges: 35215
numVert: 139353211, num_edges: 297845870 and delete batch size: 100000

Total execution time of all functions: 330.216 ms.

Function execution times:
Time of Eulerian Tour : 244.85 ms
Time of Pointer Jumping : 42.23 ms
Time of Super graph Creation : 36.02 ms
Time of update data structure : 3.84 ms
Time of Path Reversal : 1.64 ms
Time of PR-RST module : 1.61 ms
Time of Hash Table look up : 0.02 ms
Time of Update rep array : 0.02 ms


filename: kmer_P1a.egr
Number of deleted tree edges: 34801
numVert: 139353211, num_edges: 297845870 and delete batch size: 100000

Total execution time of all functions: 331.852 ms.

Function execution times:
Time of Eulerian Tour : 246.15 ms
Time of Pointer Jumping : 41.96 ms
Time of Super graph Creation : 36.04 ms
Time of update data structure : 3.81 ms
Time of PR-RST module : 2.23 ms
Time of Path Reversal : 1.63 ms
Time of Hash Table look up : 0.02 ms
Time of Update rep array : 0.02 ms


filename: kmer_P1a.egr
Number of deleted tree edges: 35303
numVert: 139353211, num_edges: 297845870 and delete batch size: 100000

Total execution time of all functions: 330.363 ms.

Function execution times:
Time of Eulerian Tour : 244.49 ms
Time of Pointer Jumping : 41.92 ms
Time of Super graph Creation : 36.01 ms
Time of update data structure : 3.91 ms
Time of PR-RST module : 2.25 ms
Time of Path Reversal : 1.73 ms
Time of Hash Table look up : 0.02 ms
Time of Update rep array : 0.02 ms


filename: kmer_P1a.egr
Number of deleted tree edges: 35133
numVert: 139353211, num_edges: 297845870 and delete batch size: 100000

Total execution time of all functions: 351.818 ms.

Function execution times:
Time of Eulerian Tour : 262.06 ms
Time of Pointer Jumping : 41.96 ms
Time of Super graph Creation : 39.92 ms
Time of update data structure : 3.86 ms
Time of PR-RST module : 2.26 ms
Time of Path Reversal : 1.71 ms
Time of Hash Table look up : 0.02 ms
Time of Update rep array : 0.02 ms


filename: kmer_P1a.egr
Number of deleted tree edges: 3494
numVert: 139353211, num_edges: 297845870 and delete batch size: 10000

Total execution time of all functions: 330.539 ms.

Function execution times:
Time of Eulerian Tour : 249.54 ms
Time of Pointer Jumping : 39.61 ms
Time of Super graph Creation : 35.41 ms
Time of update data structure : 3.70 ms
Time of PR-RST module : 1.26 ms
Time of Path Reversal : 0.98 ms
Time of Hash Table look up : 0.02 ms
Time of Update rep array : 0.02 ms


filename: kmer_P1a.egr
Number of deleted tree edges: 3500
numVert: 139353211, num_edges: 297845870 and delete batch size: 10000

Total execution time of all functions: 332.224 ms.

Function execution times:
Time of Eulerian Tour : 251.12 ms
Time of Pointer Jumping : 39.67 ms
Time of Super graph Creation : 35.40 ms
Time of update data structure : 3.69 ms
Time of PR-RST module : 1.25 ms
Time of Path Reversal : 1.06 ms
Time of Update rep array : 0.02 ms
Time of Hash Table look up : 0.02 ms


filename: kmer_P1a.egr
Number of deleted tree edges: 3547
numVert: 139353211, num_edges: 297845870 and delete batch size: 10000

Total execution time of all functions: 338.378 ms.

Function execution times:
Time of Eulerian Tour : 257.68 ms
Time of Pointer Jumping : 39.63 ms
Time of Super graph Creation : 35.46 ms
Time of update data structure : 3.90 ms
Time of Path Reversal : 0.93 ms
Time of PR-RST module : 0.75 ms
Time of Hash Table look up : 0.02 ms
Time of Update rep array : 0.02 ms


filename: kmer_P1a.egr
Number of deleted tree edges: 3506
numVert: 139353211, num_edges: 297845870 and delete batch size: 10000

Total execution time of all functions: 341.79 ms.

Function execution times:
Time of Eulerian Tour : 259.40 ms
Time of Pointer Jumping : 39.57 ms
Time of Super graph Creation : 36.84 ms
Time of update data structure : 3.68 ms
Time of PR-RST module : 1.27 ms
Time of Path Reversal : 0.99 ms
Time of Update rep array : 0.02 ms
Time of Hash Table look up : 0.02 ms


filename: kmer_P1a.egr
Number of deleted tree edges: 3529
numVert: 139353211, num_edges: 297845870 and delete batch size: 10000

Total execution time of all functions: 333.592 ms.

Function execution times:
Time of Eulerian Tour : 252.59 ms
Time of Pointer Jumping : 39.66 ms
Time of Super graph Creation : 35.40 ms
Time of update data structure : 3.70 ms
Time of PR-RST module : 1.26 ms
Time of Path Reversal : 0.95 ms
Time of Update rep array : 0.02 ms
Time of Hash Table look up : 0.02 ms


filename: kmer_P1a.egr
Number of deleted tree edges: 39
numVert: 139353211, num_edges: 297845870 and delete batch size: 100

Total execution time of all functions: 337.314 ms.

Function execution times:
Time of Eulerian Tour : 258.48 ms
Time of Pointer Jumping : 39.21 ms
Time of Super graph Creation : 34.60 ms
Time of update data structure : 3.77 ms
Time of Path Reversal : 0.76 ms
Time of PR-RST module : 0.46 ms
Time of Hash Table look up : 0.02 ms
Time of Update rep array : 0.02 ms


filename: kmer_P1a.egr
Number of deleted tree edges: 41
numVert: 139353211, num_edges: 297845870 and delete batch size: 100

Total execution time of all functions: 327.609 ms.

Function execution times:
Time of Eulerian Tour : 248.82 ms
Time of Pointer Jumping : 39.23 ms
Time of Super graph Creation : 34.58 ms
Time of update data structure : 3.74 ms
Time of Path Reversal : 0.76 ms
Time of PR-RST module : 0.45 ms
Time of Update rep array : 0.01 ms
Time of Hash Table look up : 0.01 ms


filename: kmer_P1a.egr
Number of deleted tree edges: 34
numVert: 139353211, num_edges: 297845870 and delete batch size: 100

Total execution time of all functions: 325.147 ms.

Function execution times:
Time of Eulerian Tour : 246.43 ms
Time of Pointer Jumping : 39.22 ms
Time of Super graph Creation : 34.59 ms
Time of update data structure : 3.66 ms
Time of Path Reversal : 0.76 ms
Time of PR-RST module : 0.45 ms
Time of Update rep array : 0.01 ms
Time of Hash Table look up : 0.01 ms


filename: kmer_P1a.egr
Number of deleted tree edges: 38
numVert: 139353211, num_edges: 297845870 and delete batch size: 100

Total execution time of all functions: 337.594 ms.

Function execution times:
Time of Eulerian Tour : 258.81 ms
Time of Pointer Jumping : 39.19 ms
Time of Super graph Creation : 34.65 ms
Time of update data structure : 3.70 ms
Time of Path Reversal : 0.76 ms
Time of PR-RST module : 0.45 ms
Time of Hash Table look up : 0.01 ms
Time of Update rep array : 0.01 ms


filename: kmer_P1a.egr
Number of deleted tree edges: 41
numVert: 139353211, num_edges: 297845870 and delete batch size: 100

Total execution time of all functions: 322.899 ms.

Function execution times:
Time of Eulerian Tour : 243.77 ms
Time of Pointer Jumping : 39.34 ms
Time of Super graph Creation : 34.66 ms
Time of update data structure : 3.88 ms
Time of Path Reversal : 0.76 ms
Time of PR-RST module : 0.46 ms
Time of Update rep array : 0.01 ms
Time of Hash Table look up : 0.01 ms


filename: kmer_P1a.egr
Number of deleted tree edges: 358
numVert: 139353211, num_edges: 297845870 and delete batch size: 1000

Total execution time of all functions: 345.16 ms.

Function execution times:
Time of Eulerian Tour : 265.49 ms
Time of Pointer Jumping : 39.26 ms
Time of Super graph Creation : 35.29 ms
Time of update data structure : 3.71 ms
Time of Path Reversal : 0.78 ms
Time of PR-RST module : 0.60 ms
Time of Hash Table look up : 0.02 ms
Time of Update rep array : 0.02 ms


filename: kmer_P1a.egr
Number of deleted tree edges: 335
numVert: 139353211, num_edges: 297845870 and delete batch size: 1000

Total execution time of all functions: 331.568 ms.

Function execution times:
Time of Eulerian Tour : 251.78 ms
Time of Pointer Jumping : 39.27 ms
Time of Super graph Creation : 35.44 ms
Time of update data structure : 3.67 ms
Time of Path Reversal : 0.78 ms
Time of PR-RST module : 0.60 ms
Time of Hash Table look up : 0.02 ms
Time of Update rep array : 0.02 ms


filename: kmer_P1a.egr
Number of deleted tree edges: 344
numVert: 139353211, num_edges: 297845870 and delete batch size: 1000

Total execution time of all functions: 322.684 ms.

Function execution times:
Time of Eulerian Tour : 242.64 ms
Time of Pointer Jumping : 39.54 ms
Time of Super graph Creation : 35.41 ms
Time of update data structure : 3.68 ms
Time of Path Reversal : 0.77 ms
Time of PR-RST module : 0.60 ms
Time of Update rep array : 0.02 ms
Time of Hash Table look up : 0.02 ms


filename: kmer_P1a.egr
Number of deleted tree edges: 356
numVert: 139353211, num_edges: 297845870 and delete batch size: 1000

Total execution time of all functions: 332.195 ms.

Function execution times:
Time of Eulerian Tour : 252.43 ms
Time of Pointer Jumping : 39.27 ms
Time of Super graph Creation : 35.30 ms
Time of update data structure : 3.81 ms
Time of Path Reversal : 0.78 ms
Time of PR-RST module : 0.58 ms
Time of Update rep array : 0.02 ms
Time of Hash Table look up : 0.02 ms


filename: kmer_P1a.egr
Number of deleted tree edges: 370
numVert: 139353211, num_edges: 297845870 and delete batch size: 1000

Total execution time of all functions: 323.655 ms.

Function execution times:
Time of Eulerian Tour : 243.80 ms
Time of Pointer Jumping : 39.26 ms
Time of Super graph Creation : 35.41 ms
Time of update data structure : 3.77 ms
Time of Path Reversal : 0.78 ms
Time of PR-RST module : 0.60 ms
Time of Hash Table look up : 0.02 ms
Time of Update rep array : 0.02 ms
