

filename: kron_g500-logn18.egr
Number of deleted tree edges: 1158
numVert: 262144, num_edges: 21269364 and delete batch size: 100000

Total execution time of all functions: 7.44604 ms.

Function execution times:
Time of Super graph Creation : 3.59 ms
Time of Eulerian Tour : 2.58 ms
Time of PR-RST module : 0.64 ms
Time of update data structure : 0.39 ms
Time of Pointer Jumping : 0.19 ms
Time of Path Reversal : 0.03 ms
Time of Hash Table look up : 0.01 ms
Time of Update rep array : 0.01 ms


filename: kron_g500-logn18.egr
Number of deleted tree edges: 1208
numVert: 262144, num_edges: 21269364 and delete batch size: 100000

Total execution time of all functions: 8.24567 ms.

Function execution times:
Time of Super graph Creation : 3.99 ms
Time of Eulerian Tour : 2.58 ms
Time of PR-RST module : 1.06 ms
Time of update data structure : 0.37 ms
Time of Pointer Jumping : 0.19 ms
Time of Path Reversal : 0.03 ms
Time of Update rep array : 0.01 ms
Time of Hash Table look up : 0.01 ms


filename: kron_g500-logn18.egr
Number of deleted tree edges: 1165
numVert: 262144, num_edges: 21269364 and delete batch size: 100000

Total execution time of all functions: 7.50963 ms.

Function execution times:
Time of Super graph Creation : 3.67 ms
Time of Eulerian Tour : 2.60 ms
Time of PR-RST module : 0.63 ms
Time of update data structure : 0.37 ms
Time of Pointer Jumping : 0.19 ms
Time of Path Reversal : 0.03 ms
Time of Hash Table look up : 0.01 ms
Time of Update rep array : 0.01 ms


filename: kron_g500-logn18.egr
Number of deleted tree edges: 1174
numVert: 262144, num_edges: 21269364 and delete batch size: 100000

Total execution time of all functions: 7.42586 ms.

Function execution times:
Time of Super graph Creation : 3.59 ms
Time of Eulerian Tour : 2.58 ms
Time of PR-RST module : 0.63 ms
Time of update data structure : 0.37 ms
Time of Pointer Jumping : 0.19 ms
Time of Path Reversal : 0.03 ms
Time of Hash Table look up : 0.01 ms
Time of Update rep array : 0.01 ms


filename: kron_g500-logn18.egr
Number of deleted tree edges: 1218
numVert: 262144, num_edges: 21269364 and delete batch size: 100000

Total execution time of all functions: 7.54539 ms.

Function execution times:
Time of Super graph Creation : 3.62 ms
Time of Eulerian Tour : 2.67 ms
Time of PR-RST module : 0.64 ms
Time of update data structure : 0.37 ms
Time of Pointer Jumping : 0.20 ms
Time of Path Reversal : 0.03 ms
Time of Hash Table look up : 0.01 ms
Time of Update rep array : 0.01 ms


filename: kron_g500-logn18.egr
Number of deleted tree edges: 127
numVert: 262144, num_edges: 21269364 and delete batch size: 10000

Total execution time of all functions: 7.19679 ms.

Function execution times:
Time of Super graph Creation : 3.59 ms
Time of Eulerian Tour : 2.59 ms
Time of PR-RST module : 0.44 ms
Time of update data structure : 0.34 ms
Time of Pointer Jumping : 0.19 ms
Time of Path Reversal : 0.03 ms
Time of Hash Table look up : 0.01 ms
Time of Update rep array : 0.01 ms


filename: kron_g500-logn18.egr
Number of deleted tree edges: 115
numVert: 262144, num_edges: 21269364 and delete batch size: 10000

Total execution time of all functions: 7.17279 ms.

Function execution times:
Time of Super graph Creation : 3.58 ms
Time of Eulerian Tour : 2.57 ms
Time of PR-RST module : 0.45 ms
Time of update data structure : 0.34 ms
Time of Pointer Jumping : 0.19 ms
Time of Path Reversal : 0.03 ms
Time of Update rep array : 0.01 ms
Time of Hash Table look up : 0.01 ms


filename: kron_g500-logn18.egr
Number of deleted tree edges: 121
numVert: 262144, num_edges: 21269364 and delete batch size: 10000

Total execution time of all functions: 7.18234 ms.

Function execution times:
Time of Super graph Creation : 3.59 ms
Time of Eulerian Tour : 2.57 ms
Time of PR-RST module : 0.44 ms
Time of update data structure : 0.33 ms
Time of Pointer Jumping : 0.19 ms
Time of Path Reversal : 0.03 ms
Time of Update rep array : 0.01 ms
Time of Hash Table look up : 0.01 ms


filename: kron_g500-logn18.egr
Number of deleted tree edges: 95
numVert: 262144, num_edges: 21269364 and delete batch size: 10000

Total execution time of all functions: 7.25699 ms.

Function execution times:
Time of Super graph Creation : 3.58 ms
Time of Eulerian Tour : 2.65 ms
Time of PR-RST module : 0.44 ms
Time of update data structure : 0.35 ms
Time of Pointer Jumping : 0.19 ms
Time of Path Reversal : 0.03 ms
Time of Hash Table look up : 0.01 ms
Time of Update rep array : 0.01 ms


filename: kron_g500-logn18.egr
Number of deleted tree edges: 122
numVert: 262144, num_edges: 21269364 and delete batch size: 10000

Total execution time of all functions: 7.17475 ms.

Function execution times:
Time of Super graph Creation : 3.59 ms
Time of Eulerian Tour : 2.55 ms
Time of PR-RST module : 0.44 ms
Time of update data structure : 0.35 ms
Time of Pointer Jumping : 0.19 ms
Time of Path Reversal : 0.03 ms
Time of Hash Table look up : 0.01 ms
Time of Update rep array : 0.01 ms


filename: kron_g500-logn18.egr
Number of deleted tree edges: 0
numVert: 262144, num_edges: 21269364 and delete batch size: 100

Total execution time of all functions: 6.52821 ms.

Function execution times:
Time of Super graph Creation : 3.39 ms
Time of Eulerian Tour : 2.61 ms
Time of update data structure : 0.33 ms
Time of Pointer Jumping : 0.18 ms
Time of Update rep array : 0.01 ms


filename: kron_g500-logn18.egr
Number of deleted tree edges: 1
numVert: 262144, num_edges: 21269364 and delete batch size: 100

Total execution time of all functions: 6.82307 ms.

Function execution times:
Time of Super graph Creation : 3.44 ms
Time of Eulerian Tour : 2.60 ms
Time of update data structure : 0.32 ms
Time of PR-RST module : 0.22 ms
Time of Pointer Jumping : 0.19 ms
Time of Path Reversal : 0.03 ms
Time of Hash Table look up : 0.01 ms
Time of Update rep array : 0.01 ms


filename: kron_g500-logn18.egr
Number of deleted tree edges: 2
numVert: 262144, num_edges: 21269364 and delete batch size: 100

Total execution time of all functions: 6.8492 ms.

Function execution times:
Time of Super graph Creation : 3.47 ms
Time of Eulerian Tour : 2.55 ms
Time of update data structure : 0.33 ms
Time of PR-RST module : 0.26 ms
Time of Pointer Jumping : 0.19 ms
Time of Path Reversal : 0.03 ms
Time of Hash Table look up : 0.01 ms
Time of Update rep array : 0.01 ms


filename: kron_g500-logn18.egr
Number of deleted tree edges: 2
numVert: 262144, num_edges: 21269364 and delete batch size: 100

Total execution time of all functions: 6.88477 ms.

Function execution times:
Time of Super graph Creation : 3.52 ms
Time of Eulerian Tour : 2.55 ms
Time of update data structure : 0.32 ms
Time of PR-RST module : 0.26 ms
Time of Pointer Jumping : 0.19 ms
Time of Path Reversal : 0.03 ms
Time of Hash Table look up : 0.01 ms
Time of Update rep array : 0.01 ms


filename: kron_g500-logn18.egr
Number of deleted tree edges: 2
numVert: 262144, num_edges: 21269364 and delete batch size: 100

Total execution time of all functions: 6.9183 ms.

Function execution times:
Time of Super graph Creation : 3.46 ms
Time of Eulerian Tour : 2.64 ms
Time of update data structure : 0.33 ms
Time of PR-RST module : 0.26 ms
Time of Pointer Jumping : 0.19 ms
Time of Path Reversal : 0.03 ms
Time of Hash Table look up : 0.01 ms
Time of Update rep array : 0.01 ms


filename: kron_g500-logn18.egr
Number of deleted tree edges: 17
numVert: 262144, num_edges: 21269364 and delete batch size: 1000

Total execution time of all functions: 7.05451 ms.

Function execution times:
Time of Super graph Creation : 3.47 ms
Time of Eulerian Tour : 2.63 ms
Time of PR-RST module : 0.37 ms
Time of update data structure : 0.34 ms
Time of Pointer Jumping : 0.19 ms
Time of Path Reversal : 0.03 ms
Time of Hash Table look up : 0.01 ms
Time of Update rep array : 0.01 ms


filename: kron_g500-logn18.egr
Number of deleted tree edges: 12
numVert: 262144, num_edges: 21269364 and delete batch size: 1000

Total execution time of all functions: 6.97444 ms.

Function execution times:
Time of Super graph Creation : 3.46 ms
Time of Eulerian Tour : 2.62 ms
Time of PR-RST module : 0.33 ms
Time of update data structure : 0.33 ms
Time of Pointer Jumping : 0.19 ms
Time of Path Reversal : 0.03 ms
Time of Hash Table look up : 0.01 ms
Time of Update rep array : 0.01 ms


filename: kron_g500-logn18.egr
Number of deleted tree edges: 16
numVert: 262144, num_edges: 21269364 and delete batch size: 1000

Total execution time of all functions: 7.01477 ms.

Function execution times:
Time of Super graph Creation : 3.48 ms
Time of Eulerian Tour : 2.60 ms
Time of PR-RST module : 0.37 ms
Time of update data structure : 0.34 ms
Time of Pointer Jumping : 0.18 ms
Time of Path Reversal : 0.03 ms
Time of Hash Table look up : 0.01 ms
Time of Update rep array : 0.01 ms


filename: kron_g500-logn18.egr
Number of deleted tree edges: 14
numVert: 262144, num_edges: 21269364 and delete batch size: 1000

Total execution time of all functions: 6.98221 ms.

Function execution times:
Time of Super graph Creation : 3.51 ms
Time of Eulerian Tour : 2.56 ms
Time of update data structure : 0.34 ms
Time of PR-RST module : 0.33 ms
Time of Pointer Jumping : 0.19 ms
Time of Path Reversal : 0.03 ms
Time of Update rep array : 0.01 ms
Time of Hash Table look up : 0.01 ms


filename: kron_g500-logn18.egr
Number of deleted tree edges: 20
numVert: 262144, num_edges: 21269364 and delete batch size: 1000

Total execution time of all functions: 7.01959 ms.

Function execution times:
Time of Super graph Creation : 3.45 ms
Time of Eulerian Tour : 2.56 ms
Time of update data structure : 0.40 ms
Time of PR-RST module : 0.37 ms
Time of Pointer Jumping : 0.20 ms
Time of Path Reversal : 0.03 ms
Time of Hash Table look up : 0.01 ms
Time of Update rep array : 0.01 ms
