

filename: ljournal-2008.egr
Number of deleted tree edges: 5049
numVert: 5363260, num_edges: 99028690 and delete batch size: 100000

Total execution time of all functions: 30.2366 ms.

Function execution times:
Time of Eulerian Tour : 14.94 ms
Time of Super graph Creation : 12.53 ms
Time of update data structure : 1.17 ms
Time of PR-RST module : 0.81 ms
Time of Pointer Jumping : 0.68 ms
Time of Path Reversal : 0.08 ms
Time of Hash Table look up : 0.02 ms
Time of Update rep array : 0.01 ms


filename: ljournal-2008.egr
Number of deleted tree edges: 5054
numVert: 5363260, num_edges: 99028690 and delete batch size: 100000

Total execution time of all functions: 31.2568 ms.

Function execution times:
Time of Eulerian Tour : 15.19 ms
Time of Super graph Creation : 12.77 ms
Time of PR-RST module : 1.36 ms
Time of update data structure : 1.16 ms
Time of Pointer Jumping : 0.68 ms
Time of Path Reversal : 0.08 ms
Time of Update rep array : 0.02 ms
Time of Hash Table look up : 0.01 ms


filename: ljournal-2008.egr
Number of deleted tree edges: 4952
numVert: 5363260, num_edges: 99028690 and delete batch size: 100000

Total execution time of all functions: 30.7808 ms.

Function execution times:
Time of Eulerian Tour : 15.00 ms
Time of Super graph Creation : 12.48 ms
Time of PR-RST module : 1.36 ms
Time of update data structure : 1.16 ms
Time of Pointer Jumping : 0.68 ms
Time of Path Reversal : 0.08 ms
Time of Update rep array : 0.02 ms
Time of Hash Table look up : 0.01 ms


filename: ljournal-2008.egr
Number of deleted tree edges: 5084
numVert: 5363260, num_edges: 99028690 and delete batch size: 100000

Total execution time of all functions: 32.1164 ms.

Function execution times:
Time of Eulerian Tour : 16.21 ms
Time of Super graph Creation : 13.03 ms
Time of update data structure : 1.15 ms
Time of PR-RST module : 0.91 ms
Time of Pointer Jumping : 0.68 ms
Time of Path Reversal : 0.09 ms
Time of Hash Table look up : 0.02 ms
Time of Update rep array : 0.02 ms


filename: ljournal-2008.egr
Number of deleted tree edges: 5140
numVert: 5363260, num_edges: 99028690 and delete batch size: 100000

Total execution time of all functions: 43.2915 ms.

Function execution times:
Time of Eulerian Tour : 22.44 ms
Time of Super graph Creation : 17.03 ms
Time of update data structure : 1.63 ms
Time of Pointer Jumping : 1.03 ms
Time of PR-RST module : 1.02 ms
Time of Path Reversal : 0.11 ms
Time of Hash Table look up : 0.02 ms
Time of Update rep array : 0.02 ms


filename: ljournal-2008.egr
Number of deleted tree edges: 502
numVert: 5363260, num_edges: 99028690 and delete batch size: 10000

Total execution time of all functions: 29.8238 ms.

Function execution times:
Time of Eulerian Tour : 15.26 ms
Time of Super graph Creation : 12.13 ms
Time of update data structure : 1.10 ms
Time of Pointer Jumping : 0.66 ms
Time of PR-RST module : 0.58 ms
Time of Path Reversal : 0.06 ms
Time of Hash Table look up : 0.02 ms
Time of Update rep array : 0.01 ms


filename: ljournal-2008.egr
Number of deleted tree edges: 499
numVert: 5363260, num_edges: 99028690 and delete batch size: 10000

Total execution time of all functions: 29.3844 ms.

Function execution times:
Time of Eulerian Tour : 14.81 ms
Time of Super graph Creation : 12.14 ms
Time of update data structure : 1.10 ms
Time of Pointer Jumping : 0.65 ms
Time of PR-RST module : 0.59 ms
Time of Path Reversal : 0.06 ms
Time of Hash Table look up : 0.02 ms
Time of Update rep array : 0.01 ms


filename: ljournal-2008.egr
Number of deleted tree edges: 542
numVert: 5363260, num_edges: 99028690 and delete batch size: 10000

Total execution time of all functions: 29.6398 ms.

Function execution times:
Time of Eulerian Tour : 14.93 ms
Time of Super graph Creation : 12.23 ms
Time of update data structure : 1.09 ms
Time of Pointer Jumping : 0.66 ms
Time of PR-RST module : 0.63 ms
Time of Path Reversal : 0.06 ms
Time of Hash Table look up : 0.02 ms
Time of Update rep array : 0.01 ms


filename: ljournal-2008.egr
Number of deleted tree edges: 510
numVert: 5363260, num_edges: 99028690 and delete batch size: 10000

Total execution time of all functions: 41.8901 ms.

Function execution times:
Time of Eulerian Tour : 22.79 ms
Time of Super graph Creation : 15.81 ms
Time of update data structure : 1.49 ms
Time of Pointer Jumping : 0.98 ms
Time of PR-RST module : 0.70 ms
Time of Path Reversal : 0.09 ms
Time of Hash Table look up : 0.02 ms
Time of Update rep array : 0.02 ms


filename: ljournal-2008.egr
Number of deleted tree edges: 518
numVert: 5363260, num_edges: 99028690 and delete batch size: 10000

Total execution time of all functions: 29.245 ms.

Function execution times:
Time of Eulerian Tour : 14.59 ms
Time of Super graph Creation : 12.17 ms
Time of update data structure : 1.11 ms
Time of Pointer Jumping : 0.66 ms
Time of PR-RST module : 0.62 ms
Time of Path Reversal : 0.06 ms
Time of Hash Table look up : 0.02 ms
Time of Update rep array : 0.01 ms


filename: ljournal-2008.egr
Number of deleted tree edges: 10
numVert: 5363260, num_edges: 99028690 and delete batch size: 100

Total execution time of all functions: 28.5838 ms.

Function execution times:
Time of Eulerian Tour : 14.58 ms
Time of Super graph Creation : 11.82 ms
Time of update data structure : 1.07 ms
Time of Pointer Jumping : 0.65 ms
Time of PR-RST module : 0.37 ms
Time of Path Reversal : 0.06 ms
Time of Hash Table look up : 0.01 ms
Time of Update rep array : 0.01 ms


filename: ljournal-2008.egr
Number of deleted tree edges: 8
numVert: 5363260, num_edges: 99028690 and delete batch size: 100

Total execution time of all functions: 28.5676 ms.

Function execution times:
Time of Eulerian Tour : 14.53 ms
Time of Super graph Creation : 11.83 ms
Time of update data structure : 1.09 ms
Time of Pointer Jumping : 0.65 ms
Time of PR-RST module : 0.37 ms
Time of Path Reversal : 0.06 ms
Time of Hash Table look up : 0.01 ms
Time of Update rep array : 0.01 ms


filename: ljournal-2008.egr
Number of deleted tree edges: 4
numVert: 5363260, num_edges: 99028690 and delete batch size: 100

Total execution time of all functions: 28.6043 ms.

Function execution times:
Time of Eulerian Tour : 14.63 ms
Time of Super graph Creation : 11.85 ms
Time of update data structure : 1.06 ms
Time of Pointer Jumping : 0.65 ms
Time of PR-RST module : 0.33 ms
Time of Path Reversal : 0.06 ms
Time of Hash Table look up : 0.01 ms
Time of Update rep array : 0.01 ms


filename: ljournal-2008.egr
Number of deleted tree edges: 6
numVert: 5363260, num_edges: 99028690 and delete batch size: 100

Total execution time of all functions: 28.657 ms.

Function execution times:
Time of Eulerian Tour : 14.59 ms
Time of Super graph Creation : 11.85 ms
Time of update data structure : 1.13 ms
Time of Pointer Jumping : 0.66 ms
Time of PR-RST module : 0.33 ms
Time of Path Reversal : 0.06 ms
Time of Hash Table look up : 0.01 ms
Time of Update rep array : 0.01 ms


filename: ljournal-2008.egr
Number of deleted tree edges: 4
numVert: 5363260, num_edges: 99028690 and delete batch size: 100

Total execution time of all functions: 28.7608 ms.

Function execution times:
Time of Eulerian Tour : 14.68 ms
Time of Super graph Creation : 11.93 ms
Time of update data structure : 1.07 ms
Time of Pointer Jumping : 0.66 ms
Time of PR-RST module : 0.33 ms
Time of Path Reversal : 0.06 ms
Time of Update rep array : 0.01 ms
Time of Hash Table look up : 0.01 ms


filename: ljournal-2008.egr
Number of deleted tree edges: 39
numVert: 5363260, num_edges: 99028690 and delete batch size: 1000

Total execution time of all functions: 29.2545 ms.

Function execution times:
Time of Eulerian Tour : 15.11 ms
Time of Super graph Creation : 11.86 ms
Time of update data structure : 1.09 ms
Time of Pointer Jumping : 0.65 ms
Time of PR-RST module : 0.46 ms
Time of Path Reversal : 0.06 ms
Time of Hash Table look up : 0.01 ms
Time of Update rep array : 0.01 ms


filename: ljournal-2008.egr
Number of deleted tree edges: 50
numVert: 5363260, num_edges: 99028690 and delete batch size: 1000

Total execution time of all functions: 29.023 ms.

Function execution times:
Time of Eulerian Tour : 14.88 ms
Time of Super graph Creation : 11.86 ms
Time of update data structure : 1.09 ms
Time of Pointer Jumping : 0.65 ms
Time of PR-RST module : 0.46 ms
Time of Path Reversal : 0.06 ms
Time of Hash Table look up : 0.01 ms
Time of Update rep array : 0.01 ms


filename: ljournal-2008.egr
Number of deleted tree edges: 49
numVert: 5363260, num_edges: 99028690 and delete batch size: 1000

Total execution time of all functions: 28.7488 ms.

Function execution times:
Time of Eulerian Tour : 14.60 ms
Time of Super graph Creation : 11.87 ms
Time of update data structure : 1.08 ms
Time of Pointer Jumping : 0.66 ms
Time of PR-RST module : 0.46 ms
Time of Path Reversal : 0.06 ms
Time of Update rep array : 0.01 ms
Time of Hash Table look up : 0.01 ms


filename: ljournal-2008.egr
Number of deleted tree edges: 64
numVert: 5363260, num_edges: 99028690 and delete batch size: 1000

Total execution time of all functions: 29.0787 ms.

Function execution times:
Time of Eulerian Tour : 14.62 ms
Time of Super graph Creation : 12.12 ms
Time of update data structure : 1.09 ms
Time of Pointer Jumping : 0.65 ms
Time of PR-RST module : 0.50 ms
Time of Path Reversal : 0.06 ms
Time of Hash Table look up : 0.02 ms
Time of Update rep array : 0.01 ms


filename: ljournal-2008.egr
Number of deleted tree edges: 45
numVert: 5363260, num_edges: 99028690 and delete batch size: 1000

Total execution time of all functions: 29.2255 ms.

Function execution times:
Time of Eulerian Tour : 15.08 ms
Time of Super graph Creation : 11.86 ms
Time of update data structure : 1.09 ms
Time of Pointer Jumping : 0.65 ms
Time of PR-RST module : 0.46 ms
Time of Path Reversal : 0.06 ms
Time of Hash Table look up : 0.02 ms
Time of Update rep array : 0.01 ms
