

filename: rgg_n_2_23_s0.egr
Number of deleted tree edges: 11691
numVert: 8388608, num_edges: 127002794 and delete batch size: 100000

Total execution time of all functions: 62.008 ms.

Function execution times:
Time of Eulerian Tour : 31.02 ms
Time of Super graph Creation : 21.71 ms
Time of PR-RST module : 4.74 ms
Time of Pointer Jumping : 2.35 ms
Time of update data structure : 1.90 ms
Time of Path Reversal : 0.25 ms
Time of Hash Table look up : 0.02 ms
Time of Update rep array : 0.02 ms


filename: rgg_n_2_23_s0.egr
Number of deleted tree edges: 11650
numVert: 8388608, num_edges: 127002794 and delete batch size: 100000

Total execution time of all functions: 61.3039 ms.

Function execution times:
Time of Eulerian Tour : 29.56 ms
Time of Super graph Creation : 21.50 ms
Time of PR-RST module : 5.66 ms
Time of Pointer Jumping : 2.36 ms
Time of update data structure : 1.90 ms
Time of Path Reversal : 0.25 ms
Time of Update rep array : 0.03 ms
Time of Hash Table look up : 0.02 ms


filename: rgg_n_2_23_s0.egr
Number of deleted tree edges: 11588
numVert: 8388608, num_edges: 127002794 and delete batch size: 100000

Total execution time of all functions: 62.6648 ms.

Function execution times:
Time of Eulerian Tour : 31.72 ms
Time of Super graph Creation : 21.48 ms
Time of PR-RST module : 4.81 ms
Time of Pointer Jumping : 2.35 ms
Time of update data structure : 2.02 ms
Time of Path Reversal : 0.25 ms
Time of Hash Table look up : 0.02 ms
Time of Update rep array : 0.02 ms


filename: rgg_n_2_23_s0.egr
Number of deleted tree edges: 11689
numVert: 8388608, num_edges: 127002794 and delete batch size: 100000

Total execution time of all functions: 63.2512 ms.

Function execution times:
Time of Eulerian Tour : 32.19 ms
Time of Super graph Creation : 21.61 ms
Time of PR-RST module : 4.76 ms
Time of Pointer Jumping : 2.36 ms
Time of update data structure : 2.03 ms
Time of Path Reversal : 0.25 ms
Time of Hash Table look up : 0.02 ms
Time of Update rep array : 0.02 ms


filename: rgg_n_2_23_s0.egr
Number of deleted tree edges: 11717
numVert: 8388608, num_edges: 127002794 and delete batch size: 100000

Total execution time of all functions: 60.5136 ms.

Function execution times:
Time of Eulerian Tour : 31.03 ms
Time of Super graph Creation : 21.52 ms
Time of PR-RST module : 3.38 ms
Time of Pointer Jumping : 2.36 ms
Time of update data structure : 1.93 ms
Time of Path Reversal : 0.25 ms
Time of Hash Table look up : 0.02 ms
Time of Update rep array : 0.02 ms


filename: rgg_n_2_23_s0.egr
Number of deleted tree edges: 1157
numVert: 8388608, num_edges: 127002794 and delete batch size: 10000

Total execution time of all functions: 56.2901 ms.

Function execution times:
Time of Eulerian Tour : 30.15 ms
Time of Super graph Creation : 19.84 ms
Time of Pointer Jumping : 2.19 ms
Time of PR-RST module : 2.03 ms
Time of update data structure : 1.86 ms
Time of Path Reversal : 0.17 ms
Time of Hash Table look up : 0.02 ms
Time of Update rep array : 0.02 ms


filename: rgg_n_2_23_s0.egr
Number of deleted tree edges: 1118
numVert: 8388608, num_edges: 127002794 and delete batch size: 10000

Total execution time of all functions: 57.7451 ms.

Function execution times:
Time of Eulerian Tour : 31.56 ms
Time of Super graph Creation : 19.90 ms
Time of Pointer Jumping : 2.19 ms
Time of PR-RST module : 2.01 ms
Time of update data structure : 1.88 ms
Time of Path Reversal : 0.17 ms
Time of Hash Table look up : 0.02 ms
Time of Update rep array : 0.02 ms


filename: rgg_n_2_23_s0.egr
Number of deleted tree edges: 1173
numVert: 8388608, num_edges: 127002794 and delete batch size: 10000

Total execution time of all functions: 57.5516 ms.

Function execution times:
Time of Eulerian Tour : 31.83 ms
Time of Super graph Creation : 19.96 ms
Time of Pointer Jumping : 2.18 ms
Time of update data structure : 1.83 ms
Time of PR-RST module : 1.50 ms
Time of Path Reversal : 0.19 ms
Time of Update rep array : 0.03 ms
Time of Hash Table look up : 0.03 ms


filename: rgg_n_2_23_s0.egr
Number of deleted tree edges: 1164
numVert: 8388608, num_edges: 127002794 and delete batch size: 10000

Total execution time of all functions: 57.0937 ms.

Function execution times:
Time of Eulerian Tour : 30.85 ms
Time of Super graph Creation : 19.98 ms
Time of Pointer Jumping : 2.19 ms
Time of PR-RST module : 2.04 ms
Time of update data structure : 1.82 ms
Time of Path Reversal : 0.17 ms
Time of Hash Table look up : 0.02 ms
Time of Update rep array : 0.02 ms


filename: rgg_n_2_23_s0.egr
Number of deleted tree edges: 1173
numVert: 8388608, num_edges: 127002794 and delete batch size: 10000

Total execution time of all functions: 58.4333 ms.

Function execution times:
Time of Eulerian Tour : 32.68 ms
Time of Super graph Creation : 20.04 ms
Time of Pointer Jumping : 2.19 ms
Time of update data structure : 1.86 ms
Time of PR-RST module : 1.44 ms
Time of Path Reversal : 0.19 ms
Time of Hash Table look up : 0.02 ms
Time of Update rep array : 0.02 ms


filename: rgg_n_2_23_s0.egr
Number of deleted tree edges: 10
numVert: 8388608, num_edges: 127002794 and delete batch size: 100

Total execution time of all functions: 55.0779 ms.

Function execution times:
Time of Eulerian Tour : 31.90 ms
Time of Super graph Creation : 18.64 ms
Time of Pointer Jumping : 2.09 ms
Time of update data structure : 1.85 ms
Time of PR-RST module : 0.45 ms
Time of Path Reversal : 0.10 ms
Time of Hash Table look up : 0.02 ms
Time of Update rep array : 0.02 ms


filename: rgg_n_2_23_s0.egr
Number of deleted tree edges: 11
numVert: 8388608, num_edges: 127002794 and delete batch size: 100

Total execution time of all functions: 54.0061 ms.

Function execution times:
Time of Eulerian Tour : 31.14 ms
Time of Super graph Creation : 18.43 ms
Time of Pointer Jumping : 2.09 ms
Time of update data structure : 1.78 ms
Time of PR-RST module : 0.44 ms
Time of Path Reversal : 0.10 ms
Time of Hash Table look up : 0.02 ms
Time of Update rep array : 0.02 ms


filename: rgg_n_2_23_s0.egr
Number of deleted tree edges: 11
numVert: 8388608, num_edges: 127002794 and delete batch size: 100

Total execution time of all functions: 55.0741 ms.

Function execution times:
Time of Eulerian Tour : 31.17 ms
Time of Super graph Creation : 18.50 ms
Time of update data structure : 2.64 ms
Time of Pointer Jumping : 2.09 ms
Time of PR-RST module : 0.53 ms
Time of Path Reversal : 0.11 ms
Time of Update rep array : 0.03 ms
Time of Hash Table look up : 0.02 ms


filename: rgg_n_2_23_s0.egr
Number of deleted tree edges: 13
numVert: 8388608, num_edges: 127002794 and delete batch size: 100

Total execution time of all functions: 53.8858 ms.

Function execution times:
Time of Eulerian Tour : 30.75 ms
Time of Super graph Creation : 18.49 ms
Time of Pointer Jumping : 2.09 ms
Time of update data structure : 1.89 ms
Time of PR-RST module : 0.50 ms
Time of Path Reversal : 0.12 ms
Time of Update rep array : 0.03 ms
Time of Hash Table look up : 0.02 ms


filename: rgg_n_2_23_s0.egr
Number of deleted tree edges: 9
numVert: 8388608, num_edges: 127002794 and delete batch size: 100

Total execution time of all functions: 52.6873 ms.

Function execution times:
Time of Eulerian Tour : 29.77 ms
Time of Super graph Creation : 18.47 ms
Time of Pointer Jumping : 2.09 ms
Time of update data structure : 1.76 ms
Time of PR-RST module : 0.45 ms
Time of Path Reversal : 0.10 ms
Time of Update rep array : 0.02 ms
Time of Hash Table look up : 0.02 ms


filename: rgg_n_2_23_s0.egr
Number of deleted tree edges: 134
numVert: 8388608, num_edges: 127002794 and delete batch size: 1000

Total execution time of all functions: 54.7871 ms.

Function execution times:
Time of Eulerian Tour : 30.18 ms
Time of Super graph Creation : 19.81 ms
Time of Pointer Jumping : 2.11 ms
Time of update data structure : 1.89 ms
Time of PR-RST module : 0.65 ms
Time of Path Reversal : 0.12 ms
Time of Update rep array : 0.02 ms
Time of Hash Table look up : 0.02 ms


filename: rgg_n_2_23_s0.egr
Number of deleted tree edges: 108
numVert: 8388608, num_edges: 127002794 and delete batch size: 1000

Total execution time of all functions: 54.0345 ms.

Function execution times:
Time of Eulerian Tour : 29.73 ms
Time of Super graph Creation : 19.63 ms
Time of Pointer Jumping : 2.11 ms
Time of update data structure : 1.82 ms
Time of PR-RST module : 0.60 ms
Time of Path Reversal : 0.11 ms
Time of Hash Table look up : 0.02 ms
Time of Update rep array : 0.02 ms


filename: rgg_n_2_23_s0.egr
Number of deleted tree edges: 100
numVert: 8388608, num_edges: 127002794 and delete batch size: 1000

Total execution time of all functions: 54.7796 ms.

Function execution times:
Time of Eulerian Tour : 30.36 ms
Time of Super graph Creation : 19.76 ms
Time of Pointer Jumping : 2.11 ms
Time of update data structure : 1.82 ms
Time of PR-RST module : 0.59 ms
Time of Path Reversal : 0.12 ms
Time of Hash Table look up : 0.02 ms
Time of Update rep array : 0.02 ms


filename: rgg_n_2_23_s0.egr
Number of deleted tree edges: 123
numVert: 8388608, num_edges: 127002794 and delete batch size: 1000

Total execution time of all functions: 54.0951 ms.

Function execution times:
Time of Eulerian Tour : 29.70 ms
Time of Super graph Creation : 19.34 ms
Time of Pointer Jumping : 2.11 ms
Time of update data structure : 1.81 ms
Time of PR-RST module : 0.96 ms
Time of Path Reversal : 0.12 ms
Time of Update rep array : 0.03 ms
Time of Hash Table look up : 0.02 ms


filename: rgg_n_2_23_s0.egr
Number of deleted tree edges: 104
numVert: 8388608, num_edges: 127002794 and delete batch size: 1000

Total execution time of all functions: 54.2677 ms.

Function execution times:
Time of Eulerian Tour : 29.97 ms
Time of Super graph Creation : 19.59 ms
Time of Pointer Jumping : 2.11 ms
Time of update data structure : 1.85 ms
Time of PR-RST module : 0.60 ms
Time of Path Reversal : 0.11 ms
Time of Hash Table look up : 0.02 ms
Time of Update rep array : 0.02 ms
