

filename: uk-2005.egr
Number of deleted tree edges: 1156
numVert: 39459925, num_edges: 1566080060 and delete batch size: 100000

Total execution time of all functions: 240.668 ms.

Function execution times:
Time of Super graph Creation : 168.77 ms
Time of Eulerian Tour : 46.86 ms
Time of update data structure : 18.09 ms
Time of Pointer Jumping : 5.97 ms
Time of PR-RST module : 0.70 ms
Time of Path Reversal : 0.24 ms
Time of Hash Table look up : 0.02 ms
Time of Update rep array : 0.02 ms


filename: uk-2005.egr
Number of deleted tree edges: 1271
numVert: 39459925, num_edges: 1566080060 and delete batch size: 100000

Total execution time of all functions: 241.352 ms.

Function execution times:
Time of Super graph Creation : 169.43 ms
Time of Eulerian Tour : 46.98 ms
Time of update data structure : 18.00 ms
Time of Pointer Jumping : 5.97 ms
Time of PR-RST module : 0.70 ms
Time of Path Reversal : 0.24 ms
Time of Hash Table look up : 0.02 ms
Time of Update rep array : 0.02 ms


filename: uk-2005.egr
Number of deleted tree edges: 1233
numVert: 39459925, num_edges: 1566080060 and delete batch size: 100000

Total execution time of all functions: 248.712 ms.

Function execution times:
Time of Super graph Creation : 175.35 ms
Time of Eulerian Tour : 51.44 ms
Time of update data structure : 14.26 ms
Time of Pointer Jumping : 6.68 ms
Time of PR-RST module : 0.71 ms
Time of Path Reversal : 0.24 ms
Time of Hash Table look up : 0.02 ms
Time of Update rep array : 0.02 ms


filename: uk-2005.egr
Number of deleted tree edges: 1214
numVert: 39459925, num_edges: 1566080060 and delete batch size: 100000

Total execution time of all functions: 250.413 ms.

Function execution times:
Time of Super graph Creation : 171.10 ms
Time of Eulerian Tour : 54.17 ms
Time of update data structure : 18.20 ms
Time of Pointer Jumping : 5.97 ms
Time of PR-RST module : 0.71 ms
Time of Path Reversal : 0.24 ms
Time of Hash Table look up : 0.02 ms
Time of Update rep array : 0.02 ms


filename: uk-2005.egr
Number of deleted tree edges: 1204
numVert: 39459925, num_edges: 1566080060 and delete batch size: 100000

Total execution time of all functions: 235.917 ms.

Function execution times:
Time of Super graph Creation : 172.57 ms
Time of Eulerian Tour : 44.18 ms
Time of update data structure : 12.23 ms
Time of Pointer Jumping : 5.96 ms
Time of PR-RST module : 0.70 ms
Time of Path Reversal : 0.24 ms
Time of Update rep array : 0.02 ms
Time of Hash Table look up : 0.02 ms


filename: uk-2005.egr
Number of deleted tree edges: 117
numVert: 39459925, num_edges: 1566080060 and delete batch size: 10000

Total execution time of all functions: 232.06 ms.

Function execution times:
Time of Super graph Creation : 168.81 ms
Time of Eulerian Tour : 44.06 ms
Time of update data structure : 12.37 ms
Time of Pointer Jumping : 5.97 ms
Time of PR-RST module : 0.55 ms
Time of Path Reversal : 0.25 ms
Time of Update rep array : 0.03 ms
Time of Hash Table look up : 0.02 ms


filename: uk-2005.egr
Number of deleted tree edges: 144
numVert: 39459925, num_edges: 1566080060 and delete batch size: 10000

Total execution time of all functions: 235.646 ms.

Function execution times:
Time of Super graph Creation : 172.40 ms
Time of Eulerian Tour : 44.35 ms
Time of update data structure : 12.11 ms
Time of Pointer Jumping : 5.97 ms
Time of PR-RST module : 0.54 ms
Time of Path Reversal : 0.24 ms
Time of Hash Table look up : 0.01 ms
Time of Update rep array : 0.01 ms


filename: uk-2005.egr
Number of deleted tree edges: 111
numVert: 39459925, num_edges: 1566080060 and delete batch size: 10000

Total execution time of all functions: 234.299 ms.

Function execution times:
Time of Super graph Creation : 169.18 ms
Time of Eulerian Tour : 45.94 ms
Time of update data structure : 12.44 ms
Time of Pointer Jumping : 5.97 ms
Time of PR-RST module : 0.50 ms
Time of Path Reversal : 0.24 ms
Time of Hash Table look up : 0.01 ms
Time of Update rep array : 0.01 ms


filename: uk-2005.egr
Number of deleted tree edges: 95
numVert: 39459925, num_edges: 1566080060 and delete batch size: 10000

Total execution time of all functions: 248.08 ms.

Function execution times:
Time of Super graph Creation : 170.72 ms
Time of Eulerian Tour : 52.48 ms
Time of update data structure : 18.15 ms
Time of Pointer Jumping : 5.97 ms
Time of PR-RST module : 0.50 ms
Time of Path Reversal : 0.24 ms
Time of Hash Table look up : 0.02 ms
Time of Update rep array : 0.01 ms


filename: uk-2005.egr
Number of deleted tree edges: 130
numVert: 39459925, num_edges: 1566080060 and delete batch size: 10000

Total execution time of all functions: 240.872 ms.

Function execution times:
Time of Super graph Creation : 169.01 ms
Time of Eulerian Tour : 47.00 ms
Time of update data structure : 18.08 ms
Time of Pointer Jumping : 5.97 ms
Time of PR-RST module : 0.55 ms
Time of Path Reversal : 0.24 ms
Time of Hash Table look up : 0.02 ms
Time of Update rep array : 0.01 ms


filename: uk-2005.egr
Number of deleted tree edges: 0
numVert: 39459925, num_edges: 1566080060 and delete batch size: 100

Total execution time of all functions: 220.717 ms.

Function execution times:
Time of Super graph Creation : 157.54 ms
Time of Eulerian Tour : 45.05 ms
Time of update data structure : 12.15 ms
Time of Pointer Jumping : 5.97 ms
Time of Update rep array : 0.01 ms


filename: uk-2005.egr
Number of deleted tree edges: 0
numVert: 39459925, num_edges: 1566080060 and delete batch size: 100

Total execution time of all functions: 220.072 ms.

Function execution times:
Time of Super graph Creation : 157.76 ms
Time of Eulerian Tour : 43.80 ms
Time of update data structure : 12.52 ms
Time of Pointer Jumping : 5.96 ms
Time of Update rep array : 0.03 ms


filename: uk-2005.egr
Number of deleted tree edges: 3
numVert: 39459925, num_edges: 1566080060 and delete batch size: 100

Total execution time of all functions: 234.533 ms.

Function execution times:
Time of Super graph Creation : 164.12 ms
Time of Eulerian Tour : 49.47 ms
Time of update data structure : 13.82 ms
Time of Pointer Jumping : 6.47 ms
Time of PR-RST module : 0.35 ms
Time of Path Reversal : 0.25 ms
Time of Update rep array : 0.02 ms
Time of Hash Table look up : 0.02 ms


filename: uk-2005.egr
Number of deleted tree edges: 0
numVert: 39459925, num_edges: 1566080060 and delete batch size: 100

Total execution time of all functions: 222.462 ms.

Function execution times:
Time of Super graph Creation : 158.15 ms
Time of Eulerian Tour : 45.70 ms
Time of update data structure : 12.62 ms
Time of Pointer Jumping : 5.99 ms
Time of Update rep array : 0.02 ms


filename: uk-2005.egr
Number of deleted tree edges: 0
numVert: 39459925, num_edges: 1566080060 and delete batch size: 100

Total execution time of all functions: 241.008 ms.

Function execution times:
Time of Super graph Creation : 157.54 ms
Time of Eulerian Tour : 57.69 ms
Time of update data structure : 19.77 ms
Time of Pointer Jumping : 5.98 ms
Time of Update rep array : 0.03 ms


filename: uk-2005.egr
Number of deleted tree edges: 10
numVert: 39459925, num_edges: 1566080060 and delete batch size: 1000

Total execution time of all functions: 240.004 ms.

Function execution times:
Time of Super graph Creation : 165.70 ms
Time of Eulerian Tour : 52.61 ms
Time of update data structure : 14.30 ms
Time of Pointer Jumping : 6.75 ms
Time of PR-RST module : 0.38 ms
Time of Path Reversal : 0.24 ms
Time of Update rep array : 0.02 ms
Time of Hash Table look up : 0.01 ms


filename: uk-2005.egr
Number of deleted tree edges: 14
numVert: 39459925, num_edges: 1566080060 and delete batch size: 1000

Total execution time of all functions: 248.44 ms.

Function execution times:
Time of Super graph Creation : 165.46 ms
Time of Eulerian Tour : 58.36 ms
Time of update data structure : 16.44 ms
Time of Pointer Jumping : 7.42 ms
Time of PR-RST module : 0.46 ms
Time of Path Reversal : 0.25 ms
Time of Update rep array : 0.03 ms
Time of Hash Table look up : 0.02 ms


filename: uk-2005.egr
Number of deleted tree edges: 10
numVert: 39459925, num_edges: 1566080060 and delete batch size: 1000

Total execution time of all functions: 231.746 ms.

Function execution times:
Time of Super graph Creation : 163.88 ms
Time of Eulerian Tour : 47.01 ms
Time of update data structure : 13.82 ms
Time of Pointer Jumping : 6.20 ms
Time of PR-RST module : 0.48 ms
Time of Path Reversal : 0.26 ms
Time of Update rep array : 0.07 ms
Time of Hash Table look up : 0.02 ms


filename: uk-2005.egr
Number of deleted tree edges: 11
numVert: 39459925, num_edges: 1566080060 and delete batch size: 1000

Total execution time of all functions: 250.246 ms.

Function execution times:
Time of Super graph Creation : 161.47 ms
Time of Eulerian Tour : 63.91 ms
Time of update data structure : 18.17 ms
Time of Pointer Jumping : 5.96 ms
Time of PR-RST module : 0.44 ms
Time of Path Reversal : 0.25 ms
Time of Hash Table look up : 0.02 ms
Time of Update rep array : 0.02 ms


filename: uk-2005.egr
Number of deleted tree edges: 11
numVert: 39459925, num_edges: 1566080060 and delete batch size: 1000

Total execution time of all functions: 247.688 ms.

Function execution times:
Time of Super graph Creation : 168.47 ms
Time of Eulerian Tour : 55.90 ms
Time of update data structure : 15.51 ms
Time of Pointer Jumping : 7.16 ms
Time of PR-RST module : 0.38 ms
Time of Path Reversal : 0.24 ms
Time of Update rep array : 0.02 ms
Time of Hash Table look up : 0.01 ms
