

filename: in-2004.egr
Root: 1156274
The input parent array is a BFS tree.
Number of deleted tree edges: 66296
numVert: 1382908, num_edges: 27183212 and delete batch size: 100000

Root: 1156274
Selected Algorithm: HS_ET_PR
Finding Replacement edges using HS.
Number of roots: 66001
Number of cross-edges: 296
Insertion into hashtable over.
num of superComponents: 66297
Reversing the paths using PR module 
Executing path_reversal:

Total execution time for Deletion: 6.03612 ms.

Function execution times:
Time of PR_Shortcut : 2.09 ms
Time of HS: Find Repl edges : 1.89 ms
Time of Path Reversal : 0.92 ms
Time of Update data structure : 0.32 ms
Time of Pointer Jumping : 0.29 ms
Time of Finding unique comps : 0.29 ms
Time of ET: Orientation : 0.22 ms
Time of Hashtable insertion : 0.01 ms
Time of Update rep array : 0.01 ms

Input tree not connected. num_comp: 66001
Selected Algorithm: HS_ET_PR
Finding Replacement edges using HS.
Number of roots: 1
Number of cross-edges: 66000
Insertion into hashtable over.
num of superComponents: 66001
Reversing the paths using PR module 
Executing path_reversal:

Total execution time for Insertion: 11.56 ms.

Function execution times:
Time of HS: Find Repl edges : 4.27 ms
Time of ET: Orientation : 2.84 ms
Time of PR_Shortcut : 2.13 ms
Time of Finding unique comps : 1.01 ms
Time of Path Reversal : 0.99 ms
Time of Pointer Jumping : 0.29 ms
Time of Hashtable insertion : 0.02 ms
Time of Update rep array : 0.01 ms

Executing validate part.
numComp in the graph: 1


filename: in-2004.egr
Root: 91021
The input parent array is a BFS tree.
Number of deleted tree edges: 44448
numVert: 1382908, num_edges: 27183212 and delete batch size: 100000

Root: 91021
Selected Algorithm: HS_ET_PR
Finding Replacement edges using HS.
Number of roots: 44001
Number of cross-edges: 448
Insertion into hashtable over.
num of superComponents: 44449
Reversing the paths using PR module 
Executing path_reversal:

Total execution time for Deletion: 6.78416 ms.

Function execution times:
Time of HS: Find Repl edges : 2.65 ms
Time of PR_Shortcut : 2.11 ms
Time of Path Reversal : 0.90 ms
Time of Update data structure : 0.33 ms
Time of Pointer Jumping : 0.28 ms
Time of Finding unique comps : 0.27 ms
Time of ET: Orientation : 0.22 ms
Time of Hashtable insertion : 0.02 ms
Time of Update rep array : 0.01 ms

Input tree not connected. num_comp: 44001
Selected Algorithm: HS_ET_PR
Finding Replacement edges using HS.
Number of roots: 1
Number of cross-edges: 44000
Insertion into hashtable over.
num of superComponents: 44001
Reversing the paths using PR module 
Executing path_reversal:

Total execution time for Insertion: 10.59 ms.

Function execution times:
Time of HS: Find Repl edges : 4.42 ms
Time of PR_Shortcut : 2.13 ms
Time of ET: Orientation : 1.77 ms
Time of Finding unique comps : 1.00 ms
Time of Path Reversal : 0.94 ms
Time of Pointer Jumping : 0.29 ms
Time of Hashtable insertion : 0.02 ms
Time of Update rep array : 0.01 ms

Executing validate part.
numComp in the graph: 1


filename: in-2004.egr
Root: 1065416
The input parent array is a BFS tree.
Number of deleted tree edges: 68293
numVert: 1382908, num_edges: 27183212 and delete batch size: 100000

Root: 1065416
Selected Algorithm: HS_ET_PR
Finding Replacement edges using HS.
Number of roots: 68001
Number of cross-edges: 293
Insertion into hashtable over.
num of superComponents: 68294
Reversing the paths using PR module 
Executing path_reversal:

Total execution time for Deletion: 6.49127 ms.

Function execution times:
Time of HS: Find Repl edges : 2.36 ms
Time of PR_Shortcut : 2.08 ms
Time of Path Reversal : 0.93 ms
Time of Update data structure : 0.34 ms
Time of Pointer Jumping : 0.28 ms
Time of Finding unique comps : 0.27 ms
Time of ET: Orientation : 0.21 ms
Time of Hashtable insertion : 0.02 ms
Time of Update rep array : 0.01 ms

Input tree not connected. num_comp: 68001
Selected Algorithm: HS_ET_PR
Finding Replacement edges using HS.
Number of roots: 1
Number of cross-edges: 68000
Insertion into hashtable over.
num of superComponents: 68001
Reversing the paths using PR module 
Executing path_reversal:

Total execution time for Insertion: 11.68 ms.

Function execution times:
Time of HS: Find Repl edges : 4.40 ms
Time of ET: Orientation : 2.84 ms
Time of PR_Shortcut : 2.12 ms
Time of Finding unique comps : 1.00 ms
Time of Path Reversal : 0.98 ms
Time of Pointer Jumping : 0.29 ms
Time of Hashtable insertion : 0.03 ms
Time of Update rep array : 0.01 ms

Executing validate part.
numComp in the graph: 1


filename: in-2004.egr
Root: 455739
The input parent array is a BFS tree.
Number of deleted tree edges: 69289
numVert: 1382908, num_edges: 27183212 and delete batch size: 100000

Root: 455739
Selected Algorithm: HS_ET_PR
Finding Replacement edges using HS.
Number of roots: 69001
Number of cross-edges: 289
Insertion into hashtable over.
num of superComponents: 69290
Reversing the paths using PR module 
Executing path_reversal:

Total execution time for Deletion: 5.97576 ms.

Function execution times:
Time of PR_Shortcut : 2.10 ms
Time of HS: Find Repl edges : 1.92 ms
Time of Path Reversal : 0.93 ms
Time of Update data structure : 0.33 ms
Time of Pointer Jumping : 0.29 ms
Time of ET: Orientation : 0.21 ms
Time of Finding unique comps : 0.17 ms
Time of Hashtable insertion : 0.01 ms
Time of Update rep array : 0.01 ms

Input tree not connected. num_comp: 69001
Selected Algorithm: HS_ET_PR
Finding Replacement edges using HS.
Number of roots: 1
Number of cross-edges: 69000
Insertion into hashtable over.
num of superComponents: 69001
Reversing the paths using PR module 
Executing path_reversal:

Total execution time for Insertion: 10.48 ms.

Function execution times:
Time of HS: Find Repl edges : 3.34 ms
Time of ET: Orientation : 2.84 ms
Time of PR_Shortcut : 2.00 ms
Time of Finding unique comps : 1.00 ms
Time of Path Reversal : 0.98 ms
Time of Pointer Jumping : 0.29 ms
Time of Hashtable insertion : 0.02 ms
Time of Update rep array : 0.01 ms

Executing validate part.
numComp in the graph: 1


filename: in-2004.egr
Root: 871378
The input parent array is a BFS tree.
Number of deleted tree edges: 66395
numVert: 1382908, num_edges: 27183212 and delete batch size: 100000

Root: 871378
Selected Algorithm: HS_ET_PR
Finding Replacement edges using HS.
Number of roots: 66001
Number of cross-edges: 395
Insertion into hashtable over.
num of superComponents: 66396
Reversing the paths using PR module 
Executing path_reversal:

Total execution time for Deletion: 6.32869 ms.

Function execution times:
Time of HS: Find Repl edges : 2.13 ms
Time of PR_Shortcut : 2.09 ms
Time of Path Reversal : 0.96 ms
Time of Update data structure : 0.33 ms
Time of Finding unique comps : 0.29 ms
Time of Pointer Jumping : 0.28 ms
Time of ET: Orientation : 0.23 ms
Time of Hashtable insertion : 0.02 ms
Time of Update rep array : 0.01 ms

Input tree not connected. num_comp: 66001
Selected Algorithm: HS_ET_PR
Finding Replacement edges using HS.
Number of roots: 1
Number of cross-edges: 66000
Insertion into hashtable over.
num of superComponents: 66001
Reversing the paths using PR module 
Executing path_reversal:

Total execution time for Insertion: 11.08 ms.

Function execution times:
Time of HS: Find Repl edges : 3.78 ms
Time of ET: Orientation : 2.84 ms
Time of PR_Shortcut : 2.15 ms
Time of Finding unique comps : 0.99 ms
Time of Path Reversal : 0.99 ms
Time of Pointer Jumping : 0.29 ms
Time of Hashtable insertion : 0.02 ms
Time of Update rep array : 0.01 ms

Executing validate part.
numComp in the graph: 1


filename: in-2004.egr
Root: 226471
The input parent array is a BFS tree.
Number of deleted tree edges: 5041
numVert: 1382908, num_edges: 27183212 and delete batch size: 10000

Root: 226471
Selected Algorithm: HS_ET_PR
Finding Replacement edges using HS.
Number of roots: 5001
Number of cross-edges: 41
Insertion into hashtable over.
num of superComponents: 5042
Reversing the paths using PR module 
Executing path_reversal:

Total execution time for Deletion: 6.11186 ms.

Function execution times:
Time of HS: Find Repl edges : 2.12 ms
Time of PR_Shortcut : 2.12 ms
Time of Path Reversal : 0.86 ms
Time of Update data structure : 0.31 ms
Time of Pointer Jumping : 0.28 ms
Time of ET: Orientation : 0.20 ms
Time of Finding unique comps : 0.20 ms
Time of Hashtable insertion : 0.01 ms
Time of Update rep array : 0.01 ms

Input tree not connected. num_comp: 5001
Selected Algorithm: HS_ET_PR
Finding Replacement edges using HS.
Number of roots: 1
Number of cross-edges: 5000
Insertion into hashtable over.
num of superComponents: 5001
Reversing the paths using PR module 
Executing path_reversal:

Total execution time for Insertion: 8.07 ms.

Function execution times:
Time of ET: Orientation : 2.30 ms
Time of PR_Shortcut : 2.14 ms
Time of HS: Find Repl edges : 1.44 ms
Time of Finding unique comps : 1.02 ms
Time of Path Reversal : 0.86 ms
Time of Pointer Jumping : 0.29 ms
Time of Hashtable insertion : 0.01 ms
Time of Update rep array : 0.01 ms

Executing validate part.
numComp in the graph: 1


filename: in-2004.egr
Root: 555926
The input parent array is a BFS tree.
Number of deleted tree edges: 6137
numVert: 1382908, num_edges: 27183212 and delete batch size: 10000

Root: 555926
Selected Algorithm: HS_ET_PR
Finding Replacement edges using HS.
Number of roots: 6101
Number of cross-edges: 37
Insertion into hashtable over.
num of superComponents: 6138
Reversing the paths using PR module 
Executing path_reversal:

Total execution time for Deletion: 6.02744 ms.

Function execution times:
Time of HS: Find Repl edges : 2.10 ms
Time of PR_Shortcut : 2.09 ms
Time of Path Reversal : 0.83 ms
Time of Update data structure : 0.30 ms
Time of Pointer Jumping : 0.28 ms
Time of Finding unique comps : 0.21 ms
Time of ET: Orientation : 0.19 ms
Time of Hashtable insertion : 0.01 ms
Time of Update rep array : 0.01 ms

Input tree not connected. num_comp: 6101
Selected Algorithm: HS_ET_PR
Finding Replacement edges using HS.
Number of roots: 1
Number of cross-edges: 6100
Insertion into hashtable over.
num of superComponents: 6101
Reversing the paths using PR module 
Executing path_reversal:

Total execution time for Insertion: 8.05 ms.

Function execution times:
Time of PR_Shortcut : 2.15 ms
Time of ET: Orientation : 2.00 ms
Time of HS: Find Repl edges : 1.74 ms
Time of Finding unique comps : 1.00 ms
Time of Path Reversal : 0.85 ms
Time of Pointer Jumping : 0.29 ms
Time of Hashtable insertion : 0.01 ms
Time of Update rep array : 0.01 ms

Executing validate part.
numComp in the graph: 1


filename: in-2004.egr
Root: 670012
The input parent array is a BFS tree.
Number of deleted tree edges: 6528
numVert: 1382908, num_edges: 27183212 and delete batch size: 10000

Root: 670012
Selected Algorithm: HS_ET_PR
Finding Replacement edges using HS.
Number of roots: 6501
Number of cross-edges: 28
Insertion into hashtable over.
num of superComponents: 6529
Reversing the paths using PR module 
Executing path_reversal:

Total execution time for Deletion: 6.08375 ms.

Function execution times:
Time of HS: Find Repl edges : 2.15 ms
Time of PR_Shortcut : 2.09 ms
Time of Path Reversal : 0.85 ms
Time of Update data structure : 0.30 ms
Time of Pointer Jumping : 0.28 ms
Time of Finding unique comps : 0.20 ms
Time of ET: Orientation : 0.20 ms
Time of Hashtable insertion : 0.01 ms
Time of Update rep array : 0.01 ms

Input tree not connected. num_comp: 6501
Selected Algorithm: HS_ET_PR
Finding Replacement edges using HS.
Number of roots: 1
Number of cross-edges: 6500
Insertion into hashtable over.
num of superComponents: 6501
Reversing the paths using PR module 
Executing path_reversal:

Total execution time for Insertion: 8.80 ms.

Function execution times:
Time of ET: Orientation : 2.51 ms
Time of PR_Shortcut : 2.14 ms
Time of HS: Find Repl edges : 1.98 ms
Time of Finding unique comps : 1.00 ms
Time of Path Reversal : 0.86 ms
Time of Pointer Jumping : 0.29 ms
Time of Hashtable insertion : 0.02 ms
Time of Update rep array : 0.01 ms

Executing validate part.
numComp in the graph: 1


filename: in-2004.egr
Root: 186015
The input parent array is a BFS tree.
Number of deleted tree edges: 6432
numVert: 1382908, num_edges: 27183212 and delete batch size: 10000

Root: 186015
Selected Algorithm: HS_ET_PR
Finding Replacement edges using HS.
Number of roots: 6401
Number of cross-edges: 32
Insertion into hashtable over.
num of superComponents: 6433
Reversing the paths using PR module 
Executing path_reversal:

Total execution time for Deletion: 5.99718 ms.

Function execution times:
Time of PR_Shortcut : 2.09 ms
Time of HS: Find Repl edges : 2.05 ms
Time of Path Reversal : 0.86 ms
Time of Update data structure : 0.29 ms
Time of Pointer Jumping : 0.28 ms
Time of Finding unique comps : 0.21 ms
Time of ET: Orientation : 0.19 ms
Time of Hashtable insertion : 0.01 ms
Time of Update rep array : 0.01 ms

Input tree not connected. num_comp: 6401
Selected Algorithm: HS_ET_PR
Finding Replacement edges using HS.
Number of roots: 1
Number of cross-edges: 6400
Insertion into hashtable over.
num of superComponents: 6401
Reversing the paths using PR module 
Executing path_reversal:

Total execution time for Insertion: 7.76 ms.

Function execution times:
Time of PR_Shortcut : 2.14 ms
Time of ET: Orientation : 1.90 ms
Time of HS: Find Repl edges : 1.54 ms
Time of Finding unique comps : 1.00 ms
Time of Path Reversal : 0.87 ms
Time of Pointer Jumping : 0.29 ms
Time of Hashtable insertion : 0.01 ms
Time of Update rep array : 0.01 ms

Executing validate part.
numComp in the graph: 1


filename: in-2004.egr
Root: 651591
The input parent array is a BFS tree.
Number of deleted tree edges: 5339
numVert: 1382908, num_edges: 27183212 and delete batch size: 10000

Root: 651591
Selected Algorithm: HS_ET_PR
Finding Replacement edges using HS.
Number of roots: 5301
Number of cross-edges: 39
Insertion into hashtable over.
num of superComponents: 5340
Reversing the paths using PR module 
Executing path_reversal:

Total execution time for Deletion: 6.32644 ms.

Function execution times:
Time of HS: Find Repl edges : 2.36 ms
Time of PR_Shortcut : 2.11 ms
Time of Path Reversal : 0.83 ms
Time of Update data structure : 0.30 ms
Time of Pointer Jumping : 0.28 ms
Time of Finding unique comps : 0.20 ms
Time of ET: Orientation : 0.20 ms
Time of Hashtable insertion : 0.01 ms
Time of Update rep array : 0.01 ms

Input tree not connected. num_comp: 5301
Selected Algorithm: HS_ET_PR
Finding Replacement edges using HS.
Number of roots: 1
Number of cross-edges: 5300
Insertion into hashtable over.
num of superComponents: 5301
Reversing the paths using PR module 
Executing path_reversal:

Total execution time for Insertion: 9.07 ms.

Function execution times:
Time of HS: Find Repl edges : 2.60 ms
Time of ET: Orientation : 2.19 ms
Time of PR_Shortcut : 2.11 ms
Time of Finding unique comps : 1.00 ms
Time of Path Reversal : 0.86 ms
Time of Pointer Jumping : 0.29 ms
Time of Hashtable insertion : 0.01 ms
Time of Update rep array : 0.01 ms

Executing validate part.
numComp in the graph: 1


filename: in-2004.egr
Root: 739665
The input parent array is a BFS tree.
Number of deleted tree edges: 68
numVert: 1382908, num_edges: 27183212 and delete batch size: 100

Root: 739665
Selected Algorithm: HS_ET_PR
Finding Replacement edges using HS.
Number of roots: 68
Number of cross-edges: 1
Insertion into hashtable over.
num of superComponents: 69
Reversing the paths using PR module 
Executing path_reversal:

Total execution time for Deletion: 4.83905 ms.

Function execution times:
Time of PR_Shortcut : 2.10 ms
Time of HS: Find Repl edges : 1.06 ms
Time of Path Reversal : 0.79 ms
Time of Update data structure : 0.28 ms
Time of Pointer Jumping : 0.28 ms
Time of ET: Orientation : 0.17 ms
Time of Finding unique comps : 0.14 ms
Time of Hashtable insertion : 0.01 ms
Time of Update rep array : 0.01 ms

Input tree not connected. num_comp: 68
Selected Algorithm: HS_ET_PR
Finding Replacement edges using HS.
Number of roots: 1
Number of cross-edges: 67
Insertion into hashtable over.
num of superComponents: 68
Reversing the paths using PR module 
Executing path_reversal:

Total execution time for Insertion: 5.21 ms.

Function execution times:
Time of PR_Shortcut : 2.14 ms
Time of Finding unique comps : 1.01 ms
Time of Path Reversal : 0.81 ms
Time of HS: Find Repl edges : 0.74 ms
Time of Pointer Jumping : 0.29 ms
Time of ET: Orientation : 0.19 ms
Time of Hashtable insertion : 0.01 ms
Time of Update rep array : 0.01 ms

Executing validate part.
numComp in the graph: 1


filename: in-2004.egr
Root: 302354
The input parent array is a BFS tree.
Number of deleted tree edges: 50
numVert: 1382908, num_edges: 27183212 and delete batch size: 100

Root: 302354
Selected Algorithm: HS_ET_PR
Finding Replacement edges using HS.
Number of roots: 51
Number of cross-edges: 0

Total execution time for Deletion: 1.26499 ms.

Function execution times:
Time of HS: Find Repl edges : 0.55 ms
Time of Update data structure : 0.29 ms
Time of Pointer Jumping : 0.28 ms
Time of Finding unique comps : 0.13 ms
Time of Update rep array : 0.01 ms

Input tree not connected. num_comp: 51
Selected Algorithm: HS_ET_PR
Finding Replacement edges using HS.
Number of roots: 1
Number of cross-edges: 50
Insertion into hashtable over.
num of superComponents: 51
Reversing the paths using PR module 
Executing path_reversal:

Total execution time for Insertion: 6.36 ms.

Function execution times:
Time of PR_Shortcut : 2.13 ms
Time of HS: Find Repl edges : 1.88 ms
Time of Finding unique comps : 1.01 ms
Time of Path Reversal : 0.83 ms
Time of Pointer Jumping : 0.29 ms
Time of ET: Orientation : 0.21 ms
Time of Hashtable insertion : 0.01 ms
Time of Update rep array : 0.01 ms

Executing validate part.
numComp in the graph: 1


filename: in-2004.egr
Root: 1213514
The input parent array is a BFS tree.
Number of deleted tree edges: 46
numVert: 1382908, num_edges: 27183212 and delete batch size: 100

Root: 1213514
Selected Algorithm: HS_ET_PR
Finding Replacement edges using HS.
Number of roots: 46
Number of cross-edges: 1
Insertion into hashtable over.
num of superComponents: 47
Reversing the paths using PR module 
Executing path_reversal:

Total execution time for Deletion: 4.64832 ms.

Function execution times:
Time of PR_Shortcut : 2.09 ms
Time of HS: Find Repl edges : 0.83 ms
Time of Path Reversal : 0.81 ms
Time of Update data structure : 0.30 ms
Time of Pointer Jumping : 0.28 ms
Time of ET: Orientation : 0.18 ms
Time of Finding unique comps : 0.14 ms
Time of Hashtable insertion : 0.01 ms
Time of Update rep array : 0.01 ms

Input tree not connected. num_comp: 46
Selected Algorithm: HS_ET_PR
Finding Replacement edges using HS.
Number of roots: 1
Number of cross-edges: 45
Insertion into hashtable over.
num of superComponents: 46
Reversing the paths using PR module 
Executing path_reversal:

Total execution time for Insertion: 5.76 ms.

Function execution times:
Time of PR_Shortcut : 2.12 ms
Time of HS: Find Repl edges : 1.31 ms
Time of Finding unique comps : 1.01 ms
Time of Path Reversal : 0.82 ms
Time of Pointer Jumping : 0.29 ms
Time of ET: Orientation : 0.20 ms
Time of Hashtable insertion : 0.01 ms
Time of Update rep array : 0.01 ms

Executing validate part.
numComp in the graph: 1


filename: in-2004.egr
Root: 675262
The input parent array is a BFS tree.
Number of deleted tree edges: 48
numVert: 1382908, num_edges: 27183212 and delete batch size: 100

Root: 675262
Selected Algorithm: HS_ET_PR
Finding Replacement edges using HS.
Number of roots: 48
Number of cross-edges: 1
Insertion into hashtable over.
num of superComponents: 49
Reversing the paths using PR module 
Executing path_reversal:

Total execution time for Deletion: 4.89802 ms.

Function execution times:
Time of PR_Shortcut : 2.09 ms
Time of HS: Find Repl edges : 1.13 ms
Time of Path Reversal : 0.79 ms
Time of Update data structure : 0.30 ms
Time of Pointer Jumping : 0.28 ms
Time of ET: Orientation : 0.18 ms
Time of Finding unique comps : 0.11 ms
Time of Hashtable insertion : 0.01 ms
Time of Update rep array : 0.01 ms

Input tree not connected. num_comp: 48
Selected Algorithm: HS_ET_PR
Finding Replacement edges using HS.
Number of roots: 1
Number of cross-edges: 47
Insertion into hashtable over.
num of superComponents: 48
Reversing the paths using PR module 
Executing path_reversal:

Total execution time for Insertion: 5.50 ms.

Function execution times:
Time of PR_Shortcut : 2.12 ms
Time of HS: Find Repl edges : 1.05 ms
Time of Finding unique comps : 1.00 ms
Time of Path Reversal : 0.83 ms
Time of Pointer Jumping : 0.29 ms
Time of ET: Orientation : 0.19 ms
Time of Hashtable insertion : 0.01 ms
Time of Update rep array : 0.01 ms

Executing validate part.
numComp in the graph: 1


filename: in-2004.egr
Root: 1238028
The input parent array is a BFS tree.
Number of deleted tree edges: 47
numVert: 1382908, num_edges: 27183212 and delete batch size: 100

Root: 1238028
Selected Algorithm: HS_ET_PR
Finding Replacement edges using HS.
Number of roots: 48
Number of cross-edges: 0

Total execution time for Deletion: 1.24012 ms.

Function execution times:
Time of HS: Find Repl edges : 0.55 ms
Time of Update data structure : 0.30 ms
Time of Pointer Jumping : 0.28 ms
Time of Finding unique comps : 0.10 ms
Time of Update rep array : 0.01 ms

Input tree not connected. num_comp: 48
Selected Algorithm: HS_ET_PR
Finding Replacement edges using HS.
Number of roots: 1
Number of cross-edges: 47
Insertion into hashtable over.
num of superComponents: 48
Reversing the paths using PR module 
Executing path_reversal:

Total execution time for Insertion: 5.89 ms.

Function execution times:
Time of PR_Shortcut : 2.16 ms
Time of HS: Find Repl edges : 1.39 ms
Time of Finding unique comps : 1.00 ms
Time of Path Reversal : 0.84 ms
Time of Pointer Jumping : 0.29 ms
Time of ET: Orientation : 0.21 ms
Time of Hashtable insertion : 0.01 ms
Time of Update rep array : 0.01 ms

Executing validate part.
numComp in the graph: 1


filename: in-2004.egr
Root: 1314151
The input parent array is a BFS tree.
Number of deleted tree edges: 615
numVert: 1382908, num_edges: 27183212 and delete batch size: 1000

Root: 1314151
Selected Algorithm: HS_ET_PR
Finding Replacement edges using HS.
Number of roots: 611
Number of cross-edges: 5
Insertion into hashtable over.
num of superComponents: 616
Reversing the paths using PR module 
Executing path_reversal:

Total execution time for Deletion: 4.6484 ms.

Function execution times:
Time of PR_Shortcut : 2.10 ms
Time of HS: Find Repl edges : 0.83 ms
Time of Path Reversal : 0.81 ms
Time of Update data structure : 0.30 ms
Time of Pointer Jumping : 0.28 ms
Time of ET: Orientation : 0.18 ms
Time of Finding unique comps : 0.13 ms
Time of Hashtable insertion : 0.01 ms
Time of Update rep array : 0.01 ms

Input tree not connected. num_comp: 611
Selected Algorithm: HS_ET_PR
Finding Replacement edges using HS.
Number of roots: 1
Number of cross-edges: 610
Insertion into hashtable over.
num of superComponents: 611
Reversing the paths using PR module 
Executing path_reversal:

Total execution time for Insertion: 6.54 ms.

Function execution times:
Time of PR_Shortcut : 2.15 ms
Time of HS: Find Repl edges : 2.00 ms
Time of Finding unique comps : 1.01 ms
Time of Path Reversal : 0.85 ms
Time of Pointer Jumping : 0.29 ms
Time of ET: Orientation : 0.22 ms
Time of Hashtable insertion : 0.01 ms
Time of Update rep array : 0.01 ms

Executing validate part.
numComp in the graph: 1


filename: in-2004.egr
Root: 1151423
The input parent array is a BFS tree.
Number of deleted tree edges: 534
numVert: 1382908, num_edges: 27183212 and delete batch size: 1000

Root: 1151423
Selected Algorithm: HS_ET_PR
Finding Replacement edges using HS.
Number of roots: 531
Number of cross-edges: 4
Insertion into hashtable over.
num of superComponents: 535
Reversing the paths using PR module 
Executing path_reversal:

Total execution time for Deletion: 5.51683 ms.

Function execution times:
Time of PR_Shortcut : 2.11 ms
Time of HS: Find Repl edges : 1.67 ms
Time of Path Reversal : 0.82 ms
Time of Update data structure : 0.30 ms
Time of Pointer Jumping : 0.28 ms
Time of ET: Orientation : 0.18 ms
Time of Finding unique comps : 0.13 ms
Time of Hashtable insertion : 0.01 ms
Time of Update rep array : 0.01 ms

Input tree not connected. num_comp: 531
Selected Algorithm: HS_ET_PR
Finding Replacement edges using HS.
Number of roots: 1
Number of cross-edges: 530
Insertion into hashtable over.
num of superComponents: 531
Reversing the paths using PR module 
Executing path_reversal:

Total execution time for Insertion: 7.55 ms.

Function execution times:
Time of HS: Find Repl edges : 3.08 ms
Time of PR_Shortcut : 2.10 ms
Time of Finding unique comps : 1.00 ms
Time of Path Reversal : 0.83 ms
Time of Pointer Jumping : 0.29 ms
Time of ET: Orientation : 0.22 ms
Time of Hashtable insertion : 0.01 ms
Time of Update rep array : 0.01 ms

Executing validate part.
numComp in the graph: 1


filename: in-2004.egr
Root: 19932
The input parent array is a BFS tree.
Number of deleted tree edges: 468
numVert: 1382908, num_edges: 27183212 and delete batch size: 1000

Root: 19932
Selected Algorithm: HS_ET_PR
Finding Replacement edges using HS.
Number of roots: 461
Number of cross-edges: 8
Insertion into hashtable over.
num of superComponents: 469
Reversing the paths using PR module 
Executing path_reversal:

Total execution time for Deletion: 5.69817 ms.

Function execution times:
Time of PR_Shortcut : 2.09 ms
Time of HS: Find Repl edges : 1.85 ms
Time of Path Reversal : 0.85 ms
Time of Update data structure : 0.30 ms
Time of Pointer Jumping : 0.28 ms
Time of ET: Orientation : 0.18 ms
Time of Finding unique comps : 0.13 ms
Time of Hashtable insertion : 0.01 ms
Time of Update rep array : 0.01 ms

Input tree not connected. num_comp: 461
Selected Algorithm: HS_ET_PR
Finding Replacement edges using HS.
Number of roots: 1
Number of cross-edges: 460
Insertion into hashtable over.
num of superComponents: 461
Reversing the paths using PR module 
Executing path_reversal:

Total execution time for Insertion: 6.70 ms.

Function execution times:
Time of HS: Find Repl edges : 2.21 ms
Time of PR_Shortcut : 2.13 ms
Time of Finding unique comps : 1.00 ms
Time of Path Reversal : 0.83 ms
Time of Pointer Jumping : 0.29 ms
Time of ET: Orientation : 0.22 ms
Time of Hashtable insertion : 0.01 ms
Time of Update rep array : 0.01 ms

Executing validate part.
numComp in the graph: 1


filename: in-2004.egr
Root: 154525
The input parent array is a BFS tree.
Number of deleted tree edges: 683
numVert: 1382908, num_edges: 27183212 and delete batch size: 1000

Root: 154525
Selected Algorithm: HS_ET_PR
Finding Replacement edges using HS.
Number of roots: 681
Number of cross-edges: 3
Insertion into hashtable over.
num of superComponents: 684
Reversing the paths using PR module 
Executing path_reversal:

Total execution time for Deletion: 5.68011 ms.

Function execution times:
Time of PR_Shortcut : 2.08 ms
Time of HS: Find Repl edges : 1.82 ms
Time of Path Reversal : 0.83 ms
Time of Update data structure : 0.31 ms
Time of Pointer Jumping : 0.29 ms
Time of ET: Orientation : 0.18 ms
Time of Finding unique comps : 0.13 ms
Time of Hashtable insertion : 0.01 ms
Time of Update rep array : 0.01 ms

Input tree not connected. num_comp: 681
Selected Algorithm: HS_ET_PR
Finding Replacement edges using HS.
Number of roots: 1
Number of cross-edges: 680
Insertion into hashtable over.
num of superComponents: 681
Reversing the paths using PR module 
Executing path_reversal:

Total execution time for Insertion: 7.18 ms.

Function execution times:
Time of HS: Find Repl edges : 2.65 ms
Time of PR_Shortcut : 2.14 ms
Time of Finding unique comps : 1.01 ms
Time of Path Reversal : 0.85 ms
Time of Pointer Jumping : 0.29 ms
Time of ET: Orientation : 0.22 ms
Time of Hashtable insertion : 0.01 ms
Time of Update rep array : 0.01 ms

Executing validate part.
numComp in the graph: 1


filename: in-2004.egr
Root: 899736
The input parent array is a BFS tree.
Number of deleted tree edges: 595
numVert: 1382908, num_edges: 27183212 and delete batch size: 1000

Root: 899736
Selected Algorithm: HS_ET_PR
Finding Replacement edges using HS.
Number of roots: 591
Number of cross-edges: 5
Insertion into hashtable over.
num of superComponents: 596
Reversing the paths using PR module 
Executing path_reversal:

Total execution time for Deletion: 5.69594 ms.

Function execution times:
Time of PR_Shortcut : 2.08 ms
Time of HS: Find Repl edges : 1.90 ms
Time of Path Reversal : 0.82 ms
Time of Update data structure : 0.29 ms
Time of Pointer Jumping : 0.28 ms
Time of ET: Orientation : 0.18 ms
Time of Finding unique comps : 0.13 ms
Time of Hashtable insertion : 0.01 ms
Time of Update rep array : 0.01 ms

Input tree not connected. num_comp: 591
Selected Algorithm: HS_ET_PR
Finding Replacement edges using HS.
Number of roots: 1
Number of cross-edges: 590
Insertion into hashtable over.
num of superComponents: 591
Reversing the paths using PR module 
Executing path_reversal:

Total execution time for Insertion: 6.84 ms.

Function execution times:
Time of HS: Find Repl edges : 2.31 ms
Time of PR_Shortcut : 2.15 ms
Time of Finding unique comps : 1.01 ms
Time of Path Reversal : 0.85 ms
Time of Pointer Jumping : 0.29 ms
Time of ET: Orientation : 0.22 ms
Time of Hashtable insertion : 0.01 ms
Time of Update rep array : 0.01 ms

Executing validate part.
numComp in the graph: 1
