

filename: kron_g500-logn18.egr
Root: 55842
The input parent array is a BFS tree.
Number of deleted tree edges: 44653
numVert: 262144, num_edges: 21269364 and delete batch size: 100000

Root: 55842
Selected Algorithm: HS_ET_PR
Finding Replacement edges using HS.
Number of roots: 44001
Number of cross-edges: 653
Insertion into hashtable over.
num of superComponents: 44654
Reversing the paths using PR module 
Executing path_reversal:

Total execution time for Deletion: 10.4917 ms.

Function execution times:
Time of HS: Find Repl edges : 8.53 ms
Time of Path Reversal : 0.51 ms
Time of Finding unique comps : 0.35 ms
Time of Update data structure : 0.33 ms
Time of PR_Shortcut : 0.33 ms
Time of ET: Orientation : 0.23 ms
Time of Pointer Jumping : 0.19 ms
Time of Hashtable insertion : 0.02 ms
Time of Update rep array : 0.01 ms

Input tree not connected. num_comp: 44001
Selected Algorithm: HS_ET_PR
Finding Replacement edges using HS.
Number of roots: 1
Number of cross-edges: 44000
Insertion into hashtable over.
num of superComponents: 44001
Reversing the paths using PR module 
Executing path_reversal:

Total execution time for Insertion: 6.01 ms.

Function execution times:
Time of HS: Find Repl edges : 2.17 ms
Time of ET: Orientation : 1.78 ms
Time of Finding unique comps : 1.00 ms
Time of Path Reversal : 0.51 ms
Time of PR_Shortcut : 0.33 ms
Time of Pointer Jumping : 0.19 ms
Time of Hashtable insertion : 0.02 ms
Time of Update rep array : 0.01 ms

Executing validate part.
numComp in the graph: 1


filename: kron_g500-logn18.egr
Root: 259037
The input parent array is a BFS tree.
Number of deleted tree edges: 64412
numVert: 262144, num_edges: 21269364 and delete batch size: 100000

Root: 259037
Selected Algorithm: HS_ET_PR
Finding Replacement edges using HS.
Number of roots: 64001
Number of cross-edges: 412
Insertion into hashtable over.
num of superComponents: 64413
Reversing the paths using PR module 
Executing path_reversal:

Total execution time for Deletion: 5.01651 ms.

Function execution times:
Time of HS: Find Repl edges : 3.14 ms
Time of Path Reversal : 0.49 ms
Time of Update data structure : 0.33 ms
Time of PR_Shortcut : 0.31 ms
Time of Finding unique comps : 0.31 ms
Time of ET: Orientation : 0.22 ms
Time of Pointer Jumping : 0.18 ms
Time of Hashtable insertion : 0.02 ms
Time of Update rep array : 0.01 ms

Input tree not connected. num_comp: 64001
Selected Algorithm: HS_ET_PR
Finding Replacement edges using HS.
Number of roots: 1
Number of cross-edges: 64000
Insertion into hashtable over.
num of superComponents: 64001
Reversing the paths using PR module 
Executing path_reversal:

Total execution time for Insertion: 6.67 ms.

Function execution times:
Time of ET: Orientation : 2.86 ms
Time of HS: Find Repl edges : 1.72 ms
Time of Finding unique comps : 1.01 ms
Time of Path Reversal : 0.52 ms
Time of PR_Shortcut : 0.33 ms
Time of Pointer Jumping : 0.19 ms
Time of Hashtable insertion : 0.02 ms
Time of Update rep array : 0.01 ms

Executing validate part.
numComp in the graph: 1


filename: kron_g500-logn18.egr
Root: 94902
The input parent array is a BFS tree.
Number of deleted tree edges: 45642
numVert: 262144, num_edges: 21269364 and delete batch size: 100000

Root: 94902
Selected Algorithm: HS_ET_PR
Finding Replacement edges using HS.
Number of roots: 45001
Number of cross-edges: 642
Insertion into hashtable over.
num of superComponents: 45643
Reversing the paths using PR module 
Executing path_reversal:

Total execution time for Deletion: 11.8726 ms.

Function execution times:
Time of HS: Find Repl edges : 9.36 ms
Time of Path Reversal : 0.79 ms
Time of PR_Shortcut : 0.43 ms
Time of ET: Orientation : 0.40 ms
Time of Update data structure : 0.34 ms
Time of Finding unique comps : 0.34 ms
Time of Pointer Jumping : 0.19 ms
Time of Hashtable insertion : 0.03 ms
Time of Update rep array : 0.01 ms

Input tree not connected. num_comp: 45001
Selected Algorithm: HS_ET_PR
Finding Replacement edges using HS.
Number of roots: 1
Number of cross-edges: 45000
Insertion into hashtable over.
num of superComponents: 45001
Reversing the paths using PR module 
Executing path_reversal:

Total execution time for Insertion: 8.53 ms.

Function execution times:
Time of ET: Orientation : 2.89 ms
Time of HS: Find Repl edges : 2.78 ms
Time of Finding unique comps : 1.31 ms
Time of Path Reversal : 0.79 ms
Time of PR_Shortcut : 0.43 ms
Time of Pointer Jumping : 0.29 ms
Time of Hashtable insertion : 0.03 ms
Time of Update rep array : 0.02 ms

Executing validate part.
numComp in the graph: 1


filename: kron_g500-logn18.egr
Root: 233735
The input parent array is a BFS tree.
Number of deleted tree edges: 58474
numVert: 262144, num_edges: 21269364 and delete batch size: 100000

Root: 233735
Selected Algorithm: HS_ET_PR
Finding Replacement edges using HS.
Number of roots: 58000
Number of cross-edges: 475
Insertion into hashtable over.
num of superComponents: 58475
Reversing the paths using PR module 
Executing path_reversal:

Total execution time for Deletion: 10.049 ms.

Function execution times:
Time of HS: Find Repl edges : 8.25 ms
Time of Path Reversal : 0.51 ms
Time of Update data structure : 0.32 ms
Time of PR_Shortcut : 0.32 ms
Time of ET: Orientation : 0.22 ms
Time of Finding unique comps : 0.22 ms
Time of Pointer Jumping : 0.18 ms
Time of Hashtable insertion : 0.02 ms
Time of Update rep array : 0.01 ms

Input tree not connected. num_comp: 58000
Selected Algorithm: HS_ET_PR
Finding Replacement edges using HS.
Number of roots: 1
Number of cross-edges: 57999
Insertion into hashtable over.
num of superComponents: 58000
Reversing the paths using PR module 
Executing path_reversal:

Total execution time for Insertion: 6.41 ms.

Function execution times:
Time of ET: Orientation : 2.86 ms
Time of HS: Find Repl edges : 1.47 ms
Time of Finding unique comps : 1.01 ms
Time of Path Reversal : 0.52 ms
Time of PR_Shortcut : 0.33 ms
Time of Pointer Jumping : 0.19 ms
Time of Hashtable insertion : 0.02 ms
Time of Update rep array : 0.01 ms

Executing validate part.
numComp in the graph: 1


filename: kron_g500-logn18.egr
Root: 7911
The input parent array is a BFS tree.
Number of deleted tree edges: 44646
numVert: 262144, num_edges: 21269364 and delete batch size: 100000

Root: 7911
Selected Algorithm: HS_ET_PR
Finding Replacement edges using HS.
Number of roots: 44001
Number of cross-edges: 646
Insertion into hashtable over.
num of superComponents: 44647
Reversing the paths using PR module 
Executing path_reversal:

Total execution time for Deletion: 11.1141 ms.

Function execution times:
Time of HS: Find Repl edges : 9.11 ms
Time of Path Reversal : 0.52 ms
Time of Finding unique comps : 0.38 ms
Time of Update data structure : 0.34 ms
Time of PR_Shortcut : 0.32 ms
Time of ET: Orientation : 0.22 ms
Time of Pointer Jumping : 0.18 ms
Time of Hashtable insertion : 0.02 ms
Time of Update rep array : 0.01 ms

Input tree not connected. num_comp: 44001
Selected Algorithm: HS_ET_PR
Finding Replacement edges using HS.
Number of roots: 1
Number of cross-edges: 44000
Insertion into hashtable over.
num of superComponents: 44001
Reversing the paths using PR module 
Executing path_reversal:

Total execution time for Insertion: 6.23 ms.

Function execution times:
Time of HS: Find Repl edges : 2.38 ms
Time of ET: Orientation : 1.78 ms
Time of Finding unique comps : 1.01 ms
Time of Path Reversal : 0.52 ms
Time of PR_Shortcut : 0.33 ms
Time of Pointer Jumping : 0.19 ms
Time of Hashtable insertion : 0.02 ms
Time of Update rep array : 0.01 ms

Executing validate part.
numComp in the graph: 1


filename: kron_g500-logn18.egr
Root: 211908
The input parent array is a BFS tree.
Number of deleted tree edges: 5663
numVert: 262144, num_edges: 21269364 and delete batch size: 10000

Root: 211908
Selected Algorithm: HS_ET_PR
Finding Replacement edges using HS.
Number of roots: 5601
Number of cross-edges: 63
Insertion into hashtable over.
num of superComponents: 5664
Reversing the paths using PR module 
Executing path_reversal:

Total execution time for Deletion: 3.57544 ms.

Function execution times:
Time of HS: Find Repl edges : 1.75 ms
Time of Path Reversal : 0.48 ms
Time of Update data structure : 0.35 ms
Time of PR_Shortcut : 0.31 ms
Time of Finding unique comps : 0.29 ms
Time of ET: Orientation : 0.19 ms
Time of Pointer Jumping : 0.18 ms
Time of Hashtable insertion : 0.01 ms
Time of Update rep array : 0.01 ms

Input tree not connected. num_comp: 5601
Selected Algorithm: HS_ET_PR
Finding Replacement edges using HS.
Number of roots: 1
Number of cross-edges: 5600
Insertion into hashtable over.
num of superComponents: 5601
Reversing the paths using PR module 
Executing path_reversal:

Total execution time for Insertion: 5.82 ms.

Function execution times:
Time of ET: Orientation : 2.50 ms
Time of HS: Find Repl edges : 1.27 ms
Time of Finding unique comps : 1.00 ms
Time of Path Reversal : 0.51 ms
Time of PR_Shortcut : 0.32 ms
Time of Pointer Jumping : 0.19 ms
Time of Hashtable insertion : 0.01 ms
Time of Update rep array : 0.01 ms

Executing validate part.
numComp in the graph: 1


filename: kron_g500-logn18.egr
Root: 219612
The input parent array is a BFS tree.
Number of deleted tree edges: 5851
numVert: 262144, num_edges: 21269364 and delete batch size: 10000

Root: 219612
Selected Algorithm: HS_ET_PR
Finding Replacement edges using HS.
Number of roots: 5801
Number of cross-edges: 51
Insertion into hashtable over.
num of superComponents: 5852
Reversing the paths using PR module 
Executing path_reversal:

Total execution time for Deletion: 3.40774 ms.

Function execution times:
Time of HS: Find Repl edges : 1.64 ms
Time of Path Reversal : 0.48 ms
Time of PR_Shortcut : 0.31 ms
Time of Update data structure : 0.30 ms
Time of Finding unique comps : 0.27 ms
Time of ET: Orientation : 0.20 ms
Time of Pointer Jumping : 0.18 ms
Time of Hashtable insertion : 0.01 ms
Time of Update rep array : 0.01 ms

Input tree not connected. num_comp: 5801
Selected Algorithm: HS_ET_PR
Finding Replacement edges using HS.
Number of roots: 1
Number of cross-edges: 5800
Insertion into hashtable over.
num of superComponents: 5801
Reversing the paths using PR module 
Executing path_reversal:

Total execution time for Insertion: 5.83 ms.

Function execution times:
Time of ET: Orientation : 2.21 ms
Time of HS: Find Repl edges : 1.56 ms
Time of Finding unique comps : 1.01 ms
Time of Path Reversal : 0.51 ms
Time of PR_Shortcut : 0.32 ms
Time of Pointer Jumping : 0.19 ms
Time of Hashtable insertion : 0.01 ms
Time of Update rep array : 0.01 ms

Executing validate part.
numComp in the graph: 1


filename: kron_g500-logn18.egr
Root: 231380
The input parent array is a BFS tree.
Number of deleted tree edges: 5071
numVert: 262144, num_edges: 21269364 and delete batch size: 10000

Root: 231380
Selected Algorithm: HS_ET_PR
Finding Replacement edges using HS.
Number of roots: 5001
Number of cross-edges: 71
Insertion into hashtable over.
num of superComponents: 5072
Reversing the paths using PR module 
Executing path_reversal:

Total execution time for Deletion: 3.89489 ms.

Function execution times:
Time of HS: Find Repl edges : 2.13 ms
Time of Path Reversal : 0.48 ms
Time of Update data structure : 0.31 ms
Time of PR_Shortcut : 0.31 ms
Time of Finding unique comps : 0.26 ms
Time of ET: Orientation : 0.20 ms
Time of Pointer Jumping : 0.18 ms
Time of Hashtable insertion : 0.01 ms
Time of Update rep array : 0.01 ms

Input tree not connected. num_comp: 5001
Selected Algorithm: HS_ET_PR
Finding Replacement edges using HS.
Number of roots: 1
Number of cross-edges: 5000
Insertion into hashtable over.
num of superComponents: 5001
Reversing the paths using PR module 
Executing path_reversal:

Total execution time for Insertion: 5.82 ms.

Function execution times:
Time of ET: Orientation : 2.38 ms
Time of HS: Find Repl edges : 1.39 ms
Time of Finding unique comps : 1.01 ms
Time of Path Reversal : 0.51 ms
Time of PR_Shortcut : 0.32 ms
Time of Pointer Jumping : 0.19 ms
Time of Hashtable insertion : 0.02 ms
Time of Update rep array : 0.01 ms

Executing validate part.
numComp in the graph: 1


filename: kron_g500-logn18.egr
Root: 131162
The input parent array is a BFS tree.
Number of deleted tree edges: 6135
numVert: 262144, num_edges: 21269364 and delete batch size: 10000

Root: 131162
Selected Algorithm: HS_ET_PR
Finding Replacement edges using HS.
Number of roots: 6101
Number of cross-edges: 35
Insertion into hashtable over.
num of superComponents: 6136
Reversing the paths using PR module 
Executing path_reversal:

Total execution time for Deletion: 3.44425 ms.

Function execution times:
Time of HS: Find Repl edges : 1.67 ms
Time of Path Reversal : 0.48 ms
Time of Update data structure : 0.31 ms
Time of PR_Shortcut : 0.31 ms
Time of Finding unique comps : 0.26 ms
Time of ET: Orientation : 0.20 ms
Time of Pointer Jumping : 0.19 ms
Time of Hashtable insertion : 0.01 ms
Time of Update rep array : 0.01 ms

Input tree not connected. num_comp: 6101
Selected Algorithm: HS_ET_PR
Finding Replacement edges using HS.
Number of roots: 1
Number of cross-edges: 6100
Insertion into hashtable over.
num of superComponents: 6101
Reversing the paths using PR module 
Executing path_reversal:

Total execution time for Insertion: 5.81 ms.

Function execution times:
Time of ET: Orientation : 2.69 ms
Time of HS: Find Repl edges : 1.07 ms
Time of Finding unique comps : 1.01 ms
Time of Path Reversal : 0.50 ms
Time of PR_Shortcut : 0.32 ms
Time of Pointer Jumping : 0.20 ms
Time of Hashtable insertion : 0.01 ms
Time of Update rep array : 0.01 ms

Executing validate part.
numComp in the graph: 1


filename: kron_g500-logn18.egr
Root: 188144
The input parent array is a BFS tree.
Number of deleted tree edges: 6149
numVert: 262144, num_edges: 21269364 and delete batch size: 10000

Root: 188144
Selected Algorithm: HS_ET_PR
Finding Replacement edges using HS.
Number of roots: 6101
Number of cross-edges: 49
Insertion into hashtable over.
num of superComponents: 6150
Reversing the paths using PR module 
Executing path_reversal:

Total execution time for Deletion: 10.8003 ms.

Function execution times:
Time of HS: Find Repl edges : 9.02 ms
Time of Path Reversal : 0.49 ms
Time of Update data structure : 0.31 ms
Time of PR_Shortcut : 0.31 ms
Time of Finding unique comps : 0.27 ms
Time of ET: Orientation : 0.20 ms
Time of Pointer Jumping : 0.18 ms
Time of Hashtable insertion : 0.01 ms
Time of Update rep array : 0.01 ms

Input tree not connected. num_comp: 6101
Selected Algorithm: HS_ET_PR
Finding Replacement edges using HS.
Number of roots: 1
Number of cross-edges: 6100
Insertion into hashtable over.
num of superComponents: 6101
Reversing the paths using PR module 
Executing path_reversal:

Total execution time for Insertion: 4.77 ms.

Function execution times:
Time of ET: Orientation : 1.71 ms
Time of Finding unique comps : 1.01 ms
Time of HS: Find Repl edges : 1.00 ms
Time of Path Reversal : 0.51 ms
Time of PR_Shortcut : 0.32 ms
Time of Pointer Jumping : 0.19 ms
Time of Hashtable insertion : 0.01 ms
Time of Update rep array : 0.01 ms

Executing validate part.
numComp in the graph: 1


filename: kron_g500-logn18.egr
Root: 254772
The input parent array is a BFS tree.
Number of deleted tree edges: 69
numVert: 262144, num_edges: 21269364 and delete batch size: 100

Root: 254772
Selected Algorithm: HS_ET_PR
Finding Replacement edges using HS.
Number of roots: 69
Number of cross-edges: 1
Insertion into hashtable over.
num of superComponents: 70
Reversing the paths using PR module 
Executing path_reversal:

Total execution time for Deletion: 2.34705 ms.

Function execution times:
Time of HS: Find Repl edges : 0.75 ms
Time of Path Reversal : 0.46 ms
Time of PR_Shortcut : 0.31 ms
Time of Update data structure : 0.31 ms
Time of Pointer Jumping : 0.18 ms
Time of ET: Orientation : 0.18 ms
Time of Finding unique comps : 0.13 ms
Time of Hashtable insertion : 0.01 ms
Time of Update rep array : 0.01 ms

Input tree not connected. num_comp: 69
Selected Algorithm: HS_ET_PR
Finding Replacement edges using HS.
Number of roots: 1
Number of cross-edges: 68
Insertion into hashtable over.
num of superComponents: 69
Reversing the paths using PR module 
Executing path_reversal:

Total execution time for Insertion: 2.83 ms.

Function execution times:
Time of Finding unique comps : 1.01 ms
Time of HS: Find Repl edges : 0.60 ms
Time of Path Reversal : 0.50 ms
Time of PR_Shortcut : 0.32 ms
Time of ET: Orientation : 0.19 ms
Time of Pointer Jumping : 0.19 ms
Time of Hashtable insertion : 0.01 ms
Time of Update rep array : 0.01 ms

Executing validate part.
numComp in the graph: 1


filename: kron_g500-logn18.egr
Root: 253548
The input parent array is a BFS tree.
Number of deleted tree edges: 49
numVert: 262144, num_edges: 21269364 and delete batch size: 100

Root: 253548
Selected Algorithm: HS_ET_PR
Finding Replacement edges using HS.
Number of roots: 50
Number of cross-edges: 0

Total execution time for Deletion: 1.13441 ms.

Function execution times:
Time of HS: Find Repl edges : 0.48 ms
Time of Update data structure : 0.33 ms
Time of Pointer Jumping : 0.18 ms
Time of Finding unique comps : 0.13 ms
Time of Update rep array : 0.01 ms

Input tree not connected. num_comp: 50
Selected Algorithm: HS_ET_PR
Finding Replacement edges using HS.
Number of roots: 1
Number of cross-edges: 49
Insertion into hashtable over.
num of superComponents: 50
Reversing the paths using PR module 
Executing path_reversal:

Total execution time for Insertion: 2.70 ms.

Function execution times:
Time of Finding unique comps : 1.00 ms
Time of Path Reversal : 0.49 ms
Time of HS: Find Repl edges : 0.48 ms
Time of PR_Shortcut : 0.32 ms
Time of ET: Orientation : 0.20 ms
Time of Pointer Jumping : 0.19 ms
Time of Hashtable insertion : 0.01 ms
Time of Update rep array : 0.01 ms

Executing validate part.
numComp in the graph: 1


filename: kron_g500-logn18.egr
Root: 207479
The input parent array is a BFS tree.
Number of deleted tree edges: 51
numVert: 262144, num_edges: 21269364 and delete batch size: 100

Root: 207479
Selected Algorithm: HS_ET_PR
Finding Replacement edges using HS.
Number of roots: 51
Number of cross-edges: 1
Insertion into hashtable over.
num of superComponents: 52
Reversing the paths using PR module 
Executing path_reversal:

Total execution time for Deletion: 2.30565 ms.

Function execution times:
Time of HS: Find Repl edges : 0.72 ms
Time of Path Reversal : 0.46 ms
Time of PR_Shortcut : 0.31 ms
Time of Update data structure : 0.31 ms
Time of Pointer Jumping : 0.18 ms
Time of ET: Orientation : 0.18 ms
Time of Finding unique comps : 0.13 ms
Time of Hashtable insertion : 0.01 ms
Time of Update rep array : 0.01 ms

Input tree not connected. num_comp: 51
Selected Algorithm: HS_ET_PR
Finding Replacement edges using HS.
Number of roots: 1
Number of cross-edges: 50
Insertion into hashtable over.
num of superComponents: 51
Reversing the paths using PR module 
Executing path_reversal:

Total execution time for Insertion: 2.78 ms.

Function execution times:
Time of Finding unique comps : 1.01 ms
Time of HS: Find Repl edges : 0.56 ms
Time of Path Reversal : 0.48 ms
Time of PR_Shortcut : 0.32 ms
Time of ET: Orientation : 0.20 ms
Time of Pointer Jumping : 0.19 ms
Time of Hashtable insertion : 0.01 ms
Time of Update rep array : 0.01 ms

Executing validate part.
numComp in the graph: 1


filename: kron_g500-logn18.egr
Root: 77551
The input parent array is a BFS tree.
Number of deleted tree edges: 51
numVert: 262144, num_edges: 21269364 and delete batch size: 100

Root: 77551
Selected Algorithm: HS_ET_PR
Finding Replacement edges using HS.
Number of roots: 52
Number of cross-edges: 0

Total execution time for Deletion: 1.123 ms.

Function execution times:
Time of HS: Find Repl edges : 0.48 ms
Time of Update data structure : 0.32 ms
Time of Pointer Jumping : 0.18 ms
Time of Finding unique comps : 0.13 ms
Time of Update rep array : 0.01 ms

Input tree not connected. num_comp: 52
Selected Algorithm: HS_ET_PR
Finding Replacement edges using HS.
Number of roots: 1
Number of cross-edges: 51
Insertion into hashtable over.
num of superComponents: 52
Reversing the paths using PR module 
Executing path_reversal:

Total execution time for Insertion: 2.90 ms.

Function execution times:
Time of Finding unique comps : 1.01 ms
Time of HS: Find Repl edges : 0.67 ms
Time of Path Reversal : 0.48 ms
Time of PR_Shortcut : 0.32 ms
Time of ET: Orientation : 0.20 ms
Time of Pointer Jumping : 0.19 ms
Time of Hashtable insertion : 0.01 ms
Time of Update rep array : 0.01 ms

Executing validate part.
numComp in the graph: 1


filename: kron_g500-logn18.egr
Root: 6720
The input parent array is a BFS tree.
Number of deleted tree edges: 42
numVert: 262144, num_edges: 21269364 and delete batch size: 100

Root: 6720
Selected Algorithm: HS_ET_PR
Finding Replacement edges using HS.
Number of roots: 43
Number of cross-edges: 0

Total execution time for Deletion: 1.14211 ms.

Function execution times:
Time of HS: Find Repl edges : 0.49 ms
Time of Update data structure : 0.34 ms
Time of Pointer Jumping : 0.18 ms
Time of Finding unique comps : 0.13 ms
Time of Update rep array : 0.01 ms

Input tree not connected. num_comp: 43
Selected Algorithm: HS_ET_PR
Finding Replacement edges using HS.
Number of roots: 1
Number of cross-edges: 42
Insertion into hashtable over.
num of superComponents: 43
Reversing the paths using PR module 
Executing path_reversal:

Total execution time for Insertion: 2.91 ms.

Function execution times:
Time of Finding unique comps : 1.00 ms
Time of HS: Find Repl edges : 0.68 ms
Time of Path Reversal : 0.49 ms
Time of PR_Shortcut : 0.32 ms
Time of ET: Orientation : 0.21 ms
Time of Pointer Jumping : 0.19 ms
Time of Hashtable insertion : 0.01 ms
Time of Update rep array : 0.01 ms

Executing validate part.
numComp in the graph: 1


filename: kron_g500-logn18.egr
Root: 240038
The input parent array is a BFS tree.
Number of deleted tree edges: 544
numVert: 262144, num_edges: 21269364 and delete batch size: 1000

Root: 240038
Selected Algorithm: HS_ET_PR
Finding Replacement edges using HS.
Number of roots: 541
Number of cross-edges: 4
Insertion into hashtable over.
num of superComponents: 545
Reversing the paths using PR module 
Executing path_reversal:

Total execution time for Deletion: 2.94453 ms.

Function execution times:
Time of HS: Find Repl edges : 1.29 ms
Time of Path Reversal : 0.47 ms
Time of Update data structure : 0.32 ms
Time of PR_Shortcut : 0.31 ms
Time of Pointer Jumping : 0.18 ms
Time of ET: Orientation : 0.18 ms
Time of Finding unique comps : 0.17 ms
Time of Hashtable insertion : 0.01 ms
Time of Update rep array : 0.01 ms

Input tree not connected. num_comp: 541
Selected Algorithm: HS_ET_PR
Finding Replacement edges using HS.
Number of roots: 1
Number of cross-edges: 540
Insertion into hashtable over.
num of superComponents: 541
Reversing the paths using PR module 
Executing path_reversal:

Total execution time for Insertion: 3.26 ms.

Function execution times:
Time of Finding unique comps : 1.01 ms
Time of HS: Find Repl edges : 0.99 ms
Time of Path Reversal : 0.51 ms
Time of PR_Shortcut : 0.32 ms
Time of ET: Orientation : 0.22 ms
Time of Pointer Jumping : 0.19 ms
Time of Hashtable insertion : 0.01 ms
Time of Update rep array : 0.01 ms

Executing validate part.
numComp in the graph: 1


filename: kron_g500-logn18.egr
Root: 22243
The input parent array is a BFS tree.
Number of deleted tree edges: 655
numVert: 262144, num_edges: 21269364 and delete batch size: 1000

Root: 22243
Selected Algorithm: HS_ET_PR
Finding Replacement edges using HS.
Number of roots: 651
Number of cross-edges: 5
Insertion into hashtable over.
num of superComponents: 656
Reversing the paths using PR module 
Executing path_reversal:

Total execution time for Deletion: 2.95938 ms.

Function execution times:
Time of HS: Find Repl edges : 1.28 ms
Time of Path Reversal : 0.47 ms
Time of Update data structure : 0.31 ms
Time of PR_Shortcut : 0.31 ms
Time of Finding unique comps : 0.20 ms
Time of Pointer Jumping : 0.18 ms
Time of ET: Orientation : 0.18 ms
Time of Hashtable insertion : 0.01 ms
Time of Update rep array : 0.01 ms

Input tree not connected. num_comp: 651
Selected Algorithm: HS_ET_PR
Finding Replacement edges using HS.
Number of roots: 1
Number of cross-edges: 650
Insertion into hashtable over.
num of superComponents: 651
Reversing the paths using PR module 
Executing path_reversal:

Total execution time for Insertion: 3.65 ms.

Function execution times:
Time of HS: Find Repl edges : 1.40 ms
Time of Finding unique comps : 1.00 ms
Time of Path Reversal : 0.49 ms
Time of PR_Shortcut : 0.32 ms
Time of ET: Orientation : 0.22 ms
Time of Pointer Jumping : 0.19 ms
Time of Hashtable insertion : 0.01 ms
Time of Update rep array : 0.01 ms

Executing validate part.
numComp in the graph: 1


filename: kron_g500-logn18.egr
Root: 228293
The input parent array is a BFS tree.
Number of deleted tree edges: 573
numVert: 262144, num_edges: 21269364 and delete batch size: 1000

Root: 228293
Selected Algorithm: HS_ET_PR
Finding Replacement edges using HS.
Number of roots: 571
Number of cross-edges: 3
Insertion into hashtable over.
num of superComponents: 574
Reversing the paths using PR module 
Executing path_reversal:

Total execution time for Deletion: 3.03443 ms.

Function execution times:
Time of HS: Find Repl edges : 1.37 ms
Time of Path Reversal : 0.47 ms
Time of Update data structure : 0.32 ms
Time of PR_Shortcut : 0.31 ms
Time of Pointer Jumping : 0.18 ms
Time of Finding unique comps : 0.18 ms
Time of ET: Orientation : 0.18 ms
Time of Hashtable insertion : 0.01 ms
Time of Update rep array : 0.01 ms

Input tree not connected. num_comp: 571
Selected Algorithm: HS_ET_PR
Finding Replacement edges using HS.
Number of roots: 1
Number of cross-edges: 570
Insertion into hashtable over.
num of superComponents: 571
Reversing the paths using PR module 
Executing path_reversal:

Total execution time for Insertion: 3.40 ms.

Function execution times:
Time of HS: Find Repl edges : 1.12 ms
Time of Finding unique comps : 1.01 ms
Time of Path Reversal : 0.51 ms
Time of PR_Shortcut : 0.32 ms
Time of ET: Orientation : 0.23 ms
Time of Pointer Jumping : 0.19 ms
Time of Hashtable insertion : 0.01 ms
Time of Update rep array : 0.01 ms

Executing validate part.
numComp in the graph: 1


filename: kron_g500-logn18.egr
Root: 193890
The input parent array is a BFS tree.
Number of deleted tree edges: 626
numVert: 262144, num_edges: 21269364 and delete batch size: 1000

Root: 193890
Selected Algorithm: HS_ET_PR
Finding Replacement edges using HS.
Number of roots: 621
Number of cross-edges: 6
Insertion into hashtable over.
num of superComponents: 627
Reversing the paths using PR module 
Executing path_reversal:

Total execution time for Deletion: 2.72754 ms.

Function execution times:
Time of HS: Find Repl edges : 1.07 ms
Time of Path Reversal : 0.47 ms
Time of PR_Shortcut : 0.32 ms
Time of Update data structure : 0.31 ms
Time of ET: Orientation : 0.18 ms
Time of Pointer Jumping : 0.18 ms
Time of Finding unique comps : 0.18 ms
Time of Hashtable insertion : 0.01 ms
Time of Update rep array : 0.01 ms

Input tree not connected. num_comp: 621
Selected Algorithm: HS_ET_PR
Finding Replacement edges using HS.
Number of roots: 1
Number of cross-edges: 620
Insertion into hashtable over.
num of superComponents: 621
Reversing the paths using PR module 
Executing path_reversal:

Total execution time for Insertion: 3.05 ms.

Function execution times:
Time of Finding unique comps : 1.00 ms
Time of HS: Find Repl edges : 0.79 ms
Time of Path Reversal : 0.49 ms
Time of PR_Shortcut : 0.32 ms
Time of ET: Orientation : 0.22 ms
Time of Pointer Jumping : 0.19 ms
Time of Hashtable insertion : 0.01 ms
Time of Update rep array : 0.01 ms

Executing validate part.
numComp in the graph: 1


filename: kron_g500-logn18.egr
Root: 128424
The input parent array is a BFS tree.
Number of deleted tree edges: 497
numVert: 262144, num_edges: 21269364 and delete batch size: 1000

Root: 128424
Selected Algorithm: HS_ET_PR
Finding Replacement edges using HS.
Number of roots: 491
Number of cross-edges: 7
Insertion into hashtable over.
num of superComponents: 498
Reversing the paths using PR module 
Executing path_reversal:

Total execution time for Deletion: 2.9687 ms.

Function execution times:
Time of HS: Find Repl edges : 1.32 ms
Time of Path Reversal : 0.47 ms
Time of Update data structure : 0.32 ms
Time of PR_Shortcut : 0.31 ms
Time of Pointer Jumping : 0.18 ms
Time of ET: Orientation : 0.18 ms
Time of Finding unique comps : 0.17 ms
Time of Hashtable insertion : 0.01 ms
Time of Update rep array : 0.01 ms

Input tree not connected. num_comp: 491
Selected Algorithm: HS_ET_PR
Finding Replacement edges using HS.
Number of roots: 1
Number of cross-edges: 490
Insertion into hashtable over.
num of superComponents: 491
Reversing the paths using PR module 
Executing path_reversal:

Total execution time for Insertion: 3.20 ms.

Function execution times:
Time of Finding unique comps : 1.01 ms
Time of HS: Find Repl edges : 0.94 ms
Time of Path Reversal : 0.49 ms
Time of PR_Shortcut : 0.32 ms
Time of ET: Orientation : 0.23 ms
Time of Pointer Jumping : 0.19 ms
Time of Hashtable insertion : 0.01 ms
Time of Update rep array : 0.01 ms

Executing validate part.
numComp in the graph: 1
