

filename: rgg_n_2_23_s0.egr
Root: 1293874
The input parent array is a BFS tree.
Number of deleted tree edges: 5014
numVert: 8388608, num_edges: 127002794 and delete batch size: 100000

Root: 1293874
Selected Algorithm: HS_ET_PR
Finding Replacement edges using HS.
Number of roots: 54
Number of cross-edges: 4961
Insertion into hashtable over.
num of superComponents: 5015
Reversing the paths using PR module 
Executing path_reversal:

Total execution time for Deletion: 94.017 ms.

Function execution times:
Time of HS: Find Repl edges : 63.11 ms
Time of PR_Shortcut : 16.64 ms
Time of Path Reversal : 5.61 ms
Time of ET: Orientation : 3.17 ms
Time of Pointer Jumping : 2.25 ms
Time of Update data structure : 2.14 ms
Time of Finding unique comps : 1.05 ms
Time of Hashtable insertion : 0.03 ms
Time of Update rep array : 0.02 ms

Input tree not connected. num_comp: 54
Selected Algorithm: HS_ET_PR
Finding Replacement edges using HS.
Number of roots: 1
Number of cross-edges: 53
Insertion into hashtable over.
num of superComponents: 54
Reversing the paths using PR module 
Executing path_reversal:

Total execution time for Insertion: 32.53 ms.

Function execution times:
Time of PR_Shortcut : 20.05 ms
Time of Path Reversal : 4.70 ms
Time of HS: Find Repl edges : 4.34 ms
Time of Pointer Jumping : 2.13 ms
Time of Finding unique comps : 1.00 ms
Time of ET: Orientation : 0.27 ms
Time of Hashtable insertion : 0.02 ms
Time of Update rep array : 0.01 ms

Executing validate part.
numComp in the graph: 1


filename: rgg_n_2_23_s0.egr
Root: 4398570
The input parent array is a BFS tree.
Number of deleted tree edges: 4111
numVert: 8388608, num_edges: 127002794 and delete batch size: 100000

Root: 4398570
Selected Algorithm: HS_ET_PR
Finding Replacement edges using HS.
Number of roots: 54
Number of cross-edges: 4058
Insertion into hashtable over.
num of superComponents: 4112
Reversing the paths using PR module 
Executing path_reversal:

Total execution time for Deletion: 121.935 ms.

Function execution times:
Time of HS: Find Repl edges : 91.41 ms
Time of PR_Shortcut : 15.76 ms
Time of Path Reversal : 5.51 ms
Time of ET: Orientation : 3.96 ms
Time of Pointer Jumping : 2.27 ms
Time of Update data structure : 1.91 ms
Time of Finding unique comps : 1.05 ms
Time of Hashtable insertion : 0.05 ms
Time of Update rep array : 0.02 ms

Input tree not connected. num_comp: 54
Selected Algorithm: HS_ET_PR
Finding Replacement edges using HS.
Number of roots: 1
Number of cross-edges: 53
Insertion into hashtable over.
num of superComponents: 54
Reversing the paths using PR module 
Executing path_reversal:

Total execution time for Insertion: 33.13 ms.

Function execution times:
Time of PR_Shortcut : 15.69 ms
Time of HS: Find Repl edges : 10.63 ms
Time of Path Reversal : 4.03 ms
Time of Pointer Jumping : 1.77 ms
Time of Finding unique comps : 0.67 ms
Time of ET: Orientation : 0.31 ms
Time of Update rep array : 0.02 ms
Time of Hashtable insertion : 0.02 ms

Executing validate part.
numComp in the graph: 1


filename: rgg_n_2_23_s0.egr
Root: 6340934
The input parent array is a BFS tree.
Number of deleted tree edges: 9153
numVert: 8388608, num_edges: 127002794 and delete batch size: 100000

Root: 6340934
Selected Algorithm: HS_ET_PR
Finding Replacement edges using HS.
Number of roots: 54
Number of cross-edges: 9100
Insertion into hashtable over.
num of superComponents: 9154
Reversing the paths using PR module 
Executing path_reversal:

Total execution time for Deletion: 97.8832 ms.

Function execution times:
Time of HS: Find Repl edges : 67.77 ms
Time of PR_Shortcut : 16.14 ms
Time of Path Reversal : 5.86 ms
Time of ET: Orientation : 2.65 ms
Time of Pointer Jumping : 2.32 ms
Time of Update data structure : 2.05 ms
Time of Finding unique comps : 1.06 ms
Time of Hashtable insertion : 0.03 ms
Time of Update rep array : 0.02 ms

Input tree not connected. num_comp: 54
Selected Algorithm: HS_ET_PR
Finding Replacement edges using HS.
Number of roots: 1
Number of cross-edges: 53
Insertion into hashtable over.
num of superComponents: 54
Reversing the paths using PR module 
Executing path_reversal:

Total execution time for Insertion: 29.73 ms.

Function execution times:
Time of PR_Shortcut : 15.70 ms
Time of HS: Find Repl edges : 5.78 ms
Time of Path Reversal : 4.79 ms
Time of Pointer Jumping : 2.17 ms
Time of Finding unique comps : 1.01 ms
Time of ET: Orientation : 0.26 ms
Time of Hashtable insertion : 0.02 ms
Time of Update rep array : 0.01 ms

Executing validate part.
numComp in the graph: 1


filename: rgg_n_2_23_s0.egr
Root: 7164364
The input parent array is a BFS tree.
Number of deleted tree edges: 10632
numVert: 8388608, num_edges: 127002794 and delete batch size: 100000

Root: 7164364
Selected Algorithm: HS_ET_PR
Finding Replacement edges using HS.
Number of roots: 54
Number of cross-edges: 10579
Insertion into hashtable over.
num of superComponents: 10633
Reversing the paths using PR module 
Executing path_reversal:

Total execution time for Deletion: 95.2636 ms.

Function execution times:
Time of HS: Find Repl edges : 67.72 ms
Time of PR_Shortcut : 15.13 ms
Time of Path Reversal : 4.45 ms
Time of ET: Orientation : 2.63 ms
Time of Pointer Jumping : 2.30 ms
Time of Update data structure : 1.93 ms
Time of Finding unique comps : 1.05 ms
Time of Hashtable insertion : 0.03 ms
Time of Update rep array : 0.02 ms

Input tree not connected. num_comp: 54
Selected Algorithm: HS_ET_PR
Finding Replacement edges using HS.
Number of roots: 1
Number of cross-edges: 53
Insertion into hashtable over.
num of superComponents: 54
Reversing the paths using PR module 
Executing path_reversal:

Total execution time for Insertion: 28.03 ms.

Function execution times:
Time of PR_Shortcut : 15.33 ms
Time of HS: Find Repl edges : 6.22 ms
Time of Path Reversal : 3.66 ms
Time of Pointer Jumping : 1.59 ms
Time of Finding unique comps : 1.00 ms
Time of ET: Orientation : 0.21 ms
Time of Hashtable insertion : 0.01 ms
Time of Update rep array : 0.01 ms

Executing validate part.
numComp in the graph: 1


filename: rgg_n_2_23_s0.egr
Root: 8341459
The input parent array is a BFS tree.
Number of deleted tree edges: 12288
numVert: 8388608, num_edges: 127002794 and delete batch size: 100000

Root: 8341459
Selected Algorithm: HS_ET_PR
Finding Replacement edges using HS.
Number of roots: 54
Number of cross-edges: 12235
Insertion into hashtable over.
num of superComponents: 12289
Reversing the paths using PR module 
Executing path_reversal:

Total execution time for Deletion: 78.6687 ms.

Function execution times:
Time of HS: Find Repl edges : 51.11 ms
Time of PR_Shortcut : 14.90 ms
Time of Path Reversal : 4.77 ms
Time of ET: Orientation : 2.62 ms
Time of Pointer Jumping : 2.30 ms
Time of Update data structure : 1.87 ms
Time of Finding unique comps : 1.05 ms
Time of Hashtable insertion : 0.03 ms
Time of Update rep array : 0.02 ms

Input tree not connected. num_comp: 54
Selected Algorithm: HS_ET_PR
Finding Replacement edges using HS.
Number of roots: 1
Number of cross-edges: 53
Insertion into hashtable over.
num of superComponents: 54
Reversing the paths using PR module 
Executing path_reversal:

Total execution time for Insertion: 34.78 ms.

Function execution times:
Time of PR_Shortcut : 16.25 ms
Time of HS: Find Repl edges : 11.64 ms
Time of Path Reversal : 3.91 ms
Time of Pointer Jumping : 1.74 ms
Time of Finding unique comps : 0.98 ms
Time of ET: Orientation : 0.23 ms
Time of Hashtable insertion : 0.01 ms
Time of Update rep array : 0.01 ms

Executing validate part.
numComp in the graph: 1


filename: rgg_n_2_23_s0.egr
Root: 3252348
The input parent array is a BFS tree.
Number of deleted tree edges: 1227
numVert: 8388608, num_edges: 127002794 and delete batch size: 10000

Root: 3252348
Selected Algorithm: HS_ET_PR
Finding Replacement edges using HS.
Number of roots: 54
Number of cross-edges: 1174
Insertion into hashtable over.
num of superComponents: 1228
Reversing the paths using PR module 
Executing path_reversal:

Total execution time for Deletion: 56.7887 ms.

Function execution times:
Time of HS: Find Repl edges : 29.51 ms
Time of PR_Shortcut : 16.15 ms
Time of Path Reversal : 4.91 ms
Time of Pointer Jumping : 2.20 ms
Time of Update data structure : 1.77 ms
Time of ET: Orientation : 1.16 ms
Time of Finding unique comps : 1.04 ms
Time of Hashtable insertion : 0.02 ms
Time of Update rep array : 0.02 ms

Input tree not connected. num_comp: 54
Selected Algorithm: HS_ET_PR
Finding Replacement edges using HS.
Number of roots: 1
Number of cross-edges: 53
Insertion into hashtable over.
num of superComponents: 54
Reversing the paths using PR module 
Executing path_reversal:

Total execution time for Insertion: 29.36 ms.

Function execution times:
Time of PR_Shortcut : 15.58 ms
Time of HS: Find Repl edges : 5.60 ms
Time of Path Reversal : 4.74 ms
Time of Pointer Jumping : 2.14 ms
Time of Finding unique comps : 1.00 ms
Time of ET: Orientation : 0.27 ms
Time of Hashtable insertion : 0.02 ms
Time of Update rep array : 0.01 ms

Executing validate part.
numComp in the graph: 1


filename: rgg_n_2_23_s0.egr
Root: 5631391
The input parent array is a BFS tree.
Number of deleted tree edges: 757
numVert: 8388608, num_edges: 127002794 and delete batch size: 10000

Root: 5631391
Selected Algorithm: HS_ET_PR
Finding Replacement edges using HS.
Number of roots: 54
Number of cross-edges: 704
Insertion into hashtable over.
num of superComponents: 758
Reversing the paths using PR module 
Executing path_reversal:

Total execution time for Deletion: 53.1322 ms.

Function execution times:
Time of HS: Find Repl edges : 26.71 ms
Time of PR_Shortcut : 16.11 ms
Time of Path Reversal : 4.92 ms
Time of Pointer Jumping : 2.17 ms
Time of Update data structure : 1.82 ms
Time of Finding unique comps : 1.03 ms
Time of ET: Orientation : 0.32 ms
Time of Hashtable insertion : 0.02 ms
Time of Update rep array : 0.02 ms

Input tree not connected. num_comp: 54
Selected Algorithm: HS_ET_PR
Finding Replacement edges using HS.
Number of roots: 1
Number of cross-edges: 53
Insertion into hashtable over.
num of superComponents: 54
Reversing the paths using PR module 
Executing path_reversal:

Total execution time for Insertion: 28.38 ms.

Function execution times:
Time of PR_Shortcut : 15.90 ms
Time of Path Reversal : 4.69 ms
Time of HS: Find Repl edges : 4.37 ms
Time of Pointer Jumping : 2.14 ms
Time of Finding unique comps : 0.99 ms
Time of ET: Orientation : 0.26 ms
Time of Hashtable insertion : 0.02 ms
Time of Update rep array : 0.01 ms

Executing validate part.
numComp in the graph: 1


filename: rgg_n_2_23_s0.egr
Root: 7053512
The input parent array is a BFS tree.
Number of deleted tree edges: 1101
numVert: 8388608, num_edges: 127002794 and delete batch size: 10000

Root: 7053512
Selected Algorithm: HS_ET_PR
Finding Replacement edges using HS.
Number of roots: 54
Number of cross-edges: 1048
Insertion into hashtable over.
num of superComponents: 1102
Reversing the paths using PR module 
Executing path_reversal:

Total execution time for Deletion: 53.1698 ms.

Function execution times:
Time of HS: Find Repl edges : 26.87 ms
Time of PR_Shortcut : 16.09 ms
Time of Path Reversal : 4.84 ms
Time of Pointer Jumping : 2.18 ms
Time of Update data structure : 1.79 ms
Time of Finding unique comps : 1.03 ms
Time of ET: Orientation : 0.33 ms
Time of Hashtable insertion : 0.03 ms
Time of Update rep array : 0.02 ms

Input tree not connected. num_comp: 54
Selected Algorithm: HS_ET_PR
Finding Replacement edges using HS.
Number of roots: 1
Number of cross-edges: 53
Insertion into hashtable over.
num of superComponents: 54
Reversing the paths using PR module 
Executing path_reversal:

Total execution time for Insertion: 29.89 ms.

Function execution times:
Time of PR_Shortcut : 16.11 ms
Time of HS: Find Repl edges : 5.68 ms
Time of Path Reversal : 4.69 ms
Time of Pointer Jumping : 2.13 ms
Time of Finding unique comps : 1.00 ms
Time of ET: Orientation : 0.26 ms
Time of Hashtable insertion : 0.02 ms
Time of Update rep array : 0.01 ms

Executing validate part.
numComp in the graph: 1


filename: rgg_n_2_23_s0.egr
Root: 2054134
The input parent array is a BFS tree.
Number of deleted tree edges: 812
numVert: 8388608, num_edges: 127002794 and delete batch size: 10000

Root: 2054134
Selected Algorithm: HS_ET_PR
Finding Replacement edges using HS.
Number of roots: 54
Number of cross-edges: 759
Insertion into hashtable over.
num of superComponents: 813
Reversing the paths using PR module 
Executing path_reversal:

Total execution time for Deletion: 50.697 ms.

Function execution times:
Time of PR_Shortcut : 20.34 ms
Time of HS: Find Repl edges : 20.11 ms
Time of Path Reversal : 4.85 ms
Time of Pointer Jumping : 2.16 ms
Time of Update data structure : 1.84 ms
Time of Finding unique comps : 1.04 ms
Time of ET: Orientation : 0.33 ms
Time of Hashtable insertion : 0.02 ms
Time of Update rep array : 0.02 ms

Input tree not connected. num_comp: 54
Selected Algorithm: HS_ET_PR
Finding Replacement edges using HS.
Number of roots: 1
Number of cross-edges: 53
Insertion into hashtable over.
num of superComponents: 54
Reversing the paths using PR module 
Executing path_reversal:

Total execution time for Insertion: 29.46 ms.

Function execution times:
Time of PR_Shortcut : 15.60 ms
Time of HS: Find Repl edges : 5.74 ms
Time of Path Reversal : 4.71 ms
Time of Pointer Jumping : 2.13 ms
Time of Finding unique comps : 0.98 ms
Time of ET: Orientation : 0.27 ms
Time of Hashtable insertion : 0.02 ms
Time of Update rep array : 0.01 ms

Executing validate part.
numComp in the graph: 1


filename: rgg_n_2_23_s0.egr
Root: 6309422
The input parent array is a BFS tree.
Number of deleted tree edges: 864
numVert: 8388608, num_edges: 127002794 and delete batch size: 10000

Root: 6309422
Selected Algorithm: HS_ET_PR
Finding Replacement edges using HS.
Number of roots: 54
Number of cross-edges: 811
Insertion into hashtable over.
num of superComponents: 865
Reversing the paths using PR module 
Executing path_reversal:

Total execution time for Deletion: 48.2593 ms.

Function execution times:
Time of HS: Find Repl edges : 21.24 ms
Time of PR_Shortcut : 16.08 ms
Time of Path Reversal : 4.95 ms
Time of Update data structure : 2.70 ms
Time of Pointer Jumping : 2.25 ms
Time of Finding unique comps : 0.53 ms
Time of ET: Orientation : 0.45 ms
Time of Hashtable insertion : 0.04 ms
Time of Update rep array : 0.02 ms

Input tree not connected. num_comp: 54
Selected Algorithm: HS_ET_PR
Finding Replacement edges using HS.
Number of roots: 1
Number of cross-edges: 53
Insertion into hashtable over.
num of superComponents: 54
Reversing the paths using PR module 
Executing path_reversal:

Total execution time for Insertion: 32.36 ms.

Function execution times:
Time of PR_Shortcut : 16.49 ms
Time of HS: Find Repl edges : 7.34 ms
Time of Path Reversal : 4.86 ms
Time of Pointer Jumping : 2.23 ms
Time of Finding unique comps : 0.93 ms
Time of ET: Orientation : 0.45 ms
Time of Hashtable insertion : 0.03 ms
Time of Update rep array : 0.02 ms

Executing validate part.
numComp in the graph: 1


filename: rgg_n_2_23_s0.egr
Root: 6717225
The input parent array is a BFS tree.
Number of deleted tree edges: 60
numVert: 8388608, num_edges: 127002794 and delete batch size: 100

Root: 6717225
Selected Algorithm: HS_ET_PR
Finding Replacement edges using HS.
Number of roots: 54
Number of cross-edges: 7
Insertion into hashtable over.
num of superComponents: 61
Reversing the paths using PR module 
Executing path_reversal:

Total execution time for Deletion: 39.329 ms.

Function execution times:
Time of PR_Shortcut : 16.49 ms
Time of HS: Find Repl edges : 13.10 ms
Time of Path Reversal : 4.55 ms
Time of Pointer Jumping : 2.13 ms
Time of Update data structure : 1.76 ms
Time of Finding unique comps : 0.99 ms
Time of ET: Orientation : 0.26 ms
Time of Hashtable insertion : 0.02 ms
Time of Update rep array : 0.01 ms

Input tree not connected. num_comp: 54
Selected Algorithm: HS_ET_PR
Finding Replacement edges using HS.
Number of roots: 1
Number of cross-edges: 53
Insertion into hashtable over.
num of superComponents: 54
Reversing the paths using PR module 
Executing path_reversal:

Total execution time for Insertion: 30.53 ms.

Function execution times:
Time of PR_Shortcut : 16.26 ms
Time of HS: Find Repl edges : 6.17 ms
Time of Path Reversal : 4.68 ms
Time of Pointer Jumping : 2.14 ms
Time of Finding unique comps : 1.00 ms
Time of ET: Orientation : 0.26 ms
Time of Hashtable insertion : 0.02 ms
Time of Update rep array : 0.01 ms

Executing validate part.
numComp in the graph: 1


filename: rgg_n_2_23_s0.egr
Root: 5652536
The input parent array is a BFS tree.
Number of deleted tree edges: 57
numVert: 8388608, num_edges: 127002794 and delete batch size: 100

Root: 5652536
Selected Algorithm: HS_ET_PR
Finding Replacement edges using HS.
Number of roots: 54
Number of cross-edges: 4
Insertion into hashtable over.
num of superComponents: 58
Reversing the paths using PR module 
Executing path_reversal:

Total execution time for Deletion: 33.2964 ms.

Function execution times:
Time of PR_Shortcut : 16.48 ms
Time of HS: Find Repl edges : 7.11 ms
Time of Path Reversal : 4.55 ms
Time of Pointer Jumping : 2.10 ms
Time of Update data structure : 1.77 ms
Time of Finding unique comps : 0.99 ms
Time of ET: Orientation : 0.26 ms
Time of Hashtable insertion : 0.02 ms
Time of Update rep array : 0.01 ms

Input tree not connected. num_comp: 54
Selected Algorithm: HS_ET_PR
Finding Replacement edges using HS.
Number of roots: 1
Number of cross-edges: 53
Insertion into hashtable over.
num of superComponents: 54
Reversing the paths using PR module 
Executing path_reversal:

Total execution time for Insertion: 30.31 ms.

Function execution times:
Time of PR_Shortcut : 16.26 ms
Time of HS: Find Repl edges : 6.02 ms
Time of Path Reversal : 4.64 ms
Time of Pointer Jumping : 2.11 ms
Time of Finding unique comps : 0.99 ms
Time of ET: Orientation : 0.26 ms
Time of Hashtable insertion : 0.02 ms
Time of Update rep array : 0.01 ms

Executing validate part.
numComp in the graph: 1


filename: rgg_n_2_23_s0.egr
Root: 90249
The input parent array is a BFS tree.
Number of deleted tree edges: 46
numVert: 8388608, num_edges: 127002794 and delete batch size: 100

Root: 90249
Selected Algorithm: HS_ET_PR
Finding Replacement edges using HS.
Number of roots: 42
Number of cross-edges: 5
Insertion into hashtable over.
num of superComponents: 47
Reversing the paths using PR module 
Executing path_reversal:

Total execution time for Deletion: 38.4969 ms.

Function execution times:
Time of PR_Shortcut : 16.26 ms
Time of HS: Find Repl edges : 12.32 ms
Time of Path Reversal : 4.63 ms
Time of Pointer Jumping : 2.07 ms
Time of Update data structure : 1.91 ms
Time of Finding unique comps : 1.00 ms
Time of ET: Orientation : 0.27 ms
Time of Hashtable insertion : 0.03 ms
Time of Update rep array : 0.01 ms

Input tree not connected. num_comp: 42
Selected Algorithm: HS_ET_PR
Finding Replacement edges using HS.
Number of roots: 1
Number of cross-edges: 41
Insertion into hashtable over.
num of superComponents: 42
Reversing the paths using PR module 
Executing path_reversal:

Total execution time for Insertion: 26.25 ms.

Function execution times:
Time of PR_Shortcut : 14.88 ms
Time of HS: Find Repl edges : 4.24 ms
Time of Path Reversal : 3.75 ms
Time of Pointer Jumping : 2.09 ms
Time of Finding unique comps : 1.00 ms
Time of ET: Orientation : 0.27 ms
Time of Hashtable insertion : 0.02 ms
Time of Update rep array : 0.01 ms

Executing validate part.
numComp in the graph: 1


filename: rgg_n_2_23_s0.egr
Root: 5011113
The input parent array is a BFS tree.
Number of deleted tree edges: 41
numVert: 8388608, num_edges: 127002794 and delete batch size: 100

Root: 5011113
Selected Algorithm: HS_ET_PR
Finding Replacement edges using HS.
Number of roots: 41
Number of cross-edges: 1
Insertion into hashtable over.
num of superComponents: 42
Reversing the paths using PR module 
Executing path_reversal:

Total execution time for Deletion: 32.9056 ms.

Function execution times:
Time of PR_Shortcut : 15.78 ms
Time of HS: Find Repl edges : 7.32 ms
Time of Path Reversal : 4.56 ms
Time of Pointer Jumping : 2.11 ms
Time of Update data structure : 1.85 ms
Time of Finding unique comps : 1.00 ms
Time of ET: Orientation : 0.26 ms
Time of Hashtable insertion : 0.02 ms
Time of Update rep array : 0.01 ms

Input tree not connected. num_comp: 41
Selected Algorithm: HS_ET_PR
Finding Replacement edges using HS.
Number of roots: 1
Number of cross-edges: 40
Insertion into hashtable over.
num of superComponents: 41
Reversing the paths using PR module 
Executing path_reversal:

Total execution time for Insertion: 29.02 ms.

Function execution times:
Time of PR_Shortcut : 15.59 ms
Time of HS: Find Repl edges : 5.75 ms
Time of Path Reversal : 4.42 ms
Time of Pointer Jumping : 2.00 ms
Time of Finding unique comps : 1.00 ms
Time of ET: Orientation : 0.24 ms
Time of Hashtable insertion : 0.01 ms
Time of Update rep array : 0.01 ms

Executing validate part.
numComp in the graph: 1


filename: rgg_n_2_23_s0.egr
Root: 115975
The input parent array is a BFS tree.
Number of deleted tree edges: 56
numVert: 8388608, num_edges: 127002794 and delete batch size: 100

Root: 115975
Selected Algorithm: HS_ET_PR
Finding Replacement edges using HS.
Number of roots: 54
Number of cross-edges: 3
Insertion into hashtable over.
num of superComponents: 57
Reversing the paths using PR module 
Executing path_reversal:

Total execution time for Deletion: 45.7462 ms.

Function execution times:
Time of PR_Shortcut : 15.78 ms
Time of HS: Find Repl edges : 12.66 ms
Time of Update data structure : 9.35 ms
Time of Path Reversal : 4.58 ms
Time of Pointer Jumping : 2.10 ms
Time of Finding unique comps : 1.00 ms
Time of ET: Orientation : 0.26 ms
Time of Hashtable insertion : 0.02 ms
Time of Update rep array : 0.01 ms

Input tree not connected. num_comp: 54
Selected Algorithm: HS_ET_PR
Finding Replacement edges using HS.
Number of roots: 1
Number of cross-edges: 53
Insertion into hashtable over.
num of superComponents: 54
Reversing the paths using PR module 
Executing path_reversal:

Total execution time for Insertion: 30.86 ms.

Function execution times:
Time of PR_Shortcut : 16.41 ms
Time of HS: Find Repl edges : 7.48 ms
Time of Path Reversal : 3.57 ms
Time of Pointer Jumping : 2.11 ms
Time of Finding unique comps : 1.00 ms
Time of ET: Orientation : 0.26 ms
Time of Hashtable insertion : 0.02 ms
Time of Update rep array : 0.01 ms

Executing validate part.
numComp in the graph: 1


filename: rgg_n_2_23_s0.egr
Root: 5538140
The input parent array is a BFS tree.
Number of deleted tree edges: 131
numVert: 8388608, num_edges: 127002794 and delete batch size: 1000

Root: 5538140
Selected Algorithm: HS_ET_PR
Finding Replacement edges using HS.
Number of roots: 54
Number of cross-edges: 78
Insertion into hashtable over.
num of superComponents: 132
Reversing the paths using PR module 
Executing path_reversal:

Total execution time for Deletion: 38.5681 ms.

Function execution times:
Time of PR_Shortcut : 16.21 ms
Time of HS: Find Repl edges : 12.43 ms
Time of Path Reversal : 4.64 ms
Time of Pointer Jumping : 2.13 ms
Time of Update data structure : 1.83 ms
Time of Finding unique comps : 1.01 ms
Time of ET: Orientation : 0.29 ms
Time of Hashtable insertion : 0.02 ms
Time of Update rep array : 0.02 ms

Input tree not connected. num_comp: 54
Selected Algorithm: HS_ET_PR
Finding Replacement edges using HS.
Number of roots: 1
Number of cross-edges: 53
Insertion into hashtable over.
num of superComponents: 54
Reversing the paths using PR module 
Executing path_reversal:

Total execution time for Insertion: 29.90 ms.

Function execution times:
Time of PR_Shortcut : 15.95 ms
Time of HS: Find Repl edges : 5.78 ms
Time of Path Reversal : 4.73 ms
Time of Pointer Jumping : 2.14 ms
Time of Finding unique comps : 1.00 ms
Time of ET: Orientation : 0.27 ms
Time of Hashtable insertion : 0.02 ms
Time of Update rep array : 0.01 ms

Executing validate part.
numComp in the graph: 1


filename: rgg_n_2_23_s0.egr
Root: 4982172
The input parent array is a BFS tree.
Number of deleted tree edges: 70
numVert: 8388608, num_edges: 127002794 and delete batch size: 1000

Root: 4982172
Selected Algorithm: HS_ET_PR
Finding Replacement edges using HS.
Number of roots: 54
Number of cross-edges: 17
Insertion into hashtable over.
num of superComponents: 71
Reversing the paths using PR module 
Executing path_reversal:

Total execution time for Deletion: 39.2109 ms.

Function execution times:
Time of PR_Shortcut : 16.90 ms
Time of HS: Find Repl edges : 12.47 ms
Time of Path Reversal : 4.61 ms
Time of Pointer Jumping : 2.10 ms
Time of Update data structure : 1.83 ms
Time of Finding unique comps : 0.99 ms
Time of ET: Orientation : 0.29 ms
Time of Hashtable insertion : 0.02 ms
Time of Update rep array : 0.01 ms

Input tree not connected. num_comp: 54
Selected Algorithm: HS_ET_PR
Finding Replacement edges using HS.
Number of roots: 1
Number of cross-edges: 53
Insertion into hashtable over.
num of superComponents: 54
Reversing the paths using PR module 
Executing path_reversal:

Total execution time for Insertion: 30.30 ms.

Function execution times:
Time of PR_Shortcut : 16.53 ms
Time of HS: Find Repl edges : 5.70 ms
Time of Path Reversal : 4.67 ms
Time of Pointer Jumping : 2.10 ms
Time of Finding unique comps : 1.00 ms
Time of ET: Orientation : 0.27 ms
Time of Hashtable insertion : 0.02 ms
Time of Update rep array : 0.01 ms

Executing validate part.
numComp in the graph: 1


filename: rgg_n_2_23_s0.egr
Root: 5741377
The input parent array is a BFS tree.
Number of deleted tree edges: 114
numVert: 8388608, num_edges: 127002794 and delete batch size: 1000

Root: 5741377
Selected Algorithm: HS_ET_PR
Finding Replacement edges using HS.
Number of roots: 54
Number of cross-edges: 61
Insertion into hashtable over.
num of superComponents: 115
Reversing the paths using PR module 
Executing path_reversal:

Total execution time for Deletion: 38.7835 ms.

Function execution times:
Time of PR_Shortcut : 16.29 ms
Time of HS: Find Repl edges : 12.60 ms
Time of Path Reversal : 4.63 ms
Time of Pointer Jumping : 2.12 ms
Time of Update data structure : 1.82 ms
Time of Finding unique comps : 1.00 ms
Time of ET: Orientation : 0.29 ms
Time of Hashtable insertion : 0.02 ms
Time of Update rep array : 0.02 ms

Input tree not connected. num_comp: 54
Selected Algorithm: HS_ET_PR
Finding Replacement edges using HS.
Number of roots: 1
Number of cross-edges: 53
Insertion into hashtable over.
num of superComponents: 54
Reversing the paths using PR module 
Executing path_reversal:

Total execution time for Insertion: 30.39 ms.

Function execution times:
Time of PR_Shortcut : 16.30 ms
Time of HS: Find Repl edges : 5.95 ms
Time of Path Reversal : 4.72 ms
Time of Pointer Jumping : 2.12 ms
Time of Finding unique comps : 1.00 ms
Time of ET: Orientation : 0.27 ms
Time of Hashtable insertion : 0.02 ms
Time of Update rep array : 0.01 ms

Executing validate part.
numComp in the graph: 1


filename: rgg_n_2_23_s0.egr
Root: 2861476
The input parent array is a BFS tree.
Number of deleted tree edges: 153
numVert: 8388608, num_edges: 127002794 and delete batch size: 1000

Root: 2861476
Selected Algorithm: HS_ET_PR
Finding Replacement edges using HS.
Number of roots: 54
Number of cross-edges: 100
Insertion into hashtable over.
num of superComponents: 154
Reversing the paths using PR module 
Executing path_reversal:

Total execution time for Deletion: 39.367 ms.

Function execution times:
Time of PR_Shortcut : 16.62 ms
Time of HS: Find Repl edges : 12.84 ms
Time of Path Reversal : 4.62 ms
Time of Pointer Jumping : 2.13 ms
Time of Update data structure : 1.79 ms
Time of Finding unique comps : 1.01 ms
Time of ET: Orientation : 0.33 ms
Time of Hashtable insertion : 0.02 ms
Time of Update rep array : 0.02 ms

Input tree not connected. num_comp: 54
Selected Algorithm: HS_ET_PR
Finding Replacement edges using HS.
Number of roots: 1
Number of cross-edges: 53
Insertion into hashtable over.
num of superComponents: 54
Reversing the paths using PR module 
Executing path_reversal:

Total execution time for Insertion: 31.33 ms.

Function execution times:
Time of PR_Shortcut : 15.52 ms
Time of HS: Find Repl edges : 7.65 ms
Time of Path Reversal : 4.74 ms
Time of Pointer Jumping : 2.13 ms
Time of Finding unique comps : 1.00 ms
Time of ET: Orientation : 0.27 ms
Time of Hashtable insertion : 0.02 ms
Time of Update rep array : 0.01 ms

Executing validate part.
numComp in the graph: 1


filename: rgg_n_2_23_s0.egr
Root: 4310882
The input parent array is a BFS tree.
Number of deleted tree edges: 101
numVert: 8388608, num_edges: 127002794 and delete batch size: 1000

Root: 4310882
Selected Algorithm: HS_ET_PR
Finding Replacement edges using HS.
Number of roots: 54
Number of cross-edges: 48
Insertion into hashtable over.
num of superComponents: 102
Reversing the paths using PR module 
Executing path_reversal:

Total execution time for Deletion: 38.925 ms.

Function execution times:
Time of PR_Shortcut : 16.41 ms
Time of HS: Find Repl edges : 12.60 ms
Time of Path Reversal : 4.68 ms
Time of Pointer Jumping : 2.12 ms
Time of Update data structure : 1.81 ms
Time of Finding unique comps : 0.99 ms
Time of ET: Orientation : 0.28 ms
Time of Hashtable insertion : 0.02 ms
Time of Update rep array : 0.02 ms

Input tree not connected. num_comp: 54
Selected Algorithm: HS_ET_PR
Finding Replacement edges using HS.
Number of roots: 1
Number of cross-edges: 53
Insertion into hashtable over.
num of superComponents: 54
Reversing the paths using PR module 
Executing path_reversal:

Total execution time for Insertion: 29.28 ms.

Function execution times:
Time of PR_Shortcut : 16.01 ms
Time of HS: Find Repl edges : 6.00 ms
Time of Path Reversal : 4.15 ms
Time of Pointer Jumping : 1.85 ms
Time of Finding unique comps : 1.00 ms
Time of ET: Orientation : 0.24 ms
Time of Hashtable insertion : 0.02 ms
Time of Update rep array : 0.01 ms

Executing validate part.
numComp in the graph: 1
