filename: arabic-2005.txt
Nodes : 22744080
Edges : 553903601

------------------------------------------------------
Batch : 0

 Current edges 553903601
Deleted : 100000
Time of (17)PR Shortcut : 48.577000 ms 
Time of (9)Hooking Shortcutting : 37.01800 ms 
Time of (6)Get key rem collections : 14.12600 ms 
Time of (1)Get key rem collections : 14.11600 ms 
Time of (12)Transedges prefix : 13.80900 ms 
Time of (5)Generate new edges : 13.05500 ms 
Time of (4)Remove edges : 9.88400 ms 
Time of (18)PR Reverse Paths : 8.94600 ms 
Time of (2)Convert to collection : 8.24600 ms 
Time of (7)Convert to collection : 8.06700 ms 
Time of (3)Edge Deletion : 3.99800 ms 
Time of (19)Reverse Edges and Connect Parent : 3.11200 ms 
Time of (8)Shortcut rep : 1.96100 ms 
Time of (15)PR Loop : 1.61100 ms 
Time of (0)Extracting Roots : 0.79500 ms 
Time of (10)Compress Graph : 0.31800 ms 
Time of (16)Component Parent, Reversals : 0.31200 ms 
Time of (14)PR init : 0.01600 ms 
Time of (13)Get edges : 0.00700 ms 
Time of (11)Get compressed list : 0.00700 ms 
Time (total): 187.98100 ms 
--------------------------------------------------------
filename: arabic-2005.txt
Nodes : 22744080
Edges : 553903601

------------------------------------------------------
Batch : 0

 Current edges 553903601
Deleted : 100000
Time of (17)PR Shortcut : 48.483000 ms 
Time of (9)Hooking Shortcutting : 36.97300 ms 
Time of (6)Get key rem collections : 16.19700 ms 
Time of (1)Get key rem collections : 14.04400 ms 
Time of (5)Generate new edges : 13.25000 ms 
Time of (18)PR Reverse Paths : 8.93100 ms 
Time of (12)Transedges prefix : 8.58500 ms 
Time of (2)Convert to collection : 8.22400 ms 
Time of (7)Convert to collection : 8.07400 ms 
Time of (4)Remove edges : 7.07700 ms 
Time of (19)Reverse Edges and Connect Parent : 3.12600 ms 
Time of (3)Edge Deletion : 2.95300 ms 
Time of (8)Shortcut rep : 1.94400 ms 
Time of (15)PR Loop : 1.56600 ms 
Time of (0)Extracting Roots : 0.68700 ms 
Time of (16)Component Parent, Reversals : 0.30100 ms 
Time of (10)Compress Graph : 0.27700 ms 
Time of (14)PR init : 0.01300 ms 
Time of (11)Get compressed list : 0.00600 ms 
Time of (13)Get edges : 0.00500 ms 
Time (total): 180.71600 ms 
--------------------------------------------------------
filename: arabic-2005.txt
Nodes : 22744080
Edges : 553903601

------------------------------------------------------
Batch : 0

 Current edges 553903601
Deleted : 100000
Time of (17)PR Shortcut : 47.758000 ms 
Time of (9)Hooking Shortcutting : 39.44500 ms 
Time of (6)Get key rem collections : 17.39700 ms 
Time of (1)Get key rem collections : 14.56100 ms 
Time of (5)Generate new edges : 13.51000 ms 
Time of (18)PR Reverse Paths : 8.94900 ms 
Time of (12)Transedges prefix : 8.53100 ms 
Time of (2)Convert to collection : 8.47400 ms 
Time of (7)Convert to collection : 8.19400 ms 
Time of (4)Remove edges : 7.15500 ms 
Time of (19)Reverse Edges and Connect Parent : 4.13000 ms 
Time of (3)Edge Deletion : 2.95700 ms 
Time of (8)Shortcut rep : 1.93700 ms 
Time of (15)PR Loop : 1.54700 ms 
Time of (0)Extracting Roots : 0.73800 ms 
Time of (16)Component Parent, Reversals : 0.29900 ms 
Time of (10)Compress Graph : 0.28700 ms 
Time of (14)PR init : 0.01300 ms 
Time of (13)Get edges : 0.00500 ms 
Time of (11)Get compressed list : 0.00500 ms 
Time (total): 185.89200 ms 
--------------------------------------------------------
filename: arabic-2005.txt
Nodes : 22744080
Edges : 553903601

------------------------------------------------------
Batch : 0

 Current edges 553903601
Deleted : 100000
Time of (17)PR Shortcut : 48.614000 ms 
Time of (9)Hooking Shortcutting : 36.98400 ms 
Time of (1)Get key rem collections : 14.55300 ms 
Time of (6)Get key rem collections : 14.07600 ms 
Time of (5)Generate new edges : 13.03900 ms 
Time of (18)PR Reverse Paths : 8.92400 ms 
Time of (12)Transedges prefix : 8.56600 ms 
Time of (2)Convert to collection : 8.40800 ms 
Time of (7)Convert to collection : 8.06900 ms 
Time of (4)Remove edges : 6.63400 ms 
Time of (19)Reverse Edges and Connect Parent : 3.13000 ms 
Time of (3)Edge Deletion : 2.94800 ms 
Time of (8)Shortcut rep : 1.98000 ms 
Time of (15)PR Loop : 1.55800 ms 
Time of (0)Extracting Roots : 0.68200 ms 
Time of (16)Component Parent, Reversals : 0.30100 ms 
Time of (10)Compress Graph : 0.28100 ms 
Time of (14)PR init : 0.01200 ms 
Time of (11)Get compressed list : 0.00600 ms 
Time of (13)Get edges : 0.00500 ms 
Time (total): 178.77000 ms 
--------------------------------------------------------
filename: arabic-2005.txt
Nodes : 22744080
Edges : 553903601

------------------------------------------------------
Batch : 0

 Current edges 553903601
Deleted : 100000
Time of (9)Hooking Shortcutting : 55.649000 ms 
Time of (17)PR Shortcut : 47.60100 ms 
Time of (6)Get key rem collections : 14.98400 ms 
Time of (1)Get key rem collections : 14.67600 ms 
Time of (5)Generate new edges : 13.54700 ms 
Time of (18)PR Reverse Paths : 8.94600 ms 
Time of (12)Transedges prefix : 8.53200 ms 
Time of (2)Convert to collection : 8.53100 ms 
Time of (7)Convert to collection : 8.09700 ms 
Time of (4)Remove edges : 7.07000 ms 
Time of (3)Edge Deletion : 3.69700 ms 
Time of (19)Reverse Edges and Connect Parent : 3.10600 ms 
Time of (8)Shortcut rep : 1.94200 ms 
Time of (15)PR Loop : 1.58600 ms 
Time of (0)Extracting Roots : 0.72400 ms 
Time of (16)Component Parent, Reversals : 0.31400 ms 
Time of (10)Compress Graph : 0.28900 ms 
Time of (14)PR init : 0.01300 ms 
Time of (11)Get compressed list : 0.00900 ms 
Time of (13)Get edges : 0.00600 ms 
Time (total): 199.31900 ms 
--------------------------------------------------------
filename: arabic-2005.txt
Nodes : 22744080
Edges : 553903601

------------------------------------------------------
Batch : 0

 Current edges 553903601
Deleted : 10000
Time of (17)PR Shortcut : 48.608000 ms 
Time of (9)Hooking Shortcutting : 36.93800 ms 
Time of (6)Get key rem collections : 15.17300 ms 
Time of (1)Get key rem collections : 14.22700 ms 
Time of (5)Generate new edges : 13.04900 ms 
Time of (18)PR Reverse Paths : 8.81300 ms 
Time of (12)Transedges prefix : 8.51400 ms 
Time of (2)Convert to collection : 8.40600 ms 
Time of (7)Convert to collection : 8.11900 ms 
Time of (4)Remove edges : 6.76100 ms 
Time of (19)Reverse Edges and Connect Parent : 4.28800 ms 
Time of (3)Edge Deletion : 2.52800 ms 
Time of (8)Shortcut rep : 1.94700 ms 
Time of (0)Extracting Roots : 0.75300 ms 
Time of (15)PR Loop : 0.49500 ms 
Time of (16)Component Parent, Reversals : 0.30200 ms 
Time of (10)Compress Graph : 0.29200 ms 
Time of (14)PR init : 0.01400 ms 
Time of (11)Get compressed list : 0.00700 ms 
Time of (13)Get edges : 0.00600 ms 
Time (total): 179.24000 ms 
--------------------------------------------------------
filename: arabic-2005.txt
Nodes : 22744080
Edges : 553903601

------------------------------------------------------
Batch : 0

 Current edges 553903601
Deleted : 10000
Time of (17)PR Shortcut : 48.552000 ms 
Time of (9)Hooking Shortcutting : 37.15500 ms 
Time of (6)Get key rem collections : 16.56100 ms 
Time of (1)Get key rem collections : 14.89900 ms 
Time of (5)Generate new edges : 13.59500 ms 
Time of (12)Transedges prefix : 9.56700 ms 
Time of (18)PR Reverse Paths : 8.81300 ms 
Time of (7)Convert to collection : 8.68700 ms 
Time of (2)Convert to collection : 8.57600 ms 
Time of (4)Remove edges : 8.19700 ms 
Time of (3)Edge Deletion : 3.56800 ms 
Time of (19)Reverse Edges and Connect Parent : 3.23100 ms 
Time of (8)Shortcut rep : 2.14400 ms 
Time of (0)Extracting Roots : 0.71300 ms 
Time of (15)PR Loop : 0.52700 ms 
Time of (16)Component Parent, Reversals : 0.31400 ms 
Time of (10)Compress Graph : 0.28600 ms 
Time of (14)PR init : 0.01500 ms 
Time of (11)Get compressed list : 0.00700 ms 
Time of (13)Get edges : 0.00600 ms 
Time (total): 185.41300 ms 
--------------------------------------------------------
filename: arabic-2005.txt
Nodes : 22744080
Edges : 553903601

------------------------------------------------------
Batch : 0

 Current edges 553903601
Deleted : 10000
Time of (17)PR Shortcut : 48.533000 ms 
Time of (9)Hooking Shortcutting : 36.97300 ms 
Time of (6)Get key rem collections : 15.98600 ms 
Time of (1)Get key rem collections : 14.39500 ms 
Time of (5)Generate new edges : 13.06000 ms 
Time of (18)PR Reverse Paths : 8.81600 ms 
Time of (4)Remove edges : 8.75900 ms 
Time of (12)Transedges prefix : 8.58300 ms 
Time of (2)Convert to collection : 8.36200 ms 
Time of (7)Convert to collection : 8.08400 ms 
Time of (19)Reverse Edges and Connect Parent : 4.28300 ms 
Time of (3)Edge Deletion : 2.55200 ms 
Time of (8)Shortcut rep : 1.94500 ms 
Time of (0)Extracting Roots : 0.73300 ms 
Time of (15)PR Loop : 0.48200 ms 
Time of (16)Component Parent, Reversals : 0.30900 ms 
Time of (10)Compress Graph : 0.28700 ms 
Time of (14)PR init : 0.01600 ms 
Time of (13)Get edges : 0.00700 ms 
Time of (11)Get compressed list : 0.00700 ms 
Time (total): 182.17200 ms 
--------------------------------------------------------
filename: arabic-2005.txt
Nodes : 22744080
Edges : 553903601

------------------------------------------------------
Batch : 0

 Current edges 553903601
Deleted : 10000
Time of (17)PR Shortcut : 48.584000 ms 
Time of (9)Hooking Shortcutting : 36.95100 ms 
Time of (6)Get key rem collections : 15.90600 ms 
Time of (1)Get key rem collections : 13.90700 ms 
Time of (5)Generate new edges : 13.19100 ms 
Time of (12)Transedges prefix : 9.54100 ms 
Time of (18)PR Reverse Paths : 8.82200 ms 
Time of (2)Convert to collection : 8.13600 ms 
Time of (7)Convert to collection : 8.09000 ms 
Time of (4)Remove edges : 6.86900 ms 
Time of (3)Edge Deletion : 3.59400 ms 
Time of (19)Reverse Edges and Connect Parent : 3.22400 ms 
Time of (8)Shortcut rep : 1.93300 ms 
Time of (0)Extracting Roots : 0.68900 ms 
Time of (15)PR Loop : 0.52000 ms 
Time of (10)Compress Graph : 0.36300 ms 
Time of (16)Component Parent, Reversals : 0.30600 ms 
Time of (14)PR init : 0.01800 ms 
Time of (13)Get edges : 0.00700 ms 
Time of (11)Get compressed list : 0.00600 ms 
Time (total): 180.65700 ms 
--------------------------------------------------------
filename: arabic-2005.txt
Nodes : 22744080
Edges : 553903601

------------------------------------------------------
Batch : 0

 Current edges 553903601
Deleted : 10000
Time of (17)PR Shortcut : 48.599000 ms 
Time of (9)Hooking Shortcutting : 36.93900 ms 
Time of (6)Get key rem collections : 15.31100 ms 
Time of (1)Get key rem collections : 14.36300 ms 
Time of (5)Generate new edges : 13.32900 ms 
Time of (12)Transedges prefix : 10.75000 ms 
Time of (18)PR Reverse Paths : 8.81900 ms 
Time of (2)Convert to collection : 8.32100 ms 
Time of (7)Convert to collection : 8.10600 ms 
Time of (4)Remove edges : 6.92800 ms 
Time of (3)Edge Deletion : 4.65000 ms 
Time of (19)Reverse Edges and Connect Parent : 4.27700 ms 
Time of (8)Shortcut rep : 1.94500 ms 
Time of (0)Extracting Roots : 0.70500 ms 
Time of (15)PR Loop : 0.52600 ms 
Time of (16)Component Parent, Reversals : 0.30300 ms 
Time of (10)Compress Graph : 0.29200 ms 
Time of (14)PR init : 0.01400 ms 
Time of (13)Get edges : 0.00600 ms 
Time of (11)Get compressed list : 0.00600 ms 
Time (total): 184.18900 ms 
--------------------------------------------------------
filename: arabic-2005.txt
Nodes : 22744080
Edges : 553903601

------------------------------------------------------
Batch : 0

 Current edges 553903601
Deleted : 100
Time of (17)PR Shortcut : 48.556000 ms 
Time of (9)Hooking Shortcutting : 18.45900 ms 
Time of (1)Get key rem collections : 14.43000 ms 
Time of (6)Get key rem collections : 14.03900 ms 
Time of (5)Generate new edges : 13.37800 ms 
Time of (18)PR Reverse Paths : 8.80400 ms 
Time of (12)Transedges prefix : 8.59300 ms 
Time of (2)Convert to collection : 8.36600 ms 
Time of (7)Convert to collection : 8.07700 ms 
Time of (4)Remove edges : 6.96100 ms 
Time of (19)Reverse Edges and Connect Parent : 3.25500 ms 
Time of (3)Edge Deletion : 2.87100 ms 
Time of (8)Shortcut rep : 1.75400 ms 
Time of (0)Extracting Roots : 0.70300 ms 
Time of (16)Component Parent, Reversals : 0.30000 ms 
Time of (10)Compress Graph : 0.28200 ms 
Time of (15)PR Loop : 0.23700 ms 
Time of (14)PR init : 0.01600 ms 
Time of (13)Get edges : 0.00700 ms 
Time of (11)Get compressed list : 0.00600 ms 
Time (total): 159.09400 ms 
--------------------------------------------------------
filename: arabic-2005.txt
Nodes : 22744080
Edges : 553903601

------------------------------------------------------
Batch : 0

 Current edges 553903601
Deleted : 100
Time of (17)PR Shortcut : 50.244000 ms 
Time of (9)Hooking Shortcutting : 18.50300 ms 
Time of (6)Get key rem collections : 17.35000 ms 
Time of (1)Get key rem collections : 14.15900 ms 
Time of (5)Generate new edges : 13.26100 ms 
Time of (12)Transedges prefix : 9.56600 ms 
Time of (18)PR Reverse Paths : 8.79400 ms 
Time of (2)Convert to collection : 8.23700 ms 
Time of (7)Convert to collection : 8.09600 ms 
Time of (4)Remove edges : 7.04000 ms 
Time of (3)Edge Deletion : 3.94400 ms 
Time of (19)Reverse Edges and Connect Parent : 3.25200 ms 
Time of (8)Shortcut rep : 1.75800 ms 
Time of (0)Extracting Roots : 0.67900 ms 
Time of (10)Compress Graph : 0.32700 ms 
Time of (16)Component Parent, Reversals : 0.31400 ms 
Time of (15)PR Loop : 0.24600 ms 
Time of (13)Get edges : 0.02200 ms 
Time of (14)PR init : 0.01400 ms 
Time of (11)Get compressed list : 0.00800 ms 
Time (total): 165.81400 ms 
--------------------------------------------------------
filename: arabic-2005.txt
Nodes : 22744080
Edges : 553903601

------------------------------------------------------
Batch : 0

 Current edges 553903601
Deleted : 100
Time of (17)PR Shortcut : 48.602000 ms 
Time of (9)Hooking Shortcutting : 18.45000 ms 
Time of (6)Get key rem collections : 15.93600 ms 
Time of (1)Get key rem collections : 14.47900 ms 
Time of (5)Generate new edges : 13.48700 ms 
Time of (18)PR Reverse Paths : 8.83000 ms 
Time of (12)Transedges prefix : 8.60900 ms 
Time of (2)Convert to collection : 8.46100 ms 
Time of (7)Convert to collection : 8.07600 ms 
Time of (4)Remove edges : 8.06400 ms 
Time of (19)Reverse Edges and Connect Parent : 3.24400 ms 
Time of (3)Edge Deletion : 2.85500 ms 
Time of (8)Shortcut rep : 1.75800 ms 
Time of (0)Extracting Roots : 0.72800 ms 
Time of (16)Component Parent, Reversals : 0.30700 ms 
Time of (10)Compress Graph : 0.29500 ms 
Time of (15)PR Loop : 0.25500 ms 
Time of (14)PR init : 0.01600 ms 
Time of (13)Get edges : 0.00800 ms 
Time of (11)Get compressed list : 0.00700 ms 
Time (total): 162.46700 ms 
--------------------------------------------------------
filename: arabic-2005.txt
Nodes : 22744080
Edges : 553903601

------------------------------------------------------
Batch : 0

 Current edges 553903601
Deleted : 100
Time of (17)PR Shortcut : 47.673000 ms 
Time of (9)Hooking Shortcutting : 36.76700 ms 
Time of (6)Get key rem collections : 15.26600 ms 
Time of (1)Get key rem collections : 14.11200 ms 
Time of (5)Generate new edges : 13.29700 ms 
Time of (12)Transedges prefix : 9.88900 ms 
Time of (18)PR Reverse Paths : 8.79300 ms 
Time of (7)Convert to collection : 8.31800 ms 
Time of (2)Convert to collection : 8.17400 ms 
Time of (4)Remove edges : 7.08100 ms 
Time of (19)Reverse Edges and Connect Parent : 3.27800 ms 
Time of (3)Edge Deletion : 2.89500 ms 
Time of (8)Shortcut rep : 1.75600 ms 
Time of (0)Extracting Roots : 0.68600 ms 
Time of (15)PR Loop : 0.31200 ms 
Time of (16)Component Parent, Reversals : 0.29600 ms 
Time of (10)Compress Graph : 0.29300 ms 
Time of (14)PR init : 0.01300 ms 
Time of (11)Get compressed list : 0.00600 ms 
Time of (13)Get edges : 0.00500 ms 
Time (total): 178.91000 ms 
--------------------------------------------------------
filename: arabic-2005.txt
Nodes : 22744080
Edges : 553903601

------------------------------------------------------
Batch : 0

 Current edges 553903601
Deleted : 100
Time of (17)PR Shortcut : 48.737000 ms 
Time of (9)Hooking Shortcutting : 18.49400 ms 
Time of (6)Get key rem collections : 16.27500 ms 
Time of (1)Get key rem collections : 14.06600 ms 
Time of (5)Generate new edges : 13.07100 ms 
Time of (18)PR Reverse Paths : 8.79700 ms 
Time of (12)Transedges prefix : 8.52900 ms 
Time of (2)Convert to collection : 8.25300 ms 
Time of (7)Convert to collection : 8.10500 ms 
Time of (4)Remove edges : 6.65500 ms 
Time of (19)Reverse Edges and Connect Parent : 3.14200 ms 
Time of (3)Edge Deletion : 2.87100 ms 
Time of (8)Shortcut rep : 1.77200 ms 
Time of (16)Component Parent, Reversals : 1.59500 ms 
Time of (0)Extracting Roots : 0.65700 ms 
Time of (10)Compress Graph : 0.27700 ms 
Time of (15)PR Loop : 0.22100 ms 
Time of (14)PR init : 0.01200 ms 
Time of (13)Get edges : 0.00500 ms 
Time of (11)Get compressed list : 0.00500 ms 
Time (total): 161.53900 ms 
--------------------------------------------------------
filename: arabic-2005.txt
Nodes : 22744080
Edges : 553903601

------------------------------------------------------
Batch : 0

 Current edges 553903601
Deleted : 1000
Time of (17)PR Shortcut : 48.573000 ms 
Time of (9)Hooking Shortcutting : 37.17900 ms 
Time of (6)Get key rem collections : 15.15400 ms 
Time of (1)Get key rem collections : 14.64100 ms 
Time of (5)Generate new edges : 13.06300 ms 
Time of (12)Transedges prefix : 9.75300 ms 
Time of (18)PR Reverse Paths : 8.79000 ms 
Time of (2)Convert to collection : 8.52100 ms 
Time of (7)Convert to collection : 8.11000 ms 
Time of (4)Remove edges : 6.71300 ms 
Time of (19)Reverse Edges and Connect Parent : 4.31200 ms 
Time of (3)Edge Deletion : 3.79600 ms 
Time of (8)Shortcut rep : 1.95300 ms 
Time of (0)Extracting Roots : 0.68700 ms 
Time of (15)PR Loop : 0.33800 ms 
Time of (16)Component Parent, Reversals : 0.29600 ms 
Time of (10)Compress Graph : 0.27700 ms 
Time of (14)PR init : 0.01200 ms 
Time of (11)Get compressed list : 0.00500 ms 
Time of (13)Get edges : 0.00400 ms 
Time (total): 182.17700 ms 
--------------------------------------------------------
filename: arabic-2005.txt
Nodes : 22744080
Edges : 553903601

------------------------------------------------------
Batch : 0

 Current edges 553903601
Deleted : 1000
Time of (17)PR Shortcut : 48.284000 ms 
Time of (9)Hooking Shortcutting : 36.80000 ms 
Time of (1)Get key rem collections : 14.32500 ms 
Time of (6)Get key rem collections : 14.01400 ms 
Time of (5)Generate new edges : 13.28400 ms 
Time of (12)Transedges prefix : 10.61800 ms 
Time of (18)PR Reverse Paths : 8.79700 ms 
Time of (2)Convert to collection : 8.24300 ms 
Time of (7)Convert to collection : 8.06600 ms 
Time of (4)Remove edges : 6.96100 ms 
Time of (19)Reverse Edges and Connect Parent : 4.32300 ms 
Time of (3)Edge Deletion : 2.76100 ms 
Time of (8)Shortcut rep : 1.94300 ms 
Time of (0)Extracting Roots : 0.71000 ms 
Time of (15)PR Loop : 0.35900 ms 
Time of (16)Component Parent, Reversals : 0.29500 ms 
Time of (10)Compress Graph : 0.28800 ms 
Time of (14)PR init : 0.01300 ms 
Time of (13)Get edges : 0.00700 ms 
Time of (11)Get compressed list : 0.00700 ms 
Time (total): 180.09800 ms 
--------------------------------------------------------
filename: arabic-2005.txt
Nodes : 22744080
Edges : 553903601

------------------------------------------------------
Batch : 0

 Current edges 553903601
Deleted : 1000
Time of (17)PR Shortcut : 48.498000 ms 
Time of (9)Hooking Shortcutting : 38.55000 ms 
Time of (6)Get key rem collections : 16.56700 ms 
Time of (1)Get key rem collections : 15.70400 ms 
Time of (5)Generate new edges : 13.99600 ms 
Time of (12)Transedges prefix : 9.60100 ms 
Time of (4)Remove edges : 9.57500 ms 
Time of (7)Convert to collection : 9.05600 ms 
Time of (2)Convert to collection : 8.97000 ms 
Time of (18)PR Reverse Paths : 8.81700 ms 
Time of (19)Reverse Edges and Connect Parent : 3.26800 ms 
Time of (3)Edge Deletion : 2.74500 ms 
Time of (8)Shortcut rep : 2.29200 ms 
Time of (0)Extracting Roots : 0.86300 ms 
Time of (15)PR Loop : 0.45300 ms 
Time of (10)Compress Graph : 0.31500 ms 
Time of (16)Component Parent, Reversals : 0.31200 ms 
Time of (14)PR init : 0.03300 ms 
Time of (11)Get compressed list : 0.02100 ms 
Time of (13)Get edges : 0.01400 ms 
Time (total): 189.65000 ms 
--------------------------------------------------------
filename: arabic-2005.txt
Nodes : 22744080
Edges : 553903601

------------------------------------------------------
Batch : 0

 Current edges 553903601
Deleted : 1000
Time of (17)PR Shortcut : 48.648000 ms 
Time of (9)Hooking Shortcutting : 37.01000 ms 
Time of (6)Get key rem collections : 16.11600 ms 
Time of (1)Get key rem collections : 14.08400 ms 
Time of (5)Generate new edges : 13.05600 ms 
Time of (18)PR Reverse Paths : 8.81400 ms 
Time of (12)Transedges prefix : 8.60100 ms 
Time of (2)Convert to collection : 8.31100 ms 
Time of (7)Convert to collection : 8.03400 ms 
Time of (4)Remove edges : 6.73000 ms 
Time of (19)Reverse Edges and Connect Parent : 4.28800 ms 
Time of (3)Edge Deletion : 2.74200 ms 
Time of (8)Shortcut rep : 1.94400 ms 
Time of (0)Extracting Roots : 0.69400 ms 
Time of (15)PR Loop : 0.40900 ms 
Time of (16)Component Parent, Reversals : 0.30400 ms 
Time of (10)Compress Graph : 0.28800 ms 
Time of (14)PR init : 0.01400 ms 
Time of (11)Get compressed list : 0.00600 ms 
Time of (13)Get edges : 0.00500 ms 
Time (total): 180.09800 ms 
--------------------------------------------------------
filename: arabic-2005.txt
Nodes : 22744080
Edges : 553903601

------------------------------------------------------
Batch : 0

 Current edges 553903601
Deleted : 1000
Time of (17)PR Shortcut : 48.630000 ms 
Time of (9)Hooking Shortcutting : 36.95800 ms 
Time of (1)Get key rem collections : 14.15200 ms 
Time of (6)Get key rem collections : 13.99300 ms 
Time of (5)Generate new edges : 13.03900 ms 
Time of (12)Transedges prefix : 10.67400 ms 
Time of (18)PR Reverse Paths : 8.80000 ms 
Time of (2)Convert to collection : 8.25500 ms 
Time of (7)Convert to collection : 8.07200 ms 
Time of (4)Remove edges : 7.00800 ms 
Time of (19)Reverse Edges and Connect Parent : 4.29000 ms 
Time of (3)Edge Deletion : 2.74700 ms 
Time of (8)Shortcut rep : 1.93600 ms 
Time of (0)Extracting Roots : 0.66100 ms 
Time of (15)PR Loop : 0.33900 ms 
Time of (16)Component Parent, Reversals : 0.29800 ms 
Time of (10)Compress Graph : 0.28000 ms 
Time of (14)PR init : 0.01200 ms 
Time of (11)Get compressed list : 0.00500 ms 
Time of (13)Get edges : 0.00400 ms 
Time (total): 180.15300 ms 
--------------------------------------------------------
