filename: kmer_V1r.txt
Nodes : 214005017
Edges : 232705460

------------------------------------------------------
Batch : 0

 Current edges 232705460
Deleted : 100000
filename: kmer_V1r.txt
Nodes : 214005017
Edges : 232705460

------------------------------------------------------
Batch : 0

 Current edges 232705460
Deleted : 100000
filename: kmer_V1r.txt
Nodes : 214005017
Edges : 232705460

------------------------------------------------------
Batch : 0

 Current edges 232705460
Deleted : 100000
filename: kmer_V1r.txt
Nodes : 214005017
Edges : 232705460

------------------------------------------------------
Batch : 0

 Current edges 232705460
Deleted : 100000
filename: kmer_V1r.txt
Nodes : 214005017
Edges : 232705460

------------------------------------------------------
Batch : 0

 Current edges 232705460
Deleted : 100000
filename: kmer_V1r.txt
Nodes : 214005017
Edges : 232705460

------------------------------------------------------
Batch : 0

 Current edges 232705460
Deleted : 10000
filename: kmer_V1r.txt
Nodes : 214005017
Edges : 232705460

------------------------------------------------------
Batch : 0

 Current edges 232705460
Deleted : 10000
filename: kmer_V1r.txt
Nodes : 214005017
Edges : 232705460

------------------------------------------------------
Batch : 0

 Current edges 232705460
Deleted : 10000
filename: kmer_V1r.txt
Nodes : 214005017
Edges : 232705460

------------------------------------------------------
Batch : 0

 Current edges 232705460
Deleted : 10000
filename: kmer_V1r.txt
Nodes : 214005017
Edges : 232705460

------------------------------------------------------
Batch : 0

 Current edges 232705460
Deleted : 10000
filename: kmer_V1r.txt
Nodes : 214005017
Edges : 232705460

------------------------------------------------------
Batch : 0

 Current edges 232705460
Deleted : 100
filename: kmer_V1r.txt
Nodes : 214005017
Edges : 232705460

------------------------------------------------------
Batch : 0

 Current edges 232705460
Deleted : 100
filename: kmer_V1r.txt
Nodes : 214005017
Edges : 232705460

------------------------------------------------------
Batch : 0

 Current edges 232705460
Deleted : 100
filename: kmer_V1r.txt
Nodes : 214005017
Edges : 232705460

------------------------------------------------------
Batch : 0

 Current edges 232705460
Deleted : 100
filename: kmer_V1r.txt
Nodes : 214005017
Edges : 232705460

------------------------------------------------------
Batch : 0

 Current edges 232705460
Deleted : 100
filename: kmer_V1r.txt
Nodes : 214005017
Edges : 232705460

------------------------------------------------------
Batch : 0

 Current edges 232705460
Deleted : 1000
filename: kmer_V1r.txt
Nodes : 214005017
Edges : 232705460

------------------------------------------------------
Batch : 0

 Current edges 232705460
Deleted : 1000
filename: kmer_V1r.txt
Nodes : 214005017
Edges : 232705460

------------------------------------------------------
Batch : 0

 Current edges 232705460
Deleted : 1000
filename: kmer_V1r.txt
Nodes : 214005017
Edges : 232705460

------------------------------------------------------
Batch : 0

 Current edges 232705460
Deleted : 1000
filename: kmer_V1r.txt
Nodes : 214005017
Edges : 232705460

------------------------------------------------------
Batch : 0

 Current edges 232705460
Deleted : 1000
