filename: kmer_A2a.txt
Nodes : 170728175
Edges : 180297938

------------------------------------------------------
Batch : 0

 Current edges 180297938
Deleted : 100000
filename: kmer_A2a.txt
Nodes : 170728175
Edges : 180297938

------------------------------------------------------
Batch : 0

 Current edges 180297938
Deleted : 100000
filename: kmer_A2a.txt
Nodes : 170728175
Edges : 180297938

------------------------------------------------------
Batch : 0

 Current edges 180297938
Deleted : 100000
filename: kmer_A2a.txt
Nodes : 170728175
Edges : 180297938

------------------------------------------------------
Batch : 0

 Current edges 180297938
Deleted : 100000
filename: kmer_A2a.txt
Nodes : 170728175
Edges : 180297938

------------------------------------------------------
Batch : 0

 Current edges 180297938
Deleted : 100000
filename: kmer_A2a.txt
Nodes : 170728175
Edges : 180297938

------------------------------------------------------
Batch : 0

 Current edges 180297938
Deleted : 10000
filename: kmer_A2a.txt
Nodes : 170728175
Edges : 180297938

------------------------------------------------------
Batch : 0

 Current edges 180297938
Deleted : 10000
filename: kmer_A2a.txt
Nodes : 170728175
Edges : 180297938

------------------------------------------------------
Batch : 0

 Current edges 180297938
Deleted : 10000
filename: kmer_A2a.txt
Nodes : 170728175
Edges : 180297938

------------------------------------------------------
Batch : 0

 Current edges 180297938
Deleted : 10000
filename: kmer_A2a.txt
Nodes : 170728175
Edges : 180297938

------------------------------------------------------
Batch : 0

 Current edges 180297938
Deleted : 10000
filename: kmer_A2a.txt
Nodes : 170728175
Edges : 180297938

------------------------------------------------------
Batch : 0

 Current edges 180297938
Deleted : 100
filename: kmer_A2a.txt
Nodes : 170728175
Edges : 180297938

------------------------------------------------------
Batch : 0

 Current edges 180297938
Deleted : 100
filename: kmer_A2a.txt
Nodes : 170728175
Edges : 180297938

------------------------------------------------------
Batch : 0

 Current edges 180297938
Deleted : 100
filename: kmer_A2a.txt
Nodes : 170728175
Edges : 180297938

------------------------------------------------------
Batch : 0

 Current edges 180297938
Deleted : 100
filename: kmer_A2a.txt
Nodes : 170728175
Edges : 180297938

------------------------------------------------------
Batch : 0

 Current edges 180297938
Deleted : 100
filename: kmer_A2a.txt
Nodes : 170728175
Edges : 180297938

------------------------------------------------------
Batch : 0

 Current edges 180297938
Deleted : 1000
filename: kmer_A2a.txt
Nodes : 170728175
Edges : 180297938

------------------------------------------------------
Batch : 0

 Current edges 180297938
Deleted : 1000
filename: kmer_A2a.txt
Nodes : 170728175
Edges : 180297938

------------------------------------------------------
Batch : 0

 Current edges 180297938
Deleted : 1000
filename: kmer_A2a.txt
Nodes : 170728175
Edges : 180297938

------------------------------------------------------
Batch : 0

 Current edges 180297938
Deleted : 1000
filename: kmer_A2a.txt
Nodes : 170728175
Edges : 180297938

------------------------------------------------------
Batch : 0

 Current edges 180297938
Deleted : 1000
