filename: kmer_P1a.txt
Nodes : 139353211
Edges : 148922935

------------------------------------------------------
Batch : 0

 Current edges 148922935
Deleted : 100000
filename: kmer_P1a.txt
Nodes : 139353211
Edges : 148922935

------------------------------------------------------
Batch : 0

 Current edges 148922935
Deleted : 100000
filename: kmer_P1a.txt
Nodes : 139353211
Edges : 148922935

------------------------------------------------------
Batch : 0

 Current edges 148922935
Deleted : 100000
filename: kmer_P1a.txt
Nodes : 139353211
Edges : 148922935

------------------------------------------------------
Batch : 0

 Current edges 148922935
Deleted : 100000
filename: kmer_P1a.txt
Nodes : 139353211
Edges : 148922935

------------------------------------------------------
Batch : 0

 Current edges 148922935
Deleted : 100000
filename: kmer_P1a.txt
Nodes : 139353211
Edges : 148922935

------------------------------------------------------
Batch : 0

 Current edges 148922935
Deleted : 10000
filename: kmer_P1a.txt
Nodes : 139353211
Edges : 148922935

------------------------------------------------------
Batch : 0

 Current edges 148922935
Deleted : 10000
filename: kmer_P1a.txt
Nodes : 139353211
Edges : 148922935

------------------------------------------------------
Batch : 0

 Current edges 148922935
Deleted : 10000
filename: kmer_P1a.txt
Nodes : 139353211
Edges : 148922935

------------------------------------------------------
Batch : 0

 Current edges 148922935
Deleted : 10000
filename: kmer_P1a.txt
Nodes : 139353211
Edges : 148922935

------------------------------------------------------
Batch : 0

 Current edges 148922935
Deleted : 10000
filename: kmer_P1a.txt
Nodes : 139353211
Edges : 148922935

------------------------------------------------------
Batch : 0

 Current edges 148922935
Deleted : 100
filename: kmer_P1a.txt
Nodes : 139353211
Edges : 148922935

------------------------------------------------------
Batch : 0

 Current edges 148922935
Deleted : 100
filename: kmer_P1a.txt
Nodes : 139353211
Edges : 148922935

------------------------------------------------------
Batch : 0

 Current edges 148922935
Deleted : 100
filename: kmer_P1a.txt
Nodes : 139353211
Edges : 148922935

------------------------------------------------------
Batch : 0

 Current edges 148922935
Deleted : 100
filename: kmer_P1a.txt
Nodes : 139353211
Edges : 148922935

------------------------------------------------------
Batch : 0

 Current edges 148922935
Deleted : 100
filename: kmer_P1a.txt
Nodes : 139353211
Edges : 148922935

------------------------------------------------------
Batch : 0

 Current edges 148922935
Deleted : 1000
filename: kmer_P1a.txt
Nodes : 139353211
Edges : 148922935

------------------------------------------------------
Batch : 0

 Current edges 148922935
Deleted : 1000
filename: kmer_P1a.txt
Nodes : 139353211
Edges : 148922935

------------------------------------------------------
Batch : 0

 Current edges 148922935
Deleted : 1000
filename: kmer_P1a.txt
Nodes : 139353211
Edges : 148922935

------------------------------------------------------
Batch : 0

 Current edges 148922935
Deleted : 1000
filename: kmer_P1a.txt
Nodes : 139353211
Edges : 148922935

------------------------------------------------------
Batch : 0

 Current edges 148922935
Deleted : 1000
