filename: ljournal-2008.txt
Nodes : 5363260
Edges : 49514345

------------------------------------------------------
Batch : 0

 Current edges 49514345
Deleted : 100000
Time of (17)PR Shortcut : 11.241000 ms 
Time of (9)Hooking Shortcutting : 9.12800 ms 
Time of (15)PR Loop : 5.96900 ms 
Time of (18)PR Reverse Paths : 3.71000 ms 
Time of (1)Get key rem collections : 2.75000 ms 
Time of (3)Edge Deletion : 2.67000 ms 
Time of (6)Get key rem collections : 2.06700 ms 
Time of (5)Generate new edges : 1.50100 ms 
Time of (12)Transedges prefix : 1.20800 ms 
Time of (2)Convert to collection : 1.03300 ms 
Time of (7)Convert to collection : 1.02700 ms 
Time of (8)Shortcut rep : 0.86600 ms 
Time of (4)Remove edges : 0.85100 ms 
Time of (19)Reverse Edges and Connect Parent : 0.64900 ms 
Time of (0)Extracting Roots : 0.60800 ms 
Time of (16)Component Parent, Reversals : 0.28500 ms 
Time of (10)Compress Graph : 0.14900 ms 
Time of (14)PR init : 0.01600 ms 
Time of (13)Get edges : 0.00600 ms 
Time of (11)Get compressed list : 0.00600 ms 
Time (total): 45.74000 ms 
--------------------------------------------------------
filename: ljournal-2008.txt
Nodes : 5363260
Edges : 49514345

------------------------------------------------------
Batch : 0

 Current edges 49514345
Deleted : 100000
Time of (9)Hooking Shortcutting : 14.776000 ms 
Time of (17)PR Shortcut : 11.34100 ms 
Time of (15)PR Loop : 5.16700 ms 
Time of (18)PR Reverse Paths : 3.71000 ms 
Time of (1)Get key rem collections : 2.73200 ms 
Time of (3)Edge Deletion : 2.72200 ms 
Time of (6)Get key rem collections : 1.86600 ms 
Time of (5)Generate new edges : 1.49700 ms 
Time of (12)Transedges prefix : 1.13500 ms 
Time of (2)Convert to collection : 1.03800 ms 
Time of (7)Convert to collection : 1.03100 ms 
Time of (8)Shortcut rep : 0.86000 ms 
Time of (4)Remove edges : 0.80500 ms 
Time of (19)Reverse Edges and Connect Parent : 0.64600 ms 
Time of (0)Extracting Roots : 0.57400 ms 
Time of (16)Component Parent, Reversals : 0.28600 ms 
Time of (10)Compress Graph : 0.14100 ms 
Time of (14)PR init : 0.01400 ms 
Time of (11)Get compressed list : 0.00500 ms 
Time of (13)Get edges : 0.00300 ms 
Time (total): 50.34900 ms 
--------------------------------------------------------
filename: ljournal-2008.txt
Nodes : 5363260
Edges : 49514345

------------------------------------------------------
Batch : 0

 Current edges 49514345
Deleted : 100000
Time of (9)Hooking Shortcutting : 20.644000 ms 
Time of (17)PR Shortcut : 11.26500 ms 
Time of (15)PR Loop : 3.71800 ms 
Time of (18)PR Reverse Paths : 3.69200 ms 
Time of (1)Get key rem collections : 2.95400 ms 
Time of (3)Edge Deletion : 2.68000 ms 
Time of (6)Get key rem collections : 1.88300 ms 
Time of (5)Generate new edges : 1.49600 ms 
Time of (12)Transedges prefix : 1.17900 ms 
Time of (2)Convert to collection : 1.03300 ms 
Time of (7)Convert to collection : 1.02500 ms 
Time of (8)Shortcut rep : 0.86500 ms 
Time of (4)Remove edges : 0.85500 ms 
Time of (19)Reverse Edges and Connect Parent : 0.64600 ms 
Time of (0)Extracting Roots : 0.59900 ms 
Time of (16)Component Parent, Reversals : 0.29800 ms 
Time of (10)Compress Graph : 0.14300 ms 
Time of (14)PR init : 0.01500 ms 
Time of (11)Get compressed list : 0.00700 ms 
Time of (13)Get edges : 0.00600 ms 
Time (total): 55.00300 ms 
--------------------------------------------------------
filename: ljournal-2008.txt
Nodes : 5363260
Edges : 49514345

------------------------------------------------------
Batch : 0

 Current edges 49514345
Deleted : 100000
Time of (9)Hooking Shortcutting : 13.102000 ms 
Time of (17)PR Shortcut : 10.83600 ms 
Time of (15)PR Loop : 3.87900 ms 
Time of (18)PR Reverse Paths : 3.21200 ms 
Time of (1)Get key rem collections : 2.80400 ms 
Time of (3)Edge Deletion : 2.72800 ms 
Time of (6)Get key rem collections : 1.94000 ms 
Time of (5)Generate new edges : 1.49900 ms 
Time of (12)Transedges prefix : 1.12500 ms 
Time of (2)Convert to collection : 1.04100 ms 
Time of (7)Convert to collection : 1.02900 ms 
Time of (8)Shortcut rep : 0.87100 ms 
Time of (4)Remove edges : 0.80800 ms 
Time of (19)Reverse Edges and Connect Parent : 0.61200 ms 
Time of (0)Extracting Roots : 0.59800 ms 
Time of (16)Component Parent, Reversals : 0.29100 ms 
Time of (10)Compress Graph : 0.12300 ms 
Time of (14)PR init : 0.01600 ms 
Time of (13)Get edges : 0.00700 ms 
Time of (11)Get compressed list : 0.00700 ms 
Time (total): 46.52800 ms 
--------------------------------------------------------
filename: ljournal-2008.txt
Nodes : 5363260
Edges : 49514345

------------------------------------------------------
Batch : 0

 Current edges 49514345
Deleted : 100000
Time of (9)Hooking Shortcutting : 17.917000 ms 
Time of (17)PR Shortcut : 11.14300 ms 
Time of (15)PR Loop : 4.41800 ms 
Time of (18)PR Reverse Paths : 3.71900 ms 
Time of (1)Get key rem collections : 2.95700 ms 
Time of (3)Edge Deletion : 2.69400 ms 
Time of (6)Get key rem collections : 1.99000 ms 
Time of (5)Generate new edges : 1.49600 ms 
Time of (12)Transedges prefix : 1.20800 ms 
Time of (2)Convert to collection : 1.03200 ms 
Time of (7)Convert to collection : 1.02900 ms 
Time of (4)Remove edges : 0.88500 ms 
Time of (8)Shortcut rep : 0.86300 ms 
Time of (19)Reverse Edges and Connect Parent : 0.65900 ms 
Time of (0)Extracting Roots : 0.57400 ms 
Time of (16)Component Parent, Reversals : 0.29200 ms 
Time of (10)Compress Graph : 0.14600 ms 
Time of (14)PR init : 0.01400 ms 
Time of (11)Get compressed list : 0.00600 ms 
Time of (13)Get edges : 0.00400 ms 
Time (total): 53.04600 ms 
--------------------------------------------------------
filename: ljournal-2008.txt
Nodes : 5363260
Edges : 49514345

------------------------------------------------------
Batch : 0

 Current edges 49514345
Deleted : 10000
Time of (17)PR Shortcut : 11.246000 ms 
Time of (9)Hooking Shortcutting : 11.04800 ms 
Time of (3)Edge Deletion : 3.43500 ms 
Time of (18)PR Reverse Paths : 3.32800 ms 
Time of (1)Get key rem collections : 2.83600 ms 
Time of (6)Get key rem collections : 2.06100 ms 
Time of (15)PR Loop : 2.05100 ms 
Time of (5)Generate new edges : 1.49800 ms 
Time of (12)Transedges prefix : 1.22300 ms 
Time of (7)Convert to collection : 1.03400 ms 
Time of (2)Convert to collection : 1.02700 ms 
Time of (8)Shortcut rep : 0.85900 ms 
Time of (4)Remove edges : 0.84100 ms 
Time of (19)Reverse Edges and Connect Parent : 0.62100 ms 
Time of (0)Extracting Roots : 0.59400 ms 
Time of (16)Component Parent, Reversals : 0.29300 ms 
Time of (10)Compress Graph : 0.14200 ms 
Time of (14)PR init : 0.01600 ms 
Time of (11)Get compressed list : 0.00600 ms 
Time of (13)Get edges : 0.00400 ms 
Time (total): 44.16300 ms 
--------------------------------------------------------
filename: ljournal-2008.txt
Nodes : 5363260
Edges : 49514345

------------------------------------------------------
Batch : 0

 Current edges 49514345
Deleted : 10000
Time of (17)PR Shortcut : 11.409000 ms 
Time of (9)Hooking Shortcutting : 6.16300 ms 
Time of (3)Edge Deletion : 3.42600 ms 
Time of (18)PR Reverse Paths : 3.16000 ms 
Time of (1)Get key rem collections : 2.81100 ms 
Time of (6)Get key rem collections : 2.00300 ms 
Time of (5)Generate new edges : 1.50000 ms 
Time of (12)Transedges prefix : 1.18200 ms 
Time of (15)PR Loop : 1.12200 ms 
Time of (4)Remove edges : 1.03800 ms 
Time of (7)Convert to collection : 1.03200 ms 
Time of (2)Convert to collection : 1.03200 ms 
Time of (8)Shortcut rep : 0.86100 ms 
Time of (19)Reverse Edges and Connect Parent : 0.60000 ms 
Time of (0)Extracting Roots : 0.60000 ms 
Time of (16)Component Parent, Reversals : 0.28700 ms 
Time of (10)Compress Graph : 0.13600 ms 
Time of (14)PR init : 0.01500 ms 
Time of (13)Get edges : 0.00600 ms 
Time of (11)Get compressed list : 0.00600 ms 
Time (total): 38.38900 ms 
--------------------------------------------------------
filename: ljournal-2008.txt
Nodes : 5363260
Edges : 49514345

------------------------------------------------------
Batch : 0

 Current edges 49514345
Deleted : 10000
Time of (17)PR Shortcut : 10.449000 ms 
Time of (9)Hooking Shortcutting : 9.56900 ms 
Time of (3)Edge Deletion : 3.46800 ms 
Time of (1)Get key rem collections : 2.68100 ms 
Time of (18)PR Reverse Paths : 2.58400 ms 
Time of (6)Get key rem collections : 2.05800 ms 
Time of (15)PR Loop : 1.79600 ms 
Time of (5)Generate new edges : 1.49700 ms 
Time of (12)Transedges prefix : 1.25200 ms 
Time of (2)Convert to collection : 1.03700 ms 
Time of (7)Convert to collection : 1.03600 ms 
Time of (4)Remove edges : 0.93000 ms 
Time of (8)Shortcut rep : 0.86800 ms 
Time of (0)Extracting Roots : 0.60100 ms 
Time of (19)Reverse Edges and Connect Parent : 0.52500 ms 
Time of (16)Component Parent, Reversals : 0.30100 ms 
Time of (10)Compress Graph : 0.13900 ms 
Time of (14)PR init : 0.01500 ms 
Time of (13)Get edges : 0.00700 ms 
Time of (11)Get compressed list : 0.00500 ms 
Time (total): 40.81800 ms 
--------------------------------------------------------
filename: ljournal-2008.txt
Nodes : 5363260
Edges : 49514345

------------------------------------------------------
Batch : 0

 Current edges 49514345
Deleted : 10000
Time of (17)PR Shortcut : 11.136000 ms 
Time of (9)Hooking Shortcutting : 6.14600 ms 
Time of (3)Edge Deletion : 3.46600 ms 
Time of (18)PR Reverse Paths : 3.34700 ms 
Time of (1)Get key rem collections : 2.84100 ms 
Time of (6)Get key rem collections : 1.97600 ms 
Time of (5)Generate new edges : 1.49800 ms 
Time of (12)Transedges prefix : 1.26500 ms 
Time of (15)PR Loop : 1.14500 ms 
Time of (7)Convert to collection : 1.03400 ms 
Time of (2)Convert to collection : 1.02400 ms 
Time of (8)Shortcut rep : 0.86000 ms 
Time of (4)Remove edges : 0.77300 ms 
Time of (19)Reverse Edges and Connect Parent : 0.62200 ms 
Time of (0)Extracting Roots : 0.58900 ms 
Time of (16)Component Parent, Reversals : 0.28800 ms 
Time of (10)Compress Graph : 0.14000 ms 
Time of (14)PR init : 0.01400 ms 
Time of (11)Get compressed list : 0.00500 ms 
Time of (13)Get edges : 0.00400 ms 
Time (total): 38.17300 ms 
--------------------------------------------------------
filename: ljournal-2008.txt
Nodes : 5363260
Edges : 49514345

------------------------------------------------------
Batch : 0

 Current edges 49514345
Deleted : 10000
Time of (17)PR Shortcut : 11.807000 ms 
Time of (9)Hooking Shortcutting : 6.22500 ms 
Time of (3)Edge Deletion : 3.45500 ms 
Time of (18)PR Reverse Paths : 3.33200 ms 
Time of (1)Get key rem collections : 2.78900 ms 
Time of (15)PR Loop : 2.29000 ms 
Time of (6)Get key rem collections : 2.07400 ms 
Time of (5)Generate new edges : 1.49700 ms 
Time of (12)Transedges prefix : 1.24000 ms 
Time of (2)Convert to collection : 1.03200 ms 
Time of (7)Convert to collection : 1.03100 ms 
Time of (8)Shortcut rep : 0.86200 ms 
Time of (4)Remove edges : 0.76900 ms 
Time of (19)Reverse Edges and Connect Parent : 0.62800 ms 
Time of (0)Extracting Roots : 0.58200 ms 
Time of (16)Component Parent, Reversals : 0.28900 ms 
Time of (10)Compress Graph : 0.14900 ms 
Time of (14)PR init : 0.01700 ms 
Time of (11)Get compressed list : 0.00600 ms 
Time of (13)Get edges : 0.00400 ms 
Time (total): 40.07800 ms 
--------------------------------------------------------
filename: ljournal-2008.txt
Nodes : 5363260
Edges : 49514345

------------------------------------------------------
Batch : 0

 Current edges 49514345
Deleted : 100
Time of (17)PR Shortcut : 11.778000 ms 
Time of (9)Hooking Shortcutting : 6.13600 ms 
Time of (18)PR Reverse Paths : 3.26300 ms 
Time of (1)Get key rem collections : 2.74100 ms 
Time of (3)Edge Deletion : 2.61500 ms 
Time of (6)Get key rem collections : 2.10200 ms 
Time of (5)Generate new edges : 1.50300 ms 
Time of (12)Transedges prefix : 1.30200 ms 
Time of (2)Convert to collection : 1.03400 ms 
Time of (7)Convert to collection : 1.03100 ms 
Time of (8)Shortcut rep : 0.88100 ms 
Time of (4)Remove edges : 0.82900 ms 
Time of (19)Reverse Edges and Connect Parent : 0.62100 ms 
Time of (0)Extracting Roots : 0.61300 ms 
Time of (15)PR Loop : 0.43100 ms 
Time of (16)Component Parent, Reversals : 0.29300 ms 
Time of (10)Compress Graph : 0.14100 ms 
Time of (14)PR init : 0.01600 ms 
Time of (11)Get compressed list : 0.00700 ms 
Time of (13)Get edges : 0.00500 ms 
Time (total): 37.34200 ms 
--------------------------------------------------------
filename: ljournal-2008.txt
Nodes : 5363260
Edges : 49514345

------------------------------------------------------
Batch : 0

 Current edges 49514345
Deleted : 100
Time of (17)PR Shortcut : 10.187000 ms 
Time of (9)Hooking Shortcutting : 6.13400 ms 
Time of (1)Get key rem collections : 2.69700 ms 
Time of (18)PR Reverse Paths : 2.65000 ms 
Time of (3)Edge Deletion : 2.62700 ms 
Time of (6)Get key rem collections : 1.93100 ms 
Time of (5)Generate new edges : 1.50600 ms 
Time of (12)Transedges prefix : 1.30200 ms 
Time of (2)Convert to collection : 1.03400 ms 
Time of (7)Convert to collection : 1.03000 ms 
Time of (8)Shortcut rep : 0.87800 ms 
Time of (4)Remove edges : 0.81800 ms 
Time of (0)Extracting Roots : 0.60200 ms 
Time of (19)Reverse Edges and Connect Parent : 0.55600 ms 
Time of (15)PR Loop : 0.38100 ms 
Time of (16)Component Parent, Reversals : 0.29300 ms 
Time of (10)Compress Graph : 0.12900 ms 
Time of (14)PR init : 0.01600 ms 
Time of (11)Get compressed list : 0.00900 ms 
Time of (13)Get edges : 0.00600 ms 
Time (total): 34.78600 ms 
--------------------------------------------------------
filename: ljournal-2008.txt
Nodes : 5363260
Edges : 49514345

------------------------------------------------------
Batch : 0

 Current edges 49514345
Deleted : 100
Time of (17)PR Shortcut : 11.112000 ms 
Time of (9)Hooking Shortcutting : 6.05800 ms 
Time of (1)Get key rem collections : 2.80100 ms 
Time of (3)Edge Deletion : 2.61300 ms 
Time of (18)PR Reverse Paths : 2.47400 ms 
Time of (6)Get key rem collections : 1.94800 ms 
Time of (5)Generate new edges : 1.50200 ms 
Time of (12)Transedges prefix : 1.25800 ms 
Time of (7)Convert to collection : 1.03600 ms 
Time of (2)Convert to collection : 1.02600 ms 
Time of (8)Shortcut rep : 0.87500 ms 
Time of (4)Remove edges : 0.79300 ms 
Time of (0)Extracting Roots : 0.59000 ms 
Time of (19)Reverse Edges and Connect Parent : 0.52300 ms 
Time of (15)PR Loop : 0.35900 ms 
Time of (16)Component Parent, Reversals : 0.29000 ms 
Time of (10)Compress Graph : 0.13500 ms 
Time of (14)PR init : 0.01500 ms 
Time of (13)Get edges : 0.00500 ms 
Time of (11)Get compressed list : 0.00500 ms 
Time (total): 35.41800 ms 
--------------------------------------------------------
filename: ljournal-2008.txt
Nodes : 5363260
Edges : 49514345

------------------------------------------------------
Batch : 0

 Current edges 49514345
Deleted : 100
Time of (17)PR Shortcut : 11.671000 ms 
Time of (9)Hooking Shortcutting : 6.11000 ms 
Time of (1)Get key rem collections : 2.68600 ms 
Time of (3)Edge Deletion : 2.62000 ms 
Time of (18)PR Reverse Paths : 2.46900 ms 
Time of (6)Get key rem collections : 1.94300 ms 
Time of (5)Generate new edges : 1.50200 ms 
Time of (12)Transedges prefix : 1.28300 ms 
Time of (7)Convert to collection : 1.03700 ms 
Time of (2)Convert to collection : 1.02900 ms 
Time of (4)Remove edges : 1.01500 ms 
Time of (8)Shortcut rep : 0.87100 ms 
Time of (0)Extracting Roots : 0.58300 ms 
Time of (19)Reverse Edges and Connect Parent : 0.52100 ms 
Time of (15)PR Loop : 0.36400 ms 
Time of (16)Component Parent, Reversals : 0.28500 ms 
Time of (10)Compress Graph : 0.13900 ms 
Time of (14)PR init : 0.01300 ms 
Time of (11)Get compressed list : 0.00500 ms 
Time of (13)Get edges : 0.00400 ms 
Time (total): 36.15000 ms 
--------------------------------------------------------
filename: ljournal-2008.txt
Nodes : 5363260
Edges : 49514345

------------------------------------------------------
Batch : 0

 Current edges 49514345
Deleted : 100
Time of (17)PR Shortcut : 11.831000 ms 
Time of (9)Hooking Shortcutting : 6.08100 ms 
Time of (18)PR Reverse Paths : 3.24900 ms 
Time of (1)Get key rem collections : 2.74500 ms 
Time of (3)Edge Deletion : 2.62300 ms 
Time of (6)Get key rem collections : 1.91300 ms 
Time of (5)Generate new edges : 1.50600 ms 
Time of (12)Transedges prefix : 1.46300 ms 
Time of (2)Convert to collection : 1.03400 ms 
Time of (7)Convert to collection : 1.03300 ms 
Time of (8)Shortcut rep : 0.88100 ms 
Time of (4)Remove edges : 0.80800 ms 
Time of (19)Reverse Edges and Connect Parent : 0.63000 ms 
Time of (0)Extracting Roots : 0.62200 ms 
Time of (15)PR Loop : 0.37900 ms 
Time of (16)Component Parent, Reversals : 0.28900 ms 
Time of (10)Compress Graph : 0.14300 ms 
Time of (14)PR init : 0.01700 ms 
Time of (11)Get compressed list : 0.00700 ms 
Time of (13)Get edges : 0.00500 ms 
Time (total): 37.25900 ms 
--------------------------------------------------------
filename: ljournal-2008.txt
Nodes : 5363260
Edges : 49514345

------------------------------------------------------
Batch : 0

 Current edges 49514345
Deleted : 1000
Time of (17)PR Shortcut : 11.784000 ms 
Time of (9)Hooking Shortcutting : 6.15700 ms 
Time of (18)PR Reverse Paths : 3.26300 ms 
Time of (1)Get key rem collections : 2.73800 ms 
Time of (3)Edge Deletion : 2.49000 ms 
Time of (6)Get key rem collections : 1.84600 ms 
Time of (5)Generate new edges : 1.50500 ms 
Time of (12)Transedges prefix : 1.25000 ms 
Time of (7)Convert to collection : 1.03500 ms 
Time of (2)Convert to collection : 1.02800 ms 
Time of (8)Shortcut rep : 0.84400 ms 
Time of (4)Remove edges : 0.81600 ms 
Time of (19)Reverse Edges and Connect Parent : 0.61600 ms 
Time of (0)Extracting Roots : 0.59400 ms 
Time of (15)PR Loop : 0.52200 ms 
Time of (16)Component Parent, Reversals : 0.28400 ms 
Time of (10)Compress Graph : 0.15100 ms 
Time of (14)PR init : 0.01400 ms 
Time of (11)Get compressed list : 0.00600 ms 
Time of (13)Get edges : 0.00400 ms 
Time (total): 36.94700 ms 
--------------------------------------------------------
filename: ljournal-2008.txt
Nodes : 5363260
Edges : 49514345

------------------------------------------------------
Batch : 0

 Current edges 49514345
Deleted : 1000
Time of (17)PR Shortcut : 11.710000 ms 
Time of (9)Hooking Shortcutting : 6.11400 ms 
Time of (18)PR Reverse Paths : 3.27200 ms 
Time of (1)Get key rem collections : 2.67700 ms 
Time of (3)Edge Deletion : 2.51100 ms 
Time of (6)Get key rem collections : 1.84000 ms 
Time of (12)Transedges prefix : 1.55000 ms 
Time of (5)Generate new edges : 1.50700 ms 
Time of (7)Convert to collection : 1.03200 ms 
Time of (2)Convert to collection : 1.02800 ms 
Time of (4)Remove edges : 0.90600 ms 
Time of (8)Shortcut rep : 0.84100 ms 
Time of (19)Reverse Edges and Connect Parent : 0.61900 ms 
Time of (0)Extracting Roots : 0.61300 ms 
Time of (15)PR Loop : 0.53100 ms 
Time of (16)Component Parent, Reversals : 0.28400 ms 
Time of (10)Compress Graph : 0.14900 ms 
Time of (14)PR init : 0.01600 ms 
Time of (11)Get compressed list : 0.00700 ms 
Time of (13)Get edges : 0.00500 ms 
Time (total): 37.21200 ms 
--------------------------------------------------------
filename: ljournal-2008.txt
Nodes : 5363260
Edges : 49514345

------------------------------------------------------
Batch : 0

 Current edges 49514345
Deleted : 1000
Time of (17)PR Shortcut : 11.265000 ms 
Time of (9)Hooking Shortcutting : 6.11700 ms 
Time of (18)PR Reverse Paths : 3.27400 ms 
Time of (1)Get key rem collections : 2.85400 ms 
Time of (3)Edge Deletion : 2.50100 ms 
Time of (6)Get key rem collections : 1.91300 ms 
Time of (5)Generate new edges : 1.50700 ms 
Time of (12)Transedges prefix : 1.25000 ms 
Time of (2)Convert to collection : 1.03200 ms 
Time of (7)Convert to collection : 1.02900 ms 
Time of (8)Shortcut rep : 0.85300 ms 
Time of (4)Remove edges : 0.79700 ms 
Time of (19)Reverse Edges and Connect Parent : 0.62500 ms 
Time of (0)Extracting Roots : 0.58900 ms 
Time of (15)PR Loop : 0.52600 ms 
Time of (16)Component Parent, Reversals : 0.28800 ms 
Time of (10)Compress Graph : 0.15700 ms 
Time of (14)PR init : 0.01700 ms 
Time of (13)Get edges : 0.00600 ms 
Time of (11)Get compressed list : 0.00500 ms 
Time (total): 36.60500 ms 
--------------------------------------------------------
filename: ljournal-2008.txt
Nodes : 5363260
Edges : 49514345

------------------------------------------------------
Batch : 0

 Current edges 49514345
Deleted : 1000
Time of (17)PR Shortcut : 11.365000 ms 
Time of (9)Hooking Shortcutting : 7.92700 ms 
Time of (18)PR Reverse Paths : 3.27100 ms 
Time of (1)Get key rem collections : 2.68900 ms 
Time of (3)Edge Deletion : 2.51300 ms 
Time of (6)Get key rem collections : 1.94600 ms 
Time of (5)Generate new edges : 1.50700 ms 
Time of (12)Transedges prefix : 1.18200 ms 
Time of (7)Convert to collection : 1.03400 ms 
Time of (2)Convert to collection : 1.03200 ms 
Time of (8)Shortcut rep : 0.84800 ms 
Time of (4)Remove edges : 0.80000 ms 
Time of (19)Reverse Edges and Connect Parent : 0.61500 ms 
Time of (0)Extracting Roots : 0.57400 ms 
Time of (15)PR Loop : 0.56200 ms 
Time of (16)Component Parent, Reversals : 0.28800 ms 
Time of (10)Compress Graph : 0.13700 ms 
Time of (14)PR init : 0.01600 ms 
Time of (13)Get edges : 0.00500 ms 
Time of (11)Get compressed list : 0.00500 ms 
Time (total): 38.31600 ms 
--------------------------------------------------------
filename: ljournal-2008.txt
Nodes : 5363260
Edges : 49514345

------------------------------------------------------
Batch : 0

 Current edges 49514345
Deleted : 1000
Time of (17)PR Shortcut : 11.357000 ms 
Time of (9)Hooking Shortcutting : 6.11900 ms 
Time of (18)PR Reverse Paths : 3.26300 ms 
Time of (1)Get key rem collections : 2.88900 ms 
Time of (3)Edge Deletion : 2.50100 ms 
Time of (6)Get key rem collections : 2.03900 ms 
Time of (5)Generate new edges : 1.50400 ms 
Time of (12)Transedges prefix : 1.34600 ms 
Time of (2)Convert to collection : 1.03100 ms 
Time of (7)Convert to collection : 1.03000 ms 
Time of (8)Shortcut rep : 0.85500 ms 
Time of (4)Remove edges : 0.82900 ms 
Time of (19)Reverse Edges and Connect Parent : 0.61900 ms 
Time of (0)Extracting Roots : 0.59800 ms 
Time of (15)PR Loop : 0.53500 ms 
Time of (16)Component Parent, Reversals : 0.29200 ms 
Time of (10)Compress Graph : 0.14500 ms 
Time of (14)PR init : 0.01600 ms 
Time of (11)Get compressed list : 0.00800 ms 
Time of (13)Get edges : 0.00700 ms 
Time (total): 36.98300 ms 
--------------------------------------------------------
filename: ljournal-2008.txt
Nodes : 5363260
Edges : 49514345

------------------------------------------------------
Batch : 0

 Current edges 49514345
Deleted : 100000
Time of (9)Hooking Shortcutting : 17.278000 ms 
Time of (17)PR Shortcut : 11.30800 ms 
Time of (15)PR Loop : 6.82200 ms 
Time of (18)PR Reverse Paths : 3.41900 ms 
Time of (1)Get key rem collections : 2.76500 ms 
Time of (3)Edge Deletion : 2.72500 ms 
Time of (6)Get key rem collections : 2.11400 ms 
Time of (5)Generate new edges : 1.49700 ms 
Time of (12)Transedges prefix : 1.07800 ms 
Time of (2)Convert to collection : 1.03200 ms 
Time of (7)Convert to collection : 1.02800 ms 
Time of (8)Shortcut rep : 0.86100 ms 
Time of (4)Remove edges : 0.78100 ms 
Time of (19)Reverse Edges and Connect Parent : 0.61900 ms 
Time of (0)Extracting Roots : 0.60400 ms 
Time of (16)Component Parent, Reversals : 0.30100 ms 
Time of (10)Compress Graph : 0.19700 ms 
Time of (14)PR init : 0.01600 ms 
Time of (13)Get edges : 0.00600 ms 
Time of (11)Get compressed list : 0.00600 ms 
Time (total): 54.45700 ms 
--------------------------------------------------------
filename: ljournal-2008.txt
Nodes : 5363260
Edges : 49514345

------------------------------------------------------
Batch : 0

 Current edges 49514345
Deleted : 100000
Time of (9)Hooking Shortcutting : 13.092000 ms 
Time of (17)PR Shortcut : 11.85300 ms 
Time of (15)PR Loop : 5.22800 ms 
Time of (18)PR Reverse Paths : 3.70600 ms 
Time of (1)Get key rem collections : 2.83300 ms 
Time of (3)Edge Deletion : 2.72000 ms 
Time of (6)Get key rem collections : 2.10300 ms 
Time of (5)Generate new edges : 1.49500 ms 
Time of (12)Transedges prefix : 1.18700 ms 
Time of (2)Convert to collection : 1.03100 ms 
Time of (7)Convert to collection : 1.02700 ms 
Time of (8)Shortcut rep : 0.86200 ms 
Time of (4)Remove edges : 0.83000 ms 
Time of (19)Reverse Edges and Connect Parent : 0.64700 ms 
Time of (0)Extracting Roots : 0.57400 ms 
Time of (16)Component Parent, Reversals : 0.29200 ms 
Time of (10)Compress Graph : 0.14300 ms 
Time of (14)PR init : 0.01400 ms 
Time of (11)Get compressed list : 0.00600 ms 
Time of (13)Get edges : 0.00400 ms 
Time (total): 49.64700 ms 
--------------------------------------------------------
filename: ljournal-2008.txt
Nodes : 5363260
Edges : 49514345

------------------------------------------------------
Batch : 0

 Current edges 49514345
Deleted : 100000
Time of (9)Hooking Shortcutting : 19.366000 ms 
Time of (17)PR Shortcut : 11.32700 ms 
Time of (15)PR Loop : 4.42600 ms 
Time of (18)PR Reverse Paths : 3.70400 ms 
Time of (3)Edge Deletion : 2.74300 ms 
Time of (1)Get key rem collections : 2.67500 ms 
Time of (6)Get key rem collections : 2.04800 ms 
Time of (5)Generate new edges : 1.49800 ms 
Time of (12)Transedges prefix : 1.21900 ms 
Time of (7)Convert to collection : 1.03300 ms 
Time of (2)Convert to collection : 1.02300 ms 
Time of (8)Shortcut rep : 0.86500 ms 
Time of (4)Remove edges : 0.82100 ms 
Time of (19)Reverse Edges and Connect Parent : 0.65000 ms 
Time of (0)Extracting Roots : 0.57800 ms 
Time of (16)Component Parent, Reversals : 0.28900 ms 
Time of (10)Compress Graph : 0.15300 ms 
Time of (14)PR init : 0.01600 ms 
Time of (11)Get compressed list : 0.00700 ms 
Time of (13)Get edges : 0.00500 ms 
Time (total): 54.44600 ms 
--------------------------------------------------------
filename: ljournal-2008.txt
Nodes : 5363260
Edges : 49514345

------------------------------------------------------
Batch : 0

 Current edges 49514345
Deleted : 100000
Time of (9)Hooking Shortcutting : 17.601000 ms 
Time of (17)PR Shortcut : 9.93100 ms 
Time of (15)PR Loop : 4.40100 ms 
Time of (18)PR Reverse Paths : 2.85200 ms 
Time of (1)Get key rem collections : 2.79000 ms 
Time of (3)Edge Deletion : 2.68700 ms 
Time of (6)Get key rem collections : 1.95600 ms 
Time of (5)Generate new edges : 1.49500 ms 
Time of (12)Transedges prefix : 1.18700 ms 
Time of (2)Convert to collection : 1.03300 ms 
Time of (7)Convert to collection : 1.03100 ms 
Time of (4)Remove edges : 0.91100 ms 
Time of (8)Shortcut rep : 0.86300 ms 
Time of (0)Extracting Roots : 0.57200 ms 
Time of (19)Reverse Edges and Connect Parent : 0.55000 ms 
Time of (16)Component Parent, Reversals : 0.28700 ms 
Time of (10)Compress Graph : 0.18500 ms 
Time of (14)PR init : 0.01400 ms 
Time of (11)Get compressed list : 0.00600 ms 
Time of (13)Get edges : 0.00400 ms 
Time (total): 50.35600 ms 
--------------------------------------------------------
filename: ljournal-2008.txt
Nodes : 5363260
Edges : 49514345

------------------------------------------------------
Batch : 0

 Current edges 49514345
Deleted : 100000
Time of (9)Hooking Shortcutting : 14.383000 ms 
Time of (17)PR Shortcut : 10.19200 ms 
Time of (15)PR Loop : 3.91400 ms 
Time of (18)PR Reverse Paths : 2.97000 ms 
Time of (1)Get key rem collections : 2.73200 ms 
Time of (3)Edge Deletion : 2.72800 ms 
Time of (6)Get key rem collections : 1.87700 ms 
Time of (5)Generate new edges : 1.49700 ms 
Time of (12)Transedges prefix : 1.17600 ms 
Time of (7)Convert to collection : 1.03500 ms 
Time of (2)Convert to collection : 1.02700 ms 
Time of (8)Shortcut rep : 0.87200 ms 
Time of (4)Remove edges : 0.85100 ms 
Time of (0)Extracting Roots : 0.56900 ms 
Time of (19)Reverse Edges and Connect Parent : 0.55900 ms 
Time of (16)Component Parent, Reversals : 0.29200 ms 
Time of (10)Compress Graph : 0.14600 ms 
Time of (14)PR init : 0.01500 ms 
Time of (11)Get compressed list : 0.00600 ms 
Time of (13)Get edges : 0.00500 ms 
Time (total): 46.84600 ms 
--------------------------------------------------------
filename: ljournal-2008.txt
Nodes : 5363260
Edges : 49514345

------------------------------------------------------
Batch : 0

 Current edges 49514345
Deleted : 10000
Time of (17)PR Shortcut : 11.831000 ms 
Time of (9)Hooking Shortcutting : 11.14900 ms 
Time of (3)Edge Deletion : 3.44200 ms 
Time of (18)PR Reverse Paths : 3.33000 ms 
Time of (1)Get key rem collections : 2.77200 ms 
Time of (15)PR Loop : 2.04700 ms 
Time of (6)Get key rem collections : 1.97600 ms 
Time of (5)Generate new edges : 1.49900 ms 
Time of (12)Transedges prefix : 1.29200 ms 
Time of (7)Convert to collection : 1.03800 ms 
Time of (2)Convert to collection : 1.02700 ms 
Time of (8)Shortcut rep : 0.86800 ms 
Time of (4)Remove edges : 0.82800 ms 
Time of (19)Reverse Edges and Connect Parent : 0.62400 ms 
Time of (0)Extracting Roots : 0.56700 ms 
Time of (16)Component Parent, Reversals : 0.28400 ms 
Time of (10)Compress Graph : 0.14200 ms 
Time of (14)PR init : 0.01400 ms 
Time of (11)Get compressed list : 0.00600 ms 
Time of (13)Get edges : 0.00500 ms 
Time (total): 44.74100 ms 
--------------------------------------------------------
filename: ljournal-2008.txt
Nodes : 5363260
Edges : 49514345

------------------------------------------------------
Batch : 0

 Current edges 49514345
Deleted : 10000
Time of (17)PR Shortcut : 11.773000 ms 
Time of (9)Hooking Shortcutting : 6.14200 ms 
Time of (3)Edge Deletion : 3.43400 ms 
Time of (18)PR Reverse Paths : 3.34100 ms 
Time of (1)Get key rem collections : 2.66300 ms 
Time of (6)Get key rem collections : 2.07300 ms 
Time of (5)Generate new edges : 1.49800 ms 
Time of (12)Transedges prefix : 1.29600 ms 
Time of (15)PR Loop : 1.14000 ms 
Time of (7)Convert to collection : 1.03600 ms 
Time of (2)Convert to collection : 1.02400 ms 
Time of (4)Remove edges : 0.90600 ms 
Time of (8)Shortcut rep : 0.85300 ms 
Time of (0)Extracting Roots : 0.62000 ms 
Time of (19)Reverse Edges and Connect Parent : 0.61800 ms 
Time of (16)Component Parent, Reversals : 0.28300 ms 
Time of (10)Compress Graph : 0.15500 ms 
Time of (14)PR init : 0.01300 ms 
Time of (11)Get compressed list : 0.00600 ms 
Time of (13)Get edges : 0.00400 ms 
Time (total): 38.87800 ms 
--------------------------------------------------------
filename: ljournal-2008.txt
Nodes : 5363260
Edges : 49514345

------------------------------------------------------
Batch : 0

 Current edges 49514345
Deleted : 10000
Time of (17)PR Shortcut : 11.793000 ms 
Time of (9)Hooking Shortcutting : 9.55400 ms 
Time of (3)Edge Deletion : 3.38800 ms 
Time of (18)PR Reverse Paths : 3.34900 ms 
Time of (1)Get key rem collections : 2.76700 ms 
Time of (6)Get key rem collections : 2.04700 ms 
Time of (15)PR Loop : 1.77500 ms 
Time of (5)Generate new edges : 1.49800 ms 
Time of (12)Transedges prefix : 1.31500 ms 
Time of (7)Convert to collection : 1.03100 ms 
Time of (2)Convert to collection : 1.02500 ms 
Time of (8)Shortcut rep : 0.86100 ms 
Time of (4)Remove edges : 0.79500 ms 
Time of (19)Reverse Edges and Connect Parent : 0.61800 ms 
Time of (0)Extracting Roots : 0.59200 ms 
Time of (16)Component Parent, Reversals : 0.29000 ms 
Time of (10)Compress Graph : 0.14200 ms 
Time of (14)PR init : 0.01600 ms 
Time of (13)Get edges : 0.00500 ms 
Time of (11)Get compressed list : 0.00500 ms 
Time (total): 42.86600 ms 
--------------------------------------------------------
filename: ljournal-2008.txt
Nodes : 5363260
Edges : 49514345

------------------------------------------------------
Batch : 0

 Current edges 49514345
Deleted : 10000
Time of (17)PR Shortcut : 10.117000 ms 
Time of (9)Hooking Shortcutting : 6.14900 ms 
Time of (3)Edge Deletion : 3.42800 ms 
Time of (1)Get key rem collections : 2.80900 ms 
Time of (18)PR Reverse Paths : 2.70300 ms 
Time of (6)Get key rem collections : 2.02800 ms 
Time of (15)PR Loop : 1.61800 ms 
Time of (5)Generate new edges : 1.49500 ms 
Time of (12)Transedges prefix : 1.20300 ms 
Time of (2)Convert to collection : 1.03800 ms 
Time of (7)Convert to collection : 1.03400 ms 
Time of (4)Remove edges : 0.96100 ms 
Time of (8)Shortcut rep : 0.88400 ms 
Time of (0)Extracting Roots : 0.57300 ms 
Time of (19)Reverse Edges and Connect Parent : 0.54500 ms 
Time of (16)Component Parent, Reversals : 0.28500 ms 
Time of (10)Compress Graph : 0.13900 ms 
Time of (14)PR init : 0.01500 ms 
Time of (11)Get compressed list : 0.00600 ms 
Time of (13)Get edges : 0.00500 ms 
Time (total): 37.03500 ms 
--------------------------------------------------------
filename: ljournal-2008.txt
Nodes : 5363260
Edges : 49514345

------------------------------------------------------
Batch : 0

 Current edges 49514345
Deleted : 10000
Time of (17)PR Shortcut : 14.340000 ms 
Time of (9)Hooking Shortcutting : 6.29900 ms 
Time of (3)Edge Deletion : 3.41200 ms 
Time of (18)PR Reverse Paths : 3.34200 ms 
Time of (1)Get key rem collections : 2.73300 ms 
Time of (15)PR Loop : 2.28000 ms 
Time of (6)Get key rem collections : 2.01500 ms 
Time of (5)Generate new edges : 1.49700 ms 
Time of (12)Transedges prefix : 1.27400 ms 
Time of (7)Convert to collection : 1.03400 ms 
Time of (2)Convert to collection : 1.03200 ms 
Time of (8)Shortcut rep : 0.85700 ms 
Time of (4)Remove edges : 0.77800 ms 
Time of (19)Reverse Edges and Connect Parent : 0.62600 ms 
Time of (0)Extracting Roots : 0.59000 ms 
Time of (16)Component Parent, Reversals : 0.28300 ms 
Time of (10)Compress Graph : 0.13900 ms 
Time of (14)PR init : 0.01300 ms 
Time of (13)Get edges : 0.00500 ms 
Time of (11)Get compressed list : 0.00500 ms 
Time (total): 42.55400 ms 
--------------------------------------------------------
filename: ljournal-2008.txt
Nodes : 5363260
Edges : 49514345

------------------------------------------------------
Batch : 0

 Current edges 49514345
Deleted : 100
Time of (17)PR Shortcut : 11.763000 ms 
Time of (9)Hooking Shortcutting : 6.12100 ms 
Time of (18)PR Reverse Paths : 3.27000 ms 
Time of (1)Get key rem collections : 2.65300 ms 
Time of (3)Edge Deletion : 2.61500 ms 
Time of (6)Get key rem collections : 1.99000 ms 
Time of (5)Generate new edges : 1.50300 ms 
Time of (12)Transedges prefix : 1.27900 ms 
Time of (7)Convert to collection : 1.03700 ms 
Time of (2)Convert to collection : 1.02600 ms 
Time of (8)Shortcut rep : 0.86900 ms 
Time of (4)Remove edges : 0.80700 ms 
Time of (19)Reverse Edges and Connect Parent : 0.61600 ms 
Time of (0)Extracting Roots : 0.57900 ms 
Time of (15)PR Loop : 0.41300 ms 
Time of (16)Component Parent, Reversals : 0.28700 ms 
Time of (10)Compress Graph : 0.14200 ms 
Time of (14)PR init : 0.01400 ms 
Time of (11)Get compressed list : 0.00500 ms 
Time of (13)Get edges : 0.00400 ms 
Time (total): 36.99300 ms 
--------------------------------------------------------
filename: ljournal-2008.txt
Nodes : 5363260
Edges : 49514345

------------------------------------------------------
Batch : 0

 Current edges 49514345
Deleted : 100
Time of (17)PR Shortcut : 11.863000 ms 
Time of (9)Hooking Shortcutting : 6.11900 ms 
Time of (18)PR Reverse Paths : 3.25100 ms 
Time of (1)Get key rem collections : 2.78800 ms 
Time of (3)Edge Deletion : 2.60200 ms 
Time of (6)Get key rem collections : 1.94700 ms 
Time of (5)Generate new edges : 1.50000 ms 
Time of (12)Transedges prefix : 1.19900 ms 
Time of (2)Convert to collection : 1.04000 ms 
Time of (7)Convert to collection : 1.03000 ms 
Time of (8)Shortcut rep : 0.86800 ms 
Time of (4)Remove edges : 0.75900 ms 
Time of (19)Reverse Edges and Connect Parent : 0.61500 ms 
Time of (0)Extracting Roots : 0.57600 ms 
Time of (15)PR Loop : 0.42200 ms 
Time of (16)Component Parent, Reversals : 0.28900 ms 
Time of (10)Compress Graph : 0.14700 ms 
Time of (14)PR init : 0.01600 ms 
Time of (11)Get compressed list : 0.00600 ms 
Time of (13)Get edges : 0.00500 ms 
Time (total): 37.04200 ms 
--------------------------------------------------------
filename: ljournal-2008.txt
Nodes : 5363260
Edges : 49514345

------------------------------------------------------
Batch : 0

 Current edges 49514345
Deleted : 100
Time of (17)PR Shortcut : 11.713000 ms 
Time of (9)Hooking Shortcutting : 6.07400 ms 
Time of (18)PR Reverse Paths : 3.27000 ms 
Time of (1)Get key rem collections : 2.66400 ms 
Time of (3)Edge Deletion : 2.56700 ms 
Time of (6)Get key rem collections : 1.90400 ms 
Time of (5)Generate new edges : 1.49800 ms 
Time of (12)Transedges prefix : 1.21400 ms 
Time of (7)Convert to collection : 1.03200 ms 
Time of (2)Convert to collection : 1.02700 ms 
Time of (4)Remove edges : 0.92500 ms 
Time of (8)Shortcut rep : 0.88100 ms 
Time of (19)Reverse Edges and Connect Parent : 0.61800 ms 
Time of (0)Extracting Roots : 0.58300 ms 
Time of (15)PR Loop : 0.37000 ms 
Time of (16)Component Parent, Reversals : 0.32700 ms 
Time of (10)Compress Graph : 0.13600 ms 
Time of (14)PR init : 0.01600 ms 
Time of (11)Get compressed list : 0.00700 ms 
Time of (13)Get edges : 0.00500 ms 
Time (total): 36.83100 ms 
--------------------------------------------------------
filename: ljournal-2008.txt
Nodes : 5363260
Edges : 49514345

------------------------------------------------------
Batch : 0

 Current edges 49514345
Deleted : 100
Time of (17)PR Shortcut : 11.746000 ms 
Time of (9)Hooking Shortcutting : 6.12500 ms 
Time of (18)PR Reverse Paths : 3.28800 ms 
Time of (1)Get key rem collections : 2.86000 ms 
Time of (3)Edge Deletion : 2.61000 ms 
Time of (6)Get key rem collections : 2.02900 ms 
Time of (5)Generate new edges : 1.50200 ms 
Time of (12)Transedges prefix : 1.32000 ms 
Time of (7)Convert to collection : 1.03800 ms 
Time of (2)Convert to collection : 1.02500 ms 
Time of (8)Shortcut rep : 0.87600 ms 
Time of (4)Remove edges : 0.80100 ms 
Time of (19)Reverse Edges and Connect Parent : 0.61400 ms 
Time of (0)Extracting Roots : 0.58500 ms 
Time of (15)PR Loop : 0.36400 ms 
Time of (16)Component Parent, Reversals : 0.28300 ms 
Time of (10)Compress Graph : 0.14600 ms 
Time of (14)PR init : 0.01400 ms 
Time of (11)Get compressed list : 0.00500 ms 
Time of (13)Get edges : 0.00400 ms 
Time (total): 37.23500 ms 
--------------------------------------------------------
filename: ljournal-2008.txt
Nodes : 5363260
Edges : 49514345

------------------------------------------------------
Batch : 0

 Current edges 49514345
Deleted : 100
Time of (17)PR Shortcut : 10.156000 ms 
Time of (9)Hooking Shortcutting : 6.07100 ms 
Time of (1)Get key rem collections : 2.68000 ms 
Time of (18)PR Reverse Paths : 2.67600 ms 
Time of (3)Edge Deletion : 2.59600 ms 
Time of (6)Get key rem collections : 1.87100 ms 
Time of (5)Generate new edges : 1.50400 ms 
Time of (2)Convert to collection : 1.03300 ms 
Time of (7)Convert to collection : 1.03200 ms 
Time of (12)Transedges prefix : 1.01400 ms 
Time of (8)Shortcut rep : 0.87600 ms 
Time of (4)Remove edges : 0.76000 ms 
Time of (0)Extracting Roots : 0.61500 ms 
Time of (19)Reverse Edges and Connect Parent : 0.54200 ms 
Time of (15)PR Loop : 0.33500 ms 
Time of (16)Component Parent, Reversals : 0.28600 ms 
Time of (10)Compress Graph : 0.14400 ms 
Time of (14)PR init : 0.01500 ms 
Time of (13)Get edges : 0.00500 ms 
Time of (11)Get compressed list : 0.00500 ms 
Time (total): 34.21600 ms 
--------------------------------------------------------
filename: ljournal-2008.txt
Nodes : 5363260
Edges : 49514345

------------------------------------------------------
Batch : 0

 Current edges 49514345
Deleted : 1000
Time of (17)PR Shortcut : 11.937000 ms 
Time of (9)Hooking Shortcutting : 6.17600 ms 
Time of (18)PR Reverse Paths : 3.25700 ms 
Time of (1)Get key rem collections : 2.75200 ms 
Time of (3)Edge Deletion : 2.51000 ms 
Time of (6)Get key rem collections : 2.09200 ms 
Time of (5)Generate new edges : 1.50400 ms 
Time of (12)Transedges prefix : 1.40000 ms 
Time of (2)Convert to collection : 1.03900 ms 
Time of (7)Convert to collection : 1.02900 ms 
Time of (8)Shortcut rep : 0.85600 ms 
Time of (4)Remove edges : 0.76700 ms 
Time of (0)Extracting Roots : 0.62200 ms 
Time of (19)Reverse Edges and Connect Parent : 0.61600 ms 
Time of (15)PR Loop : 0.53900 ms 
Time of (16)Component Parent, Reversals : 0.28500 ms 
Time of (10)Compress Graph : 0.14100 ms 
Time of (14)PR init : 0.01800 ms 
Time of (13)Get edges : 0.00800 ms 
Time of (11)Get compressed list : 0.00600 ms 
Time (total): 37.55400 ms 
--------------------------------------------------------
filename: ljournal-2008.txt
Nodes : 5363260
Edges : 49514345

------------------------------------------------------
Batch : 0

 Current edges 49514345
Deleted : 1000
Time of (17)PR Shortcut : 10.094000 ms 
Time of (9)Hooking Shortcutting : 6.12200 ms 
Time of (4)Remove edges : 3.02200 ms 
Time of (1)Get key rem collections : 2.78000 ms 
Time of (18)PR Reverse Paths : 2.62700 ms 
Time of (3)Edge Deletion : 2.50500 ms 
Time of (6)Get key rem collections : 2.14400 ms 
Time of (5)Generate new edges : 1.50100 ms 
Time of (12)Transedges prefix : 1.24100 ms 
Time of (7)Convert to collection : 1.03700 ms 
Time of (2)Convert to collection : 1.02600 ms 
Time of (8)Shortcut rep : 0.84800 ms 
Time of (0)Extracting Roots : 0.61200 ms 
Time of (19)Reverse Edges and Connect Parent : 0.53900 ms 
Time of (15)PR Loop : 0.49100 ms 
Time of (16)Component Parent, Reversals : 0.30000 ms 
Time of (10)Compress Graph : 0.13200 ms 
Time of (14)PR init : 0.01400 ms 
Time of (13)Get edges : 0.00500 ms 
Time of (11)Get compressed list : 0.00500 ms 
Time (total): 37.04500 ms 
--------------------------------------------------------
filename: ljournal-2008.txt
Nodes : 5363260
Edges : 49514345

------------------------------------------------------
Batch : 0

 Current edges 49514345
Deleted : 1000
Time of (17)PR Shortcut : 11.807000 ms 
Time of (9)Hooking Shortcutting : 6.08800 ms 
Time of (18)PR Reverse Paths : 3.27800 ms 
Time of (1)Get key rem collections : 3.10200 ms 
Time of (3)Edge Deletion : 2.47800 ms 
Time of (6)Get key rem collections : 1.89300 ms 
Time of (5)Generate new edges : 1.50100 ms 
Time of (12)Transedges prefix : 1.26500 ms 
Time of (7)Convert to collection : 1.03000 ms 
Time of (2)Convert to collection : 1.03000 ms 
Time of (8)Shortcut rep : 0.84400 ms 
Time of (4)Remove edges : 0.83700 ms 
Time of (19)Reverse Edges and Connect Parent : 0.62400 ms 
Time of (0)Extracting Roots : 0.58700 ms 
Time of (15)PR Loop : 0.51300 ms 
Time of (16)Component Parent, Reversals : 0.29100 ms 
Time of (10)Compress Graph : 0.14100 ms 
Time of (14)PR init : 0.01300 ms 
Time of (11)Get compressed list : 0.00600 ms 
Time of (13)Get edges : 0.00500 ms 
Time (total): 37.33300 ms 
--------------------------------------------------------
filename: ljournal-2008.txt
Nodes : 5363260
Edges : 49514345

------------------------------------------------------
Batch : 0

 Current edges 49514345
Deleted : 1000
Time of (17)PR Shortcut : 11.279000 ms 
Time of (9)Hooking Shortcutting : 7.87500 ms 
Time of (18)PR Reverse Paths : 3.28000 ms 
Time of (1)Get key rem collections : 2.68500 ms 
Time of (3)Edge Deletion : 2.48500 ms 
Time of (6)Get key rem collections : 2.15400 ms 
Time of (5)Generate new edges : 1.50500 ms 
Time of (12)Transedges prefix : 1.18800 ms 
Time of (7)Convert to collection : 1.06700 ms 
Time of (2)Convert to collection : 1.02700 ms 
Time of (4)Remove edges : 0.86600 ms 
Time of (8)Shortcut rep : 0.84500 ms 
Time of (19)Reverse Edges and Connect Parent : 0.61800 ms 
Time of (0)Extracting Roots : 0.58300 ms 
Time of (15)PR Loop : 0.56600 ms 
Time of (16)Component Parent, Reversals : 0.28500 ms 
Time of (10)Compress Graph : 0.13900 ms 
Time of (14)PR init : 0.01400 ms 
Time of (11)Get compressed list : 0.00600 ms 
Time of (13)Get edges : 0.00400 ms 
Time (total): 38.47100 ms 
--------------------------------------------------------
filename: ljournal-2008.txt
Nodes : 5363260
Edges : 49514345

------------------------------------------------------
Batch : 0

 Current edges 49514345
Deleted : 1000
Time of (17)PR Shortcut : 11.817000 ms 
Time of (9)Hooking Shortcutting : 6.24700 ms 
Time of (18)PR Reverse Paths : 3.27200 ms 
Time of (1)Get key rem collections : 2.70300 ms 
Time of (3)Edge Deletion : 2.49000 ms 
Time of (6)Get key rem collections : 1.97700 ms 
Time of (5)Generate new edges : 1.50500 ms 
Time of (12)Transedges prefix : 1.21100 ms 
Time of (7)Convert to collection : 1.03300 ms 
Time of (2)Convert to collection : 1.02700 ms 
Time of (4)Remove edges : 0.89500 ms 
Time of (8)Shortcut rep : 0.84200 ms 
Time of (19)Reverse Edges and Connect Parent : 0.61400 ms 
Time of (0)Extracting Roots : 0.58100 ms 
Time of (15)PR Loop : 0.53200 ms 
Time of (16)Component Parent, Reversals : 0.28600 ms 
Time of (10)Compress Graph : 0.14300 ms 
Time of (14)PR init : 0.01300 ms 
Time of (11)Get compressed list : 0.00600 ms 
Time of (13)Get edges : 0.00500 ms 
Time (total): 37.19900 ms 
--------------------------------------------------------
