filename: soc-LiveJournal1.txt
Nodes : 4847571
Edges : 42853112

------------------------------------------------------
Batch : 0

 Current edges 42853112
Deleted : 100000
Time of (9)Hooking Shortcutting : 21.404000 ms 
Time of (17)PR Shortcut : 9.37400 ms 
Time of (15)PR Loop : 6.43000 ms 
Time of (18)PR Reverse Paths : 2.91800 ms 
Time of (1)Get key rem collections : 2.77800 ms 
Time of (3)Edge Deletion : 2.62000 ms 
Time of (6)Get key rem collections : 1.74300 ms 
Time of (5)Generate new edges : 1.30300 ms 
Time of (12)Transedges prefix : 1.10600 ms 
Time of (2)Convert to collection : 0.90000 ms 
Time of (7)Convert to collection : 0.89800 ms 
Time of (8)Shortcut rep : 0.84100 ms 
Time of (4)Remove edges : 0.68100 ms 
Time of (0)Extracting Roots : 0.57000 ms 
Time of (19)Reverse Edges and Connect Parent : 0.53900 ms 
Time of (16)Component Parent, Reversals : 0.41300 ms 
Time of (10)Compress Graph : 0.13000 ms 
Time of (14)PR init : 0.01400 ms 
Time of (13)Get edges : 0.00500 ms 
Time of (11)Get compressed list : 0.00500 ms 
Time (total): 54.67200 ms 
--------------------------------------------------------
filename: soc-LiveJournal1.txt
Nodes : 4847571
Edges : 42853112

------------------------------------------------------
Batch : 0

 Current edges 42853112
Deleted : 100000
Time of (9)Hooking Shortcutting : 18.980000 ms 
Time of (17)PR Shortcut : 9.94600 ms 
Time of (15)PR Loop : 4.12200 ms 
Time of (18)PR Reverse Paths : 3.28900 ms 
Time of (3)Edge Deletion : 2.71000 ms 
Time of (1)Get key rem collections : 2.62000 ms 
Time of (6)Get key rem collections : 1.63400 ms 
Time of (5)Generate new edges : 1.30100 ms 
Time of (12)Transedges prefix : 1.05200 ms 
Time of (7)Convert to collection : 0.90100 ms 
Time of (2)Convert to collection : 0.89500 ms 
Time of (8)Shortcut rep : 0.84200 ms 
Time of (4)Remove edges : 0.71800 ms 
Time of (19)Reverse Edges and Connect Parent : 0.59500 ms 
Time of (0)Extracting Roots : 0.56800 ms 
Time of (16)Component Parent, Reversals : 0.29300 ms 
Time of (10)Compress Graph : 0.12800 ms 
Time of (14)PR init : 0.01500 ms 
Time of (11)Get compressed list : 0.00500 ms 
Time of (13)Get edges : 0.00400 ms 
Time (total): 50.61800 ms 
--------------------------------------------------------
filename: soc-LiveJournal1.txt
Nodes : 4847571
Edges : 42853112

------------------------------------------------------
Batch : 0

 Current edges 42853112
Deleted : 100000
Time of (9)Hooking Shortcutting : 27.447000 ms 
Time of (17)PR Shortcut : 9.33700 ms 
Time of (15)PR Loop : 5.00500 ms 
Time of (18)PR Reverse Paths : 2.95000 ms 
Time of (1)Get key rem collections : 2.73900 ms 
Time of (3)Edge Deletion : 2.71600 ms 
Time of (6)Get key rem collections : 1.65200 ms 
Time of (5)Generate new edges : 1.30300 ms 
Time of (12)Transedges prefix : 1.01200 ms 
Time of (2)Convert to collection : 0.89700 ms 
Time of (7)Convert to collection : 0.89500 ms 
Time of (8)Shortcut rep : 0.83700 ms 
Time of (4)Remove edges : 0.67600 ms 
Time of (0)Extracting Roots : 0.60500 ms 
Time of (19)Reverse Edges and Connect Parent : 0.54200 ms 
Time of (16)Component Parent, Reversals : 0.27900 ms 
Time of (10)Compress Graph : 0.14200 ms 
Time of (14)PR init : 0.01700 ms 
Time of (13)Get edges : 0.00600 ms 
Time of (11)Get compressed list : 0.00600 ms 
Time (total): 59.06300 ms 
--------------------------------------------------------
filename: soc-LiveJournal1.txt
Nodes : 4847571
Edges : 42853112

------------------------------------------------------
Batch : 0

 Current edges 42853112
Deleted : 100000
Time of (9)Hooking Shortcutting : 14.310000 ms 
Time of (17)PR Shortcut : 10.11800 ms 
Time of (18)PR Reverse Paths : 3.49300 ms 
Time of (15)PR Loop : 2.98100 ms 
Time of (3)Edge Deletion : 2.66500 ms 
Time of (1)Get key rem collections : 2.54700 ms 
Time of (6)Get key rem collections : 1.67800 ms 
Time of (5)Generate new edges : 1.30600 ms 
Time of (12)Transedges prefix : 1.10000 ms 
Time of (2)Convert to collection : 0.89900 ms 
Time of (7)Convert to collection : 0.89700 ms 
Time of (8)Shortcut rep : 0.84100 ms 
Time of (4)Remove edges : 0.67800 ms 
Time of (19)Reverse Edges and Connect Parent : 0.60300 ms 
Time of (0)Extracting Roots : 0.59100 ms 
Time of (16)Component Parent, Reversals : 0.28700 ms 
Time of (10)Compress Graph : 0.13900 ms 
Time of (14)PR init : 0.01900 ms 
Time of (13)Get edges : 0.00600 ms 
Time of (11)Get compressed list : 0.00600 ms 
Time (total): 45.16400 ms 
--------------------------------------------------------
filename: soc-LiveJournal1.txt
Nodes : 4847571
Edges : 42853112

------------------------------------------------------
Batch : 0

 Current edges 42853112
Deleted : 100000
Time of (9)Hooking Shortcutting : 14.483000 ms 
Time of (17)PR Shortcut : 10.18900 ms 
Time of (15)PR Loop : 5.76000 ms 
Time of (18)PR Reverse Paths : 3.50000 ms 
Time of (3)Edge Deletion : 2.90100 ms 
Time of (1)Get key rem collections : 2.61700 ms 
Time of (6)Get key rem collections : 1.72200 ms 
Time of (5)Generate new edges : 1.30500 ms 
Time of (12)Transedges prefix : 1.08900 ms 
Time of (2)Convert to collection : 0.90300 ms 
Time of (7)Convert to collection : 0.89600 ms 
Time of (8)Shortcut rep : 0.83000 ms 
Time of (4)Remove edges : 0.68300 ms 
Time of (19)Reverse Edges and Connect Parent : 0.60400 ms 
Time of (0)Extracting Roots : 0.59900 ms 
Time of (16)Component Parent, Reversals : 0.28800 ms 
Time of (10)Compress Graph : 0.13700 ms 
Time of (14)PR init : 0.01800 ms 
Time of (13)Get edges : 0.00600 ms 
Time of (11)Get compressed list : 0.00600 ms 
Time (total): 48.53600 ms 
--------------------------------------------------------
filename: soc-LiveJournal1.txt
Nodes : 4847571
Edges : 42853112

------------------------------------------------------
Batch : 0

 Current edges 42853112
Deleted : 10000
Time of (17)PR Shortcut : 10.288000 ms 
Time of (9)Hooking Shortcutting : 9.34600 ms 
Time of (3)Edge Deletion : 3.41600 ms 
Time of (18)PR Reverse Paths : 3.11700 ms 
Time of (1)Get key rem collections : 2.67000 ms 
Time of (6)Get key rem collections : 1.66500 ms 
Time of (15)PR Loop : 1.55800 ms 
Time of (5)Generate new edges : 1.30500 ms 
Time of (12)Transedges prefix : 1.04500 ms 
Time of (7)Convert to collection : 0.89800 ms 
Time of (2)Convert to collection : 0.89800 ms 
Time of (8)Shortcut rep : 0.87600 ms 
Time of (4)Remove edges : 0.68900 ms 
Time of (0)Extracting Roots : 0.59900 ms 
Time of (19)Reverse Edges and Connect Parent : 0.58100 ms 
Time of (16)Component Parent, Reversals : 0.31700 ms 
Time of (10)Compress Graph : 0.14200 ms 
Time of (14)PR init : 0.01900 ms 
Time of (13)Get edges : 0.00700 ms 
Time of (11)Get compressed list : 0.00700 ms 
Time (total): 39.44300 ms 
--------------------------------------------------------
filename: soc-LiveJournal1.txt
Nodes : 4847571
Edges : 42853112

------------------------------------------------------
Batch : 0

 Current edges 42853112
Deleted : 10000
Time of (17)PR Shortcut : 10.683000 ms 
Time of (9)Hooking Shortcutting : 9.36700 ms 
Time of (3)Edge Deletion : 3.42300 ms 
Time of (18)PR Reverse Paths : 3.11100 ms 
Time of (1)Get key rem collections : 2.52600 ms 
Time of (6)Get key rem collections : 1.84000 ms 
Time of (5)Generate new edges : 1.30600 ms 
Time of (15)PR Loop : 1.23000 ms 
Time of (12)Transedges prefix : 1.11200 ms 
Time of (2)Convert to collection : 0.90300 ms 
Time of (7)Convert to collection : 0.89900 ms 
Time of (8)Shortcut rep : 0.87700 ms 
Time of (4)Remove edges : 0.73900 ms 
Time of (0)Extracting Roots : 0.59500 ms 
Time of (19)Reverse Edges and Connect Parent : 0.58200 ms 
Time of (16)Component Parent, Reversals : 0.28500 ms 
Time of (10)Compress Graph : 0.13900 ms 
Time of (14)PR init : 0.01500 ms 
Time of (13)Get edges : 0.00800 ms 
Time of (11)Get compressed list : 0.00700 ms 
Time (total): 39.64700 ms 
--------------------------------------------------------
filename: soc-LiveJournal1.txt
Nodes : 4847571
Edges : 42853112

------------------------------------------------------
Batch : 0

 Current edges 42853112
Deleted : 10000
Time of (17)PR Shortcut : 10.247000 ms 
Time of (9)Hooking Shortcutting : 9.48900 ms 
Time of (3)Edge Deletion : 3.36200 ms 
Time of (18)PR Reverse Paths : 3.11400 ms 
Time of (1)Get key rem collections : 2.53400 ms 
Time of (15)PR Loop : 1.74300 ms 
Time of (6)Get key rem collections : 1.69700 ms 
Time of (5)Generate new edges : 1.30500 ms 
Time of (12)Transedges prefix : 1.10400 ms 
Time of (7)Convert to collection : 0.90200 ms 
Time of (2)Convert to collection : 0.89200 ms 
Time of (8)Shortcut rep : 0.82100 ms 
Time of (4)Remove edges : 0.69600 ms 
Time of (0)Extracting Roots : 0.58000 ms 
Time of (19)Reverse Edges and Connect Parent : 0.57500 ms 
Time of (16)Component Parent, Reversals : 0.28800 ms 
Time of (10)Compress Graph : 0.13000 ms 
Time of (14)PR init : 0.01300 ms 
Time of (11)Get compressed list : 0.00500 ms 
Time of (13)Get edges : 0.00400 ms 
Time (total): 39.50100 ms 
--------------------------------------------------------
filename: soc-LiveJournal1.txt
Nodes : 4847571
Edges : 42853112

------------------------------------------------------
Batch : 0

 Current edges 42853112
Deleted : 10000
Time of (17)PR Shortcut : 10.236000 ms 
Time of (9)Hooking Shortcutting : 7.77700 ms 
Time of (3)Edge Deletion : 3.36700 ms 
Time of (18)PR Reverse Paths : 3.09500 ms 
Time of (1)Get key rem collections : 2.75600 ms 
Time of (6)Get key rem collections : 1.76400 ms 
Time of (15)PR Loop : 1.55800 ms 
Time of (5)Generate new edges : 1.30400 ms 
Time of (12)Transedges prefix : 1.02700 ms 
Time of (2)Convert to collection : 0.90000 ms 
Time of (7)Convert to collection : 0.89800 ms 
Time of (8)Shortcut rep : 0.84700 ms 
Time of (4)Remove edges : 0.68800 ms 
Time of (19)Reverse Edges and Connect Parent : 0.59000 ms 
Time of (0)Extracting Roots : 0.58700 ms 
Time of (16)Component Parent, Reversals : 0.28100 ms 
Time of (10)Compress Graph : 0.13800 ms 
Time of (14)PR init : 0.02000 ms 
Time of (11)Get compressed list : 0.00700 ms 
Time of (13)Get edges : 0.00600 ms 
Time (total): 37.84600 ms 
--------------------------------------------------------
filename: soc-LiveJournal1.txt
Nodes : 4847571
Edges : 42853112

------------------------------------------------------
Batch : 0

 Current edges 42853112
Deleted : 10000
Time of (17)PR Shortcut : 10.320000 ms 
Time of (9)Hooking Shortcutting : 6.08800 ms 
Time of (18)PR Reverse Paths : 3.09200 ms 
Time of (3)Edge Deletion : 2.63200 ms 
Time of (1)Get key rem collections : 2.55900 ms 
Time of (6)Get key rem collections : 1.73400 ms 
Time of (5)Generate new edges : 1.30200 ms 
Time of (15)PR Loop : 1.13000 ms 
Time of (12)Transedges prefix : 1.07100 ms 
Time of (7)Convert to collection : 0.89800 ms 
Time of (2)Convert to collection : 0.89400 ms 
Time of (8)Shortcut rep : 0.81300 ms 
Time of (4)Remove edges : 0.73000 ms 
Time of (19)Reverse Edges and Connect Parent : 0.57300 ms 
Time of (0)Extracting Roots : 0.57200 ms 
Time of (16)Component Parent, Reversals : 0.28400 ms 
Time of (10)Compress Graph : 0.13100 ms 
Time of (14)PR init : 0.01500 ms 
Time of (13)Get edges : 0.00400 ms 
Time of (11)Get compressed list : 0.00400 ms 
Time (total): 34.84600 ms 
--------------------------------------------------------
filename: soc-LiveJournal1.txt
Nodes : 4847571
Edges : 42853112

------------------------------------------------------
Batch : 0

 Current edges 42853112
Deleted : 100
Time of (17)PR Shortcut : 10.303000 ms 
Time of (9)Hooking Shortcutting : 6.18100 ms 
Time of (18)PR Reverse Paths : 3.02700 ms 
Time of (3)Edge Deletion : 2.58600 ms 
Time of (1)Get key rem collections : 2.51500 ms 
Time of (6)Get key rem collections : 1.83700 ms 
Time of (5)Generate new edges : 1.30200 ms 
Time of (12)Transedges prefix : 1.04500 ms 
Time of (7)Convert to collection : 0.90000 ms 
Time of (2)Convert to collection : 0.89300 ms 
Time of (8)Shortcut rep : 0.82300 ms 
Time of (4)Remove edges : 0.71600 ms 
Time of (19)Reverse Edges and Connect Parent : 0.57700 ms 
Time of (0)Extracting Roots : 0.56500 ms 
Time of (15)PR Loop : 0.29800 ms 
Time of (16)Component Parent, Reversals : 0.27700 ms 
Time of (10)Compress Graph : 0.13800 ms 
Time of (14)PR init : 0.01400 ms 
Time of (11)Get compressed list : 0.00500 ms 
Time of (13)Get edges : 0.00400 ms 
Time (total): 34.00600 ms 
--------------------------------------------------------
filename: soc-LiveJournal1.txt
Nodes : 4847571
Edges : 42853112

------------------------------------------------------
Batch : 0

 Current edges 42853112
Deleted : 100
Time of (17)PR Shortcut : 10.765000 ms 
Time of (9)Hooking Shortcutting : 6.09500 ms 
Time of (18)PR Reverse Paths : 3.02700 ms 
Time of (3)Edge Deletion : 2.59300 ms 
Time of (1)Get key rem collections : 2.55600 ms 
Time of (6)Get key rem collections : 1.82600 ms 
Time of (5)Generate new edges : 1.30600 ms 
Time of (12)Transedges prefix : 1.13800 ms 
Time of (2)Convert to collection : 0.89900 ms 
Time of (7)Convert to collection : 0.89800 ms 
Time of (8)Shortcut rep : 0.80100 ms 
Time of (4)Remove edges : 0.65700 ms 
Time of (0)Extracting Roots : 0.58700 ms 
Time of (19)Reverse Edges and Connect Parent : 0.57800 ms 
Time of (15)PR Loop : 0.38000 ms 
Time of (16)Component Parent, Reversals : 0.28300 ms 
Time of (10)Compress Graph : 0.13500 ms 
Time of (14)PR init : 0.01700 ms 
Time of (13)Get edges : 0.00600 ms 
Time of (11)Get compressed list : 0.00600 ms 
Time (total): 34.55300 ms 
--------------------------------------------------------
filename: soc-LiveJournal1.txt
Nodes : 4847571
Edges : 42853112

------------------------------------------------------
Batch : 0

 Current edges 42853112
Deleted : 100
Time of (17)PR Shortcut : 10.690000 ms 
Time of (9)Hooking Shortcutting : 6.09000 ms 
Time of (18)PR Reverse Paths : 3.03300 ms 
Time of (3)Edge Deletion : 2.62200 ms 
Time of (1)Get key rem collections : 2.54000 ms 
Time of (6)Get key rem collections : 1.79300 ms 
Time of (12)Transedges prefix : 1.32700 ms 
Time of (5)Generate new edges : 1.30300 ms 
Time of (2)Convert to collection : 0.90500 ms 
Time of (7)Convert to collection : 0.90000 ms 
Time of (8)Shortcut rep : 0.82100 ms 
Time of (4)Remove edges : 0.72200 ms 
Time of (0)Extracting Roots : 0.58400 ms 
Time of (19)Reverse Edges and Connect Parent : 0.58100 ms 
Time of (15)PR Loop : 0.38200 ms 
Time of (16)Component Parent, Reversals : 0.28100 ms 
Time of (10)Compress Graph : 0.14100 ms 
Time of (14)PR init : 0.01700 ms 
Time of (13)Get edges : 0.00700 ms 
Time of (11)Get compressed list : 0.00700 ms 
Time (total): 34.74600 ms 
--------------------------------------------------------
filename: soc-LiveJournal1.txt
Nodes : 4847571
Edges : 42853112

------------------------------------------------------
Batch : 0

 Current edges 42853112
Deleted : 100
Time of (17)PR Shortcut : 10.755000 ms 
Time of (9)Hooking Shortcutting : 4.53500 ms 
Time of (18)PR Reverse Paths : 3.02400 ms 
Time of (3)Edge Deletion : 2.59800 ms 
Time of (1)Get key rem collections : 2.59200 ms 
Time of (6)Get key rem collections : 1.70700 ms 
Time of (5)Generate new edges : 1.33200 ms 
Time of (12)Transedges prefix : 1.06800 ms 
Time of (2)Convert to collection : 0.90100 ms 
Time of (7)Convert to collection : 0.90000 ms 
Time of (8)Shortcut rep : 0.82100 ms 
Time of (4)Remove edges : 0.67500 ms 
Time of (0)Extracting Roots : 0.60700 ms 
Time of (19)Reverse Edges and Connect Parent : 0.57200 ms 
Time of (15)PR Loop : 0.37900 ms 
Time of (16)Component Parent, Reversals : 0.28200 ms 
Time of (10)Compress Graph : 0.13600 ms 
Time of (14)PR init : 0.02000 ms 
Time of (13)Get edges : 0.00700 ms 
Time of (11)Get compressed list : 0.00700 ms 
Time (total): 32.91800 ms 
--------------------------------------------------------
filename: soc-LiveJournal1.txt
Nodes : 4847571
Edges : 42853112

------------------------------------------------------
Batch : 0

 Current edges 42853112
Deleted : 100
Time of (17)PR Shortcut : 10.172000 ms 
Time of (9)Hooking Shortcutting : 4.50900 ms 
Time of (18)PR Reverse Paths : 3.01700 ms 
Time of (1)Get key rem collections : 2.71600 ms 
Time of (3)Edge Deletion : 2.58900 ms 
Time of (6)Get key rem collections : 1.76100 ms 
Time of (5)Generate new edges : 1.30400 ms 
Time of (12)Transedges prefix : 1.21600 ms 
Time of (2)Convert to collection : 0.90800 ms 
Time of (7)Convert to collection : 0.89800 ms 
Time of (8)Shortcut rep : 0.80500 ms 
Time of (4)Remove edges : 0.75400 ms 
Time of (0)Extracting Roots : 0.59700 ms 
Time of (19)Reverse Edges and Connect Parent : 0.57300 ms 
Time of (15)PR Loop : 0.38000 ms 
Time of (16)Component Parent, Reversals : 0.27800 ms 
Time of (10)Compress Graph : 0.13500 ms 
Time of (14)PR init : 0.01900 ms 
Time of (11)Get compressed list : 0.00800 ms 
Time of (13)Get edges : 0.00700 ms 
Time (total): 32.64600 ms 
--------------------------------------------------------
filename: soc-LiveJournal1.txt
Nodes : 4847571
Edges : 42853112

------------------------------------------------------
Batch : 0

 Current edges 42853112
Deleted : 1000
Time of (17)PR Shortcut : 10.663000 ms 
Time of (9)Hooking Shortcutting : 7.81900 ms 
Time of (18)PR Reverse Paths : 3.03100 ms 
Time of (1)Get key rem collections : 2.58200 ms 
Time of (3)Edge Deletion : 2.48300 ms 
Time of (6)Get key rem collections : 1.84200 ms 
Time of (5)Generate new edges : 1.30700 ms 
Time of (12)Transedges prefix : 1.06500 ms 
Time of (2)Convert to collection : 0.90200 ms 
Time of (7)Convert to collection : 0.89700 ms 
Time of (8)Shortcut rep : 0.80400 ms 
Time of (4)Remove edges : 0.66700 ms 
Time of (0)Extracting Roots : 0.59100 ms 
Time of (19)Reverse Edges and Connect Parent : 0.57400 ms 
Time of (15)PR Loop : 0.50500 ms 
Time of (16)Component Parent, Reversals : 0.27800 ms 
Time of (10)Compress Graph : 0.13300 ms 
Time of (14)PR init : 0.01400 ms 
Time of (13)Get edges : 0.00700 ms 
Time of (11)Get compressed list : 0.00700 ms 
Time (total): 36.17100 ms 
--------------------------------------------------------
filename: soc-LiveJournal1.txt
Nodes : 4847571
Edges : 42853112

------------------------------------------------------
Batch : 0

 Current edges 42853112
Deleted : 1000
Time of (17)PR Shortcut : 10.285000 ms 
Time of (9)Hooking Shortcutting : 6.25800 ms 
Time of (18)PR Reverse Paths : 3.03000 ms 
Time of (1)Get key rem collections : 2.54900 ms 
Time of (3)Edge Deletion : 2.47900 ms 
Time of (6)Get key rem collections : 1.69500 ms 
Time of (5)Generate new edges : 1.30300 ms 
Time of (12)Transedges prefix : 1.04300 ms 
Time of (2)Convert to collection : 0.90300 ms 
Time of (7)Convert to collection : 0.89700 ms 
Time of (8)Shortcut rep : 0.81500 ms 
Time of (4)Remove edges : 0.67100 ms 
Time of (0)Extracting Roots : 0.59300 ms 
Time of (19)Reverse Edges and Connect Parent : 0.57700 ms 
Time of (15)PR Loop : 0.52300 ms 
Time of (16)Component Parent, Reversals : 0.28100 ms 
Time of (10)Compress Graph : 0.13800 ms 
Time of (14)PR init : 0.01500 ms 
Time of (13)Get edges : 0.00900 ms 
Time of (11)Get compressed list : 0.00600 ms 
Time (total): 34.07000 ms 
--------------------------------------------------------
filename: soc-LiveJournal1.txt
Nodes : 4847571
Edges : 42853112

------------------------------------------------------
Batch : 0

 Current edges 42853112
Deleted : 1000
Time of (9)Hooking Shortcutting : 12.595000 ms 
Time of (17)PR Shortcut : 10.25800 ms 
Time of (18)PR Reverse Paths : 3.03000 ms 
Time of (1)Get key rem collections : 2.57100 ms 
Time of (3)Edge Deletion : 2.51900 ms 
Time of (6)Get key rem collections : 1.67000 ms 
Time of (5)Generate new edges : 1.30600 ms 
Time of (12)Transedges prefix : 1.11600 ms 
Time of (7)Convert to collection : 0.89900 ms 
Time of (2)Convert to collection : 0.89900 ms 
Time of (8)Shortcut rep : 0.80500 ms 
Time of (4)Remove edges : 0.66300 ms 
Time of (0)Extracting Roots : 0.59300 ms 
Time of (19)Reverse Edges and Connect Parent : 0.57600 ms 
Time of (15)PR Loop : 0.49800 ms 
Time of (16)Component Parent, Reversals : 0.27700 ms 
Time of (10)Compress Graph : 0.14200 ms 
Time of (14)PR init : 0.01600 ms 
Time of (11)Get compressed list : 0.00900 ms 
Time of (13)Get edges : 0.00600 ms 
Time (total): 40.44800 ms 
--------------------------------------------------------
filename: soc-LiveJournal1.txt
Nodes : 4847571
Edges : 42853112

------------------------------------------------------
Batch : 0

 Current edges 42853112
Deleted : 1000
Time of (17)PR Shortcut : 10.227000 ms 
Time of (9)Hooking Shortcutting : 7.73200 ms 
Time of (18)PR Reverse Paths : 3.03100 ms 
Time of (1)Get key rem collections : 2.59500 ms 
Time of (3)Edge Deletion : 2.47500 ms 
Time of (6)Get key rem collections : 1.71700 ms 
Time of (5)Generate new edges : 1.30600 ms 
Time of (12)Transedges prefix : 1.09300 ms 
Time of (2)Convert to collection : 0.90200 ms 
Time of (7)Convert to collection : 0.89900 ms 
Time of (8)Shortcut rep : 0.80900 ms 
Time of (4)Remove edges : 0.67100 ms 
Time of (0)Extracting Roots : 0.59000 ms 
Time of (19)Reverse Edges and Connect Parent : 0.57600 ms 
Time of (15)PR Loop : 0.49600 ms 
Time of (16)Component Parent, Reversals : 0.27600 ms 
Time of (10)Compress Graph : 0.13400 ms 
Time of (14)PR init : 0.01800 ms 
Time of (11)Get compressed list : 0.00700 ms 
Time of (13)Get edges : 0.00600 ms 
Time (total): 35.56000 ms 
--------------------------------------------------------
filename: soc-LiveJournal1.txt
Nodes : 4847571
Edges : 42853112

------------------------------------------------------
Batch : 0

 Current edges 42853112
Deleted : 1000
Time of (9)Hooking Shortcutting : 12.231000 ms 
Time of (17)PR Shortcut : 10.26600 ms 
Time of (18)PR Reverse Paths : 3.04000 ms 
Time of (1)Get key rem collections : 2.72000 ms 
Time of (3)Edge Deletion : 2.48600 ms 
Time of (6)Get key rem collections : 1.79000 ms 
Time of (5)Generate new edges : 1.30400 ms 
Time of (12)Transedges prefix : 1.11500 ms 
Time of (2)Convert to collection : 0.90200 ms 
Time of (7)Convert to collection : 0.89800 ms 
Time of (8)Shortcut rep : 0.80800 ms 
Time of (4)Remove edges : 0.77600 ms 
Time of (0)Extracting Roots : 0.57700 ms 
Time of (19)Reverse Edges and Connect Parent : 0.57300 ms 
Time of (15)PR Loop : 0.48500 ms 
Time of (16)Component Parent, Reversals : 0.27300 ms 
Time of (10)Compress Graph : 0.13200 ms 
Time of (14)PR init : 0.01500 ms 
Time of (11)Get compressed list : 0.00600 ms 
Time of (13)Get edges : 0.00400 ms 
Time (total): 40.40100 ms 
--------------------------------------------------------
filename: soc-LiveJournal1.txt
Nodes : 4847571
Edges : 42853112

------------------------------------------------------
Batch : 0

 Current edges 42853112
Deleted : 100000
Time of (9)Hooking Shortcutting : 23.674000 ms 
Time of (17)PR Shortcut : 10.28800 ms 
Time of (15)PR Loop : 4.14700 ms 
Time of (18)PR Reverse Paths : 3.29800 ms 
Time of (3)Edge Deletion : 2.52800 ms 
Time of (1)Get key rem collections : 2.52400 ms 
Time of (6)Get key rem collections : 1.70400 ms 
Time of (5)Generate new edges : 1.30300 ms 
Time of (12)Transedges prefix : 1.01900 ms 
Time of (2)Convert to collection : 0.91100 ms 
Time of (7)Convert to collection : 0.89500 ms 
Time of (8)Shortcut rep : 0.83500 ms 
Time of (4)Remove edges : 0.67800 ms 
Time of (19)Reverse Edges and Connect Parent : 0.59000 ms 
Time of (0)Extracting Roots : 0.58600 ms 
Time of (16)Component Parent, Reversals : 0.28000 ms 
Time of (10)Compress Graph : 0.16100 ms 
Time of (14)PR init : 0.01600 ms 
Time of (13)Get edges : 0.00700 ms 
Time of (11)Get compressed list : 0.00600 ms 
Time (total): 55.45000 ms 
--------------------------------------------------------
filename: soc-LiveJournal1.txt
Nodes : 4847571
Edges : 42853112

------------------------------------------------------
Batch : 0

 Current edges 42853112
Deleted : 100000
Time of (9)Hooking Shortcutting : 21.607000 ms 
Time of (17)PR Shortcut : 10.73100 ms 
Time of (15)PR Loop : 4.50800 ms 
Time of (18)PR Reverse Paths : 3.47200 ms 
Time of (3)Edge Deletion : 2.66200 ms 
Time of (1)Get key rem collections : 2.54100 ms 
Time of (6)Get key rem collections : 1.67000 ms 
Time of (5)Generate new edges : 1.30300 ms 
Time of (12)Transedges prefix : 1.18600 ms 
Time of (2)Convert to collection : 0.90300 ms 
Time of (7)Convert to collection : 0.89600 ms 
Time of (8)Shortcut rep : 0.82900 ms 
Time of (4)Remove edges : 0.69300 ms 
Time of (0)Extracting Roots : 0.60900 ms 
Time of (19)Reverse Edges and Connect Parent : 0.60200 ms 
Time of (16)Component Parent, Reversals : 0.29200 ms 
Time of (10)Compress Graph : 0.14200 ms 
Time of (14)PR init : 0.01600 ms 
Time of (13)Get edges : 0.00800 ms 
Time of (11)Get compressed list : 0.00700 ms 
Time (total): 54.67700 ms 
--------------------------------------------------------
filename: soc-LiveJournal1.txt
Nodes : 4847571
Edges : 42853112

------------------------------------------------------
Batch : 0

 Current edges 42853112
Deleted : 100000
Time of (9)Hooking Shortcutting : 18.165000 ms 
Time of (17)PR Shortcut : 10.23600 ms 
Time of (15)PR Loop : 5.08300 ms 
Time of (18)PR Reverse Paths : 3.11400 ms 
Time of (3)Edge Deletion : 2.84500 ms 
Time of (1)Get key rem collections : 2.63100 ms 
Time of (6)Get key rem collections : 1.66800 ms 
Time of (5)Generate new edges : 1.30500 ms 
Time of (12)Transedges prefix : 1.03700 ms 
Time of (2)Convert to collection : 0.93400 ms 
Time of (7)Convert to collection : 0.89700 ms 
Time of (8)Shortcut rep : 0.88700 ms 
Time of (4)Remove edges : 0.68000 ms 
Time of (0)Extracting Roots : 0.59000 ms 
Time of (19)Reverse Edges and Connect Parent : 0.52300 ms 
Time of (16)Component Parent, Reversals : 0.28200 ms 
Time of (10)Compress Graph : 0.14300 ms 
Time of (14)PR init : 0.01800 ms 
Time of (13)Get edges : 0.00700 ms 
Time of (11)Get compressed list : 0.00600 ms 
Time (total): 51.05100 ms 
--------------------------------------------------------
filename: soc-LiveJournal1.txt
Nodes : 4847571
Edges : 42853112

------------------------------------------------------
Batch : 0

 Current edges 42853112
Deleted : 100000
Time of (9)Hooking Shortcutting : 22.453000 ms 
Time of (17)PR Shortcut : 9.75800 ms 
Time of (18)PR Reverse Paths : 3.22800 ms 
Time of (15)PR Loop : 2.82000 ms 
Time of (1)Get key rem collections : 2.59000 ms 
Time of (3)Edge Deletion : 2.55100 ms 
Time of (6)Get key rem collections : 1.66400 ms 
Time of (5)Generate new edges : 1.30200 ms 
Time of (12)Transedges prefix : 0.99500 ms 
Time of (2)Convert to collection : 0.91100 ms 
Time of (7)Convert to collection : 0.89700 ms 
Time of (8)Shortcut rep : 0.83000 ms 
Time of (4)Remove edges : 0.74900 ms 
Time of (0)Extracting Roots : 0.61600 ms 
Time of (19)Reverse Edges and Connect Parent : 0.57700 ms 
Time of (16)Component Parent, Reversals : 0.27600 ms 
Time of (10)Compress Graph : 0.12200 ms 
Time of (14)PR init : 0.01600 ms 
Time of (11)Get compressed list : 0.00600 ms 
Time of (13)Get edges : 0.00400 ms 
Time (total): 52.36500 ms 
--------------------------------------------------------
filename: soc-LiveJournal1.txt
Nodes : 4847571
Edges : 42853112

------------------------------------------------------
Batch : 0

 Current edges 42853112
Deleted : 100000
Time of (9)Hooking Shortcutting : 17.317000 ms 
Time of (17)PR Shortcut : 10.26300 ms 
Time of (15)PR Loop : 5.84100 ms 
Time of (18)PR Reverse Paths : 3.49300 ms 
Time of (3)Edge Deletion : 2.61300 ms 
Time of (1)Get key rem collections : 2.58700 ms 
Time of (6)Get key rem collections : 1.70900 ms 
Time of (5)Generate new edges : 1.30000 ms 
Time of (12)Transedges prefix : 1.11100 ms 
Time of (7)Convert to collection : 0.89800 ms 
Time of (2)Convert to collection : 0.89500 ms 
Time of (8)Shortcut rep : 0.83000 ms 
Time of (4)Remove edges : 0.71300 ms 
Time of (19)Reverse Edges and Connect Parent : 0.59700 ms 
Time of (0)Extracting Roots : 0.58600 ms 
Time of (16)Component Parent, Reversals : 0.29300 ms 
Time of (10)Compress Graph : 0.16400 ms 
Time of (14)PR init : 0.01400 ms 
Time of (13)Get edges : 0.00500 ms 
Time of (11)Get compressed list : 0.00500 ms 
Time (total): 51.23400 ms 
--------------------------------------------------------
filename: soc-LiveJournal1.txt
Nodes : 4847571
Edges : 42853112

------------------------------------------------------
Batch : 0

 Current edges 42853112
Deleted : 10000
Time of (17)PR Shortcut : 10.330000 ms 
Time of (9)Hooking Shortcutting : 9.52600 ms 
Time of (3)Edge Deletion : 3.36900 ms 
Time of (18)PR Reverse Paths : 3.10300 ms 
Time of (1)Get key rem collections : 2.61000 ms 
Time of (6)Get key rem collections : 1.72800 ms 
Time of (15)PR Loop : 1.56300 ms 
Time of (5)Generate new edges : 1.30500 ms 
Time of (12)Transedges prefix : 1.03400 ms 
Time of (7)Convert to collection : 0.89900 ms 
Time of (2)Convert to collection : 0.89900 ms 
Time of (8)Shortcut rep : 0.81800 ms 
Time of (4)Remove edges : 0.67700 ms 
Time of (19)Reverse Edges and Connect Parent : 0.57800 ms 
Time of (0)Extracting Roots : 0.57800 ms 
Time of (16)Component Parent, Reversals : 0.27700 ms 
Time of (10)Compress Graph : 0.13600 ms 
Time of (14)PR init : 0.01600 ms 
Time of (13)Get edges : 0.00700 ms 
Time of (11)Get compressed list : 0.00700 ms 
Time (total): 39.46000 ms 
--------------------------------------------------------
filename: soc-LiveJournal1.txt
Nodes : 4847571
Edges : 42853112

------------------------------------------------------
Batch : 0

 Current edges 42853112
Deleted : 10000
Time of (9)Hooking Shortcutting : 15.678000 ms 
Time of (17)PR Shortcut : 10.21800 ms 
Time of (3)Edge Deletion : 3.37700 ms 
Time of (18)PR Reverse Paths : 3.13500 ms 
Time of (1)Get key rem collections : 2.67200 ms 
Time of (6)Get key rem collections : 1.68300 ms 
Time of (5)Generate new edges : 1.30700 ms 
Time of (12)Transedges prefix : 1.02500 ms 
Time of (2)Convert to collection : 0.91200 ms 
Time of (7)Convert to collection : 0.89800 ms 
Time of (8)Shortcut rep : 0.81700 ms 
Time of (15)PR Loop : 0.73500 ms 
Time of (4)Remove edges : 0.72000 ms 
Time of (0)Extracting Roots : 0.60300 ms 
Time of (19)Reverse Edges and Connect Parent : 0.57900 ms 
Time of (16)Component Parent, Reversals : 0.28000 ms 
Time of (10)Compress Graph : 0.14200 ms 
Time of (14)PR init : 0.01500 ms 
Time of (13)Get edges : 0.00700 ms 
Time of (11)Get compressed list : 0.00700 ms 
Time (total): 44.81000 ms 
--------------------------------------------------------
filename: soc-LiveJournal1.txt
Nodes : 4847571
Edges : 42853112

------------------------------------------------------
Batch : 0

 Current edges 42853112
Deleted : 10000
Time of (17)PR Shortcut : 9.598000 ms 
Time of (9)Hooking Shortcutting : 9.31300 ms 
Time of (3)Edge Deletion : 3.29700 ms 
Time of (1)Get key rem collections : 2.68800 ms 
Time of (18)PR Reverse Paths : 2.64000 ms 
Time of (6)Get key rem collections : 1.76400 ms 
Time of (15)PR Loop : 1.70700 ms 
Time of (5)Generate new edges : 1.30500 ms 
Time of (12)Transedges prefix : 1.21200 ms 
Time of (2)Convert to collection : 0.89900 ms 
Time of (7)Convert to collection : 0.89700 ms 
Time of (8)Shortcut rep : 0.86800 ms 
Time of (4)Remove edges : 0.70900 ms 
Time of (0)Extracting Roots : 0.62700 ms 
Time of (19)Reverse Edges and Connect Parent : 0.52500 ms 
Time of (16)Component Parent, Reversals : 0.29200 ms 
Time of (10)Compress Graph : 0.13900 ms 
Time of (14)PR init : 0.01700 ms 
Time of (11)Get compressed list : 0.00700 ms 
Time of (13)Get edges : 0.00600 ms 
Time (total): 38.51000 ms 
--------------------------------------------------------
filename: soc-LiveJournal1.txt
Nodes : 4847571
Edges : 42853112

------------------------------------------------------
Batch : 0

 Current edges 42853112
Deleted : 10000
Time of (9)Hooking Shortcutting : 12.428000 ms 
Time of (17)PR Shortcut : 10.74200 ms 
Time of (3)Edge Deletion : 3.36300 ms 
Time of (18)PR Reverse Paths : 3.08800 ms 
Time of (1)Get key rem collections : 2.60000 ms 
Time of (6)Get key rem collections : 1.84500 ms 
Time of (15)PR Loop : 1.55500 ms 
Time of (5)Generate new edges : 1.30600 ms 
Time of (12)Transedges prefix : 1.27400 ms 
Time of (7)Convert to collection : 0.89700 ms 
Time of (2)Convert to collection : 0.89700 ms 
Time of (8)Shortcut rep : 0.81600 ms 
Time of (4)Remove edges : 0.73800 ms 
Time of (0)Extracting Roots : 0.62400 ms 
Time of (19)Reverse Edges and Connect Parent : 0.58200 ms 
Time of (16)Component Parent, Reversals : 0.27500 ms 
Time of (10)Compress Graph : 0.14100 ms 
Time of (14)PR init : 0.01600 ms 
Time of (11)Get compressed list : 0.00900 ms 
Time of (13)Get edges : 0.00600 ms 
Time (total): 43.20200 ms 
--------------------------------------------------------
filename: soc-LiveJournal1.txt
Nodes : 4847571
Edges : 42853112

------------------------------------------------------
Batch : 0

 Current edges 42853112
Deleted : 10000
Time of (17)PR Shortcut : 10.622000 ms 
Time of (9)Hooking Shortcutting : 6.22600 ms 
Time of (3)Edge Deletion : 3.39000 ms 
Time of (18)PR Reverse Paths : 3.10700 ms 
Time of (1)Get key rem collections : 2.66100 ms 
Time of (6)Get key rem collections : 1.71300 ms 
Time of (5)Generate new edges : 1.30300 ms 
Time of (15)PR Loop : 1.16000 ms 
Time of (12)Transedges prefix : 1.05800 ms 
Time of (7)Convert to collection : 0.92900 ms 
Time of (2)Convert to collection : 0.89900 ms 
Time of (8)Shortcut rep : 0.82700 ms 
Time of (4)Remove edges : 0.66300 ms 
Time of (0)Extracting Roots : 0.59600 ms 
Time of (19)Reverse Edges and Connect Parent : 0.58300 ms 
Time of (16)Component Parent, Reversals : 0.28900 ms 
Time of (10)Compress Graph : 0.13900 ms 
Time of (14)PR init : 0.01600 ms 
Time of (13)Get edges : 0.00700 ms 
Time of (11)Get compressed list : 0.00700 ms 
Time (total): 36.19500 ms 
--------------------------------------------------------
filename: soc-LiveJournal1.txt
Nodes : 4847571
Edges : 42853112

------------------------------------------------------
Batch : 0

 Current edges 42853112
Deleted : 100
Time of (17)PR Shortcut : 10.228000 ms 
Time of (9)Hooking Shortcutting : 6.17500 ms 
Time of (18)PR Reverse Paths : 3.01700 ms 
Time of (1)Get key rem collections : 2.61700 ms 
Time of (3)Edge Deletion : 2.58600 ms 
Time of (6)Get key rem collections : 1.72700 ms 
Time of (5)Generate new edges : 1.30200 ms 
Time of (12)Transedges prefix : 1.02700 ms 
Time of (7)Convert to collection : 0.89900 ms 
Time of (2)Convert to collection : 0.89200 ms 
Time of (8)Shortcut rep : 0.79900 ms 
Time of (4)Remove edges : 0.73100 ms 
Time of (0)Extracting Roots : 0.57400 ms 
Time of (19)Reverse Edges and Connect Parent : 0.57100 ms 
Time of (15)PR Loop : 0.31000 ms 
Time of (16)Component Parent, Reversals : 0.28000 ms 
Time of (10)Compress Graph : 0.12800 ms 
Time of (14)PR init : 0.01400 ms 
Time of (11)Get compressed list : 0.00600 ms 
Time of (13)Get edges : 0.00400 ms 
Time (total): 33.88700 ms 
--------------------------------------------------------
filename: soc-LiveJournal1.txt
Nodes : 4847571
Edges : 42853112

------------------------------------------------------
Batch : 0

 Current edges 42853112
Deleted : 100
Time of (17)PR Shortcut : 10.764000 ms 
Time of (9)Hooking Shortcutting : 6.09200 ms 
Time of (18)PR Reverse Paths : 3.02300 ms 
Time of (3)Edge Deletion : 2.59300 ms 
Time of (1)Get key rem collections : 2.57600 ms 
Time of (6)Get key rem collections : 1.73300 ms 
Time of (5)Generate new edges : 1.30300 ms 
Time of (12)Transedges prefix : 1.10000 ms 
Time of (2)Convert to collection : 0.90200 ms 
Time of (7)Convert to collection : 0.90000 ms 
Time of (8)Shortcut rep : 0.80200 ms 
Time of (4)Remove edges : 0.70400 ms 
Time of (19)Reverse Edges and Connect Parent : 0.57300 ms 
Time of (0)Extracting Roots : 0.57100 ms 
Time of (15)PR Loop : 0.35800 ms 
Time of (16)Component Parent, Reversals : 0.28500 ms 
Time of (10)Compress Graph : 0.12800 ms 
Time of (14)PR init : 0.01400 ms 
Time of (11)Get compressed list : 0.00600 ms 
Time of (13)Get edges : 0.00500 ms 
Time (total): 34.43200 ms 
--------------------------------------------------------
filename: soc-LiveJournal1.txt
Nodes : 4847571
Edges : 42853112

------------------------------------------------------
Batch : 0

 Current edges 42853112
Deleted : 100
Time of (17)PR Shortcut : 10.341000 ms 
Time of (9)Hooking Shortcutting : 6.10300 ms 
Time of (18)PR Reverse Paths : 3.03400 ms 
Time of (3)Edge Deletion : 2.58900 ms 
Time of (1)Get key rem collections : 2.57600 ms 
Time of (6)Get key rem collections : 1.68300 ms 
Time of (5)Generate new edges : 1.30700 ms 
Time of (12)Transedges prefix : 1.04000 ms 
Time of (7)Convert to collection : 0.90400 ms 
Time of (2)Convert to collection : 0.89700 ms 
Time of (8)Shortcut rep : 0.81200 ms 
Time of (4)Remove edges : 0.66400 ms 
Time of (0)Extracting Roots : 0.59600 ms 
Time of (19)Reverse Edges and Connect Parent : 0.57700 ms 
Time of (15)PR Loop : 0.38100 ms 
Time of (16)Component Parent, Reversals : 0.28500 ms 
Time of (10)Compress Graph : 0.13400 ms 
Time of (14)PR init : 0.01500 ms 
Time of (13)Get edges : 0.00900 ms 
Time of (11)Get compressed list : 0.00700 ms 
Time (total): 33.95400 ms 
--------------------------------------------------------
filename: soc-LiveJournal1.txt
Nodes : 4847571
Edges : 42853112

------------------------------------------------------
Batch : 0

 Current edges 42853112
Deleted : 100
Time of (17)PR Shortcut : 10.734000 ms 
Time of (9)Hooking Shortcutting : 4.53000 ms 
Time of (18)PR Reverse Paths : 3.03900 ms 
Time of (3)Edge Deletion : 2.59200 ms 
Time of (1)Get key rem collections : 2.52100 ms 
Time of (6)Get key rem collections : 1.66500 ms 
Time of (5)Generate new edges : 1.30400 ms 
Time of (12)Transedges prefix : 1.04000 ms 
Time of (7)Convert to collection : 0.90100 ms 
Time of (2)Convert to collection : 0.89300 ms 
Time of (8)Shortcut rep : 0.80800 ms 
Time of (4)Remove edges : 0.68200 ms 
Time of (0)Extracting Roots : 0.60700 ms 
Time of (19)Reverse Edges and Connect Parent : 0.59500 ms 
Time of (15)PR Loop : 0.37500 ms 
Time of (16)Component Parent, Reversals : 0.29100 ms 
Time of (10)Compress Graph : 0.13600 ms 
Time of (14)PR init : 0.01500 ms 
Time of (11)Get compressed list : 0.00600 ms 
Time of (13)Get edges : 0.00500 ms 
Time (total): 32.73900 ms 
--------------------------------------------------------
filename: soc-LiveJournal1.txt
Nodes : 4847571
Edges : 42853112

------------------------------------------------------
Batch : 0

 Current edges 42853112
Deleted : 100
Time of (17)PR Shortcut : 9.684000 ms 
Time of (9)Hooking Shortcutting : 4.49100 ms 
Time of (18)PR Reverse Paths : 2.72900 ms 
Time of (1)Get key rem collections : 2.68000 ms 
Time of (3)Edge Deletion : 2.59600 ms 
Time of (6)Get key rem collections : 1.97600 ms 
Time of (5)Generate new edges : 1.30000 ms 
Time of (12)Transedges prefix : 1.02600 ms 
Time of (7)Convert to collection : 0.89600 ms 
Time of (2)Convert to collection : 0.89600 ms 
Time of (8)Shortcut rep : 0.81000 ms 
Time of (4)Remove edges : 0.71800 ms 
Time of (0)Extracting Roots : 0.57300 ms 
Time of (19)Reverse Edges and Connect Parent : 0.53300 ms 
Time of (15)PR Loop : 0.34600 ms 
Time of (16)Component Parent, Reversals : 0.27900 ms 
Time of (10)Compress Graph : 0.12300 ms 
Time of (14)PR init : 0.01400 ms 
Time of (11)Get compressed list : 0.00500 ms 
Time of (13)Get edges : 0.00400 ms 
Time (total): 31.67900 ms 
--------------------------------------------------------
filename: soc-LiveJournal1.txt
Nodes : 4847571
Edges : 42853112

------------------------------------------------------
Batch : 0

 Current edges 42853112
Deleted : 1000
Time of (17)PR Shortcut : 10.244000 ms 
Time of (9)Hooking Shortcutting : 9.28400 ms 
Time of (3)Edge Deletion : 3.48000 ms 
Time of (18)PR Reverse Paths : 3.02800 ms 
Time of (1)Get key rem collections : 2.60500 ms 
Time of (6)Get key rem collections : 1.66500 ms 
Time of (5)Generate new edges : 1.30200 ms 
Time of (12)Transedges prefix : 1.17800 ms 
Time of (2)Convert to collection : 0.90000 ms 
Time of (7)Convert to collection : 0.89800 ms 
Time of (8)Shortcut rep : 0.81100 ms 
Time of (4)Remove edges : 0.66400 ms 
Time of (0)Extracting Roots : 0.60800 ms 
Time of (19)Reverse Edges and Connect Parent : 0.57500 ms 
Time of (15)PR Loop : 0.50400 ms 
Time of (16)Component Parent, Reversals : 0.28300 ms 
Time of (10)Compress Graph : 0.13300 ms 
Time of (14)PR init : 0.01600 ms 
Time of (11)Get compressed list : 0.00700 ms 
Time of (13)Get edges : 0.00600 ms 
Time (total): 38.19100 ms 
--------------------------------------------------------
filename: soc-LiveJournal1.txt
Nodes : 4847571
Edges : 42853112

------------------------------------------------------
Batch : 0

 Current edges 42853112
Deleted : 1000
Time of (17)PR Shortcut : 10.280000 ms 
Time of (9)Hooking Shortcutting : 6.23800 ms 
Time of (18)PR Reverse Paths : 3.01800 ms 
Time of (1)Get key rem collections : 2.51200 ms 
Time of (3)Edge Deletion : 2.48500 ms 
Time of (6)Get key rem collections : 1.83800 ms 
Time of (5)Generate new edges : 1.30400 ms 
Time of (12)Transedges prefix : 1.04300 ms 
Time of (7)Convert to collection : 0.90400 ms 
Time of (2)Convert to collection : 0.90100 ms 
Time of (8)Shortcut rep : 0.81900 ms 
Time of (4)Remove edges : 0.66000 ms 
Time of (19)Reverse Edges and Connect Parent : 0.57200 ms 
Time of (0)Extracting Roots : 0.55900 ms 
Time of (15)PR Loop : 0.49800 ms 
Time of (16)Component Parent, Reversals : 0.27600 ms 
Time of (10)Compress Graph : 0.13200 ms 
Time of (14)PR init : 0.01400 ms 
Time of (11)Get compressed list : 0.00500 ms 
Time of (13)Get edges : 0.00400 ms 
Time (total): 34.06200 ms 
--------------------------------------------------------
filename: soc-LiveJournal1.txt
Nodes : 4847571
Edges : 42853112

------------------------------------------------------
Batch : 0

 Current edges 42853112
Deleted : 1000
Time of (9)Hooking Shortcutting : 12.481000 ms 
Time of (17)PR Shortcut : 10.18500 ms 
Time of (18)PR Reverse Paths : 3.02400 ms 
Time of (1)Get key rem collections : 2.51800 ms 
Time of (3)Edge Deletion : 2.48400 ms 
Time of (6)Get key rem collections : 1.71900 ms 
Time of (5)Generate new edges : 1.30600 ms 
Time of (12)Transedges prefix : 1.06400 ms 
Time of (2)Convert to collection : 0.90300 ms 
Time of (7)Convert to collection : 0.89800 ms 
Time of (8)Shortcut rep : 0.81800 ms 
Time of (4)Remove edges : 0.68500 ms 
Time of (0)Extracting Roots : 0.60000 ms 
Time of (19)Reverse Edges and Connect Parent : 0.57100 ms 
Time of (15)PR Loop : 0.49600 ms 
Time of (16)Component Parent, Reversals : 0.27700 ms 
Time of (10)Compress Graph : 0.13400 ms 
Time of (14)PR init : 0.01600 ms 
Time of (11)Get compressed list : 0.00700 ms 
Time of (13)Get edges : 0.00600 ms 
Time (total): 40.19200 ms 
--------------------------------------------------------
filename: soc-LiveJournal1.txt
Nodes : 4847571
Edges : 42853112

------------------------------------------------------
Batch : 0

 Current edges 42853112
Deleted : 1000
Time of (17)PR Shortcut : 10.292000 ms 
Time of (9)Hooking Shortcutting : 7.72400 ms 
Time of (3)Edge Deletion : 3.51400 ms 
Time of (18)PR Reverse Paths : 3.03000 ms 
Time of (1)Get key rem collections : 2.58900 ms 
Time of (6)Get key rem collections : 1.79200 ms 
Time of (5)Generate new edges : 1.30500 ms 
Time of (12)Transedges prefix : 1.03500 ms 
Time of (7)Convert to collection : 0.89900 ms 
Time of (2)Convert to collection : 0.89800 ms 
Time of (8)Shortcut rep : 0.80800 ms 
Time of (4)Remove edges : 0.67200 ms 
Time of (0)Extracting Roots : 0.59000 ms 
Time of (19)Reverse Edges and Connect Parent : 0.57300 ms 
Time of (15)PR Loop : 0.52600 ms 
Time of (16)Component Parent, Reversals : 0.29500 ms 
Time of (10)Compress Graph : 0.13400 ms 
Time of (14)PR init : 0.01500 ms 
Time of (13)Get edges : 0.00700 ms 
Time of (11)Get compressed list : 0.00600 ms 
Time (total): 36.70400 ms 
--------------------------------------------------------
filename: soc-LiveJournal1.txt
Nodes : 4847571
Edges : 42853112

------------------------------------------------------
Batch : 0

 Current edges 42853112
Deleted : 1000
Time of (9)Hooking Shortcutting : 12.590000 ms 
Time of (17)PR Shortcut : 10.13700 ms 
Time of (18)PR Reverse Paths : 3.04900 ms 
Time of (1)Get key rem collections : 2.63900 ms 
Time of (3)Edge Deletion : 2.48000 ms 
Time of (6)Get key rem collections : 1.82000 ms 
Time of (5)Generate new edges : 1.30400 ms 
Time of (12)Transedges prefix : 1.03200 ms 
Time of (7)Convert to collection : 0.90300 ms 
Time of (2)Convert to collection : 0.89300 ms 
Time of (4)Remove edges : 0.82800 ms 
Time of (8)Shortcut rep : 0.81300 ms 
Time of (0)Extracting Roots : 0.57500 ms 
Time of (19)Reverse Edges and Connect Parent : 0.57400 ms 
Time of (15)PR Loop : 0.48300 ms 
Time of (16)Component Parent, Reversals : 0.27000 ms 
Time of (10)Compress Graph : 0.13500 ms 
Time of (14)PR init : 0.01300 ms 
Time of (11)Get compressed list : 0.00500 ms 
Time of (13)Get edges : 0.00400 ms 
Time (total): 40.54700 ms 
--------------------------------------------------------
