filename: uk-2002.txt
Nodes : 18520486
Edges : 261825616

------------------------------------------------------
Batch : 0

 Current edges 261825616
Deleted : 100000
Time of (17)PR Shortcut : 39.598000 ms 
Time of (9)Hooking Shortcutting : 19.97100 ms 
Time of (1)Get key rem collections : 9.83000 ms 
Time of (18)PR Reverse Paths : 7.46200 ms 
Time of (6)Get key rem collections : 6.74600 ms 
Time of (5)Generate new edges : 6.30800 ms 
Time of (2)Convert to collection : 5.17900 ms 
Time of (12)Transedges prefix : 4.87400 ms 
Time of (7)Convert to collection : 3.98700 ms 
Time of (4)Remove edges : 2.87300 ms 
Time of (3)Edge Deletion : 2.84400 ms 
Time of (8)Shortcut rep : 2.59400 ms 
Time of (19)Reverse Edges and Connect Parent : 2.44100 ms 
Time of (15)PR Loop : 2.11100 ms 
Time of (0)Extracting Roots : 0.71800 ms 
Time of (16)Component Parent, Reversals : 0.32300 ms 
Time of (10)Compress Graph : 0.25100 ms 
Time of (14)PR init : 0.01100 ms 
Time of (13)Get edges : 0.00500 ms 
Time of (11)Get compressed list : 0.00500 ms 
Time (total): 118.13100 ms 
--------------------------------------------------------
filename: uk-2002.txt
Nodes : 18520486
Edges : 261825616

------------------------------------------------------
Batch : 0

 Current edges 261825616
Deleted : 100000
Time of (17)PR Shortcut : 39.668000 ms 
Time of (9)Hooking Shortcutting : 19.77100 ms 
Time of (1)Get key rem collections : 10.12500 ms 
Time of (18)PR Reverse Paths : 7.45200 ms 
Time of (6)Get key rem collections : 6.67200 ms 
Time of (5)Generate new edges : 6.26000 ms 
Time of (2)Convert to collection : 5.11500 ms 
Time of (12)Transedges prefix : 4.85400 ms 
Time of (7)Convert to collection : 3.92500 ms 
Time of (3)Edge Deletion : 2.84200 ms 
Time of (4)Remove edges : 2.79200 ms 
Time of (8)Shortcut rep : 2.56300 ms 
Time of (19)Reverse Edges and Connect Parent : 2.44800 ms 
Time of (15)PR Loop : 1.64400 ms 
Time of (0)Extracting Roots : 0.69700 ms 
Time of (16)Component Parent, Reversals : 0.32100 ms 
Time of (10)Compress Graph : 0.24300 ms 
Time of (14)PR init : 0.01200 ms 
Time of (11)Get compressed list : 0.00500 ms 
Time of (13)Get edges : 0.00400 ms 
Time (total): 117.41300 ms 
--------------------------------------------------------
filename: uk-2002.txt
Nodes : 18520486
Edges : 261825616

------------------------------------------------------
Batch : 0

 Current edges 261825616
Deleted : 100000
Time of (17)PR Shortcut : 39.515000 ms 
Time of (9)Hooking Shortcutting : 22.07300 ms 
Time of (1)Get key rem collections : 8.64400 ms 
Time of (6)Get key rem collections : 7.62900 ms 
Time of (18)PR Reverse Paths : 7.45800 ms 
Time of (5)Generate new edges : 6.80700 ms 
Time of (12)Transedges prefix : 4.75800 ms 
Time of (7)Convert to collection : 4.46100 ms 
Time of (2)Convert to collection : 4.41700 ms 
Time of (4)Remove edges : 3.49600 ms 
Time of (8)Shortcut rep : 2.96400 ms 
Time of (3)Edge Deletion : 2.85300 ms 
Time of (19)Reverse Edges and Connect Parent : 2.44400 ms 
Time of (15)PR Loop : 1.55900 ms 
Time of (0)Extracting Roots : 0.70800 ms 
Time of (16)Component Parent, Reversals : 0.31800 ms 
Time of (10)Compress Graph : 0.23800 ms 
Time of (14)PR init : 0.01500 ms 
Time of (11)Get compressed list : 0.00600 ms 
Time of (13)Get edges : 0.00500 ms 
Time (total): 120.36800 ms 
--------------------------------------------------------
filename: uk-2002.txt
Nodes : 18520486
Edges : 261825616

------------------------------------------------------
Batch : 0

 Current edges 261825616
Deleted : 100000
Time of (17)PR Shortcut : 38.811000 ms 
Time of (9)Hooking Shortcutting : 21.71500 ms 
Time of (1)Get key rem collections : 10.22200 ms 
Time of (6)Get key rem collections : 7.63900 ms 
Time of (18)PR Reverse Paths : 7.46300 ms 
Time of (5)Generate new edges : 6.71700 ms 
Time of (2)Convert to collection : 5.00300 ms 
Time of (12)Transedges prefix : 4.79900 ms 
Time of (7)Convert to collection : 4.38000 ms 
Time of (4)Remove edges : 3.24800 ms 
Time of (8)Shortcut rep : 2.91200 ms 
Time of (3)Edge Deletion : 2.85200 ms 
Time of (19)Reverse Edges and Connect Parent : 2.44200 ms 
Time of (15)PR Loop : 2.44200 ms 
Time of (16)Component Parent, Reversals : 0.90900 ms 
Time of (0)Extracting Roots : 0.70700 ms 
Time of (10)Compress Graph : 0.23300 ms 
Time of (14)PR init : 0.01200 ms 
Time of (11)Get compressed list : 0.00500 ms 
Time of (13)Get edges : 0.00400 ms 
Time (total): 122.51500 ms 
--------------------------------------------------------
filename: uk-2002.txt
Nodes : 18520486
Edges : 261825616

------------------------------------------------------
Batch : 0

 Current edges 261825616
Deleted : 100000
Time of (17)PR Shortcut : 39.521000 ms 
Time of (9)Hooking Shortcutting : 20.90400 ms 
Time of (1)Get key rem collections : 9.59300 ms 
Time of (18)PR Reverse Paths : 7.46100 ms 
Time of (6)Get key rem collections : 7.07700 ms 
Time of (5)Generate new edges : 6.47500 ms 
Time of (2)Convert to collection : 5.16600 ms 
Time of (12)Transedges prefix : 4.71800 ms 
Time of (7)Convert to collection : 4.16300 ms 
Time of (4)Remove edges : 3.08600 ms 
Time of (3)Edge Deletion : 2.84500 ms 
Time of (8)Shortcut rep : 2.75800 ms 
Time of (15)PR Loop : 2.47200 ms 
Time of (19)Reverse Edges and Connect Parent : 2.43700 ms 
Time of (0)Extracting Roots : 0.71000 ms 
Time of (16)Component Parent, Reversals : 0.37300 ms 
Time of (10)Compress Graph : 0.26300 ms 
Time of (14)PR init : 0.01200 ms 
Time of (13)Get edges : 0.00500 ms 
Time of (11)Get compressed list : 0.00500 ms 
Time (total): 120.04400 ms 
--------------------------------------------------------
filename: uk-2002.txt
Nodes : 18520486
Edges : 261825616

------------------------------------------------------
Batch : 0

 Current edges 261825616
Deleted : 100000
Time of (17)PR Shortcut : 39.535000 ms 
Time of (9)Hooking Shortcutting : 20.14900 ms 
Time of (1)Get key rem collections : 7.67500 ms 
Time of (18)PR Reverse Paths : 7.45600 ms 
Time of (6)Get key rem collections : 6.91600 ms 
Time of (5)Generate new edges : 6.36200 ms 
Time of (12)Transedges prefix : 4.72900 ms 
Time of (7)Convert to collection : 4.04200 ms 
Time of (2)Convert to collection : 4.00300 ms 
Time of (4)Remove edges : 2.93000 ms 
Time of (3)Edge Deletion : 2.84300 ms 
Time of (8)Shortcut rep : 2.65600 ms 
Time of (19)Reverse Edges and Connect Parent : 2.45000 ms 
Time of (15)PR Loop : 1.55700 ms 
Time of (0)Extracting Roots : 0.70400 ms 
Time of (16)Component Parent, Reversals : 0.33100 ms 
Time of (10)Compress Graph : 0.23800 ms 
Time of (14)PR init : 0.01200 ms 
Time of (11)Get compressed list : 0.00500 ms 
Time of (13)Get edges : 0.00400 ms 
Time (total): 114.59700 ms 
--------------------------------------------------------
filename: uk-2002.txt
Nodes : 18520486
Edges : 261825616

------------------------------------------------------
Batch : 0

 Current edges 261825616
Deleted : 100000
Time of (17)PR Shortcut : 39.486000 ms 
Time of (9)Hooking Shortcutting : 20.93400 ms 
Time of (1)Get key rem collections : 9.88700 ms 
Time of (6)Get key rem collections : 7.62400 ms 
Time of (18)PR Reverse Paths : 7.48400 ms 
Time of (5)Generate new edges : 6.50500 ms 
Time of (2)Convert to collection : 5.19400 ms 
Time of (12)Transedges prefix : 4.82400 ms 
Time of (7)Convert to collection : 4.19000 ms 
Time of (4)Remove edges : 3.08400 ms 
Time of (3)Edge Deletion : 2.84700 ms 
Time of (8)Shortcut rep : 2.76200 ms 
Time of (19)Reverse Edges and Connect Parent : 2.44700 ms 
Time of (15)PR Loop : 1.56200 ms 
Time of (0)Extracting Roots : 0.69900 ms 
Time of (16)Component Parent, Reversals : 0.32200 ms 
Time of (10)Compress Graph : 0.24000 ms 
Time of (14)PR init : 0.01100 ms 
Time of (11)Get compressed list : 0.00600 ms 
Time of (13)Get edges : 0.00400 ms 
Time (total): 120.11200 ms 
--------------------------------------------------------
filename: uk-2002.txt
Nodes : 18520486
Edges : 261825616

------------------------------------------------------
Batch : 0

 Current edges 261825616
Deleted : 100000
Time of (17)PR Shortcut : 39.649000 ms 
Time of (9)Hooking Shortcutting : 22.25700 ms 
Time of (1)Get key rem collections : 9.83900 ms 
Time of (6)Get key rem collections : 7.70300 ms 
Time of (18)PR Reverse Paths : 7.45700 ms 
Time of (5)Generate new edges : 6.81100 ms 
Time of (12)Transedges prefix : 4.76100 ms 
Time of (2)Convert to collection : 4.51000 ms 
Time of (7)Convert to collection : 4.46000 ms 
Time of (4)Remove edges : 3.44900 ms 
Time of (8)Shortcut rep : 2.97000 ms 
Time of (3)Edge Deletion : 2.84900 ms 
Time of (19)Reverse Edges and Connect Parent : 2.45000 ms 
Time of (15)PR Loop : 1.56400 ms 
Time of (0)Extracting Roots : 0.70700 ms 
Time of (16)Component Parent, Reversals : 0.32100 ms 
Time of (10)Compress Graph : 0.23900 ms 
Time of (14)PR init : 0.01200 ms 
Time of (11)Get compressed list : 0.00500 ms 
Time of (13)Get edges : 0.00400 ms 
Time (total): 122.01700 ms 
--------------------------------------------------------
filename: uk-2002.txt
Nodes : 18520486
Edges : 261825616

------------------------------------------------------
Batch : 0

 Current edges 261825616
Deleted : 10000
Time of (17)PR Shortcut : 38.760000 ms 
Time of (9)Hooking Shortcutting : 22.08800 ms 
Time of (1)Get key rem collections : 9.20200 ms 
Time of (6)Get key rem collections : 7.67700 ms 
Time of (18)PR Reverse Paths : 7.29400 ms 
Time of (5)Generate new edges : 6.83200 ms 
Time of (12)Transedges prefix : 4.71300 ms 
Time of (7)Convert to collection : 4.47600 ms 
Time of (2)Convert to collection : 4.43100 ms 
Time of (4)Remove edges : 3.48400 ms 
Time of (8)Shortcut rep : 2.97000 ms 
Time of (19)Reverse Edges and Connect Parent : 2.87400 ms 
Time of (3)Edge Deletion : 2.44300 ms 
Time of (0)Extracting Roots : 0.69300 ms 
Time of (15)PR Loop : 0.50300 ms 
Time of (16)Component Parent, Reversals : 0.32000 ms 
Time of (10)Compress Graph : 0.29500 ms 
Time of (14)PR init : 0.01200 ms 
Time of (13)Get edges : 0.00500 ms 
Time of (11)Get compressed list : 0.00500 ms 
Time (total): 119.07700 ms 
--------------------------------------------------------
filename: uk-2002.txt
Nodes : 18520486
Edges : 261825616

------------------------------------------------------
Batch : 0

 Current edges 261825616
Deleted : 10000
Time of (17)PR Shortcut : 39.547000 ms 
Time of (9)Hooking Shortcutting : 19.02000 ms 
Time of (1)Get key rem collections : 8.29000 ms 
Time of (6)Get key rem collections : 7.68700 ms 
Time of (18)PR Reverse Paths : 7.30500 ms 
Time of (5)Generate new edges : 6.81200 ms 
Time of (12)Transedges prefix : 4.77700 ms 
Time of (7)Convert to collection : 4.46700 ms 
Time of (2)Convert to collection : 4.42600 ms 
Time of (3)Edge Deletion : 3.37900 ms 
Time of (4)Remove edges : 3.30800 ms 
Time of (8)Shortcut rep : 2.47300 ms 
Time of (19)Reverse Edges and Connect Parent : 1.53500 ms 
Time of (15)PR Loop : 1.23700 ms 
Time of (0)Extracting Roots : 0.66900 ms 
Time of (16)Component Parent, Reversals : 0.37400 ms 
Time of (10)Compress Graph : 0.27600 ms 
Time of (14)PR init : 0.01200 ms 
Time of (11)Get compressed list : 0.00600 ms 
Time of (13)Get edges : 0.00500 ms 
Time (total): 115.60500 ms 
--------------------------------------------------------
filename: uk-2002.txt
Nodes : 18520486
Edges : 261825616

------------------------------------------------------
Batch : 0

 Current edges 261825616
Deleted : 10000
Time of (17)PR Shortcut : 40.305000 ms 
Time of (9)Hooking Shortcutting : 20.48200 ms 
Time of (1)Get key rem collections : 9.68000 ms 
Time of (18)PR Reverse Paths : 7.30100 ms 
Time of (6)Get key rem collections : 6.97700 ms 
Time of (5)Generate new edges : 6.44900 ms 
Time of (2)Convert to collection : 5.16800 ms 
Time of (12)Transedges prefix : 4.95300 ms 
Time of (7)Convert to collection : 4.13700 ms 
Time of (3)Edge Deletion : 3.45700 ms 
Time of (4)Remove edges : 3.05300 ms 
Time of (8)Shortcut rep : 2.71900 ms 
Time of (19)Reverse Edges and Connect Parent : 1.53400 ms 
Time of (15)PR Loop : 0.90900 ms 
Time of (0)Extracting Roots : 0.70900 ms 
Time of (16)Component Parent, Reversals : 0.32000 ms 
Time of (10)Compress Graph : 0.26300 ms 
Time of (14)PR init : 0.01300 ms 
Time of (13)Get edges : 0.00500 ms 
Time of (11)Get compressed list : 0.00500 ms 
Time (total): 118.43900 ms 
--------------------------------------------------------
filename: uk-2002.txt
Nodes : 18520486
Edges : 261825616

------------------------------------------------------
Batch : 0

 Current edges 261825616
Deleted : 10000
Time of (17)PR Shortcut : 39.538000 ms 
Time of (9)Hooking Shortcutting : 19.01400 ms 
Time of (1)Get key rem collections : 8.46400 ms 
Time of (6)Get key rem collections : 7.85600 ms 
Time of (18)PR Reverse Paths : 7.30400 ms 
Time of (5)Generate new edges : 6.82900 ms 
Time of (12)Transedges prefix : 4.88900 ms 
Time of (2)Convert to collection : 4.43100 ms 
Time of (7)Convert to collection : 4.24900 ms 
Time of (4)Remove edges : 3.44700 ms 
Time of (3)Edge Deletion : 3.43700 ms 
Time of (8)Shortcut rep : 2.51200 ms 
Time of (19)Reverse Edges and Connect Parent : 1.54000 ms 
Time of (0)Extracting Roots : 0.71100 ms 
Time of (15)PR Loop : 0.52500 ms 
Time of (16)Component Parent, Reversals : 0.33000 ms 
Time of (10)Compress Graph : 0.25000 ms 
Time of (14)PR init : 0.01300 ms 
Time of (11)Get compressed list : 0.00500 ms 
Time of (13)Get edges : 0.00400 ms 
Time (total): 115.34800 ms 
--------------------------------------------------------
filename: uk-2002.txt
Nodes : 18520486
Edges : 261825616

------------------------------------------------------
Batch : 0

 Current edges 261825616
Deleted : 10000
Time of (17)PR Shortcut : 40.013000 ms 
Time of (9)Hooking Shortcutting : 20.15000 ms 
Time of (1)Get key rem collections : 9.91500 ms 
Time of (18)PR Reverse Paths : 7.28700 ms 
Time of (6)Get key rem collections : 6.71200 ms 
Time of (5)Generate new edges : 6.37900 ms 
Time of (2)Convert to collection : 5.17000 ms 
Time of (12)Transedges prefix : 5.04400 ms 
Time of (7)Convert to collection : 4.04700 ms 
Time of (4)Remove edges : 2.87300 ms 
Time of (8)Shortcut rep : 2.67500 ms 
Time of (19)Reverse Edges and Connect Parent : 2.60500 ms 
Time of (3)Edge Deletion : 2.40700 ms 
Time of (0)Extracting Roots : 0.74000 ms 
Time of (15)PR Loop : 0.55100 ms 
Time of (10)Compress Graph : 0.31700 ms 
Time of (16)Component Parent, Reversals : 0.29900 ms 
Time of (14)PR init : 0.01800 ms 
Time of (13)Get edges : 0.00700 ms 
Time of (11)Get compressed list : 0.00600 ms 
Time (total): 117.21500 ms 
--------------------------------------------------------
filename: uk-2002.txt
Nodes : 18520486
Edges : 261825616

------------------------------------------------------
Batch : 0

 Current edges 261825616
Deleted : 100
Time of (17)PR Shortcut : 39.510000 ms 
Time of (9)Hooking Shortcutting : 18.88400 ms 
Time of (1)Get key rem collections : 8.55100 ms 
Time of (6)Get key rem collections : 7.77700 ms 
Time of (18)PR Reverse Paths : 7.24100 ms 
Time of (5)Generate new edges : 6.98500 ms 
Time of (12)Transedges prefix : 4.73900 ms 
Time of (2)Convert to collection : 4.55200 ms 
Time of (7)Convert to collection : 4.09800 ms 
Time of (4)Remove edges : 3.38800 ms 
Time of (19)Reverse Edges and Connect Parent : 2.85200 ms 
Time of (3)Edge Deletion : 2.77300 ms 
Time of (8)Shortcut rep : 2.29600 ms 
Time of (0)Extracting Roots : 0.71200 ms 
Time of (16)Component Parent, Reversals : 0.31800 ms 
Time of (15)PR Loop : 0.26700 ms 
Time of (10)Compress Graph : 0.25300 ms 
Time of (14)PR init : 0.01200 ms 
Time of (11)Get compressed list : 0.00600 ms 
Time of (13)Get edges : 0.00400 ms 
Time (total): 115.21800 ms 
--------------------------------------------------------
filename: uk-2002.txt
Nodes : 18520486
Edges : 261825616

------------------------------------------------------
Batch : 0

 Current edges 261825616
Deleted : 100
Time of (17)PR Shortcut : 39.592000 ms 
Time of (9)Hooking Shortcutting : 19.32600 ms 
Time of (1)Get key rem collections : 7.97200 ms 
Time of (18)PR Reverse Paths : 7.27800 ms 
Time of (6)Get key rem collections : 7.05100 ms 
Time of (5)Generate new edges : 6.61400 ms 
Time of (12)Transedges prefix : 4.74600 ms 
Time of (7)Convert to collection : 4.27300 ms 
Time of (2)Convert to collection : 4.22300 ms 
Time of (4)Remove edges : 3.13200 ms 
Time of (3)Edge Deletion : 2.75600 ms 
Time of (8)Shortcut rep : 2.60100 ms 
Time of (19)Reverse Edges and Connect Parent : 1.58000 ms 
Time of (0)Extracting Roots : 0.69300 ms 
Time of (16)Component Parent, Reversals : 0.37900 ms 
Time of (15)PR Loop : 0.30900 ms 
Time of (10)Compress Graph : 0.23800 ms 
Time of (14)PR init : 0.01300 ms 
Time of (13)Get edges : 0.00600 ms 
Time of (11)Get compressed list : 0.00500 ms 
Time (total): 112.78700 ms 
--------------------------------------------------------
filename: uk-2002.txt
Nodes : 18520486
Edges : 261825616

------------------------------------------------------
Batch : 0

 Current edges 261825616
Deleted : 100
Time of (17)PR Shortcut : 40.171000 ms 
Time of (9)Hooking Shortcutting : 20.47600 ms 
Time of (1)Get key rem collections : 9.78900 ms 
Time of (18)PR Reverse Paths : 7.26200 ms 
Time of (6)Get key rem collections : 6.92400 ms 
Time of (5)Generate new edges : 6.47500 ms 
Time of (2)Convert to collection : 5.17000 ms 
Time of (12)Transedges prefix : 5.01200 ms 
Time of (7)Convert to collection : 4.15700 ms 
Time of (4)Remove edges : 3.17800 ms 
Time of (3)Edge Deletion : 2.75700 ms 
Time of (8)Shortcut rep : 2.54200 ms 
Time of (19)Reverse Edges and Connect Parent : 1.58500 ms 
Time of (0)Extracting Roots : 0.72400 ms 
Time of (16)Component Parent, Reversals : 0.32900 ms 
Time of (15)PR Loop : 0.32400 ms 
Time of (10)Compress Graph : 0.26800 ms 
Time of (14)PR init : 0.01300 ms 
Time of (13)Get edges : 0.00500 ms 
Time of (11)Get compressed list : 0.00500 ms 
Time (total): 117.16600 ms 
--------------------------------------------------------
filename: uk-2002.txt
Nodes : 18520486
Edges : 261825616

------------------------------------------------------
Batch : 0

 Current edges 261825616
Deleted : 100
Time of (17)PR Shortcut : 39.548000 ms 
Time of (9)Hooking Shortcutting : 11.64000 ms 
Time of (1)Get key rem collections : 9.64700 ms 
Time of (6)Get key rem collections : 8.11200 ms 
Time of (18)PR Reverse Paths : 7.27900 ms 
Time of (5)Generate new edges : 7.20500 ms 
Time of (2)Convert to collection : 5.10500 ms 
Time of (7)Convert to collection : 4.74800 ms 
Time of (12)Transedges prefix : 4.74600 ms 
Time of (4)Remove edges : 3.77400 ms 
Time of (8)Shortcut rep : 2.92900 ms 
Time of (3)Edge Deletion : 2.76600 ms 
Time of (19)Reverse Edges and Connect Parent : 2.62000 ms 
Time of (0)Extracting Roots : 0.75700 ms 
Time of (16)Component Parent, Reversals : 0.34300 ms 
Time of (10)Compress Graph : 0.25200 ms 
Time of (15)PR Loop : 0.25000 ms 
Time of (14)PR init : 0.01600 ms 
Time of (13)Get edges : 0.00600 ms 
Time of (11)Get compressed list : 0.00600 ms 
Time (total): 111.74900 ms 
--------------------------------------------------------
filename: uk-2002.txt
Nodes : 18520486
Edges : 261825616

------------------------------------------------------
Batch : 0

 Current edges 261825616
Deleted : 100
Time of (17)PR Shortcut : 39.519000 ms 
Time of (9)Hooking Shortcutting : 9.98300 ms 
Time of (1)Get key rem collections : 8.31400 ms 
Time of (6)Get key rem collections : 7.61500 ms 
Time of (18)PR Reverse Paths : 7.26700 ms 
Time of (5)Generate new edges : 6.70700 ms 
Time of (12)Transedges prefix : 4.74700 ms 
Time of (7)Convert to collection : 4.38500 ms 
Time of (2)Convert to collection : 4.33800 ms 
Time of (4)Remove edges : 3.19600 ms 
Time of (3)Edge Deletion : 2.76300 ms 
Time of (8)Shortcut rep : 2.67400 ms 
Time of (19)Reverse Edges and Connect Parent : 2.63000 ms 
Time of (0)Extracting Roots : 0.68000 ms 
Time of (16)Component Parent, Reversals : 0.32700 ms 
Time of (10)Compress Graph : 0.26600 ms 
Time of (15)PR Loop : 0.22400 ms 
Time of (14)PR init : 0.01100 ms 
Time of (11)Get compressed list : 0.00600 ms 
Time of (13)Get edges : 0.00400 ms 
Time (total): 105.65600 ms 
--------------------------------------------------------
filename: uk-2002.txt
Nodes : 18520486
Edges : 261825616

------------------------------------------------------
Batch : 0

 Current edges 261825616
Deleted : 1000
Time of (17)PR Shortcut : 38.849000 ms 
Time of (9)Hooking Shortcutting : 22.04100 ms 
Time of (1)Get key rem collections : 8.79900 ms 
Time of (6)Get key rem collections : 7.49900 ms 
Time of (18)PR Reverse Paths : 7.27200 ms 
Time of (5)Generate new edges : 6.82300 ms 
Time of (12)Transedges prefix : 4.76700 ms 
Time of (7)Convert to collection : 4.46100 ms 
Time of (2)Convert to collection : 4.40900 ms 
Time of (4)Remove edges : 3.32600 ms 
Time of (8)Shortcut rep : 2.95400 ms 
Time of (3)Edge Deletion : 2.64500 ms 
Time of (19)Reverse Edges and Connect Parent : 1.78500 ms 
Time of (0)Extracting Roots : 0.73100 ms 
Time of (15)PR Loop : 0.34200 ms 
Time of (16)Component Parent, Reversals : 0.32600 ms 
Time of (10)Compress Graph : 0.25000 ms 
Time of (14)PR init : 0.01100 ms 
Time of (13)Get edges : 0.00500 ms 
Time of (11)Get compressed list : 0.00500 ms 
Time (total): 117.30000 ms 
--------------------------------------------------------
filename: uk-2002.txt
Nodes : 18520486
Edges : 261825616

------------------------------------------------------
Batch : 0

 Current edges 261825616
Deleted : 1000
Time of (17)PR Shortcut : 39.529000 ms 
Time of (9)Hooking Shortcutting : 19.00900 ms 
Time of (1)Get key rem collections : 9.23500 ms 
Time of (6)Get key rem collections : 8.05200 ms 
Time of (18)PR Reverse Paths : 7.28100 ms 
Time of (5)Generate new edges : 7.22700 ms 
Time of (12)Transedges prefix : 4.79700 ms 
Time of (2)Convert to collection : 4.73500 ms 
Time of (7)Convert to collection : 3.83500 ms 
Time of (4)Remove edges : 3.52700 ms 
Time of (3)Edge Deletion : 2.65200 ms 
Time of (8)Shortcut rep : 2.47800 ms 
Time of (19)Reverse Edges and Connect Parent : 1.56100 ms 
Time of (16)Component Parent, Reversals : 0.89900 ms 
Time of (0)Extracting Roots : 0.68400 ms 
Time of (15)PR Loop : 0.34700 ms 
Time of (10)Compress Graph : 0.23400 ms 
Time of (14)PR init : 0.01100 ms 
Time of (11)Get compressed list : 0.00600 ms 
Time of (13)Get edges : 0.00400 ms 
Time (total): 116.10300 ms 
--------------------------------------------------------
filename: uk-2002.txt
Nodes : 18520486
Edges : 261825616

------------------------------------------------------
Batch : 0

 Current edges 261825616
Deleted : 1000
Time of (17)PR Shortcut : 39.611000 ms 
Time of (9)Hooking Shortcutting : 20.83700 ms 
Time of (1)Get key rem collections : 8.14800 ms 
Time of (6)Get key rem collections : 7.34700 ms 
Time of (18)PR Reverse Paths : 7.27400 ms 
Time of (5)Generate new edges : 6.55700 ms 
Time of (12)Transedges prefix : 4.80500 ms 
Time of (7)Convert to collection : 4.24000 ms 
Time of (2)Convert to collection : 4.19500 ms 
Time of (4)Remove edges : 3.03300 ms 
Time of (8)Shortcut rep : 2.79500 ms 
Time of (3)Edge Deletion : 2.62300 ms 
Time of (19)Reverse Edges and Connect Parent : 1.56900 ms 
Time of (0)Extracting Roots : 0.71100 ms 
Time of (16)Component Parent, Reversals : 0.35400 ms 
Time of (15)PR Loop : 0.34100 ms 
Time of (10)Compress Graph : 0.24000 ms 
Time of (14)PR init : 0.01100 ms 
Time of (13)Get edges : 0.00500 ms 
Time of (11)Get compressed list : 0.00500 ms 
Time (total): 114.70100 ms 
--------------------------------------------------------
filename: uk-2002.txt
Nodes : 18520486
Edges : 261825616

------------------------------------------------------
Batch : 0

 Current edges 261825616
Deleted : 1000
Time of (17)PR Shortcut : 39.482000 ms 
Time of (9)Hooking Shortcutting : 22.03500 ms 
Time of (1)Get key rem collections : 9.07400 ms 
Time of (6)Get key rem collections : 7.61900 ms 
Time of (18)PR Reverse Paths : 7.26400 ms 
Time of (5)Generate new edges : 6.81800 ms 
Time of (12)Transedges prefix : 4.76500 ms 
Time of (7)Convert to collection : 4.45800 ms 
Time of (2)Convert to collection : 4.44800 ms 
Time of (4)Remove edges : 3.41500 ms 
Time of (8)Shortcut rep : 2.98300 ms 
Time of (3)Edge Deletion : 2.63900 ms 
Time of (19)Reverse Edges and Connect Parent : 1.57900 ms 
Time of (0)Extracting Roots : 0.71700 ms 
Time of (15)PR Loop : 0.38000 ms 
Time of (16)Component Parent, Reversals : 0.31600 ms 
Time of (10)Compress Graph : 0.24600 ms 
Time of (14)PR init : 0.01100 ms 
Time of (13)Get edges : 0.00500 ms 
Time of (11)Get compressed list : 0.00500 ms 
Time (total): 118.25900 ms 
--------------------------------------------------------
filename: uk-2002.txt
Nodes : 18520486
Edges : 261825616

------------------------------------------------------
Batch : 0

 Current edges 261825616
Deleted : 1000
Time of (17)PR Shortcut : 39.511000 ms 
Time of (9)Hooking Shortcutting : 22.48800 ms 
Time of (1)Get key rem collections : 9.73600 ms 
Time of (6)Get key rem collections : 7.96500 ms 
Time of (18)PR Reverse Paths : 7.25900 ms 
Time of (5)Generate new edges : 6.92700 ms 
Time of (2)Convert to collection : 5.16800 ms 
Time of (12)Transedges prefix : 4.74500 ms 
Time of (7)Convert to collection : 4.54400 ms 
Time of (4)Remove edges : 3.60100 ms 
Time of (8)Shortcut rep : 3.03900 ms 
Time of (3)Edge Deletion : 2.64500 ms 
Time of (19)Reverse Edges and Connect Parent : 1.58500 ms 
Time of (0)Extracting Roots : 0.69700 ms 
Time of (15)PR Loop : 0.39100 ms 
Time of (16)Component Parent, Reversals : 0.33700 ms 
Time of (10)Compress Graph : 0.23500 ms 
Time of (14)PR init : 0.01300 ms 
Time of (11)Get compressed list : 0.00600 ms 
Time of (13)Get edges : 0.00400 ms 
Time (total): 120.89600 ms 
--------------------------------------------------------
