filename: wiki-topcats.txt
Nodes : 1791489
Edges : 25444207

------------------------------------------------------
Batch : 0

 Current edges 25444207
Deleted : 100000
Time of (9)Hooking Shortcutting : 9.917000 ms 
Time of (15)PR Loop : 5.45500 ms 
Time of (17)PR Shortcut : 3.31400 ms 
Time of (3)Edge Deletion : 2.72600 ms 
Time of (1)Get key rem collections : 1.80500 ms 
Time of (18)PR Reverse Paths : 1.41100 ms 
Time of (6)Get key rem collections : 0.94600 ms 
Time of (5)Generate new edges : 0.79200 ms 
Time of (12)Transedges prefix : 0.72400 ms 
Time of (2)Convert to collection : 0.55400 ms 
Time of (7)Convert to collection : 0.55300 ms 
Time of (0)Extracting Roots : 0.54100 ms 
Time of (19)Reverse Edges and Connect Parent : 0.44800 ms 
Time of (4)Remove edges : 0.44600 ms 
Time of (16)Component Parent, Reversals : 0.27100 ms 
Time of (8)Shortcut rep : 0.24900 ms 
Time of (10)Compress Graph : 0.07700 ms 
Time of (14)PR init : 0.01400 ms 
Time of (13)Get edges : 0.00400 ms 
Time of (11)Get compressed list : 0.00400 ms 
Time (total): 30.25100 ms 
--------------------------------------------------------
filename: wiki-topcats.txt
Nodes : 1791489
Edges : 25444207

------------------------------------------------------
Batch : 0

 Current edges 25444207
Deleted : 100000
Time of (9)Hooking Shortcutting : 8.021000 ms 
Time of (15)PR Loop : 4.82300 ms 
Time of (17)PR Shortcut : 3.21500 ms 
Time of (3)Edge Deletion : 2.75700 ms 
Time of (1)Get key rem collections : 1.79000 ms 
Time of (18)PR Reverse Paths : 1.53900 ms 
Time of (6)Get key rem collections : 0.94000 ms 
Time of (5)Generate new edges : 0.79100 ms 
Time of (12)Transedges prefix : 0.74000 ms 
Time of (7)Convert to collection : 0.55200 ms 
Time of (2)Convert to collection : 0.55000 ms 
Time of (0)Extracting Roots : 0.54600 ms 
Time of (19)Reverse Edges and Connect Parent : 0.45000 ms 
Time of (4)Remove edges : 0.42400 ms 
Time of (16)Component Parent, Reversals : 0.25600 ms 
Time of (8)Shortcut rep : 0.24400 ms 
Time of (10)Compress Graph : 0.07300 ms 
Time of (14)PR init : 0.01400 ms 
Time of (13)Get edges : 0.00500 ms 
Time of (11)Get compressed list : 0.00500 ms 
Time (total): 27.73500 ms 
--------------------------------------------------------
filename: wiki-topcats.txt
Nodes : 1791489
Edges : 25444207

------------------------------------------------------
Batch : 0

 Current edges 25444207
Deleted : 100000
Time of (9)Hooking Shortcutting : 6.949000 ms 
Time of (15)PR Loop : 4.81300 ms 
Time of (17)PR Shortcut : 3.22300 ms 
Time of (3)Edge Deletion : 2.75000 ms 
Time of (1)Get key rem collections : 1.90100 ms 
Time of (18)PR Reverse Paths : 1.52900 ms 
Time of (6)Get key rem collections : 0.94600 ms 
Time of (5)Generate new edges : 0.79000 ms 
Time of (12)Transedges prefix : 0.72400 ms 
Time of (2)Convert to collection : 0.55800 ms 
Time of (7)Convert to collection : 0.55100 ms 
Time of (0)Extracting Roots : 0.54900 ms 
Time of (19)Reverse Edges and Connect Parent : 0.44900 ms 
Time of (4)Remove edges : 0.43000 ms 
Time of (8)Shortcut rep : 0.28900 ms 
Time of (16)Component Parent, Reversals : 0.24800 ms 
Time of (10)Compress Graph : 0.07500 ms 
Time of (14)PR init : 0.01400 ms 
Time of (13)Get edges : 0.00500 ms 
Time of (11)Get compressed list : 0.00500 ms 
Time (total): 26.79800 ms 
--------------------------------------------------------
filename: wiki-topcats.txt
Nodes : 1791489
Edges : 25444207

------------------------------------------------------
Batch : 0

 Current edges 25444207
Deleted : 100000
Time of (9)Hooking Shortcutting : 10.031000 ms 
Time of (15)PR Loop : 4.13000 ms 
Time of (17)PR Shortcut : 3.11700 ms 
Time of (3)Edge Deletion : 2.72900 ms 
Time of (1)Get key rem collections : 1.81100 ms 
Time of (18)PR Reverse Paths : 1.42900 ms 
Time of (6)Get key rem collections : 0.97800 ms 
Time of (5)Generate new edges : 0.79400 ms 
Time of (12)Transedges prefix : 0.73000 ms 
Time of (2)Convert to collection : 0.55700 ms 
Time of (7)Convert to collection : 0.55400 ms 
Time of (0)Extracting Roots : 0.54100 ms 
Time of (19)Reverse Edges and Connect Parent : 0.46600 ms 
Time of (4)Remove edges : 0.42900 ms 
Time of (16)Component Parent, Reversals : 0.26000 ms 
Time of (8)Shortcut rep : 0.25600 ms 
Time of (10)Compress Graph : 0.07700 ms 
Time of (14)PR init : 0.01400 ms 
Time of (11)Get compressed list : 0.00500 ms 
Time of (13)Get edges : 0.00400 ms 
Time (total): 28.91200 ms 
--------------------------------------------------------
filename: wiki-topcats.txt
Nodes : 1791489
Edges : 25444207

------------------------------------------------------
Batch : 0

 Current edges 25444207
Deleted : 100000
Time of (9)Hooking Shortcutting : 8.397000 ms 
Time of (15)PR Loop : 4.16400 ms 
Time of (17)PR Shortcut : 3.24300 ms 
Time of (3)Edge Deletion : 2.76100 ms 
Time of (1)Get key rem collections : 1.84500 ms 
Time of (18)PR Reverse Paths : 1.40500 ms 
Time of (6)Get key rem collections : 0.95000 ms 
Time of (5)Generate new edges : 0.79300 ms 
Time of (12)Transedges prefix : 0.72300 ms 
Time of (7)Convert to collection : 0.55300 ms 
Time of (2)Convert to collection : 0.55100 ms 
Time of (0)Extracting Roots : 0.54300 ms 
Time of (4)Remove edges : 0.48700 ms 
Time of (19)Reverse Edges and Connect Parent : 0.44800 ms 
Time of (8)Shortcut rep : 0.28900 ms 
Time of (16)Component Parent, Reversals : 0.25300 ms 
Time of (10)Compress Graph : 0.07600 ms 
Time of (14)PR init : 0.01300 ms 
Time of (13)Get edges : 0.00400 ms 
Time of (11)Get compressed list : 0.00400 ms 
Time (total): 27.50200 ms 
--------------------------------------------------------
filename: wiki-topcats.txt
Nodes : 1791489
Edges : 25444207

------------------------------------------------------
Batch : 0

 Current edges 25444207
Deleted : 10000
Time of (9)Hooking Shortcutting : 8.022000 ms 
Time of (3)Edge Deletion : 2.94800 ms 
Time of (17)PR Shortcut : 2.82200 ms 
Time of (1)Get key rem collections : 1.90800 ms 
Time of (15)PR Loop : 1.51500 ms 
Time of (18)PR Reverse Paths : 1.32800 ms 
Time of (6)Get key rem collections : 1.00800 ms 
Time of (12)Transedges prefix : 0.81300 ms 
Time of (5)Generate new edges : 0.79700 ms 
Time of (7)Convert to collection : 0.55500 ms 
Time of (2)Convert to collection : 0.55300 ms 
Time of (0)Extracting Roots : 0.55100 ms 
Time of (4)Remove edges : 0.44300 ms 
Time of (19)Reverse Edges and Connect Parent : 0.43400 ms 
Time of (8)Shortcut rep : 0.29200 ms 
Time of (16)Component Parent, Reversals : 0.24400 ms 
Time of (10)Compress Graph : 0.08100 ms 
Time of (14)PR init : 0.01400 ms 
Time of (13)Get edges : 0.00500 ms 
Time of (11)Get compressed list : 0.00400 ms 
Time (total): 24.33700 ms 
--------------------------------------------------------
filename: wiki-topcats.txt
Nodes : 1791489
Edges : 25444207

------------------------------------------------------
Batch : 0

 Current edges 25444207
Deleted : 10000
Time of (9)Hooking Shortcutting : 3.540000 ms 
Time of (17)PR Shortcut : 3.02000 ms 
Time of (3)Edge Deletion : 2.94200 ms 
Time of (1)Get key rem collections : 1.83500 ms 
Time of (15)PR Loop : 1.58600 ms 
Time of (18)PR Reverse Paths : 1.32600 ms 
Time of (6)Get key rem collections : 1.01400 ms 
Time of (5)Generate new edges : 0.79400 ms 
Time of (12)Transedges prefix : 0.76100 ms 
Time of (7)Convert to collection : 0.55200 ms 
Time of (2)Convert to collection : 0.55000 ms 
Time of (0)Extracting Roots : 0.53700 ms 
Time of (19)Reverse Edges and Connect Parent : 0.43100 ms 
Time of (4)Remove edges : 0.41600 ms 
Time of (16)Component Parent, Reversals : 0.24700 ms 
Time of (8)Shortcut rep : 0.24400 ms 
Time of (10)Compress Graph : 0.10800 ms 
Time of (14)PR init : 0.01500 ms 
Time of (13)Get edges : 0.00500 ms 
Time of (11)Get compressed list : 0.00500 ms 
Time (total): 19.92800 ms 
--------------------------------------------------------
filename: wiki-topcats.txt
Nodes : 1791489
Edges : 25444207

------------------------------------------------------
Batch : 0

 Current edges 25444207
Deleted : 10000
Time of (9)Hooking Shortcutting : 7.126000 ms 
Time of (17)PR Shortcut : 3.29000 ms 
Time of (3)Edge Deletion : 2.93700 ms 
Time of (15)PR Loop : 1.97900 ms 
Time of (1)Get key rem collections : 1.88500 ms 
Time of (18)PR Reverse Paths : 1.32100 ms 
Time of (6)Get key rem collections : 0.94500 ms 
Time of (5)Generate new edges : 0.79500 ms 
Time of (12)Transedges prefix : 0.76100 ms 
Time of (7)Convert to collection : 0.55200 ms 
Time of (2)Convert to collection : 0.55000 ms 
Time of (0)Extracting Roots : 0.54300 ms 
Time of (19)Reverse Edges and Connect Parent : 0.44800 ms 
Time of (4)Remove edges : 0.41900 ms 
Time of (8)Shortcut rep : 0.25900 ms 
Time of (16)Component Parent, Reversals : 0.25000 ms 
Time of (10)Compress Graph : 0.07600 ms 
Time of (14)PR init : 0.01300 ms 
Time of (13)Get edges : 0.00500 ms 
Time of (11)Get compressed list : 0.00500 ms 
Time (total): 24.15900 ms 
--------------------------------------------------------
filename: wiki-topcats.txt
Nodes : 1791489
Edges : 25444207

------------------------------------------------------
Batch : 0

 Current edges 25444207
Deleted : 10000
Time of (9)Hooking Shortcutting : 3.522000 ms 
Time of (17)PR Shortcut : 3.03700 ms 
Time of (3)Edge Deletion : 2.93800 ms 
Time of (1)Get key rem collections : 1.80200 ms 
Time of (18)PR Reverse Paths : 1.32500 ms 
Time of (6)Get key rem collections : 0.94400 ms 
Time of (5)Generate new edges : 0.79600 ms 
Time of (12)Transedges prefix : 0.73100 ms 
Time of (15)PR Loop : 0.66700 ms 
Time of (0)Extracting Roots : 0.57400 ms 
Time of (7)Convert to collection : 0.55400 ms 
Time of (2)Convert to collection : 0.55400 ms 
Time of (4)Remove edges : 0.45100 ms 
Time of (19)Reverse Edges and Connect Parent : 0.43300 ms 
Time of (16)Component Parent, Reversals : 0.25300 ms 
Time of (8)Shortcut rep : 0.24400 ms 
Time of (10)Compress Graph : 0.07600 ms 
Time of (14)PR init : 0.01300 ms 
Time of (13)Get edges : 0.00500 ms 
Time of (11)Get compressed list : 0.00500 ms 
Time (total): 18.92400 ms 
--------------------------------------------------------
filename: wiki-topcats.txt
Nodes : 1791489
Edges : 25444207

------------------------------------------------------
Batch : 0

 Current edges 25444207
Deleted : 10000
Time of (9)Hooking Shortcutting : 3.462000 ms 
Time of (17)PR Shortcut : 3.20300 ms 
Time of (3)Edge Deletion : 2.96500 ms 
Time of (1)Get key rem collections : 1.79000 ms 
Time of (18)PR Reverse Paths : 1.32700 ms 
Time of (15)PR Loop : 1.14800 ms 
Time of (6)Get key rem collections : 0.93500 ms 
Time of (5)Generate new edges : 0.79300 ms 
Time of (12)Transedges prefix : 0.77200 ms 
Time of (0)Extracting Roots : 0.56900 ms 
Time of (2)Convert to collection : 0.56200 ms 
Time of (7)Convert to collection : 0.55500 ms 
Time of (19)Reverse Edges and Connect Parent : 0.42900 ms 
Time of (4)Remove edges : 0.40700 ms 
Time of (16)Component Parent, Reversals : 0.24800 ms 
Time of (8)Shortcut rep : 0.24000 ms 
Time of (10)Compress Graph : 0.07500 ms 
Time of (14)PR init : 0.01300 ms 
Time of (11)Get compressed list : 0.00500 ms 
Time of (13)Get edges : 0.00400 ms 
Time (total): 19.50200 ms 
--------------------------------------------------------
filename: wiki-topcats.txt
Nodes : 1791489
Edges : 25444207

------------------------------------------------------
Batch : 0

 Current edges 25444207
Deleted : 100
Time of (9)Hooking Shortcutting : 3.445000 ms 
Time of (17)PR Shortcut : 3.22300 ms 
Time of (3)Edge Deletion : 2.57700 ms 
Time of (1)Get key rem collections : 1.84100 ms 
Time of (18)PR Reverse Paths : 1.30800 ms 
Time of (6)Get key rem collections : 0.98100 ms 
Time of (5)Generate new edges : 0.79500 ms 
Time of (12)Transedges prefix : 0.75300 ms 
Time of (0)Extracting Roots : 0.56600 ms 
Time of (7)Convert to collection : 0.55500 ms 
Time of (2)Convert to collection : 0.55100 ms 
Time of (19)Reverse Edges and Connect Parent : 0.43400 ms 
Time of (4)Remove edges : 0.41500 ms 
Time of (15)PR Loop : 0.31200 ms 
Time of (8)Shortcut rep : 0.25400 ms 
Time of (16)Component Parent, Reversals : 0.25200 ms 
Time of (10)Compress Graph : 0.08000 ms 
Time of (14)PR init : 0.01400 ms 
Time of (13)Get edges : 0.00500 ms 
Time of (11)Get compressed list : 0.00500 ms 
Time (total): 18.36600 ms 
--------------------------------------------------------
filename: wiki-topcats.txt
Nodes : 1791489
Edges : 25444207

------------------------------------------------------
Batch : 0

 Current edges 25444207
Deleted : 100
Time of (9)Hooking Shortcutting : 3.397000 ms 
Time of (17)PR Shortcut : 3.24200 ms 
Time of (3)Edge Deletion : 2.58200 ms 
Time of (1)Get key rem collections : 1.87000 ms 
Time of (18)PR Reverse Paths : 1.29000 ms 
Time of (6)Get key rem collections : 1.07300 ms 
Time of (5)Generate new edges : 0.79300 ms 
Time of (12)Transedges prefix : 0.77700 ms 
Time of (7)Convert to collection : 0.55600 ms 
Time of (2)Convert to collection : 0.54900 ms 
Time of (0)Extracting Roots : 0.54300 ms 
Time of (19)Reverse Edges and Connect Parent : 0.42500 ms 
Time of (4)Remove edges : 0.41500 ms 
Time of (15)PR Loop : 0.30100 ms 
Time of (8)Shortcut rep : 0.25600 ms 
Time of (16)Component Parent, Reversals : 0.24400 ms 
Time of (10)Compress Graph : 0.07500 ms 
Time of (14)PR init : 0.01800 ms 
Time of (13)Get edges : 0.00400 ms 
Time of (11)Get compressed list : 0.00400 ms 
Time (total): 18.41400 ms 
--------------------------------------------------------
filename: wiki-topcats.txt
Nodes : 1791489
Edges : 25444207

------------------------------------------------------
Batch : 0

 Current edges 25444207
Deleted : 100
Time of (17)PR Shortcut : 3.246000 ms 
Time of (3)Edge Deletion : 2.57700 ms 
Time of (1)Get key rem collections : 1.80900 ms 
Time of (9)Hooking Shortcutting : 1.70700 ms 
Time of (18)PR Reverse Paths : 1.26700 ms 
Time of (6)Get key rem collections : 0.93800 ms 
Time of (5)Generate new edges : 0.79100 ms 
Time of (12)Transedges prefix : 0.72500 ms 
Time of (7)Convert to collection : 0.55200 ms 
Time of (2)Convert to collection : 0.55000 ms 
Time of (0)Extracting Roots : 0.53500 ms 
Time of (19)Reverse Edges and Connect Parent : 0.42700 ms 
Time of (4)Remove edges : 0.40500 ms 
Time of (8)Shortcut rep : 0.28000 ms 
Time of (15)PR Loop : 0.26700 ms 
Time of (16)Component Parent, Reversals : 0.24900 ms 
Time of (10)Compress Graph : 0.07300 ms 
Time of (14)PR init : 0.01500 ms 
Time of (13)Get edges : 0.00400 ms 
Time of (11)Get compressed list : 0.00400 ms 
Time (total): 16.42100 ms 
--------------------------------------------------------
filename: wiki-topcats.txt
Nodes : 1791489
Edges : 25444207

------------------------------------------------------
Batch : 0

 Current edges 25444207
Deleted : 100
Time of (9)Hooking Shortcutting : 3.434000 ms 
Time of (17)PR Shortcut : 3.26600 ms 
Time of (3)Edge Deletion : 2.58000 ms 
Time of (1)Get key rem collections : 1.81600 ms 
Time of (18)PR Reverse Paths : 1.28900 ms 
Time of (6)Get key rem collections : 0.94400 ms 
Time of (5)Generate new edges : 0.79200 ms 
Time of (12)Transedges prefix : 0.76600 ms 
Time of (7)Convert to collection : 0.55300 ms 
Time of (2)Convert to collection : 0.55000 ms 
Time of (0)Extracting Roots : 0.53900 ms 
Time of (4)Remove edges : 0.47800 ms 
Time of (19)Reverse Edges and Connect Parent : 0.43200 ms 
Time of (15)PR Loop : 0.40100 ms 
Time of (8)Shortcut rep : 0.29000 ms 
Time of (16)Component Parent, Reversals : 0.24600 ms 
Time of (10)Compress Graph : 0.07600 ms 
Time of (14)PR init : 0.01400 ms 
Time of (13)Get edges : 0.00400 ms 
Time of (11)Get compressed list : 0.00400 ms 
Time (total): 18.47400 ms 
--------------------------------------------------------
filename: wiki-topcats.txt
Nodes : 1791489
Edges : 25444207

------------------------------------------------------
Batch : 0

 Current edges 25444207
Deleted : 100
Time of (9)Hooking Shortcutting : 3.388000 ms 
Time of (17)PR Shortcut : 3.26700 ms 
Time of (3)Edge Deletion : 2.56100 ms 
Time of (1)Get key rem collections : 1.80700 ms 
Time of (18)PR Reverse Paths : 1.30400 ms 
Time of (6)Get key rem collections : 0.96400 ms 
Time of (5)Generate new edges : 0.79100 ms 
Time of (12)Transedges prefix : 0.73000 ms 
Time of (7)Convert to collection : 0.55400 ms 
Time of (2)Convert to collection : 0.55100 ms 
Time of (0)Extracting Roots : 0.54900 ms 
Time of (19)Reverse Edges and Connect Parent : 0.43600 ms 
Time of (4)Remove edges : 0.40700 ms 
Time of (15)PR Loop : 0.36600 ms 
Time of (16)Component Parent, Reversals : 0.25200 ms 
Time of (8)Shortcut rep : 0.24700 ms 
Time of (10)Compress Graph : 0.07200 ms 
Time of (14)PR init : 0.01400 ms 
Time of (13)Get edges : 0.00500 ms 
Time of (11)Get compressed list : 0.00400 ms 
Time (total): 18.26900 ms 
--------------------------------------------------------
filename: wiki-topcats.txt
Nodes : 1791489
Edges : 25444207

------------------------------------------------------
Batch : 0

 Current edges 25444207
Deleted : 1000
Time of (3)Edge Deletion : 3.514000 ms 
Time of (9)Hooking Shortcutting : 3.43500 ms 
Time of (17)PR Shortcut : 2.80300 ms 
Time of (1)Get key rem collections : 1.81000 ms 
Time of (18)PR Reverse Paths : 1.28300 ms 
Time of (6)Get key rem collections : 0.94900 ms 
Time of (5)Generate new edges : 0.79400 ms 
Time of (12)Transedges prefix : 0.78000 ms 
Time of (7)Convert to collection : 0.55300 ms 
Time of (2)Convert to collection : 0.54900 ms 
Time of (0)Extracting Roots : 0.54100 ms 
Time of (15)PR Loop : 0.50200 ms 
Time of (19)Reverse Edges and Connect Parent : 0.42600 ms 
Time of (4)Remove edges : 0.41300 ms 
Time of (8)Shortcut rep : 0.25500 ms 
Time of (16)Component Parent, Reversals : 0.24600 ms 
Time of (10)Compress Graph : 0.07400 ms 
Time of (14)PR init : 0.01300 ms 
Time of (13)Get edges : 0.00500 ms 
Time of (11)Get compressed list : 0.00400 ms 
Time (total): 18.94900 ms 
--------------------------------------------------------
filename: wiki-topcats.txt
Nodes : 1791489
Edges : 25444207

------------------------------------------------------
Batch : 0

 Current edges 25444207
Deleted : 1000
Time of (3)Edge Deletion : 3.501000 ms 
Time of (9)Hooking Shortcutting : 3.40200 ms 
Time of (17)PR Shortcut : 3.20800 ms 
Time of (1)Get key rem collections : 1.80700 ms 
Time of (18)PR Reverse Paths : 1.29400 ms 
Time of (6)Get key rem collections : 0.96900 ms 
Time of (5)Generate new edges : 0.79300 ms 
Time of (12)Transedges prefix : 0.73000 ms 
Time of (7)Convert to collection : 0.55400 ms 
Time of (2)Convert to collection : 0.55300 ms 
Time of (0)Extracting Roots : 0.53800 ms 
Time of (15)PR Loop : 0.46400 ms 
Time of (19)Reverse Edges and Connect Parent : 0.43000 ms 
Time of (4)Remove edges : 0.41300 ms 
Time of (16)Component Parent, Reversals : 0.24900 ms 
Time of (8)Shortcut rep : 0.24800 ms 
Time of (10)Compress Graph : 0.07100 ms 
Time of (14)PR init : 0.01400 ms 
Time of (13)Get edges : 0.00400 ms 
Time of (11)Get compressed list : 0.00400 ms 
Time (total): 19.24600 ms 
--------------------------------------------------------
filename: wiki-topcats.txt
Nodes : 1791489
Edges : 25444207

------------------------------------------------------
Batch : 0

 Current edges 25444207
Deleted : 1000
Time of (9)Hooking Shortcutting : 5.148000 ms 
Time of (17)PR Shortcut : 2.91200 ms 
Time of (3)Edge Deletion : 2.57200 ms 
Time of (1)Get key rem collections : 1.86100 ms 
Time of (18)PR Reverse Paths : 1.30200 ms 
Time of (6)Get key rem collections : 0.95400 ms 
Time of (12)Transedges prefix : 0.84600 ms 
Time of (5)Generate new edges : 0.79200 ms 
Time of (7)Convert to collection : 0.55300 ms 
Time of (2)Convert to collection : 0.54900 ms 
Time of (0)Extracting Roots : 0.54000 ms 
Time of (15)PR Loop : 0.48800 ms 
Time of (19)Reverse Edges and Connect Parent : 0.42800 ms 
Time of (4)Remove edges : 0.41300 ms 
Time of (8)Shortcut rep : 0.24200 ms 
Time of (16)Component Parent, Reversals : 0.23900 ms 
Time of (10)Compress Graph : 0.07500 ms 
Time of (14)PR init : 0.01400 ms 
Time of (13)Get edges : 0.00400 ms 
Time of (11)Get compressed list : 0.00400 ms 
Time (total): 19.93600 ms 
--------------------------------------------------------
filename: wiki-topcats.txt
Nodes : 1791489
Edges : 25444207

------------------------------------------------------
Batch : 0

 Current edges 25444207
Deleted : 1000
Time of (3)Edge Deletion : 3.501000 ms 
Time of (17)PR Shortcut : 3.20900 ms 
Time of (9)Hooking Shortcutting : 2.62400 ms 
Time of (1)Get key rem collections : 1.87800 ms 
Time of (18)PR Reverse Paths : 1.29500 ms 
Time of (6)Get key rem collections : 1.00700 ms 
Time of (5)Generate new edges : 0.79300 ms 
Time of (12)Transedges prefix : 0.72900 ms 
Time of (7)Convert to collection : 0.55300 ms 
Time of (2)Convert to collection : 0.55000 ms 
Time of (0)Extracting Roots : 0.53800 ms 
Time of (15)PR Loop : 0.46900 ms 
Time of (19)Reverse Edges and Connect Parent : 0.42800 ms 
Time of (4)Remove edges : 0.41000 ms 
Time of (8)Shortcut rep : 0.25100 ms 
Time of (16)Component Parent, Reversals : 0.24800 ms 
Time of (10)Compress Graph : 0.07500 ms 
Time of (14)PR init : 0.01500 ms 
Time of (13)Get edges : 0.00500 ms 
Time of (11)Get compressed list : 0.00400 ms 
Time (total): 18.58200 ms 
--------------------------------------------------------
filename: wiki-topcats.txt
Nodes : 1791489
Edges : 25444207

------------------------------------------------------
Batch : 0

 Current edges 25444207
Deleted : 1000
Time of (3)Edge Deletion : 3.505000 ms 
Time of (9)Hooking Shortcutting : 3.44000 ms 
Time of (17)PR Shortcut : 3.27500 ms 
Time of (1)Get key rem collections : 1.79600 ms 
Time of (18)PR Reverse Paths : 1.30200 ms 
Time of (6)Get key rem collections : 0.99100 ms 
Time of (5)Generate new edges : 0.79500 ms 
Time of (12)Transedges prefix : 0.76000 ms 
Time of (0)Extracting Roots : 0.55900 ms 
Time of (2)Convert to collection : 0.55300 ms 
Time of (7)Convert to collection : 0.55100 ms 
Time of (15)PR Loop : 0.53400 ms 
Time of (19)Reverse Edges and Connect Parent : 0.43000 ms 
Time of (4)Remove edges : 0.41700 ms 
Time of (16)Component Parent, Reversals : 0.26800 ms 
Time of (8)Shortcut rep : 0.25400 ms 
Time of (10)Compress Graph : 0.08000 ms 
Time of (14)PR init : 0.01500 ms 
Time of (13)Get edges : 0.00600 ms 
Time of (11)Get compressed list : 0.00600 ms 
Time (total): 19.53700 ms 
--------------------------------------------------------
