filename: arabic-2005.txt
Nodes : 22744080
Edges : 553903601

------------------------------------------------------
Deleted : 100000
Tree edges deleted : 1223
Non-tree edges deleted : 98777
Time of (12)Hooking Shortcutting : 37.025000 ms 
Time of (4)Multi component Euler tour internal  : 20.45900 ms 
Time of (5)Retrieving back first and last times  : 19.81600 ms 
Time of (9)Get key rem collections : 15.13300 ms 
Time of (1)Get key rem collections : 14.20200 ms 
Time of (8)Generate new edges : 13.49500 ms 
Time of (2)Convert to collection : 8.18700 ms 
Time of (10)Convert to collection : 8.08300 ms 
Time of (15)Transedges prefix : 7.79700 ms 
Time of (7)Remove edges : 6.58800 ms 
Time of (25)Reverse Edges and Connect Parent : 3.69200 ms 
Time of (6)Edge Deletion : 2.97600 ms 
Time of (11)Shortcut rep : 1.75900 ms 
Time of (23)List ranking : 0.99400 ms 
Time of (0)Extracting Roots : 0.72000 ms 
Time of (21)CSR creation : 0.63600 ms 
Time of (3)Processing for multi component Euler tour : 0.39800 ms 
Time of (13)Compress Graph : 0.35800 ms 
Time of (19)Thrust Sorting : 0.08900 ms 
Time of (20)Thrust gather : 0.04300 ms 
Time of (18)Functor : 0.01300 ms 
Time of (24)Component Parent, Reversals : 0.00900 ms 
Time of (22)Get Successor : 0.00600 ms 
Time of (14)Get compressed list : 0.00600 ms 
Time of (17)Component Parent, Reversals : 0.00500 ms 
Time of (16)Get edges : 0.00500 ms 
Time (total): 162.49400 ms 
--------------------------------------------------------
filename: arabic-2005.txt
Nodes : 22744080
Edges : 553903601

------------------------------------------------------
Deleted : 100000
Tree edges deleted : 1300
Non-tree edges deleted : 98700
Time of (12)Hooking Shortcutting : 36.968000 ms 
Time of (4)Multi component Euler tour internal  : 20.06100 ms 
Time of (5)Retrieving back first and last times  : 19.45800 ms 
Time of (9)Get key rem collections : 15.10500 ms 
Time of (1)Get key rem collections : 14.35400 ms 
Time of (8)Generate new edges : 13.11200 ms 
Time of (2)Convert to collection : 8.31800 ms 
Time of (10)Convert to collection : 8.20200 ms 
Time of (15)Transedges prefix : 7.66900 ms 
Time of (7)Remove edges : 6.83100 ms 
Time of (25)Reverse Edges and Connect Parent : 2.96500 ms 
Time of (6)Edge Deletion : 2.96400 ms 
Time of (11)Shortcut rep : 1.76000 ms 
Time of (23)List ranking : 0.99000 ms 
Time of (0)Extracting Roots : 0.71000 ms 
Time of (21)CSR creation : 0.66000 ms 
Time of (3)Processing for multi component Euler tour : 0.40500 ms 
Time of (13)Compress Graph : 0.29700 ms 
Time of (19)Thrust Sorting : 0.08600 ms 
Time of (20)Thrust gather : 0.04500 ms 
Time of (18)Functor : 0.01300 ms 
Time of (24)Component Parent, Reversals : 0.00800 ms 
Time of (14)Get compressed list : 0.00600 ms 
Time of (17)Component Parent, Reversals : 0.00500 ms 
Time of (22)Get Successor : 0.00400 ms 
Time of (16)Get edges : 0.00400 ms 
Time (total): 161.00000 ms 
--------------------------------------------------------
filename: arabic-2005.txt
Nodes : 22744080
Edges : 553903601

------------------------------------------------------
Deleted : 100000
Tree edges deleted : 1242
Non-tree edges deleted : 98758
Time of (12)Hooking Shortcutting : 37.022000 ms 
Time of (4)Multi component Euler tour internal  : 21.21000 ms 
Time of (5)Retrieving back first and last times  : 19.67600 ms 
Time of (9)Get key rem collections : 17.24500 ms 
Time of (1)Get key rem collections : 14.28200 ms 
Time of (8)Generate new edges : 13.06900 ms 
Time of (2)Convert to collection : 8.34100 ms 
Time of (10)Convert to collection : 8.08400 ms 
Time of (15)Transedges prefix : 7.72200 ms 
Time of (7)Remove edges : 6.87500 ms 
Time of (6)Edge Deletion : 2.96700 ms 
Time of (25)Reverse Edges and Connect Parent : 2.93000 ms 
Time of (11)Shortcut rep : 1.76400 ms 
Time of (23)List ranking : 1.00800 ms 
Time of (0)Extracting Roots : 0.66400 ms 
Time of (21)CSR creation : 0.63000 ms 
Time of (3)Processing for multi component Euler tour : 0.40500 ms 
Time of (13)Compress Graph : 0.29900 ms 
Time of (19)Thrust Sorting : 0.08500 ms 
Time of (20)Thrust gather : 0.04500 ms 
Time of (18)Functor : 0.01400 ms 
Time of (24)Component Parent, Reversals : 0.00800 ms 
Time of (16)Get edges : 0.00500 ms 
Time of (14)Get compressed list : 0.00500 ms 
Time of (22)Get Successor : 0.00400 ms 
Time of (17)Component Parent, Reversals : 0.00400 ms 
Time (total): 164.36300 ms 
--------------------------------------------------------
filename: arabic-2005.txt
Nodes : 22744080
Edges : 553903601

------------------------------------------------------
Deleted : 100000
Tree edges deleted : 1243
Non-tree edges deleted : 98757
Time of (12)Hooking Shortcutting : 37.326000 ms 
Time of (4)Multi component Euler tour internal  : 21.17300 ms 
Time of (5)Retrieving back first and last times  : 19.59000 ms 
Time of (9)Get key rem collections : 16.18100 ms 
Time of (1)Get key rem collections : 14.02800 ms 
Time of (8)Generate new edges : 13.34800 ms 
Time of (2)Convert to collection : 8.31800 ms 
Time of (10)Convert to collection : 8.07600 ms 
Time of (15)Transedges prefix : 7.65000 ms 
Time of (7)Remove edges : 6.82100 ms 
Time of (25)Reverse Edges and Connect Parent : 3.24700 ms 
Time of (6)Edge Deletion : 2.96400 ms 
Time of (11)Shortcut rep : 1.75400 ms 
Time of (23)List ranking : 0.99100 ms 
Time of (0)Extracting Roots : 0.72400 ms 
Time of (21)CSR creation : 0.64900 ms 
Time of (3)Processing for multi component Euler tour : 0.40600 ms 
Time of (13)Compress Graph : 0.30200 ms 
Time of (19)Thrust Sorting : 0.08600 ms 
Time of (20)Thrust gather : 0.04300 ms 
Time of (18)Functor : 0.01400 ms 
Time of (24)Component Parent, Reversals : 0.00800 ms 
Time of (14)Get compressed list : 0.00600 ms 
Time of (17)Component Parent, Reversals : 0.00500 ms 
Time of (16)Get edges : 0.00500 ms 
Time of (22)Get Successor : 0.00400 ms 
Time (total): 163.71900 ms 
--------------------------------------------------------
filename: arabic-2005.txt
Nodes : 22744080
Edges : 553903601

------------------------------------------------------
Deleted : 100000
Tree edges deleted : 1232
Non-tree edges deleted : 98768
Time of (12)Hooking Shortcutting : 55.696000 ms 
Time of (4)Multi component Euler tour internal  : 23.68900 ms 
Time of (5)Retrieving back first and last times  : 18.78100 ms 
Time of (9)Get key rem collections : 15.04500 ms 
Time of (1)Get key rem collections : 13.94900 ms 
Time of (8)Generate new edges : 13.05700 ms 
Time of (2)Convert to collection : 8.13500 ms 
Time of (10)Convert to collection : 8.08000 ms 
Time of (15)Transedges prefix : 7.71200 ms 
Time of (7)Remove edges : 6.82400 ms 
Time of (6)Edge Deletion : 3.98500 ms 
Time of (25)Reverse Edges and Connect Parent : 3.82500 ms 
Time of (11)Shortcut rep : 1.76100 ms 
Time of (23)List ranking : 1.00900 ms 
Time of (0)Extracting Roots : 0.71200 ms 
Time of (21)CSR creation : 0.64100 ms 
Time of (3)Processing for multi component Euler tour : 0.39100 ms 
Time of (13)Compress Graph : 0.32700 ms 
Time of (19)Thrust Sorting : 0.08700 ms 
Time of (20)Thrust gather : 0.04500 ms 
Time of (18)Functor : 0.01600 ms 
Time of (24)Component Parent, Reversals : 0.01000 ms 
Time of (22)Get Successor : 0.00700 ms 
Time of (17)Component Parent, Reversals : 0.00600 ms 
Time of (16)Get edges : 0.00600 ms 
Time of (14)Get compressed list : 0.00600 ms 
Time (total): 183.80200 ms 
--------------------------------------------------------
filename: arabic-2005.txt
Nodes : 22744080
Edges : 553903601

------------------------------------------------------
Deleted : 10000
Tree edges deleted : 126
Non-tree edges deleted : 9874
Time of (12)Hooking Shortcutting : 37.010000 ms 
Time of (4)Multi component Euler tour internal  : 21.01900 ms 
Time of (5)Retrieving back first and last times  : 19.94800 ms 
Time of (9)Get key rem collections : 15.36600 ms 
Time of (1)Get key rem collections : 14.34400 ms 
Time of (8)Generate new edges : 13.04500 ms 
Time of (2)Convert to collection : 8.22000 ms 
Time of (10)Convert to collection : 8.08400 ms 
Time of (15)Transedges prefix : 7.58400 ms 
Time of (7)Remove edges : 6.74100 ms 
Time of (25)Reverse Edges and Connect Parent : 3.58500 ms 
Time of (6)Edge Deletion : 3.40000 ms 
Time of (11)Shortcut rep : 1.75600 ms 
Time of (23)List ranking : 0.67600 ms 
Time of (0)Extracting Roots : 0.66400 ms 
Time of (21)CSR creation : 0.63700 ms 
Time of (3)Processing for multi component Euler tour : 0.39900 ms 
Time of (13)Compress Graph : 0.28200 ms 
Time of (19)Thrust Sorting : 0.08200 ms 
Time of (20)Thrust gather : 0.04200 ms 
Time of (18)Functor : 0.01200 ms 
Time of (24)Component Parent, Reversals : 0.00800 ms 
Time of (17)Component Parent, Reversals : 0.00800 ms 
Time of (14)Get compressed list : 0.00600 ms 
Time of (22)Get Successor : 0.00400 ms 
Time of (16)Get edges : 0.00400 ms 
Time (total): 162.92600 ms 
--------------------------------------------------------
filename: arabic-2005.txt
Nodes : 22744080
Edges : 553903601

------------------------------------------------------
Deleted : 10000
Tree edges deleted : 142
Non-tree edges deleted : 9858
Time of (12)Hooking Shortcutting : 36.972000 ms 
Time of (5)Retrieving back first and last times  : 21.15900 ms 
Time of (4)Multi component Euler tour internal  : 20.73100 ms 
Time of (9)Get key rem collections : 15.11400 ms 
Time of (1)Get key rem collections : 13.86100 ms 
Time of (8)Generate new edges : 13.04400 ms 
Time of (2)Convert to collection : 8.18700 ms 
Time of (10)Convert to collection : 8.08000 ms 
Time of (15)Transedges prefix : 7.69800 ms 
Time of (7)Remove edges : 6.64800 ms 
Time of (6)Edge Deletion : 3.39800 ms 
Time of (25)Reverse Edges and Connect Parent : 3.14400 ms 
Time of (11)Shortcut rep : 1.77200 ms 
Time of (0)Extracting Roots : 0.79100 ms 
Time of (23)List ranking : 0.75100 ms 
Time of (21)CSR creation : 0.63900 ms 
Time of (3)Processing for multi component Euler tour : 0.39700 ms 
Time of (13)Compress Graph : 0.28200 ms 
Time of (19)Thrust Sorting : 0.08400 ms 
Time of (20)Thrust gather : 0.04500 ms 
Time of (18)Functor : 0.01100 ms 
Time of (24)Component Parent, Reversals : 0.01000 ms 
Time of (17)Component Parent, Reversals : 0.00800 ms 
Time of (14)Get compressed list : 0.00800 ms 
Time of (16)Get edges : 0.00700 ms 
Time of (22)Get Successor : 0.00600 ms 
Time (total): 162.84700 ms 
--------------------------------------------------------
filename: arabic-2005.txt
Nodes : 22744080
Edges : 553903601

------------------------------------------------------
Deleted : 10000
Tree edges deleted : 120
Non-tree edges deleted : 9880
Time of (12)Hooking Shortcutting : 37.004000 ms 
Time of (4)Multi component Euler tour internal  : 21.52400 ms 
Time of (5)Retrieving back first and last times  : 21.31500 ms 
Time of (9)Get key rem collections : 14.93900 ms 
Time of (1)Get key rem collections : 14.28100 ms 
Time of (8)Generate new edges : 13.38300 ms 
Time of (2)Convert to collection : 8.39300 ms 
Time of (10)Convert to collection : 8.08100 ms 
Time of (7)Remove edges : 8.04400 ms 
Time of (15)Transedges prefix : 7.83700 ms 
Time of (25)Reverse Edges and Connect Parent : 3.74900 ms 
Time of (6)Edge Deletion : 3.37100 ms 
Time of (11)Shortcut rep : 1.75700 ms 
Time of (0)Extracting Roots : 0.67400 ms 
Time of (23)List ranking : 0.67300 ms 
Time of (21)CSR creation : 0.63000 ms 
Time of (3)Processing for multi component Euler tour : 0.41000 ms 
Time of (13)Compress Graph : 0.27700 ms 
Time of (19)Thrust Sorting : 0.08200 ms 
Time of (20)Thrust gather : 0.04000 ms 
Time of (18)Functor : 0.01200 ms 
Time of (24)Component Parent, Reversals : 0.00800 ms 
Time of (14)Get compressed list : 0.00600 ms 
Time of (17)Component Parent, Reversals : 0.00500 ms 
Time of (16)Get edges : 0.00500 ms 
Time of (22)Get Successor : 0.00400 ms 
Time (total): 166.50400 ms 
--------------------------------------------------------
filename: arabic-2005.txt
Nodes : 22744080
Edges : 553903601

------------------------------------------------------
Deleted : 10000
Tree edges deleted : 158
Non-tree edges deleted : 9842
Time of (12)Hooking Shortcutting : 36.967000 ms 
Time of (4)Multi component Euler tour internal  : 20.56900 ms 
Time of (5)Retrieving back first and last times  : 18.10700 ms 
Time of (9)Get key rem collections : 15.63500 ms 
Time of (1)Get key rem collections : 13.98300 ms 
Time of (8)Generate new edges : 13.05100 ms 
Time of (2)Convert to collection : 8.14500 ms 
Time of (10)Convert to collection : 8.08100 ms 
Time of (15)Transedges prefix : 7.29800 ms 
Time of (7)Remove edges : 6.63700 ms 
Time of (6)Edge Deletion : 3.41900 ms 
Time of (25)Reverse Edges and Connect Parent : 3.20600 ms 
Time of (11)Shortcut rep : 1.75700 ms 
Time of (23)List ranking : 0.74600 ms 
Time of (21)CSR creation : 0.65400 ms 
Time of (0)Extracting Roots : 0.64600 ms 
Time of (3)Processing for multi component Euler tour : 0.39300 ms 
Time of (13)Compress Graph : 0.27800 ms 
Time of (19)Thrust Sorting : 0.08700 ms 
Time of (20)Thrust gather : 0.04200 ms 
Time of (18)Functor : 0.01500 ms 
Time of (24)Component Parent, Reversals : 0.00800 ms 
Time of (14)Get compressed list : 0.00600 ms 
Time of (16)Get edges : 0.00500 ms 
Time of (22)Get Successor : 0.00400 ms 
Time of (17)Component Parent, Reversals : 0.00400 ms 
Time (total): 159.74300 ms 
--------------------------------------------------------
filename: arabic-2005.txt
Nodes : 22744080
Edges : 553903601

------------------------------------------------------
Deleted : 10000
Tree edges deleted : 142
Non-tree edges deleted : 9858
Time of (12)Hooking Shortcutting : 38.640000 ms 
Time of (4)Multi component Euler tour internal  : 21.78000 ms 
Time of (5)Retrieving back first and last times  : 20.14200 ms 
Time of (1)Get key rem collections : 14.44900 ms 
Time of (9)Get key rem collections : 13.95900 ms 
Time of (8)Generate new edges : 13.43700 ms 
Time of (2)Convert to collection : 8.42000 ms 
Time of (10)Convert to collection : 8.08600 ms 
Time of (7)Remove edges : 8.02800 ms 
Time of (15)Transedges prefix : 7.83700 ms 
Time of (25)Reverse Edges and Connect Parent : 2.94900 ms 
Time of (6)Edge Deletion : 2.90100 ms 
Time of (11)Shortcut rep : 1.76600 ms 
Time of (23)List ranking : 0.75600 ms 
Time of (0)Extracting Roots : 0.72500 ms 
Time of (21)CSR creation : 0.63900 ms 
Time of (3)Processing for multi component Euler tour : 0.41300 ms 
Time of (13)Compress Graph : 0.29300 ms 
Time of (19)Thrust Sorting : 0.08400 ms 
Time of (20)Thrust gather : 0.04300 ms 
Time of (18)Functor : 0.01300 ms 
Time of (24)Component Parent, Reversals : 0.01000 ms 
Time of (14)Get compressed list : 0.00800 ms 
Time of (22)Get Successor : 0.00600 ms 
Time of (17)Component Parent, Reversals : 0.00600 ms 
Time of (16)Get edges : 0.00600 ms 
Time (total): 165.39600 ms 
--------------------------------------------------------
filename: arabic-2005.txt
Nodes : 22744080
Edges : 553903601

------------------------------------------------------
Deleted : 100
Tree edges deleted : 1
Non-tree edges deleted : 99
Time of (4)Multi component Euler tour internal  : 19.485000 ms 
Time of (12)Hooking Shortcutting : 18.45700 ms 
Time of (5)Retrieving back first and last times  : 17.78100 ms 
Time of (9)Get key rem collections : 15.05600 ms 
Time of (1)Get key rem collections : 14.45500 ms 
Time of (8)Generate new edges : 13.04800 ms 
Time of (15)Transedges prefix : 8.76200 ms 
Time of (2)Convert to collection : 8.34900 ms 
Time of (10)Convert to collection : 8.10700 ms 
Time of (7)Remove edges : 6.84200 ms 
Time of (25)Reverse Edges and Connect Parent : 3.27600 ms 
Time of (6)Edge Deletion : 2.72000 ms 
Time of (11)Shortcut rep : 1.76100 ms 
Time of (0)Extracting Roots : 0.68500 ms 
Time of (21)CSR creation : 0.64600 ms 
Time of (3)Processing for multi component Euler tour : 0.40700 ms 
Time of (13)Compress Graph : 0.27800 ms 
Time of (23)List ranking : 0.16400 ms 
Time of (19)Thrust Sorting : 0.07200 ms 
Time of (20)Thrust gather : 0.04200 ms 
Time of (18)Functor : 0.01200 ms 
Time of (24)Component Parent, Reversals : 0.00800 ms 
Time of (17)Component Parent, Reversals : 0.00500 ms 
Time of (16)Get edges : 0.00500 ms 
Time of (14)Get compressed list : 0.00500 ms 
Time of (22)Get Successor : 0.00400 ms 
Time (total): 140.43200 ms 
--------------------------------------------------------
filename: arabic-2005.txt
Nodes : 22744080
Edges : 553903601

------------------------------------------------------
Deleted : 100
Tree edges deleted : 1
Non-tree edges deleted : 99
Time of (4)Multi component Euler tour internal  : 20.790000 ms 
Time of (5)Retrieving back first and last times  : 19.31100 ms 
Time of (12)Hooking Shortcutting : 18.46600 ms 
Time of (9)Get key rem collections : 15.07900 ms 
Time of (1)Get key rem collections : 14.37900 ms 
Time of (8)Generate new edges : 13.05500 ms 
Time of (15)Transedges prefix : 8.78400 ms 
Time of (2)Convert to collection : 8.41500 ms 
Time of (10)Convert to collection : 8.08200 ms 
Time of (7)Remove edges : 6.75600 ms 
Time of (25)Reverse Edges and Connect Parent : 3.32300 ms 
Time of (6)Edge Deletion : 2.70600 ms 
Time of (11)Shortcut rep : 1.76500 ms 
Time of (0)Extracting Roots : 0.70200 ms 
Time of (21)CSR creation : 0.62800 ms 
Time of (3)Processing for multi component Euler tour : 0.41500 ms 
Time of (13)Compress Graph : 0.32600 ms 
Time of (23)List ranking : 0.16100 ms 
Time of (19)Thrust Sorting : 0.07200 ms 
Time of (20)Thrust gather : 0.04200 ms 
Time of (18)Functor : 0.01200 ms 
Time of (24)Component Parent, Reversals : 0.00800 ms 
Time of (14)Get compressed list : 0.00600 ms 
Time of (22)Get Successor : 0.00500 ms 
Time of (17)Component Parent, Reversals : 0.00500 ms 
Time of (16)Get edges : 0.00500 ms 
Time (total): 143.29800 ms 
--------------------------------------------------------
filename: arabic-2005.txt
Nodes : 22744080
Edges : 553903601

------------------------------------------------------
Deleted : 100
Tree edges deleted : 1
Non-tree edges deleted : 99
Time of (4)Multi component Euler tour internal  : 21.861000 ms 
Time of (5)Retrieving back first and last times  : 21.00000 ms 
Time of (12)Hooking Shortcutting : 18.45900 ms 
Time of (9)Get key rem collections : 16.54600 ms 
Time of (1)Get key rem collections : 14.57500 ms 
Time of (8)Generate new edges : 13.53800 ms 
Time of (10)Convert to collection : 8.64300 ms 
Time of (2)Convert to collection : 8.52100 ms 
Time of (7)Remove edges : 8.45000 ms 
Time of (15)Transedges prefix : 7.68700 ms 
Time of (6)Edge Deletion : 3.52000 ms 
Time of (25)Reverse Edges and Connect Parent : 3.34800 ms 
Time of (11)Shortcut rep : 1.75600 ms 
Time of (0)Extracting Roots : 0.66300 ms 
Time of (21)CSR creation : 0.63000 ms 
Time of (3)Processing for multi component Euler tour : 0.42300 ms 
Time of (13)Compress Graph : 0.27600 ms 
Time of (23)List ranking : 0.16100 ms 
Time of (19)Thrust Sorting : 0.07300 ms 
Time of (20)Thrust gather : 0.04200 ms 
Time of (18)Functor : 0.01100 ms 
Time of (24)Component Parent, Reversals : 0.00800 ms 
Time of (14)Get compressed list : 0.00600 ms 
Time of (17)Component Parent, Reversals : 0.00500 ms 
Time of (22)Get Successor : 0.00400 ms 
Time of (16)Get edges : 0.00400 ms 
Time (total): 150.21000 ms 
--------------------------------------------------------
filename: arabic-2005.txt
Nodes : 22744080
Edges : 553903601

------------------------------------------------------
Deleted : 100
Tree edges deleted : 4
Non-tree edges deleted : 96
Time of (12)Hooking Shortcutting : 36.879000 ms 
Time of (4)Multi component Euler tour internal  : 21.53000 ms 
Time of (5)Retrieving back first and last times  : 19.94000 ms 
Time of (1)Get key rem collections : 14.25600 ms 
Time of (9)Get key rem collections : 14.08400 ms 
Time of (8)Generate new edges : 13.05100 ms 
Time of (15)Transedges prefix : 8.76700 ms 
Time of (7)Remove edges : 8.46000 ms 
Time of (2)Convert to collection : 8.36900 ms 
Time of (10)Convert to collection : 8.08200 ms 
Time of (25)Reverse Edges and Connect Parent : 3.74300 ms 
Time of (6)Edge Deletion : 2.63400 ms 
Time of (11)Shortcut rep : 1.76000 ms 
Time of (0)Extracting Roots : 0.71000 ms 
Time of (21)CSR creation : 0.63400 ms 
Time of (3)Processing for multi component Euler tour : 0.41100 ms 
Time of (13)Compress Graph : 0.34700 ms 
Time of (23)List ranking : 0.31000 ms 
Time of (19)Thrust Sorting : 0.07200 ms 
Time of (20)Thrust gather : 0.04100 ms 
Time of (18)Functor : 0.01200 ms 
Time of (24)Component Parent, Reversals : 0.00800 ms 
Time of (16)Get edges : 0.00500 ms 
Time of (14)Get compressed list : 0.00500 ms 
Time of (22)Get Successor : 0.00400 ms 
Time of (17)Component Parent, Reversals : 0.00400 ms 
Time (total): 164.11800 ms 
--------------------------------------------------------
filename: arabic-2005.txt
Nodes : 22744080
Edges : 553903601

------------------------------------------------------
Deleted : 100
Tree edges deleted : 1
Non-tree edges deleted : 99
Time of (4)Multi component Euler tour internal  : 19.569000 ms 
Time of (5)Retrieving back first and last times  : 18.65900 ms 
Time of (12)Hooking Shortcutting : 18.44200 ms 
Time of (9)Get key rem collections : 16.14200 ms 
Time of (1)Get key rem collections : 13.57800 ms 
Time of (8)Generate new edges : 13.05700 ms 
Time of (15)Transedges prefix : 8.72200 ms 
Time of (10)Convert to collection : 8.08100 ms 
Time of (2)Convert to collection : 7.93400 ms 
Time of (7)Remove edges : 6.68500 ms 
Time of (25)Reverse Edges and Connect Parent : 3.32300 ms 
Time of (6)Edge Deletion : 2.71700 ms 
Time of (11)Shortcut rep : 1.75300 ms 
Time of (0)Extracting Roots : 0.66600 ms 
Time of (21)CSR creation : 0.64400 ms 
Time of (3)Processing for multi component Euler tour : 0.37400 ms 
Time of (13)Compress Graph : 0.28000 ms 
Time of (23)List ranking : 0.16200 ms 
Time of (19)Thrust Sorting : 0.07400 ms 
Time of (20)Thrust gather : 0.04200 ms 
Time of (18)Functor : 0.01100 ms 
Time of (24)Component Parent, Reversals : 0.00800 ms 
Time of (16)Get edges : 0.00500 ms 
Time of (14)Get compressed list : 0.00500 ms 
Time of (22)Get Successor : 0.00400 ms 
Time of (17)Component Parent, Reversals : 0.00400 ms 
Time (total): 140.94100 ms 
--------------------------------------------------------
filename: arabic-2005.txt
Nodes : 22744080
Edges : 553903601

------------------------------------------------------
Deleted : 1000
Tree edges deleted : 14
Non-tree edges deleted : 986
Time of (12)Hooking Shortcutting : 37.014000 ms 
Time of (4)Multi component Euler tour internal  : 21.30700 ms 
Time of (5)Retrieving back first and last times  : 18.09500 ms 
Time of (9)Get key rem collections : 15.24400 ms 
Time of (1)Get key rem collections : 14.18100 ms 
Time of (8)Generate new edges : 12.96200 ms 
Time of (2)Convert to collection : 8.26100 ms 
Time of (10)Convert to collection : 8.07500 ms 
Time of (15)Transedges prefix : 7.79800 ms 
Time of (7)Remove edges : 6.71000 ms 
Time of (25)Reverse Edges and Connect Parent : 3.39800 ms 
Time of (6)Edge Deletion : 2.57000 ms 
Time of (11)Shortcut rep : 1.76100 ms 
Time of (0)Extracting Roots : 0.65100 ms 
Time of (21)CSR creation : 0.62800 ms 
Time of (23)List ranking : 0.44700 ms 
Time of (3)Processing for multi component Euler tour : 0.40200 ms 
Time of (13)Compress Graph : 0.28100 ms 
Time of (19)Thrust Sorting : 0.07600 ms 
Time of (20)Thrust gather : 0.04100 ms 
Time of (18)Functor : 0.01200 ms 
Time of (24)Component Parent, Reversals : 0.00800 ms 
Time of (14)Get compressed list : 0.00600 ms 
Time of (22)Get Successor : 0.00500 ms 
Time of (17)Component Parent, Reversals : 0.00500 ms 
Time of (16)Get edges : 0.00500 ms 
Time (total): 159.94300 ms 
--------------------------------------------------------
filename: arabic-2005.txt
Nodes : 22744080
Edges : 553903601

------------------------------------------------------
Deleted : 1000
Tree edges deleted : 13
Non-tree edges deleted : 987
Time of (12)Hooking Shortcutting : 36.830000 ms 
Time of (5)Retrieving back first and last times  : 20.79600 ms 
Time of (4)Multi component Euler tour internal  : 19.47600 ms 
Time of (9)Get key rem collections : 16.25300 ms 
Time of (1)Get key rem collections : 13.37900 ms 
Time of (8)Generate new edges : 13.04600 ms 
Time of (10)Convert to collection : 8.11200 ms 
Time of (2)Convert to collection : 7.93600 ms 
Time of (15)Transedges prefix : 7.70700 ms 
Time of (7)Remove edges : 6.68300 ms 
Time of (6)Edge Deletion : 3.59100 ms 
Time of (25)Reverse Edges and Connect Parent : 3.55300 ms 
Time of (11)Shortcut rep : 1.76000 ms 
Time of (0)Extracting Roots : 0.64500 ms 
Time of (21)CSR creation : 0.64100 ms 
Time of (23)List ranking : 0.45500 ms 
Time of (3)Processing for multi component Euler tour : 0.37300 ms 
Time of (13)Compress Graph : 0.28200 ms 
Time of (19)Thrust Sorting : 0.07900 ms 
Time of (20)Thrust gather : 0.04100 ms 
Time of (18)Functor : 0.01200 ms 
Time of (24)Component Parent, Reversals : 0.00900 ms 
Time of (17)Component Parent, Reversals : 0.00500 ms 
Time of (16)Get edges : 0.00500 ms 
Time of (14)Get compressed list : 0.00500 ms 
Time of (22)Get Successor : 0.00400 ms 
Time (total): 161.67800 ms 
--------------------------------------------------------
filename: arabic-2005.txt
Nodes : 22744080
Edges : 553903601

------------------------------------------------------
Deleted : 1000
Tree edges deleted : 14
Non-tree edges deleted : 986
Time of (12)Hooking Shortcutting : 36.953000 ms 
Time of (4)Multi component Euler tour internal  : 20.69400 ms 
Time of (5)Retrieving back first and last times  : 18.06600 ms 
Time of (9)Get key rem collections : 16.38600 ms 
Time of (1)Get key rem collections : 14.14900 ms 
Time of (8)Generate new edges : 13.04900 ms 
Time of (2)Convert to collection : 8.26800 ms 
Time of (10)Convert to collection : 8.07600 ms 
Time of (15)Transedges prefix : 7.76400 ms 
Time of (7)Remove edges : 6.70800 ms 
Time of (6)Edge Deletion : 5.71500 ms 
Time of (25)Reverse Edges and Connect Parent : 3.41500 ms 
Time of (11)Shortcut rep : 1.75700 ms 
Time of (0)Extracting Roots : 0.64900 ms 
Time of (21)CSR creation : 0.63800 ms 
Time of (23)List ranking : 0.44900 ms 
Time of (3)Processing for multi component Euler tour : 0.40100 ms 
Time of (13)Compress Graph : 0.29600 ms 
Time of (19)Thrust Sorting : 0.07900 ms 
Time of (20)Thrust gather : 0.04100 ms 
Time of (18)Functor : 0.01100 ms 
Time of (24)Component Parent, Reversals : 0.00800 ms 
Time of (22)Get Successor : 0.00500 ms 
Time of (17)Component Parent, Reversals : 0.00500 ms 
Time of (14)Get compressed list : 0.00500 ms 
Time of (16)Get edges : 0.00400 ms 
Time (total): 163.59100 ms 
--------------------------------------------------------
filename: arabic-2005.txt
Nodes : 22744080
Edges : 553903601

------------------------------------------------------
Deleted : 1000
Tree edges deleted : 17
Non-tree edges deleted : 983
Time of (12)Hooking Shortcutting : 37.012000 ms 
Time of (4)Multi component Euler tour internal  : 19.12700 ms 
Time of (5)Retrieving back first and last times  : 18.57200 ms 
Time of (9)Get key rem collections : 16.08700 ms 
Time of (1)Get key rem collections : 13.27900 ms 
Time of (8)Generate new edges : 13.05200 ms 
Time of (10)Convert to collection : 8.08900 ms 
Time of (2)Convert to collection : 7.93600 ms 
Time of (15)Transedges prefix : 7.84000 ms 
Time of (7)Remove edges : 6.76500 ms 
Time of (25)Reverse Edges and Connect Parent : 2.90000 ms 
Time of (6)Edge Deletion : 2.55700 ms 
Time of (11)Shortcut rep : 1.76800 ms 
Time of (0)Extracting Roots : 0.65800 ms 
Time of (21)CSR creation : 0.63800 ms 
Time of (23)List ranking : 0.52300 ms 
Time of (3)Processing for multi component Euler tour : 0.37300 ms 
Time of (13)Compress Graph : 0.28700 ms 
Time of (19)Thrust Sorting : 0.07700 ms 
Time of (20)Thrust gather : 0.04000 ms 
Time of (18)Functor : 0.01100 ms 
Time of (24)Component Parent, Reversals : 0.00800 ms 
Time of (17)Component Parent, Reversals : 0.00500 ms 
Time of (16)Get edges : 0.00500 ms 
Time of (14)Get compressed list : 0.00500 ms 
Time of (22)Get Successor : 0.00400 ms 
Time (total): 157.61800 ms 
--------------------------------------------------------
filename: arabic-2005.txt
Nodes : 22744080
Edges : 553903601

------------------------------------------------------
Deleted : 1000
Tree edges deleted : 14
Non-tree edges deleted : 986
Time of (12)Hooking Shortcutting : 37.036000 ms 
Time of (5)Retrieving back first and last times  : 20.91900 ms 
Time of (4)Multi component Euler tour internal  : 19.48800 ms 
Time of (9)Get key rem collections : 16.31800 ms 
Time of (1)Get key rem collections : 13.42300 ms 
Time of (8)Generate new edges : 13.04700 ms 
Time of (10)Convert to collection : 8.08700 ms 
Time of (2)Convert to collection : 7.93600 ms 
Time of (15)Transedges prefix : 7.88500 ms 
Time of (7)Remove edges : 6.79100 ms 
Time of (6)Edge Deletion : 3.60900 ms 
Time of (25)Reverse Edges and Connect Parent : 3.14700 ms 
Time of (11)Shortcut rep : 1.76700 ms 
Time of (0)Extracting Roots : 0.69500 ms 
Time of (21)CSR creation : 0.63700 ms 
Time of (23)List ranking : 0.48400 ms 
Time of (3)Processing for multi component Euler tour : 0.37400 ms 
Time of (13)Compress Graph : 0.29000 ms 
Time of (19)Thrust Sorting : 0.08000 ms 
Time of (20)Thrust gather : 0.04300 ms 
Time of (18)Functor : 0.01200 ms 
Time of (24)Component Parent, Reversals : 0.01000 ms 
Time of (14)Get compressed list : 0.00900 ms 
Time of (17)Component Parent, Reversals : 0.00600 ms 
Time of (16)Get edges : 0.00600 ms 
Time of (22)Get Successor : 0.00500 ms 
Time (total): 162.10400 ms 
--------------------------------------------------------
