filename: coPapersDBLP.txt
Nodes : 540486
Edges : 15245729

------------------------------------------------------
Deleted : 100000
Tree edges deleted : 2284
Non-tree edges deleted : 97716
Time of (12)Hooking Shortcutting : 4.877000 ms 
Time of (6)Edge Deletion : 2.31700 ms 
Time of (1)Get key rem collections : 1.38800 ms 
Time of (23)List ranking : 1.29500 ms 
Time of (4)Multi component Euler tour internal  : 1.14300 ms 
Time of (21)CSR creation : 0.65200 ms 
Time of (9)Get key rem collections : 0.58600 ms 
Time of (0)Extracting Roots : 0.53100 ms 
Time of (5)Retrieving back first and last times  : 0.50900 ms 
Time of (8)Generate new edges : 0.49600 ms 
Time of (25)Reverse Edges and Connect Parent : 0.42600 ms 
Time of (2)Convert to collection : 0.35500 ms 
Time of (10)Convert to collection : 0.35000 ms 
Time of (15)Transedges prefix : 0.28300 ms 
Time of (7)Remove edges : 0.28100 ms 
Time of (11)Shortcut rep : 0.19300 ms 
Time of (19)Thrust Sorting : 0.16100 ms 
Time of (13)Compress Graph : 0.06400 ms 
Time of (20)Thrust gather : 0.05600 ms 
Time of (3)Processing for multi component Euler tour : 0.03800 ms 
Time of (18)Functor : 0.01800 ms 
Time of (24)Component Parent, Reversals : 0.00900 ms 
Time of (22)Get Successor : 0.00500 ms 
Time of (17)Component Parent, Reversals : 0.00500 ms 
Time of (16)Get edges : 0.00500 ms 
Time of (14)Get compressed list : 0.00400 ms 
Time (total): 16.04700 ms 
--------------------------------------------------------
filename: coPapersDBLP.txt
Nodes : 540486
Edges : 15245729

------------------------------------------------------
Deleted : 100000
Tree edges deleted : 2263
Non-tree edges deleted : 97737
Time of (12)Hooking Shortcutting : 3.348000 ms 
Time of (6)Edge Deletion : 2.62700 ms 
Time of (1)Get key rem collections : 1.35200 ms 
Time of (25)Reverse Edges and Connect Parent : 1.33000 ms 
Time of (23)List ranking : 1.29000 ms 
Time of (4)Multi component Euler tour internal  : 1.08200 ms 
Time of (21)CSR creation : 0.64600 ms 
Time of (9)Get key rem collections : 0.60700 ms 
Time of (5)Retrieving back first and last times  : 0.52100 ms 
Time of (0)Extracting Roots : 0.52000 ms 
Time of (8)Generate new edges : 0.49700 ms 
Time of (2)Convert to collection : 0.35800 ms 
Time of (10)Convert to collection : 0.35100 ms 
Time of (7)Remove edges : 0.28800 ms 
Time of (15)Transedges prefix : 0.27500 ms 
Time of (11)Shortcut rep : 0.19400 ms 
Time of (19)Thrust Sorting : 0.16300 ms 
Time of (13)Compress Graph : 0.05900 ms 
Time of (20)Thrust gather : 0.05500 ms 
Time of (3)Processing for multi component Euler tour : 0.03800 ms 
Time of (18)Functor : 0.01700 ms 
Time of (24)Component Parent, Reversals : 0.00800 ms 
Time of (17)Component Parent, Reversals : 0.00500 ms 
Time of (16)Get edges : 0.00500 ms 
Time of (14)Get compressed list : 0.00500 ms 
Time of (22)Get Successor : 0.00400 ms 
Time (total): 15.64500 ms 
--------------------------------------------------------
filename: coPapersDBLP.txt
Nodes : 540486
Edges : 15245729

------------------------------------------------------
Deleted : 100000
Tree edges deleted : 2288
Non-tree edges deleted : 97712
Time of (12)Hooking Shortcutting : 3.885000 ms 
Time of (6)Edge Deletion : 2.66900 ms 
Time of (1)Get key rem collections : 1.39400 ms 
Time of (23)List ranking : 1.29100 ms 
Time of (4)Multi component Euler tour internal  : 1.09400 ms 
Time of (21)CSR creation : 0.64400 ms 
Time of (9)Get key rem collections : 0.54600 ms 
Time of (0)Extracting Roots : 0.54100 ms 
Time of (8)Generate new edges : 0.49800 ms 
Time of (5)Retrieving back first and last times  : 0.48000 ms 
Time of (25)Reverse Edges and Connect Parent : 0.43500 ms 
Time of (2)Convert to collection : 0.35800 ms 
Time of (10)Convert to collection : 0.35100 ms 
Time of (7)Remove edges : 0.31400 ms 
Time of (15)Transedges prefix : 0.27900 ms 
Time of (11)Shortcut rep : 0.19400 ms 
Time of (19)Thrust Sorting : 0.16600 ms 
Time of (13)Compress Graph : 0.06200 ms 
Time of (20)Thrust gather : 0.05600 ms 
Time of (3)Processing for multi component Euler tour : 0.04000 ms 
Time of (18)Functor : 0.01900 ms 
Time of (24)Component Parent, Reversals : 0.01000 ms 
Time of (22)Get Successor : 0.00600 ms 
Time of (17)Component Parent, Reversals : 0.00600 ms 
Time of (16)Get edges : 0.00600 ms 
Time of (14)Get compressed list : 0.00500 ms 
Time (total): 15.34900 ms 
--------------------------------------------------------
filename: coPapersDBLP.txt
Nodes : 540486
Edges : 15245729

------------------------------------------------------
Deleted : 100000
Tree edges deleted : 2230
Non-tree edges deleted : 97770
Time of (12)Hooking Shortcutting : 5.745000 ms 
Time of (6)Edge Deletion : 2.65700 ms 
Time of (1)Get key rem collections : 1.33600 ms 
Time of (23)List ranking : 1.31400 ms 
Time of (4)Multi component Euler tour internal  : 1.07800 ms 
Time of (21)CSR creation : 0.63300 ms 
Time of (9)Get key rem collections : 0.55000 ms 
Time of (0)Extracting Roots : 0.53000 ms 
Time of (8)Generate new edges : 0.50100 ms 
Time of (5)Retrieving back first and last times  : 0.48300 ms 
Time of (25)Reverse Edges and Connect Parent : 0.45700 ms 
Time of (2)Convert to collection : 0.35800 ms 
Time of (10)Convert to collection : 0.35200 ms 
Time of (7)Remove edges : 0.28500 ms 
Time of (15)Transedges prefix : 0.28200 ms 
Time of (11)Shortcut rep : 0.20000 ms 
Time of (19)Thrust Sorting : 0.16500 ms 
Time of (13)Compress Graph : 0.06100 ms 
Time of (20)Thrust gather : 0.05700 ms 
Time of (3)Processing for multi component Euler tour : 0.04000 ms 
Time of (18)Functor : 0.01700 ms 
Time of (24)Component Parent, Reversals : 0.01100 ms 
Time of (17)Component Parent, Reversals : 0.00700 ms 
Time of (22)Get Successor : 0.00600 ms 
Time of (16)Get edges : 0.00600 ms 
Time of (14)Get compressed list : 0.00500 ms 
Time (total): 17.13600 ms 
--------------------------------------------------------
filename: coPapersDBLP.txt
Nodes : 540486
Edges : 15245729

------------------------------------------------------
Deleted : 100000
Tree edges deleted : 2247
Non-tree edges deleted : 97753
Time of (12)Hooking Shortcutting : 7.450000 ms 
Time of (6)Edge Deletion : 3.05400 ms 
Time of (1)Get key rem collections : 1.34900 ms 
Time of (23)List ranking : 1.30100 ms 
Time of (4)Multi component Euler tour internal  : 1.11200 ms 
Time of (21)CSR creation : 0.65000 ms 
Time of (9)Get key rem collections : 0.55800 ms 
Time of (0)Extracting Roots : 0.53100 ms 
Time of (8)Generate new edges : 0.50100 ms 
Time of (5)Retrieving back first and last times  : 0.48500 ms 
Time of (25)Reverse Edges and Connect Parent : 0.42300 ms 
Time of (10)Convert to collection : 0.35500 ms 
Time of (2)Convert to collection : 0.35400 ms 
Time of (15)Transedges prefix : 0.28300 ms 
Time of (7)Remove edges : 0.28200 ms 
Time of (11)Shortcut rep : 0.19500 ms 
Time of (19)Thrust Sorting : 0.16100 ms 
Time of (13)Compress Graph : 0.06000 ms 
Time of (20)Thrust gather : 0.05600 ms 
Time of (3)Processing for multi component Euler tour : 0.03800 ms 
Time of (18)Functor : 0.01600 ms 
Time of (24)Component Parent, Reversals : 0.00800 ms 
Time of (16)Get edges : 0.00600 ms 
Time of (22)Get Successor : 0.00500 ms 
Time of (17)Component Parent, Reversals : 0.00400 ms 
Time of (14)Get compressed list : 0.00400 ms 
Time (total): 19.24100 ms 
--------------------------------------------------------
filename: coPapersDBLP.txt
Nodes : 540486
Edges : 15245729

------------------------------------------------------
Deleted : 10000
Tree edges deleted : 220
Non-tree edges deleted : 9780
Time of (12)Hooking Shortcutting : 2.874000 ms 
Time of (6)Edge Deletion : 2.26900 ms 
Time of (1)Get key rem collections : 1.38600 ms 
Time of (4)Multi component Euler tour internal  : 1.15600 ms 
Time of (23)List ranking : 0.89200 ms 
Time of (21)CSR creation : 0.64200 ms 
Time of (5)Retrieving back first and last times  : 0.62700 ms 
Time of (9)Get key rem collections : 0.54900 ms 
Time of (0)Extracting Roots : 0.52800 ms 
Time of (8)Generate new edges : 0.50100 ms 
Time of (25)Reverse Edges and Connect Parent : 0.41200 ms 
Time of (2)Convert to collection : 0.35500 ms 
Time of (10)Convert to collection : 0.35200 ms 
Time of (15)Transedges prefix : 0.27900 ms 
Time of (7)Remove edges : 0.26800 ms 
Time of (11)Shortcut rep : 0.19000 ms 
Time of (19)Thrust Sorting : 0.12000 ms 
Time of (13)Compress Graph : 0.05900 ms 
Time of (20)Thrust gather : 0.05100 ms 
Time of (3)Processing for multi component Euler tour : 0.03800 ms 
Time of (18)Functor : 0.01500 ms 
Time of (24)Component Parent, Reversals : 0.00800 ms 
Time of (16)Get edges : 0.00600 ms 
Time of (17)Component Parent, Reversals : 0.00500 ms 
Time of (14)Get compressed list : 0.00500 ms 
Time of (22)Get Successor : 0.00400 ms 
Time (total): 13.59100 ms 
--------------------------------------------------------
filename: coPapersDBLP.txt
Nodes : 540486
Edges : 15245729

------------------------------------------------------
Deleted : 10000
Tree edges deleted : 222
Non-tree edges deleted : 9778
Time of (12)Hooking Shortcutting : 2.879000 ms 
Time of (6)Edge Deletion : 2.22000 ms 
Time of (1)Get key rem collections : 1.35500 ms 
Time of (4)Multi component Euler tour internal  : 1.08900 ms 
Time of (23)List ranking : 0.87700 ms 
Time of (21)CSR creation : 0.63300 ms 
Time of (9)Get key rem collections : 0.55900 ms 
Time of (0)Extracting Roots : 0.53800 ms 
Time of (8)Generate new edges : 0.50000 ms 
Time of (5)Retrieving back first and last times  : 0.46900 ms 
Time of (25)Reverse Edges and Connect Parent : 0.42100 ms 
Time of (10)Convert to collection : 0.35500 ms 
Time of (2)Convert to collection : 0.35300 ms 
Time of (15)Transedges prefix : 0.28100 ms 
Time of (7)Remove edges : 0.27100 ms 
Time of (11)Shortcut rep : 0.19200 ms 
Time of (19)Thrust Sorting : 0.12200 ms 
Time of (13)Compress Graph : 0.05800 ms 
Time of (20)Thrust gather : 0.05100 ms 
Time of (3)Processing for multi component Euler tour : 0.03800 ms 
Time of (18)Functor : 0.01500 ms 
Time of (24)Component Parent, Reversals : 0.00900 ms 
Time of (17)Component Parent, Reversals : 0.00500 ms 
Time of (14)Get compressed list : 0.00500 ms 
Time of (22)Get Successor : 0.00400 ms 
Time of (16)Get edges : 0.00400 ms 
Time (total): 13.30300 ms 
--------------------------------------------------------
filename: coPapersDBLP.txt
Nodes : 540486
Edges : 15245729

------------------------------------------------------
Deleted : 10000
Tree edges deleted : 227
Non-tree edges deleted : 9773
Time of (12)Hooking Shortcutting : 2.900000 ms 
Time of (6)Edge Deletion : 2.20700 ms 
Time of (1)Get key rem collections : 1.38000 ms 
Time of (4)Multi component Euler tour internal  : 1.11300 ms 
Time of (23)List ranking : 0.87700 ms 
Time of (21)CSR creation : 0.63400 ms 
Time of (9)Get key rem collections : 0.56400 ms 
Time of (0)Extracting Roots : 0.52200 ms 
Time of (8)Generate new edges : 0.50000 ms 
Time of (5)Retrieving back first and last times  : 0.47300 ms 
Time of (25)Reverse Edges and Connect Parent : 0.42600 ms 
Time of (10)Convert to collection : 0.35500 ms 
Time of (2)Convert to collection : 0.35400 ms 
Time of (15)Transedges prefix : 0.28400 ms 
Time of (7)Remove edges : 0.26900 ms 
Time of (11)Shortcut rep : 0.18800 ms 
Time of (19)Thrust Sorting : 0.12200 ms 
Time of (13)Compress Graph : 0.05900 ms 
Time of (20)Thrust gather : 0.05100 ms 
Time of (3)Processing for multi component Euler tour : 0.03900 ms 
Time of (18)Functor : 0.01500 ms 
Time of (24)Component Parent, Reversals : 0.00800 ms 
Time of (17)Component Parent, Reversals : 0.00500 ms 
Time of (16)Get edges : 0.00500 ms 
Time of (14)Get compressed list : 0.00500 ms 
Time of (22)Get Successor : 0.00400 ms 
Time (total): 13.35900 ms 
--------------------------------------------------------
filename: coPapersDBLP.txt
Nodes : 540486
Edges : 15245729

------------------------------------------------------
Deleted : 10000
Tree edges deleted : 232
Non-tree edges deleted : 9768
Time of (12)Hooking Shortcutting : 2.867000 ms 
Time of (6)Edge Deletion : 2.16200 ms 
Time of (1)Get key rem collections : 1.37800 ms 
Time of (4)Multi component Euler tour internal  : 1.08300 ms 
Time of (23)List ranking : 0.87700 ms 
Time of (21)CSR creation : 0.63500 ms 
Time of (9)Get key rem collections : 0.56100 ms 
Time of (0)Extracting Roots : 0.52200 ms 
Time of (8)Generate new edges : 0.50000 ms 
Time of (5)Retrieving back first and last times  : 0.47600 ms 
Time of (25)Reverse Edges and Connect Parent : 0.42200 ms 
Time of (10)Convert to collection : 0.35700 ms 
Time of (2)Convert to collection : 0.35200 ms 
Time of (7)Remove edges : 0.30700 ms 
Time of (15)Transedges prefix : 0.28700 ms 
Time of (11)Shortcut rep : 0.19000 ms 
Time of (19)Thrust Sorting : 0.12300 ms 
Time of (13)Compress Graph : 0.06000 ms 
Time of (20)Thrust gather : 0.05100 ms 
Time of (3)Processing for multi component Euler tour : 0.03800 ms 
Time of (18)Functor : 0.01500 ms 
Time of (24)Component Parent, Reversals : 0.00900 ms 
Time of (22)Get Successor : 0.00500 ms 
Time of (17)Component Parent, Reversals : 0.00500 ms 
Time of (16)Get edges : 0.00500 ms 
Time of (14)Get compressed list : 0.00400 ms 
Time (total): 13.29100 ms 
--------------------------------------------------------
filename: coPapersDBLP.txt
Nodes : 540486
Edges : 15245729

------------------------------------------------------
Deleted : 10000
Tree edges deleted : 203
Non-tree edges deleted : 9797
Time of (6)Edge Deletion : 2.168000 ms 
Time of (12)Hooking Shortcutting : 1.87000 ms 
Time of (1)Get key rem collections : 1.34200 ms 
Time of (4)Multi component Euler tour internal  : 1.11400 ms 
Time of (23)List ranking : 0.87700 ms 
Time of (21)CSR creation : 0.63000 ms 
Time of (9)Get key rem collections : 0.58400 ms 
Time of (0)Extracting Roots : 0.52900 ms 
Time of (8)Generate new edges : 0.49600 ms 
Time of (5)Retrieving back first and last times  : 0.46600 ms 
Time of (25)Reverse Edges and Connect Parent : 0.42300 ms 
Time of (10)Convert to collection : 0.35200 ms 
Time of (2)Convert to collection : 0.35200 ms 
Time of (15)Transedges prefix : 0.35100 ms 
Time of (7)Remove edges : 0.28500 ms 
Time of (11)Shortcut rep : 0.18800 ms 
Time of (19)Thrust Sorting : 0.12100 ms 
Time of (13)Compress Graph : 0.05800 ms 
Time of (20)Thrust gather : 0.05200 ms 
Time of (3)Processing for multi component Euler tour : 0.03800 ms 
Time of (18)Functor : 0.01500 ms 
Time of (24)Component Parent, Reversals : 0.00900 ms 
Time of (16)Get edges : 0.00500 ms 
Time of (22)Get Successor : 0.00400 ms 
Time of (17)Component Parent, Reversals : 0.00400 ms 
Time of (14)Get compressed list : 0.00400 ms 
Time (total): 12.33700 ms 
--------------------------------------------------------
filename: coPapersDBLP.txt
Nodes : 540486
Edges : 15245729

------------------------------------------------------
Deleted : 100
Tree edges deleted : 1
Non-tree edges deleted : 99
Time of (6)Edge Deletion : 2.177000 ms 
Time of (1)Get key rem collections : 1.37700 ms 
Time of (4)Multi component Euler tour internal  : 1.11700 ms 
Time of (12)Hooking Shortcutting : 0.92700 ms 
Time of (21)CSR creation : 0.63700 ms 
Time of (9)Get key rem collections : 0.57100 ms 
Time of (0)Extracting Roots : 0.51900 ms 
Time of (8)Generate new edges : 0.50000 ms 
Time of (5)Retrieving back first and last times  : 0.48600 ms 
Time of (25)Reverse Edges and Connect Parent : 0.41800 ms 
Time of (10)Convert to collection : 0.35400 ms 
Time of (2)Convert to collection : 0.35200 ms 
Time of (15)Transedges prefix : 0.28000 ms 
Time of (7)Remove edges : 0.26300 ms 
Time of (11)Shortcut rep : 0.19500 ms 
Time of (23)List ranking : 0.18300 ms 
Time of (19)Thrust Sorting : 0.10100 ms 
Time of (13)Compress Graph : 0.05700 ms 
Time of (20)Thrust gather : 0.05000 ms 
Time of (3)Processing for multi component Euler tour : 0.03800 ms 
Time of (18)Functor : 0.01400 ms 
Time of (24)Component Parent, Reversals : 0.00900 ms 
Time of (17)Component Parent, Reversals : 0.00500 ms 
Time of (14)Get compressed list : 0.00500 ms 
Time of (22)Get Successor : 0.00400 ms 
Time of (16)Get edges : 0.00400 ms 
Time (total): 10.64300 ms 
--------------------------------------------------------
filename: coPapersDBLP.txt
Nodes : 540486
Edges : 15245729

------------------------------------------------------
Deleted : 100
Tree edges deleted : 0
Non-tree edges deleted : 100
Time of (6)Edge Deletion : 2.123000 ms 
Time of (1)Get key rem collections : 1.34700 ms 
Time of (4)Multi component Euler tour internal  : 1.09100 ms 
Time of (9)Get key rem collections : 0.56200 ms 
Time of (0)Extracting Roots : 0.55600 ms 
Time of (8)Generate new edges : 0.49600 ms 
Time of (5)Retrieving back first and last times  : 0.47900 ms 
Time of (12)Hooking Shortcutting : 0.46300 ms 
Time of (15)Reverse Edges and Connect Parent : 0.42000 ms 
Time of (2)Convert to collection : 0.35300 ms 
Time of (10)Convert to collection : 0.35000 ms 
Time of (7)Remove edges : 0.27300 ms 
Time of (11)Shortcut rep : 0.18700 ms 
Time of (13)Compress Graph : 0.06000 ms 
Time of (3)Processing for multi component Euler tour : 0.03900 ms 
Time of (14)Get compressed list : 0.00400 ms 
Time (total): 8.80300 ms 
--------------------------------------------------------
filename: coPapersDBLP.txt
Nodes : 540486
Edges : 15245729

------------------------------------------------------
Deleted : 100
Tree edges deleted : 3
Non-tree edges deleted : 97
Time of (6)Edge Deletion : 2.141000 ms 
Time of (1)Get key rem collections : 1.56500 ms 
Time of (12)Hooking Shortcutting : 1.36400 ms 
Time of (4)Multi component Euler tour internal  : 1.10300 ms 
Time of (21)CSR creation : 0.63600 ms 
Time of (9)Get key rem collections : 0.58900 ms 
Time of (0)Extracting Roots : 0.52400 ms 
Time of (8)Generate new edges : 0.49700 ms 
Time of (5)Retrieving back first and last times  : 0.47800 ms 
Time of (25)Reverse Edges and Connect Parent : 0.42200 ms 
Time of (7)Remove edges : 0.38200 ms 
Time of (23)List ranking : 0.35600 ms 
Time of (2)Convert to collection : 0.35500 ms 
Time of (10)Convert to collection : 0.35300 ms 
Time of (15)Transedges prefix : 0.28400 ms 
Time of (11)Shortcut rep : 0.19000 ms 
Time of (19)Thrust Sorting : 0.10100 ms 
Time of (13)Compress Graph : 0.05800 ms 
Time of (20)Thrust gather : 0.05000 ms 
Time of (3)Processing for multi component Euler tour : 0.03900 ms 
Time of (18)Functor : 0.01500 ms 
Time of (24)Component Parent, Reversals : 0.00900 ms 
Time of (22)Get Successor : 0.00500 ms 
Time of (16)Get edges : 0.00500 ms 
Time of (17)Component Parent, Reversals : 0.00400 ms 
Time of (14)Get compressed list : 0.00400 ms 
Time (total): 11.52900 ms 
--------------------------------------------------------
filename: coPapersDBLP.txt
Nodes : 540486
Edges : 15245729

------------------------------------------------------
Deleted : 100
Tree edges deleted : 0
Non-tree edges deleted : 100
Time of (6)Edge Deletion : 2.133000 ms 
Time of (1)Get key rem collections : 1.46700 ms 
Time of (4)Multi component Euler tour internal  : 1.12200 ms 
Time of (9)Get key rem collections : 0.59000 ms 
Time of (0)Extracting Roots : 0.52500 ms 
Time of (8)Generate new edges : 0.49900 ms 
Time of (5)Retrieving back first and last times  : 0.47200 ms 
Time of (12)Hooking Shortcutting : 0.45300 ms 
Time of (15)Reverse Edges and Connect Parent : 0.41800 ms 
Time of (10)Convert to collection : 0.35400 ms 
Time of (2)Convert to collection : 0.35300 ms 
Time of (7)Remove edges : 0.29200 ms 
Time of (11)Shortcut rep : 0.19300 ms 
Time of (13)Compress Graph : 0.05700 ms 
Time of (3)Processing for multi component Euler tour : 0.03700 ms 
Time of (14)Get compressed list : 0.00400 ms 
Time (total): 8.96900 ms 
--------------------------------------------------------
filename: coPapersDBLP.txt
Nodes : 540486
Edges : 15245729

------------------------------------------------------
Deleted : 100
Tree edges deleted : 5
Non-tree edges deleted : 95
Time of (6)Edge Deletion : 2.115000 ms 
Time of (12)Hooking Shortcutting : 1.86000 ms 
Time of (1)Get key rem collections : 1.35600 ms 
Time of (4)Multi component Euler tour internal  : 1.07300 ms 
Time of (9)Get key rem collections : 0.63300 ms 
Time of (21)CSR creation : 0.63200 ms 
Time of (0)Extracting Roots : 0.53500 ms 
Time of (8)Generate new edges : 0.49900 ms 
Time of (5)Retrieving back first and last times  : 0.47300 ms 
Time of (23)List ranking : 0.45600 ms 
Time of (25)Reverse Edges and Connect Parent : 0.42500 ms 
Time of (10)Convert to collection : 0.35600 ms 
Time of (2)Convert to collection : 0.35200 ms 
Time of (15)Transedges prefix : 0.29800 ms 
Time of (7)Remove edges : 0.27200 ms 
Time of (11)Shortcut rep : 0.19100 ms 
Time of (19)Thrust Sorting : 0.10200 ms 
Time of (13)Compress Graph : 0.05800 ms 
Time of (20)Thrust gather : 0.05000 ms 
Time of (3)Processing for multi component Euler tour : 0.03800 ms 
Time of (18)Functor : 0.01500 ms 
Time of (24)Component Parent, Reversals : 0.00800 ms 
Time of (22)Get Successor : 0.00500 ms 
Time of (17)Component Parent, Reversals : 0.00500 ms 
Time of (16)Get edges : 0.00400 ms 
Time of (14)Get compressed list : 0.00400 ms 
Time (total): 11.81500 ms 
--------------------------------------------------------
filename: coPapersDBLP.txt
Nodes : 540486
Edges : 15245729

------------------------------------------------------
Deleted : 1000
Tree edges deleted : 20
Non-tree edges deleted : 980
Time of (6)Edge Deletion : 2.860000 ms 
Time of (12)Hooking Shortcutting : 1.85600 ms 
Time of (1)Get key rem collections : 1.34400 ms 
Time of (4)Multi component Euler tour internal  : 1.10500 ms 
Time of (21)CSR creation : 0.62900 ms 
Time of (23)List ranking : 0.60200 ms 
Time of (9)Get key rem collections : 0.55200 ms 
Time of (0)Extracting Roots : 0.51800 ms 
Time of (8)Generate new edges : 0.49700 ms 
Time of (5)Retrieving back first and last times  : 0.48600 ms 
Time of (25)Reverse Edges and Connect Parent : 0.42100 ms 
Time of (2)Convert to collection : 0.35200 ms 
Time of (10)Convert to collection : 0.35100 ms 
Time of (15)Transedges prefix : 0.28400 ms 
Time of (7)Remove edges : 0.26900 ms 
Time of (11)Shortcut rep : 0.18900 ms 
Time of (19)Thrust Sorting : 0.11200 ms 
Time of (13)Compress Graph : 0.05800 ms 
Time of (20)Thrust gather : 0.04900 ms 
Time of (3)Processing for multi component Euler tour : 0.03800 ms 
Time of (18)Functor : 0.01600 ms 
Time of (24)Component Parent, Reversals : 0.00800 ms 
Time of (17)Component Parent, Reversals : 0.00500 ms 
Time of (22)Get Successor : 0.00400 ms 
Time of (16)Get edges : 0.00400 ms 
Time of (14)Get compressed list : 0.00400 ms 
Time (total): 12.61300 ms 
--------------------------------------------------------
filename: coPapersDBLP.txt
Nodes : 540486
Edges : 15245729

------------------------------------------------------
Deleted : 1000
Tree edges deleted : 17
Non-tree edges deleted : 983
Time of (6)Edge Deletion : 2.180000 ms 
Time of (12)Hooking Shortcutting : 1.85800 ms 
Time of (1)Get key rem collections : 1.36500 ms 
Time of (4)Multi component Euler tour internal  : 1.12200 ms 
Time of (21)CSR creation : 0.62900 ms 
Time of (23)List ranking : 0.60800 ms 
Time of (9)Get key rem collections : 0.54800 ms 
Time of (0)Extracting Roots : 0.52400 ms 
Time of (8)Generate new edges : 0.49600 ms 
Time of (5)Retrieving back first and last times  : 0.48200 ms 
Time of (25)Reverse Edges and Connect Parent : 0.42500 ms 
Time of (2)Convert to collection : 0.35200 ms 
Time of (10)Convert to collection : 0.35100 ms 
Time of (15)Transedges prefix : 0.28000 ms 
Time of (7)Remove edges : 0.28000 ms 
Time of (11)Shortcut rep : 0.19300 ms 
Time of (19)Thrust Sorting : 0.10900 ms 
Time of (13)Compress Graph : 0.05800 ms 
Time of (20)Thrust gather : 0.04900 ms 
Time of (3)Processing for multi component Euler tour : 0.03900 ms 
Time of (18)Functor : 0.01500 ms 
Time of (24)Component Parent, Reversals : 0.00900 ms 
Time of (17)Component Parent, Reversals : 0.00500 ms 
Time of (22)Get Successor : 0.00400 ms 
Time of (16)Get edges : 0.00400 ms 
Time of (14)Get compressed list : 0.00400 ms 
Time (total): 11.98900 ms 
--------------------------------------------------------
filename: coPapersDBLP.txt
Nodes : 540486
Edges : 15245729

------------------------------------------------------
Deleted : 1000
Tree edges deleted : 21
Non-tree edges deleted : 979
Time of (6)Edge Deletion : 2.156000 ms 
Time of (12)Hooking Shortcutting : 1.42200 ms 
Time of (1)Get key rem collections : 1.34000 ms 
Time of (4)Multi component Euler tour internal  : 1.11200 ms 
Time of (21)CSR creation : 0.62800 ms 
Time of (23)List ranking : 0.60600 ms 
Time of (9)Get key rem collections : 0.55400 ms 
Time of (0)Extracting Roots : 0.51900 ms 
Time of (8)Generate new edges : 0.49800 ms 
Time of (5)Retrieving back first and last times  : 0.46100 ms 
Time of (25)Reverse Edges and Connect Parent : 0.43100 ms 
Time of (10)Convert to collection : 0.35300 ms 
Time of (2)Convert to collection : 0.35300 ms 
Time of (15)Transedges prefix : 0.29300 ms 
Time of (7)Remove edges : 0.26900 ms 
Time of (11)Shortcut rep : 0.18800 ms 
Time of (19)Thrust Sorting : 0.11000 ms 
Time of (13)Compress Graph : 0.06400 ms 
Time of (20)Thrust gather : 0.05000 ms 
Time of (3)Processing for multi component Euler tour : 0.03700 ms 
Time of (18)Functor : 0.01500 ms 
Time of (24)Component Parent, Reversals : 0.00800 ms 
Time of (17)Component Parent, Reversals : 0.00500 ms 
Time of (14)Get compressed list : 0.00500 ms 
Time of (22)Get Successor : 0.00400 ms 
Time of (16)Get edges : 0.00400 ms 
Time (total): 11.48500 ms 
--------------------------------------------------------
filename: coPapersDBLP.txt
Nodes : 540486
Edges : 15245729

------------------------------------------------------
Deleted : 1000
Tree edges deleted : 25
Non-tree edges deleted : 975
Time of (6)Edge Deletion : 2.189000 ms 
Time of (1)Get key rem collections : 1.43000 ms 
Time of (12)Hooking Shortcutting : 1.40100 ms 
Time of (25)Reverse Edges and Connect Parent : 1.18200 ms 
Time of (4)Multi component Euler tour internal  : 1.16900 ms 
Time of (21)CSR creation : 0.77100 ms 
Time of (9)Get key rem collections : 0.63500 ms 
Time of (23)List ranking : 0.63100 ms 
Time of (0)Extracting Roots : 0.52300 ms 
Time of (8)Generate new edges : 0.49800 ms 
Time of (5)Retrieving back first and last times  : 0.47200 ms 
Time of (2)Convert to collection : 0.35400 ms 
Time of (10)Convert to collection : 0.35300 ms 
Time of (15)Transedges prefix : 0.30100 ms 
Time of (7)Remove edges : 0.29100 ms 
Time of (11)Shortcut rep : 0.19100 ms 
Time of (19)Thrust Sorting : 0.11500 ms 
Time of (13)Compress Graph : 0.06100 ms 
Time of (20)Thrust gather : 0.04900 ms 
Time of (3)Processing for multi component Euler tour : 0.03800 ms 
Time of (18)Functor : 0.01500 ms 
Time of (24)Component Parent, Reversals : 0.01000 ms 
Time of (17)Component Parent, Reversals : 0.00500 ms 
Time of (16)Get edges : 0.00500 ms 
Time of (14)Get compressed list : 0.00500 ms 
Time of (22)Get Successor : 0.00400 ms 
Time (total): 12.69800 ms 
--------------------------------------------------------
filename: coPapersDBLP.txt
Nodes : 540486
Edges : 15245729

------------------------------------------------------
Deleted : 1000
Tree edges deleted : 21
Non-tree edges deleted : 979
Time of (6)Edge Deletion : 2.178000 ms 
Time of (12)Hooking Shortcutting : 1.82900 ms 
Time of (1)Get key rem collections : 1.34200 ms 
Time of (4)Multi component Euler tour internal  : 1.08600 ms 
Time of (21)CSR creation : 0.63000 ms 
Time of (23)List ranking : 0.60400 ms 
Time of (9)Get key rem collections : 0.57300 ms 
Time of (0)Extracting Roots : 0.52200 ms 
Time of (8)Generate new edges : 0.50100 ms 
Time of (5)Retrieving back first and last times  : 0.46900 ms 
Time of (25)Reverse Edges and Connect Parent : 0.41800 ms 
Time of (2)Convert to collection : 0.36200 ms 
Time of (10)Convert to collection : 0.35400 ms 
Time of (15)Transedges prefix : 0.32600 ms 
Time of (7)Remove edges : 0.27800 ms 
Time of (11)Shortcut rep : 0.19000 ms 
Time of (19)Thrust Sorting : 0.11200 ms 
Time of (13)Compress Graph : 0.06000 ms 
Time of (20)Thrust gather : 0.05100 ms 
Time of (3)Processing for multi component Euler tour : 0.03900 ms 
Time of (18)Functor : 0.01400 ms 
Time of (24)Component Parent, Reversals : 0.00800 ms 
Time of (22)Get Successor : 0.00500 ms 
Time of (17)Component Parent, Reversals : 0.00400 ms 
Time of (16)Get edges : 0.00400 ms 
Time of (14)Get compressed list : 0.00400 ms 
Time (total): 11.96300 ms 
--------------------------------------------------------
