filename: coPapersCiteseer.txt
Nodes : 434102
Edges : 16036720

------------------------------------------------------
Deleted : 100000
Tree edges deleted : 1474
Non-tree edges deleted : 98526
Time of (12)Hooking Shortcutting : 4.307000 ms 
Time of (9)Get key rem collections : 2.75500 ms 
Time of (6)Edge Deletion : 2.38700 ms 
Time of (23)List ranking : 1.20300 ms 
Time of (4)Multi component Euler tour internal  : 0.96100 ms 
Time of (1)Get key rem collections : 0.65400 ms 
Time of (21)CSR creation : 0.65100 ms 
Time of (8)Generate new edges : 0.52100 ms 
Time of (5)Retrieving back first and last times  : 0.43800 ms 
Time of (25)Reverse Edges and Connect Parent : 0.41100 ms 
Time of (7)Remove edges : 0.38400 ms 
Time of (2)Convert to collection : 0.37600 ms 
Time of (10)Convert to collection : 0.36400 ms 
Time of (15)Transedges prefix : 0.29500 ms 
Time of (11)Shortcut rep : 0.21400 ms 
Time of (19)Thrust Sorting : 0.12700 ms 
Time of (0)Extracting Roots : 0.08000 ms 
Time of (13)Compress Graph : 0.05800 ms 
Time of (20)Thrust gather : 0.05600 ms 
Time of (3)Processing for multi component Euler tour : 0.03700 ms 
Time of (18)Functor : 0.01700 ms 
Time of (24)Component Parent, Reversals : 0.00800 ms 
Time of (22)Get Successor : 0.00500 ms 
Time of (16)Get edges : 0.00500 ms 
Time of (17)Component Parent, Reversals : 0.00400 ms 
Time of (14)Get compressed list : 0.00400 ms 
Time (total): 16.32200 ms 
--------------------------------------------------------
filename: coPapersCiteseer.txt
Nodes : 434102
Edges : 16036720

------------------------------------------------------
Deleted : 100000
Tree edges deleted : 1519
Non-tree edges deleted : 98481
Time of (12)Hooking Shortcutting : 2.934000 ms 
Time of (6)Edge Deletion : 2.43200 ms 
Time of (25)Reverse Edges and Connect Parent : 1.46000 ms 
Time of (23)List ranking : 1.20300 ms 
Time of (4)Multi component Euler tour internal  : 1.00400 ms 
Time of (21)CSR creation : 0.67500 ms 
Time of (9)Get key rem collections : 0.57200 ms 
Time of (1)Get key rem collections : 0.56200 ms 
Time of (8)Generate new edges : 0.51900 ms 
Time of (5)Retrieving back first and last times  : 0.42500 ms 
Time of (2)Convert to collection : 0.37400 ms 
Time of (10)Convert to collection : 0.36500 ms 
Time of (7)Remove edges : 0.32300 ms 
Time of (15)Transedges prefix : 0.29600 ms 
Time of (11)Shortcut rep : 0.18200 ms 
Time of (19)Thrust Sorting : 0.12700 ms 
Time of (0)Extracting Roots : 0.07700 ms 
Time of (13)Compress Graph : 0.05700 ms 
Time of (20)Thrust gather : 0.05400 ms 
Time of (3)Processing for multi component Euler tour : 0.03600 ms 
Time of (18)Functor : 0.01700 ms 
Time of (24)Component Parent, Reversals : 0.01000 ms 
Time of (22)Get Successor : 0.00500 ms 
Time of (17)Component Parent, Reversals : 0.00500 ms 
Time of (14)Get compressed list : 0.00500 ms 
Time of (16)Get edges : 0.00400 ms 
Time (total): 13.72300 ms 
--------------------------------------------------------
filename: coPapersCiteseer.txt
Nodes : 434102
Edges : 16036720

------------------------------------------------------
Deleted : 100000
Tree edges deleted : 1538
Non-tree edges deleted : 98462
Time of (12)Hooking Shortcutting : 4.999000 ms 
Time of (6)Edge Deletion : 2.42200 ms 
Time of (23)List ranking : 1.22900 ms 
Time of (4)Multi component Euler tour internal  : 0.99100 ms 
Time of (21)CSR creation : 0.66600 ms 
Time of (1)Get key rem collections : 0.63000 ms 
Time of (9)Get key rem collections : 0.62700 ms 
Time of (8)Generate new edges : 0.52100 ms 
Time of (25)Reverse Edges and Connect Parent : 0.41200 ms 
Time of (5)Retrieving back first and last times  : 0.39600 ms 
Time of (2)Convert to collection : 0.37400 ms 
Time of (10)Convert to collection : 0.36600 ms 
Time of (7)Remove edges : 0.29300 ms 
Time of (15)Transedges prefix : 0.29200 ms 
Time of (11)Shortcut rep : 0.18200 ms 
Time of (19)Thrust Sorting : 0.12900 ms 
Time of (0)Extracting Roots : 0.07900 ms 
Time of (13)Compress Graph : 0.05700 ms 
Time of (20)Thrust gather : 0.05600 ms 
Time of (3)Processing for multi component Euler tour : 0.03600 ms 
Time of (18)Functor : 0.01700 ms 
Time of (24)Component Parent, Reversals : 0.00800 ms 
Time of (17)Component Parent, Reversals : 0.00500 ms 
Time of (14)Get compressed list : 0.00500 ms 
Time of (22)Get Successor : 0.00400 ms 
Time of (16)Get edges : 0.00400 ms 
Time (total): 14.80000 ms 
--------------------------------------------------------
filename: coPapersCiteseer.txt
Nodes : 434102
Edges : 16036720

------------------------------------------------------
Deleted : 100000
Tree edges deleted : 1493
Non-tree edges deleted : 98507
Time of (12)Hooking Shortcutting : 4.427000 ms 
Time of (6)Edge Deletion : 2.65600 ms 
Time of (23)List ranking : 1.19900 ms 
Time of (4)Multi component Euler tour internal  : 0.98700 ms 
Time of (21)CSR creation : 0.64900 ms 
Time of (9)Get key rem collections : 0.57400 ms 
Time of (1)Get key rem collections : 0.56700 ms 
Time of (8)Generate new edges : 0.52100 ms 
Time of (25)Reverse Edges and Connect Parent : 0.42000 ms 
Time of (5)Retrieving back first and last times  : 0.40800 ms 
Time of (10)Convert to collection : 0.36700 ms 
Time of (2)Convert to collection : 0.36600 ms 
Time of (15)Transedges prefix : 0.36300 ms 
Time of (7)Remove edges : 0.29500 ms 
Time of (11)Shortcut rep : 0.18200 ms 
Time of (19)Thrust Sorting : 0.12900 ms 
Time of (0)Extracting Roots : 0.07800 ms 
Time of (13)Compress Graph : 0.05800 ms 
Time of (20)Thrust gather : 0.05500 ms 
Time of (3)Processing for multi component Euler tour : 0.03600 ms 
Time of (18)Functor : 0.01800 ms 
Time of (24)Component Parent, Reversals : 0.00800 ms 
Time of (17)Component Parent, Reversals : 0.00500 ms 
Time of (22)Get Successor : 0.00400 ms 
Time of (16)Get edges : 0.00400 ms 
Time of (14)Get compressed list : 0.00400 ms 
Time (total): 14.38000 ms 
--------------------------------------------------------
filename: coPapersCiteseer.txt
Nodes : 434102
Edges : 16036720

------------------------------------------------------
Deleted : 100000
Tree edges deleted : 1489
Non-tree edges deleted : 98511
Time of (12)Hooking Shortcutting : 2.921000 ms 
Time of (6)Edge Deletion : 2.39900 ms 
Time of (25)Reverse Edges and Connect Parent : 1.45800 ms 
Time of (23)List ranking : 1.20200 ms 
Time of (4)Multi component Euler tour internal  : 0.98400 ms 
Time of (21)CSR creation : 0.65600 ms 
Time of (9)Get key rem collections : 0.62100 ms 
Time of (1)Get key rem collections : 0.60900 ms 
Time of (8)Generate new edges : 0.52100 ms 
Time of (5)Retrieving back first and last times  : 0.39400 ms 
Time of (2)Convert to collection : 0.37200 ms 
Time of (10)Convert to collection : 0.36600 ms 
Time of (15)Transedges prefix : 0.29700 ms 
Time of (7)Remove edges : 0.29200 ms 
Time of (11)Shortcut rep : 0.18000 ms 
Time of (19)Thrust Sorting : 0.12800 ms 
Time of (0)Extracting Roots : 0.08700 ms 
Time of (13)Compress Graph : 0.05700 ms 
Time of (20)Thrust gather : 0.05400 ms 
Time of (3)Processing for multi component Euler tour : 0.03600 ms 
Time of (18)Functor : 0.01600 ms 
Time of (24)Component Parent, Reversals : 0.00800 ms 
Time of (17)Component Parent, Reversals : 0.00500 ms 
Time of (22)Get Successor : 0.00400 ms 
Time of (16)Get edges : 0.00400 ms 
Time of (14)Get compressed list : 0.00400 ms 
Time (total): 13.67500 ms 
--------------------------------------------------------
filename: coPapersCiteseer.txt
Nodes : 434102
Edges : 16036720

------------------------------------------------------
Deleted : 10000
Tree edges deleted : 171
Non-tree edges deleted : 9829
Time of (6)Edge Deletion : 2.187000 ms 
Time of (12)Hooking Shortcutting : 1.93200 ms 
Time of (4)Multi component Euler tour internal  : 0.95700 ms 
Time of (23)List ranking : 0.88300 ms 
Time of (9)Get key rem collections : 0.70900 ms 
Time of (21)CSR creation : 0.64000 ms 
Time of (1)Get key rem collections : 0.57800 ms 
Time of (8)Generate new edges : 0.52000 ms 
Time of (5)Retrieving back first and last times  : 0.42900 ms 
Time of (25)Reverse Edges and Connect Parent : 0.41400 ms 
Time of (15)Transedges prefix : 0.40600 ms 
Time of (10)Convert to collection : 0.36700 ms 
Time of (2)Convert to collection : 0.36400 ms 
Time of (7)Remove edges : 0.35900 ms 
Time of (11)Shortcut rep : 0.18000 ms 
Time of (19)Thrust Sorting : 0.12100 ms 
Time of (0)Extracting Roots : 0.08200 ms 
Time of (13)Compress Graph : 0.05600 ms 
Time of (20)Thrust gather : 0.05300 ms 
Time of (3)Processing for multi component Euler tour : 0.03600 ms 
Time of (18)Functor : 0.01500 ms 
Time of (24)Component Parent, Reversals : 0.01000 ms 
Time of (22)Get Successor : 0.00600 ms 
Time of (17)Component Parent, Reversals : 0.00500 ms 
Time of (16)Get edges : 0.00500 ms 
Time of (14)Get compressed list : 0.00400 ms 
Time (total): 11.31800 ms 
--------------------------------------------------------
filename: coPapersCiteseer.txt
Nodes : 434102
Edges : 16036720

------------------------------------------------------
Deleted : 10000
Tree edges deleted : 147
Non-tree edges deleted : 9853
Time of (12)Hooking Shortcutting : 3.959000 ms 
Time of (6)Edge Deletion : 2.49000 ms 
Time of (4)Multi component Euler tour internal  : 1.04000 ms 
Time of (23)List ranking : 0.89300 ms 
Time of (21)CSR creation : 0.64000 ms 
Time of (9)Get key rem collections : 0.57600 ms 
Time of (1)Get key rem collections : 0.57200 ms 
Time of (8)Generate new edges : 0.52700 ms 
Time of (25)Reverse Edges and Connect Parent : 0.42900 ms 
Time of (5)Retrieving back first and last times  : 0.40400 ms 
Time of (2)Convert to collection : 0.37100 ms 
Time of (10)Convert to collection : 0.36800 ms 
Time of (15)Transedges prefix : 0.34000 ms 
Time of (7)Remove edges : 0.30800 ms 
Time of (11)Shortcut rep : 0.24500 ms 
Time of (19)Thrust Sorting : 0.12200 ms 
Time of (0)Extracting Roots : 0.09400 ms 
Time of (13)Compress Graph : 0.06300 ms 
Time of (20)Thrust gather : 0.05300 ms 
Time of (3)Processing for multi component Euler tour : 0.03600 ms 
Time of (17)Component Parent, Reversals : 0.01800 ms 
Time of (22)Get Successor : 0.01500 ms 
Time of (18)Functor : 0.01500 ms 
Time of (24)Component Parent, Reversals : 0.01200 ms 
Time of (16)Get edges : 0.00600 ms 
Time of (14)Get compressed list : 0.00400 ms 
Time (total): 13.60000 ms 
--------------------------------------------------------
filename: coPapersCiteseer.txt
Nodes : 434102
Edges : 16036720

------------------------------------------------------
Deleted : 10000
Tree edges deleted : 155
Non-tree edges deleted : 9845
Time of (6)Edge Deletion : 2.280000 ms 
Time of (12)Hooking Shortcutting : 1.96500 ms 
Time of (4)Multi component Euler tour internal  : 0.96900 ms 
Time of (23)List ranking : 0.90400 ms 
Time of (21)CSR creation : 0.65100 ms 
Time of (9)Get key rem collections : 0.57100 ms 
Time of (1)Get key rem collections : 0.56300 ms 
Time of (8)Generate new edges : 0.52100 ms 
Time of (5)Retrieving back first and last times  : 0.42800 ms 
Time of (25)Reverse Edges and Connect Parent : 0.40300 ms 
Time of (2)Convert to collection : 0.37900 ms 
Time of (10)Convert to collection : 0.36700 ms 
Time of (15)Transedges prefix : 0.30100 ms 
Time of (7)Remove edges : 0.29500 ms 
Time of (11)Shortcut rep : 0.21400 ms 
Time of (19)Thrust Sorting : 0.12100 ms 
Time of (0)Extracting Roots : 0.09000 ms 
Time of (13)Compress Graph : 0.05900 ms 
Time of (20)Thrust gather : 0.05400 ms 
Time of (3)Processing for multi component Euler tour : 0.04100 ms 
Time of (18)Functor : 0.01600 ms 
Time of (24)Component Parent, Reversals : 0.01300 ms 
Time of (22)Get Successor : 0.00700 ms 
Time of (17)Component Parent, Reversals : 0.00700 ms 
Time of (16)Get edges : 0.00700 ms 
Time of (14)Get compressed list : 0.00600 ms 
Time (total): 11.23200 ms 
--------------------------------------------------------
filename: coPapersCiteseer.txt
Nodes : 434102
Edges : 16036720

------------------------------------------------------
Deleted : 10000
Tree edges deleted : 175
Non-tree edges deleted : 9825
Time of (12)Hooking Shortcutting : 2.421000 ms 
Time of (6)Edge Deletion : 2.21600 ms 
Time of (4)Multi component Euler tour internal  : 0.98600 ms 
Time of (23)List ranking : 0.91100 ms 
Time of (21)CSR creation : 0.64400 ms 
Time of (9)Get key rem collections : 0.62000 ms 
Time of (1)Get key rem collections : 0.58000 ms 
Time of (8)Generate new edges : 0.52200 ms 
Time of (25)Reverse Edges and Connect Parent : 0.40300 ms 
Time of (5)Retrieving back first and last times  : 0.39700 ms 
Time of (10)Convert to collection : 0.36800 ms 
Time of (2)Convert to collection : 0.36500 ms 
Time of (7)Remove edges : 0.33000 ms 
Time of (15)Transedges prefix : 0.30100 ms 
Time of (11)Shortcut rep : 0.18000 ms 
Time of (19)Thrust Sorting : 0.12000 ms 
Time of (0)Extracting Roots : 0.09100 ms 
Time of (13)Compress Graph : 0.05800 ms 
Time of (20)Thrust gather : 0.05300 ms 
Time of (3)Processing for multi component Euler tour : 0.03600 ms 
Time of (18)Functor : 0.01600 ms 
Time of (24)Component Parent, Reversals : 0.01000 ms 
Time of (17)Component Parent, Reversals : 0.00600 ms 
Time of (14)Get compressed list : 0.00500 ms 
Time of (22)Get Successor : 0.00400 ms 
Time of (16)Get edges : 0.00400 ms 
Time (total): 11.64700 ms 
--------------------------------------------------------
filename: coPapersCiteseer.txt
Nodes : 434102
Edges : 16036720

------------------------------------------------------
Deleted : 10000
Tree edges deleted : 155
Non-tree edges deleted : 9845
Time of (12)Hooking Shortcutting : 3.953000 ms 
Time of (6)Edge Deletion : 2.19600 ms 
Time of (4)Multi component Euler tour internal  : 0.96500 ms 
Time of (23)List ranking : 0.88500 ms 
Time of (21)CSR creation : 0.64800 ms 
Time of (1)Get key rem collections : 0.63000 ms 
Time of (9)Get key rem collections : 0.58200 ms 
Time of (8)Generate new edges : 0.52100 ms 
Time of (5)Retrieving back first and last times  : 0.42300 ms 
Time of (25)Reverse Edges and Connect Parent : 0.41000 ms 
Time of (10)Convert to collection : 0.36900 ms 
Time of (2)Convert to collection : 0.36800 ms 
Time of (15)Transedges prefix : 0.35800 ms 
Time of (7)Remove edges : 0.33100 ms 
Time of (11)Shortcut rep : 0.18000 ms 
Time of (19)Thrust Sorting : 0.12000 ms 
Time of (0)Extracting Roots : 0.07700 ms 
Time of (13)Compress Graph : 0.05700 ms 
Time of (20)Thrust gather : 0.05300 ms 
Time of (3)Processing for multi component Euler tour : 0.03800 ms 
Time of (18)Functor : 0.01400 ms 
Time of (24)Component Parent, Reversals : 0.01000 ms 
Time of (22)Get Successor : 0.00500 ms 
Time of (17)Component Parent, Reversals : 0.00500 ms 
Time of (16)Get edges : 0.00400 ms 
Time of (14)Get compressed list : 0.00400 ms 
Time (total): 13.20600 ms 
--------------------------------------------------------
filename: coPapersCiteseer.txt
Nodes : 434102
Edges : 16036720

------------------------------------------------------
Deleted : 100
Tree edges deleted : 1
Non-tree edges deleted : 99
Time of (6)Edge Deletion : 2.199000 ms 
Time of (4)Multi component Euler tour internal  : 0.97300 ms 
Time of (12)Hooking Shortcutting : 0.95700 ms 
Time of (21)CSR creation : 0.64300 ms 
Time of (9)Get key rem collections : 0.59200 ms 
Time of (1)Get key rem collections : 0.56600 ms 
Time of (8)Generate new edges : 0.51900 ms 
Time of (5)Retrieving back first and last times  : 0.42700 ms 
Time of (15)Transedges prefix : 0.40600 ms 
Time of (25)Reverse Edges and Connect Parent : 0.40400 ms 
Time of (10)Convert to collection : 0.36800 ms 
Time of (2)Convert to collection : 0.36500 ms 
Time of (7)Remove edges : 0.27600 ms 
Time of (23)List ranking : 0.19900 ms 
Time of (11)Shortcut rep : 0.17900 ms 
Time of (19)Thrust Sorting : 0.10100 ms 
Time of (0)Extracting Roots : 0.08000 ms 
Time of (13)Compress Graph : 0.05700 ms 
Time of (20)Thrust gather : 0.05200 ms 
Time of (3)Processing for multi component Euler tour : 0.03700 ms 
Time of (18)Functor : 0.01400 ms 
Time of (24)Component Parent, Reversals : 0.00900 ms 
Time of (17)Component Parent, Reversals : 0.00600 ms 
Time of (16)Get edges : 0.00500 ms 
Time of (14)Get compressed list : 0.00500 ms 
Time of (22)Get Successor : 0.00400 ms 
Time (total): 9.44300 ms 
--------------------------------------------------------
filename: coPapersCiteseer.txt
Nodes : 434102
Edges : 16036720

------------------------------------------------------
Deleted : 100
Tree edges deleted : 1
Non-tree edges deleted : 99
Time of (6)Edge Deletion : 2.384000 ms 
Time of (25)Reverse Edges and Connect Parent : 1.44100 ms 
Time of (4)Multi component Euler tour internal  : 1.00200 ms 
Time of (12)Hooking Shortcutting : 0.95700 ms 
Time of (9)Get key rem collections : 0.70700 ms 
Time of (21)CSR creation : 0.63700 ms 
Time of (1)Get key rem collections : 0.57900 ms 
Time of (8)Generate new edges : 0.51900 ms 
Time of (5)Retrieving back first and last times  : 0.43300 ms 
Time of (10)Convert to collection : 0.36700 ms 
Time of (2)Convert to collection : 0.36700 ms 
Time of (15)Transedges prefix : 0.30000 ms 
Time of (7)Remove edges : 0.28100 ms 
Time of (23)List ranking : 0.18800 ms 
Time of (11)Shortcut rep : 0.18200 ms 
Time of (19)Thrust Sorting : 0.10100 ms 
Time of (0)Extracting Roots : 0.08100 ms 
Time of (13)Compress Graph : 0.05900 ms 
Time of (20)Thrust gather : 0.05100 ms 
Time of (3)Processing for multi component Euler tour : 0.03600 ms 
Time of (18)Functor : 0.01500 ms 
Time of (24)Component Parent, Reversals : 0.00900 ms 
Time of (16)Get edges : 0.00600 ms 
Time of (22)Get Successor : 0.00500 ms 
Time of (17)Component Parent, Reversals : 0.00500 ms 
Time of (14)Get compressed list : 0.00400 ms 
Time (total): 10.71600 ms 
--------------------------------------------------------
filename: coPapersCiteseer.txt
Nodes : 434102
Edges : 16036720

------------------------------------------------------
Deleted : 100
Tree edges deleted : 1
Non-tree edges deleted : 99
Time of (6)Edge Deletion : 2.415000 ms 
Time of (4)Multi component Euler tour internal  : 0.99400 ms 
Time of (12)Hooking Shortcutting : 0.95900 ms 
Time of (21)CSR creation : 0.63800 ms 
Time of (9)Get key rem collections : 0.59000 ms 
Time of (1)Get key rem collections : 0.56500 ms 
Time of (8)Generate new edges : 0.52000 ms 
Time of (25)Reverse Edges and Connect Parent : 0.41100 ms 
Time of (5)Retrieving back first and last times  : 0.40100 ms 
Time of (2)Convert to collection : 0.37500 ms 
Time of (10)Convert to collection : 0.36900 ms 
Time of (15)Transedges prefix : 0.29200 ms 
Time of (7)Remove edges : 0.27900 ms 
Time of (11)Shortcut rep : 0.21300 ms 
Time of (23)List ranking : 0.18700 ms 
Time of (19)Thrust Sorting : 0.09900 ms 
Time of (0)Extracting Roots : 0.08000 ms 
Time of (13)Compress Graph : 0.05800 ms 
Time of (20)Thrust gather : 0.05100 ms 
Time of (3)Processing for multi component Euler tour : 0.03700 ms 
Time of (18)Functor : 0.01400 ms 
Time of (24)Component Parent, Reversals : 0.00800 ms 
Time of (17)Component Parent, Reversals : 0.00500 ms 
Time of (14)Get compressed list : 0.00500 ms 
Time of (22)Get Successor : 0.00400 ms 
Time of (16)Get edges : 0.00400 ms 
Time (total): 9.57300 ms 
--------------------------------------------------------
filename: coPapersCiteseer.txt
Nodes : 434102
Edges : 16036720

------------------------------------------------------
Deleted : 100
Tree edges deleted : 1
Non-tree edges deleted : 99
Time of (6)Edge Deletion : 2.142000 ms 
Time of (12)Hooking Shortcutting : 0.95900 ms 
Time of (4)Multi component Euler tour internal  : 0.95600 ms 
Time of (9)Get key rem collections : 0.64500 ms 
Time of (21)CSR creation : 0.64200 ms 
Time of (1)Get key rem collections : 0.57400 ms 
Time of (8)Generate new edges : 0.52200 ms 
Time of (5)Retrieving back first and last times  : 0.42700 ms 
Time of (25)Reverse Edges and Connect Parent : 0.40600 ms 
Time of (10)Convert to collection : 0.36900 ms 
Time of (2)Convert to collection : 0.36700 ms 
Time of (15)Transedges prefix : 0.30800 ms 
Time of (7)Remove edges : 0.27700 ms 
Time of (11)Shortcut rep : 0.21600 ms 
Time of (23)List ranking : 0.19000 ms 
Time of (19)Thrust Sorting : 0.10000 ms 
Time of (0)Extracting Roots : 0.08600 ms 
Time of (13)Compress Graph : 0.05700 ms 
Time of (20)Thrust gather : 0.05000 ms 
Time of (3)Processing for multi component Euler tour : 0.03600 ms 
Time of (18)Functor : 0.01400 ms 
Time of (24)Component Parent, Reversals : 0.00900 ms 
Time of (17)Component Parent, Reversals : 0.00500 ms 
Time of (22)Get Successor : 0.00400 ms 
Time of (16)Get edges : 0.00400 ms 
Time of (14)Get compressed list : 0.00400 ms 
Time (total): 9.36900 ms 
--------------------------------------------------------
filename: coPapersCiteseer.txt
Nodes : 434102
Edges : 16036720

------------------------------------------------------
Deleted : 100
Tree edges deleted : 2
Non-tree edges deleted : 98
Time of (6)Edge Deletion : 2.436000 ms 
Time of (12)Hooking Shortcutting : 1.43700 ms 
Time of (4)Multi component Euler tour internal  : 0.97900 ms 
Time of (21)CSR creation : 0.63700 ms 
Time of (9)Get key rem collections : 0.57000 ms 
Time of (1)Get key rem collections : 0.56400 ms 
Time of (8)Generate new edges : 0.52300 ms 
Time of (25)Reverse Edges and Connect Parent : 0.41400 ms 
Time of (5)Retrieving back first and last times  : 0.40200 ms 
Time of (2)Convert to collection : 0.37300 ms 
Time of (10)Convert to collection : 0.36700 ms 
Time of (15)Transedges prefix : 0.30700 ms 
Time of (7)Remove edges : 0.28600 ms 
Time of (23)List ranking : 0.27100 ms 
Time of (11)Shortcut rep : 0.21300 ms 
Time of (19)Thrust Sorting : 0.10300 ms 
Time of (0)Extracting Roots : 0.07900 ms 
Time of (13)Compress Graph : 0.05700 ms 
Time of (20)Thrust gather : 0.05100 ms 
Time of (3)Processing for multi component Euler tour : 0.03700 ms 
Time of (18)Functor : 0.01500 ms 
Time of (24)Component Parent, Reversals : 0.00900 ms 
Time of (17)Component Parent, Reversals : 0.00600 ms 
Time of (14)Get compressed list : 0.00500 ms 
Time of (22)Get Successor : 0.00400 ms 
Time of (16)Get edges : 0.00400 ms 
Time (total): 10.14900 ms 
--------------------------------------------------------
filename: coPapersCiteseer.txt
Nodes : 434102
Edges : 16036720

------------------------------------------------------
Deleted : 1000
Tree edges deleted : 23
Non-tree edges deleted : 977
Time of (6)Edge Deletion : 2.095000 ms 
Time of (12)Hooking Shortcutting : 1.91900 ms 
Time of (4)Multi component Euler tour internal  : 0.95000 ms 
Time of (9)Get key rem collections : 0.76000 ms 
Time of (21)CSR creation : 0.64200 ms 
Time of (23)List ranking : 0.61500 ms 
Time of (1)Get key rem collections : 0.59500 ms 
Time of (8)Generate new edges : 0.52200 ms 
Time of (5)Retrieving back first and last times  : 0.42700 ms 
Time of (25)Reverse Edges and Connect Parent : 0.40500 ms 
Time of (2)Convert to collection : 0.36900 ms 
Time of (10)Convert to collection : 0.36800 ms 
Time of (7)Remove edges : 0.31300 ms 
Time of (15)Transedges prefix : 0.29500 ms 
Time of (11)Shortcut rep : 0.18300 ms 
Time of (19)Thrust Sorting : 0.11600 ms 
Time of (0)Extracting Roots : 0.07700 ms 
Time of (13)Compress Graph : 0.05800 ms 
Time of (20)Thrust gather : 0.05000 ms 
Time of (3)Processing for multi component Euler tour : 0.03500 ms 
Time of (18)Functor : 0.01500 ms 
Time of (24)Component Parent, Reversals : 0.00900 ms 
Time of (22)Get Successor : 0.00500 ms 
Time of (17)Component Parent, Reversals : 0.00400 ms 
Time of (16)Get edges : 0.00400 ms 
Time of (14)Get compressed list : 0.00400 ms 
Time (total): 10.83500 ms 
--------------------------------------------------------
filename: coPapersCiteseer.txt
Nodes : 434102
Edges : 16036720

------------------------------------------------------
Deleted : 1000
Tree edges deleted : 17
Non-tree edges deleted : 983
Time of (6)Edge Deletion : 2.150000 ms 
Time of (12)Hooking Shortcutting : 1.92600 ms 
Time of (4)Multi component Euler tour internal  : 0.94900 ms 
Time of (21)CSR creation : 0.63600 ms 
Time of (1)Get key rem collections : 0.62800 ms 
Time of (23)List ranking : 0.62300 ms 
Time of (9)Get key rem collections : 0.58500 ms 
Time of (8)Generate new edges : 0.52100 ms 
Time of (25)Reverse Edges and Connect Parent : 0.42200 ms 
Time of (5)Retrieving back first and last times  : 0.40200 ms 
Time of (10)Convert to collection : 0.36800 ms 
Time of (2)Convert to collection : 0.36700 ms 
Time of (7)Remove edges : 0.33100 ms 
Time of (15)Transedges prefix : 0.30800 ms 
Time of (11)Shortcut rep : 0.18200 ms 
Time of (19)Thrust Sorting : 0.11300 ms 
Time of (0)Extracting Roots : 0.08900 ms 
Time of (13)Compress Graph : 0.06200 ms 
Time of (20)Thrust gather : 0.05300 ms 
Time of (3)Processing for multi component Euler tour : 0.03700 ms 
Time of (18)Functor : 0.01700 ms 
Time of (24)Component Parent, Reversals : 0.01000 ms 
Time of (22)Get Successor : 0.00600 ms 
Time of (17)Component Parent, Reversals : 0.00600 ms 
Time of (16)Get edges : 0.00600 ms 
Time of (14)Get compressed list : 0.00500 ms 
Time (total): 10.80200 ms 
--------------------------------------------------------
filename: coPapersCiteseer.txt
Nodes : 434102
Edges : 16036720

------------------------------------------------------
Deleted : 1000
Tree edges deleted : 15
Non-tree edges deleted : 985
Time of (6)Edge Deletion : 2.149000 ms 
Time of (12)Hooking Shortcutting : 1.92400 ms 
Time of (4)Multi component Euler tour internal  : 0.99900 ms 
Time of (21)CSR creation : 0.64400 ms 
Time of (1)Get key rem collections : 0.60000 ms 
Time of (9)Get key rem collections : 0.57200 ms 
Time of (23)List ranking : 0.53100 ms 
Time of (8)Generate new edges : 0.52300 ms 
Time of (5)Retrieving back first and last times  : 0.42900 ms 
Time of (25)Reverse Edges and Connect Parent : 0.40900 ms 
Time of (10)Convert to collection : 0.36900 ms 
Time of (2)Convert to collection : 0.36800 ms 
Time of (15)Transedges prefix : 0.29000 ms 
Time of (7)Remove edges : 0.27800 ms 
Time of (11)Shortcut rep : 0.21500 ms 
Time of (19)Thrust Sorting : 0.11100 ms 
Time of (0)Extracting Roots : 0.07900 ms 
Time of (13)Compress Graph : 0.05800 ms 
Time of (20)Thrust gather : 0.05100 ms 
Time of (3)Processing for multi component Euler tour : 0.03700 ms 
Time of (18)Functor : 0.01500 ms 
Time of (24)Component Parent, Reversals : 0.00900 ms 
Time of (22)Get Successor : 0.00500 ms 
Time of (17)Component Parent, Reversals : 0.00500 ms 
Time of (16)Get edges : 0.00400 ms 
Time of (14)Get compressed list : 0.00400 ms 
Time (total): 10.67800 ms 
--------------------------------------------------------
filename: coPapersCiteseer.txt
Nodes : 434102
Edges : 16036720

------------------------------------------------------
Deleted : 1000
Tree edges deleted : 16
Non-tree edges deleted : 984
Time of (6)Edge Deletion : 2.454000 ms 
Time of (12)Hooking Shortcutting : 1.89600 ms 
Time of (4)Multi component Euler tour internal  : 0.97000 ms 
Time of (21)CSR creation : 0.74500 ms 
Time of (1)Get key rem collections : 0.59700 ms 
Time of (9)Get key rem collections : 0.58800 ms 
Time of (23)List ranking : 0.53300 ms 
Time of (8)Generate new edges : 0.52300 ms 
Time of (25)Reverse Edges and Connect Parent : 0.41600 ms 
Time of (5)Retrieving back first and last times  : 0.41500 ms 
Time of (2)Convert to collection : 0.37500 ms 
Time of (10)Convert to collection : 0.36800 ms 
Time of (7)Remove edges : 0.30500 ms 
Time of (15)Transedges prefix : 0.29600 ms 
Time of (11)Shortcut rep : 0.18200 ms 
Time of (19)Thrust Sorting : 0.10900 ms 
Time of (0)Extracting Roots : 0.08100 ms 
Time of (13)Compress Graph : 0.05800 ms 
Time of (20)Thrust gather : 0.05100 ms 
Time of (3)Processing for multi component Euler tour : 0.03900 ms 
Time of (18)Functor : 0.01500 ms 
Time of (24)Component Parent, Reversals : 0.01000 ms 
Time of (22)Get Successor : 0.00500 ms 
Time of (17)Component Parent, Reversals : 0.00500 ms 
Time of (16)Get edges : 0.00500 ms 
Time of (14)Get compressed list : 0.00400 ms 
Time (total): 11.04500 ms 
--------------------------------------------------------
filename: coPapersCiteseer.txt
Nodes : 434102
Edges : 16036720

------------------------------------------------------
Deleted : 1000
Tree edges deleted : 16
Non-tree edges deleted : 984
Time of (6)Edge Deletion : 2.105000 ms 
Time of (12)Hooking Shortcutting : 1.88600 ms 
Time of (25)Reverse Edges and Connect Parent : 1.44100 ms 
Time of (4)Multi component Euler tour internal  : 0.95600 ms 
Time of (21)CSR creation : 0.65300 ms 
Time of (1)Get key rem collections : 0.60700 ms 
Time of (9)Get key rem collections : 0.56800 ms 
Time of (23)List ranking : 0.52300 ms 
Time of (8)Generate new edges : 0.52000 ms 
Time of (5)Retrieving back first and last times  : 0.46400 ms 
Time of (10)Convert to collection : 0.36800 ms 
Time of (2)Convert to collection : 0.36400 ms 
Time of (15)Transedges prefix : 0.29100 ms 
Time of (7)Remove edges : 0.27400 ms 
Time of (11)Shortcut rep : 0.18000 ms 
Time of (19)Thrust Sorting : 0.10700 ms 
Time of (0)Extracting Roots : 0.07700 ms 
Time of (13)Compress Graph : 0.05800 ms 
Time of (20)Thrust gather : 0.04900 ms 
Time of (3)Processing for multi component Euler tour : 0.03600 ms 
Time of (18)Functor : 0.01500 ms 
Time of (24)Component Parent, Reversals : 0.01000 ms 
Time of (22)Get Successor : 0.00600 ms 
Time of (17)Component Parent, Reversals : 0.00500 ms 
Time of (16)Get edges : 0.00500 ms 
Time of (14)Get compressed list : 0.00400 ms 
Time (total): 11.57200 ms 
--------------------------------------------------------
