filename: europe_osm.txt
Nodes : 50912018
Edges : 54054660

------------------------------------------------------
Deleted : 100000
Tree edges deleted : 16545
Non-tree edges deleted : 83455
Time of (4)Multi component Euler tour internal  : 62.968000 ms 
Time of (5)Retrieving back first and last times  : 40.34600 ms 
Time of (12)Hooking Shortcutting : 39.77400 ms 
Time of (11)Shortcut rep : 9.00100 ms 
Time of (3)Processing for multi component Euler tour : 7.24800 ms 
Time of (6)Edge Deletion : 3.36700 ms 
Time of (1)Get key rem collections : 3.24400 ms 
Time of (25)Reverse Edges and Connect Parent : 2.83000 ms 
Time of (23)List ranking : 1.64000 ms 
Time of (9)Get key rem collections : 1.64000 ms 
Time of (8)Generate new edges : 1.27600 ms 
Time of (0)Extracting Roots : 1.20300 ms 
Time of (2)Convert to collection : 1.16600 ms 
Time of (10)Convert to collection : 0.81300 ms 
Time of (21)CSR creation : 0.70400 ms 
Time of (15)Transedges prefix : 0.61800 ms 
Time of (13)Compress Graph : 0.61000 ms 
Time of (7)Remove edges : 0.60500 ms 
Time of (19)Thrust Sorting : 0.17700 ms 
Time of (20)Thrust gather : 0.04700 ms 
Time of (24)Component Parent, Reversals : 0.02100 ms 
Time of (18)Functor : 0.01900 ms 
Time of (17)Component Parent, Reversals : 0.01800 ms 
Time of (22)Get Successor : 0.01400 ms 
Time of (16)Get edges : 0.01400 ms 
Time of (14)Get compressed list : 0.01200 ms 
Time (total): 179.37500 ms 
--------------------------------------------------------
filename: europe_osm.txt
Nodes : 50912018
Edges : 54054660

------------------------------------------------------
Deleted : 100000
Tree edges deleted : 16373
Non-tree edges deleted : 83627
Time of (4)Multi component Euler tour internal  : 61.184000 ms 
Time of (5)Retrieving back first and last times  : 45.52600 ms 
Time of (12)Hooking Shortcutting : 16.68400 ms 
Time of (11)Shortcut rep : 8.92100 ms 
Time of (1)Get key rem collections : 7.48700 ms 
Time of (3)Processing for multi component Euler tour : 7.22600 ms 
Time of (6)Edge Deletion : 2.83000 ms 
Time of (25)Reverse Edges and Connect Parent : 2.82100 ms 
Time of (9)Get key rem collections : 1.59500 ms 
Time of (23)List ranking : 1.51100 ms 
Time of (8)Generate new edges : 1.27100 ms 
Time of (2)Convert to collection : 1.12600 ms 
Time of (0)Extracting Roots : 1.07400 ms 
Time of (10)Convert to collection : 0.80600 ms 
Time of (21)CSR creation : 0.68000 ms 
Time of (15)Transedges prefix : 0.61800 ms 
Time of (7)Remove edges : 0.58100 ms 
Time of (13)Compress Graph : 0.56200 ms 
Time of (19)Thrust Sorting : 0.16900 ms 
Time of (20)Thrust gather : 0.04500 ms 
Time of (18)Functor : 0.01500 ms 
Time of (24)Component Parent, Reversals : 0.01300 ms 
Time of (16)Get edges : 0.00800 ms 
Time of (22)Get Successor : 0.00700 ms 
Time of (14)Get compressed list : 0.00700 ms 
Time of (17)Component Parent, Reversals : 0.00600 ms 
Time (total): 162.77300 ms 
--------------------------------------------------------
filename: europe_osm.txt
Nodes : 50912018
Edges : 54054660

------------------------------------------------------
Deleted : 100000
Tree edges deleted : 16251
Non-tree edges deleted : 83749
Time of (4)Multi component Euler tour internal  : 65.373000 ms 
Time of (5)Retrieving back first and last times  : 41.66100 ms 
Time of (12)Hooking Shortcutting : 21.29300 ms 
Time of (11)Shortcut rep : 8.93300 ms 
Time of (3)Processing for multi component Euler tour : 7.27800 ms 
Time of (1)Get key rem collections : 3.16100 ms 
Time of (25)Reverse Edges and Connect Parent : 2.79800 ms 
Time of (6)Edge Deletion : 2.65500 ms 
Time of (9)Get key rem collections : 1.66500 ms 
Time of (23)List ranking : 1.51900 ms 
Time of (8)Generate new edges : 1.27200 ms 
Time of (2)Convert to collection : 1.12900 ms 
Time of (0)Extracting Roots : 1.04900 ms 
Time of (10)Convert to collection : 0.81000 ms 
Time of (21)CSR creation : 0.68300 ms 
Time of (15)Transedges prefix : 0.65100 ms 
Time of (7)Remove edges : 0.58400 ms 
Time of (13)Compress Graph : 0.55400 ms 
Time of (19)Thrust Sorting : 0.17100 ms 
Time of (20)Thrust gather : 0.04400 ms 
Time of (18)Functor : 0.01500 ms 
Time of (24)Component Parent, Reversals : 0.01200 ms 
Time of (22)Get Successor : 0.00700 ms 
Time of (17)Component Parent, Reversals : 0.00700 ms 
Time of (16)Get edges : 0.00700 ms 
Time of (14)Get compressed list : 0.00600 ms 
Time (total): 163.33700 ms 
--------------------------------------------------------
filename: europe_osm.txt
Nodes : 50912018
Edges : 54054660

------------------------------------------------------
Deleted : 100000
Tree edges deleted : 16136
Non-tree edges deleted : 83864
Time of (4)Multi component Euler tour internal  : 59.752000 ms 
Time of (5)Retrieving back first and last times  : 42.33200 ms 
Time of (12)Hooking Shortcutting : 26.61900 ms 
Time of (11)Shortcut rep : 8.87000 ms 
Time of (3)Processing for multi component Euler tour : 7.25300 ms 
Time of (1)Get key rem collections : 3.18700 ms 
Time of (25)Reverse Edges and Connect Parent : 2.80200 ms 
Time of (6)Edge Deletion : 2.68100 ms 
Time of (9)Get key rem collections : 1.59900 ms 
Time of (23)List ranking : 1.51000 ms 
Time of (8)Generate new edges : 1.27100 ms 
Time of (2)Convert to collection : 1.12700 ms 
Time of (0)Extracting Roots : 1.04400 ms 
Time of (10)Convert to collection : 0.80800 ms 
Time of (21)CSR creation : 0.68500 ms 
Time of (15)Transedges prefix : 0.61300 ms 
Time of (7)Remove edges : 0.59300 ms 
Time of (13)Compress Graph : 0.55100 ms 
Time of (19)Thrust Sorting : 0.17200 ms 
Time of (20)Thrust gather : 0.04200 ms 
Time of (18)Functor : 0.01400 ms 
Time of (24)Component Parent, Reversals : 0.01300 ms 
Time of (14)Get compressed list : 0.00700 ms 
Time of (22)Get Successor : 0.00600 ms 
Time of (17)Component Parent, Reversals : 0.00600 ms 
Time of (16)Get edges : 0.00600 ms 
Time (total): 163.56300 ms 
--------------------------------------------------------
filename: europe_osm.txt
Nodes : 50912018
Edges : 54054660

------------------------------------------------------
Deleted : 100000
Tree edges deleted : 16498
Non-tree edges deleted : 83502
Time of (4)Multi component Euler tour internal  : 63.005000 ms 
Time of (5)Retrieving back first and last times  : 45.75900 ms 
Time of (12)Hooking Shortcutting : 31.58300 ms 
Time of (11)Shortcut rep : 9.55500 ms 
Time of (3)Processing for multi component Euler tour : 7.28900 ms 
Time of (1)Get key rem collections : 3.07700 ms 
Time of (25)Reverse Edges and Connect Parent : 2.82000 ms 
Time of (6)Edge Deletion : 2.66600 ms 
Time of (9)Get key rem collections : 1.64300 ms 
Time of (23)List ranking : 1.60400 ms 
Time of (8)Generate new edges : 1.29500 ms 
Time of (2)Convert to collection : 1.12600 ms 
Time of (0)Extracting Roots : 1.06200 ms 
Time of (10)Convert to collection : 0.83800 ms 
Time of (21)CSR creation : 0.68000 ms 
Time of (15)Transedges prefix : 0.62500 ms 
Time of (7)Remove edges : 0.61100 ms 
Time of (13)Compress Graph : 0.55900 ms 
Time of (19)Thrust Sorting : 0.17300 ms 
Time of (20)Thrust gather : 0.04300 ms 
Time of (18)Functor : 0.01400 ms 
Time of (24)Component Parent, Reversals : 0.01300 ms 
Time of (16)Get edges : 0.00700 ms 
Time of (17)Component Parent, Reversals : 0.00600 ms 
Time of (14)Get compressed list : 0.00600 ms 
Time of (22)Get Successor : 0.00500 ms 
Time (total): 176.06400 ms 
--------------------------------------------------------
filename: europe_osm.txt
Nodes : 50912018
Edges : 54054660

------------------------------------------------------
Deleted : 10000
Tree edges deleted : 1666
Non-tree edges deleted : 8334
Time of (4)Multi component Euler tour internal  : 62.895000 ms 
Time of (5)Retrieving back first and last times  : 41.15000 ms 
Time of (12)Hooking Shortcutting : 22.83700 ms 
Time of (11)Shortcut rep : 9.68600 ms 
Time of (3)Processing for multi component Euler tour : 7.28800 ms 
Time of (1)Get key rem collections : 2.97000 ms 
Time of (6)Edge Deletion : 2.90900 ms 
Time of (25)Reverse Edges and Connect Parent : 2.09000 ms 
Time of (9)Get key rem collections : 1.68700 ms 
Time of (8)Generate new edges : 1.30800 ms 
Time of (0)Extracting Roots : 1.12300 ms 
Time of (2)Convert to collection : 1.12200 ms 
Time of (23)List ranking : 1.00400 ms 
Time of (10)Convert to collection : 0.85500 ms 
Time of (7)Remove edges : 0.66600 ms 
Time of (15)Transedges prefix : 0.66500 ms 
Time of (21)CSR creation : 0.63600 ms 
Time of (13)Compress Graph : 0.57200 ms 
Time of (19)Thrust Sorting : 0.08700 ms 
Time of (20)Thrust gather : 0.04400 ms 
Time of (18)Functor : 0.01400 ms 
Time of (24)Component Parent, Reversals : 0.01000 ms 
Time of (16)Get edges : 0.00800 ms 
Time of (22)Get Successor : 0.00600 ms 
Time of (17)Component Parent, Reversals : 0.00500 ms 
Time of (14)Get compressed list : 0.00500 ms 
Time (total): 161.64200 ms 
--------------------------------------------------------
filename: europe_osm.txt
Nodes : 50912018
Edges : 54054660

------------------------------------------------------
Deleted : 10000
Tree edges deleted : 1633
Non-tree edges deleted : 8367
Time of (4)Multi component Euler tour internal  : 62.670000 ms 
Time of (5)Retrieving back first and last times  : 44.77300 ms 
Time of (12)Hooking Shortcutting : 22.59600 ms 
Time of (11)Shortcut rep : 11.02300 ms 
Time of (3)Processing for multi component Euler tour : 7.20800 ms 
Time of (1)Get key rem collections : 3.16500 ms 
Time of (6)Edge Deletion : 2.88000 ms 
Time of (25)Reverse Edges and Connect Parent : 2.09800 ms 
Time of (9)Get key rem collections : 1.93400 ms 
Time of (8)Generate new edges : 1.37400 ms 
Time of (0)Extracting Roots : 1.14500 ms 
Time of (2)Convert to collection : 1.12200 ms 
Time of (23)List ranking : 0.99800 ms 
Time of (10)Convert to collection : 0.93300 ms 
Time of (7)Remove edges : 0.75200 ms 
Time of (21)CSR creation : 0.63600 ms 
Time of (15)Transedges prefix : 0.62800 ms 
Time of (13)Compress Graph : 0.54500 ms 
Time of (19)Thrust Sorting : 0.08600 ms 
Time of (20)Thrust gather : 0.04500 ms 
Time of (18)Functor : 0.01500 ms 
Time of (24)Component Parent, Reversals : 0.00900 ms 
Time of (14)Get compressed list : 0.00700 ms 
Time of (22)Get Successor : 0.00600 ms 
Time of (17)Component Parent, Reversals : 0.00500 ms 
Time of (16)Get edges : 0.00500 ms 
Time (total): 166.65800 ms 
--------------------------------------------------------
filename: europe_osm.txt
Nodes : 50912018
Edges : 54054660

------------------------------------------------------
Deleted : 10000
Tree edges deleted : 1621
Non-tree edges deleted : 8379
Time of (4)Multi component Euler tour internal  : 63.164000 ms 
Time of (5)Retrieving back first and last times  : 43.06000 ms 
Time of (12)Hooking Shortcutting : 15.91800 ms 
Time of (11)Shortcut rep : 11.33700 ms 
Time of (3)Processing for multi component Euler tour : 7.24600 ms 
Time of (1)Get key rem collections : 3.09300 ms 
Time of (6)Edge Deletion : 2.69100 ms 
Time of (25)Reverse Edges and Connect Parent : 2.10300 ms 
Time of (9)Get key rem collections : 1.92300 ms 
Time of (8)Generate new edges : 1.41200 ms 
Time of (2)Convert to collection : 1.13300 ms 
Time of (0)Extracting Roots : 1.05100 ms 
Time of (23)List ranking : 0.99600 ms 
Time of (10)Convert to collection : 0.95400 ms 
Time of (7)Remove edges : 0.80400 ms 
Time of (15)Transedges prefix : 0.65500 ms 
Time of (21)CSR creation : 0.64000 ms 
Time of (13)Compress Graph : 0.59500 ms 
Time of (19)Thrust Sorting : 0.08500 ms 
Time of (20)Thrust gather : 0.04300 ms 
Time of (18)Functor : 0.01300 ms 
Time of (24)Component Parent, Reversals : 0.00900 ms 
Time of (14)Get compressed list : 0.00900 ms 
Time of (17)Component Parent, Reversals : 0.00600 ms 
Time of (16)Get edges : 0.00600 ms 
Time of (22)Get Successor : 0.00500 ms 
Time (total): 158.95100 ms 
--------------------------------------------------------
filename: europe_osm.txt
Nodes : 50912018
Edges : 54054660

------------------------------------------------------
Deleted : 10000
Tree edges deleted : 1615
Non-tree edges deleted : 8385
Time of (4)Multi component Euler tour internal  : 62.959000 ms 
Time of (5)Retrieving back first and last times  : 44.78900 ms 
Time of (12)Hooking Shortcutting : 21.93800 ms 
Time of (11)Shortcut rep : 10.48300 ms 
Time of (3)Processing for multi component Euler tour : 7.29600 ms 
Time of (1)Get key rem collections : 3.09700 ms 
Time of (6)Edge Deletion : 2.67000 ms 
Time of (25)Reverse Edges and Connect Parent : 2.10300 ms 
Time of (9)Get key rem collections : 1.85500 ms 
Time of (8)Generate new edges : 1.34800 ms 
Time of (2)Convert to collection : 1.12400 ms 
Time of (0)Extracting Roots : 1.11300 ms 
Time of (23)List ranking : 0.99500 ms 
Time of (10)Convert to collection : 0.90000 ms 
Time of (7)Remove edges : 0.67200 ms 
Time of (15)Transedges prefix : 0.65100 ms 
Time of (21)CSR creation : 0.64000 ms 
Time of (13)Compress Graph : 0.54800 ms 
Time of (19)Thrust Sorting : 0.08700 ms 
Time of (20)Thrust gather : 0.04300 ms 
Time of (18)Functor : 0.01400 ms 
Time of (24)Component Parent, Reversals : 0.01000 ms 
Time of (14)Get compressed list : 0.00800 ms 
Time of (17)Component Parent, Reversals : 0.00700 ms 
Time of (22)Get Successor : 0.00600 ms 
Time of (16)Get edges : 0.00500 ms 
Time (total): 165.36100 ms 
--------------------------------------------------------
filename: europe_osm.txt
Nodes : 50912018
Edges : 54054660

------------------------------------------------------
Deleted : 10000
Tree edges deleted : 1594
Non-tree edges deleted : 8406
Time of (4)Multi component Euler tour internal  : 63.746000 ms 
Time of (5)Retrieving back first and last times  : 41.51100 ms 
Time of (12)Hooking Shortcutting : 11.63400 ms 
Time of (11)Shortcut rep : 8.95800 ms 
Time of (3)Processing for multi component Euler tour : 7.23900 ms 
Time of (1)Get key rem collections : 3.17500 ms 
Time of (6)Edge Deletion : 2.60200 ms 
Time of (25)Reverse Edges and Connect Parent : 2.10100 ms 
Time of (9)Get key rem collections : 1.70400 ms 
Time of (8)Generate new edges : 1.28300 ms 
Time of (2)Convert to collection : 1.12700 ms 
Time of (0)Extracting Roots : 1.06900 ms 
Time of (23)List ranking : 1.00500 ms 
Time of (10)Convert to collection : 0.82300 ms 
Time of (7)Remove edges : 0.66100 ms 
Time of (21)CSR creation : 0.63700 ms 
Time of (15)Transedges prefix : 0.63100 ms 
Time of (13)Compress Graph : 0.56000 ms 
Time of (19)Thrust Sorting : 0.09600 ms 
Time of (20)Thrust gather : 0.05500 ms 
Time of (18)Functor : 0.01700 ms 
Time of (24)Component Parent, Reversals : 0.01000 ms 
Time of (17)Component Parent, Reversals : 0.00700 ms 
Time of (16)Get edges : 0.00700 ms 
Time of (14)Get compressed list : 0.00700 ms 
Time of (22)Get Successor : 0.00600 ms 
Time (total): 150.67100 ms 
--------------------------------------------------------
filename: europe_osm.txt
Nodes : 50912018
Edges : 54054660

------------------------------------------------------
Deleted : 100
Tree edges deleted : 10
Non-tree edges deleted : 90
Time of (4)Multi component Euler tour internal  : 63.138000 ms 
Time of (5)Retrieving back first and last times  : 44.92200 ms 
Time of (12)Hooking Shortcutting : 10.76100 ms 
Time of (11)Shortcut rep : 8.65700 ms 
Time of (3)Processing for multi component Euler tour : 7.23500 ms 
Time of (1)Get key rem collections : 3.03500 ms 
Time of (6)Edge Deletion : 2.61100 ms 
Time of (25)Reverse Edges and Connect Parent : 2.09700 ms 
Time of (9)Get key rem collections : 1.61500 ms 
Time of (8)Generate new edges : 1.27100 ms 
Time of (2)Convert to collection : 1.12900 ms 
Time of (0)Extracting Roots : 1.04800 ms 
Time of (10)Convert to collection : 0.81200 ms 
Time of (15)Transedges prefix : 0.63200 ms 
Time of (21)CSR creation : 0.60700 ms 
Time of (7)Remove edges : 0.56500 ms 
Time of (13)Compress Graph : 0.55200 ms 
Time of (23)List ranking : 0.43400 ms 
Time of (19)Thrust Sorting : 0.07500 ms 
Time of (20)Thrust gather : 0.04100 ms 
Time of (18)Functor : 0.01200 ms 
Time of (24)Component Parent, Reversals : 0.00900 ms 
Time of (16)Get edges : 0.00800 ms 
Time of (17)Component Parent, Reversals : 0.00700 ms 
Time of (14)Get compressed list : 0.00600 ms 
Time of (22)Get Successor : 0.00500 ms 
Time (total): 151.28400 ms 
--------------------------------------------------------
filename: europe_osm.txt
Nodes : 50912018
Edges : 54054660

------------------------------------------------------
Deleted : 100
Tree edges deleted : 14
Non-tree edges deleted : 86
Time of (4)Multi component Euler tour internal  : 62.568000 ms 
Time of (5)Retrieving back first and last times  : 46.83600 ms 
Time of (12)Hooking Shortcutting : 11.58100 ms 
Time of (11)Shortcut rep : 9.50600 ms 
Time of (3)Processing for multi component Euler tour : 7.23600 ms 
Time of (1)Get key rem collections : 3.24500 ms 
Time of (6)Edge Deletion : 2.59700 ms 
Time of (25)Reverse Edges and Connect Parent : 2.09400 ms 
Time of (9)Get key rem collections : 1.69500 ms 
Time of (8)Generate new edges : 1.30100 ms 
Time of (2)Convert to collection : 1.12300 ms 
Time of (0)Extracting Roots : 1.09500 ms 
Time of (10)Convert to collection : 0.84900 ms 
Time of (7)Remove edges : 0.67400 ms 
Time of (21)CSR creation : 0.62600 ms 
Time of (15)Transedges prefix : 0.62500 ms 
Time of (13)Compress Graph : 0.60800 ms 
Time of (23)List ranking : 0.42700 ms 
Time of (19)Thrust Sorting : 0.07800 ms 
Time of (20)Thrust gather : 0.04100 ms 
Time of (18)Functor : 0.01400 ms 
Time of (24)Component Parent, Reversals : 0.01000 ms 
Time of (17)Component Parent, Reversals : 0.00900 ms 
Time of (14)Get compressed list : 0.00800 ms 
Time of (16)Get edges : 0.00600 ms 
Time of (22)Get Successor : 0.00500 ms 
Time (total): 154.85700 ms 
--------------------------------------------------------
filename: europe_osm.txt
Nodes : 50912018
Edges : 54054660

------------------------------------------------------
Deleted : 100
Tree edges deleted : 23
Non-tree edges deleted : 77
Time of (4)Multi component Euler tour internal  : 63.201000 ms 
Time of (5)Retrieving back first and last times  : 45.20600 ms 
Time of (12)Hooking Shortcutting : 8.97800 ms 
Time of (11)Shortcut rep : 8.72300 ms 
Time of (3)Processing for multi component Euler tour : 7.30900 ms 
Time of (1)Get key rem collections : 3.09800 ms 
Time of (6)Edge Deletion : 2.61400 ms 
Time of (25)Reverse Edges and Connect Parent : 2.07200 ms 
Time of (9)Get key rem collections : 1.69200 ms 
Time of (8)Generate new edges : 1.27100 ms 
Time of (2)Convert to collection : 1.12000 ms 
Time of (0)Extracting Roots : 1.04200 ms 
Time of (10)Convert to collection : 0.81000 ms 
Time of (15)Transedges prefix : 0.65800 ms 
Time of (7)Remove edges : 0.62600 ms 
Time of (21)CSR creation : 0.61100 ms 
Time of (13)Compress Graph : 0.58900 ms 
Time of (23)List ranking : 0.51300 ms 
Time of (19)Thrust Sorting : 0.07700 ms 
Time of (20)Thrust gather : 0.04000 ms 
Time of (18)Functor : 0.01200 ms 
Time of (24)Component Parent, Reversals : 0.01000 ms 
Time of (16)Get edges : 0.00600 ms 
Time of (22)Get Successor : 0.00500 ms 
Time of (17)Component Parent, Reversals : 0.00500 ms 
Time of (14)Get compressed list : 0.00500 ms 
Time (total): 150.29300 ms 
--------------------------------------------------------
filename: europe_osm.txt
Nodes : 50912018
Edges : 54054660

------------------------------------------------------
Deleted : 100
Tree edges deleted : 21
Non-tree edges deleted : 79
Time of (4)Multi component Euler tour internal  : 61.319000 ms 
Time of (5)Retrieving back first and last times  : 42.19800 ms 
Time of (12)Hooking Shortcutting : 11.16200 ms 
Time of (11)Shortcut rep : 8.67600 ms 
Time of (3)Processing for multi component Euler tour : 7.26200 ms 
Time of (6)Edge Deletion : 3.82100 ms 
Time of (1)Get key rem collections : 3.17600 ms 
Time of (25)Reverse Edges and Connect Parent : 2.10300 ms 
Time of (9)Get key rem collections : 1.64100 ms 
Time of (8)Generate new edges : 1.57000 ms 
Time of (2)Convert to collection : 1.12200 ms 
Time of (0)Extracting Roots : 1.04100 ms 
Time of (7)Remove edges : 0.84100 ms 
Time of (10)Convert to collection : 0.80900 ms 
Time of (15)Transedges prefix : 0.63500 ms 
Time of (21)CSR creation : 0.61000 ms 
Time of (13)Compress Graph : 0.55000 ms 
Time of (23)List ranking : 0.49800 ms 
Time of (19)Thrust Sorting : 0.07900 ms 
Time of (20)Thrust gather : 0.04000 ms 
Time of (18)Functor : 0.01300 ms 
Time of (24)Component Parent, Reversals : 0.01000 ms 
Time of (14)Get compressed list : 0.00800 ms 
Time of (22)Get Successor : 0.00700 ms 
Time of (17)Component Parent, Reversals : 0.00600 ms 
Time of (16)Get edges : 0.00600 ms 
Time (total): 149.20300 ms 
--------------------------------------------------------
filename: europe_osm.txt
Nodes : 50912018
Edges : 54054660

------------------------------------------------------
Deleted : 100
Tree edges deleted : 17
Non-tree edges deleted : 83
Time of (4)Multi component Euler tour internal  : 62.496000 ms 
Time of (5)Retrieving back first and last times  : 44.21600 ms 
Time of (12)Hooking Shortcutting : 9.23500 ms 
Time of (11)Shortcut rep : 8.69900 ms 
Time of (3)Processing for multi component Euler tour : 7.23500 ms 
Time of (25)Reverse Edges and Connect Parent : 6.24600 ms 
Time of (1)Get key rem collections : 3.24900 ms 
Time of (6)Edge Deletion : 2.60900 ms 
Time of (9)Get key rem collections : 1.62400 ms 
Time of (8)Generate new edges : 1.27300 ms 
Time of (2)Convert to collection : 1.13700 ms 
Time of (0)Extracting Roots : 1.04100 ms 
Time of (10)Convert to collection : 0.81200 ms 
Time of (15)Transedges prefix : 0.61500 ms 
Time of (21)CSR creation : 0.60700 ms 
Time of (7)Remove edges : 0.56500 ms 
Time of (13)Compress Graph : 0.54900 ms 
Time of (23)List ranking : 0.49700 ms 
Time of (19)Thrust Sorting : 0.07600 ms 
Time of (20)Thrust gather : 0.03900 ms 
Time of (18)Functor : 0.01100 ms 
Time of (24)Component Parent, Reversals : 0.01000 ms 
Time of (14)Get compressed list : 0.00700 ms 
Time of (22)Get Successor : 0.00600 ms 
Time of (17)Component Parent, Reversals : 0.00600 ms 
Time of (16)Get edges : 0.00600 ms 
Time (total): 152.86600 ms 
--------------------------------------------------------
filename: europe_osm.txt
Nodes : 50912018
Edges : 54054660

------------------------------------------------------
Deleted : 1000
Tree edges deleted : 182
Non-tree edges deleted : 818
Time of (4)Multi component Euler tour internal  : 62.312000 ms 
Time of (5)Retrieving back first and last times  : 42.07700 ms 
Time of (12)Hooking Shortcutting : 11.44900 ms 
Time of (11)Shortcut rep : 10.98200 ms 
Time of (3)Processing for multi component Euler tour : 7.24900 ms 
Time of (6)Edge Deletion : 3.66300 ms 
Time of (1)Get key rem collections : 3.04200 ms 
Time of (25)Reverse Edges and Connect Parent : 2.06400 ms 
Time of (9)Get key rem collections : 1.94100 ms 
Time of (8)Generate new edges : 1.47900 ms 
Time of (2)Convert to collection : 1.12300 ms 
Time of (0)Extracting Roots : 1.10900 ms 
Time of (10)Convert to collection : 0.99500 ms 
Time of (23)List ranking : 0.75400 ms 
Time of (7)Remove edges : 0.75400 ms 
Time of (15)Transedges prefix : 0.63400 ms 
Time of (21)CSR creation : 0.62900 ms 
Time of (13)Compress Graph : 0.54800 ms 
Time of (19)Thrust Sorting : 0.08300 ms 
Time of (20)Thrust gather : 0.04100 ms 
Time of (18)Functor : 0.01200 ms 
Time of (24)Component Parent, Reversals : 0.01000 ms 
Time of (17)Component Parent, Reversals : 0.00700 ms 
Time of (14)Get compressed list : 0.00700 ms 
Time of (16)Get edges : 0.00600 ms 
Time of (22)Get Successor : 0.00500 ms 
Time (total): 152.97500 ms 
--------------------------------------------------------
filename: europe_osm.txt
Nodes : 50912018
Edges : 54054660

------------------------------------------------------
Deleted : 1000
Tree edges deleted : 173
Non-tree edges deleted : 827
Time of (4)Multi component Euler tour internal  : 63.078000 ms 
Time of (5)Retrieving back first and last times  : 44.86800 ms 
Time of (12)Hooking Shortcutting : 20.55400 ms 
Time of (11)Shortcut rep : 11.22500 ms 
Time of (3)Processing for multi component Euler tour : 7.26500 ms 
Time of (1)Get key rem collections : 2.99800 ms 
Time of (6)Edge Deletion : 2.70200 ms 
Time of (25)Reverse Edges and Connect Parent : 2.06400 ms 
Time of (9)Get key rem collections : 2.01000 ms 
Time of (8)Generate new edges : 1.41300 ms 
Time of (2)Convert to collection : 1.11900 ms 
Time of (0)Extracting Roots : 1.06200 ms 
Time of (10)Convert to collection : 0.95500 ms 
Time of (23)List ranking : 0.75600 ms 
Time of (7)Remove edges : 0.73700 ms 
Time of (15)Transedges prefix : 0.63700 ms 
Time of (21)CSR creation : 0.63000 ms 
Time of (13)Compress Graph : 0.54800 ms 
Time of (19)Thrust Sorting : 0.08500 ms 
Time of (20)Thrust gather : 0.04400 ms 
Time of (18)Functor : 0.01200 ms 
Time of (24)Component Parent, Reversals : 0.01000 ms 
Time of (16)Get edges : 0.00700 ms 
Time of (14)Get compressed list : 0.00700 ms 
Time of (22)Get Successor : 0.00600 ms 
Time of (17)Component Parent, Reversals : 0.00600 ms 
Time (total): 164.79800 ms 
--------------------------------------------------------
filename: europe_osm.txt
Nodes : 50912018
Edges : 54054660

------------------------------------------------------
Deleted : 1000
Tree edges deleted : 150
Non-tree edges deleted : 850
Time of (4)Multi component Euler tour internal  : 63.026000 ms 
Time of (5)Retrieving back first and last times  : 39.92400 ms 
Time of (12)Hooking Shortcutting : 11.35700 ms 
Time of (11)Shortcut rep : 8.68600 ms 
Time of (3)Processing for multi component Euler tour : 7.24500 ms 
Time of (1)Get key rem collections : 3.21900 ms 
Time of (6)Edge Deletion : 2.49700 ms 
Time of (25)Reverse Edges and Connect Parent : 2.04900 ms 
Time of (9)Get key rem collections : 1.69500 ms 
Time of (8)Generate new edges : 1.27100 ms 
Time of (2)Convert to collection : 1.12700 ms 
Time of (0)Extracting Roots : 1.05600 ms 
Time of (10)Convert to collection : 0.81400 ms 
Time of (23)List ranking : 0.76000 ms 
Time of (21)CSR creation : 0.65100 ms 
Time of (15)Transedges prefix : 0.62200 ms 
Time of (7)Remove edges : 0.60800 ms 
Time of (13)Compress Graph : 0.57200 ms 
Time of (19)Thrust Sorting : 0.08200 ms 
Time of (20)Thrust gather : 0.04100 ms 
Time of (18)Functor : 0.01200 ms 
Time of (24)Component Parent, Reversals : 0.00900 ms 
Time of (14)Get compressed list : 0.00600 ms 
Time of (22)Get Successor : 0.00500 ms 
Time of (17)Component Parent, Reversals : 0.00500 ms 
Time of (16)Get edges : 0.00400 ms 
Time (total): 147.34300 ms 
--------------------------------------------------------
filename: europe_osm.txt
Nodes : 50912018
Edges : 54054660

------------------------------------------------------
Deleted : 1000
Tree edges deleted : 159
Non-tree edges deleted : 841
Time of (4)Multi component Euler tour internal  : 63.202000 ms 
Time of (5)Retrieving back first and last times  : 41.33900 ms 
Time of (12)Hooking Shortcutting : 10.80400 ms 
Time of (11)Shortcut rep : 8.72200 ms 
Time of (3)Processing for multi component Euler tour : 7.25600 ms 
Time of (1)Get key rem collections : 3.00500 ms 
Time of (6)Edge Deletion : 2.51000 ms 
Time of (25)Reverse Edges and Connect Parent : 2.06200 ms 
Time of (9)Get key rem collections : 1.64600 ms 
Time of (8)Generate new edges : 1.26800 ms 
Time of (2)Convert to collection : 1.11900 ms 
Time of (0)Extracting Roots : 1.06600 ms 
Time of (10)Convert to collection : 0.80900 ms 
Time of (23)List ranking : 0.74100 ms 
Time of (15)Transedges prefix : 0.65400 ms 
Time of (21)CSR creation : 0.63100 ms 
Time of (7)Remove edges : 0.61600 ms 
Time of (13)Compress Graph : 0.56600 ms 
Time of (19)Thrust Sorting : 0.08200 ms 
Time of (20)Thrust gather : 0.04100 ms 
Time of (18)Functor : 0.01200 ms 
Time of (24)Component Parent, Reversals : 0.00800 ms 
Time of (14)Get compressed list : 0.00600 ms 
Time of (17)Component Parent, Reversals : 0.00500 ms 
Time of (16)Get edges : 0.00500 ms 
Time of (22)Get Successor : 0.00400 ms 
Time (total): 148.17900 ms 
--------------------------------------------------------
filename: europe_osm.txt
Nodes : 50912018
Edges : 54054660

------------------------------------------------------
Deleted : 1000
Tree edges deleted : 148
Non-tree edges deleted : 852
Time of (4)Multi component Euler tour internal  : 62.894000 ms 
Time of (5)Retrieving back first and last times  : 45.03200 ms 
Time of (11)Shortcut rep : 8.69300 ms 
Time of (3)Processing for multi component Euler tour : 7.24600 ms 
Time of (12)Hooking Shortcutting : 6.68400 ms 
Time of (1)Get key rem collections : 3.15900 ms 
Time of (6)Edge Deletion : 2.55300 ms 
Time of (25)Reverse Edges and Connect Parent : 2.04400 ms 
Time of (9)Get key rem collections : 1.63800 ms 
Time of (8)Generate new edges : 1.27600 ms 
Time of (2)Convert to collection : 1.13200 ms 
Time of (0)Extracting Roots : 1.06300 ms 
Time of (10)Convert to collection : 0.81300 ms 
Time of (23)List ranking : 0.75500 ms 
Time of (21)CSR creation : 0.64100 ms 
Time of (15)Transedges prefix : 0.63400 ms 
Time of (7)Remove edges : 0.59600 ms 
Time of (13)Compress Graph : 0.57000 ms 
Time of (19)Thrust Sorting : 0.08200 ms 
Time of (20)Thrust gather : 0.04300 ms 
Time of (18)Functor : 0.01200 ms 
Time of (24)Component Parent, Reversals : 0.01100 ms 
Time of (14)Get compressed list : 0.00700 ms 
Time of (22)Get Successor : 0.00600 ms 
Time of (17)Component Parent, Reversals : 0.00600 ms 
Time of (16)Get edges : 0.00600 ms 
Time (total): 147.59600 ms 
--------------------------------------------------------
