filename: GAP-road.txt
Nodes : 23947347
Edges : 28854312

------------------------------------------------------
Deleted : 100000
Tree edges deleted : 9070
Non-tree edges deleted : 90930
Time of (4)Multi component Euler tour internal  : 29.392000 ms 
Time of (5)Retrieving back first and last times  : 22.07300 ms 
Time of (3)Processing for multi component Euler tour : 10.89900 ms 
Time of (12)Hooking Shortcutting : 8.58700 ms 
Time of (11)Shortcut rep : 3.77700 ms 
Time of (6)Edge Deletion : 2.39400 ms 
Time of (1)Get key rem collections : 2.01900 ms 
Time of (25)Reverse Edges and Connect Parent : 1.64400 ms 
Time of (23)List ranking : 1.24600 ms 
Time of (9)Get key rem collections : 0.98800 ms 
Time of (0)Extracting Roots : 0.76800 ms 
Time of (8)Generate new edges : 0.68500 ms 
Time of (21)CSR creation : 0.67100 ms 
Time of (2)Convert to collection : 0.63900 ms 
Time of (10)Convert to collection : 0.45200 ms 
Time of (7)Remove edges : 0.39400 ms 
Time of (15)Transedges prefix : 0.35500 ms 
Time of (13)Compress Graph : 0.31900 ms 
Time of (19)Thrust Sorting : 0.15800 ms 
Time of (20)Thrust gather : 0.04300 ms 
Time of (18)Functor : 0.01400 ms 
Time of (24)Component Parent, Reversals : 0.01000 ms 
Time of (22)Get Successor : 0.00600 ms 
Time of (14)Get compressed list : 0.00600 ms 
Time of (17)Component Parent, Reversals : 0.00500 ms 
Time of (16)Get edges : 0.00400 ms 
Time (total): 87.54800 ms 
--------------------------------------------------------
filename: GAP-road.txt
Nodes : 23947347
Edges : 28854312

------------------------------------------------------
Deleted : 100000
Tree edges deleted : 8919
Non-tree edges deleted : 91081
Time of (4)Multi component Euler tour internal  : 29.776000 ms 
Time of (5)Retrieving back first and last times  : 20.75100 ms 
Time of (12)Hooking Shortcutting : 17.81100 ms 
Time of (3)Processing for multi component Euler tour : 10.83900 ms 
Time of (11)Shortcut rep : 6.04400 ms 
Time of (6)Edge Deletion : 2.56800 ms 
Time of (1)Get key rem collections : 2.01900 ms 
Time of (25)Reverse Edges and Connect Parent : 1.49400 ms 
Time of (9)Get key rem collections : 1.33600 ms 
Time of (23)List ranking : 1.26400 ms 
Time of (8)Generate new edges : 0.90300 ms 
Time of (0)Extracting Roots : 0.76700 ms 
Time of (21)CSR creation : 0.64600 ms 
Time of (2)Convert to collection : 0.63300 ms 
Time of (10)Convert to collection : 0.63100 ms 
Time of (7)Remove edges : 0.51100 ms 
Time of (15)Transedges prefix : 0.35700 ms 
Time of (13)Compress Graph : 0.28900 ms 
Time of (19)Thrust Sorting : 0.15900 ms 
Time of (20)Thrust gather : 0.04400 ms 
Time of (18)Functor : 0.01400 ms 
Time of (24)Component Parent, Reversals : 0.00900 ms 
Time of (14)Get compressed list : 0.00600 ms 
Time of (22)Get Successor : 0.00500 ms 
Time of (17)Component Parent, Reversals : 0.00500 ms 
Time of (16)Get edges : 0.00400 ms 
Time (total): 98.88500 ms 
--------------------------------------------------------
filename: GAP-road.txt
Nodes : 23947347
Edges : 28854312

------------------------------------------------------
Deleted : 100000
Tree edges deleted : 8972
Non-tree edges deleted : 91028
Time of (4)Multi component Euler tour internal  : 29.889000 ms 
Time of (5)Retrieving back first and last times  : 21.48100 ms 
Time of (12)Hooking Shortcutting : 12.47600 ms 
Time of (3)Processing for multi component Euler tour : 10.93400 ms 
Time of (11)Shortcut rep : 6.07300 ms 
Time of (6)Edge Deletion : 2.53200 ms 
Time of (1)Get key rem collections : 2.03700 ms 
Time of (25)Reverse Edges and Connect Parent : 1.62700 ms 
Time of (23)List ranking : 1.25800 ms 
Time of (9)Get key rem collections : 1.24000 ms 
Time of (8)Generate new edges : 0.90300 ms 
Time of (0)Extracting Roots : 0.77100 ms 
Time of (7)Remove edges : 0.69700 ms 
Time of (21)CSR creation : 0.65300 ms 
Time of (2)Convert to collection : 0.63400 ms 
Time of (10)Convert to collection : 0.63300 ms 
Time of (15)Transedges prefix : 0.47700 ms 
Time of (13)Compress Graph : 0.44900 ms 
Time of (19)Thrust Sorting : 0.24300 ms 
Time of (20)Thrust gather : 0.05500 ms 
Time of (18)Functor : 0.01700 ms 
Time of (24)Component Parent, Reversals : 0.01100 ms 
Time of (14)Get compressed list : 0.00600 ms 
Time of (22)Get Successor : 0.00500 ms 
Time of (16)Get edges : 0.00500 ms 
Time of (17)Component Parent, Reversals : 0.00400 ms 
Time (total): 95.11000 ms 
--------------------------------------------------------
filename: GAP-road.txt
Nodes : 23947347
Edges : 28854312

------------------------------------------------------
Deleted : 100000
Tree edges deleted : 8887
Non-tree edges deleted : 91113
Time of (4)Multi component Euler tour internal  : 29.910000 ms 
Time of (5)Retrieving back first and last times  : 21.71300 ms 
Time of (12)Hooking Shortcutting : 10.98600 ms 
Time of (3)Processing for multi component Euler tour : 10.88600 ms 
Time of (11)Shortcut rep : 5.15700 ms 
Time of (6)Edge Deletion : 2.90300 ms 
Time of (1)Get key rem collections : 2.03400 ms 
Time of (25)Reverse Edges and Connect Parent : 1.62900 ms 
Time of (23)List ranking : 1.22700 ms 
Time of (9)Get key rem collections : 1.20600 ms 
Time of (8)Generate new edges : 0.79500 ms 
Time of (21)CSR creation : 0.78100 ms 
Time of (0)Extracting Roots : 0.73800 ms 
Time of (2)Convert to collection : 0.64000 ms 
Time of (10)Convert to collection : 0.55400 ms 
Time of (7)Remove edges : 0.44300 ms 
Time of (15)Transedges prefix : 0.43000 ms 
Time of (13)Compress Graph : 0.36600 ms 
Time of (19)Thrust Sorting : 0.20600 ms 
Time of (20)Thrust gather : 0.05000 ms 
Time of (18)Functor : 0.01600 ms 
Time of (24)Component Parent, Reversals : 0.00800 ms 
Time of (17)Component Parent, Reversals : 0.00600 ms 
Time of (14)Get compressed list : 0.00500 ms 
Time of (22)Get Successor : 0.00400 ms 
Time of (16)Get edges : 0.00400 ms 
Time (total): 92.69700 ms 
--------------------------------------------------------
filename: GAP-road.txt
Nodes : 23947347
Edges : 28854312

------------------------------------------------------
Deleted : 100000
Tree edges deleted : 8902
Non-tree edges deleted : 91098
Time of (4)Multi component Euler tour internal  : 29.707000 ms 
Time of (5)Retrieving back first and last times  : 20.33400 ms 
Time of (12)Hooking Shortcutting : 19.08800 ms 
Time of (3)Processing for multi component Euler tour : 11.00600 ms 
Time of (11)Shortcut rep : 6.07200 ms 
Time of (6)Edge Deletion : 3.36000 ms 
Time of (1)Get key rem collections : 2.03500 ms 
Time of (25)Reverse Edges and Connect Parent : 1.63700 ms 
Time of (9)Get key rem collections : 1.35800 ms 
Time of (23)List ranking : 1.23200 ms 
Time of (8)Generate new edges : 0.90000 ms 
Time of (0)Extracting Roots : 0.76500 ms 
Time of (21)CSR creation : 0.65200 ms 
Time of (10)Convert to collection : 0.62900 ms 
Time of (2)Convert to collection : 0.62800 ms 
Time of (7)Remove edges : 0.62500 ms 
Time of (15)Transedges prefix : 0.53100 ms 
Time of (13)Compress Graph : 0.48500 ms 
Time of (19)Thrust Sorting : 0.24400 ms 
Time of (20)Thrust gather : 0.05500 ms 
Time of (18)Functor : 0.01700 ms 
Time of (24)Component Parent, Reversals : 0.00800 ms 
Time of (14)Get compressed list : 0.00700 ms 
Time of (22)Get Successor : 0.00400 ms 
Time of (17)Component Parent, Reversals : 0.00400 ms 
Time of (16)Get edges : 0.00400 ms 
Time (total): 101.38700 ms 
--------------------------------------------------------
filename: GAP-road.txt
Nodes : 23947347
Edges : 28854312

------------------------------------------------------
Deleted : 10000
Tree edges deleted : 909
Non-tree edges deleted : 9091
Time of (4)Multi component Euler tour internal  : 29.779000 ms 
Time of (5)Retrieving back first and last times  : 20.19000 ms 
Time of (3)Processing for multi component Euler tour : 10.89300 ms 
Time of (12)Hooking Shortcutting : 6.40600 ms 
Time of (11)Shortcut rep : 4.20900 ms 
Time of (6)Edge Deletion : 2.66700 ms 
Time of (1)Get key rem collections : 2.05800 ms 
Time of (25)Reverse Edges and Connect Parent : 1.61300 ms 
Time of (23)List ranking : 0.95900 ms 
Time of (9)Get key rem collections : 0.94200 ms 
Time of (0)Extracting Roots : 0.75900 ms 
Time of (8)Generate new edges : 0.71100 ms 
Time of (21)CSR creation : 0.64100 ms 
Time of (2)Convert to collection : 0.63300 ms 
Time of (10)Convert to collection : 0.48700 ms 
Time of (15)Transedges prefix : 0.38000 ms 
Time of (13)Compress Graph : 0.37900 ms 
Time of (7)Remove edges : 0.37600 ms 
Time of (19)Thrust Sorting : 0.09300 ms 
Time of (20)Thrust gather : 0.04500 ms 
Time of (18)Functor : 0.01400 ms 
Time of (24)Component Parent, Reversals : 0.00800 ms 
Time of (14)Get compressed list : 0.00600 ms 
Time of (17)Component Parent, Reversals : 0.00500 ms 
Time of (22)Get Successor : 0.00400 ms 
Time of (16)Get edges : 0.00400 ms 
Time (total): 84.26100 ms 
--------------------------------------------------------
filename: GAP-road.txt
Nodes : 23947347
Edges : 28854312

------------------------------------------------------
Deleted : 10000
Tree edges deleted : 895
Non-tree edges deleted : 9105
Time of (4)Multi component Euler tour internal  : 30.042000 ms 
Time of (5)Retrieving back first and last times  : 20.18800 ms 
Time of (3)Processing for multi component Euler tour : 10.80000 ms 
Time of (12)Hooking Shortcutting : 8.47700 ms 
Time of (11)Shortcut rep : 5.97600 ms 
Time of (6)Edge Deletion : 3.30200 ms 
Time of (1)Get key rem collections : 2.07800 ms 
Time of (25)Reverse Edges and Connect Parent : 1.58200 ms 
Time of (9)Get key rem collections : 1.17100 ms 
Time of (23)List ranking : 0.90900 ms 
Time of (8)Generate new edges : 0.90900 ms 
Time of (0)Extracting Roots : 0.73400 ms 
Time of (21)CSR creation : 0.63600 ms 
Time of (10)Convert to collection : 0.63600 ms 
Time of (2)Convert to collection : 0.63400 ms 
Time of (7)Remove edges : 0.60700 ms 
Time of (15)Transedges prefix : 0.35400 ms 
Time of (13)Compress Graph : 0.28100 ms 
Time of (19)Thrust Sorting : 0.08500 ms 
Time of (20)Thrust gather : 0.04300 ms 
Time of (18)Functor : 0.01300 ms 
Time of (24)Component Parent, Reversals : 0.00800 ms 
Time of (14)Get compressed list : 0.00600 ms 
Time of (17)Component Parent, Reversals : 0.00500 ms 
Time of (22)Get Successor : 0.00400 ms 
Time of (16)Get edges : 0.00400 ms 
Time (total): 89.48400 ms 
--------------------------------------------------------
filename: GAP-road.txt
Nodes : 23947347
Edges : 28854312

------------------------------------------------------
Deleted : 10000
Tree edges deleted : 900
Non-tree edges deleted : 9100
Time of (4)Multi component Euler tour internal  : 29.728000 ms 
Time of (5)Retrieving back first and last times  : 20.25600 ms 
Time of (3)Processing for multi component Euler tour : 11.06500 ms 
Time of (12)Hooking Shortcutting : 6.20000 ms 
Time of (11)Shortcut rep : 5.30800 ms 
Time of (6)Edge Deletion : 3.27700 ms 
Time of (1)Get key rem collections : 2.01400 ms 
Time of (25)Reverse Edges and Connect Parent : 1.59000 ms 
Time of (9)Get key rem collections : 1.17300 ms 
Time of (23)List ranking : 0.91500 ms 
Time of (8)Generate new edges : 0.90800 ms 
Time of (0)Extracting Roots : 0.80500 ms 
Time of (21)CSR creation : 0.64200 ms 
Time of (10)Convert to collection : 0.63300 ms 
Time of (2)Convert to collection : 0.63200 ms 
Time of (7)Remove edges : 0.52300 ms 
Time of (15)Transedges prefix : 0.39200 ms 
Time of (13)Compress Graph : 0.28300 ms 
Time of (19)Thrust Sorting : 0.08600 ms 
Time of (20)Thrust gather : 0.04300 ms 
Time of (18)Functor : 0.01400 ms 
Time of (24)Component Parent, Reversals : 0.00800 ms 
Time of (17)Component Parent, Reversals : 0.00500 ms 
Time of (16)Get edges : 0.00500 ms 
Time of (14)Get compressed list : 0.00500 ms 
Time of (22)Get Successor : 0.00400 ms 
Time (total): 86.51400 ms 
--------------------------------------------------------
filename: GAP-road.txt
Nodes : 23947347
Edges : 28854312

------------------------------------------------------
Deleted : 10000
Tree edges deleted : 893
Non-tree edges deleted : 9107
Time of (4)Multi component Euler tour internal  : 29.901000 ms 
Time of (5)Retrieving back first and last times  : 21.36300 ms 
Time of (3)Processing for multi component Euler tour : 10.90400 ms 
Time of (12)Hooking Shortcutting : 5.02100 ms 
Time of (11)Shortcut rep : 3.75500 ms 
Time of (6)Edge Deletion : 3.18300 ms 
Time of (1)Get key rem collections : 2.07600 ms 
Time of (25)Reverse Edges and Connect Parent : 1.58500 ms 
Time of (23)List ranking : 0.91700 ms 
Time of (9)Get key rem collections : 0.87500 ms 
Time of (0)Extracting Roots : 0.75100 ms 
Time of (8)Generate new edges : 0.68700 ms 
Time of (21)CSR creation : 0.64300 ms 
Time of (2)Convert to collection : 0.62900 ms 
Time of (10)Convert to collection : 0.45400 ms 
Time of (15)Transedges prefix : 0.35800 ms 
Time of (7)Remove edges : 0.34200 ms 
Time of (13)Compress Graph : 0.29100 ms 
Time of (19)Thrust Sorting : 0.08700 ms 
Time of (20)Thrust gather : 0.04200 ms 
Time of (18)Functor : 0.01300 ms 
Time of (24)Component Parent, Reversals : 0.00800 ms 
Time of (14)Get compressed list : 0.00600 ms 
Time of (22)Get Successor : 0.00400 ms 
Time of (17)Component Parent, Reversals : 0.00400 ms 
Time of (16)Get edges : 0.00400 ms 
Time (total): 83.90300 ms 
--------------------------------------------------------
filename: GAP-road.txt
Nodes : 23947347
Edges : 28854312

------------------------------------------------------
Deleted : 10000
Tree edges deleted : 884
Non-tree edges deleted : 9116
Time of (4)Multi component Euler tour internal  : 29.455000 ms 
Time of (5)Retrieving back first and last times  : 20.32000 ms 
Time of (3)Processing for multi component Euler tour : 10.98100 ms 
Time of (12)Hooking Shortcutting : 8.29300 ms 
Time of (11)Shortcut rep : 6.04900 ms 
Time of (6)Edge Deletion : 3.28600 ms 
Time of (1)Get key rem collections : 2.06400 ms 
Time of (25)Reverse Edges and Connect Parent : 1.57700 ms 
Time of (9)Get key rem collections : 1.16100 ms 
Time of (23)List ranking : 0.91400 ms 
Time of (8)Generate new edges : 0.90900 ms 
Time of (0)Extracting Roots : 0.75900 ms 
Time of (21)CSR creation : 0.64700 ms 
Time of (10)Convert to collection : 0.63100 ms 
Time of (2)Convert to collection : 0.63100 ms 
Time of (7)Remove edges : 0.56800 ms 
Time of (15)Transedges prefix : 0.47900 ms 
Time of (13)Compress Graph : 0.40900 ms 
Time of (19)Thrust Sorting : 0.12300 ms 
Time of (20)Thrust gather : 0.05400 ms 
Time of (18)Functor : 0.01600 ms 
Time of (24)Component Parent, Reversals : 0.00800 ms 
Time of (14)Get compressed list : 0.00500 ms 
Time of (22)Get Successor : 0.00400 ms 
Time of (17)Component Parent, Reversals : 0.00400 ms 
Time of (16)Get edges : 0.00400 ms 
Time (total): 89.35100 ms 
--------------------------------------------------------
filename: GAP-road.txt
Nodes : 23947347
Edges : 28854312

------------------------------------------------------
Deleted : 100
Tree edges deleted : 9
Non-tree edges deleted : 91
Time of (4)Multi component Euler tour internal  : 29.808000 ms 
Time of (5)Retrieving back first and last times  : 21.40900 ms 
Time of (3)Processing for multi component Euler tour : 10.93300 ms 
Time of (12)Hooking Shortcutting : 6.36600 ms 
Time of (11)Shortcut rep : 5.59600 ms 
Time of (6)Edge Deletion : 3.65700 ms 
Time of (1)Get key rem collections : 2.03300 ms 
Time of (25)Reverse Edges and Connect Parent : 1.76500 ms 
Time of (9)Get key rem collections : 1.08300 ms 
Time of (8)Generate new edges : 0.86200 ms 
Time of (0)Extracting Roots : 0.86200 ms 
Time of (2)Convert to collection : 0.63100 ms 
Time of (21)CSR creation : 0.62600 ms 
Time of (10)Convert to collection : 0.60400 ms 
Time of (15)Transedges prefix : 0.52000 ms 
Time of (23)List ranking : 0.49500 ms 
Time of (7)Remove edges : 0.46500 ms 
Time of (13)Compress Graph : 0.39400 ms 
Time of (19)Thrust Sorting : 0.10200 ms 
Time of (20)Thrust gather : 0.04700 ms 
Time of (18)Functor : 0.01400 ms 
Time of (24)Component Parent, Reversals : 0.00800 ms 
Time of (14)Get compressed list : 0.00600 ms 
Time of (17)Component Parent, Reversals : 0.00500 ms 
Time of (22)Get Successor : 0.00400 ms 
Time of (16)Get edges : 0.00400 ms 
Time (total): 88.29900 ms 
--------------------------------------------------------
filename: GAP-road.txt
Nodes : 23947347
Edges : 28854312

------------------------------------------------------
Deleted : 100
Tree edges deleted : 14
Non-tree edges deleted : 86
Time of (4)Multi component Euler tour internal  : 30.986000 ms 
Time of (5)Retrieving back first and last times  : 20.14100 ms 
Time of (3)Processing for multi component Euler tour : 11.01300 ms 
Time of (11)Shortcut rep : 5.94400 ms 
Time of (12)Hooking Shortcutting : 4.81200 ms 
Time of (6)Edge Deletion : 3.66300 ms 
Time of (1)Get key rem collections : 2.03200 ms 
Time of (25)Reverse Edges and Connect Parent : 1.61100 ms 
Time of (9)Get key rem collections : 1.23600 ms 
Time of (8)Generate new edges : 0.90700 ms 
Time of (0)Extracting Roots : 0.73300 ms 
Time of (2)Convert to collection : 0.63500 ms 
Time of (10)Convert to collection : 0.63000 ms 
Time of (21)CSR creation : 0.60700 ms 
Time of (7)Remove edges : 0.56100 ms 
Time of (23)List ranking : 0.41600 ms 
Time of (15)Transedges prefix : 0.35400 ms 
Time of (13)Compress Graph : 0.31100 ms 
Time of (19)Thrust Sorting : 0.07500 ms 
Time of (20)Thrust gather : 0.03900 ms 
Time of (18)Functor : 0.01100 ms 
Time of (24)Component Parent, Reversals : 0.00800 ms 
Time of (14)Get compressed list : 0.00600 ms 
Time of (17)Component Parent, Reversals : 0.00500 ms 
Time of (16)Get edges : 0.00500 ms 
Time of (22)Get Successor : 0.00400 ms 
Time (total): 86.74500 ms 
--------------------------------------------------------
filename: GAP-road.txt
Nodes : 23947347
Edges : 28854312

------------------------------------------------------
Deleted : 100
Tree edges deleted : 7
Non-tree edges deleted : 93
Time of (4)Multi component Euler tour internal  : 29.803000 ms 
Time of (5)Retrieving back first and last times  : 21.28300 ms 
Time of (3)Processing for multi component Euler tour : 10.83300 ms 
Time of (11)Shortcut rep : 5.93800 ms 
Time of (12)Hooking Shortcutting : 4.79200 ms 
Time of (6)Edge Deletion : 3.53000 ms 
Time of (1)Get key rem collections : 2.25800 ms 
Time of (25)Reverse Edges and Connect Parent : 1.81100 ms 
Time of (9)Get key rem collections : 1.28000 ms 
Time of (8)Generate new edges : 0.90400 ms 
Time of (0)Extracting Roots : 0.74600 ms 
Time of (2)Convert to collection : 0.62900 ms 
Time of (10)Convert to collection : 0.62800 ms 
Time of (21)CSR creation : 0.61700 ms 
Time of (7)Remove edges : 0.57300 ms 
Time of (15)Transedges prefix : 0.54100 ms 
Time of (13)Compress Graph : 0.44500 ms 
Time of (23)List ranking : 0.41700 ms 
Time of (19)Thrust Sorting : 0.10200 ms 
Time of (20)Thrust gather : 0.04900 ms 
Time of (18)Functor : 0.01400 ms 
Time of (24)Component Parent, Reversals : 0.00700 ms 
Time of (16)Get edges : 0.00500 ms 
Time of (14)Get compressed list : 0.00500 ms 
Time of (22)Get Successor : 0.00400 ms 
Time of (17)Component Parent, Reversals : 0.00400 ms 
Time (total): 87.21800 ms 
--------------------------------------------------------
filename: GAP-road.txt
Nodes : 23947347
Edges : 28854312

------------------------------------------------------
Deleted : 100
Tree edges deleted : 10
Non-tree edges deleted : 90
Time of (4)Multi component Euler tour internal  : 29.956000 ms 
Time of (5)Retrieving back first and last times  : 20.14400 ms 
Time of (3)Processing for multi component Euler tour : 10.92400 ms 
Time of (11)Shortcut rep : 4.19000 ms 
Time of (12)Hooking Shortcutting : 3.77800 ms 
Time of (6)Edge Deletion : 2.47000 ms 
Time of (1)Get key rem collections : 2.07800 ms 
Time of (25)Reverse Edges and Connect Parent : 1.64700 ms 
Time of (9)Get key rem collections : 0.99800 ms 
Time of (0)Extracting Roots : 0.80100 ms 
Time of (8)Generate new edges : 0.71100 ms 
Time of (2)Convert to collection : 0.63000 ms 
Time of (21)CSR creation : 0.60900 ms 
Time of (10)Convert to collection : 0.48400 ms 
Time of (23)List ranking : 0.44300 ms 
Time of (7)Remove edges : 0.40600 ms 
Time of (15)Transedges prefix : 0.38000 ms 
Time of (13)Compress Graph : 0.31900 ms 
Time of (19)Thrust Sorting : 0.08200 ms 
Time of (20)Thrust gather : 0.04100 ms 
Time of (18)Functor : 0.01300 ms 
Time of (24)Component Parent, Reversals : 0.00800 ms 
Time of (16)Get edges : 0.00500 ms 
Time of (14)Get compressed list : 0.00500 ms 
Time of (22)Get Successor : 0.00400 ms 
Time of (17)Component Parent, Reversals : 0.00400 ms 
Time (total): 81.13000 ms 
--------------------------------------------------------
filename: GAP-road.txt
Nodes : 23947347
Edges : 28854312

------------------------------------------------------
Deleted : 100
Tree edges deleted : 12
Non-tree edges deleted : 88
Time of (4)Multi component Euler tour internal  : 29.514000 ms 
Time of (5)Retrieving back first and last times  : 20.74500 ms 
Time of (3)Processing for multi component Euler tour : 10.89100 ms 
Time of (11)Shortcut rep : 5.99400 ms 
Time of (12)Hooking Shortcutting : 4.80900 ms 
Time of (6)Edge Deletion : 3.51200 ms 
Time of (1)Get key rem collections : 2.08700 ms 
Time of (25)Reverse Edges and Connect Parent : 1.80300 ms 
Time of (9)Get key rem collections : 1.16800 ms 
Time of (8)Generate new edges : 0.90800 ms 
Time of (0)Extracting Roots : 0.73600 ms 
Time of (10)Convert to collection : 0.63400 ms 
Time of (2)Convert to collection : 0.63200 ms 
Time of (21)CSR creation : 0.62200 ms 
Time of (7)Remove edges : 0.59600 ms 
Time of (15)Transedges prefix : 0.54500 ms 
Time of (23)List ranking : 0.49700 ms 
Time of (13)Compress Graph : 0.42200 ms 
Time of (19)Thrust Sorting : 0.10600 ms 
Time of (20)Thrust gather : 0.04700 ms 
Time of (18)Functor : 0.01400 ms 
Time of (24)Component Parent, Reversals : 0.00800 ms 
Time of (14)Get compressed list : 0.00500 ms 
Time of (22)Get Successor : 0.00400 ms 
Time of (17)Component Parent, Reversals : 0.00400 ms 
Time of (16)Get edges : 0.00400 ms 
Time (total): 86.30700 ms 
--------------------------------------------------------
filename: GAP-road.txt
Nodes : 23947347
Edges : 28854312

------------------------------------------------------
Deleted : 1000
Tree edges deleted : 67
Non-tree edges deleted : 933
Time of (4)Multi component Euler tour internal  : 29.777000 ms 
Time of (5)Retrieving back first and last times  : 21.16300 ms 
Time of (3)Processing for multi component Euler tour : 10.88500 ms 
Time of (12)Hooking Shortcutting : 7.09600 ms 
Time of (11)Shortcut rep : 5.31100 ms 
Time of (6)Edge Deletion : 2.89100 ms 
Time of (1)Get key rem collections : 2.13500 ms 
Time of (25)Reverse Edges and Connect Parent : 1.70300 ms 
Time of (9)Get key rem collections : 1.12200 ms 
Time of (8)Generate new edges : 0.82300 ms 
Time of (0)Extracting Roots : 0.78200 ms 
Time of (23)List ranking : 0.76300 ms 
Time of (21)CSR creation : 0.69500 ms 
Time of (2)Convert to collection : 0.63100 ms 
Time of (15)Transedges prefix : 0.60200 ms 
Time of (10)Convert to collection : 0.57500 ms 
Time of (7)Remove edges : 0.53300 ms 
Time of (13)Compress Graph : 0.45800 ms 
Time of (19)Thrust Sorting : 0.10600 ms 
Time of (20)Thrust gather : 0.04700 ms 
Time of (18)Functor : 0.01300 ms 
Time of (24)Component Parent, Reversals : 0.00800 ms 
Time of (14)Get compressed list : 0.00600 ms 
Time of (22)Get Successor : 0.00500 ms 
Time of (17)Component Parent, Reversals : 0.00400 ms 
Time of (16)Get edges : 0.00400 ms 
Time (total): 88.13800 ms 
--------------------------------------------------------
filename: GAP-road.txt
Nodes : 23947347
Edges : 28854312

------------------------------------------------------
Deleted : 1000
Tree edges deleted : 101
Non-tree edges deleted : 899
Time of (4)Multi component Euler tour internal  : 29.812000 ms 
Time of (5)Retrieving back first and last times  : 21.45900 ms 
Time of (3)Processing for multi component Euler tour : 10.95700 ms 
Time of (11)Shortcut rep : 5.96000 ms 
Time of (12)Hooking Shortcutting : 5.42700 ms 
Time of (6)Edge Deletion : 3.29100 ms 
Time of (1)Get key rem collections : 2.01400 ms 
Time of (25)Reverse Edges and Connect Parent : 1.77600 ms 
Time of (9)Get key rem collections : 1.32900 ms 
Time of (8)Generate new edges : 0.90500 ms 
Time of (23)List ranking : 0.78900 ms 
Time of (0)Extracting Roots : 0.75200 ms 
Time of (21)CSR creation : 0.64200 ms 
Time of (2)Convert to collection : 0.63700 ms 
Time of (10)Convert to collection : 0.63100 ms 
Time of (15)Transedges prefix : 0.51200 ms 
Time of (7)Remove edges : 0.48700 ms 
Time of (13)Compress Graph : 0.40300 ms 
Time of (19)Thrust Sorting : 0.11800 ms 
Time of (20)Thrust gather : 0.05000 ms 
Time of (18)Functor : 0.01400 ms 
Time of (24)Component Parent, Reversals : 0.00900 ms 
Time of (14)Get compressed list : 0.00500 ms 
Time of (22)Get Successor : 0.00400 ms 
Time of (17)Component Parent, Reversals : 0.00400 ms 
Time of (16)Get edges : 0.00400 ms 
Time (total): 87.99100 ms 
--------------------------------------------------------
filename: GAP-road.txt
Nodes : 23947347
Edges : 28854312

------------------------------------------------------
Deleted : 1000
Tree edges deleted : 86
Non-tree edges deleted : 914
Time of (4)Multi component Euler tour internal  : 29.820000 ms 
Time of (5)Retrieving back first and last times  : 20.21300 ms 
Time of (3)Processing for multi component Euler tour : 10.84000 ms 
Time of (11)Shortcut rep : 5.23600 ms 
Time of (12)Hooking Shortcutting : 4.58600 ms 
Time of (6)Edge Deletion : 3.19200 ms 
Time of (1)Get key rem collections : 2.06400 ms 
Time of (25)Reverse Edges and Connect Parent : 1.71000 ms 
Time of (9)Get key rem collections : 1.09300 ms 
Time of (8)Generate new edges : 0.81100 ms 
Time of (0)Extracting Roots : 0.75100 ms 
Time of (23)List ranking : 0.70700 ms 
Time of (2)Convert to collection : 0.63000 ms 
Time of (21)CSR creation : 0.61500 ms 
Time of (10)Convert to collection : 0.56500 ms 
Time of (15)Transedges prefix : 0.48100 ms 
Time of (7)Remove edges : 0.41700 ms 
Time of (13)Compress Graph : 0.39200 ms 
Time of (19)Thrust Sorting : 0.10400 ms 
Time of (20)Thrust gather : 0.04500 ms 
Time of (18)Functor : 0.01400 ms 
Time of (24)Component Parent, Reversals : 0.00700 ms 
Time of (14)Get compressed list : 0.00700 ms 
Time of (17)Component Parent, Reversals : 0.00500 ms 
Time of (16)Get edges : 0.00500 ms 
Time of (22)Get Successor : 0.00400 ms 
Time (total): 84.31400 ms 
--------------------------------------------------------
filename: GAP-road.txt
Nodes : 23947347
Edges : 28854312

------------------------------------------------------
Deleted : 1000
Tree edges deleted : 83
Non-tree edges deleted : 917
Time of (4)Multi component Euler tour internal  : 29.528000 ms 
Time of (5)Retrieving back first and last times  : 20.23800 ms 
Time of (3)Processing for multi component Euler tour : 10.89600 ms 
Time of (11)Shortcut rep : 5.96000 ms 
Time of (12)Hooking Shortcutting : 5.02900 ms 
Time of (6)Edge Deletion : 3.48200 ms 
Time of (1)Get key rem collections : 2.02400 ms 
Time of (25)Reverse Edges and Connect Parent : 1.61500 ms 
Time of (9)Get key rem collections : 1.20900 ms 
Time of (8)Generate new edges : 0.91000 ms 
Time of (0)Extracting Roots : 0.81200 ms 
Time of (2)Convert to collection : 0.64300 ms 
Time of (10)Convert to collection : 0.63400 ms 
Time of (23)List ranking : 0.62500 ms 
Time of (21)CSR creation : 0.60700 ms 
Time of (7)Remove edges : 0.55700 ms 
Time of (15)Transedges prefix : 0.35600 ms 
Time of (13)Compress Graph : 0.29300 ms 
Time of (19)Thrust Sorting : 0.08100 ms 
Time of (20)Thrust gather : 0.03900 ms 
Time of (18)Functor : 0.01100 ms 
Time of (24)Component Parent, Reversals : 0.00800 ms 
Time of (17)Component Parent, Reversals : 0.00500 ms 
Time of (14)Get compressed list : 0.00500 ms 
Time of (22)Get Successor : 0.00400 ms 
Time of (16)Get edges : 0.00400 ms 
Time (total): 85.57500 ms 
--------------------------------------------------------
filename: GAP-road.txt
Nodes : 23947347
Edges : 28854312

------------------------------------------------------
Deleted : 1000
Tree edges deleted : 84
Non-tree edges deleted : 916
Time of (4)Multi component Euler tour internal  : 29.628000 ms 
Time of (5)Retrieving back first and last times  : 20.42000 ms 
Time of (3)Processing for multi component Euler tour : 10.97700 ms 
Time of (12)Hooking Shortcutting : 7.70900 ms 
Time of (11)Shortcut rep : 5.92900 ms 
Time of (6)Edge Deletion : 3.47800 ms 
Time of (1)Get key rem collections : 2.06700 ms 
Time of (25)Reverse Edges and Connect Parent : 1.57900 ms 
Time of (9)Get key rem collections : 1.28800 ms 
Time of (8)Generate new edges : 0.90600 ms 
Time of (0)Extracting Roots : 0.85700 ms 
Time of (23)List ranking : 0.66300 ms 
Time of (2)Convert to collection : 0.63600 ms 
Time of (21)CSR creation : 0.63200 ms 
Time of (10)Convert to collection : 0.63100 ms 
Time of (7)Remove edges : 0.51800 ms 
Time of (15)Transedges prefix : 0.47700 ms 
Time of (13)Compress Graph : 0.44600 ms 
Time of (19)Thrust Sorting : 0.07900 ms 
Time of (20)Thrust gather : 0.03900 ms 
Time of (18)Functor : 0.01100 ms 
Time of (24)Component Parent, Reversals : 0.00800 ms 
Time of (22)Get Successor : 0.00500 ms 
Time of (14)Get compressed list : 0.00500 ms 
Time of (17)Component Parent, Reversals : 0.00400 ms 
Time of (16)Get edges : 0.00400 ms 
Time (total): 88.99600 ms 
--------------------------------------------------------
