filename: hollywood-2009.txt
Nodes : 1139905
Edges : 56420218

------------------------------------------------------
Deleted : 100000
Tree edges deleted : 1518
Non-tree edges deleted : 98482
Time of (12)Hooking Shortcutting : 15.845000 ms 
Time of (1)Get key rem collections : 2.86600 ms 
Time of (6)Edge Deletion : 2.45400 ms 
Time of (9)Get key rem collections : 1.86100 ms 
Time of (8)Generate new edges : 1.84000 ms 
Time of (4)Multi component Euler tour internal  : 1.84000 ms 
Time of (10)Convert to collection : 1.16000 ms 
Time of (2)Convert to collection : 1.15200 ms 
Time of (23)List ranking : 1.04600 ms 
Time of (15)Transedges prefix : 1.03500 ms 
Time of (5)Retrieving back first and last times  : 0.93900 ms 
Time of (7)Remove edges : 0.90400 ms 
Time of (11)Shortcut rep : 0.65500 ms 
Time of (21)CSR creation : 0.64400 ms 
Time of (25)Reverse Edges and Connect Parent : 0.56700 ms 
Time of (0)Extracting Roots : 0.53500 ms 
Time of (19)Thrust Sorting : 0.13100 ms 
Time of (13)Compress Graph : 0.06500 ms 
Time of (3)Processing for multi component Euler tour : 0.05800 ms 
Time of (20)Thrust gather : 0.05400 ms 
Time of (18)Functor : 0.01700 ms 
Time of (24)Component Parent, Reversals : 0.00900 ms 
Time of (17)Component Parent, Reversals : 0.00500 ms 
Time of (14)Get compressed list : 0.00500 ms 
Time of (22)Get Successor : 0.00400 ms 
Time of (16)Get edges : 0.00400 ms 
Time (total): 35.69500 ms 
--------------------------------------------------------
filename: hollywood-2009.txt
Nodes : 1139905
Edges : 56420218

------------------------------------------------------
Deleted : 100000
Tree edges deleted : 1431
Non-tree edges deleted : 98569
Time of (12)Hooking Shortcutting : 6.458000 ms 
Time of (1)Get key rem collections : 2.67900 ms 
Time of (6)Edge Deletion : 2.45100 ms 
Time of (9)Get key rem collections : 2.02200 ms 
Time of (4)Multi component Euler tour internal  : 1.84100 ms 
Time of (8)Generate new edges : 1.71400 ms 
Time of (10)Convert to collection : 1.16100 ms 
Time of (2)Convert to collection : 1.15000 ms 
Time of (15)Transedges prefix : 1.05400 ms 
Time of (23)List ranking : 1.00100 ms 
Time of (7)Remove edges : 0.91400 ms 
Time of (5)Retrieving back first and last times  : 0.88200 ms 
Time of (11)Shortcut rep : 0.64600 ms 
Time of (21)CSR creation : 0.63500 ms 
Time of (25)Reverse Edges and Connect Parent : 0.55900 ms 
Time of (0)Extracting Roots : 0.53400 ms 
Time of (19)Thrust Sorting : 0.12900 ms 
Time of (13)Compress Graph : 0.06700 ms 
Time of (3)Processing for multi component Euler tour : 0.05900 ms 
Time of (20)Thrust gather : 0.05600 ms 
Time of (18)Functor : 0.01700 ms 
Time of (24)Component Parent, Reversals : 0.01100 ms 
Time of (22)Get Successor : 0.00500 ms 
Time of (17)Component Parent, Reversals : 0.00500 ms 
Time of (16)Get edges : 0.00400 ms 
Time of (14)Get compressed list : 0.00400 ms 
Time (total): 26.05800 ms 
--------------------------------------------------------
filename: hollywood-2009.txt
Nodes : 1139905
Edges : 56420218

------------------------------------------------------
Deleted : 100000
Tree edges deleted : 1470
Non-tree edges deleted : 98530
Time of (12)Hooking Shortcutting : 9.632000 ms 
Time of (1)Get key rem collections : 2.84800 ms 
Time of (6)Edge Deletion : 2.38600 ms 
Time of (4)Multi component Euler tour internal  : 1.91000 ms 
Time of (9)Get key rem collections : 1.90200 ms 
Time of (8)Generate new edges : 1.71400 ms 
Time of (10)Convert to collection : 1.16200 ms 
Time of (2)Convert to collection : 1.15800 ms 
Time of (23)List ranking : 1.00700 ms 
Time of (15)Transedges prefix : 0.97900 ms 
Time of (7)Remove edges : 0.96600 ms 
Time of (5)Retrieving back first and last times  : 0.88700 ms 
Time of (11)Shortcut rep : 0.64600 ms 
Time of (21)CSR creation : 0.63500 ms 
Time of (25)Reverse Edges and Connect Parent : 0.55900 ms 
Time of (0)Extracting Roots : 0.54700 ms 
Time of (19)Thrust Sorting : 0.12700 ms 
Time of (13)Compress Graph : 0.06600 ms 
Time of (3)Processing for multi component Euler tour : 0.05600 ms 
Time of (20)Thrust gather : 0.05300 ms 
Time of (18)Functor : 0.01700 ms 
Time of (24)Component Parent, Reversals : 0.00900 ms 
Time of (17)Component Parent, Reversals : 0.00500 ms 
Time of (16)Get edges : 0.00500 ms 
Time of (22)Get Successor : 0.00400 ms 
Time of (14)Get compressed list : 0.00400 ms 
Time (total): 29.28400 ms 
--------------------------------------------------------
filename: hollywood-2009.txt
Nodes : 1139905
Edges : 56420218

------------------------------------------------------
Deleted : 100000
Tree edges deleted : 1443
Non-tree edges deleted : 98557
Time of (12)Hooking Shortcutting : 6.591000 ms 
Time of (1)Get key rem collections : 2.90700 ms 
Time of (6)Edge Deletion : 2.52000 ms 
Time of (9)Get key rem collections : 2.13000 ms 
Time of (4)Multi component Euler tour internal  : 1.96000 ms 
Time of (8)Generate new edges : 1.71800 ms 
Time of (10)Convert to collection : 1.16300 ms 
Time of (2)Convert to collection : 1.15100 ms 
Time of (23)List ranking : 1.02500 ms 
Time of (5)Retrieving back first and last times  : 0.98100 ms 
Time of (15)Transedges prefix : 0.97200 ms 
Time of (7)Remove edges : 0.90000 ms 
Time of (11)Shortcut rep : 0.64400 ms 
Time of (21)CSR creation : 0.63600 ms 
Time of (25)Reverse Edges and Connect Parent : 0.56900 ms 
Time of (0)Extracting Roots : 0.52500 ms 
Time of (19)Thrust Sorting : 0.12800 ms 
Time of (13)Compress Graph : 0.06500 ms 
Time of (3)Processing for multi component Euler tour : 0.05800 ms 
Time of (20)Thrust gather : 0.05400 ms 
Time of (18)Functor : 0.01700 ms 
Time of (24)Component Parent, Reversals : 0.00800 ms 
Time of (17)Component Parent, Reversals : 0.00500 ms 
Time of (22)Get Successor : 0.00400 ms 
Time of (16)Get edges : 0.00400 ms 
Time of (14)Get compressed list : 0.00400 ms 
Time (total): 26.73900 ms 
--------------------------------------------------------
filename: hollywood-2009.txt
Nodes : 1139905
Edges : 56420218

------------------------------------------------------
Deleted : 100000
Tree edges deleted : 1445
Non-tree edges deleted : 98555
Time of (12)Hooking Shortcutting : 9.858000 ms 
Time of (6)Edge Deletion : 3.19700 ms 
Time of (1)Get key rem collections : 2.73600 ms 
Time of (9)Get key rem collections : 2.04200 ms 
Time of (4)Multi component Euler tour internal  : 1.85800 ms 
Time of (8)Generate new edges : 1.71600 ms 
Time of (10)Convert to collection : 1.16500 ms 
Time of (2)Convert to collection : 1.15800 ms 
Time of (23)List ranking : 1.01200 ms 
Time of (5)Retrieving back first and last times  : 1.00000 ms 
Time of (15)Transedges prefix : 0.98200 ms 
Time of (7)Remove edges : 0.96200 ms 
Time of (11)Shortcut rep : 0.65800 ms 
Time of (21)CSR creation : 0.64100 ms 
Time of (25)Reverse Edges and Connect Parent : 0.53000 ms 
Time of (0)Extracting Roots : 0.52700 ms 
Time of (19)Thrust Sorting : 0.13000 ms 
Time of (13)Compress Graph : 0.06600 ms 
Time of (3)Processing for multi component Euler tour : 0.05900 ms 
Time of (20)Thrust gather : 0.05400 ms 
Time of (18)Functor : 0.01700 ms 
Time of (24)Component Parent, Reversals : 0.00900 ms 
Time of (22)Get Successor : 0.00400 ms 
Time of (17)Component Parent, Reversals : 0.00400 ms 
Time of (16)Get edges : 0.00400 ms 
Time of (14)Get compressed list : 0.00400 ms 
Time (total): 30.39300 ms 
--------------------------------------------------------
filename: hollywood-2009.txt
Nodes : 1139905
Edges : 56420218

------------------------------------------------------
Deleted : 10000
Tree edges deleted : 133
Non-tree edges deleted : 9867
Time of (12)Hooking Shortcutting : 5.817000 ms 
Time of (6)Edge Deletion : 3.30800 ms 
Time of (1)Get key rem collections : 2.78500 ms 
Time of (9)Get key rem collections : 2.13800 ms 
Time of (4)Multi component Euler tour internal  : 1.83600 ms 
Time of (8)Generate new edges : 1.71900 ms 
Time of (10)Convert to collection : 1.16100 ms 
Time of (2)Convert to collection : 1.15400 ms 
Time of (7)Remove edges : 0.91300 ms 
Time of (15)Transedges prefix : 0.90900 ms 
Time of (5)Retrieving back first and last times  : 0.90500 ms 
Time of (23)List ranking : 0.79700 ms 
Time of (11)Shortcut rep : 0.66200 ms 
Time of (21)CSR creation : 0.64300 ms 
Time of (25)Reverse Edges and Connect Parent : 0.57600 ms 
Time of (0)Extracting Roots : 0.52100 ms 
Time of (19)Thrust Sorting : 0.12100 ms 
Time of (13)Compress Graph : 0.06600 ms 
Time of (3)Processing for multi component Euler tour : 0.05800 ms 
Time of (20)Thrust gather : 0.05400 ms 
Time of (18)Functor : 0.01600 ms 
Time of (24)Component Parent, Reversals : 0.00800 ms 
Time of (22)Get Successor : 0.00500 ms 
Time of (17)Component Parent, Reversals : 0.00500 ms 
Time of (16)Get edges : 0.00500 ms 
Time of (14)Get compressed list : 0.00500 ms 
Time (total): 26.18700 ms 
--------------------------------------------------------
filename: hollywood-2009.txt
Nodes : 1139905
Edges : 56420218

------------------------------------------------------
Deleted : 10000
Tree edges deleted : 153
Non-tree edges deleted : 9847
Time of (12)Hooking Shortcutting : 5.860000 ms 
Time of (6)Edge Deletion : 3.31500 ms 
Time of (1)Get key rem collections : 2.71700 ms 
Time of (9)Get key rem collections : 1.98300 ms 
Time of (4)Multi component Euler tour internal  : 1.87200 ms 
Time of (8)Generate new edges : 1.71800 ms 
Time of (10)Convert to collection : 1.16500 ms 
Time of (2)Convert to collection : 1.15800 ms 
Time of (15)Transedges prefix : 1.02400 ms 
Time of (7)Remove edges : 0.92600 ms 
Time of (5)Retrieving back first and last times  : 0.89300 ms 
Time of (23)List ranking : 0.88000 ms 
Time of (25)Reverse Edges and Connect Parent : 0.65200 ms 
Time of (11)Shortcut rep : 0.64400 ms 
Time of (21)CSR creation : 0.63900 ms 
Time of (0)Extracting Roots : 0.52500 ms 
Time of (19)Thrust Sorting : 0.12000 ms 
Time of (13)Compress Graph : 0.06500 ms 
Time of (3)Processing for multi component Euler tour : 0.05800 ms 
Time of (20)Thrust gather : 0.05100 ms 
Time of (18)Functor : 0.01500 ms 
Time of (24)Component Parent, Reversals : 0.00800 ms 
Time of (22)Get Successor : 0.00400 ms 
Time of (17)Component Parent, Reversals : 0.00400 ms 
Time of (16)Get edges : 0.00400 ms 
Time of (14)Get compressed list : 0.00400 ms 
Time (total): 26.30400 ms 
--------------------------------------------------------
filename: hollywood-2009.txt
Nodes : 1139905
Edges : 56420218

------------------------------------------------------
Deleted : 10000
Tree edges deleted : 157
Non-tree edges deleted : 9843
Time of (12)Hooking Shortcutting : 5.625000 ms 
Time of (1)Get key rem collections : 2.86200 ms 
Time of (6)Edge Deletion : 2.27200 ms 
Time of (9)Get key rem collections : 1.90000 ms 
Time of (4)Multi component Euler tour internal  : 1.85400 ms 
Time of (8)Generate new edges : 1.71900 ms 
Time of (10)Convert to collection : 1.16400 ms 
Time of (2)Convert to collection : 1.15700 ms 
Time of (5)Retrieving back first and last times  : 1.02800 ms 
Time of (15)Transedges prefix : 0.94600 ms 
Time of (7)Remove edges : 0.93200 ms 
Time of (23)List ranking : 0.86200 ms 
Time of (11)Shortcut rep : 0.64800 ms 
Time of (21)CSR creation : 0.64500 ms 
Time of (25)Reverse Edges and Connect Parent : 0.62600 ms 
Time of (0)Extracting Roots : 0.52400 ms 
Time of (19)Thrust Sorting : 0.11500 ms 
Time of (13)Compress Graph : 0.06400 ms 
Time of (3)Processing for multi component Euler tour : 0.05800 ms 
Time of (20)Thrust gather : 0.05100 ms 
Time of (18)Functor : 0.01400 ms 
Time of (24)Component Parent, Reversals : 0.00900 ms 
Time of (22)Get Successor : 0.00500 ms 
Time of (17)Component Parent, Reversals : 0.00500 ms 
Time of (16)Get edges : 0.00500 ms 
Time of (14)Get compressed list : 0.00400 ms 
Time (total): 25.09400 ms 
--------------------------------------------------------
filename: hollywood-2009.txt
Nodes : 1139905
Edges : 56420218

------------------------------------------------------
Deleted : 10000
Tree edges deleted : 139
Non-tree edges deleted : 9861
Time of (12)Hooking Shortcutting : 5.809000 ms 
Time of (1)Get key rem collections : 2.83300 ms 
Time of (6)Edge Deletion : 2.25700 ms 
Time of (9)Get key rem collections : 1.91800 ms 
Time of (4)Multi component Euler tour internal  : 1.84700 ms 
Time of (8)Generate new edges : 1.71700 ms 
Time of (25)Reverse Edges and Connect Parent : 1.68300 ms 
Time of (10)Convert to collection : 1.16700 ms 
Time of (2)Convert to collection : 1.15100 ms 
Time of (5)Retrieving back first and last times  : 1.01200 ms 
Time of (7)Remove edges : 0.93800 ms 
Time of (15)Transedges prefix : 0.90700 ms 
Time of (23)List ranking : 0.88200 ms 
Time of (11)Shortcut rep : 0.64900 ms 
Time of (21)CSR creation : 0.64700 ms 
Time of (0)Extracting Roots : 0.54200 ms 
Time of (19)Thrust Sorting : 0.12100 ms 
Time of (13)Compress Graph : 0.07400 ms 
Time of (3)Processing for multi component Euler tour : 0.05800 ms 
Time of (20)Thrust gather : 0.05200 ms 
Time of (18)Functor : 0.01500 ms 
Time of (24)Component Parent, Reversals : 0.00800 ms 
Time of (22)Get Successor : 0.00500 ms 
Time of (17)Component Parent, Reversals : 0.00500 ms 
Time of (16)Get edges : 0.00500 ms 
Time of (14)Get compressed list : 0.00400 ms 
Time (total): 26.30600 ms 
--------------------------------------------------------
filename: hollywood-2009.txt
Nodes : 1139905
Edges : 56420218

------------------------------------------------------
Deleted : 10000
Tree edges deleted : 147
Non-tree edges deleted : 9853
Time of (12)Hooking Shortcutting : 8.814000 ms 
Time of (6)Edge Deletion : 3.17200 ms 
Time of (1)Get key rem collections : 2.73400 ms 
Time of (9)Get key rem collections : 2.14500 ms 
Time of (4)Multi component Euler tour internal  : 1.83900 ms 
Time of (8)Generate new edges : 1.71700 ms 
Time of (25)Reverse Edges and Connect Parent : 1.68900 ms 
Time of (10)Convert to collection : 1.16700 ms 
Time of (2)Convert to collection : 1.15800 ms 
Time of (15)Transedges prefix : 1.02100 ms 
Time of (7)Remove edges : 0.94900 ms 
Time of (5)Retrieving back first and last times  : 0.89600 ms 
Time of (23)List ranking : 0.88700 ms 
Time of (11)Shortcut rep : 0.64800 ms 
Time of (21)CSR creation : 0.64600 ms 
Time of (0)Extracting Roots : 0.51900 ms 
Time of (19)Thrust Sorting : 0.11900 ms 
Time of (13)Compress Graph : 0.06500 ms 
Time of (3)Processing for multi component Euler tour : 0.05900 ms 
Time of (20)Thrust gather : 0.05200 ms 
Time of (18)Functor : 0.01500 ms 
Time of (24)Component Parent, Reversals : 0.01000 ms 
Time of (17)Component Parent, Reversals : 0.00500 ms 
Time of (14)Get compressed list : 0.00500 ms 
Time of (22)Get Successor : 0.00400 ms 
Time of (16)Get edges : 0.00400 ms 
Time (total): 30.33900 ms 
--------------------------------------------------------
filename: hollywood-2009.txt
Nodes : 1139905
Edges : 56420218

------------------------------------------------------
Deleted : 100
Tree edges deleted : 1
Non-tree edges deleted : 99
Time of (1)Get key rem collections : 2.846000 ms 
Time of (12)Hooking Shortcutting : 2.75900 ms 
Time of (6)Edge Deletion : 2.25900 ms 
Time of (4)Multi component Euler tour internal  : 2.06200 ms 
Time of (9)Get key rem collections : 1.84100 ms 
Time of (8)Generate new edges : 1.71700 ms 
Time of (2)Convert to collection : 1.16200 ms 
Time of (10)Convert to collection : 1.15900 ms 
Time of (5)Retrieving back first and last times  : 1.06200 ms 
Time of (15)Transedges prefix : 0.98700 ms 
Time of (7)Remove edges : 0.86900 ms 
Time of (11)Shortcut rep : 0.65100 ms 
Time of (21)CSR creation : 0.64500 ms 
Time of (25)Reverse Edges and Connect Parent : 0.64000 ms 
Time of (0)Extracting Roots : 0.54900 ms 
Time of (23)List ranking : 0.18500 ms 
Time of (19)Thrust Sorting : 0.09600 ms 
Time of (13)Compress Graph : 0.06700 ms 
Time of (3)Processing for multi component Euler tour : 0.05900 ms 
Time of (20)Thrust gather : 0.04800 ms 
Time of (18)Functor : 0.01500 ms 
Time of (24)Component Parent, Reversals : 0.01100 ms 
Time of (17)Component Parent, Reversals : 0.00900 ms 
Time of (16)Get edges : 0.00700 ms 
Time of (22)Get Successor : 0.00500 ms 
Time of (14)Get compressed list : 0.00500 ms 
Time (total): 21.71500 ms 
--------------------------------------------------------
filename: hollywood-2009.txt
Nodes : 1139905
Edges : 56420218

------------------------------------------------------
Deleted : 100
Tree edges deleted : 4
Non-tree edges deleted : 96
Time of (12)Hooking Shortcutting : 5.794000 ms 
Time of (1)Get key rem collections : 2.82400 ms 
Time of (6)Edge Deletion : 2.40100 ms 
Time of (9)Get key rem collections : 2.07700 ms 
Time of (4)Multi component Euler tour internal  : 1.86900 ms 
Time of (8)Generate new edges : 1.72100 ms 
Time of (2)Convert to collection : 1.15400 ms 
Time of (10)Convert to collection : 1.10900 ms 
Time of (15)Transedges prefix : 1.06800 ms 
Time of (25)Reverse Edges and Connect Parent : 1.05700 ms 
Time of (7)Remove edges : 0.92000 ms 
Time of (5)Retrieving back first and last times  : 0.88700 ms 
Time of (11)Shortcut rep : 0.77100 ms 
Time of (21)CSR creation : 0.64600 ms 
Time of (0)Extracting Roots : 0.54700 ms 
Time of (23)List ranking : 0.36200 ms 
Time of (19)Thrust Sorting : 0.10200 ms 
Time of (13)Compress Graph : 0.06700 ms 
Time of (3)Processing for multi component Euler tour : 0.06000 ms 
Time of (20)Thrust gather : 0.05000 ms 
Time of (18)Functor : 0.01500 ms 
Time of (24)Component Parent, Reversals : 0.01100 ms 
Time of (17)Component Parent, Reversals : 0.00600 ms 
Time of (16)Get edges : 0.00600 ms 
Time of (22)Get Successor : 0.00500 ms 
Time of (14)Get compressed list : 0.00500 ms 
Time (total): 25.53400 ms 
--------------------------------------------------------
filename: hollywood-2009.txt
Nodes : 1139905
Edges : 56420218

------------------------------------------------------
Deleted : 100
Tree edges deleted : 2
Non-tree edges deleted : 98
Time of (12)Hooking Shortcutting : 4.365000 ms 
Time of (1)Get key rem collections : 2.77000 ms 
Time of (6)Edge Deletion : 2.37700 ms 
Time of (9)Get key rem collections : 1.95300 ms 
Time of (4)Multi component Euler tour internal  : 1.87100 ms 
Time of (8)Generate new edges : 1.71900 ms 
Time of (25)Reverse Edges and Connect Parent : 1.40000 ms 
Time of (10)Convert to collection : 1.16600 ms 
Time of (2)Convert to collection : 1.15900 ms 
Time of (5)Retrieving back first and last times  : 1.00600 ms 
Time of (15)Transedges prefix : 0.91000 ms 
Time of (7)Remove edges : 0.89700 ms 
Time of (21)CSR creation : 0.65800 ms 
Time of (11)Shortcut rep : 0.64900 ms 
Time of (0)Extracting Roots : 0.56100 ms 
Time of (23)List ranking : 0.27500 ms 
Time of (19)Thrust Sorting : 0.10100 ms 
Time of (13)Compress Graph : 0.07300 ms 
Time of (3)Processing for multi component Euler tour : 0.05900 ms 
Time of (20)Thrust gather : 0.05000 ms 
Time of (18)Functor : 0.01500 ms 
Time of (24)Component Parent, Reversals : 0.01000 ms 
Time of (22)Get Successor : 0.00600 ms 
Time of (16)Get edges : 0.00600 ms 
Time of (14)Get compressed list : 0.00600 ms 
Time of (17)Component Parent, Reversals : 0.00500 ms 
Time (total): 24.06700 ms 
--------------------------------------------------------
filename: hollywood-2009.txt
Nodes : 1139905
Edges : 56420218

------------------------------------------------------
Deleted : 100
Tree edges deleted : 1
Non-tree edges deleted : 99
Time of (12)Hooking Shortcutting : 2.905000 ms 
Time of (1)Get key rem collections : 2.83400 ms 
Time of (6)Edge Deletion : 2.39100 ms 
Time of (9)Get key rem collections : 2.16500 ms 
Time of (4)Multi component Euler tour internal  : 2.01500 ms 
Time of (8)Generate new edges : 1.71700 ms 
Time of (10)Convert to collection : 1.16700 ms 
Time of (2)Convert to collection : 1.16500 ms 
Time of (7)Remove edges : 0.97900 ms 
Time of (15)Transedges prefix : 0.95500 ms 
Time of (5)Retrieving back first and last times  : 0.88100 ms 
Time of (25)Reverse Edges and Connect Parent : 0.77900 ms 
Time of (11)Shortcut rep : 0.65100 ms 
Time of (21)CSR creation : 0.64500 ms 
Time of (0)Extracting Roots : 0.55000 ms 
Time of (23)List ranking : 0.18700 ms 
Time of (19)Thrust Sorting : 0.09600 ms 
Time of (13)Compress Graph : 0.06700 ms 
Time of (3)Processing for multi component Euler tour : 0.05700 ms 
Time of (20)Thrust gather : 0.04900 ms 
Time of (18)Functor : 0.01700 ms 
Time of (24)Component Parent, Reversals : 0.01100 ms 
Time of (17)Component Parent, Reversals : 0.00600 ms 
Time of (16)Get edges : 0.00600 ms 
Time of (14)Get compressed list : 0.00600 ms 
Time of (22)Get Successor : 0.00500 ms 
Time (total): 22.30600 ms 
--------------------------------------------------------
filename: hollywood-2009.txt
Nodes : 1139905
Edges : 56420218

------------------------------------------------------
Deleted : 100
Tree edges deleted : 0
Non-tree edges deleted : 100
Time of (1)Get key rem collections : 2.773000 ms 
Time of (6)Edge Deletion : 2.39300 ms 
Time of (9)Get key rem collections : 2.27500 ms 
Time of (4)Multi component Euler tour internal  : 1.86700 ms 
Time of (8)Generate new edges : 1.71700 ms 
Time of (12)Hooking Shortcutting : 1.44600 ms 
Time of (10)Convert to collection : 1.16700 ms 
Time of (2)Convert to collection : 1.15800 ms 
Time of (15)Reverse Edges and Connect Parent : 1.07000 ms 
Time of (7)Remove edges : 0.94600 ms 
Time of (5)Retrieving back first and last times  : 0.89300 ms 
Time of (11)Shortcut rep : 0.64700 ms 
Time of (0)Extracting Roots : 0.53000 ms 
Time of (13)Compress Graph : 0.06600 ms 
Time of (3)Processing for multi component Euler tour : 0.05900 ms 
Time of (14)Get compressed list : 0.00500 ms 
Time (total): 19.01200 ms 
--------------------------------------------------------
filename: hollywood-2009.txt
Nodes : 1139905
Edges : 56420218

------------------------------------------------------
Deleted : 1000
Tree edges deleted : 17
Non-tree edges deleted : 983
Time of (12)Hooking Shortcutting : 5.790000 ms 
Time of (6)Edge Deletion : 3.33600 ms 
Time of (1)Get key rem collections : 2.75400 ms 
Time of (9)Get key rem collections : 1.87700 ms 
Time of (4)Multi component Euler tour internal  : 1.84900 ms 
Time of (8)Generate new edges : 1.71800 ms 
Time of (10)Convert to collection : 1.16500 ms 
Time of (2)Convert to collection : 1.15000 ms 
Time of (25)Reverse Edges and Connect Parent : 1.08800 ms 
Time of (15)Transedges prefix : 1.02200 ms 
Time of (7)Remove edges : 1.01200 ms 
Time of (5)Retrieving back first and last times  : 0.90800 ms 
Time of (11)Shortcut rep : 0.65100 ms 
Time of (21)CSR creation : 0.63800 ms 
Time of (23)List ranking : 0.62400 ms 
Time of (0)Extracting Roots : 0.53400 ms 
Time of (19)Thrust Sorting : 0.11100 ms 
Time of (13)Compress Graph : 0.06500 ms 
Time of (3)Processing for multi component Euler tour : 0.05800 ms 
Time of (20)Thrust gather : 0.05000 ms 
Time of (18)Functor : 0.01400 ms 
Time of (24)Component Parent, Reversals : 0.00900 ms 
Time of (17)Component Parent, Reversals : 0.00500 ms 
Time of (16)Get edges : 0.00500 ms 
Time of (22)Get Successor : 0.00400 ms 
Time of (14)Get compressed list : 0.00400 ms 
Time (total): 26.44100 ms 
--------------------------------------------------------
filename: hollywood-2009.txt
Nodes : 1139905
Edges : 56420218

------------------------------------------------------
Deleted : 1000
Tree edges deleted : 15
Non-tree edges deleted : 985
Time of (12)Hooking Shortcutting : 5.802000 ms 
Time of (6)Edge Deletion : 3.32100 ms 
Time of (1)Get key rem collections : 2.82700 ms 
Time of (9)Get key rem collections : 1.93200 ms 
Time of (4)Multi component Euler tour internal  : 1.86900 ms 
Time of (8)Generate new edges : 1.71700 ms 
Time of (25)Reverse Edges and Connect Parent : 1.36900 ms 
Time of (10)Convert to collection : 1.16200 ms 
Time of (2)Convert to collection : 1.15300 ms 
Time of (5)Retrieving back first and last times  : 1.01500 ms 
Time of (15)Transedges prefix : 1.01100 ms 
Time of (7)Remove edges : 0.91000 ms 
Time of (11)Shortcut rep : 0.64900 ms 
Time of (21)CSR creation : 0.64700 ms 
Time of (23)List ranking : 0.53900 ms 
Time of (0)Extracting Roots : 0.52800 ms 
Time of (19)Thrust Sorting : 0.10800 ms 
Time of (13)Compress Graph : 0.06500 ms 
Time of (3)Processing for multi component Euler tour : 0.05900 ms 
Time of (20)Thrust gather : 0.05100 ms 
Time of (18)Functor : 0.01400 ms 
Time of (24)Component Parent, Reversals : 0.00900 ms 
Time of (17)Component Parent, Reversals : 0.00500 ms 
Time of (14)Get compressed list : 0.00500 ms 
Time of (22)Get Successor : 0.00400 ms 
Time of (16)Get edges : 0.00400 ms 
Time (total): 26.77500 ms 
--------------------------------------------------------
filename: hollywood-2009.txt
Nodes : 1139905
Edges : 56420218

------------------------------------------------------
Deleted : 1000
Tree edges deleted : 25
Non-tree edges deleted : 975
Time of (12)Hooking Shortcutting : 5.768000 ms 
Time of (6)Edge Deletion : 3.33400 ms 
Time of (1)Get key rem collections : 3.02100 ms 
Time of (9)Get key rem collections : 1.93500 ms 
Time of (4)Multi component Euler tour internal  : 1.85500 ms 
Time of (8)Generate new edges : 1.71800 ms 
Time of (10)Convert to collection : 1.16600 ms 
Time of (2)Convert to collection : 1.15900 ms 
Time of (15)Transedges prefix : 1.00900 ms 
Time of (7)Remove edges : 0.90600 ms 
Time of (5)Retrieving back first and last times  : 0.90000 ms 
Time of (25)Reverse Edges and Connect Parent : 0.85800 ms 
Time of (11)Shortcut rep : 0.65500 ms 
Time of (23)List ranking : 0.65000 ms 
Time of (21)CSR creation : 0.64700 ms 
Time of (0)Extracting Roots : 0.56200 ms 
Time of (19)Thrust Sorting : 0.11500 ms 
Time of (13)Compress Graph : 0.06700 ms 
Time of (3)Processing for multi component Euler tour : 0.06000 ms 
Time of (20)Thrust gather : 0.05400 ms 
Time of (18)Functor : 0.01500 ms 
Time of (24)Component Parent, Reversals : 0.01100 ms 
Time of (14)Get compressed list : 0.00500 ms 
Time of (22)Get Successor : 0.00400 ms 
Time of (17)Component Parent, Reversals : 0.00400 ms 
Time of (16)Get edges : 0.00400 ms 
Time (total): 26.48200 ms 
--------------------------------------------------------
filename: hollywood-2009.txt
Nodes : 1139905
Edges : 56420218

------------------------------------------------------
Deleted : 1000
Tree edges deleted : 17
Non-tree edges deleted : 983
Time of (12)Hooking Shortcutting : 5.766000 ms 
Time of (6)Edge Deletion : 3.27100 ms 
Time of (1)Get key rem collections : 2.74600 ms 
Time of (9)Get key rem collections : 1.90100 ms 
Time of (4)Multi component Euler tour internal  : 1.88200 ms 
Time of (8)Generate new edges : 1.71900 ms 
Time of (10)Convert to collection : 1.16500 ms 
Time of (2)Convert to collection : 1.15900 ms 
Time of (25)Reverse Edges and Connect Parent : 1.02300 ms 
Time of (15)Transedges prefix : 1.01400 ms 
Time of (5)Retrieving back first and last times  : 0.90200 ms 
Time of (7)Remove edges : 0.90000 ms 
Time of (11)Shortcut rep : 0.64800 ms 
Time of (21)CSR creation : 0.64100 ms 
Time of (23)List ranking : 0.63600 ms 
Time of (0)Extracting Roots : 0.54900 ms 
Time of (19)Thrust Sorting : 0.11300 ms 
Time of (13)Compress Graph : 0.06500 ms 
Time of (3)Processing for multi component Euler tour : 0.05900 ms 
Time of (20)Thrust gather : 0.05200 ms 
Time of (18)Functor : 0.01500 ms 
Time of (24)Component Parent, Reversals : 0.00900 ms 
Time of (22)Get Successor : 0.00500 ms 
Time of (17)Component Parent, Reversals : 0.00500 ms 
Time of (16)Get edges : 0.00400 ms 
Time of (14)Get compressed list : 0.00400 ms 
Time (total): 26.25300 ms 
--------------------------------------------------------
filename: hollywood-2009.txt
Nodes : 1139905
Edges : 56420218

------------------------------------------------------
Deleted : 1000
Tree edges deleted : 15
Non-tree edges deleted : 985
Time of (12)Hooking Shortcutting : 5.764000 ms 
Time of (6)Edge Deletion : 3.32200 ms 
Time of (1)Get key rem collections : 2.71100 ms 
Time of (9)Get key rem collections : 2.02000 ms 
Time of (4)Multi component Euler tour internal  : 1.85700 ms 
Time of (8)Generate new edges : 1.72300 ms 
Time of (25)Reverse Edges and Connect Parent : 1.61400 ms 
Time of (2)Convert to collection : 1.16600 ms 
Time of (10)Convert to collection : 1.16300 ms 
Time of (7)Remove edges : 1.00400 ms 
Time of (5)Retrieving back first and last times  : 0.90200 ms 
Time of (15)Transedges prefix : 0.89400 ms 
Time of (11)Shortcut rep : 0.78200 ms 
Time of (21)CSR creation : 0.64000 ms 
Time of (0)Extracting Roots : 0.56100 ms 
Time of (23)List ranking : 0.50200 ms 
Time of (19)Thrust Sorting : 0.09600 ms 
Time of (3)Processing for multi component Euler tour : 0.06000 ms 
Time of (13)Compress Graph : 0.05800 ms 
Time of (20)Thrust gather : 0.04800 ms 
Time of (18)Functor : 0.01600 ms 
Time of (24)Component Parent, Reversals : 0.01100 ms 
Time of (14)Get compressed list : 0.00600 ms 
Time of (17)Component Parent, Reversals : 0.00500 ms 
Time of (16)Get edges : 0.00500 ms 
Time of (22)Get Successor : 0.00400 ms 
Time (total): 26.93400 ms 
--------------------------------------------------------
