filename: kron_g500-logn21.txt
Nodes : 2097152
Edges : 91594090

------------------------------------------------------
Deleted : 100000
Tree edges deleted : 926
Non-tree edges deleted : 99074
Time of (12)Hooking Shortcutting : 22.726000 ms 
Time of (1)Get key rem collections : 4.49600 ms 
Time of (9)Get key rem collections : 3.82800 ms 
Time of (4)Multi component Euler tour internal  : 3.29500 ms 
Time of (8)Generate new edges : 2.76200 ms 
Time of (6)Edge Deletion : 2.68200 ms 
Time of (10)Convert to collection : 1.86200 ms 
Time of (2)Convert to collection : 1.83800 ms 
Time of (5)Retrieving back first and last times  : 1.76200 ms 
Time of (15)Transedges prefix : 1.53400 ms 
Time of (7)Remove edges : 1.46900 ms 
Time of (11)Shortcut rep : 1.01800 ms 
Time of (23)List ranking : 0.92100 ms 
Time of (25)Reverse Edges and Connect Parent : 0.69100 ms 
Time of (21)CSR creation : 0.63400 ms 
Time of (0)Extracting Roots : 0.53100 ms 
Time of (3)Processing for multi component Euler tour : 0.18800 ms 
Time of (19)Thrust Sorting : 0.12800 ms 
Time of (13)Compress Graph : 0.07900 ms 
Time of (20)Thrust gather : 0.05600 ms 
Time of (18)Functor : 0.01700 ms 
Time of (24)Component Parent, Reversals : 0.00800 ms 
Time of (17)Component Parent, Reversals : 0.00500 ms 
Time of (14)Get compressed list : 0.00500 ms 
Time of (22)Get Successor : 0.00400 ms 
Time of (16)Get edges : 0.00400 ms 
Time (total): 52.54300 ms 
--------------------------------------------------------
filename: kron_g500-logn21.txt
Nodes : 2097152
Edges : 91594090

------------------------------------------------------
Deleted : 100000
Tree edges deleted : 922
Non-tree edges deleted : 99078
Time of (12)Hooking Shortcutting : 23.229000 ms 
Time of (1)Get key rem collections : 4.48800 ms 
Time of (9)Get key rem collections : 3.77200 ms 
Time of (4)Multi component Euler tour internal  : 3.55600 ms 
Time of (8)Generate new edges : 2.76200 ms 
Time of (6)Edge Deletion : 2.67900 ms 
Time of (10)Convert to collection : 1.85900 ms 
Time of (2)Convert to collection : 1.84000 ms 
Time of (5)Retrieving back first and last times  : 1.82200 ms 
Time of (15)Transedges prefix : 1.63500 ms 
Time of (7)Remove edges : 1.51300 ms 
Time of (11)Shortcut rep : 1.03000 ms 
Time of (23)List ranking : 0.92900 ms 
Time of (25)Reverse Edges and Connect Parent : 0.68600 ms 
Time of (21)CSR creation : 0.66300 ms 
Time of (0)Extracting Roots : 0.53300 ms 
Time of (3)Processing for multi component Euler tour : 0.19000 ms 
Time of (19)Thrust Sorting : 0.12800 ms 
Time of (13)Compress Graph : 0.08300 ms 
Time of (20)Thrust gather : 0.05500 ms 
Time of (18)Functor : 0.01700 ms 
Time of (24)Component Parent, Reversals : 0.00900 ms 
Time of (14)Get compressed list : 0.00600 ms 
Time of (17)Component Parent, Reversals : 0.00500 ms 
Time of (16)Get edges : 0.00500 ms 
Time of (22)Get Successor : 0.00400 ms 
Time (total): 53.49800 ms 
--------------------------------------------------------
filename: kron_g500-logn21.txt
Nodes : 2097152
Edges : 91594090

------------------------------------------------------
Deleted : 100000
Tree edges deleted : 911
Non-tree edges deleted : 99089
Time of (12)Hooking Shortcutting : 22.102000 ms 
Time of (1)Get key rem collections : 4.56600 ms 
Time of (9)Get key rem collections : 3.68300 ms 
Time of (4)Multi component Euler tour internal  : 3.50500 ms 
Time of (8)Generate new edges : 2.75900 ms 
Time of (6)Edge Deletion : 2.68000 ms 
Time of (2)Convert to collection : 1.85900 ms 
Time of (10)Convert to collection : 1.84900 ms 
Time of (5)Retrieving back first and last times  : 1.76300 ms 
Time of (25)Reverse Edges and Connect Parent : 1.72700 ms 
Time of (15)Transedges prefix : 1.57800 ms 
Time of (7)Remove edges : 1.39500 ms 
Time of (11)Shortcut rep : 1.02600 ms 
Time of (23)List ranking : 0.93000 ms 
Time of (21)CSR creation : 0.64700 ms 
Time of (0)Extracting Roots : 0.55800 ms 
Time of (3)Processing for multi component Euler tour : 0.19100 ms 
Time of (19)Thrust Sorting : 0.12800 ms 
Time of (13)Compress Graph : 0.08400 ms 
Time of (20)Thrust gather : 0.05500 ms 
Time of (18)Functor : 0.01700 ms 
Time of (24)Component Parent, Reversals : 0.00900 ms 
Time of (14)Get compressed list : 0.00600 ms 
Time of (16)Get edges : 0.00500 ms 
Time of (22)Get Successor : 0.00400 ms 
Time of (17)Component Parent, Reversals : 0.00400 ms 
Time (total): 53.13000 ms 
--------------------------------------------------------
filename: kron_g500-logn21.txt
Nodes : 2097152
Edges : 91594090

------------------------------------------------------
Deleted : 100000
Tree edges deleted : 954
Non-tree edges deleted : 99046
Time of (12)Hooking Shortcutting : 19.300000 ms 
Time of (1)Get key rem collections : 4.61600 ms 
Time of (9)Get key rem collections : 3.82800 ms 
Time of (4)Multi component Euler tour internal  : 3.58000 ms 
Time of (8)Generate new edges : 2.76100 ms 
Time of (6)Edge Deletion : 2.68800 ms 
Time of (10)Convert to collection : 1.86000 ms 
Time of (2)Convert to collection : 1.84200 ms 
Time of (5)Retrieving back first and last times  : 1.76000 ms 
Time of (7)Remove edges : 1.44700 ms 
Time of (15)Transedges prefix : 1.44600 ms 
Time of (11)Shortcut rep : 1.01900 ms 
Time of (23)List ranking : 0.93200 ms 
Time of (25)Reverse Edges and Connect Parent : 0.69300 ms 
Time of (21)CSR creation : 0.63300 ms 
Time of (0)Extracting Roots : 0.54900 ms 
Time of (3)Processing for multi component Euler tour : 0.19300 ms 
Time of (19)Thrust Sorting : 0.12700 ms 
Time of (13)Compress Graph : 0.08200 ms 
Time of (20)Thrust gather : 0.05600 ms 
Time of (18)Functor : 0.01600 ms 
Time of (24)Component Parent, Reversals : 0.00900 ms 
Time of (14)Get compressed list : 0.00600 ms 
Time of (22)Get Successor : 0.00500 ms 
Time of (17)Component Parent, Reversals : 0.00500 ms 
Time of (16)Get edges : 0.00500 ms 
Time (total): 49.45800 ms 
--------------------------------------------------------
filename: kron_g500-logn21.txt
Nodes : 2097152
Edges : 91594090

------------------------------------------------------
Deleted : 100000
Tree edges deleted : 902
Non-tree edges deleted : 99098
Time of (12)Hooking Shortcutting : 26.026000 ms 
Time of (1)Get key rem collections : 4.54600 ms 
Time of (9)Get key rem collections : 3.69300 ms 
Time of (4)Multi component Euler tour internal  : 3.48300 ms 
Time of (8)Generate new edges : 2.76000 ms 
Time of (6)Edge Deletion : 2.68300 ms 
Time of (10)Convert to collection : 1.86000 ms 
Time of (2)Convert to collection : 1.84700 ms 
Time of (5)Retrieving back first and last times  : 1.76100 ms 
Time of (15)Transedges prefix : 1.49900 ms 
Time of (7)Remove edges : 1.42800 ms 
Time of (11)Shortcut rep : 1.02800 ms 
Time of (23)List ranking : 0.93100 ms 
Time of (25)Reverse Edges and Connect Parent : 0.69500 ms 
Time of (21)CSR creation : 0.63500 ms 
Time of (0)Extracting Roots : 0.55800 ms 
Time of (3)Processing for multi component Euler tour : 0.18800 ms 
Time of (19)Thrust Sorting : 0.12800 ms 
Time of (13)Compress Graph : 0.08200 ms 
Time of (20)Thrust gather : 0.05400 ms 
Time of (18)Functor : 0.01600 ms 
Time of (24)Component Parent, Reversals : 0.00900 ms 
Time of (16)Get edges : 0.00500 ms 
Time of (14)Get compressed list : 0.00500 ms 
Time of (22)Get Successor : 0.00400 ms 
Time of (17)Component Parent, Reversals : 0.00400 ms 
Time (total): 55.92800 ms 
--------------------------------------------------------
filename: kron_g500-logn21.txt
Nodes : 2097152
Edges : 91594090

------------------------------------------------------
Deleted : 10000
Tree edges deleted : 96
Non-tree edges deleted : 9904
Time of (12)Hooking Shortcutting : 14.410000 ms 
Time of (1)Get key rem collections : 4.60000 ms 
Time of (9)Get key rem collections : 3.69500 ms 
Time of (4)Multi component Euler tour internal  : 3.48900 ms 
Time of (6)Edge Deletion : 3.09500 ms 
Time of (8)Generate new edges : 2.77200 ms 
Time of (10)Convert to collection : 1.86100 ms 
Time of (2)Convert to collection : 1.83900 ms 
Time of (5)Retrieving back first and last times  : 1.76000 ms 
Time of (25)Reverse Edges and Connect Parent : 1.61700 ms 
Time of (15)Transedges prefix : 1.50100 ms 
Time of (7)Remove edges : 1.47400 ms 
Time of (11)Shortcut rep : 1.01100 ms 
Time of (23)List ranking : 0.69300 ms 
Time of (21)CSR creation : 0.63300 ms 
Time of (0)Extracting Roots : 0.54900 ms 
Time of (3)Processing for multi component Euler tour : 0.18900 ms 
Time of (19)Thrust Sorting : 0.12100 ms 
Time of (13)Compress Graph : 0.08200 ms 
Time of (20)Thrust gather : 0.04900 ms 
Time of (18)Functor : 0.01500 ms 
Time of (24)Component Parent, Reversals : 0.01000 ms 
Time of (16)Get edges : 0.00600 ms 
Time of (22)Get Successor : 0.00500 ms 
Time of (17)Component Parent, Reversals : 0.00500 ms 
Time of (14)Get compressed list : 0.00500 ms 
Time (total): 45.48600 ms 
--------------------------------------------------------
filename: kron_g500-logn21.txt
Nodes : 2097152
Edges : 91594090

------------------------------------------------------
Deleted : 10000
Tree edges deleted : 113
Non-tree edges deleted : 9887
Time of (12)Hooking Shortcutting : 14.497000 ms 
Time of (1)Get key rem collections : 4.47700 ms 
Time of (9)Get key rem collections : 3.72600 ms 
Time of (4)Multi component Euler tour internal  : 3.58500 ms 
Time of (6)Edge Deletion : 3.09900 ms 
Time of (8)Generate new edges : 2.78000 ms 
Time of (25)Reverse Edges and Connect Parent : 2.11500 ms 
Time of (10)Convert to collection : 1.86300 ms 
Time of (2)Convert to collection : 1.83900 ms 
Time of (5)Retrieving back first and last times  : 1.76100 ms 
Time of (15)Transedges prefix : 1.53200 ms 
Time of (7)Remove edges : 1.42400 ms 
Time of (11)Shortcut rep : 1.02300 ms 
Time of (23)List ranking : 0.80500 ms 
Time of (21)CSR creation : 0.64700 ms 
Time of (0)Extracting Roots : 0.53900 ms 
Time of (3)Processing for multi component Euler tour : 0.19100 ms 
Time of (19)Thrust Sorting : 0.11800 ms 
Time of (13)Compress Graph : 0.08000 ms 
Time of (20)Thrust gather : 0.05100 ms 
Time of (18)Functor : 0.01600 ms 
Time of (24)Component Parent, Reversals : 0.00800 ms 
Time of (22)Get Successor : 0.00500 ms 
Time of (17)Component Parent, Reversals : 0.00500 ms 
Time of (16)Get edges : 0.00500 ms 
Time of (14)Get compressed list : 0.00500 ms 
Time (total): 46.19600 ms 
--------------------------------------------------------
filename: kron_g500-logn21.txt
Nodes : 2097152
Edges : 91594090

------------------------------------------------------
Deleted : 10000
Tree edges deleted : 108
Non-tree edges deleted : 9892
Time of (12)Hooking Shortcutting : 21.715000 ms 
Time of (1)Get key rem collections : 4.42600 ms 
Time of (9)Get key rem collections : 3.66500 ms 
Time of (4)Multi component Euler tour internal  : 3.56400 ms 
Time of (6)Edge Deletion : 3.07100 ms 
Time of (8)Generate new edges : 2.78000 ms 
Time of (5)Retrieving back first and last times  : 1.89300 ms 
Time of (10)Convert to collection : 1.86100 ms 
Time of (2)Convert to collection : 1.84700 ms 
Time of (15)Transedges prefix : 1.49700 ms 
Time of (7)Remove edges : 1.44900 ms 
Time of (25)Reverse Edges and Connect Parent : 1.35200 ms 
Time of (11)Shortcut rep : 1.00400 ms 
Time of (23)List ranking : 0.79500 ms 
Time of (21)CSR creation : 0.63600 ms 
Time of (0)Extracting Roots : 0.53600 ms 
Time of (3)Processing for multi component Euler tour : 0.19100 ms 
Time of (19)Thrust Sorting : 0.12100 ms 
Time of (13)Compress Graph : 0.08100 ms 
Time of (20)Thrust gather : 0.05000 ms 
Time of (18)Functor : 0.01500 ms 
Time of (24)Component Parent, Reversals : 0.00900 ms 
Time of (22)Get Successor : 0.00500 ms 
Time of (17)Component Parent, Reversals : 0.00500 ms 
Time of (14)Get compressed list : 0.00500 ms 
Time of (16)Get edges : 0.00400 ms 
Time (total): 52.57700 ms 
--------------------------------------------------------
filename: kron_g500-logn21.txt
Nodes : 2097152
Edges : 91594090

------------------------------------------------------
Deleted : 10000
Tree edges deleted : 93
Non-tree edges deleted : 9907
Time of (12)Hooking Shortcutting : 16.937000 ms 
Time of (1)Get key rem collections : 4.45500 ms 
Time of (9)Get key rem collections : 3.99300 ms 
Time of (4)Multi component Euler tour internal  : 3.57300 ms 
Time of (6)Edge Deletion : 3.11700 ms 
Time of (8)Generate new edges : 2.78000 ms 
Time of (10)Convert to collection : 1.86300 ms 
Time of (2)Convert to collection : 1.84600 ms 
Time of (5)Retrieving back first and last times  : 1.82800 ms 
Time of (7)Remove edges : 1.37600 ms 
Time of (15)Transedges prefix : 1.16300 ms 
Time of (11)Shortcut rep : 1.00500 ms 
Time of (25)Reverse Edges and Connect Parent : 0.82000 ms 
Time of (23)List ranking : 0.70400 ms 
Time of (21)CSR creation : 0.63400 ms 
Time of (0)Extracting Roots : 0.54400 ms 
Time of (3)Processing for multi component Euler tour : 0.18900 ms 
Time of (13)Compress Graph : 0.09200 ms 
Time of (19)Thrust Sorting : 0.09100 ms 
Time of (20)Thrust gather : 0.04600 ms 
Time of (18)Functor : 0.01400 ms 
Time of (24)Component Parent, Reversals : 0.01000 ms 
Time of (14)Get compressed list : 0.00600 ms 
Time of (22)Get Successor : 0.00500 ms 
Time of (17)Component Parent, Reversals : 0.00500 ms 
Time of (16)Get edges : 0.00500 ms 
Time (total): 47.10100 ms 
--------------------------------------------------------
filename: kron_g500-logn21.txt
Nodes : 2097152
Edges : 91594090

------------------------------------------------------
Deleted : 10000
Tree edges deleted : 95
Non-tree edges deleted : 9905
Time of (12)Hooking Shortcutting : 14.424000 ms 
Time of (1)Get key rem collections : 4.52600 ms 
Time of (9)Get key rem collections : 3.84600 ms 
Time of (4)Multi component Euler tour internal  : 3.51400 ms 
Time of (6)Edge Deletion : 3.09300 ms 
Time of (8)Generate new edges : 2.78100 ms 
Time of (10)Convert to collection : 1.86100 ms 
Time of (2)Convert to collection : 1.85900 ms 
Time of (25)Reverse Edges and Connect Parent : 1.70500 ms 
Time of (15)Transedges prefix : 1.53400 ms 
Time of (5)Retrieving back first and last times  : 1.52600 ms 
Time of (7)Remove edges : 1.41400 ms 
Time of (11)Shortcut rep : 1.00400 ms 
Time of (23)List ranking : 0.80600 ms 
Time of (21)CSR creation : 0.64400 ms 
Time of (0)Extracting Roots : 0.53900 ms 
Time of (3)Processing for multi component Euler tour : 0.19100 ms 
Time of (19)Thrust Sorting : 0.12000 ms 
Time of (13)Compress Graph : 0.08000 ms 
Time of (20)Thrust gather : 0.05200 ms 
Time of (16)Get edges : 0.03300 ms 
Time of (18)Functor : 0.01400 ms 
Time of (24)Component Parent, Reversals : 0.00900 ms 
Time of (17)Component Parent, Reversals : 0.00500 ms 
Time of (14)Get compressed list : 0.00500 ms 
Time of (22)Get Successor : 0.00400 ms 
Time (total): 45.58900 ms 
--------------------------------------------------------
filename: kron_g500-logn21.txt
Nodes : 2097152
Edges : 91594090

------------------------------------------------------
Deleted : 100
Tree edges deleted : 0
Non-tree edges deleted : 100
Time of (1)Get key rem collections : 4.591000 ms 
Time of (9)Get key rem collections : 3.61900 ms 
Time of (12)Hooking Shortcutting : 3.58900 ms 
Time of (4)Multi component Euler tour internal  : 3.29400 ms 
Time of (8)Generate new edges : 2.77900 ms 
Time of (6)Edge Deletion : 2.30600 ms 
Time of (10)Convert to collection : 1.86300 ms 
Time of (2)Convert to collection : 1.86100 ms 
Time of (15)Reverse Edges and Connect Parent : 1.81100 ms 
Time of (5)Retrieving back first and last times  : 1.78300 ms 
Time of (7)Remove edges : 1.57600 ms 
Time of (11)Shortcut rep : 1.01100 ms 
Time of (0)Extracting Roots : 0.57900 ms 
Time of (3)Processing for multi component Euler tour : 0.18900 ms 
Time of (13)Compress Graph : 0.08700 ms 
Time of (14)Get compressed list : 0.00400 ms 
Time (total): 30.94200 ms 
--------------------------------------------------------
filename: kron_g500-logn21.txt
Nodes : 2097152
Edges : 91594090

------------------------------------------------------
Deleted : 100
Tree edges deleted : 2
Non-tree edges deleted : 98
Time of (12)Hooking Shortcutting : 8.783000 ms 
Time of (1)Get key rem collections : 4.51800 ms 
Time of (4)Multi component Euler tour internal  : 3.57500 ms 
Time of (9)Get key rem collections : 3.35500 ms 
Time of (8)Generate new edges : 2.77700 ms 
Time of (6)Edge Deletion : 2.30700 ms 
Time of (2)Convert to collection : 1.85100 ms 
Time of (5)Retrieving back first and last times  : 1.75900 ms 
Time of (10)Convert to collection : 1.58400 ms 
Time of (7)Remove edges : 1.43200 ms 
Time of (15)Transedges prefix : 1.25000 ms 
Time of (25)Reverse Edges and Connect Parent : 1.19800 ms 
Time of (11)Shortcut rep : 0.88300 ms 
Time of (21)CSR creation : 0.65000 ms 
Time of (0)Extracting Roots : 0.53700 ms 
Time of (23)List ranking : 0.25800 ms 
Time of (3)Processing for multi component Euler tour : 0.19100 ms 
Time of (19)Thrust Sorting : 0.08800 ms 
Time of (13)Compress Graph : 0.07100 ms 
Time of (20)Thrust gather : 0.04600 ms 
Time of (18)Functor : 0.01300 ms 
Time of (24)Component Parent, Reversals : 0.00900 ms 
Time of (17)Component Parent, Reversals : 0.00500 ms 
Time of (14)Get compressed list : 0.00500 ms 
Time of (22)Get Successor : 0.00400 ms 
Time of (16)Get edges : 0.00400 ms 
Time (total): 37.15300 ms 
--------------------------------------------------------
filename: kron_g500-logn21.txt
Nodes : 2097152
Edges : 91594090

------------------------------------------------------
Deleted : 100
Tree edges deleted : 1
Non-tree edges deleted : 99
Time of (12)Hooking Shortcutting : 7.198000 ms 
Time of (1)Get key rem collections : 4.52800 ms 
Time of (9)Get key rem collections : 3.60000 ms 
Time of (4)Multi component Euler tour internal  : 3.56500 ms 
Time of (6)Edge Deletion : 3.36800 ms 
Time of (8)Generate new edges : 2.77600 ms 
Time of (10)Convert to collection : 1.85200 ms 
Time of (2)Convert to collection : 1.85000 ms 
Time of (25)Reverse Edges and Connect Parent : 1.73100 ms 
Time of (5)Retrieving back first and last times  : 1.55800 ms 
Time of (15)Transedges prefix : 1.41600 ms 
Time of (7)Remove edges : 1.41600 ms 
Time of (11)Shortcut rep : 1.01200 ms 
Time of (21)CSR creation : 0.63800 ms 
Time of (0)Extracting Roots : 0.53000 ms 
Time of (3)Processing for multi component Euler tour : 0.19200 ms 
Time of (23)List ranking : 0.18900 ms 
Time of (19)Thrust Sorting : 0.10200 ms 
Time of (13)Compress Graph : 0.08500 ms 
Time of (20)Thrust gather : 0.05100 ms 
Time of (18)Functor : 0.01400 ms 
Time of (24)Component Parent, Reversals : 0.00900 ms 
Time of (17)Component Parent, Reversals : 0.00500 ms 
Time of (16)Get edges : 0.00500 ms 
Time of (14)Get compressed list : 0.00500 ms 
Time of (22)Get Successor : 0.00400 ms 
Time (total): 37.69900 ms 
--------------------------------------------------------
filename: kron_g500-logn21.txt
Nodes : 2097152
Edges : 91594090

------------------------------------------------------
Deleted : 100
Tree edges deleted : 0
Non-tree edges deleted : 100
Time of (1)Get key rem collections : 4.566000 ms 
Time of (9)Get key rem collections : 3.66500 ms 
Time of (12)Hooking Shortcutting : 3.57900 ms 
Time of (4)Multi component Euler tour internal  : 3.56800 ms 
Time of (6)Edge Deletion : 3.35400 ms 
Time of (8)Generate new edges : 2.77500 ms 
Time of (10)Convert to collection : 1.86100 ms 
Time of (2)Convert to collection : 1.84400 ms 
Time of (5)Retrieving back first and last times  : 1.77400 ms 
Time of (15)Reverse Edges and Connect Parent : 1.62800 ms 
Time of (7)Remove edges : 1.35500 ms 
Time of (11)Shortcut rep : 1.01700 ms 
Time of (0)Extracting Roots : 0.54100 ms 
Time of (3)Processing for multi component Euler tour : 0.19200 ms 
Time of (13)Compress Graph : 0.08200 ms 
Time of (14)Get compressed list : 0.00500 ms 
Time (total): 31.80600 ms 
--------------------------------------------------------
filename: kron_g500-logn21.txt
Nodes : 2097152
Edges : 91594090

------------------------------------------------------
Deleted : 100
Tree edges deleted : 0
Non-tree edges deleted : 100
Time of (1)Get key rem collections : 4.405000 ms 
Time of (9)Get key rem collections : 3.64500 ms 
Time of (12)Hooking Shortcutting : 3.58300 ms 
Time of (4)Multi component Euler tour internal  : 3.50800 ms 
Time of (8)Generate new edges : 2.77300 ms 
Time of (6)Edge Deletion : 2.32200 ms 
Time of (10)Convert to collection : 1.85100 ms 
Time of (2)Convert to collection : 1.85100 ms 
Time of (15)Reverse Edges and Connect Parent : 1.77400 ms 
Time of (5)Retrieving back first and last times  : 1.77200 ms 
Time of (7)Remove edges : 1.47300 ms 
Time of (11)Shortcut rep : 1.02100 ms 
Time of (0)Extracting Roots : 0.53400 ms 
Time of (3)Processing for multi component Euler tour : 0.19200 ms 
Time of (13)Compress Graph : 0.07800 ms 
Time of (14)Get compressed list : 0.00500 ms 
Time (total): 30.78700 ms 
--------------------------------------------------------
filename: kron_g500-logn21.txt
Nodes : 2097152
Edges : 91594090

------------------------------------------------------
Deleted : 1000
Tree edges deleted : 15
Non-tree edges deleted : 985
Time of (12)Hooking Shortcutting : 14.394000 ms 
Time of (1)Get key rem collections : 4.46600 ms 
Time of (9)Get key rem collections : 3.72000 ms 
Time of (4)Multi component Euler tour internal  : 3.50400 ms 
Time of (6)Edge Deletion : 3.22300 ms 
Time of (8)Generate new edges : 2.77600 ms 
Time of (10)Convert to collection : 1.86200 ms 
Time of (2)Convert to collection : 1.83800 ms 
Time of (5)Retrieving back first and last times  : 1.76200 ms 
Time of (15)Transedges prefix : 1.48200 ms 
Time of (7)Remove edges : 1.43200 ms 
Time of (25)Reverse Edges and Connect Parent : 1.18000 ms 
Time of (11)Shortcut rep : 1.01300 ms 
Time of (21)CSR creation : 0.64500 ms 
Time of (0)Extracting Roots : 0.54200 ms 
Time of (23)List ranking : 0.53600 ms 
Time of (3)Processing for multi component Euler tour : 0.19400 ms 
Time of (19)Thrust Sorting : 0.11100 ms 
Time of (13)Compress Graph : 0.08600 ms 
Time of (20)Thrust gather : 0.05200 ms 
Time of (18)Functor : 0.01500 ms 
Time of (24)Component Parent, Reversals : 0.01100 ms 
Time of (16)Get edges : 0.00600 ms 
Time of (14)Get compressed list : 0.00600 ms 
Time of (22)Get Successor : 0.00500 ms 
Time of (17)Component Parent, Reversals : 0.00500 ms 
Time (total): 44.86600 ms 
--------------------------------------------------------
filename: kron_g500-logn21.txt
Nodes : 2097152
Edges : 91594090

------------------------------------------------------
Deleted : 1000
Tree edges deleted : 4
Non-tree edges deleted : 996
Time of (12)Hooking Shortcutting : 14.358000 ms 
Time of (1)Get key rem collections : 4.50300 ms 
Time of (9)Get key rem collections : 3.62800 ms 
Time of (4)Multi component Euler tour internal  : 3.49100 ms 
Time of (6)Edge Deletion : 3.23500 ms 
Time of (8)Generate new edges : 2.78300 ms 
Time of (25)Reverse Edges and Connect Parent : 1.88400 ms 
Time of (10)Convert to collection : 1.86400 ms 
Time of (2)Convert to collection : 1.85300 ms 
Time of (15)Transedges prefix : 1.54900 ms 
Time of (5)Retrieving back first and last times  : 1.54900 ms 
Time of (7)Remove edges : 1.39400 ms 
Time of (11)Shortcut rep : 1.05500 ms 
Time of (21)CSR creation : 0.63800 ms 
Time of (0)Extracting Roots : 0.53700 ms 
Time of (23)List ranking : 0.35600 ms 
Time of (3)Processing for multi component Euler tour : 0.19000 ms 
Time of (19)Thrust Sorting : 0.10100 ms 
Time of (13)Compress Graph : 0.08300 ms 
Time of (20)Thrust gather : 0.05100 ms 
Time of (18)Functor : 0.01500 ms 
Time of (24)Component Parent, Reversals : 0.01000 ms 
Time of (22)Get Successor : 0.00600 ms 
Time of (17)Component Parent, Reversals : 0.00600 ms 
Time of (16)Get edges : 0.00600 ms 
Time of (14)Get compressed list : 0.00600 ms 
Time (total): 45.15100 ms 
--------------------------------------------------------
filename: kron_g500-logn21.txt
Nodes : 2097152
Edges : 91594090

------------------------------------------------------
Deleted : 1000
Tree edges deleted : 11
Non-tree edges deleted : 989
Time of (12)Hooking Shortcutting : 14.396000 ms 
Time of (1)Get key rem collections : 4.37700 ms 
Time of (9)Get key rem collections : 3.90400 ms 
Time of (4)Multi component Euler tour internal  : 3.50300 ms 
Time of (6)Edge Deletion : 3.22900 ms 
Time of (8)Generate new edges : 2.77900 ms 
Time of (10)Convert to collection : 1.86100 ms 
Time of (2)Convert to collection : 1.84500 ms 
Time of (5)Retrieving back first and last times  : 1.76700 ms 
Time of (25)Reverse Edges and Connect Parent : 1.69700 ms 
Time of (15)Transedges prefix : 1.46900 ms 
Time of (7)Remove edges : 1.40700 ms 
Time of (11)Shortcut rep : 1.01500 ms 
Time of (21)CSR creation : 0.63400 ms 
Time of (0)Extracting Roots : 0.53700 ms 
Time of (23)List ranking : 0.45600 ms 
Time of (3)Processing for multi component Euler tour : 0.19000 ms 
Time of (19)Thrust Sorting : 0.10700 ms 
Time of (13)Compress Graph : 0.09600 ms 
Time of (20)Thrust gather : 0.05100 ms 
Time of (18)Functor : 0.01500 ms 
Time of (24)Component Parent, Reversals : 0.00900 ms 
Time of (22)Get Successor : 0.00500 ms 
Time of (17)Component Parent, Reversals : 0.00500 ms 
Time of (16)Get edges : 0.00500 ms 
Time of (14)Get compressed list : 0.00500 ms 
Time (total): 45.36400 ms 
--------------------------------------------------------
filename: kron_g500-logn21.txt
Nodes : 2097152
Edges : 91594090

------------------------------------------------------
Deleted : 1000
Tree edges deleted : 7
Non-tree edges deleted : 993
Time of (12)Hooking Shortcutting : 14.356000 ms 
Time of (1)Get key rem collections : 4.48700 ms 
Time of (9)Get key rem collections : 3.71900 ms 
Time of (4)Multi component Euler tour internal  : 3.49900 ms 
Time of (6)Edge Deletion : 3.22000 ms 
Time of (8)Generate new edges : 2.77500 ms 
Time of (5)Retrieving back first and last times  : 2.08100 ms 
Time of (10)Convert to collection : 1.86200 ms 
Time of (2)Convert to collection : 1.83900 ms 
Time of (7)Remove edges : 1.62800 ms 
Time of (15)Transedges prefix : 1.44600 ms 
Time of (25)Reverse Edges and Connect Parent : 1.24700 ms 
Time of (11)Shortcut rep : 1.02200 ms 
Time of (21)CSR creation : 0.63900 ms 
Time of (0)Extracting Roots : 0.54000 ms 
Time of (23)List ranking : 0.44800 ms 
Time of (3)Processing for multi component Euler tour : 0.19200 ms 
Time of (13)Compress Graph : 0.13200 ms 
Time of (19)Thrust Sorting : 0.10600 ms 
Time of (20)Thrust gather : 0.05200 ms 
Time of (18)Functor : 0.01500 ms 
Time of (24)Component Parent, Reversals : 0.00900 ms 
Time of (16)Get edges : 0.00700 ms 
Time of (22)Get Successor : 0.00500 ms 
Time of (17)Component Parent, Reversals : 0.00500 ms 
Time of (14)Get compressed list : 0.00500 ms 
Time (total): 45.33600 ms 
--------------------------------------------------------
filename: kron_g500-logn21.txt
Nodes : 2097152
Edges : 91594090

------------------------------------------------------
Deleted : 1000
Tree edges deleted : 13
Non-tree edges deleted : 987
Time of (12)Hooking Shortcutting : 13.465000 ms 
Time of (1)Get key rem collections : 4.53000 ms 
Time of (4)Multi component Euler tour internal  : 3.57800 ms 
Time of (9)Get key rem collections : 3.44700 ms 
Time of (6)Edge Deletion : 3.22400 ms 
Time of (8)Generate new edges : 2.63900 ms 
Time of (2)Convert to collection : 1.86000 ms 
Time of (5)Retrieving back first and last times  : 1.80700 ms 
Time of (10)Convert to collection : 1.75900 ms 
Time of (25)Reverse Edges and Connect Parent : 1.52500 ms 
Time of (7)Remove edges : 1.44400 ms 
Time of (15)Transedges prefix : 1.35300 ms 
Time of (11)Shortcut rep : 0.97100 ms 
Time of (21)CSR creation : 0.64600 ms 
Time of (0)Extracting Roots : 0.55100 ms 
Time of (23)List ranking : 0.52600 ms 
Time of (3)Processing for multi component Euler tour : 0.19000 ms 
Time of (19)Thrust Sorting : 0.10500 ms 
Time of (13)Compress Graph : 0.10400 ms 
Time of (20)Thrust gather : 0.04900 ms 
Time of (18)Functor : 0.01500 ms 
Time of (24)Component Parent, Reversals : 0.01200 ms 
Time of (16)Get edges : 0.00700 ms 
Time of (14)Get compressed list : 0.00700 ms 
Time of (17)Component Parent, Reversals : 0.00600 ms 
Time of (22)Get Successor : 0.00400 ms 
Time (total): 43.82400 ms 
--------------------------------------------------------
