filename: kron_g500-logn20.txt
Nodes : 1048576
Edges : 44872781

------------------------------------------------------
Deleted : 100000
Tree edges deleted : 926
Non-tree edges deleted : 99074
Time of (12)Hooking Shortcutting : 10.173000 ms 
Time of (1)Get key rem collections : 2.66300 ms 
Time of (6)Edge Deletion : 2.55900 ms 
Time of (9)Get key rem collections : 2.02600 ms 
Time of (4)Multi component Euler tour internal  : 1.89600 ms 
Time of (8)Generate new edges : 1.37800 ms 
Time of (23)List ranking : 1.13500 ms 
Time of (10)Convert to collection : 0.93600 ms 
Time of (2)Convert to collection : 0.92900 ms 
Time of (5)Retrieving back first and last times  : 0.92700 ms 
Time of (15)Transedges prefix : 0.79500 ms 
Time of (7)Remove edges : 0.77400 ms 
Time of (11)Shortcut rep : 0.77100 ms 
Time of (21)CSR creation : 0.65800 ms 
Time of (25)Reverse Edges and Connect Parent : 0.59100 ms 
Time of (0)Extracting Roots : 0.54500 ms 
Time of (19)Thrust Sorting : 0.12900 ms 
Time of (3)Processing for multi component Euler tour : 0.11000 ms 
Time of (13)Compress Graph : 0.06600 ms 
Time of (20)Thrust gather : 0.05700 ms 
Time of (18)Functor : 0.01800 ms 
Time of (24)Component Parent, Reversals : 0.00900 ms 
Time of (17)Component Parent, Reversals : 0.00600 ms 
Time of (16)Get edges : 0.00600 ms 
Time of (22)Get Successor : 0.00500 ms 
Time of (14)Get compressed list : 0.00400 ms 
Time (total): 29.16600 ms 
--------------------------------------------------------
filename: kron_g500-logn20.txt
Nodes : 1048576
Edges : 44872781

------------------------------------------------------
Deleted : 100000
Tree edges deleted : 869
Non-tree edges deleted : 99131
Time of (12)Hooking Shortcutting : 11.703000 ms 
Time of (1)Get key rem collections : 2.65100 ms 
Time of (6)Edge Deletion : 2.57000 ms 
Time of (4)Multi component Euler tour internal  : 2.03300 ms 
Time of (9)Get key rem collections : 1.79300 ms 
Time of (8)Generate new edges : 1.37600 ms 
Time of (23)List ranking : 1.01500 ms 
Time of (10)Convert to collection : 0.93800 ms 
Time of (2)Convert to collection : 0.92900 ms 
Time of (5)Retrieving back first and last times  : 0.80900 ms 
Time of (11)Shortcut rep : 0.76800 ms 
Time of (15)Transedges prefix : 0.74200 ms 
Time of (7)Remove edges : 0.71400 ms 
Time of (21)CSR creation : 0.64400 ms 
Time of (0)Extracting Roots : 0.53700 ms 
Time of (25)Reverse Edges and Connect Parent : 0.51300 ms 
Time of (19)Thrust Sorting : 0.13000 ms 
Time of (3)Processing for multi component Euler tour : 0.10900 ms 
Time of (13)Compress Graph : 0.06400 ms 
Time of (20)Thrust gather : 0.05900 ms 
Time of (18)Functor : 0.01800 ms 
Time of (24)Component Parent, Reversals : 0.00800 ms 
Time of (22)Get Successor : 0.00500 ms 
Time of (17)Component Parent, Reversals : 0.00500 ms 
Time of (16)Get edges : 0.00500 ms 
Time of (14)Get compressed list : 0.00500 ms 
Time (total): 30.14300 ms 
--------------------------------------------------------
filename: kron_g500-logn20.txt
Nodes : 1048576
Edges : 44872781

------------------------------------------------------
Deleted : 100000
Tree edges deleted : 991
Non-tree edges deleted : 99009
Time of (12)Hooking Shortcutting : 8.823000 ms 
Time of (1)Get key rem collections : 2.60900 ms 
Time of (6)Edge Deletion : 2.55900 ms 
Time of (4)Multi component Euler tour internal  : 2.03600 ms 
Time of (9)Get key rem collections : 1.77500 ms 
Time of (8)Generate new edges : 1.37700 ms 
Time of (23)List ranking : 1.02900 ms 
Time of (10)Convert to collection : 0.93500 ms 
Time of (2)Convert to collection : 0.92900 ms 
Time of (11)Shortcut rep : 0.84100 ms 
Time of (5)Retrieving back first and last times  : 0.81100 ms 
Time of (15)Transedges prefix : 0.73000 ms 
Time of (7)Remove edges : 0.71000 ms 
Time of (21)CSR creation : 0.64700 ms 
Time of (25)Reverse Edges and Connect Parent : 0.54100 ms 
Time of (0)Extracting Roots : 0.52800 ms 
Time of (19)Thrust Sorting : 0.12800 ms 
Time of (3)Processing for multi component Euler tour : 0.11200 ms 
Time of (13)Compress Graph : 0.06500 ms 
Time of (20)Thrust gather : 0.05600 ms 
Time of (18)Functor : 0.01700 ms 
Time of (24)Component Parent, Reversals : 0.00800 ms 
Time of (22)Get Successor : 0.00500 ms 
Time of (17)Component Parent, Reversals : 0.00500 ms 
Time of (16)Get edges : 0.00500 ms 
Time of (14)Get compressed list : 0.00500 ms 
Time (total): 27.28600 ms 
--------------------------------------------------------
filename: kron_g500-logn20.txt
Nodes : 1048576
Edges : 44872781

------------------------------------------------------
Deleted : 100000
Tree edges deleted : 949
Non-tree edges deleted : 99051
Time of (12)Hooking Shortcutting : 11.555000 ms 
Time of (1)Get key rem collections : 2.63500 ms 
Time of (6)Edge Deletion : 2.57900 ms 
Time of (4)Multi component Euler tour internal  : 2.03300 ms 
Time of (9)Get key rem collections : 1.73500 ms 
Time of (8)Generate new edges : 1.37700 ms 
Time of (23)List ranking : 1.02600 ms 
Time of (10)Convert to collection : 0.94000 ms 
Time of (2)Convert to collection : 0.92800 ms 
Time of (5)Retrieving back first and last times  : 0.91700 ms 
Time of (7)Remove edges : 0.78100 ms 
Time of (11)Shortcut rep : 0.73200 ms 
Time of (15)Transedges prefix : 0.72200 ms 
Time of (21)CSR creation : 0.67500 ms 
Time of (0)Extracting Roots : 0.53500 ms 
Time of (25)Reverse Edges and Connect Parent : 0.52600 ms 
Time of (19)Thrust Sorting : 0.13000 ms 
Time of (3)Processing for multi component Euler tour : 0.10800 ms 
Time of (13)Compress Graph : 0.06700 ms 
Time of (20)Thrust gather : 0.05500 ms 
Time of (18)Functor : 0.01800 ms 
Time of (24)Component Parent, Reversals : 0.01000 ms 
Time of (17)Component Parent, Reversals : 0.00600 ms 
Time of (22)Get Successor : 0.00500 ms 
Time of (16)Get edges : 0.00500 ms 
Time of (14)Get compressed list : 0.00500 ms 
Time (total): 30.10500 ms 
--------------------------------------------------------
filename: kron_g500-logn20.txt
Nodes : 1048576
Edges : 44872781

------------------------------------------------------
Deleted : 100000
Tree edges deleted : 978
Non-tree edges deleted : 99022
Time of (12)Hooking Shortcutting : 14.449000 ms 
Time of (6)Edge Deletion : 2.58000 ms 
Time of (1)Get key rem collections : 2.56100 ms 
Time of (4)Multi component Euler tour internal  : 2.02300 ms 
Time of (9)Get key rem collections : 1.81000 ms 
Time of (8)Generate new edges : 1.37900 ms 
Time of (23)List ranking : 1.02200 ms 
Time of (10)Convert to collection : 0.94300 ms 
Time of (2)Convert to collection : 0.92900 ms 
Time of (11)Shortcut rep : 0.89000 ms 
Time of (5)Retrieving back first and last times  : 0.82500 ms 
Time of (7)Remove edges : 0.77300 ms 
Time of (15)Transedges prefix : 0.74100 ms 
Time of (21)CSR creation : 0.64300 ms 
Time of (0)Extracting Roots : 0.54600 ms 
Time of (25)Reverse Edges and Connect Parent : 0.53400 ms 
Time of (19)Thrust Sorting : 0.12800 ms 
Time of (3)Processing for multi component Euler tour : 0.10800 ms 
Time of (13)Compress Graph : 0.06400 ms 
Time of (20)Thrust gather : 0.05500 ms 
Time of (18)Functor : 0.01700 ms 
Time of (24)Component Parent, Reversals : 0.00900 ms 
Time of (22)Get Successor : 0.00500 ms 
Time of (17)Component Parent, Reversals : 0.00500 ms 
Time of (14)Get compressed list : 0.00500 ms 
Time of (16)Get edges : 0.00400 ms 
Time (total): 33.04800 ms 
--------------------------------------------------------
filename: kron_g500-logn20.txt
Nodes : 1048576
Edges : 44872781

------------------------------------------------------
Deleted : 10000
Tree edges deleted : 113
Non-tree edges deleted : 9887
Time of (12)Hooking Shortcutting : 17.586000 ms 
Time of (1)Get key rem collections : 2.64300 ms 
Time of (6)Edge Deletion : 2.47300 ms 
Time of (4)Multi component Euler tour internal  : 2.03500 ms 
Time of (9)Get key rem collections : 1.83400 ms 
Time of (8)Generate new edges : 1.38000 ms 
Time of (10)Convert to collection : 0.93900 ms 
Time of (2)Convert to collection : 0.93600 ms 
Time of (5)Retrieving back first and last times  : 0.93000 ms 
Time of (23)List ranking : 0.76700 ms 
Time of (11)Shortcut rep : 0.76600 ms 
Time of (7)Remove edges : 0.71100 ms 
Time of (15)Transedges prefix : 0.64400 ms 
Time of (21)CSR creation : 0.63800 ms 
Time of (25)Reverse Edges and Connect Parent : 0.55200 ms 
Time of (0)Extracting Roots : 0.53600 ms 
Time of (3)Processing for multi component Euler tour : 0.10900 ms 
Time of (19)Thrust Sorting : 0.10800 ms 
Time of (13)Compress Graph : 0.06200 ms 
Time of (20)Thrust gather : 0.04800 ms 
Time of (18)Functor : 0.01400 ms 
Time of (24)Component Parent, Reversals : 0.00900 ms 
Time of (16)Get edges : 0.00500 ms 
Time of (14)Get compressed list : 0.00500 ms 
Time of (22)Get Successor : 0.00400 ms 
Time of (17)Component Parent, Reversals : 0.00400 ms 
Time (total): 35.73800 ms 
--------------------------------------------------------
filename: kron_g500-logn20.txt
Nodes : 1048576
Edges : 44872781

------------------------------------------------------
Deleted : 10000
Tree edges deleted : 81
Non-tree edges deleted : 9919
Time of (12)Hooking Shortcutting : 6.983000 ms 
Time of (1)Get key rem collections : 2.59200 ms 
Time of (6)Edge Deletion : 2.51700 ms 
Time of (4)Multi component Euler tour internal  : 2.02600 ms 
Time of (9)Get key rem collections : 1.83300 ms 
Time of (8)Generate new edges : 1.38000 ms 
Time of (10)Convert to collection : 0.94200 ms 
Time of (5)Retrieving back first and last times  : 0.93500 ms 
Time of (2)Convert to collection : 0.93000 ms 
Time of (23)List ranking : 0.80800 ms 
Time of (15)Transedges prefix : 0.78200 ms 
Time of (11)Shortcut rep : 0.73000 ms 
Time of (7)Remove edges : 0.69100 ms 
Time of (21)CSR creation : 0.68300 ms 
Time of (25)Reverse Edges and Connect Parent : 0.58300 ms 
Time of (0)Extracting Roots : 0.53600 ms 
Time of (19)Thrust Sorting : 0.11900 ms 
Time of (3)Processing for multi component Euler tour : 0.10800 ms 
Time of (13)Compress Graph : 0.07600 ms 
Time of (20)Thrust gather : 0.05100 ms 
Time of (18)Functor : 0.01600 ms 
Time of (24)Component Parent, Reversals : 0.00900 ms 
Time of (14)Get compressed list : 0.00600 ms 
Time of (22)Get Successor : 0.00500 ms 
Time of (17)Component Parent, Reversals : 0.00500 ms 
Time of (16)Get edges : 0.00500 ms 
Time (total): 25.35100 ms 
--------------------------------------------------------
filename: kron_g500-logn20.txt
Nodes : 1048576
Edges : 44872781

------------------------------------------------------
Deleted : 10000
Tree edges deleted : 83
Non-tree edges deleted : 9917
Time of (12)Hooking Shortcutting : 6.970000 ms 
Time of (1)Get key rem collections : 2.62900 ms 
Time of (6)Edge Deletion : 2.51400 ms 
Time of (4)Multi component Euler tour internal  : 1.93100 ms 
Time of (9)Get key rem collections : 1.73200 ms 
Time of (8)Generate new edges : 1.38100 ms 
Time of (10)Convert to collection : 0.94100 ms 
Time of (2)Convert to collection : 0.92700 ms 
Time of (5)Retrieving back first and last times  : 0.82700 ms 
Time of (23)List ranking : 0.81400 ms 
Time of (11)Shortcut rep : 0.75900 ms 
Time of (15)Transedges prefix : 0.72900 ms 
Time of (7)Remove edges : 0.69000 ms 
Time of (21)CSR creation : 0.63800 ms 
Time of (25)Reverse Edges and Connect Parent : 0.58700 ms 
Time of (0)Extracting Roots : 0.52400 ms 
Time of (19)Thrust Sorting : 0.11900 ms 
Time of (3)Processing for multi component Euler tour : 0.10800 ms 
Time of (13)Compress Graph : 0.06500 ms 
Time of (20)Thrust gather : 0.05200 ms 
Time of (18)Functor : 0.01500 ms 
Time of (24)Component Parent, Reversals : 0.00900 ms 
Time of (14)Get compressed list : 0.00600 ms 
Time of (22)Get Successor : 0.00500 ms 
Time of (17)Component Parent, Reversals : 0.00500 ms 
Time of (16)Get edges : 0.00500 ms 
Time (total): 24.98200 ms 
--------------------------------------------------------
filename: kron_g500-logn20.txt
Nodes : 1048576
Edges : 44872781

------------------------------------------------------
Deleted : 10000
Tree edges deleted : 80
Non-tree edges deleted : 9920
Time of (12)Hooking Shortcutting : 6.977000 ms 
Time of (1)Get key rem collections : 2.57600 ms 
Time of (6)Edge Deletion : 2.51000 ms 
Time of (4)Multi component Euler tour internal  : 2.02100 ms 
Time of (9)Get key rem collections : 1.74200 ms 
Time of (8)Generate new edges : 1.38400 ms 
Time of (5)Retrieving back first and last times  : 0.93600 ms 
Time of (2)Convert to collection : 0.93000 ms 
Time of (10)Convert to collection : 0.92900 ms 
Time of (23)List ranking : 0.82300 ms 
Time of (7)Remove edges : 0.81200 ms 
Time of (11)Shortcut rep : 0.72600 ms 
Time of (15)Transedges prefix : 0.71700 ms 
Time of (21)CSR creation : 0.64700 ms 
Time of (25)Reverse Edges and Connect Parent : 0.59400 ms 
Time of (0)Extracting Roots : 0.54000 ms 
Time of (19)Thrust Sorting : 0.12000 ms 
Time of (3)Processing for multi component Euler tour : 0.10900 ms 
Time of (13)Compress Graph : 0.06600 ms 
Time of (20)Thrust gather : 0.04900 ms 
Time of (18)Functor : 0.01700 ms 
Time of (24)Component Parent, Reversals : 0.00900 ms 
Time of (16)Get edges : 0.00700 ms 
Time of (17)Component Parent, Reversals : 0.00600 ms 
Time of (14)Get compressed list : 0.00600 ms 
Time of (22)Get Successor : 0.00500 ms 
Time (total): 25.25800 ms 
--------------------------------------------------------
filename: kron_g500-logn20.txt
Nodes : 1048576
Edges : 44872781

------------------------------------------------------
Deleted : 10000
Tree edges deleted : 83
Non-tree edges deleted : 9917
Time of (12)Hooking Shortcutting : 7.049000 ms 
Time of (1)Get key rem collections : 2.65100 ms 
Time of (6)Edge Deletion : 2.55300 ms 
Time of (4)Multi component Euler tour internal  : 2.04000 ms 
Time of (9)Get key rem collections : 1.78200 ms 
Time of (8)Generate new edges : 1.37800 ms 
Time of (10)Convert to collection : 0.93800 ms 
Time of (2)Convert to collection : 0.93000 ms 
Time of (5)Retrieving back first and last times  : 0.90700 ms 
Time of (15)Transedges prefix : 0.83400 ms 
Time of (23)List ranking : 0.77400 ms 
Time of (11)Shortcut rep : 0.76000 ms 
Time of (7)Remove edges : 0.69300 ms 
Time of (21)CSR creation : 0.64000 ms 
Time of (25)Reverse Edges and Connect Parent : 0.56200 ms 
Time of (0)Extracting Roots : 0.52500 ms 
Time of (19)Thrust Sorting : 0.11000 ms 
Time of (3)Processing for multi component Euler tour : 0.10800 ms 
Time of (13)Compress Graph : 0.06400 ms 
Time of (20)Thrust gather : 0.05000 ms 
Time of (18)Functor : 0.01500 ms 
Time of (24)Component Parent, Reversals : 0.00900 ms 
Time of (14)Get compressed list : 0.00600 ms 
Time of (22)Get Successor : 0.00500 ms 
Time of (17)Component Parent, Reversals : 0.00500 ms 
Time of (16)Get edges : 0.00500 ms 
Time (total): 25.39300 ms 
--------------------------------------------------------
filename: kron_g500-logn20.txt
Nodes : 1048576
Edges : 44872781

------------------------------------------------------
Deleted : 100
Tree edges deleted : 1
Non-tree edges deleted : 99
Time of (12)Hooking Shortcutting : 3.480000 ms 
Time of (1)Get key rem collections : 2.64000 ms 
Time of (6)Edge Deletion : 2.43200 ms 
Time of (4)Multi component Euler tour internal  : 2.02400 ms 
Time of (9)Get key rem collections : 1.81500 ms 
Time of (8)Generate new edges : 1.37800 ms 
Time of (5)Retrieving back first and last times  : 0.95500 ms 
Time of (10)Convert to collection : 0.93800 ms 
Time of (2)Convert to collection : 0.92900 ms 
Time of (7)Remove edges : 0.81800 ms 
Time of (15)Transedges prefix : 0.80100 ms 
Time of (11)Shortcut rep : 0.76400 ms 
Time of (25)Reverse Edges and Connect Parent : 0.67500 ms 
Time of (21)CSR creation : 0.65400 ms 
Time of (0)Extracting Roots : 0.53600 ms 
Time of (23)List ranking : 0.19200 ms 
Time of (3)Processing for multi component Euler tour : 0.10700 ms 
Time of (19)Thrust Sorting : 0.10500 ms 
Time of (13)Compress Graph : 0.06500 ms 
Time of (20)Thrust gather : 0.05000 ms 
Time of (18)Functor : 0.01500 ms 
Time of (24)Component Parent, Reversals : 0.00900 ms 
Time of (17)Component Parent, Reversals : 0.00600 ms 
Time of (14)Get compressed list : 0.00600 ms 
Time of (22)Get Successor : 0.00500 ms 
Time of (16)Get edges : 0.00500 ms 
Time (total): 21.40400 ms 
--------------------------------------------------------
filename: kron_g500-logn20.txt
Nodes : 1048576
Edges : 44872781

------------------------------------------------------
Deleted : 100
Tree edges deleted : 1
Non-tree edges deleted : 99
Time of (12)Hooking Shortcutting : 3.479000 ms 
Time of (1)Get key rem collections : 2.68300 ms 
Time of (6)Edge Deletion : 2.20900 ms 
Time of (4)Multi component Euler tour internal  : 2.03500 ms 
Time of (9)Get key rem collections : 1.82800 ms 
Time of (8)Generate new edges : 1.38200 ms 
Time of (5)Retrieving back first and last times  : 0.93900 ms 
Time of (10)Convert to collection : 0.93600 ms 
Time of (2)Convert to collection : 0.92900 ms 
Time of (15)Transedges prefix : 0.80500 ms 
Time of (7)Remove edges : 0.78500 ms 
Time of (11)Shortcut rep : 0.75700 ms 
Time of (21)CSR creation : 0.65300 ms 
Time of (25)Reverse Edges and Connect Parent : 0.65200 ms 
Time of (0)Extracting Roots : 0.53300 ms 
Time of (23)List ranking : 0.19100 ms 
Time of (3)Processing for multi component Euler tour : 0.10900 ms 
Time of (19)Thrust Sorting : 0.10600 ms 
Time of (13)Compress Graph : 0.06600 ms 
Time of (20)Thrust gather : 0.05100 ms 
Time of (18)Functor : 0.01600 ms 
Time of (24)Component Parent, Reversals : 0.00900 ms 
Time of (17)Component Parent, Reversals : 0.00500 ms 
Time of (16)Get edges : 0.00500 ms 
Time of (14)Get compressed list : 0.00500 ms 
Time of (22)Get Successor : 0.00400 ms 
Time (total): 21.17200 ms 
--------------------------------------------------------
filename: kron_g500-logn20.txt
Nodes : 1048576
Edges : 44872781

------------------------------------------------------
Deleted : 100
Tree edges deleted : 2
Non-tree edges deleted : 98
Time of (12)Hooking Shortcutting : 5.228000 ms 
Time of (1)Get key rem collections : 2.62100 ms 
Time of (6)Edge Deletion : 2.25600 ms 
Time of (4)Multi component Euler tour internal  : 2.03600 ms 
Time of (9)Get key rem collections : 1.84500 ms 
Time of (8)Generate new edges : 1.38000 ms 
Time of (10)Convert to collection : 0.93900 ms 
Time of (2)Convert to collection : 0.92800 ms 
Time of (5)Retrieving back first and last times  : 0.82800 ms 
Time of (11)Shortcut rep : 0.75400 ms 
Time of (15)Transedges prefix : 0.71600 ms 
Time of (7)Remove edges : 0.68500 ms 
Time of (21)CSR creation : 0.64000 ms 
Time of (25)Reverse Edges and Connect Parent : 0.58400 ms 
Time of (0)Extracting Roots : 0.53900 ms 
Time of (23)List ranking : 0.27900 ms 
Time of (3)Processing for multi component Euler tour : 0.11100 ms 
Time of (19)Thrust Sorting : 0.10300 ms 
Time of (13)Compress Graph : 0.06600 ms 
Time of (20)Thrust gather : 0.05000 ms 
Time of (18)Functor : 0.01500 ms 
Time of (24)Component Parent, Reversals : 0.00900 ms 
Time of (22)Get Successor : 0.00500 ms 
Time of (17)Component Parent, Reversals : 0.00500 ms 
Time of (16)Get edges : 0.00500 ms 
Time of (14)Get compressed list : 0.00500 ms 
Time (total): 22.63200 ms 
--------------------------------------------------------
filename: kron_g500-logn20.txt
Nodes : 1048576
Edges : 44872781

------------------------------------------------------
Deleted : 100
Tree edges deleted : 2
Non-tree edges deleted : 98
Time of (12)Hooking Shortcutting : 5.236000 ms 
Time of (6)Edge Deletion : 2.81300 ms 
Time of (1)Get key rem collections : 2.59000 ms 
Time of (4)Multi component Euler tour internal  : 2.02200 ms 
Time of (9)Get key rem collections : 1.82000 ms 
Time of (25)Reverse Edges and Connect Parent : 1.46600 ms 
Time of (8)Generate new edges : 1.38000 ms 
Time of (2)Convert to collection : 0.93700 ms 
Time of (10)Convert to collection : 0.93600 ms 
Time of (5)Retrieving back first and last times  : 0.86100 ms 
Time of (11)Shortcut rep : 0.76000 ms 
Time of (15)Transedges prefix : 0.74400 ms 
Time of (7)Remove edges : 0.71000 ms 
Time of (21)CSR creation : 0.64900 ms 
Time of (0)Extracting Roots : 0.53600 ms 
Time of (23)List ranking : 0.28500 ms 
Time of (3)Processing for multi component Euler tour : 0.10800 ms 
Time of (19)Thrust Sorting : 0.10200 ms 
Time of (13)Compress Graph : 0.06700 ms 
Time of (20)Thrust gather : 0.05200 ms 
Time of (18)Functor : 0.01500 ms 
Time of (24)Component Parent, Reversals : 0.01200 ms 
Time of (16)Get edges : 0.00800 ms 
Time of (17)Component Parent, Reversals : 0.00700 ms 
Time of (22)Get Successor : 0.00600 ms 
Time of (14)Get compressed list : 0.00600 ms 
Time (total): 24.12800 ms 
--------------------------------------------------------
filename: kron_g500-logn20.txt
Nodes : 1048576
Edges : 44872781

------------------------------------------------------
Deleted : 100
Tree edges deleted : 0
Non-tree edges deleted : 100
Time of (6)Edge Deletion : 2.902000 ms 
Time of (1)Get key rem collections : 2.59700 ms 
Time of (4)Multi component Euler tour internal  : 2.01300 ms 
Time of (9)Get key rem collections : 1.88800 ms 
Time of (12)Hooking Shortcutting : 1.73200 ms 
Time of (15)Reverse Edges and Connect Parent : 1.47400 ms 
Time of (8)Generate new edges : 1.38100 ms 
Time of (10)Convert to collection : 0.93900 ms 
Time of (2)Convert to collection : 0.93000 ms 
Time of (5)Retrieving back first and last times  : 0.84400 ms 
Time of (11)Shortcut rep : 0.77500 ms 
Time of (7)Remove edges : 0.72600 ms 
Time of (0)Extracting Roots : 0.52500 ms 
Time of (3)Processing for multi component Euler tour : 0.10900 ms 
Time of (13)Compress Graph : 0.06500 ms 
Time of (14)Get compressed list : 0.00500 ms 
Time (total): 18.90500 ms 
--------------------------------------------------------
filename: kron_g500-logn20.txt
Nodes : 1048576
Edges : 44872781

------------------------------------------------------
Deleted : 1000
Tree edges deleted : 3
Non-tree edges deleted : 997
Time of (12)Hooking Shortcutting : 6.999000 ms 
Time of (1)Get key rem collections : 2.61500 ms 
Time of (6)Edge Deletion : 2.50900 ms 
Time of (4)Multi component Euler tour internal  : 2.02700 ms 
Time of (9)Get key rem collections : 1.88700 ms 
Time of (8)Generate new edges : 1.38000 ms 
Time of (25)Reverse Edges and Connect Parent : 1.27200 ms 
Time of (10)Convert to collection : 0.94200 ms 
Time of (2)Convert to collection : 0.92700 ms 
Time of (5)Retrieving back first and last times  : 0.83400 ms 
Time of (15)Transedges prefix : 0.78900 ms 
Time of (11)Shortcut rep : 0.76000 ms 
Time of (7)Remove edges : 0.70100 ms 
Time of (21)CSR creation : 0.64200 ms 
Time of (0)Extracting Roots : 0.54000 ms 
Time of (23)List ranking : 0.36500 ms 
Time of (3)Processing for multi component Euler tour : 0.10900 ms 
Time of (19)Thrust Sorting : 0.10400 ms 
Time of (13)Compress Graph : 0.06500 ms 
Time of (20)Thrust gather : 0.04900 ms 
Time of (18)Functor : 0.01500 ms 
Time of (24)Component Parent, Reversals : 0.01000 ms 
Time of (17)Component Parent, Reversals : 0.00500 ms 
Time of (16)Get edges : 0.00500 ms 
Time of (14)Get compressed list : 0.00500 ms 
Time of (22)Get Successor : 0.00400 ms 
Time (total): 25.56000 ms 
--------------------------------------------------------
filename: kron_g500-logn20.txt
Nodes : 1048576
Edges : 44872781

------------------------------------------------------
Deleted : 1000
Tree edges deleted : 9
Non-tree edges deleted : 991
Time of (12)Hooking Shortcutting : 6.974000 ms 
Time of (1)Get key rem collections : 2.58800 ms 
Time of (6)Edge Deletion : 2.51700 ms 
Time of (4)Multi component Euler tour internal  : 2.03200 ms 
Time of (9)Get key rem collections : 1.78500 ms 
Time of (8)Generate new edges : 1.37500 ms 
Time of (25)Reverse Edges and Connect Parent : 1.27400 ms 
Time of (10)Convert to collection : 0.93800 ms 
Time of (2)Convert to collection : 0.92900 ms 
Time of (5)Retrieving back first and last times  : 0.83000 ms 
Time of (15)Transedges prefix : 0.78100 ms 
Time of (11)Shortcut rep : 0.75800 ms 
Time of (7)Remove edges : 0.75800 ms 
Time of (21)CSR creation : 0.64900 ms 
Time of (0)Extracting Roots : 0.55100 ms 
Time of (23)List ranking : 0.54200 ms 
Time of (3)Processing for multi component Euler tour : 0.10900 ms 
Time of (19)Thrust Sorting : 0.10700 ms 
Time of (13)Compress Graph : 0.07000 ms 
Time of (20)Thrust gather : 0.05200 ms 
Time of (18)Functor : 0.01500 ms 
Time of (24)Component Parent, Reversals : 0.01200 ms 
Time of (17)Component Parent, Reversals : 0.00700 ms 
Time of (16)Get edges : 0.00700 ms 
Time of (22)Get Successor : 0.00600 ms 
Time of (14)Get compressed list : 0.00600 ms 
Time (total): 25.67200 ms 
--------------------------------------------------------
filename: kron_g500-logn20.txt
Nodes : 1048576
Edges : 44872781

------------------------------------------------------
Deleted : 1000
Tree edges deleted : 11
Non-tree edges deleted : 989
Time of (12)Hooking Shortcutting : 6.936000 ms 
Time of (1)Get key rem collections : 2.66900 ms 
Time of (6)Edge Deletion : 2.50000 ms 
Time of (4)Multi component Euler tour internal  : 2.03300 ms 
Time of (9)Get key rem collections : 1.84700 ms 
Time of (8)Generate new edges : 1.38000 ms 
Time of (2)Convert to collection : 0.93800 ms 
Time of (10)Convert to collection : 0.93600 ms 
Time of (25)Reverse Edges and Connect Parent : 0.89500 ms 
Time of (5)Retrieving back first and last times  : 0.83800 ms 
Time of (11)Shortcut rep : 0.77900 ms 
Time of (15)Transedges prefix : 0.76700 ms 
Time of (7)Remove edges : 0.76700 ms 
Time of (21)CSR creation : 0.64600 ms 
Time of (23)List ranking : 0.55100 ms 
Time of (0)Extracting Roots : 0.54400 ms 
Time of (3)Processing for multi component Euler tour : 0.11000 ms 
Time of (19)Thrust Sorting : 0.10800 ms 
Time of (13)Compress Graph : 0.06600 ms 
Time of (20)Thrust gather : 0.05100 ms 
Time of (18)Functor : 0.01500 ms 
Time of (24)Component Parent, Reversals : 0.01100 ms 
Time of (17)Component Parent, Reversals : 0.00600 ms 
Time of (14)Get compressed list : 0.00600 ms 
Time of (22)Get Successor : 0.00500 ms 
Time of (16)Get edges : 0.00500 ms 
Time (total): 25.40900 ms 
--------------------------------------------------------
filename: kron_g500-logn20.txt
Nodes : 1048576
Edges : 44872781

------------------------------------------------------
Deleted : 1000
Tree edges deleted : 8
Non-tree edges deleted : 992
Time of (4)Multi component Euler tour internal  : 29.272000 ms 
Time of (12)Hooking Shortcutting : 6.96800 ms 
Time of (6)Edge Deletion : 2.57100 ms 
Time of (1)Get key rem collections : 2.57100 ms 
Time of (9)Get key rem collections : 1.78200 ms 
Time of (8)Generate new edges : 1.38000 ms 
Time of (25)Reverse Edges and Connect Parent : 1.28900 ms 
Time of (5)Retrieving back first and last times  : 0.98600 ms 
Time of (10)Convert to collection : 0.94100 ms 
Time of (2)Convert to collection : 0.93000 ms 
Time of (11)Shortcut rep : 0.76500 ms 
Time of (7)Remove edges : 0.73700 ms 
Time of (15)Transedges prefix : 0.73300 ms 
Time of (21)CSR creation : 0.65500 ms 
Time of (0)Extracting Roots : 0.53600 ms 
Time of (23)List ranking : 0.46100 ms 
Time of (3)Processing for multi component Euler tour : 0.10700 ms 
Time of (19)Thrust Sorting : 0.10400 ms 
Time of (13)Compress Graph : 0.06600 ms 
Time of (20)Thrust gather : 0.05000 ms 
Time of (18)Functor : 0.01600 ms 
Time of (24)Component Parent, Reversals : 0.00900 ms 
Time of (16)Get edges : 0.00600 ms 
Time of (22)Get Successor : 0.00500 ms 
Time of (17)Component Parent, Reversals : 0.00500 ms 
Time of (14)Get compressed list : 0.00500 ms 
Time (total): 52.95000 ms 
--------------------------------------------------------
filename: kron_g500-logn20.txt
Nodes : 1048576
Edges : 44872781

------------------------------------------------------
Deleted : 1000
Tree edges deleted : 9
Non-tree edges deleted : 991
Time of (12)Hooking Shortcutting : 6.940000 ms 
Time of (1)Get key rem collections : 2.72200 ms 
Time of (6)Edge Deletion : 2.49200 ms 
Time of (4)Multi component Euler tour internal  : 2.02600 ms 
Time of (9)Get key rem collections : 1.81200 ms 
Time of (8)Generate new edges : 1.37900 ms 
Time of (25)Reverse Edges and Connect Parent : 1.18000 ms 
Time of (10)Convert to collection : 0.93800 ms 
Time of (5)Retrieving back first and last times  : 0.93300 ms 
Time of (2)Convert to collection : 0.93100 ms 
Time of (11)Shortcut rep : 0.76100 ms 
Time of (15)Transedges prefix : 0.73700 ms 
Time of (7)Remove edges : 0.69500 ms 
Time of (21)CSR creation : 0.64800 ms 
Time of (0)Extracting Roots : 0.54500 ms 
Time of (23)List ranking : 0.54100 ms 
Time of (3)Processing for multi component Euler tour : 0.11000 ms 
Time of (19)Thrust Sorting : 0.10600 ms 
Time of (13)Compress Graph : 0.06600 ms 
Time of (20)Thrust gather : 0.05000 ms 
Time of (18)Functor : 0.01600 ms 
Time of (24)Component Parent, Reversals : 0.01000 ms 
Time of (17)Component Parent, Reversals : 0.00600 ms 
Time of (22)Get Successor : 0.00500 ms 
Time of (16)Get edges : 0.00500 ms 
Time of (14)Get compressed list : 0.00500 ms 
Time (total): 25.65900 ms 
--------------------------------------------------------
