filename: kron_g500-logn18.txt
Nodes : 262144
Edges : 10634682

------------------------------------------------------
Deleted : 100000
Tree edges deleted : 1158
Non-tree edges deleted : 98842
Time of (12)Hooking Shortcutting : 4.993000 ms 
Time of (6)Edge Deletion : 2.94500 ms 
Time of (23)List ranking : 1.21300 ms 
Time of (4)Multi component Euler tour internal  : 0.86900 ms 
Time of (21)CSR creation : 0.65000 ms 
Time of (11)Shortcut rep : 0.54400 ms 
Time of (0)Extracting Roots : 0.52900 ms 
Time of (9)Get key rem collections : 0.44000 ms 
Time of (1)Get key rem collections : 0.43800 ms 
Time of (8)Generate new edges : 0.36200 ms 
Time of (5)Retrieving back first and last times  : 0.30600 ms 
Time of (7)Remove edges : 0.30000 ms 
Time of (2)Convert to collection : 0.26500 ms 
Time of (10)Convert to collection : 0.26200 ms 
Time of (15)Transedges prefix : 0.22500 ms 
Time of (25)Reverse Edges and Connect Parent : 0.13800 ms 
Time of (19)Thrust Sorting : 0.12800 ms 
Time of (20)Thrust gather : 0.05600 ms 
Time of (13)Compress Graph : 0.05600 ms 
Time of (3)Processing for multi component Euler tour : 0.04800 ms 
Time of (18)Functor : 0.01600 ms 
Time of (24)Component Parent, Reversals : 0.00800 ms 
Time of (22)Get Successor : 0.00500 ms 
Time of (17)Component Parent, Reversals : 0.00500 ms 
Time of (16)Get edges : 0.00500 ms 
Time of (14)Get compressed list : 0.00400 ms 
Time (total): 14.81000 ms 
--------------------------------------------------------
filename: kron_g500-logn18.txt
Nodes : 262144
Edges : 10634682

------------------------------------------------------
Deleted : 100000
Tree edges deleted : 1208
Non-tree edges deleted : 98792
Time of (12)Hooking Shortcutting : 4.912000 ms 
Time of (6)Edge Deletion : 2.97800 ms 
Time of (23)List ranking : 1.22200 ms 
Time of (4)Multi component Euler tour internal  : 0.81600 ms 
Time of (21)CSR creation : 0.65000 ms 
Time of (11)Shortcut rep : 0.54900 ms 
Time of (0)Extracting Roots : 0.52100 ms 
Time of (1)Get key rem collections : 0.44500 ms 
Time of (9)Get key rem collections : 0.44200 ms 
Time of (8)Generate new edges : 0.36300 ms 
Time of (5)Retrieving back first and last times  : 0.29500 ms 
Time of (10)Convert to collection : 0.26500 ms 
Time of (2)Convert to collection : 0.26000 ms 
Time of (7)Remove edges : 0.21900 ms 
Time of (15)Transedges prefix : 0.21500 ms 
Time of (25)Reverse Edges and Connect Parent : 0.13900 ms 
Time of (19)Thrust Sorting : 0.12900 ms 
Time of (13)Compress Graph : 0.05600 ms 
Time of (20)Thrust gather : 0.05500 ms 
Time of (3)Processing for multi component Euler tour : 0.04900 ms 
Time of (18)Functor : 0.01600 ms 
Time of (24)Component Parent, Reversals : 0.00800 ms 
Time of (22)Get Successor : 0.00500 ms 
Time of (17)Component Parent, Reversals : 0.00500 ms 
Time of (14)Get compressed list : 0.00500 ms 
Time of (16)Get edges : 0.00400 ms 
Time (total): 14.62300 ms 
--------------------------------------------------------
filename: kron_g500-logn18.txt
Nodes : 262144
Edges : 10634682

------------------------------------------------------
Deleted : 100000
Tree edges deleted : 1165
Non-tree edges deleted : 98835
Time of (12)Hooking Shortcutting : 4.603000 ms 
Time of (6)Edge Deletion : 2.92900 ms 
Time of (23)List ranking : 1.20800 ms 
Time of (4)Multi component Euler tour internal  : 0.83600 ms 
Time of (21)CSR creation : 0.65100 ms 
Time of (11)Shortcut rep : 0.54800 ms 
Time of (0)Extracting Roots : 0.53600 ms 
Time of (9)Get key rem collections : 0.43800 ms 
Time of (1)Get key rem collections : 0.43500 ms 
Time of (8)Generate new edges : 0.36100 ms 
Time of (5)Retrieving back first and last times  : 0.30700 ms 
Time of (2)Convert to collection : 0.26200 ms 
Time of (10)Convert to collection : 0.26100 ms 
Time of (7)Remove edges : 0.21600 ms 
Time of (15)Transedges prefix : 0.21100 ms 
Time of (25)Reverse Edges and Connect Parent : 0.13700 ms 
Time of (19)Thrust Sorting : 0.12900 ms 
Time of (20)Thrust gather : 0.05500 ms 
Time of (13)Compress Graph : 0.05500 ms 
Time of (3)Processing for multi component Euler tour : 0.04800 ms 
Time of (18)Functor : 0.01600 ms 
Time of (24)Component Parent, Reversals : 0.00800 ms 
Time of (17)Component Parent, Reversals : 0.00500 ms 
Time of (16)Get edges : 0.00500 ms 
Time of (22)Get Successor : 0.00400 ms 
Time of (14)Get compressed list : 0.00400 ms 
Time (total): 14.26800 ms 
--------------------------------------------------------
filename: kron_g500-logn18.txt
Nodes : 262144
Edges : 10634682

------------------------------------------------------
Deleted : 100000
Tree edges deleted : 1174
Non-tree edges deleted : 98826
Time of (12)Hooking Shortcutting : 4.604000 ms 
Time of (6)Edge Deletion : 2.99100 ms 
Time of (23)List ranking : 1.25000 ms 
Time of (4)Multi component Euler tour internal  : 0.82100 ms 
Time of (21)CSR creation : 0.66400 ms 
Time of (11)Shortcut rep : 0.58900 ms 
Time of (0)Extracting Roots : 0.51800 ms 
Time of (1)Get key rem collections : 0.43500 ms 
Time of (9)Get key rem collections : 0.43400 ms 
Time of (8)Generate new edges : 0.36300 ms 
Time of (5)Retrieving back first and last times  : 0.29900 ms 
Time of (2)Convert to collection : 0.27300 ms 
Time of (10)Convert to collection : 0.26100 ms 
Time of (7)Remove edges : 0.22400 ms 
Time of (15)Transedges prefix : 0.21500 ms 
Time of (25)Reverse Edges and Connect Parent : 0.14600 ms 
Time of (19)Thrust Sorting : 0.12800 ms 
Time of (13)Compress Graph : 0.05600 ms 
Time of (20)Thrust gather : 0.05500 ms 
Time of (3)Processing for multi component Euler tour : 0.04900 ms 
Time of (18)Functor : 0.01600 ms 
Time of (24)Component Parent, Reversals : 0.01000 ms 
Time of (22)Get Successor : 0.00700 ms 
Time of (17)Component Parent, Reversals : 0.00500 ms 
Time of (16)Get edges : 0.00500 ms 
Time of (14)Get compressed list : 0.00500 ms 
Time (total): 14.42300 ms 
--------------------------------------------------------
filename: kron_g500-logn18.txt
Nodes : 262144
Edges : 10634682

------------------------------------------------------
Deleted : 100000
Tree edges deleted : 1218
Non-tree edges deleted : 98782
Time of (12)Hooking Shortcutting : 5.112000 ms 
Time of (6)Edge Deletion : 2.93500 ms 
Time of (23)List ranking : 1.24000 ms 
Time of (4)Multi component Euler tour internal  : 0.84800 ms 
Time of (21)CSR creation : 0.67000 ms 
Time of (11)Shortcut rep : 0.54600 ms 
Time of (0)Extracting Roots : 0.53500 ms 
Time of (9)Get key rem collections : 0.43800 ms 
Time of (1)Get key rem collections : 0.43800 ms 
Time of (8)Generate new edges : 0.36300 ms 
Time of (5)Retrieving back first and last times  : 0.30900 ms 
Time of (10)Convert to collection : 0.26100 ms 
Time of (2)Convert to collection : 0.26000 ms 
Time of (15)Transedges prefix : 0.21600 ms 
Time of (7)Remove edges : 0.21400 ms 
Time of (25)Reverse Edges and Connect Parent : 0.14300 ms 
Time of (19)Thrust Sorting : 0.12600 ms 
Time of (20)Thrust gather : 0.05500 ms 
Time of (13)Compress Graph : 0.05500 ms 
Time of (3)Processing for multi component Euler tour : 0.04800 ms 
Time of (18)Functor : 0.01700 ms 
Time of (24)Component Parent, Reversals : 0.01100 ms 
Time of (22)Get Successor : 0.00500 ms 
Time of (17)Component Parent, Reversals : 0.00500 ms 
Time of (16)Get edges : 0.00500 ms 
Time of (14)Get compressed list : 0.00400 ms 
Time (total): 14.85900 ms 
--------------------------------------------------------
filename: kron_g500-logn18.txt
Nodes : 262144
Edges : 10634682

------------------------------------------------------
Deleted : 10000
Tree edges deleted : 127
Non-tree edges deleted : 9873
Time of (6)Edge Deletion : 2.853000 ms 
Time of (12)Hooking Shortcutting : 2.53700 ms 
Time of (4)Multi component Euler tour internal  : 0.86200 ms 
Time of (23)List ranking : 0.79200 ms 
Time of (21)CSR creation : 0.63700 ms 
Time of (11)Shortcut rep : 0.54200 ms 
Time of (0)Extracting Roots : 0.52300 ms 
Time of (9)Get key rem collections : 0.44400 ms 
Time of (1)Get key rem collections : 0.43700 ms 
Time of (8)Generate new edges : 0.36300 ms 
Time of (5)Retrieving back first and last times  : 0.29700 ms 
Time of (2)Convert to collection : 0.26400 ms 
Time of (10)Convert to collection : 0.26300 ms 
Time of (15)Transedges prefix : 0.21900 ms 
Time of (7)Remove edges : 0.21900 ms 
Time of (25)Reverse Edges and Connect Parent : 0.13200 ms 
Time of (19)Thrust Sorting : 0.12200 ms 
Time of (13)Compress Graph : 0.05500 ms 
Time of (20)Thrust gather : 0.05100 ms 
Time of (3)Processing for multi component Euler tour : 0.04700 ms 
Time of (18)Functor : 0.01500 ms 
Time of (24)Component Parent, Reversals : 0.00900 ms 
Time of (22)Get Successor : 0.00500 ms 
Time of (17)Component Parent, Reversals : 0.00500 ms 
Time of (16)Get edges : 0.00500 ms 
Time of (14)Get compressed list : 0.00400 ms 
Time (total): 11.70200 ms 
--------------------------------------------------------
filename: kron_g500-logn18.txt
Nodes : 262144
Edges : 10634682

------------------------------------------------------
Deleted : 10000
Tree edges deleted : 115
Non-tree edges deleted : 9885
Time of (6)Edge Deletion : 2.834000 ms 
Time of (12)Hooking Shortcutting : 1.82800 ms 
Time of (4)Multi component Euler tour internal  : 0.89300 ms 
Time of (23)List ranking : 0.78800 ms 
Time of (21)CSR creation : 0.64500 ms 
Time of (11)Shortcut rep : 0.54400 ms 
Time of (0)Extracting Roots : 0.53400 ms 
Time of (1)Get key rem collections : 0.45000 ms 
Time of (9)Get key rem collections : 0.43600 ms 
Time of (8)Generate new edges : 0.36200 ms 
Time of (5)Retrieving back first and last times  : 0.31100 ms 
Time of (10)Convert to collection : 0.26300 ms 
Time of (2)Convert to collection : 0.26300 ms 
Time of (15)Transedges prefix : 0.22000 ms 
Time of (7)Remove edges : 0.20600 ms 
Time of (25)Reverse Edges and Connect Parent : 0.13200 ms 
Time of (19)Thrust Sorting : 0.11900 ms 
Time of (13)Compress Graph : 0.05600 ms 
Time of (20)Thrust gather : 0.05100 ms 
Time of (3)Processing for multi component Euler tour : 0.04700 ms 
Time of (18)Functor : 0.01500 ms 
Time of (24)Component Parent, Reversals : 0.00800 ms 
Time of (14)Get compressed list : 0.00500 ms 
Time of (22)Get Successor : 0.00400 ms 
Time of (17)Component Parent, Reversals : 0.00400 ms 
Time of (16)Get edges : 0.00400 ms 
Time (total): 11.02200 ms 
--------------------------------------------------------
filename: kron_g500-logn18.txt
Nodes : 262144
Edges : 10634682

------------------------------------------------------
Deleted : 10000
Tree edges deleted : 121
Non-tree edges deleted : 9879
Time of (6)Edge Deletion : 2.824000 ms 
Time of (12)Hooking Shortcutting : 2.33400 ms 
Time of (4)Multi component Euler tour internal  : 0.83000 ms 
Time of (23)List ranking : 0.78500 ms 
Time of (21)CSR creation : 0.63600 ms 
Time of (11)Shortcut rep : 0.54200 ms 
Time of (0)Extracting Roots : 0.51800 ms 
Time of (1)Get key rem collections : 0.44100 ms 
Time of (9)Get key rem collections : 0.44000 ms 
Time of (8)Generate new edges : 0.36400 ms 
Time of (5)Retrieving back first and last times  : 0.29500 ms 
Time of (10)Convert to collection : 0.26300 ms 
Time of (2)Convert to collection : 0.26100 ms 
Time of (15)Transedges prefix : 0.25100 ms 
Time of (7)Remove edges : 0.20700 ms 
Time of (25)Reverse Edges and Connect Parent : 0.13100 ms 
Time of (19)Thrust Sorting : 0.12000 ms 
Time of (13)Compress Graph : 0.05500 ms 
Time of (20)Thrust gather : 0.05100 ms 
Time of (3)Processing for multi component Euler tour : 0.04800 ms 
Time of (18)Functor : 0.01500 ms 
Time of (24)Component Parent, Reversals : 0.00800 ms 
Time of (14)Get compressed list : 0.00600 ms 
Time of (22)Get Successor : 0.00500 ms 
Time of (17)Component Parent, Reversals : 0.00500 ms 
Time of (16)Get edges : 0.00500 ms 
Time (total): 11.44000 ms 
--------------------------------------------------------
filename: kron_g500-logn18.txt
Nodes : 262144
Edges : 10634682

------------------------------------------------------
Deleted : 10000
Tree edges deleted : 95
Non-tree edges deleted : 9905
Time of (6)Edge Deletion : 2.821000 ms 
Time of (12)Hooking Shortcutting : 1.92900 ms 
Time of (4)Multi component Euler tour internal  : 0.83100 ms 
Time of (23)List ranking : 0.79000 ms 
Time of (21)CSR creation : 0.67700 ms 
Time of (11)Shortcut rep : 0.54300 ms 
Time of (0)Extracting Roots : 0.52400 ms 
Time of (9)Get key rem collections : 0.46800 ms 
Time of (1)Get key rem collections : 0.44000 ms 
Time of (8)Generate new edges : 0.36200 ms 
Time of (5)Retrieving back first and last times  : 0.31000 ms 
Time of (10)Convert to collection : 0.26300 ms 
Time of (2)Convert to collection : 0.26200 ms 
Time of (15)Transedges prefix : 0.21800 ms 
Time of (7)Remove edges : 0.20600 ms 
Time of (25)Reverse Edges and Connect Parent : 0.13100 ms 
Time of (19)Thrust Sorting : 0.11800 ms 
Time of (13)Compress Graph : 0.05400 ms 
Time of (20)Thrust gather : 0.05000 ms 
Time of (3)Processing for multi component Euler tour : 0.04900 ms 
Time of (18)Functor : 0.01500 ms 
Time of (24)Component Parent, Reversals : 0.00800 ms 
Time of (17)Component Parent, Reversals : 0.00500 ms 
Time of (16)Get edges : 0.00500 ms 
Time of (22)Get Successor : 0.00400 ms 
Time of (14)Get compressed list : 0.00400 ms 
Time (total): 11.08700 ms 
--------------------------------------------------------
filename: kron_g500-logn18.txt
Nodes : 262144
Edges : 10634682

------------------------------------------------------
Deleted : 10000
Tree edges deleted : 122
Non-tree edges deleted : 9878
Time of (6)Edge Deletion : 2.825000 ms 
Time of (12)Hooking Shortcutting : 2.06500 ms 
Time of (23)List ranking : 0.80900 ms 
Time of (4)Multi component Euler tour internal  : 0.80500 ms 
Time of (21)CSR creation : 0.66200 ms 
Time of (11)Shortcut rep : 0.55900 ms 
Time of (0)Extracting Roots : 0.51000 ms 
Time of (1)Get key rem collections : 0.44100 ms 
Time of (9)Get key rem collections : 0.43300 ms 
Time of (8)Generate new edges : 0.36300 ms 
Time of (5)Retrieving back first and last times  : 0.29500 ms 
Time of (2)Convert to collection : 0.26400 ms 
Time of (10)Convert to collection : 0.26300 ms 
Time of (15)Transedges prefix : 0.22100 ms 
Time of (7)Remove edges : 0.20700 ms 
Time of (25)Reverse Edges and Connect Parent : 0.13300 ms 
Time of (19)Thrust Sorting : 0.12200 ms 
Time of (13)Compress Graph : 0.05700 ms 
Time of (20)Thrust gather : 0.05000 ms 
Time of (3)Processing for multi component Euler tour : 0.04900 ms 
Time of (18)Functor : 0.01500 ms 
Time of (24)Component Parent, Reversals : 0.00800 ms 
Time of (22)Get Successor : 0.00500 ms 
Time of (17)Component Parent, Reversals : 0.00500 ms 
Time of (16)Get edges : 0.00500 ms 
Time of (14)Get compressed list : 0.00500 ms 
Time (total): 11.17600 ms 
--------------------------------------------------------
filename: kron_g500-logn18.txt
Nodes : 262144
Edges : 10634682

------------------------------------------------------
Deleted : 100
Tree edges deleted : 0
Non-tree edges deleted : 100
Time of (6)Edge Deletion : 2.811000 ms 
Time of (4)Multi component Euler tour internal  : 0.83800 ms 
Time of (11)Shortcut rep : 0.54200 ms 
Time of (0)Extracting Roots : 0.51700 ms 
Time of (1)Get key rem collections : 0.49600 ms 
Time of (12)Hooking Shortcutting : 0.44600 ms 
Time of (9)Get key rem collections : 0.44100 ms 
Time of (8)Generate new edges : 0.36500 ms 
Time of (5)Retrieving back first and last times  : 0.31000 ms 
Time of (10)Convert to collection : 0.26500 ms 
Time of (2)Convert to collection : 0.26300 ms 
Time of (7)Remove edges : 0.20100 ms 
Time of (15)Reverse Edges and Connect Parent : 0.12600 ms 
Time of (13)Compress Graph : 0.05600 ms 
Time of (3)Processing for multi component Euler tour : 0.04800 ms 
Time of (14)Get compressed list : 0.00400 ms 
Time (total): 7.72900 ms 
--------------------------------------------------------
filename: kron_g500-logn18.txt
Nodes : 262144
Edges : 10634682

------------------------------------------------------
Deleted : 100
Tree edges deleted : 1
Non-tree edges deleted : 99
Time of (6)Edge Deletion : 2.270000 ms 
Time of (12)Hooking Shortcutting : 0.90400 ms 
Time of (4)Multi component Euler tour internal  : 0.81400 ms 
Time of (21)CSR creation : 0.63200 ms 
Time of (11)Shortcut rep : 0.54500 ms 
Time of (0)Extracting Roots : 0.53700 ms 
Time of (9)Get key rem collections : 0.44200 ms 
Time of (1)Get key rem collections : 0.43000 ms 
Time of (8)Generate new edges : 0.36300 ms 
Time of (5)Retrieving back first and last times  : 0.29500 ms 
Time of (2)Convert to collection : 0.26400 ms 
Time of (10)Convert to collection : 0.26300 ms 
Time of (15)Transedges prefix : 0.21600 ms 
Time of (7)Remove edges : 0.20200 ms 
Time of (23)List ranking : 0.18500 ms 
Time of (25)Reverse Edges and Connect Parent : 0.13400 ms 
Time of (19)Thrust Sorting : 0.10200 ms 
Time of (13)Compress Graph : 0.05600 ms 
Time of (20)Thrust gather : 0.05100 ms 
Time of (3)Processing for multi component Euler tour : 0.04700 ms 
Time of (18)Functor : 0.01500 ms 
Time of (24)Component Parent, Reversals : 0.00800 ms 
Time of (22)Get Successor : 0.00500 ms 
Time of (17)Component Parent, Reversals : 0.00500 ms 
Time of (14)Get compressed list : 0.00500 ms 
Time of (16)Get edges : 0.00400 ms 
Time (total): 8.79400 ms 
--------------------------------------------------------
filename: kron_g500-logn18.txt
Nodes : 262144
Edges : 10634682

------------------------------------------------------
Deleted : 100
Tree edges deleted : 2
Non-tree edges deleted : 98
Time of (6)Edge Deletion : 2.287000 ms 
Time of (12)Hooking Shortcutting : 1.36900 ms 
Time of (4)Multi component Euler tour internal  : 0.85400 ms 
Time of (21)CSR creation : 0.63700 ms 
Time of (11)Shortcut rep : 0.54500 ms 
Time of (0)Extracting Roots : 0.51600 ms 
Time of (9)Get key rem collections : 0.43800 ms 
Time of (1)Get key rem collections : 0.43700 ms 
Time of (8)Generate new edges : 0.36300 ms 
Time of (5)Retrieving back first and last times  : 0.29800 ms 
Time of (23)List ranking : 0.27100 ms 
Time of (2)Convert to collection : 0.27000 ms 
Time of (10)Convert to collection : 0.26400 ms 
Time of (15)Transedges prefix : 0.22700 ms 
Time of (7)Remove edges : 0.20700 ms 
Time of (25)Reverse Edges and Connect Parent : 0.12900 ms 
Time of (19)Thrust Sorting : 0.10300 ms 
Time of (13)Compress Graph : 0.05500 ms 
Time of (20)Thrust gather : 0.05000 ms 
Time of (3)Processing for multi component Euler tour : 0.04800 ms 
Time of (18)Functor : 0.01500 ms 
Time of (24)Component Parent, Reversals : 0.00800 ms 
Time of (22)Get Successor : 0.00500 ms 
Time of (16)Get edges : 0.00500 ms 
Time of (14)Get compressed list : 0.00500 ms 
Time of (17)Component Parent, Reversals : 0.00400 ms 
Time (total): 9.41000 ms 
--------------------------------------------------------
filename: kron_g500-logn18.txt
Nodes : 262144
Edges : 10634682

------------------------------------------------------
Deleted : 100
Tree edges deleted : 2
Non-tree edges deleted : 98
Time of (6)Edge Deletion : 2.811000 ms 
Time of (12)Hooking Shortcutting : 1.36100 ms 
Time of (4)Multi component Euler tour internal  : 0.81500 ms 
Time of (21)CSR creation : 0.63500 ms 
Time of (11)Shortcut rep : 0.55500 ms 
Time of (0)Extracting Roots : 0.52600 ms 
Time of (9)Get key rem collections : 0.44900 ms 
Time of (1)Get key rem collections : 0.43900 ms 
Time of (8)Generate new edges : 0.36200 ms 
Time of (5)Retrieving back first and last times  : 0.29400 ms 
Time of (23)List ranking : 0.27300 ms 
Time of (2)Convert to collection : 0.27200 ms 
Time of (10)Convert to collection : 0.26100 ms 
Time of (15)Transedges prefix : 0.23800 ms 
Time of (7)Remove edges : 0.20300 ms 
Time of (25)Reverse Edges and Connect Parent : 0.12800 ms 
Time of (19)Thrust Sorting : 0.10000 ms 
Time of (13)Compress Graph : 0.05500 ms 
Time of (20)Thrust gather : 0.05000 ms 
Time of (3)Processing for multi component Euler tour : 0.04900 ms 
Time of (18)Functor : 0.01400 ms 
Time of (24)Component Parent, Reversals : 0.00900 ms 
Time of (22)Get Successor : 0.00500 ms 
Time of (17)Component Parent, Reversals : 0.00500 ms 
Time of (16)Get edges : 0.00500 ms 
Time of (14)Get compressed list : 0.00400 ms 
Time (total): 9.91800 ms 
--------------------------------------------------------
filename: kron_g500-logn18.txt
Nodes : 262144
Edges : 10634682

------------------------------------------------------
Deleted : 100
Tree edges deleted : 2
Non-tree edges deleted : 98
Time of (6)Edge Deletion : 2.208000 ms 
Time of (12)Hooking Shortcutting : 1.35100 ms 
Time of (4)Multi component Euler tour internal  : 0.83200 ms 
Time of (21)CSR creation : 0.63300 ms 
Time of (11)Shortcut rep : 0.54200 ms 
Time of (0)Extracting Roots : 0.53800 ms 
Time of (9)Get key rem collections : 0.44400 ms 
Time of (1)Get key rem collections : 0.44000 ms 
Time of (8)Generate new edges : 0.36100 ms 
Time of (5)Retrieving back first and last times  : 0.29500 ms 
Time of (23)List ranking : 0.27100 ms 
Time of (10)Convert to collection : 0.26300 ms 
Time of (2)Convert to collection : 0.26000 ms 
Time of (15)Transedges prefix : 0.23900 ms 
Time of (7)Remove edges : 0.20200 ms 
Time of (25)Reverse Edges and Connect Parent : 0.12800 ms 
Time of (19)Thrust Sorting : 0.10000 ms 
Time of (13)Compress Graph : 0.05400 ms 
Time of (20)Thrust gather : 0.05000 ms 
Time of (3)Processing for multi component Euler tour : 0.04800 ms 
Time of (18)Functor : 0.01500 ms 
Time of (24)Component Parent, Reversals : 0.01000 ms 
Time of (22)Get Successor : 0.00400 ms 
Time of (17)Component Parent, Reversals : 0.00400 ms 
Time of (16)Get edges : 0.00400 ms 
Time of (14)Get compressed list : 0.00400 ms 
Time (total): 9.30000 ms 
--------------------------------------------------------
filename: kron_g500-logn18.txt
Nodes : 262144
Edges : 10634682

------------------------------------------------------
Deleted : 1000
Tree edges deleted : 17
Non-tree edges deleted : 983
Time of (6)Edge Deletion : 2.242000 ms 
Time of (12)Hooking Shortcutting : 1.78900 ms 
Time of (4)Multi component Euler tour internal  : 0.86700 ms 
Time of (21)CSR creation : 0.64600 ms 
Time of (23)List ranking : 0.63300 ms 
Time of (11)Shortcut rep : 0.54400 ms 
Time of (0)Extracting Roots : 0.53700 ms 
Time of (1)Get key rem collections : 0.48500 ms 
Time of (9)Get key rem collections : 0.44200 ms 
Time of (8)Generate new edges : 0.36400 ms 
Time of (5)Retrieving back first and last times  : 0.31700 ms 
Time of (10)Convert to collection : 0.26500 ms 
Time of (2)Convert to collection : 0.26200 ms 
Time of (7)Remove edges : 0.22800 ms 
Time of (15)Transedges prefix : 0.22500 ms 
Time of (25)Reverse Edges and Connect Parent : 0.13100 ms 
Time of (19)Thrust Sorting : 0.10900 ms 
Time of (13)Compress Graph : 0.05500 ms 
Time of (20)Thrust gather : 0.05000 ms 
Time of (3)Processing for multi component Euler tour : 0.04900 ms 
Time of (18)Functor : 0.01500 ms 
Time of (24)Component Parent, Reversals : 0.00800 ms 
Time of (22)Get Successor : 0.00500 ms 
Time of (17)Component Parent, Reversals : 0.00500 ms 
Time of (16)Get edges : 0.00500 ms 
Time of (14)Get compressed list : 0.00500 ms 
Time (total): 10.28300 ms 
--------------------------------------------------------
filename: kron_g500-logn18.txt
Nodes : 262144
Edges : 10634682

------------------------------------------------------
Deleted : 1000
Tree edges deleted : 12
Non-tree edges deleted : 988
Time of (6)Edge Deletion : 2.227000 ms 
Time of (12)Hooking Shortcutting : 1.79100 ms 
Time of (4)Multi component Euler tour internal  : 0.83500 ms 
Time of (21)CSR creation : 0.63800 ms 
Time of (11)Shortcut rep : 0.54100 ms 
Time of (23)List ranking : 0.53500 ms 
Time of (0)Extracting Roots : 0.52900 ms 
Time of (9)Get key rem collections : 0.52200 ms 
Time of (1)Get key rem collections : 0.44000 ms 
Time of (8)Generate new edges : 0.36400 ms 
Time of (5)Retrieving back first and last times  : 0.28300 ms 
Time of (10)Convert to collection : 0.26300 ms 
Time of (2)Convert to collection : 0.26100 ms 
Time of (7)Remove edges : 0.22200 ms 
Time of (15)Transedges prefix : 0.21500 ms 
Time of (25)Reverse Edges and Connect Parent : 0.12900 ms 
Time of (19)Thrust Sorting : 0.10700 ms 
Time of (13)Compress Graph : 0.05400 ms 
Time of (20)Thrust gather : 0.05000 ms 
Time of (3)Processing for multi component Euler tour : 0.04800 ms 
Time of (18)Functor : 0.01400 ms 
Time of (24)Component Parent, Reversals : 0.00900 ms 
Time of (22)Get Successor : 0.00500 ms 
Time of (16)Get edges : 0.00500 ms 
Time of (14)Get compressed list : 0.00500 ms 
Time of (17)Component Parent, Reversals : 0.00400 ms 
Time (total): 10.09600 ms 
--------------------------------------------------------
filename: kron_g500-logn18.txt
Nodes : 262144
Edges : 10634682

------------------------------------------------------
Deleted : 1000
Tree edges deleted : 16
Non-tree edges deleted : 984
Time of (6)Edge Deletion : 2.212000 ms 
Time of (12)Hooking Shortcutting : 1.81300 ms 
Time of (4)Multi component Euler tour internal  : 0.84900 ms 
Time of (21)CSR creation : 0.64600 ms 
Time of (11)Shortcut rep : 0.53900 ms 
Time of (23)List ranking : 0.53700 ms 
Time of (0)Extracting Roots : 0.53000 ms 
Time of (9)Get key rem collections : 0.46000 ms 
Time of (1)Get key rem collections : 0.44100 ms 
Time of (8)Generate new edges : 0.36400 ms 
Time of (5)Retrieving back first and last times  : 0.30800 ms 
Time of (10)Convert to collection : 0.26400 ms 
Time of (2)Convert to collection : 0.26100 ms 
Time of (15)Transedges prefix : 0.21800 ms 
Time of (7)Remove edges : 0.20100 ms 
Time of (25)Reverse Edges and Connect Parent : 0.13100 ms 
Time of (19)Thrust Sorting : 0.10800 ms 
Time of (13)Compress Graph : 0.05600 ms 
Time of (20)Thrust gather : 0.04900 ms 
Time of (3)Processing for multi component Euler tour : 0.04900 ms 
Time of (18)Functor : 0.01400 ms 
Time of (24)Component Parent, Reversals : 0.00900 ms 
Time of (22)Get Successor : 0.00500 ms 
Time of (17)Component Parent, Reversals : 0.00500 ms 
Time of (14)Get compressed list : 0.00500 ms 
Time of (16)Get edges : 0.00400 ms 
Time (total): 10.07800 ms 
--------------------------------------------------------
filename: kron_g500-logn18.txt
Nodes : 262144
Edges : 10634682

------------------------------------------------------
Deleted : 1000
Tree edges deleted : 14
Non-tree edges deleted : 986
Time of (12)Hooking Shortcutting : 2.693000 ms 
Time of (6)Edge Deletion : 2.19900 ms 
Time of (4)Multi component Euler tour internal  : 0.81300 ms 
Time of (21)CSR creation : 0.64900 ms 
Time of (11)Shortcut rep : 0.54000 ms 
Time of (0)Extracting Roots : 0.54000 ms 
Time of (23)List ranking : 0.53500 ms 
Time of (9)Get key rem collections : 0.45300 ms 
Time of (1)Get key rem collections : 0.44600 ms 
Time of (8)Generate new edges : 0.36200 ms 
Time of (5)Retrieving back first and last times  : 0.31100 ms 
Time of (10)Convert to collection : 0.26400 ms 
Time of (2)Convert to collection : 0.26200 ms 
Time of (15)Transedges prefix : 0.22400 ms 
Time of (7)Remove edges : 0.20100 ms 
Time of (25)Reverse Edges and Connect Parent : 0.12900 ms 
Time of (19)Thrust Sorting : 0.10900 ms 
Time of (13)Compress Graph : 0.05600 ms 
Time of (20)Thrust gather : 0.05000 ms 
Time of (3)Processing for multi component Euler tour : 0.04900 ms 
Time of (18)Functor : 0.01500 ms 
Time of (24)Component Parent, Reversals : 0.01000 ms 
Time of (22)Get Successor : 0.00500 ms 
Time of (17)Component Parent, Reversals : 0.00500 ms 
Time of (16)Get edges : 0.00400 ms 
Time of (14)Get compressed list : 0.00400 ms 
Time (total): 10.92800 ms 
--------------------------------------------------------
filename: kron_g500-logn18.txt
Nodes : 262144
Edges : 10634682

------------------------------------------------------
Deleted : 1000
Tree edges deleted : 20
Non-tree edges deleted : 980
Time of (6)Edge Deletion : 2.844000 ms 
Time of (12)Hooking Shortcutting : 2.27000 ms 
Time of (4)Multi component Euler tour internal  : 0.82800 ms 
Time of (21)CSR creation : 0.64700 ms 
Time of (23)List ranking : 0.62100 ms 
Time of (11)Shortcut rep : 0.54100 ms 
Time of (0)Extracting Roots : 0.53600 ms 
Time of (9)Get key rem collections : 0.44400 ms 
Time of (1)Get key rem collections : 0.43800 ms 
Time of (8)Generate new edges : 0.36200 ms 
Time of (5)Retrieving back first and last times  : 0.30600 ms 
Time of (2)Convert to collection : 0.26500 ms 
Time of (10)Convert to collection : 0.26300 ms 
Time of (7)Remove edges : 0.22700 ms 
Time of (15)Transedges prefix : 0.21400 ms 
Time of (25)Reverse Edges and Connect Parent : 0.12900 ms 
Time of (19)Thrust Sorting : 0.11000 ms 
Time of (13)Compress Graph : 0.05500 ms 
Time of (20)Thrust gather : 0.04900 ms 
Time of (3)Processing for multi component Euler tour : 0.04800 ms 
Time of (18)Functor : 0.01400 ms 
Time of (24)Component Parent, Reversals : 0.00900 ms 
Time of (22)Get Successor : 0.00400 ms 
Time of (17)Component Parent, Reversals : 0.00400 ms 
Time of (16)Get edges : 0.00400 ms 
Time of (14)Get compressed list : 0.00400 ms 
Time (total): 11.23600 ms 
--------------------------------------------------------
