filename: soc-LiveJournal1.txt
Nodes : 4847571
Edges : 42853112

------------------------------------------------------
Deleted : 100000
Tree edges deleted : 4995
Non-tree edges deleted : 95005
Time of (12)Hooking Shortcutting : 24.558000 ms 
Time of (4)Multi component Euler tour internal  : 8.11400 ms 
Time of (5)Retrieving back first and last times  : 4.03000 ms 
Time of (6)Edge Deletion : 2.84700 ms 
Time of (1)Get key rem collections : 2.52100 ms 
Time of (9)Get key rem collections : 1.68500 ms 
Time of (25)Reverse Edges and Connect Parent : 1.33700 ms 
Time of (8)Generate new edges : 1.31700 ms 
Time of (23)List ranking : 1.24000 ms 
Time of (10)Convert to collection : 0.91000 ms 
Time of (2)Convert to collection : 0.90200 ms 
Time of (11)Shortcut rep : 0.83200 ms 
Time of (7)Remove edges : 0.69400 ms 
Time of (15)Transedges prefix : 0.67900 ms 
Time of (21)CSR creation : 0.64800 ms 
Time of (0)Extracting Roots : 0.58200 ms 
Time of (19)Thrust Sorting : 0.20300 ms 
Time of (13)Compress Graph : 0.14700 ms 
Time of (3)Processing for multi component Euler tour : 0.13900 ms 
Time of (20)Thrust gather : 0.05400 ms 
Time of (18)Functor : 0.01700 ms 
Time of (24)Component Parent, Reversals : 0.00900 ms 
Time of (14)Get compressed list : 0.00500 ms 
Time of (22)Get Successor : 0.00400 ms 
Time of (17)Component Parent, Reversals : 0.00400 ms 
Time of (16)Get edges : 0.00400 ms 
Time (total): 53.48200 ms 
--------------------------------------------------------
filename: soc-LiveJournal1.txt
Nodes : 4847571
Edges : 42853112

------------------------------------------------------
Deleted : 100000
Tree edges deleted : 4896
Non-tree edges deleted : 95104
Time of (12)Hooking Shortcutting : 19.560000 ms 
Time of (4)Multi component Euler tour internal  : 8.28400 ms 
Time of (5)Retrieving back first and last times  : 3.40400 ms 
Time of (6)Edge Deletion : 2.85400 ms 
Time of (1)Get key rem collections : 2.58200 ms 
Time of (9)Get key rem collections : 1.76700 ms 
Time of (25)Reverse Edges and Connect Parent : 1.31900 ms 
Time of (8)Generate new edges : 1.31300 ms 
Time of (23)List ranking : 1.21000 ms 
Time of (2)Convert to collection : 0.91100 ms 
Time of (10)Convert to collection : 0.90400 ms 
Time of (11)Shortcut rep : 0.83700 ms 
Time of (7)Remove edges : 0.76300 ms 
Time of (15)Transedges prefix : 0.68400 ms 
Time of (21)CSR creation : 0.64800 ms 
Time of (0)Extracting Roots : 0.57100 ms 
Time of (19)Thrust Sorting : 0.20300 ms 
Time of (13)Compress Graph : 0.16000 ms 
Time of (3)Processing for multi component Euler tour : 0.13700 ms 
Time of (20)Thrust gather : 0.05400 ms 
Time of (18)Functor : 0.01700 ms 
Time of (24)Component Parent, Reversals : 0.00800 ms 
Time of (14)Get compressed list : 0.00600 ms 
Time of (16)Get edges : 0.00500 ms 
Time of (22)Get Successor : 0.00400 ms 
Time of (17)Component Parent, Reversals : 0.00400 ms 
Time (total): 48.20900 ms 
--------------------------------------------------------
filename: soc-LiveJournal1.txt
Nodes : 4847571
Edges : 42853112

------------------------------------------------------
Deleted : 100000
Tree edges deleted : 4992
Non-tree edges deleted : 95008
Time of (12)Hooking Shortcutting : 24.715000 ms 
Time of (4)Multi component Euler tour internal  : 8.11900 ms 
Time of (5)Retrieving back first and last times  : 3.40700 ms 
Time of (6)Edge Deletion : 2.84100 ms 
Time of (1)Get key rem collections : 2.58000 ms 
Time of (9)Get key rem collections : 1.67100 ms 
Time of (25)Reverse Edges and Connect Parent : 1.37600 ms 
Time of (23)List ranking : 1.31900 ms 
Time of (8)Generate new edges : 1.31300 ms 
Time of (2)Convert to collection : 0.91200 ms 
Time of (10)Convert to collection : 0.90400 ms 
Time of (11)Shortcut rep : 0.83800 ms 
Time of (15)Transedges prefix : 0.73700 ms 
Time of (7)Remove edges : 0.68800 ms 
Time of (21)CSR creation : 0.66700 ms 
Time of (0)Extracting Roots : 0.56300 ms 
Time of (19)Thrust Sorting : 0.20000 ms 
Time of (13)Compress Graph : 0.14300 ms 
Time of (3)Processing for multi component Euler tour : 0.13900 ms 
Time of (20)Thrust gather : 0.05400 ms 
Time of (18)Functor : 0.01600 ms 
Time of (24)Component Parent, Reversals : 0.00800 ms 
Time of (17)Component Parent, Reversals : 0.00500 ms 
Time of (14)Get compressed list : 0.00500 ms 
Time of (22)Get Successor : 0.00400 ms 
Time of (16)Get edges : 0.00400 ms 
Time (total): 53.22800 ms 
--------------------------------------------------------
filename: soc-LiveJournal1.txt
Nodes : 4847571
Edges : 42853112

------------------------------------------------------
Deleted : 100000
Tree edges deleted : 4918
Non-tree edges deleted : 95082
Time of (12)Hooking Shortcutting : 14.758000 ms 
Time of (4)Multi component Euler tour internal  : 8.13800 ms 
Time of (5)Retrieving back first and last times  : 4.20900 ms 
Time of (6)Edge Deletion : 2.86500 ms 
Time of (1)Get key rem collections : 2.56900 ms 
Time of (9)Get key rem collections : 1.78600 ms 
Time of (8)Generate new edges : 1.31700 ms 
Time of (25)Reverse Edges and Connect Parent : 1.31000 ms 
Time of (23)List ranking : 1.21100 ms 
Time of (2)Convert to collection : 0.91600 ms 
Time of (10)Convert to collection : 0.91200 ms 
Time of (11)Shortcut rep : 0.84200 ms 
Time of (15)Transedges prefix : 0.77300 ms 
Time of (7)Remove edges : 0.77200 ms 
Time of (21)CSR creation : 0.66000 ms 
Time of (0)Extracting Roots : 0.59200 ms 
Time of (19)Thrust Sorting : 0.20000 ms 
Time of (13)Compress Graph : 0.17700 ms 
Time of (3)Processing for multi component Euler tour : 0.14000 ms 
Time of (20)Thrust gather : 0.05300 ms 
Time of (18)Functor : 0.01700 ms 
Time of (24)Component Parent, Reversals : 0.01000 ms 
Time of (14)Get compressed list : 0.00700 ms 
Time of (17)Component Parent, Reversals : 0.00600 ms 
Time of (16)Get edges : 0.00600 ms 
Time of (22)Get Successor : 0.00500 ms 
Time (total): 44.25100 ms 
--------------------------------------------------------
filename: soc-LiveJournal1.txt
Nodes : 4847571
Edges : 42853112

------------------------------------------------------
Deleted : 100000
Tree edges deleted : 4889
Non-tree edges deleted : 95111
Time of (12)Hooking Shortcutting : 20.760000 ms 
Time of (4)Multi component Euler tour internal  : 8.17200 ms 
Time of (5)Retrieving back first and last times  : 3.39900 ms 
Time of (1)Get key rem collections : 2.88900 ms 
Time of (6)Edge Deletion : 2.81200 ms 
Time of (9)Get key rem collections : 1.70900 ms 
Time of (25)Reverse Edges and Connect Parent : 1.33900 ms 
Time of (8)Generate new edges : 1.31500 ms 
Time of (23)List ranking : 1.26800 ms 
Time of (10)Convert to collection : 0.91100 ms 
Time of (2)Convert to collection : 0.90200 ms 
Time of (11)Shortcut rep : 0.83900 ms 
Time of (15)Transedges prefix : 0.73900 ms 
Time of (7)Remove edges : 0.68400 ms 
Time of (21)CSR creation : 0.65800 ms 
Time of (0)Extracting Roots : 0.58800 ms 
Time of (19)Thrust Sorting : 0.20400 ms 
Time of (3)Processing for multi component Euler tour : 0.13700 ms 
Time of (13)Compress Graph : 0.13100 ms 
Time of (20)Thrust gather : 0.05300 ms 
Time of (18)Functor : 0.01700 ms 
Time of (24)Component Parent, Reversals : 0.00800 ms 
Time of (17)Component Parent, Reversals : 0.00500 ms 
Time of (14)Get compressed list : 0.00500 ms 
Time of (22)Get Successor : 0.00400 ms 
Time of (16)Get edges : 0.00400 ms 
Time (total): 49.55200 ms 
--------------------------------------------------------
filename: soc-LiveJournal1.txt
Nodes : 4847571
Edges : 42853112

------------------------------------------------------
Deleted : 10000
Tree edges deleted : 472
Non-tree edges deleted : 9528
Time of (12)Hooking Shortcutting : 9.528000 ms 
Time of (4)Multi component Euler tour internal  : 8.36500 ms 
Time of (5)Retrieving back first and last times  : 3.40500 ms 
Time of (6)Edge Deletion : 3.00200 ms 
Time of (1)Get key rem collections : 2.70100 ms 
Time of (9)Get key rem collections : 1.83500 ms 
Time of (8)Generate new edges : 1.32100 ms 
Time of (25)Reverse Edges and Connect Parent : 1.29200 ms 
Time of (10)Convert to collection : 0.91000 ms 
Time of (2)Convert to collection : 0.90700 ms 
Time of (23)List ranking : 0.85700 ms 
Time of (11)Shortcut rep : 0.82400 ms 
Time of (7)Remove edges : 0.75000 ms 
Time of (15)Transedges prefix : 0.69100 ms 
Time of (21)CSR creation : 0.64200 ms 
Time of (0)Extracting Roots : 0.58700 ms 
Time of (13)Compress Graph : 0.19000 ms 
Time of (3)Processing for multi component Euler tour : 0.13900 ms 
Time of (19)Thrust Sorting : 0.12000 ms 
Time of (20)Thrust gather : 0.05400 ms 
Time of (18)Functor : 0.01700 ms 
Time of (24)Component Parent, Reversals : 0.01000 ms 
Time of (16)Get edges : 0.00800 ms 
Time of (14)Get compressed list : 0.00700 ms 
Time of (22)Get Successor : 0.00600 ms 
Time of (17)Component Parent, Reversals : 0.00500 ms 
Time (total): 38.17300 ms 
--------------------------------------------------------
filename: soc-LiveJournal1.txt
Nodes : 4847571
Edges : 42853112

------------------------------------------------------
Deleted : 10000
Tree edges deleted : 524
Non-tree edges deleted : 9476
Time of (12)Hooking Shortcutting : 9.516000 ms 
Time of (4)Multi component Euler tour internal  : 8.18100 ms 
Time of (5)Retrieving back first and last times  : 3.40300 ms 
Time of (6)Edge Deletion : 2.64100 ms 
Time of (1)Get key rem collections : 2.58900 ms 
Time of (9)Get key rem collections : 1.75200 ms 
Time of (8)Generate new edges : 1.31900 ms 
Time of (25)Reverse Edges and Connect Parent : 1.28700 ms 
Time of (23)List ranking : 1.10000 ms 
Time of (10)Convert to collection : 0.91400 ms 
Time of (2)Convert to collection : 0.90200 ms 
Time of (11)Shortcut rep : 0.82100 ms 
Time of (15)Transedges prefix : 0.80200 ms 
Time of (7)Remove edges : 0.68200 ms 
Time of (21)CSR creation : 0.65500 ms 
Time of (0)Extracting Roots : 0.57200 ms 
Time of (3)Processing for multi component Euler tour : 0.13800 ms 
Time of (13)Compress Graph : 0.12900 ms 
Time of (19)Thrust Sorting : 0.12100 ms 
Time of (20)Thrust gather : 0.05600 ms 
Time of (18)Functor : 0.01500 ms 
Time of (24)Component Parent, Reversals : 0.01000 ms 
Time of (14)Get compressed list : 0.00600 ms 
Time of (22)Get Successor : 0.00500 ms 
Time of (16)Get edges : 0.00500 ms 
Time of (17)Component Parent, Reversals : 0.00400 ms 
Time (total): 37.62500 ms 
--------------------------------------------------------
filename: soc-LiveJournal1.txt
Nodes : 4847571
Edges : 42853112

------------------------------------------------------
Deleted : 10000
Tree edges deleted : 512
Non-tree edges deleted : 9488
Time of (12)Hooking Shortcutting : 9.599000 ms 
Time of (4)Multi component Euler tour internal  : 8.47400 ms 
Time of (5)Retrieving back first and last times  : 3.93000 ms 
Time of (6)Edge Deletion : 2.60600 ms 
Time of (1)Get key rem collections : 2.54900 ms 
Time of (9)Get key rem collections : 1.82000 ms 
Time of (25)Reverse Edges and Connect Parent : 1.39400 ms 
Time of (8)Generate new edges : 1.31900 ms 
Time of (23)List ranking : 0.99500 ms 
Time of (2)Convert to collection : 0.90900 ms 
Time of (10)Convert to collection : 0.90700 ms 
Time of (11)Shortcut rep : 0.83600 ms 
Time of (15)Transedges prefix : 0.70700 ms 
Time of (7)Remove edges : 0.67400 ms 
Time of (21)CSR creation : 0.64200 ms 
Time of (0)Extracting Roots : 0.58500 ms 
Time of (3)Processing for multi component Euler tour : 0.14000 ms 
Time of (13)Compress Graph : 0.13700 ms 
Time of (19)Thrust Sorting : 0.12100 ms 
Time of (20)Thrust gather : 0.05700 ms 
Time of (18)Functor : 0.01600 ms 
Time of (24)Component Parent, Reversals : 0.01000 ms 
Time of (16)Get edges : 0.00800 ms 
Time of (14)Get compressed list : 0.00800 ms 
Time of (22)Get Successor : 0.00600 ms 
Time of (17)Component Parent, Reversals : 0.00600 ms 
Time (total): 38.45500 ms 
--------------------------------------------------------
filename: soc-LiveJournal1.txt
Nodes : 4847571
Edges : 42853112

------------------------------------------------------
Deleted : 10000
Tree edges deleted : 465
Non-tree edges deleted : 9535
Time of (4)Multi component Euler tour internal  : 11.737000 ms 
Time of (12)Hooking Shortcutting : 7.77900 ms 
Time of (5)Retrieving back first and last times  : 3.99300 ms 
Time of (1)Get key rem collections : 2.85100 ms 
Time of (6)Edge Deletion : 2.58800 ms 
Time of (9)Get key rem collections : 1.71100 ms 
Time of (25)Reverse Edges and Connect Parent : 1.36900 ms 
Time of (8)Generate new edges : 1.31400 ms 
Time of (23)List ranking : 1.00100 ms 
Time of (2)Convert to collection : 0.90600 ms 
Time of (10)Convert to collection : 0.90500 ms 
Time of (11)Shortcut rep : 0.81400 ms 
Time of (15)Transedges prefix : 0.73600 ms 
Time of (7)Remove edges : 0.66100 ms 
Time of (21)CSR creation : 0.64400 ms 
Time of (0)Extracting Roots : 0.57700 ms 
Time of (13)Compress Graph : 0.15600 ms 
Time of (3)Processing for multi component Euler tour : 0.13800 ms 
Time of (19)Thrust Sorting : 0.12100 ms 
Time of (20)Thrust gather : 0.05700 ms 
Time of (18)Functor : 0.01600 ms 
Time of (24)Component Parent, Reversals : 0.00800 ms 
Time of (14)Get compressed list : 0.00600 ms 
Time of (22)Get Successor : 0.00400 ms 
Time of (17)Component Parent, Reversals : 0.00400 ms 
Time of (16)Get edges : 0.00400 ms 
Time (total): 40.10000 ms 
--------------------------------------------------------
filename: soc-LiveJournal1.txt
Nodes : 4847571
Edges : 42853112

------------------------------------------------------
Deleted : 10000
Tree edges deleted : 443
Non-tree edges deleted : 9557
Time of (4)Multi component Euler tour internal  : 8.583000 ms 
Time of (12)Hooking Shortcutting : 6.22800 ms 
Time of (5)Retrieving back first and last times  : 3.93800 ms 
Time of (1)Get key rem collections : 2.72400 ms 
Time of (6)Edge Deletion : 2.64500 ms 
Time of (9)Get key rem collections : 1.75300 ms 
Time of (25)Reverse Edges and Connect Parent : 1.37200 ms 
Time of (8)Generate new edges : 1.31900 ms 
Time of (23)List ranking : 1.02000 ms 
Time of (10)Convert to collection : 0.90900 ms 
Time of (2)Convert to collection : 0.90400 ms 
Time of (11)Shortcut rep : 0.82000 ms 
Time of (15)Transedges prefix : 0.73200 ms 
Time of (7)Remove edges : 0.70900 ms 
Time of (21)CSR creation : 0.64900 ms 
Time of (0)Extracting Roots : 0.57600 ms 
Time of (3)Processing for multi component Euler tour : 0.13900 ms 
Time of (13)Compress Graph : 0.12900 ms 
Time of (19)Thrust Sorting : 0.12100 ms 
Time of (20)Thrust gather : 0.05700 ms 
Time of (18)Functor : 0.01600 ms 
Time of (24)Component Parent, Reversals : 0.00800 ms 
Time of (22)Get Successor : 0.00500 ms 
Time of (17)Component Parent, Reversals : 0.00500 ms 
Time of (16)Get edges : 0.00500 ms 
Time of (14)Get compressed list : 0.00500 ms 
Time (total): 35.37100 ms 
--------------------------------------------------------
filename: soc-LiveJournal1.txt
Nodes : 4847571
Edges : 42853112

------------------------------------------------------
Deleted : 100
Tree edges deleted : 3
Non-tree edges deleted : 97
Time of (4)Multi component Euler tour internal  : 8.126000 ms 
Time of (12)Hooking Shortcutting : 6.19100 ms 
Time of (5)Retrieving back first and last times  : 3.86200 ms 
Time of (1)Get key rem collections : 2.58300 ms 
Time of (6)Edge Deletion : 2.31500 ms 
Time of (9)Get key rem collections : 1.81100 ms 
Time of (25)Reverse Edges and Connect Parent : 1.38600 ms 
Time of (8)Generate new edges : 1.31800 ms 
Time of (10)Convert to collection : 0.91300 ms 
Time of (2)Convert to collection : 0.90400 ms 
Time of (11)Shortcut rep : 0.82000 ms 
Time of (15)Transedges prefix : 0.70200 ms 
Time of (21)CSR creation : 0.67000 ms 
Time of (7)Remove edges : 0.65800 ms 
Time of (0)Extracting Roots : 0.56800 ms 
Time of (23)List ranking : 0.36500 ms 
Time of (13)Compress Graph : 0.15600 ms 
Time of (3)Processing for multi component Euler tour : 0.13700 ms 
Time of (19)Thrust Sorting : 0.10400 ms 
Time of (20)Thrust gather : 0.05200 ms 
Time of (18)Functor : 0.01400 ms 
Time of (24)Component Parent, Reversals : 0.00800 ms 
Time of (17)Component Parent, Reversals : 0.00500 ms 
Time of (16)Get edges : 0.00500 ms 
Time of (14)Get compressed list : 0.00500 ms 
Time of (22)Get Successor : 0.00400 ms 
Time (total): 33.68200 ms 
--------------------------------------------------------
filename: soc-LiveJournal1.txt
Nodes : 4847571
Edges : 42853112

------------------------------------------------------
Deleted : 100
Tree edges deleted : 5
Non-tree edges deleted : 95
Time of (4)Multi component Euler tour internal  : 8.313000 ms 
Time of (12)Hooking Shortcutting : 6.09800 ms 
Time of (5)Retrieving back first and last times  : 3.91300 ms 
Time of (1)Get key rem collections : 2.51900 ms 
Time of (6)Edge Deletion : 2.29900 ms 
Time of (9)Get key rem collections : 1.68400 ms 
Time of (25)Reverse Edges and Connect Parent : 1.38300 ms 
Time of (8)Generate new edges : 1.31900 ms 
Time of (2)Convert to collection : 0.91000 ms 
Time of (10)Convert to collection : 0.90900 ms 
Time of (11)Shortcut rep : 0.87100 ms 
Time of (7)Remove edges : 0.71900 ms 
Time of (15)Transedges prefix : 0.71000 ms 
Time of (21)CSR creation : 0.64000 ms 
Time of (0)Extracting Roots : 0.58200 ms 
Time of (23)List ranking : 0.44700 ms 
Time of (3)Processing for multi component Euler tour : 0.13900 ms 
Time of (13)Compress Graph : 0.13700 ms 
Time of (19)Thrust Sorting : 0.10100 ms 
Time of (20)Thrust gather : 0.05200 ms 
Time of (18)Functor : 0.01400 ms 
Time of (24)Component Parent, Reversals : 0.00800 ms 
Time of (14)Get compressed list : 0.00600 ms 
Time of (17)Component Parent, Reversals : 0.00500 ms 
Time of (22)Get Successor : 0.00400 ms 
Time of (16)Get edges : 0.00400 ms 
Time (total): 33.78600 ms 
--------------------------------------------------------
filename: soc-LiveJournal1.txt
Nodes : 4847571
Edges : 42853112

------------------------------------------------------
Deleted : 100
Tree edges deleted : 4
Non-tree edges deleted : 96
Time of (4)Multi component Euler tour internal  : 8.505000 ms 
Time of (12)Hooking Shortcutting : 6.10900 ms 
Time of (5)Retrieving back first and last times  : 3.28200 ms 
Time of (1)Get key rem collections : 2.70200 ms 
Time of (6)Edge Deletion : 2.35100 ms 
Time of (9)Get key rem collections : 1.73200 ms 
Time of (25)Reverse Edges and Connect Parent : 1.38600 ms 
Time of (8)Generate new edges : 1.32100 ms 
Time of (2)Convert to collection : 0.92000 ms 
Time of (10)Convert to collection : 0.90900 ms 
Time of (11)Shortcut rep : 0.87100 ms 
Time of (15)Transedges prefix : 0.71900 ms 
Time of (7)Remove edges : 0.70200 ms 
Time of (21)CSR creation : 0.64100 ms 
Time of (0)Extracting Roots : 0.58200 ms 
Time of (23)List ranking : 0.36300 ms 
Time of (3)Processing for multi component Euler tour : 0.14100 ms 
Time of (13)Compress Graph : 0.14000 ms 
Time of (19)Thrust Sorting : 0.13100 ms 
Time of (20)Thrust gather : 0.05600 ms 
Time of (18)Functor : 0.01600 ms 
Time of (24)Component Parent, Reversals : 0.01000 ms 
Time of (16)Get edges : 0.00700 ms 
Time of (17)Component Parent, Reversals : 0.00600 ms 
Time of (14)Get compressed list : 0.00600 ms 
Time of (22)Get Successor : 0.00500 ms 
Time (total): 33.61300 ms 
--------------------------------------------------------
filename: soc-LiveJournal1.txt
Nodes : 4847571
Edges : 42853112

------------------------------------------------------
Deleted : 100
Tree edges deleted : 4
Non-tree edges deleted : 96
Time of (4)Multi component Euler tour internal  : 8.168000 ms 
Time of (12)Hooking Shortcutting : 4.54300 ms 
Time of (5)Retrieving back first and last times  : 3.89800 ms 
Time of (1)Get key rem collections : 2.67100 ms 
Time of (6)Edge Deletion : 2.31600 ms 
Time of (9)Get key rem collections : 1.81900 ms 
Time of (25)Reverse Edges and Connect Parent : 1.39600 ms 
Time of (8)Generate new edges : 1.31600 ms 
Time of (10)Convert to collection : 0.91000 ms 
Time of (2)Convert to collection : 0.90500 ms 
Time of (11)Shortcut rep : 0.82300 ms 
Time of (15)Transedges prefix : 0.73900 ms 
Time of (21)CSR creation : 0.68600 ms 
Time of (7)Remove edges : 0.65600 ms 
Time of (0)Extracting Roots : 0.58100 ms 
Time of (23)List ranking : 0.36200 ms 
Time of (13)Compress Graph : 0.14400 ms 
Time of (3)Processing for multi component Euler tour : 0.14100 ms 
Time of (19)Thrust Sorting : 0.10100 ms 
Time of (20)Thrust gather : 0.05200 ms 
Time of (18)Functor : 0.01800 ms 
Time of (24)Component Parent, Reversals : 0.01100 ms 
Time of (14)Get compressed list : 0.00700 ms 
Time of (17)Component Parent, Reversals : 0.00600 ms 
Time of (16)Get edges : 0.00600 ms 
Time of (22)Get Successor : 0.00500 ms 
Time (total): 32.28000 ms 
--------------------------------------------------------
filename: soc-LiveJournal1.txt
Nodes : 4847571
Edges : 42853112

------------------------------------------------------
Deleted : 100
Tree edges deleted : 7
Non-tree edges deleted : 93
Time of (4)Multi component Euler tour internal  : 8.501000 ms 
Time of (12)Hooking Shortcutting : 4.58600 ms 
Time of (5)Retrieving back first and last times  : 3.30600 ms 
Time of (1)Get key rem collections : 2.59700 ms 
Time of (6)Edge Deletion : 2.32000 ms 
Time of (9)Get key rem collections : 1.71400 ms 
Time of (25)Reverse Edges and Connect Parent : 1.38400 ms 
Time of (8)Generate new edges : 1.31700 ms 
Time of (2)Convert to collection : 0.91200 ms 
Time of (10)Convert to collection : 0.90800 ms 
Time of (11)Shortcut rep : 0.82400 ms 
Time of (15)Transedges prefix : 0.72100 ms 
Time of (7)Remove edges : 0.65300 ms 
Time of (21)CSR creation : 0.63400 ms 
Time of (0)Extracting Roots : 0.56000 ms 
Time of (23)List ranking : 0.44900 ms 
Time of (3)Processing for multi component Euler tour : 0.14000 ms 
Time of (13)Compress Graph : 0.13600 ms 
Time of (19)Thrust Sorting : 0.10400 ms 
Time of (20)Thrust gather : 0.05100 ms 
Time of (18)Functor : 0.01600 ms 
Time of (24)Component Parent, Reversals : 0.00900 ms 
Time of (14)Get compressed list : 0.00600 ms 
Time of (22)Get Successor : 0.00500 ms 
Time of (17)Component Parent, Reversals : 0.00500 ms 
Time of (16)Get edges : 0.00500 ms 
Time (total): 31.86300 ms 
--------------------------------------------------------
filename: soc-LiveJournal1.txt
Nodes : 4847571
Edges : 42853112

------------------------------------------------------
Deleted : 1000
Tree edges deleted : 39
Non-tree edges deleted : 961
Time of (12)Hooking Shortcutting : 9.289000 ms 
Time of (4)Multi component Euler tour internal  : 8.34100 ms 
Time of (5)Retrieving back first and last times  : 3.89100 ms 
Time of (1)Get key rem collections : 2.74500 ms 
Time of (6)Edge Deletion : 2.31500 ms 
Time of (9)Get key rem collections : 1.80300 ms 
Time of (25)Reverse Edges and Connect Parent : 1.39200 ms 
Time of (8)Generate new edges : 1.32000 ms 
Time of (2)Convert to collection : 0.91100 ms 
Time of (10)Convert to collection : 0.90800 ms 
Time of (11)Shortcut rep : 0.81400 ms 
Time of (23)List ranking : 0.71300 ms 
Time of (15)Transedges prefix : 0.70400 ms 
Time of (7)Remove edges : 0.66800 ms 
Time of (21)CSR creation : 0.62900 ms 
Time of (0)Extracting Roots : 0.58400 ms 
Time of (3)Processing for multi component Euler tour : 0.13800 ms 
Time of (13)Compress Graph : 0.13600 ms 
Time of (19)Thrust Sorting : 0.11500 ms 
Time of (20)Thrust gather : 0.05000 ms 
Time of (18)Functor : 0.01500 ms 
Time of (24)Component Parent, Reversals : 0.00900 ms 
Time of (22)Get Successor : 0.00700 ms 
Time of (17)Component Parent, Reversals : 0.00700 ms 
Time of (16)Get edges : 0.00700 ms 
Time of (14)Get compressed list : 0.00600 ms 
Time (total): 37.51700 ms 
--------------------------------------------------------
filename: soc-LiveJournal1.txt
Nodes : 4847571
Edges : 42853112

------------------------------------------------------
Deleted : 1000
Tree edges deleted : 44
Non-tree edges deleted : 956
Time of (4)Multi component Euler tour internal  : 8.126000 ms 
Time of (12)Hooking Shortcutting : 6.27600 ms 
Time of (5)Retrieving back first and last times  : 3.34500 ms 
Time of (1)Get key rem collections : 2.65600 ms 
Time of (6)Edge Deletion : 2.37400 ms 
Time of (9)Get key rem collections : 1.70600 ms 
Time of (25)Reverse Edges and Connect Parent : 1.32400 ms 
Time of (8)Generate new edges : 1.31800 ms 
Time of (10)Convert to collection : 0.90900 ms 
Time of (2)Convert to collection : 0.90500 ms 
Time of (11)Shortcut rep : 0.81700 ms 
Time of (15)Transedges prefix : 0.72600 ms 
Time of (7)Remove edges : 0.66700 ms 
Time of (21)CSR creation : 0.62500 ms 
Time of (23)List ranking : 0.61100 ms 
Time of (0)Extracting Roots : 0.57200 ms 
Time of (3)Processing for multi component Euler tour : 0.13800 ms 
Time of (13)Compress Graph : 0.13300 ms 
Time of (19)Thrust Sorting : 0.09900 ms 
Time of (20)Thrust gather : 0.05000 ms 
Time of (18)Functor : 0.01600 ms 
Time of (24)Component Parent, Reversals : 0.00800 ms 
Time of (22)Get Successor : 0.00500 ms 
Time of (17)Component Parent, Reversals : 0.00500 ms 
Time of (14)Get compressed list : 0.00500 ms 
Time of (16)Get edges : 0.00400 ms 
Time (total): 33.42000 ms 
--------------------------------------------------------
filename: soc-LiveJournal1.txt
Nodes : 4847571
Edges : 42853112

------------------------------------------------------
Deleted : 1000
Tree edges deleted : 52
Non-tree edges deleted : 948
Time of (12)Hooking Shortcutting : 9.385000 ms 
Time of (4)Multi component Euler tour internal  : 8.10900 ms 
Time of (5)Retrieving back first and last times  : 3.88400 ms 
Time of (1)Get key rem collections : 2.72400 ms 
Time of (6)Edge Deletion : 2.28800 ms 
Time of (9)Get key rem collections : 1.74200 ms 
Time of (25)Reverse Edges and Connect Parent : 1.38800 ms 
Time of (8)Generate new edges : 1.32100 ms 
Time of (2)Convert to collection : 0.91600 ms 
Time of (10)Convert to collection : 0.90700 ms 
Time of (11)Shortcut rep : 0.81700 ms 
Time of (7)Remove edges : 0.74300 ms 
Time of (15)Transedges prefix : 0.72400 ms 
Time of (23)List ranking : 0.69500 ms 
Time of (21)CSR creation : 0.64500 ms 
Time of (0)Extracting Roots : 0.60600 ms 
Time of (13)Compress Graph : 0.13900 ms 
Time of (3)Processing for multi component Euler tour : 0.13900 ms 
Time of (19)Thrust Sorting : 0.12100 ms 
Time of (20)Thrust gather : 0.04800 ms 
Time of (18)Functor : 0.01500 ms 
Time of (24)Component Parent, Reversals : 0.00900 ms 
Time of (17)Component Parent, Reversals : 0.00600 ms 
Time of (16)Get edges : 0.00600 ms 
Time of (22)Get Successor : 0.00500 ms 
Time of (14)Get compressed list : 0.00500 ms 
Time (total): 37.38700 ms 
--------------------------------------------------------
filename: soc-LiveJournal1.txt
Nodes : 4847571
Edges : 42853112

------------------------------------------------------
Deleted : 1000
Tree edges deleted : 57
Non-tree edges deleted : 943
Time of (4)Multi component Euler tour internal  : 8.304000 ms 
Time of (12)Hooking Shortcutting : 7.72400 ms 
Time of (5)Retrieving back first and last times  : 3.30800 ms 
Time of (1)Get key rem collections : 2.67000 ms 
Time of (6)Edge Deletion : 2.32600 ms 
Time of (9)Get key rem collections : 1.75500 ms 
Time of (25)Reverse Edges and Connect Parent : 1.36200 ms 
Time of (8)Generate new edges : 1.31600 ms 
Time of (2)Convert to collection : 0.91100 ms 
Time of (10)Convert to collection : 0.90800 ms 
Time of (11)Shortcut rep : 0.82000 ms 
Time of (15)Transedges prefix : 0.81700 ms 
Time of (23)List ranking : 0.69200 ms 
Time of (7)Remove edges : 0.67700 ms 
Time of (21)CSR creation : 0.63600 ms 
Time of (0)Extracting Roots : 0.57600 ms 
Time of (3)Processing for multi component Euler tour : 0.13800 ms 
Time of (13)Compress Graph : 0.13200 ms 
Time of (19)Thrust Sorting : 0.11400 ms 
Time of (20)Thrust gather : 0.05100 ms 
Time of (18)Functor : 0.01500 ms 
Time of (24)Component Parent, Reversals : 0.00800 ms 
Time of (14)Get compressed list : 0.00500 ms 
Time of (22)Get Successor : 0.00400 ms 
Time of (17)Component Parent, Reversals : 0.00400 ms 
Time of (16)Get edges : 0.00400 ms 
Time (total): 35.27700 ms 
--------------------------------------------------------
filename: soc-LiveJournal1.txt
Nodes : 4847571
Edges : 42853112

------------------------------------------------------
Deleted : 1000
Tree edges deleted : 49
Non-tree edges deleted : 951
Time of (12)Hooking Shortcutting : 12.467000 ms 
Time of (4)Multi component Euler tour internal  : 8.27900 ms 
Time of (5)Retrieving back first and last times  : 3.32200 ms 
Time of (1)Get key rem collections : 2.71400 ms 
Time of (6)Edge Deletion : 2.34200 ms 
Time of (9)Get key rem collections : 1.70000 ms 
Time of (25)Reverse Edges and Connect Parent : 1.39200 ms 
Time of (8)Generate new edges : 1.32100 ms 
Time of (2)Convert to collection : 0.91100 ms 
Time of (10)Convert to collection : 0.91000 ms 
Time of (11)Shortcut rep : 0.82100 ms 
Time of (15)Transedges prefix : 0.70300 ms 
Time of (23)List ranking : 0.70100 ms 
Time of (7)Remove edges : 0.67800 ms 
Time of (21)CSR creation : 0.64200 ms 
Time of (0)Extracting Roots : 0.58300 ms 
Time of (3)Processing for multi component Euler tour : 0.14200 ms 
Time of (13)Compress Graph : 0.13500 ms 
Time of (19)Thrust Sorting : 0.11800 ms 
Time of (20)Thrust gather : 0.05000 ms 
Time of (18)Functor : 0.01400 ms 
Time of (24)Component Parent, Reversals : 0.01000 ms 
Time of (16)Get edges : 0.00700 ms 
Time of (22)Get Successor : 0.00600 ms 
Time of (17)Component Parent, Reversals : 0.00600 ms 
Time of (14)Get compressed list : 0.00600 ms 
Time (total): 39.98000 ms 
--------------------------------------------------------
