filename: higgs-twitter.txt
Nodes : 456626
Edges : 12508568

------------------------------------------------------
Deleted : 100000
Time of (12)Hooking Shortcutting : 6.447000 ms 
Time of (18)PR Loop : 5.73400 ms 
Time of (6)Edge Deletion : 2.36600 ms 
Time of (4)Multi component Euler tour internal  : 1.19400 ms 
Time of (1)Get key rem collections : 0.51300 ms 
Time of (9)Get key rem collections : 0.50100 ms 
Time of (15)Transedges prefix : 0.49800 ms 
Time of (8)Generate new edges : 0.41600 ms 
Time of (5)Retrieving back first and last times  : 0.41600 ms 
Time of (20)Reverse Edges and Connect Parent : 0.41000 ms 
Time of (11)Shortcut rep : 0.30800 ms 
Time of (7)Remove edges : 0.30500 ms 
Time of (2)Convert to collection : 0.30000 ms 
Time of (10)Convert to collection : 0.29700 ms 
Time of (19)Component Parent, Reversals : 0.23600 ms 
Time of (0)Extracting Roots : 0.07900 ms 
Time of (13)Compress Graph : 0.06000 ms 
Time of (3)Processing for multi component Euler tour : 0.03800 ms 
Time of (17)PR init : 0.01500 ms 
Time of (16)Get edges : 0.00500 ms 
Time of (14)Get compressed list : 0.00400 ms 
Time (total): 20.14200 ms 
--------------------------------------------------------
filename: higgs-twitter.txt
Nodes : 456626
Edges : 12508568

------------------------------------------------------
Deleted : 100000
Time of (12)Hooking Shortcutting : 9.535000 ms 
Time of (18)PR Loop : 6.34900 ms 
Time of (6)Edge Deletion : 2.37100 ms 
Time of (4)Multi component Euler tour internal  : 1.17500 ms 
Time of (9)Get key rem collections : 0.54200 ms 
Time of (1)Get key rem collections : 0.50900 ms 
Time of (15)Transedges prefix : 0.50300 ms 
Time of (8)Generate new edges : 0.41700 ms 
Time of (5)Retrieving back first and last times  : 0.41600 ms 
Time of (20)Reverse Edges and Connect Parent : 0.40700 ms 
Time of (11)Shortcut rep : 0.31100 ms 
Time of (2)Convert to collection : 0.30100 ms 
Time of (10)Convert to collection : 0.29800 ms 
Time of (7)Remove edges : 0.24100 ms 
Time of (19)Component Parent, Reversals : 0.23600 ms 
Time of (0)Extracting Roots : 0.07800 ms 
Time of (13)Compress Graph : 0.05900 ms 
Time of (3)Processing for multi component Euler tour : 0.03800 ms 
Time of (17)PR init : 0.01600 ms 
Time of (16)Get edges : 0.00500 ms 
Time of (14)Get compressed list : 0.00500 ms 
Time (total): 23.81200 ms 
--------------------------------------------------------
filename: higgs-twitter.txt
Nodes : 456626
Edges : 12508568

------------------------------------------------------
Deleted : 100000
Time of (18)PR Loop : 6.346000 ms 
Time of (12)Hooking Shortcutting : 5.24700 ms 
Time of (6)Edge Deletion : 2.36100 ms 
Time of (4)Multi component Euler tour internal  : 1.17500 ms 
Time of (1)Get key rem collections : 0.58300 ms 
Time of (15)Transedges prefix : 0.56000 ms 
Time of (9)Get key rem collections : 0.50300 ms 
Time of (8)Generate new edges : 0.41900 ms 
Time of (5)Retrieving back first and last times  : 0.41400 ms 
Time of (20)Reverse Edges and Connect Parent : 0.41200 ms 
Time of (2)Convert to collection : 0.30200 ms 
Time of (10)Convert to collection : 0.29900 ms 
Time of (11)Shortcut rep : 0.27700 ms 
Time of (7)Remove edges : 0.24100 ms 
Time of (19)Component Parent, Reversals : 0.23500 ms 
Time of (0)Extracting Roots : 0.07900 ms 
Time of (13)Compress Graph : 0.06000 ms 
Time of (3)Processing for multi component Euler tour : 0.03600 ms 
Time of (17)PR init : 0.01500 ms 
Time of (16)Get edges : 0.00500 ms 
Time of (14)Get compressed list : 0.00400 ms 
Time (total): 19.57300 ms 
--------------------------------------------------------
filename: higgs-twitter.txt
Nodes : 456626
Edges : 12508568

------------------------------------------------------
Deleted : 100000
Time of (18)PR Loop : 6.916000 ms 
Time of (12)Hooking Shortcutting : 4.70800 ms 
Time of (6)Edge Deletion : 2.37500 ms 
Time of (4)Multi component Euler tour internal  : 1.17300 ms 
Time of (1)Get key rem collections : 0.50500 ms 
Time of (15)Transedges prefix : 0.50300 ms 
Time of (9)Get key rem collections : 0.49500 ms 
Time of (8)Generate new edges : 0.41800 ms 
Time of (5)Retrieving back first and last times  : 0.41800 ms 
Time of (20)Reverse Edges and Connect Parent : 0.38600 ms 
Time of (19)Component Parent, Reversals : 0.31000 ms 
Time of (11)Shortcut rep : 0.31000 ms 
Time of (2)Convert to collection : 0.29900 ms 
Time of (10)Convert to collection : 0.29800 ms 
Time of (7)Remove edges : 0.28200 ms 
Time of (0)Extracting Roots : 0.08000 ms 
Time of (13)Compress Graph : 0.06000 ms 
Time of (3)Processing for multi component Euler tour : 0.03600 ms 
Time of (17)PR init : 0.01500 ms 
Time of (16)Get edges : 0.00500 ms 
Time of (14)Get compressed list : 0.00500 ms 
Time (total): 19.59700 ms 
--------------------------------------------------------
filename: higgs-twitter.txt
Nodes : 456626
Edges : 12508568

------------------------------------------------------
Deleted : 100000
Time of (12)Hooking Shortcutting : 8.040000 ms 
Time of (18)PR Loop : 4.22700 ms 
Time of (6)Edge Deletion : 2.38300 ms 
Time of (4)Multi component Euler tour internal  : 1.16200 ms 
Time of (1)Get key rem collections : 0.54600 ms 
Time of (15)Transedges prefix : 0.50700 ms 
Time of (9)Get key rem collections : 0.50200 ms 
Time of (5)Retrieving back first and last times  : 0.42200 ms 
Time of (8)Generate new edges : 0.42000 ms 
Time of (20)Reverse Edges and Connect Parent : 0.41300 ms 
Time of (11)Shortcut rep : 0.31300 ms 
Time of (2)Convert to collection : 0.30000 ms 
Time of (10)Convert to collection : 0.29800 ms 
Time of (7)Remove edges : 0.23800 ms 
Time of (19)Component Parent, Reversals : 0.23700 ms 
Time of (0)Extracting Roots : 0.07900 ms 
Time of (13)Compress Graph : 0.05800 ms 
Time of (3)Processing for multi component Euler tour : 0.03600 ms 
Time of (17)PR init : 0.01400 ms 
Time of (16)Get edges : 0.00500 ms 
Time of (14)Get compressed list : 0.00400 ms 
Time (total): 20.20400 ms 
--------------------------------------------------------
filename: higgs-twitter.txt
Nodes : 456626
Edges : 12508568

------------------------------------------------------
Deleted : 10000
Time of (12)Hooking Shortcutting : 4.175000 ms 
Time of (6)Edge Deletion : 2.26300 ms 
Time of (18)PR Loop : 1.64200 ms 
Time of (4)Multi component Euler tour internal  : 1.15300 ms 
Time of (9)Get key rem collections : 0.60700 ms 
Time of (15)Transedges prefix : 0.57400 ms 
Time of (1)Get key rem collections : 0.53000 ms 
Time of (5)Retrieving back first and last times  : 0.41700 ms 
Time of (8)Generate new edges : 0.41600 ms 
Time of (20)Reverse Edges and Connect Parent : 0.40200 ms 
Time of (11)Shortcut rep : 0.30500 ms 
Time of (10)Convert to collection : 0.30000 ms 
Time of (2)Convert to collection : 0.29800 ms 
Time of (19)Component Parent, Reversals : 0.23600 ms 
Time of (7)Remove edges : 0.23300 ms 
Time of (0)Extracting Roots : 0.08000 ms 
Time of (13)Compress Graph : 0.05800 ms 
Time of (3)Processing for multi component Euler tour : 0.03600 ms 
Time of (17)PR init : 0.01400 ms 
Time of (14)Get compressed list : 0.00700 ms 
Time of (16)Get edges : 0.00500 ms 
Time (total): 13.75100 ms 
--------------------------------------------------------
filename: higgs-twitter.txt
Nodes : 456626
Edges : 12508568

------------------------------------------------------
Deleted : 10000
Time of (12)Hooking Shortcutting : 5.338000 ms 
Time of (6)Edge Deletion : 2.25000 ms 
Time of (18)PR Loop : 2.11800 ms 
Time of (4)Multi component Euler tour internal  : 1.16700 ms 
Time of (9)Get key rem collections : 0.51100 ms 
Time of (1)Get key rem collections : 0.50600 ms 
Time of (15)Transedges prefix : 0.50100 ms 
Time of (8)Generate new edges : 0.41700 ms 
Time of (5)Retrieving back first and last times  : 0.41400 ms 
Time of (20)Reverse Edges and Connect Parent : 0.40300 ms 
Time of (11)Shortcut rep : 0.30700 ms 
Time of (2)Convert to collection : 0.30000 ms 
Time of (10)Convert to collection : 0.29800 ms 
Time of (7)Remove edges : 0.23700 ms 
Time of (19)Component Parent, Reversals : 0.23400 ms 
Time of (0)Extracting Roots : 0.09700 ms 
Time of (13)Compress Graph : 0.05900 ms 
Time of (3)Processing for multi component Euler tour : 0.03500 ms 
Time of (17)PR init : 0.01400 ms 
Time of (16)Get edges : 0.00500 ms 
Time of (14)Get compressed list : 0.00500 ms 
Time (total): 15.21600 ms 
--------------------------------------------------------
filename: higgs-twitter.txt
Nodes : 456626
Edges : 12508568

------------------------------------------------------
Deleted : 10000
Time of (12)Hooking Shortcutting : 4.147000 ms 
Time of (6)Edge Deletion : 2.24000 ms 
Time of (18)PR Loop : 1.91800 ms 
Time of (4)Multi component Euler tour internal  : 1.19000 ms 
Time of (15)Transedges prefix : 0.59900 ms 
Time of (1)Get key rem collections : 0.52100 ms 
Time of (9)Get key rem collections : 0.49900 ms 
Time of (8)Generate new edges : 0.41700 ms 
Time of (5)Retrieving back first and last times  : 0.41700 ms 
Time of (20)Reverse Edges and Connect Parent : 0.39800 ms 
Time of (11)Shortcut rep : 0.31000 ms 
Time of (10)Convert to collection : 0.30000 ms 
Time of (2)Convert to collection : 0.30000 ms 
Time of (19)Component Parent, Reversals : 0.23300 ms 
Time of (7)Remove edges : 0.22700 ms 
Time of (0)Extracting Roots : 0.09000 ms 
Time of (13)Compress Graph : 0.05900 ms 
Time of (3)Processing for multi component Euler tour : 0.03600 ms 
Time of (17)PR init : 0.01500 ms 
Time of (16)Get edges : 0.00500 ms 
Time of (14)Get compressed list : 0.00500 ms 
Time (total): 13.92600 ms 
--------------------------------------------------------
filename: higgs-twitter.txt
Nodes : 456626
Edges : 12508568

------------------------------------------------------
Deleted : 10000
Time of (12)Hooking Shortcutting : 2.618000 ms 
Time of (6)Edge Deletion : 2.32200 ms 
Time of (18)PR Loop : 1.63800 ms 
Time of (4)Multi component Euler tour internal  : 1.15400 ms 
Time of (15)Transedges prefix : 0.50100 ms 
Time of (9)Get key rem collections : 0.49900 ms 
Time of (1)Get key rem collections : 0.49800 ms 
Time of (8)Generate new edges : 0.41700 ms 
Time of (5)Retrieving back first and last times  : 0.41500 ms 
Time of (20)Reverse Edges and Connect Parent : 0.40100 ms 
Time of (11)Shortcut rep : 0.31400 ms 
Time of (2)Convert to collection : 0.30200 ms 
Time of (10)Convert to collection : 0.30000 ms 
Time of (7)Remove edges : 0.25300 ms 
Time of (19)Component Parent, Reversals : 0.23400 ms 
Time of (0)Extracting Roots : 0.08100 ms 
Time of (13)Compress Graph : 0.05800 ms 
Time of (3)Processing for multi component Euler tour : 0.03600 ms 
Time of (17)PR init : 0.01400 ms 
Time of (16)Get edges : 0.00500 ms 
Time of (14)Get compressed list : 0.00500 ms 
Time (total): 12.06500 ms 
--------------------------------------------------------
filename: higgs-twitter.txt
Nodes : 456626
Edges : 12508568

------------------------------------------------------
Deleted : 10000
Time of (12)Hooking Shortcutting : 3.140000 ms 
Time of (6)Edge Deletion : 2.26200 ms 
Time of (18)PR Loop : 1.47500 ms 
Time of (4)Multi component Euler tour internal  : 1.17400 ms 
Time of (1)Get key rem collections : 0.52900 ms 
Time of (9)Get key rem collections : 0.50200 ms 
Time of (15)Transedges prefix : 0.49900 ms 
Time of (8)Generate new edges : 0.41900 ms 
Time of (5)Retrieving back first and last times  : 0.41500 ms 
Time of (20)Reverse Edges and Connect Parent : 0.40000 ms 
Time of (10)Convert to collection : 0.30100 ms 
Time of (2)Convert to collection : 0.30000 ms 
Time of (11)Shortcut rep : 0.28000 ms 
Time of (19)Component Parent, Reversals : 0.23300 ms 
Time of (7)Remove edges : 0.22900 ms 
Time of (0)Extracting Roots : 0.07800 ms 
Time of (13)Compress Graph : 0.05800 ms 
Time of (3)Processing for multi component Euler tour : 0.03600 ms 
Time of (17)PR init : 0.01400 ms 
Time of (16)Get edges : 0.00500 ms 
Time of (14)Get compressed list : 0.00500 ms 
Time (total): 12.35400 ms 
--------------------------------------------------------
filename: higgs-twitter.txt
Nodes : 456626
Edges : 12508568

------------------------------------------------------
Deleted : 100
Time of (6)Edge Deletion : 2.225000 ms 
Time of (4)Multi component Euler tour internal  : 1.17800 ms 
Time of (9)Get key rem collections : 0.53500 ms 
Time of (12)Hooking Shortcutting : 0.50400 ms 
Time of (1)Get key rem collections : 0.50100 ms 
Time of (8)Generate new edges : 0.41700 ms 
Time of (5)Retrieving back first and last times  : 0.41200 ms 
Time of (15)Reverse Edges and Connect Parent : 0.36900 ms 
Time of (10)Convert to collection : 0.30100 ms 
Time of (2)Convert to collection : 0.30100 ms 
Time of (11)Shortcut rep : 0.27600 ms 
Time of (7)Remove edges : 0.24300 ms 
Time of (0)Extracting Roots : 0.07900 ms 
Time of (13)Compress Graph : 0.05800 ms 
Time of (3)Processing for multi component Euler tour : 0.03600 ms 
Time of (14)Get compressed list : 0.00400 ms 
Time (total): 7.43900 ms 
--------------------------------------------------------
filename: higgs-twitter.txt
Nodes : 456626
Edges : 12508568

------------------------------------------------------
Deleted : 100
Time of (6)Edge Deletion : 2.237000 ms 
Time of (12)Hooking Shortcutting : 1.49300 ms 
Time of (4)Multi component Euler tour internal  : 1.16600 ms 
Time of (1)Get key rem collections : 0.52300 ms 
Time of (9)Get key rem collections : 0.52100 ms 
Time of (15)Transedges prefix : 0.52000 ms 
Time of (8)Generate new edges : 0.41800 ms 
Time of (5)Retrieving back first and last times  : 0.41700 ms 
Time of (20)Reverse Edges and Connect Parent : 0.39300 ms 
Time of (18)PR Loop : 0.37200 ms 
Time of (11)Shortcut rep : 0.30400 ms 
Time of (2)Convert to collection : 0.30100 ms 
Time of (10)Convert to collection : 0.29900 ms 
Time of (7)Remove edges : 0.25600 ms 
Time of (19)Component Parent, Reversals : 0.23100 ms 
Time of (0)Extracting Roots : 0.08200 ms 
Time of (13)Compress Graph : 0.05900 ms 
Time of (3)Processing for multi component Euler tour : 0.03700 ms 
Time of (17)PR init : 0.01600 ms 
Time of (16)Get edges : 0.00500 ms 
Time of (14)Get compressed list : 0.00400 ms 
Time (total): 9.65400 ms 
--------------------------------------------------------
filename: higgs-twitter.txt
Nodes : 456626
Edges : 12508568

------------------------------------------------------
Deleted : 100
Time of (6)Edge Deletion : 2.236000 ms 
Time of (12)Hooking Shortcutting : 1.99600 ms 
Time of (4)Multi component Euler tour internal  : 1.16600 ms 
Time of (1)Get key rem collections : 0.54700 ms 
Time of (15)Transedges prefix : 0.50400 ms 
Time of (9)Get key rem collections : 0.50000 ms 
Time of (8)Generate new edges : 0.41800 ms 
Time of (5)Retrieving back first and last times  : 0.41300 ms 
Time of (20)Reverse Edges and Connect Parent : 0.39400 ms 
Time of (18)PR Loop : 0.32100 ms 
Time of (11)Shortcut rep : 0.30700 ms 
Time of (2)Convert to collection : 0.30200 ms 
Time of (10)Convert to collection : 0.30000 ms 
Time of (19)Component Parent, Reversals : 0.24000 ms 
Time of (7)Remove edges : 0.22700 ms 
Time of (0)Extracting Roots : 0.08200 ms 
Time of (13)Compress Graph : 0.05900 ms 
Time of (3)Processing for multi component Euler tour : 0.03600 ms 
Time of (17)PR init : 0.01300 ms 
Time of (16)Get edges : 0.00500 ms 
Time of (14)Get compressed list : 0.00400 ms 
Time (total): 10.07000 ms 
--------------------------------------------------------
filename: higgs-twitter.txt
Nodes : 456626
Edges : 12508568

------------------------------------------------------
Deleted : 100
Time of (6)Edge Deletion : 2.244000 ms 
Time of (12)Hooking Shortcutting : 1.48700 ms 
Time of (4)Multi component Euler tour internal  : 1.16800 ms 
Time of (9)Get key rem collections : 0.50800 ms 
Time of (15)Transedges prefix : 0.50600 ms 
Time of (1)Get key rem collections : 0.50400 ms 
Time of (5)Retrieving back first and last times  : 0.42000 ms 
Time of (8)Generate new edges : 0.41700 ms 
Time of (20)Reverse Edges and Connect Parent : 0.39000 ms 
Time of (18)PR Loop : 0.32000 ms 
Time of (11)Shortcut rep : 0.30400 ms 
Time of (10)Convert to collection : 0.29900 ms 
Time of (2)Convert to collection : 0.29900 ms 
Time of (7)Remove edges : 0.23500 ms 
Time of (19)Component Parent, Reversals : 0.23300 ms 
Time of (0)Extracting Roots : 0.07700 ms 
Time of (13)Compress Graph : 0.06000 ms 
Time of (3)Processing for multi component Euler tour : 0.03700 ms 
Time of (17)PR init : 0.01400 ms 
Time of (14)Get compressed list : 0.00600 ms 
Time of (16)Get edges : 0.00400 ms 
Time (total): 9.53200 ms 
--------------------------------------------------------
filename: higgs-twitter.txt
Nodes : 456626
Edges : 12508568

------------------------------------------------------
Deleted : 100
Time of (6)Edge Deletion : 2.241000 ms 
Time of (12)Hooking Shortcutting : 1.99900 ms 
Time of (4)Multi component Euler tour internal  : 1.17100 ms 
Time of (15)Transedges prefix : 0.57900 ms 
Time of (9)Get key rem collections : 0.51700 ms 
Time of (1)Get key rem collections : 0.50500 ms 
Time of (8)Generate new edges : 0.41800 ms 
Time of (5)Retrieving back first and last times  : 0.41100 ms 
Time of (20)Reverse Edges and Connect Parent : 0.39700 ms 
Time of (18)PR Loop : 0.32000 ms 
Time of (10)Convert to collection : 0.30200 ms 
Time of (2)Convert to collection : 0.30000 ms 
Time of (11)Shortcut rep : 0.28500 ms 
Time of (7)Remove edges : 0.24600 ms 
Time of (19)Component Parent, Reversals : 0.24000 ms 
Time of (0)Extracting Roots : 0.09500 ms 
Time of (13)Compress Graph : 0.05900 ms 
Time of (3)Processing for multi component Euler tour : 0.03600 ms 
Time of (17)PR init : 0.01400 ms 
Time of (16)Get edges : 0.00600 ms 
Time of (14)Get compressed list : 0.00500 ms 
Time (total): 10.14600 ms 
--------------------------------------------------------
filename: higgs-twitter.txt
Nodes : 456626
Edges : 12508568

------------------------------------------------------
Deleted : 1000
Time of (6)Edge Deletion : 2.245000 ms 
Time of (12)Hooking Shortcutting : 1.52400 ms 
Time of (4)Multi component Euler tour internal  : 1.20500 ms 
Time of (20)Reverse Edges and Connect Parent : 0.74800 ms 
Time of (1)Get key rem collections : 0.60200 ms 
Time of (9)Get key rem collections : 0.58900 ms 
Time of (15)Transedges prefix : 0.49500 ms 
Time of (18)PR Loop : 0.46700 ms 
Time of (8)Generate new edges : 0.41800 ms 
Time of (5)Retrieving back first and last times  : 0.41300 ms 
Time of (11)Shortcut rep : 0.30800 ms 
Time of (2)Convert to collection : 0.30200 ms 
Time of (10)Convert to collection : 0.30100 ms 
Time of (7)Remove edges : 0.24100 ms 
Time of (19)Component Parent, Reversals : 0.23000 ms 
Time of (0)Extracting Roots : 0.08000 ms 
Time of (13)Compress Graph : 0.05800 ms 
Time of (3)Processing for multi component Euler tour : 0.03700 ms 
Time of (17)PR init : 0.01400 ms 
Time of (16)Get edges : 0.00500 ms 
Time of (14)Get compressed list : 0.00400 ms 
Time (total): 10.28600 ms 
--------------------------------------------------------
filename: higgs-twitter.txt
Nodes : 456626
Edges : 12508568

------------------------------------------------------
Deleted : 1000
Time of (6)Edge Deletion : 2.259000 ms 
Time of (12)Hooking Shortcutting : 2.05900 ms 
Time of (4)Multi component Euler tour internal  : 1.17600 ms 
Time of (15)Transedges prefix : 0.50000 ms 
Time of (9)Get key rem collections : 0.49900 ms 
Time of (1)Get key rem collections : 0.49900 ms 
Time of (18)PR Loop : 0.46300 ms 
Time of (8)Generate new edges : 0.42200 ms 
Time of (5)Retrieving back first and last times  : 0.41700 ms 
Time of (20)Reverse Edges and Connect Parent : 0.39100 ms 
Time of (11)Shortcut rep : 0.30600 ms 
Time of (10)Convert to collection : 0.30000 ms 
Time of (2)Convert to collection : 0.29900 ms 
Time of (19)Component Parent, Reversals : 0.23100 ms 
Time of (7)Remove edges : 0.23100 ms 
Time of (0)Extracting Roots : 0.07800 ms 
Time of (13)Compress Graph : 0.05800 ms 
Time of (3)Processing for multi component Euler tour : 0.03500 ms 
Time of (17)PR init : 0.01400 ms 
Time of (14)Get compressed list : 0.00700 ms 
Time of (16)Get edges : 0.00400 ms 
Time (total): 10.24800 ms 
--------------------------------------------------------
filename: higgs-twitter.txt
Nodes : 456626
Edges : 12508568

------------------------------------------------------
Deleted : 1000
Time of (6)Edge Deletion : 2.299000 ms 
Time of (12)Hooking Shortcutting : 2.06200 ms 
Time of (20)Reverse Edges and Connect Parent : 1.34200 ms 
Time of (4)Multi component Euler tour internal  : 1.16900 ms 
Time of (1)Get key rem collections : 0.52400 ms 
Time of (15)Transedges prefix : 0.50200 ms 
Time of (9)Get key rem collections : 0.49900 ms 
Time of (18)PR Loop : 0.46700 ms 
Time of (5)Retrieving back first and last times  : 0.42300 ms 
Time of (8)Generate new edges : 0.41800 ms 
Time of (11)Shortcut rep : 0.30600 ms 
Time of (10)Convert to collection : 0.30000 ms 
Time of (2)Convert to collection : 0.29900 ms 
Time of (19)Component Parent, Reversals : 0.27300 ms 
Time of (7)Remove edges : 0.23200 ms 
Time of (0)Extracting Roots : 0.08900 ms 
Time of (13)Compress Graph : 0.05900 ms 
Time of (3)Processing for multi component Euler tour : 0.03700 ms 
Time of (17)PR init : 0.01400 ms 
Time of (14)Get compressed list : 0.00600 ms 
Time of (16)Get edges : 0.00400 ms 
Time (total): 11.32400 ms 
--------------------------------------------------------
filename: higgs-twitter.txt
Nodes : 456626
Edges : 12508568

------------------------------------------------------
Deleted : 1000
Time of (12)Hooking Shortcutting : 2.569000 ms 
Time of (6)Edge Deletion : 2.24600 ms 
Time of (4)Multi component Euler tour internal  : 1.15600 ms 
Time of (1)Get key rem collections : 0.50600 ms 
Time of (15)Transedges prefix : 0.50500 ms 
Time of (9)Get key rem collections : 0.50100 ms 
Time of (18)PR Loop : 0.46900 ms 
Time of (8)Generate new edges : 0.42000 ms 
Time of (5)Retrieving back first and last times  : 0.41700 ms 
Time of (20)Reverse Edges and Connect Parent : 0.39600 ms 
Time of (11)Shortcut rep : 0.30800 ms 
Time of (10)Convert to collection : 0.30100 ms 
Time of (2)Convert to collection : 0.30000 ms 
Time of (19)Component Parent, Reversals : 0.23300 ms 
Time of (7)Remove edges : 0.22900 ms 
Time of (0)Extracting Roots : 0.08800 ms 
Time of (13)Compress Graph : 0.05900 ms 
Time of (3)Processing for multi component Euler tour : 0.03600 ms 
Time of (17)PR init : 0.01400 ms 
Time of (14)Get compressed list : 0.00700 ms 
Time of (16)Get edges : 0.00400 ms 
Time (total): 10.76400 ms 
--------------------------------------------------------
filename: higgs-twitter.txt
Nodes : 456626
Edges : 12508568

------------------------------------------------------
Deleted : 1000
Time of (6)Edge Deletion : 2.253000 ms 
Time of (12)Hooking Shortcutting : 2.06300 ms 
Time of (4)Multi component Euler tour internal  : 1.16000 ms 
Time of (1)Get key rem collections : 0.52400 ms 
Time of (15)Transedges prefix : 0.49800 ms 
Time of (9)Get key rem collections : 0.49600 ms 
Time of (18)PR Loop : 0.46800 ms 
Time of (8)Generate new edges : 0.41700 ms 
Time of (5)Retrieving back first and last times  : 0.41500 ms 
Time of (20)Reverse Edges and Connect Parent : 0.40000 ms 
Time of (11)Shortcut rep : 0.31500 ms 
Time of (2)Convert to collection : 0.30000 ms 
Time of (10)Convert to collection : 0.29800 ms 
Time of (7)Remove edges : 0.23300 ms 
Time of (19)Component Parent, Reversals : 0.23100 ms 
Time of (0)Extracting Roots : 0.08000 ms 
Time of (13)Compress Graph : 0.06100 ms 
Time of (3)Processing for multi component Euler tour : 0.03600 ms 
Time of (17)PR init : 0.01400 ms 
Time of (16)Get edges : 0.00500 ms 
Time of (14)Get compressed list : 0.00400 ms 
Time (total): 10.27100 ms 
--------------------------------------------------------
