filename: kron_g500-logn19.txt
Nodes : 524288
Edges : 21895926

------------------------------------------------------
Deleted : 100000
Time of (6)Edge Deletion : 2.360000 ms 
Time of (1)Get key rem collections : 1.65600 ms 
Time of (4)Multi component Euler tour internal  : 1.22000 ms 
Time of (12)Hooking Shortcutting : 0.85900 ms 
Time of (9)Get key rem collections : 0.85700 ms 
Time of (8)Generate new edges : 0.69600 ms 
Time of (11)Shortcut rep : 0.58900 ms 
Time of (0)Extracting Roots : 0.53400 ms 
Time of (2)Convert to collection : 0.49300 ms 
Time of (10)Convert to collection : 0.48100 ms 
Time of (5)Retrieving back first and last times  : 0.45500 ms 
Time of (15)Reverse Edges and Connect Parent : 0.44500 ms 
Time of (7)Remove edges : 0.42500 ms 
Time of (3)Processing for multi component Euler tour : 0.06700 ms 
Time of (13)Compress Graph : 0.06100 ms 
Time of (14)Get compressed list : 0.00500 ms 
Time (total): 11.20300 ms 
--------------------------------------------------------
filename: kron_g500-logn19.txt
Nodes : 524288
Edges : 21895926

------------------------------------------------------
Deleted : 100000
Time of (6)Edge Deletion : 2.347000 ms 
Time of (1)Get key rem collections : 1.72900 ms 
Time of (4)Multi component Euler tour internal  : 1.21100 ms 
Time of (9)Get key rem collections : 1.07000 ms 
Time of (12)Hooking Shortcutting : 0.86300 ms 
Time of (8)Generate new edges : 0.69700 ms 
Time of (11)Shortcut rep : 0.59100 ms 
Time of (0)Extracting Roots : 0.52600 ms 
Time of (10)Convert to collection : 0.48500 ms 
Time of (2)Convert to collection : 0.48400 ms 
Time of (5)Retrieving back first and last times  : 0.45200 ms 
Time of (15)Reverse Edges and Connect Parent : 0.44300 ms 
Time of (7)Remove edges : 0.37500 ms 
Time of (3)Processing for multi component Euler tour : 0.06800 ms 
Time of (13)Compress Graph : 0.06000 ms 
Time of (14)Get compressed list : 0.00500 ms 
Time (total): 11.40600 ms 
--------------------------------------------------------
filename: kron_g500-logn19.txt
Nodes : 524288
Edges : 21895926

------------------------------------------------------
Deleted : 100000
Time of (6)Edge Deletion : 2.670000 ms 
Time of (1)Get key rem collections : 1.73900 ms 
Time of (4)Multi component Euler tour internal  : 1.20800 ms 
Time of (12)Hooking Shortcutting : 0.86100 ms 
Time of (9)Get key rem collections : 0.86000 ms 
Time of (8)Generate new edges : 0.69600 ms 
Time of (11)Shortcut rep : 0.58900 ms 
Time of (0)Extracting Roots : 0.52300 ms 
Time of (2)Convert to collection : 0.49600 ms 
Time of (10)Convert to collection : 0.48300 ms 
Time of (5)Retrieving back first and last times  : 0.46100 ms 
Time of (15)Reverse Edges and Connect Parent : 0.44500 ms 
Time of (7)Remove edges : 0.37600 ms 
Time of (3)Processing for multi component Euler tour : 0.07000 ms 
Time of (13)Compress Graph : 0.06200 ms 
Time of (14)Get compressed list : 0.00500 ms 
Time (total): 11.54400 ms 
--------------------------------------------------------
filename: kron_g500-logn19.txt
Nodes : 524288
Edges : 21895926

------------------------------------------------------
Deleted : 100000
Time of (6)Edge Deletion : 2.316000 ms 
Time of (1)Get key rem collections : 1.72200 ms 
Time of (4)Multi component Euler tour internal  : 1.16600 ms 
Time of (12)Hooking Shortcutting : 0.86700 ms 
Time of (9)Get key rem collections : 0.85500 ms 
Time of (8)Generate new edges : 0.69600 ms 
Time of (11)Shortcut rep : 0.59400 ms 
Time of (0)Extracting Roots : 0.52600 ms 
Time of (10)Convert to collection : 0.48400 ms 
Time of (2)Convert to collection : 0.48300 ms 
Time of (5)Retrieving back first and last times  : 0.46700 ms 
Time of (15)Reverse Edges and Connect Parent : 0.44700 ms 
Time of (7)Remove edges : 0.40100 ms 
Time of (3)Processing for multi component Euler tour : 0.06600 ms 
Time of (13)Compress Graph : 0.06200 ms 
Time of (14)Get compressed list : 0.00500 ms 
Time (total): 11.15700 ms 
--------------------------------------------------------
filename: kron_g500-logn19.txt
Nodes : 524288
Edges : 21895926

------------------------------------------------------
Deleted : 100000
Time of (6)Edge Deletion : 2.290000 ms 
Time of (1)Get key rem collections : 1.72700 ms 
Time of (4)Multi component Euler tour internal  : 1.22100 ms 
Time of (12)Hooking Shortcutting : 0.86400 ms 
Time of (9)Get key rem collections : 0.86100 ms 
Time of (8)Generate new edges : 0.69500 ms 
Time of (11)Shortcut rep : 0.59200 ms 
Time of (0)Extracting Roots : 0.52900 ms 
Time of (5)Retrieving back first and last times  : 0.49400 ms 
Time of (2)Convert to collection : 0.49400 ms 
Time of (10)Convert to collection : 0.48400 ms 
Time of (15)Reverse Edges and Connect Parent : 0.43400 ms 
Time of (7)Remove edges : 0.37400 ms 
Time of (3)Processing for multi component Euler tour : 0.06800 ms 
Time of (13)Compress Graph : 0.06000 ms 
Time of (14)Get compressed list : 0.00400 ms 
Time (total): 11.19100 ms 
--------------------------------------------------------
filename: kron_g500-logn19.txt
Nodes : 524288
Edges : 21895926

------------------------------------------------------
Deleted : 10000
Time of (6)Edge Deletion : 2.137000 ms 
Time of (1)Get key rem collections : 1.66400 ms 
Time of (4)Multi component Euler tour internal  : 1.21200 ms 
Time of (9)Get key rem collections : 1.09200 ms 
Time of (12)Hooking Shortcutting : 0.86200 ms 
Time of (8)Generate new edges : 0.69600 ms 
Time of (11)Shortcut rep : 0.59900 ms 
Time of (0)Extracting Roots : 0.53100 ms 
Time of (10)Convert to collection : 0.48400 ms 
Time of (2)Convert to collection : 0.48200 ms 
Time of (5)Retrieving back first and last times  : 0.45200 ms 
Time of (15)Reverse Edges and Connect Parent : 0.44900 ms 
Time of (7)Remove edges : 0.38600 ms 
Time of (3)Processing for multi component Euler tour : 0.06900 ms 
Time of (13)Compress Graph : 0.06000 ms 
Time of (14)Get compressed list : 0.00400 ms 
Time (total): 11.17900 ms 
--------------------------------------------------------
filename: kron_g500-logn19.txt
Nodes : 524288
Edges : 21895926

------------------------------------------------------
Deleted : 10000
Time of (6)Edge Deletion : 2.178000 ms 
Time of (1)Get key rem collections : 1.75500 ms 
Time of (4)Multi component Euler tour internal  : 1.20500 ms 
Time of (9)Get key rem collections : 1.06900 ms 
Time of (12)Hooking Shortcutting : 0.86700 ms 
Time of (8)Generate new edges : 0.69600 ms 
Time of (11)Shortcut rep : 0.60500 ms 
Time of (0)Extracting Roots : 0.52000 ms 
Time of (10)Convert to collection : 0.48700 ms 
Time of (2)Convert to collection : 0.48400 ms 
Time of (5)Retrieving back first and last times  : 0.45500 ms 
Time of (15)Reverse Edges and Connect Parent : 0.43200 ms 
Time of (7)Remove edges : 0.37000 ms 
Time of (3)Processing for multi component Euler tour : 0.06800 ms 
Time of (13)Compress Graph : 0.06000 ms 
Time of (14)Get compressed list : 0.00500 ms 
Time (total): 11.25600 ms 
--------------------------------------------------------
filename: kron_g500-logn19.txt
Nodes : 524288
Edges : 21895926

------------------------------------------------------
Deleted : 10000
Time of (6)Edge Deletion : 2.112000 ms 
Time of (1)Get key rem collections : 1.81700 ms 
Time of (15)Reverse Edges and Connect Parent : 1.47100 ms 
Time of (4)Multi component Euler tour internal  : 1.23900 ms 
Time of (9)Get key rem collections : 0.86400 ms 
Time of (12)Hooking Shortcutting : 0.86300 ms 
Time of (8)Generate new edges : 0.72600 ms 
Time of (11)Shortcut rep : 0.59200 ms 
Time of (0)Extracting Roots : 0.52600 ms 
Time of (5)Retrieving back first and last times  : 0.50000 ms 
Time of (7)Remove edges : 0.49900 ms 
Time of (10)Convert to collection : 0.48300 ms 
Time of (2)Convert to collection : 0.48200 ms 
Time of (13)Compress Graph : 0.07300 ms 
Time of (3)Processing for multi component Euler tour : 0.06800 ms 
Time of (14)Get compressed list : 0.00500 ms 
Time (total): 12.32000 ms 
--------------------------------------------------------
filename: kron_g500-logn19.txt
Nodes : 524288
Edges : 21895926

------------------------------------------------------
Deleted : 10000
Time of (6)Edge Deletion : 2.531000 ms 
Time of (1)Get key rem collections : 1.67800 ms 
Time of (4)Multi component Euler tour internal  : 1.22100 ms 
Time of (9)Get key rem collections : 0.87400 ms 
Time of (12)Hooking Shortcutting : 0.86900 ms 
Time of (8)Generate new edges : 0.69600 ms 
Time of (11)Shortcut rep : 0.60000 ms 
Time of (0)Extracting Roots : 0.52800 ms 
Time of (5)Retrieving back first and last times  : 0.49800 ms 
Time of (10)Convert to collection : 0.48400 ms 
Time of (2)Convert to collection : 0.48400 ms 
Time of (15)Reverse Edges and Connect Parent : 0.44600 ms 
Time of (7)Remove edges : 0.36200 ms 
Time of (3)Processing for multi component Euler tour : 0.06800 ms 
Time of (13)Compress Graph : 0.06100 ms 
Time of (14)Get compressed list : 0.00500 ms 
Time (total): 11.40500 ms 
--------------------------------------------------------
filename: kron_g500-logn19.txt
Nodes : 524288
Edges : 21895926

------------------------------------------------------
Deleted : 10000
Time of (6)Edge Deletion : 2.197000 ms 
Time of (1)Get key rem collections : 1.74800 ms 
Time of (4)Multi component Euler tour internal  : 1.23400 ms 
Time of (9)Get key rem collections : 0.90600 ms 
Time of (12)Hooking Shortcutting : 0.86600 ms 
Time of (8)Generate new edges : 0.69700 ms 
Time of (11)Shortcut rep : 0.59500 ms 
Time of (0)Extracting Roots : 0.54100 ms 
Time of (5)Retrieving back first and last times  : 0.52000 ms 
Time of (10)Convert to collection : 0.48600 ms 
Time of (2)Convert to collection : 0.48600 ms 
Time of (15)Reverse Edges and Connect Parent : 0.42700 ms 
Time of (7)Remove edges : 0.37000 ms 
Time of (3)Processing for multi component Euler tour : 0.06800 ms 
Time of (13)Compress Graph : 0.06200 ms 
Time of (14)Get compressed list : 0.00500 ms 
Time (total): 11.20800 ms 
--------------------------------------------------------
filename: kron_g500-logn19.txt
Nodes : 524288
Edges : 21895926

------------------------------------------------------
Deleted : 100
Time of (6)Edge Deletion : 2.210000 ms 
Time of (1)Get key rem collections : 1.72900 ms 
Time of (4)Multi component Euler tour internal  : 1.20300 ms 
Time of (9)Get key rem collections : 0.88000 ms 
Time of (12)Hooking Shortcutting : 0.86700 ms 
Time of (8)Generate new edges : 0.69800 ms 
Time of (11)Shortcut rep : 0.59700 ms 
Time of (5)Retrieving back first and last times  : 0.53900 ms 
Time of (0)Extracting Roots : 0.52300 ms 
Time of (2)Convert to collection : 0.49500 ms 
Time of (10)Convert to collection : 0.48400 ms 
Time of (15)Reverse Edges and Connect Parent : 0.44700 ms 
Time of (7)Remove edges : 0.38800 ms 
Time of (3)Processing for multi component Euler tour : 0.06700 ms 
Time of (13)Compress Graph : 0.06000 ms 
Time of (14)Get compressed list : 0.00500 ms 
Time (total): 11.19200 ms 
--------------------------------------------------------
filename: kron_g500-logn19.txt
Nodes : 524288
Edges : 21895926

------------------------------------------------------
Deleted : 100
Time of (6)Edge Deletion : 2.227000 ms 
Time of (1)Get key rem collections : 1.78600 ms 
Time of (4)Multi component Euler tour internal  : 1.20500 ms 
Time of (9)Get key rem collections : 0.88100 ms 
Time of (12)Hooking Shortcutting : 0.86300 ms 
Time of (8)Generate new edges : 0.69800 ms 
Time of (11)Shortcut rep : 0.60500 ms 
Time of (0)Extracting Roots : 0.53900 ms 
Time of (5)Retrieving back first and last times  : 0.49200 ms 
Time of (10)Convert to collection : 0.48800 ms 
Time of (2)Convert to collection : 0.48500 ms 
Time of (15)Reverse Edges and Connect Parent : 0.43600 ms 
Time of (7)Remove edges : 0.37700 ms 
Time of (3)Processing for multi component Euler tour : 0.06700 ms 
Time of (13)Compress Graph : 0.05900 ms 
Time of (14)Get compressed list : 0.00500 ms 
Time (total): 11.21300 ms 
--------------------------------------------------------
filename: kron_g500-logn19.txt
Nodes : 524288
Edges : 21895926

------------------------------------------------------
Deleted : 100
Time of (6)Edge Deletion : 2.668000 ms 
Time of (1)Get key rem collections : 1.76700 ms 
Time of (4)Multi component Euler tour internal  : 1.22100 ms 
Time of (9)Get key rem collections : 0.96900 ms 
Time of (12)Hooking Shortcutting : 0.86600 ms 
Time of (8)Generate new edges : 0.69900 ms 
Time of (11)Shortcut rep : 0.59700 ms 
Time of (0)Extracting Roots : 0.54600 ms 
Time of (10)Convert to collection : 0.48800 ms 
Time of (2)Convert to collection : 0.48400 ms 
Time of (5)Retrieving back first and last times  : 0.46600 ms 
Time of (15)Reverse Edges and Connect Parent : 0.41900 ms 
Time of (7)Remove edges : 0.37900 ms 
Time of (3)Processing for multi component Euler tour : 0.06700 ms 
Time of (13)Compress Graph : 0.06300 ms 
Time of (14)Get compressed list : 0.00500 ms 
Time (total): 11.70400 ms 
--------------------------------------------------------
filename: kron_g500-logn19.txt
Nodes : 524288
Edges : 21895926

------------------------------------------------------
Deleted : 100
Time of (6)Edge Deletion : 2.653000 ms 
Time of (1)Get key rem collections : 1.71500 ms 
Time of (4)Multi component Euler tour internal  : 1.22700 ms 
Time of (9)Get key rem collections : 0.89400 ms 
Time of (12)Hooking Shortcutting : 0.86600 ms 
Time of (8)Generate new edges : 0.69600 ms 
Time of (11)Shortcut rep : 0.60800 ms 
Time of (0)Extracting Roots : 0.54700 ms 
Time of (10)Convert to collection : 0.48500 ms 
Time of (2)Convert to collection : 0.48400 ms 
Time of (5)Retrieving back first and last times  : 0.46900 ms 
Time of (15)Reverse Edges and Connect Parent : 0.44400 ms 
Time of (7)Remove edges : 0.43000 ms 
Time of (3)Processing for multi component Euler tour : 0.06600 ms 
Time of (13)Compress Graph : 0.06000 ms 
Time of (14)Get compressed list : 0.00400 ms 
Time (total): 11.64800 ms 
--------------------------------------------------------
filename: kron_g500-logn19.txt
Nodes : 524288
Edges : 21895926

------------------------------------------------------
Deleted : 100
Time of (6)Edge Deletion : 2.117000 ms 
Time of (1)Get key rem collections : 1.72600 ms 
Time of (4)Multi component Euler tour internal  : 1.20600 ms 
Time of (9)Get key rem collections : 0.93400 ms 
Time of (12)Hooking Shortcutting : 0.87600 ms 
Time of (8)Generate new edges : 0.69500 ms 
Time of (11)Shortcut rep : 0.58900 ms 
Time of (0)Extracting Roots : 0.52600 ms 
Time of (2)Convert to collection : 0.48500 ms 
Time of (10)Convert to collection : 0.48400 ms 
Time of (5)Retrieving back first and last times  : 0.44800 ms 
Time of (15)Reverse Edges and Connect Parent : 0.44500 ms 
Time of (7)Remove edges : 0.37300 ms 
Time of (3)Processing for multi component Euler tour : 0.06700 ms 
Time of (13)Compress Graph : 0.05900 ms 
Time of (14)Get compressed list : 0.00500 ms 
Time (total): 11.03500 ms 
--------------------------------------------------------
filename: kron_g500-logn19.txt
Nodes : 524288
Edges : 21895926

------------------------------------------------------
Deleted : 1000
Time of (6)Edge Deletion : 2.141000 ms 
Time of (1)Get key rem collections : 1.66800 ms 
Time of (4)Multi component Euler tour internal  : 1.21500 ms 
Time of (9)Get key rem collections : 0.86500 ms 
Time of (12)Hooking Shortcutting : 0.85900 ms 
Time of (8)Generate new edges : 0.69500 ms 
Time of (11)Shortcut rep : 0.58500 ms 
Time of (0)Extracting Roots : 0.55800 ms 
Time of (2)Convert to collection : 0.48400 ms 
Time of (10)Convert to collection : 0.48300 ms 
Time of (5)Retrieving back first and last times  : 0.44600 ms 
Time of (15)Reverse Edges and Connect Parent : 0.44300 ms 
Time of (7)Remove edges : 0.36900 ms 
Time of (3)Processing for multi component Euler tour : 0.06800 ms 
Time of (13)Compress Graph : 0.06000 ms 
Time of (14)Get compressed list : 0.00500 ms 
Time (total): 10.94400 ms 
--------------------------------------------------------
filename: kron_g500-logn19.txt
Nodes : 524288
Edges : 21895926

------------------------------------------------------
Deleted : 1000
Time of (6)Edge Deletion : 2.161000 ms 
Time of (1)Get key rem collections : 1.66600 ms 
Time of (4)Multi component Euler tour internal  : 1.23800 ms 
Time of (9)Get key rem collections : 0.86900 ms 
Time of (12)Hooking Shortcutting : 0.86700 ms 
Time of (8)Generate new edges : 0.69600 ms 
Time of (11)Shortcut rep : 0.59200 ms 
Time of (0)Extracting Roots : 0.53700 ms 
Time of (2)Convert to collection : 0.48700 ms 
Time of (10)Convert to collection : 0.48500 ms 
Time of (5)Retrieving back first and last times  : 0.45000 ms 
Time of (15)Reverse Edges and Connect Parent : 0.44700 ms 
Time of (7)Remove edges : 0.40400 ms 
Time of (3)Processing for multi component Euler tour : 0.06700 ms 
Time of (13)Compress Graph : 0.05900 ms 
Time of (14)Get compressed list : 0.00500 ms 
Time (total): 11.03000 ms 
--------------------------------------------------------
filename: kron_g500-logn19.txt
Nodes : 524288
Edges : 21895926

------------------------------------------------------
Deleted : 1000
Time of (6)Edge Deletion : 2.652000 ms 
Time of (1)Get key rem collections : 1.68500 ms 
Time of (4)Multi component Euler tour internal  : 1.22700 ms 
Time of (9)Get key rem collections : 0.94000 ms 
Time of (12)Hooking Shortcutting : 0.86900 ms 
Time of (8)Generate new edges : 0.69900 ms 
Time of (11)Shortcut rep : 0.59900 ms 
Time of (0)Extracting Roots : 0.53600 ms 
Time of (10)Convert to collection : 0.48500 ms 
Time of (2)Convert to collection : 0.48500 ms 
Time of (5)Retrieving back first and last times  : 0.47200 ms 
Time of (15)Reverse Edges and Connect Parent : 0.44900 ms 
Time of (7)Remove edges : 0.40000 ms 
Time of (3)Processing for multi component Euler tour : 0.06900 ms 
Time of (13)Compress Graph : 0.06100 ms 
Time of (14)Get compressed list : 0.00600 ms 
Time (total): 11.63400 ms 
--------------------------------------------------------
filename: kron_g500-logn19.txt
Nodes : 524288
Edges : 21895926

------------------------------------------------------
Deleted : 1000
Time of (6)Edge Deletion : 2.112000 ms 
Time of (1)Get key rem collections : 1.70300 ms 
Time of (15)Reverse Edges and Connect Parent : 1.45500 ms 
Time of (4)Multi component Euler tour internal  : 1.21400 ms 
Time of (9)Get key rem collections : 0.86300 ms 
Time of (12)Hooking Shortcutting : 0.86100 ms 
Time of (8)Generate new edges : 0.69500 ms 
Time of (11)Shortcut rep : 0.59600 ms 
Time of (5)Retrieving back first and last times  : 0.53000 ms 
Time of (0)Extracting Roots : 0.52100 ms 
Time of (2)Convert to collection : 0.48500 ms 
Time of (10)Convert to collection : 0.48400 ms 
Time of (7)Remove edges : 0.35800 ms 
Time of (3)Processing for multi component Euler tour : 0.07000 ms 
Time of (13)Compress Graph : 0.06000 ms 
Time of (14)Get compressed list : 0.00500 ms 
Time (total): 12.01200 ms 
--------------------------------------------------------
filename: kron_g500-logn19.txt
Nodes : 524288
Edges : 21895926

------------------------------------------------------
Deleted : 1000
Time of (6)Edge Deletion : 2.139000 ms 
Time of (1)Get key rem collections : 1.66900 ms 
Time of (4)Multi component Euler tour internal  : 1.21400 ms 
Time of (9)Get key rem collections : 0.87900 ms 
Time of (12)Hooking Shortcutting : 0.86300 ms 
Time of (8)Generate new edges : 0.69800 ms 
Time of (11)Shortcut rep : 0.59700 ms 
Time of (0)Extracting Roots : 0.53400 ms 
Time of (2)Convert to collection : 0.49200 ms 
Time of (10)Convert to collection : 0.48600 ms 
Time of (5)Retrieving back first and last times  : 0.45400 ms 
Time of (15)Reverse Edges and Connect Parent : 0.44500 ms 
Time of (7)Remove edges : 0.36200 ms 
Time of (3)Processing for multi component Euler tour : 0.06800 ms 
Time of (13)Compress Graph : 0.06000 ms 
Time of (14)Get compressed list : 0.00500 ms 
Time (total): 10.96500 ms 
--------------------------------------------------------
