filename: rgg_n_2_24_s0.txt
Nodes : 16777216
Edges : 132557201

------------------------------------------------------
Deleted : 100000
Time of (12)Hooking Shortcutting : 34.353000 ms 
Time of (4)Multi component Euler tour internal  : 25.60900 ms 
Time of (5)Retrieving back first and last times  : 14.65100 ms 
Time of (1)Get key rem collections : 6.31800 ms 
Time of (9)Get key rem collections : 4.78600 ms 
Time of (18)PR Loop : 4.58900 ms 
Time of (11)Shortcut rep : 4.46400 ms 
Time of (8)Generate new edges : 3.99200 ms 
Time of (6)Edge Deletion : 2.94000 ms 
Time of (2)Convert to collection : 2.71500 ms 
Time of (20)Reverse Edges and Connect Parent : 2.19800 ms 
Time of (15)Transedges prefix : 2.09700 ms 
Time of (7)Remove edges : 2.06700 ms 
Time of (10)Convert to collection : 1.97100 ms 
Time of (3)Processing for multi component Euler tour : 1.39000 ms 
Time of (0)Extracting Roots : 0.74700 ms 
Time of (19)Component Parent, Reversals : 0.31200 ms 
Time of (13)Compress Graph : 0.25200 ms 
Time of (17)PR init : 0.01700 ms 
Time of (14)Get compressed list : 0.00700 ms 
Time of (16)Get edges : 0.00600 ms 
Time (total): 115.48100 ms 
--------------------------------------------------------
filename: rgg_n_2_24_s0.txt
Nodes : 16777216
Edges : 132557201

------------------------------------------------------
Deleted : 100000
Time of (12)Hooking Shortcutting : 31.220000 ms 
Time of (4)Multi component Euler tour internal  : 25.62100 ms 
Time of (5)Retrieving back first and last times  : 12.94600 ms 
Time of (1)Get key rem collections : 6.33600 ms 
Time of (11)Shortcut rep : 4.31600 ms 
Time of (18)PR Loop : 3.96400 ms 
Time of (9)Get key rem collections : 3.62300 ms 
Time of (6)Edge Deletion : 3.19800 ms 
Time of (8)Generate new edges : 3.09100 ms 
Time of (2)Convert to collection : 2.64800 ms 
Time of (20)Reverse Edges and Connect Parent : 2.19300 ms 
Time of (15)Transedges prefix : 2.07000 ms 
Time of (10)Convert to collection : 1.97500 ms 
Time of (3)Processing for multi component Euler tour : 1.38600 ms 
Time of (7)Remove edges : 1.37700 ms 
Time of (0)Extracting Roots : 0.69000 ms 
Time of (19)Component Parent, Reversals : 0.30900 ms 
Time of (13)Compress Graph : 0.22400 ms 
Time of (17)PR init : 0.01400 ms 
Time of (14)Get compressed list : 0.00600 ms 
Time of (16)Get edges : 0.00400 ms 
Time (total): 107.21100 ms 
--------------------------------------------------------
filename: rgg_n_2_24_s0.txt
Nodes : 16777216
Edges : 132557201

------------------------------------------------------
Deleted : 100000
Time of (4)Multi component Euler tour internal  : 25.688000 ms 
Time of (12)Hooking Shortcutting : 24.39400 ms 
Time of (5)Retrieving back first and last times  : 14.99400 ms 
Time of (1)Get key rem collections : 6.32600 ms 
Time of (11)Shortcut rep : 4.37700 ms 
Time of (9)Get key rem collections : 3.67300 ms 
Time of (6)Edge Deletion : 3.59600 ms 
Time of (18)PR Loop : 3.43500 ms 
Time of (8)Generate new edges : 3.08400 ms 
Time of (2)Convert to collection : 2.70500 ms 
Time of (20)Reverse Edges and Connect Parent : 2.20400 ms 
Time of (15)Transedges prefix : 2.05400 ms 
Time of (10)Convert to collection : 1.96800 ms 
Time of (7)Remove edges : 1.40600 ms 
Time of (3)Processing for multi component Euler tour : 1.38400 ms 
Time of (0)Extracting Roots : 0.70700 ms 
Time of (19)Component Parent, Reversals : 0.31100 ms 
Time of (13)Compress Graph : 0.22400 ms 
Time of (17)PR init : 0.01300 ms 
Time of (16)Get edges : 0.00500 ms 
Time of (14)Get compressed list : 0.00400 ms 
Time (total): 102.55200 ms 
--------------------------------------------------------
filename: rgg_n_2_24_s0.txt
Nodes : 16777216
Edges : 132557201

------------------------------------------------------
Deleted : 100000
Time of (12)Hooking Shortcutting : 40.618000 ms 
Time of (4)Multi component Euler tour internal  : 25.57000 ms 
Time of (5)Retrieving back first and last times  : 13.06200 ms 
Time of (11)Shortcut rep : 7.41500 ms 
Time of (1)Get key rem collections : 6.29700 ms 
Time of (9)Get key rem collections : 5.45100 ms 
Time of (18)PR Loop : 4.49900 ms 
Time of (6)Edge Deletion : 4.05300 ms 
Time of (8)Generate new edges : 3.97500 ms 
Time of (10)Convert to collection : 2.71800 ms 
Time of (2)Convert to collection : 2.69600 ms 
Time of (20)Reverse Edges and Connect Parent : 2.18700 ms 
Time of (15)Transedges prefix : 2.07100 ms 
Time of (7)Remove edges : 2.01700 ms 
Time of (3)Processing for multi component Euler tour : 1.38800 ms 
Time of (0)Extracting Roots : 0.70300 ms 
Time of (19)Component Parent, Reversals : 0.31300 ms 
Time of (13)Compress Graph : 0.25100 ms 
Time of (17)PR init : 0.01300 ms 
Time of (16)Get edges : 0.00500 ms 
Time of (14)Get compressed list : 0.00500 ms 
Time (total): 125.30700 ms 
--------------------------------------------------------
filename: rgg_n_2_24_s0.txt
Nodes : 16777216
Edges : 132557201

------------------------------------------------------
Deleted : 100000
Time of (12)Hooking Shortcutting : 36.963000 ms 
Time of (4)Multi component Euler tour internal  : 25.65100 ms 
Time of (5)Retrieving back first and last times  : 14.52900 ms 
Time of (11)Shortcut rep : 7.38300 ms 
Time of (1)Get key rem collections : 6.34400 ms 
Time of (9)Get key rem collections : 5.47100 ms 
Time of (8)Generate new edges : 3.99500 ms 
Time of (18)PR Loop : 3.47800 ms 
Time of (6)Edge Deletion : 2.93300 ms 
Time of (2)Convert to collection : 2.71700 ms 
Time of (10)Convert to collection : 2.71500 ms 
Time of (20)Reverse Edges and Connect Parent : 2.19700 ms 
Time of (7)Remove edges : 2.12200 ms 
Time of (15)Transedges prefix : 2.07000 ms 
Time of (3)Processing for multi component Euler tour : 1.38100 ms 
Time of (0)Extracting Roots : 0.67800 ms 
Time of (19)Component Parent, Reversals : 0.30700 ms 
Time of (13)Compress Graph : 0.23700 ms 
Time of (17)PR init : 0.01300 ms 
Time of (14)Get compressed list : 0.00500 ms 
Time of (16)Get edges : 0.00400 ms 
Time (total): 121.19300 ms 
--------------------------------------------------------
filename: rgg_n_2_24_s0.txt
Nodes : 16777216
Edges : 132557201

------------------------------------------------------
Deleted : 10000
Time of (12)Hooking Shortcutting : 27.226000 ms 
Time of (4)Multi component Euler tour internal  : 25.68900 ms 
Time of (5)Retrieving back first and last times  : 13.42700 ms 
Time of (11)Shortcut rep : 7.06200 ms 
Time of (1)Get key rem collections : 6.18500 ms 
Time of (9)Get key rem collections : 5.31100 ms 
Time of (8)Generate new edges : 4.01000 ms 
Time of (6)Edge Deletion : 3.11600 ms 
Time of (10)Convert to collection : 2.72200 ms 
Time of (2)Convert to collection : 2.70700 ms 
Time of (20)Reverse Edges and Connect Parent : 2.12300 ms 
Time of (15)Transedges prefix : 2.11200 ms 
Time of (7)Remove edges : 2.05100 ms 
Time of (18)PR Loop : 1.46500 ms 
Time of (3)Processing for multi component Euler tour : 1.38700 ms 
Time of (0)Extracting Roots : 0.68000 ms 
Time of (19)Component Parent, Reversals : 0.30800 ms 
Time of (13)Compress Graph : 0.21100 ms 
Time of (17)PR init : 0.01100 ms 
Time of (14)Get compressed list : 0.00500 ms 
Time of (16)Get edges : 0.00400 ms 
Time (total): 107.81200 ms 
--------------------------------------------------------
filename: rgg_n_2_24_s0.txt
Nodes : 16777216
Edges : 132557201

------------------------------------------------------
Deleted : 10000
Time of (12)Hooking Shortcutting : 27.039000 ms 
Time of (4)Multi component Euler tour internal  : 25.70300 ms 
Time of (5)Retrieving back first and last times  : 13.01300 ms 
Time of (1)Get key rem collections : 6.26100 ms 
Time of (11)Shortcut rep : 4.49600 ms 
Time of (9)Get key rem collections : 3.68200 ms 
Time of (6)Edge Deletion : 3.22900 ms 
Time of (8)Generate new edges : 3.10700 ms 
Time of (2)Convert to collection : 2.70900 ms 
Time of (20)Reverse Edges and Connect Parent : 2.14200 ms 
Time of (15)Transedges prefix : 2.09200 ms 
Time of (10)Convert to collection : 2.04400 ms 
Time of (18)PR Loop : 1.98200 ms 
Time of (3)Processing for multi component Euler tour : 1.38900 ms 
Time of (7)Remove edges : 1.34800 ms 
Time of (0)Extracting Roots : 0.72500 ms 
Time of (19)Component Parent, Reversals : 0.30200 ms 
Time of (13)Compress Graph : 0.22800 ms 
Time of (17)PR init : 0.01400 ms 
Time of (16)Get edges : 0.00600 ms 
Time of (14)Get compressed list : 0.00500 ms 
Time (total): 101.51600 ms 
--------------------------------------------------------
filename: rgg_n_2_24_s0.txt
Nodes : 16777216
Edges : 132557201

------------------------------------------------------
Deleted : 10000
Time of (4)Multi component Euler tour internal  : 26.316000 ms 
Time of (12)Hooking Shortcutting : 20.01400 ms 
Time of (5)Retrieving back first and last times  : 13.09700 ms 
Time of (1)Get key rem collections : 6.28300 ms 
Time of (11)Shortcut rep : 4.40400 ms 
Time of (8)Generate new edges : 3.72100 ms 
Time of (9)Get key rem collections : 3.58800 ms 
Time of (6)Edge Deletion : 3.41300 ms 
Time of (2)Convert to collection : 2.71100 ms 
Time of (7)Remove edges : 2.14900 ms 
Time of (20)Reverse Edges and Connect Parent : 2.11800 ms 
Time of (15)Transedges prefix : 2.07000 ms 
Time of (10)Convert to collection : 1.97300 ms 
Time of (18)PR Loop : 1.48500 ms 
Time of (3)Processing for multi component Euler tour : 1.38700 ms 
Time of (0)Extracting Roots : 0.72000 ms 
Time of (19)Component Parent, Reversals : 0.30500 ms 
Time of (13)Compress Graph : 0.22500 ms 
Time of (17)PR init : 0.01400 ms 
Time of (14)Get compressed list : 0.00700 ms 
Time of (16)Get edges : 0.00600 ms 
Time (total): 96.00600 ms 
--------------------------------------------------------
filename: rgg_n_2_24_s0.txt
Nodes : 16777216
Edges : 132557201

------------------------------------------------------
Deleted : 10000
Time of (12)Hooking Shortcutting : 26.389000 ms 
Time of (4)Multi component Euler tour internal  : 21.81200 ms 
Time of (5)Retrieving back first and last times  : 13.47600 ms 
Time of (1)Get key rem collections : 6.35400 ms 
Time of (11)Shortcut rep : 5.71600 ms 
Time of (9)Get key rem collections : 4.38900 ms 
Time of (8)Generate new edges : 3.43700 ms 
Time of (6)Edge Deletion : 3.15400 ms 
Time of (2)Convert to collection : 2.69000 ms 
Time of (10)Convert to collection : 2.31400 ms 
Time of (20)Reverse Edges and Connect Parent : 2.12900 ms 
Time of (15)Transedges prefix : 2.04100 ms 
Time of (7)Remove edges : 1.75900 ms 
Time of (3)Processing for multi component Euler tour : 1.38500 ms 
Time of (18)PR Loop : 1.04800 ms 
Time of (0)Extracting Roots : 0.70700 ms 
Time of (19)Component Parent, Reversals : 0.30900 ms 
Time of (13)Compress Graph : 0.21600 ms 
Time of (17)PR init : 0.01400 ms 
Time of (14)Get compressed list : 0.00500 ms 
Time of (16)Get edges : 0.00400 ms 
Time (total): 99.34800 ms 
--------------------------------------------------------
filename: rgg_n_2_24_s0.txt
Nodes : 16777216
Edges : 132557201

------------------------------------------------------
Deleted : 10000
Time of (4)Multi component Euler tour internal  : 25.492000 ms 
Time of (12)Hooking Shortcutting : 16.76600 ms 
Time of (5)Retrieving back first and last times  : 14.79400 ms 
Time of (11)Shortcut rep : 7.22900 ms 
Time of (1)Get key rem collections : 6.31300 ms 
Time of (9)Get key rem collections : 5.50700 ms 
Time of (8)Generate new edges : 4.01000 ms 
Time of (6)Edge Deletion : 3.12500 ms 
Time of (10)Convert to collection : 2.71900 ms 
Time of (2)Convert to collection : 2.70500 ms 
Time of (15)Transedges prefix : 2.08000 ms 
Time of (20)Reverse Edges and Connect Parent : 2.06800 ms 
Time of (7)Remove edges : 2.00100 ms 
Time of (3)Processing for multi component Euler tour : 1.38700 ms 
Time of (0)Extracting Roots : 0.67500 ms 
Time of (18)PR Loop : 0.62300 ms 
Time of (19)Component Parent, Reversals : 0.30100 ms 
Time of (13)Compress Graph : 0.24800 ms 
Time of (17)PR init : 0.01100 ms 
Time of (14)Get compressed list : 0.00500 ms 
Time of (16)Get edges : 0.00400 ms 
Time (total): 98.06300 ms 
--------------------------------------------------------
filename: rgg_n_2_24_s0.txt
Nodes : 16777216
Edges : 132557201

------------------------------------------------------
Deleted : 100
Time of (4)Multi component Euler tour internal  : 25.722000 ms 
Time of (5)Retrieving back first and last times  : 13.08400 ms 
Time of (12)Hooking Shortcutting : 12.89800 ms 
Time of (1)Get key rem collections : 6.17500 ms 
Time of (11)Shortcut rep : 4.64300 ms 
Time of (9)Get key rem collections : 3.81100 ms 
Time of (6)Edge Deletion : 3.54500 ms 
Time of (8)Generate new edges : 3.13100 ms 
Time of (2)Convert to collection : 2.70400 ms 
Time of (15)Transedges prefix : 2.14100 ms 
Time of (10)Convert to collection : 2.02100 ms 
Time of (20)Reverse Edges and Connect Parent : 2.00600 ms 
Time of (3)Processing for multi component Euler tour : 1.38400 ms 
Time of (7)Remove edges : 1.37100 ms 
Time of (0)Extracting Roots : 0.72600 ms 
Time of (19)Component Parent, Reversals : 0.30300 ms 
Time of (18)PR Loop : 0.29300 ms 
Time of (13)Compress Graph : 0.22700 ms 
Time of (17)PR init : 0.01500 ms 
Time of (14)Get compressed list : 0.00500 ms 
Time of (16)Get edges : 0.00400 ms 
Time (total): 86.20900 ms 
--------------------------------------------------------
filename: rgg_n_2_24_s0.txt
Nodes : 16777216
Edges : 132557201

------------------------------------------------------
Deleted : 100
Time of (4)Multi component Euler tour internal  : 25.974000 ms 
Time of (5)Retrieving back first and last times  : 15.47600 ms 
Time of (12)Hooking Shortcutting : 12.30500 ms 
Time of (1)Get key rem collections : 6.16800 ms 
Time of (11)Shortcut rep : 4.36800 ms 
Time of (8)Generate new edges : 4.00800 ms 
Time of (9)Get key rem collections : 3.65400 ms 
Time of (6)Edge Deletion : 3.46300 ms 
Time of (2)Convert to collection : 2.70700 ms 
Time of (7)Remove edges : 2.11900 ms 
Time of (15)Transedges prefix : 2.09000 ms 
Time of (20)Reverse Edges and Connect Parent : 1.99700 ms 
Time of (10)Convert to collection : 1.97400 ms 
Time of (3)Processing for multi component Euler tour : 1.39000 ms 
Time of (0)Extracting Roots : 0.72100 ms 
Time of (18)PR Loop : 0.34000 ms 
Time of (19)Component Parent, Reversals : 0.31500 ms 
Time of (13)Compress Graph : 0.22900 ms 
Time of (17)PR init : 0.01500 ms 
Time of (14)Get compressed list : 0.00600 ms 
Time of (16)Get edges : 0.00500 ms 
Time (total): 89.32400 ms 
--------------------------------------------------------
filename: rgg_n_2_24_s0.txt
Nodes : 16777216
Edges : 132557201

------------------------------------------------------
Deleted : 100
Time of (4)Multi component Euler tour internal  : 28.293000 ms 
Time of (12)Hooking Shortcutting : 17.00500 ms 
Time of (5)Retrieving back first and last times  : 13.80900 ms 
Time of (11)Shortcut rep : 6.27600 ms 
Time of (1)Get key rem collections : 6.20100 ms 
Time of (9)Get key rem collections : 4.69200 ms 
Time of (8)Generate new edges : 3.63100 ms 
Time of (6)Edge Deletion : 3.49600 ms 
Time of (15)Transedges prefix : 3.28800 ms 
Time of (2)Convert to collection : 2.71600 ms 
Time of (10)Convert to collection : 2.43300 ms 
Time of (20)Reverse Edges and Connect Parent : 1.96800 ms 
Time of (7)Remove edges : 1.94000 ms 
Time of (3)Processing for multi component Euler tour : 1.37700 ms 
Time of (0)Extracting Roots : 0.82100 ms 
Time of (18)PR Loop : 0.43800 ms 
Time of (19)Component Parent, Reversals : 0.32100 ms 
Time of (13)Compress Graph : 0.23900 ms 
Time of (17)PR init : 0.01600 ms 
Time of (16)Get edges : 0.00900 ms 
Time of (14)Get compressed list : 0.00800 ms 
Time (total): 98.97700 ms 
--------------------------------------------------------
filename: rgg_n_2_24_s0.txt
Nodes : 16777216
Edges : 132557201

------------------------------------------------------
Deleted : 100
Time of (4)Multi component Euler tour internal  : 25.713000 ms 
Time of (12)Hooking Shortcutting : 19.44200 ms 
Time of (5)Retrieving back first and last times  : 14.82700 ms 
Time of (11)Shortcut rep : 7.08100 ms 
Time of (1)Get key rem collections : 6.17400 ms 
Time of (8)Generate new edges : 5.99300 ms 
Time of (9)Get key rem collections : 5.41300 ms 
Time of (6)Edge Deletion : 3.46000 ms 
Time of (10)Convert to collection : 2.70800 ms 
Time of (2)Convert to collection : 2.70800 ms 
Time of (15)Transedges prefix : 2.09800 ms 
Time of (7)Remove edges : 2.06600 ms 
Time of (20)Reverse Edges and Connect Parent : 1.94500 ms 
Time of (3)Processing for multi component Euler tour : 1.38400 ms 
Time of (0)Extracting Roots : 0.74300 ms 
Time of (18)PR Loop : 0.33500 ms 
Time of (19)Component Parent, Reversals : 0.30400 ms 
Time of (13)Compress Graph : 0.22300 ms 
Time of (17)PR init : 0.01200 ms 
Time of (14)Get compressed list : 0.00700 ms 
Time of (16)Get edges : 0.00500 ms 
Time (total): 102.64100 ms 
--------------------------------------------------------
filename: rgg_n_2_24_s0.txt
Nodes : 16777216
Edges : 132557201

------------------------------------------------------
Deleted : 100
Time of (4)Multi component Euler tour internal  : 25.524000 ms 
Time of (5)Retrieving back first and last times  : 14.43400 ms 
Time of (12)Hooking Shortcutting : 12.29700 ms 
Time of (1)Get key rem collections : 6.10500 ms 
Time of (11)Shortcut rep : 4.26400 ms 
Time of (8)Generate new edges : 4.00900 ms 
Time of (9)Get key rem collections : 3.68800 ms 
Time of (6)Edge Deletion : 3.47500 ms 
Time of (2)Convert to collection : 2.71700 ms 
Time of (7)Remove edges : 2.12200 ms 
Time of (15)Transedges prefix : 2.05700 ms 
Time of (20)Reverse Edges and Connect Parent : 1.99200 ms 
Time of (10)Convert to collection : 1.97300 ms 
Time of (3)Processing for multi component Euler tour : 1.39000 ms 
Time of (0)Extracting Roots : 0.67500 ms 
Time of (18)PR Loop : 0.33000 ms 
Time of (19)Component Parent, Reversals : 0.30200 ms 
Time of (13)Compress Graph : 0.22100 ms 
Time of (17)PR init : 0.01100 ms 
Time of (14)Get compressed list : 0.00500 ms 
Time of (16)Get edges : 0.00400 ms 
Time (total): 87.59500 ms 
--------------------------------------------------------
filename: rgg_n_2_24_s0.txt
Nodes : 16777216
Edges : 132557201

------------------------------------------------------
Deleted : 1000
Time of (4)Multi component Euler tour internal  : 25.552000 ms 
Time of (5)Retrieving back first and last times  : 14.56700 ms 
Time of (12)Hooking Shortcutting : 12.33300 ms 
Time of (1)Get key rem collections : 6.53200 ms 
Time of (11)Shortcut rep : 4.39200 ms 
Time of (9)Get key rem collections : 3.68500 ms 
Time of (6)Edge Deletion : 3.46000 ms 
Time of (8)Generate new edges : 3.11900 ms 
Time of (2)Convert to collection : 2.71100 ms 
Time of (15)Transedges prefix : 2.06600 ms 
Time of (20)Reverse Edges and Connect Parent : 1.98400 ms 
Time of (10)Convert to collection : 1.96900 ms 
Time of (7)Remove edges : 1.43900 ms 
Time of (3)Processing for multi component Euler tour : 1.38900 ms 
Time of (0)Extracting Roots : 0.84800 ms 
Time of (18)PR Loop : 0.49500 ms 
Time of (19)Component Parent, Reversals : 0.32000 ms 
Time of (13)Compress Graph : 0.23800 ms 
Time of (17)PR init : 0.01500 ms 
Time of (16)Get edges : 0.01000 ms 
Time of (14)Get compressed list : 0.00800 ms 
Time (total): 87.13200 ms 
--------------------------------------------------------
filename: rgg_n_2_24_s0.txt
Nodes : 16777216
Edges : 132557201

------------------------------------------------------
Deleted : 1000
Time of (4)Multi component Euler tour internal  : 22.736000 ms 
Time of (12)Hooking Shortcutting : 17.52400 ms 
Time of (5)Retrieving back first and last times  : 14.84600 ms 
Time of (11)Shortcut rep : 6.28700 ms 
Time of (1)Get key rem collections : 6.15900 ms 
Time of (9)Get key rem collections : 4.85600 ms 
Time of (8)Generate new edges : 3.66200 ms 
Time of (6)Edge Deletion : 3.37400 ms 
Time of (2)Convert to collection : 2.70500 ms 
Time of (10)Convert to collection : 2.46200 ms 
Time of (15)Transedges prefix : 2.12000 ms 
Time of (20)Reverse Edges and Connect Parent : 2.00400 ms 
Time of (7)Remove edges : 1.89500 ms 
Time of (3)Processing for multi component Euler tour : 1.38700 ms 
Time of (0)Extracting Roots : 0.72300 ms 
Time of (18)PR Loop : 0.51600 ms 
Time of (19)Component Parent, Reversals : 0.31400 ms 
Time of (13)Compress Graph : 0.21900 ms 
Time of (17)PR init : 0.01200 ms 
Time of (16)Get edges : 0.00500 ms 
Time of (14)Get compressed list : 0.00500 ms 
Time (total): 93.81100 ms 
--------------------------------------------------------
filename: rgg_n_2_24_s0.txt
Nodes : 16777216
Edges : 132557201

------------------------------------------------------
Deleted : 1000
Time of (4)Multi component Euler tour internal  : 25.629000 ms 
Time of (12)Hooking Shortcutting : 17.98700 ms 
Time of (5)Retrieving back first and last times  : 14.49400 ms 
Time of (11)Shortcut rep : 7.16100 ms 
Time of (1)Get key rem collections : 6.33100 ms 
Time of (9)Get key rem collections : 5.35400 ms 
Time of (8)Generate new edges : 4.03600 ms 
Time of (6)Edge Deletion : 3.32500 ms 
Time of (10)Convert to collection : 2.72100 ms 
Time of (2)Convert to collection : 2.70500 ms 
Time of (7)Remove edges : 2.11900 ms 
Time of (15)Transedges prefix : 2.11500 ms 
Time of (20)Reverse Edges and Connect Parent : 1.80000 ms 
Time of (3)Processing for multi component Euler tour : 1.38600 ms 
Time of (0)Extracting Roots : 0.68700 ms 
Time of (18)PR Loop : 0.42700 ms 
Time of (19)Component Parent, Reversals : 0.30500 ms 
Time of (13)Compress Graph : 0.21800 ms 
Time of (17)PR init : 0.01000 ms 
Time of (14)Get compressed list : 0.00600 ms 
Time of (16)Get edges : 0.00400 ms 
Time (total): 98.82000 ms 
--------------------------------------------------------
filename: rgg_n_2_24_s0.txt
Nodes : 16777216
Edges : 132557201

------------------------------------------------------
Deleted : 1000
Time of (4)Multi component Euler tour internal  : 23.154000 ms 
Time of (5)Retrieving back first and last times  : 14.82400 ms 
Time of (12)Hooking Shortcutting : 14.72600 ms 
Time of (1)Get key rem collections : 6.46800 ms 
Time of (11)Shortcut rep : 5.36000 ms 
Time of (9)Get key rem collections : 4.06000 ms 
Time of (6)Edge Deletion : 3.40100 ms 
Time of (8)Generate new edges : 3.29200 ms 
Time of (2)Convert to collection : 2.69800 ms 
Time of (15)Transedges prefix : 2.21200 ms 
Time of (10)Convert to collection : 2.18300 ms 
Time of (20)Reverse Edges and Connect Parent : 1.90500 ms 
Time of (7)Remove edges : 1.54100 ms 
Time of (3)Processing for multi component Euler tour : 1.38800 ms 
Time of (0)Extracting Roots : 0.72500 ms 
Time of (18)PR Loop : 0.48500 ms 
Time of (19)Component Parent, Reversals : 0.30800 ms 
Time of (13)Compress Graph : 0.25300 ms 
Time of (17)PR init : 0.01400 ms 
Time of (16)Get edges : 0.00600 ms 
Time of (14)Get compressed list : 0.00600 ms 
Time (total): 89.00900 ms 
--------------------------------------------------------
filename: rgg_n_2_24_s0.txt
Nodes : 16777216
Edges : 132557201

------------------------------------------------------
Deleted : 1000
Time of (4)Multi component Euler tour internal  : 25.604000 ms 
Time of (5)Retrieving back first and last times  : 12.98300 ms 
Time of (12)Hooking Shortcutting : 12.38000 ms 
Time of (11)Shortcut rep : 7.16100 ms 
Time of (1)Get key rem collections : 6.22800 ms 
Time of (9)Get key rem collections : 5.29000 ms 
Time of (8)Generate new edges : 4.01300 ms 
Time of (6)Edge Deletion : 3.33500 ms 
Time of (2)Convert to collection : 2.72900 ms 
Time of (10)Convert to collection : 2.72200 ms 
Time of (15)Transedges prefix : 2.12600 ms 
Time of (7)Remove edges : 2.04200 ms 
Time of (20)Reverse Edges and Connect Parent : 2.01500 ms 
Time of (3)Processing for multi component Euler tour : 1.38500 ms 
Time of (0)Extracting Roots : 0.67300 ms 
Time of (18)PR Loop : 0.46800 ms 
Time of (19)Component Parent, Reversals : 0.30400 ms 
Time of (13)Compress Graph : 0.21600 ms 
Time of (17)PR init : 0.01200 ms 
Time of (14)Get compressed list : 0.00500 ms 
Time of (16)Get edges : 0.00400 ms 
Time (total): 91.69500 ms 
--------------------------------------------------------
