filename: wiki-topcats.txt
Nodes : 1791489
Edges : 25444207

------------------------------------------------------
Deleted : 100000
Time of (12)Hooking Shortcutting : 8.703000 ms 
Time of (18)PR Loop : 4.86400 ms 
Time of (4)Multi component Euler tour internal  : 2.92800 ms 
Time of (6)Edge Deletion : 2.42700 ms 
Time of (1)Get key rem collections : 1.82000 ms 
Time of (20)Reverse Edges and Connect Parent : 1.56100 ms 
Time of (5)Retrieving back first and last times  : 1.51900 ms 
Time of (9)Get key rem collections : 0.94400 ms 
Time of (8)Generate new edges : 0.80000 ms 
Time of (15)Transedges prefix : 0.73300 ms 
Time of (2)Convert to collection : 0.56600 ms 
Time of (10)Convert to collection : 0.55600 ms 
Time of (0)Extracting Roots : 0.54100 ms 
Time of (7)Remove edges : 0.42900 ms 
Time of (11)Shortcut rep : 0.25700 ms 
Time of (19)Component Parent, Reversals : 0.25500 ms 
Time of (3)Processing for multi component Euler tour : 0.09200 ms 
Time of (13)Compress Graph : 0.07600 ms 
Time of (17)PR init : 0.01400 ms 
Time of (16)Get edges : 0.00400 ms 
Time of (14)Get compressed list : 0.00400 ms 
Time (total): 29.09300 ms 
--------------------------------------------------------
filename: wiki-topcats.txt
Nodes : 1791489
Edges : 25444207

------------------------------------------------------
Deleted : 100000
Time of (6)Edge Deletion : 6.291000 ms 
Time of (12)Hooking Shortcutting : 6.02600 ms 
Time of (18)PR Loop : 3.56700 ms 
Time of (4)Multi component Euler tour internal  : 2.96900 ms 
Time of (1)Get key rem collections : 1.81700 ms 
Time of (20)Reverse Edges and Connect Parent : 1.56200 ms 
Time of (5)Retrieving back first and last times  : 1.31700 ms 
Time of (9)Get key rem collections : 0.96300 ms 
Time of (8)Generate new edges : 0.80300 ms 
Time of (15)Transedges prefix : 0.75800 ms 
Time of (10)Convert to collection : 0.55900 ms 
Time of (2)Convert to collection : 0.55500 ms 
Time of (0)Extracting Roots : 0.54400 ms 
Time of (7)Remove edges : 0.44400 ms 
Time of (11)Shortcut rep : 0.30100 ms 
Time of (19)Component Parent, Reversals : 0.25900 ms 
Time of (13)Compress Graph : 0.07300 ms 
Time of (3)Processing for multi component Euler tour : 0.06500 ms 
Time of (17)PR init : 0.01600 ms 
Time of (16)Get edges : 0.00600 ms 
Time of (14)Get compressed list : 0.00400 ms 
Time (total): 28.89900 ms 
--------------------------------------------------------
filename: wiki-topcats.txt
Nodes : 1791489
Edges : 25444207

------------------------------------------------------
Deleted : 100000
Time of (12)Hooking Shortcutting : 9.509000 ms 
Time of (18)PR Loop : 4.11900 ms 
Time of (4)Multi component Euler tour internal  : 2.91500 ms 
Time of (6)Edge Deletion : 2.44700 ms 
Time of (1)Get key rem collections : 1.79700 ms 
Time of (20)Reverse Edges and Connect Parent : 1.57200 ms 
Time of (5)Retrieving back first and last times  : 1.51500 ms 
Time of (9)Get key rem collections : 0.95800 ms 
Time of (8)Generate new edges : 0.80200 ms 
Time of (15)Transedges prefix : 0.75900 ms 
Time of (10)Convert to collection : 0.55700 ms 
Time of (2)Convert to collection : 0.55700 ms 
Time of (0)Extracting Roots : 0.54700 ms 
Time of (7)Remove edges : 0.42400 ms 
Time of (11)Shortcut rep : 0.30100 ms 
Time of (19)Component Parent, Reversals : 0.25100 ms 
Time of (13)Compress Graph : 0.07400 ms 
Time of (3)Processing for multi component Euler tour : 0.06500 ms 
Time of (17)PR init : 0.01300 ms 
Time of (16)Get edges : 0.00400 ms 
Time of (14)Get compressed list : 0.00400 ms 
Time (total): 29.19000 ms 
--------------------------------------------------------
filename: wiki-topcats.txt
Nodes : 1791489
Edges : 25444207

------------------------------------------------------
Deleted : 100000
Time of (12)Hooking Shortcutting : 11.201000 ms 
Time of (18)PR Loop : 4.88900 ms 
Time of (4)Multi component Euler tour internal  : 2.93800 ms 
Time of (6)Edge Deletion : 2.50000 ms 
Time of (1)Get key rem collections : 1.91400 ms 
Time of (20)Reverse Edges and Connect Parent : 1.56500 ms 
Time of (5)Retrieving back first and last times  : 1.32400 ms 
Time of (9)Get key rem collections : 0.94600 ms 
Time of (15)Transedges prefix : 0.85600 ms 
Time of (8)Generate new edges : 0.80000 ms 
Time of (2)Convert to collection : 0.56500 ms 
Time of (10)Convert to collection : 0.55700 ms 
Time of (0)Extracting Roots : 0.55200 ms 
Time of (7)Remove edges : 0.43800 ms 
Time of (19)Component Parent, Reversals : 0.26800 ms 
Time of (11)Shortcut rep : 0.25800 ms 
Time of (13)Compress Graph : 0.07800 ms 
Time of (3)Processing for multi component Euler tour : 0.06500 ms 
Time of (17)PR init : 0.01500 ms 
Time of (16)Get edges : 0.00500 ms 
Time of (14)Get compressed list : 0.00500 ms 
Time (total): 31.73900 ms 
--------------------------------------------------------
filename: wiki-topcats.txt
Nodes : 1791489
Edges : 25444207

------------------------------------------------------
Deleted : 100000
Time of (12)Hooking Shortcutting : 7.197000 ms 
Time of (18)PR Loop : 3.53100 ms 
Time of (4)Multi component Euler tour internal  : 2.92300 ms 
Time of (6)Edge Deletion : 2.43600 ms 
Time of (1)Get key rem collections : 1.80900 ms 
Time of (20)Reverse Edges and Connect Parent : 1.56600 ms 
Time of (5)Retrieving back first and last times  : 1.51900 ms 
Time of (9)Get key rem collections : 0.96000 ms 
Time of (15)Transedges prefix : 0.81000 ms 
Time of (8)Generate new edges : 0.80100 ms 
Time of (10)Convert to collection : 0.55600 ms 
Time of (2)Convert to collection : 0.55600 ms 
Time of (0)Extracting Roots : 0.53900 ms 
Time of (7)Remove edges : 0.47800 ms 
Time of (11)Shortcut rep : 0.26400 ms 
Time of (19)Component Parent, Reversals : 0.25800 ms 
Time of (13)Compress Graph : 0.07300 ms 
Time of (3)Processing for multi component Euler tour : 0.06500 ms 
Time of (17)PR init : 0.01400 ms 
Time of (16)Get edges : 0.00500 ms 
Time of (14)Get compressed list : 0.00500 ms 
Time (total): 26.36500 ms 
--------------------------------------------------------
filename: wiki-topcats.txt
Nodes : 1791489
Edges : 25444207

------------------------------------------------------
Deleted : 10000
Time of (12)Hooking Shortcutting : 8.955000 ms 
Time of (4)Multi component Euler tour internal  : 2.93700 ms 
Time of (6)Edge Deletion : 2.26000 ms 
Time of (1)Get key rem collections : 1.88400 ms 
Time of (18)PR Loop : 1.56600 ms 
Time of (5)Retrieving back first and last times  : 1.32800 ms 
Time of (9)Get key rem collections : 0.97600 ms 
Time of (8)Generate new edges : 0.80000 ms 
Time of (15)Transedges prefix : 0.75700 ms 
Time of (0)Extracting Roots : 0.58200 ms 
Time of (10)Convert to collection : 0.56000 ms 
Time of (2)Convert to collection : 0.55800 ms 
Time of (20)Reverse Edges and Connect Parent : 0.49600 ms 
Time of (7)Remove edges : 0.44500 ms 
Time of (11)Shortcut rep : 0.25100 ms 
Time of (19)Component Parent, Reversals : 0.24300 ms 
Time of (13)Compress Graph : 0.07300 ms 
Time of (3)Processing for multi component Euler tour : 0.06600 ms 
Time of (17)PR init : 0.01400 ms 
Time of (16)Get edges : 0.00400 ms 
Time of (14)Get compressed list : 0.00400 ms 
Time (total): 24.75900 ms 
--------------------------------------------------------
filename: wiki-topcats.txt
Nodes : 1791489
Edges : 25444207

------------------------------------------------------
Deleted : 10000
Time of (12)Hooking Shortcutting : 9.076000 ms 
Time of (4)Multi component Euler tour internal  : 2.94100 ms 
Time of (6)Edge Deletion : 2.25400 ms 
Time of (1)Get key rem collections : 1.80000 ms 
Time of (18)PR Loop : 1.60800 ms 
Time of (20)Reverse Edges and Connect Parent : 1.53400 ms 
Time of (5)Retrieving back first and last times  : 1.52300 ms 
Time of (9)Get key rem collections : 0.98800 ms 
Time of (8)Generate new edges : 0.80800 ms 
Time of (15)Transedges prefix : 0.79900 ms 
Time of (10)Convert to collection : 0.56200 ms 
Time of (2)Convert to collection : 0.55500 ms 
Time of (0)Extracting Roots : 0.53600 ms 
Time of (7)Remove edges : 0.42300 ms 
Time of (11)Shortcut rep : 0.29500 ms 
Time of (19)Component Parent, Reversals : 0.25300 ms 
Time of (13)Compress Graph : 0.07400 ms 
Time of (3)Processing for multi component Euler tour : 0.06600 ms 
Time of (17)PR init : 0.01300 ms 
Time of (16)Get edges : 0.00400 ms 
Time of (14)Get compressed list : 0.00400 ms 
Time (total): 26.11600 ms 
--------------------------------------------------------
filename: wiki-topcats.txt
Nodes : 1791489
Edges : 25444207

------------------------------------------------------
Deleted : 10000
Time of (12)Hooking Shortcutting : 3.548000 ms 
Time of (4)Multi component Euler tour internal  : 2.94300 ms 
Time of (6)Edge Deletion : 2.26600 ms 
Time of (1)Get key rem collections : 1.88600 ms 
Time of (18)PR Loop : 1.65000 ms 
Time of (5)Retrieving back first and last times  : 1.33100 ms 
Time of (9)Get key rem collections : 1.00700 ms 
Time of (8)Generate new edges : 0.80000 ms 
Time of (15)Transedges prefix : 0.79100 ms 
Time of (10)Convert to collection : 0.55600 ms 
Time of (2)Convert to collection : 0.55400 ms 
Time of (0)Extracting Roots : 0.55200 ms 
Time of (20)Reverse Edges and Connect Parent : 0.50900 ms 
Time of (7)Remove edges : 0.50300 ms 
Time of (11)Shortcut rep : 0.29300 ms 
Time of (19)Component Parent, Reversals : 0.24500 ms 
Time of (13)Compress Graph : 0.07500 ms 
Time of (3)Processing for multi component Euler tour : 0.06500 ms 
Time of (17)PR init : 0.01500 ms 
Time of (16)Get edges : 0.00500 ms 
Time of (14)Get compressed list : 0.00400 ms 
Time (total): 19.59800 ms 
--------------------------------------------------------
filename: wiki-topcats.txt
Nodes : 1791489
Edges : 25444207

------------------------------------------------------
Deleted : 10000
Time of (12)Hooking Shortcutting : 3.484000 ms 
Time of (4)Multi component Euler tour internal  : 2.94100 ms 
Time of (6)Edge Deletion : 2.21800 ms 
Time of (1)Get key rem collections : 1.82900 ms 
Time of (5)Retrieving back first and last times  : 1.51300 ms 
Time of (9)Get key rem collections : 0.95200 ms 
Time of (8)Generate new edges : 0.80300 ms 
Time of (15)Transedges prefix : 0.77700 ms 
Time of (18)PR Loop : 0.69000 ms 
Time of (10)Convert to collection : 0.55800 ms 
Time of (2)Convert to collection : 0.55700 ms 
Time of (0)Extracting Roots : 0.54000 ms 
Time of (7)Remove edges : 0.53900 ms 
Time of (20)Reverse Edges and Connect Parent : 0.48600 ms 
Time of (11)Shortcut rep : 0.29600 ms 
Time of (19)Component Parent, Reversals : 0.25000 ms 
Time of (13)Compress Graph : 0.07200 ms 
Time of (3)Processing for multi component Euler tour : 0.06400 ms 
Time of (17)PR init : 0.01400 ms 
Time of (14)Get compressed list : 0.00500 ms 
Time of (16)Get edges : 0.00400 ms 
Time (total): 18.59200 ms 
--------------------------------------------------------
filename: wiki-topcats.txt
Nodes : 1791489
Edges : 25444207

------------------------------------------------------
Deleted : 10000
Time of (12)Hooking Shortcutting : 3.484000 ms 
Time of (4)Multi component Euler tour internal  : 2.97800 ms 
Time of (6)Edge Deletion : 2.27000 ms 
Time of (1)Get key rem collections : 1.84000 ms 
Time of (20)Reverse Edges and Connect Parent : 1.54400 ms 
Time of (5)Retrieving back first and last times  : 1.31900 ms 
Time of (18)PR Loop : 1.17100 ms 
Time of (9)Get key rem collections : 0.99800 ms 
Time of (8)Generate new edges : 0.80300 ms 
Time of (15)Transedges prefix : 0.73500 ms 
Time of (10)Convert to collection : 0.56300 ms 
Time of (7)Remove edges : 0.56100 ms 
Time of (2)Convert to collection : 0.55700 ms 
Time of (0)Extracting Roots : 0.55700 ms 
Time of (11)Shortcut rep : 0.25700 ms 
Time of (19)Component Parent, Reversals : 0.25400 ms 
Time of (13)Compress Graph : 0.07200 ms 
Time of (3)Processing for multi component Euler tour : 0.06600 ms 
Time of (17)PR init : 0.01400 ms 
Time of (16)Get edges : 0.00400 ms 
Time of (14)Get compressed list : 0.00400 ms 
Time (total): 20.05100 ms 
--------------------------------------------------------
filename: wiki-topcats.txt
Nodes : 1791489
Edges : 25444207

------------------------------------------------------
Deleted : 100
Time of (12)Hooking Shortcutting : 3.458000 ms 
Time of (4)Multi component Euler tour internal  : 2.91800 ms 
Time of (6)Edge Deletion : 2.22200 ms 
Time of (1)Get key rem collections : 1.93300 ms 
Time of (20)Reverse Edges and Connect Parent : 1.52900 ms 
Time of (5)Retrieving back first and last times  : 1.52100 ms 
Time of (9)Get key rem collections : 0.99500 ms 
Time of (8)Generate new edges : 0.80200 ms 
Time of (15)Transedges prefix : 0.76800 ms 
Time of (10)Convert to collection : 0.55800 ms 
Time of (2)Convert to collection : 0.55700 ms 
Time of (0)Extracting Roots : 0.54800 ms 
Time of (7)Remove edges : 0.41500 ms 
Time of (18)PR Loop : 0.32200 ms 
Time of (11)Shortcut rep : 0.25800 ms 
Time of (19)Component Parent, Reversals : 0.24500 ms 
Time of (13)Compress Graph : 0.07200 ms 
Time of (3)Processing for multi component Euler tour : 0.06500 ms 
Time of (17)PR init : 0.01300 ms 
Time of (16)Get edges : 0.00500 ms 
Time of (14)Get compressed list : 0.00500 ms 
Time (total): 19.20900 ms 
--------------------------------------------------------
filename: wiki-topcats.txt
Nodes : 1791489
Edges : 25444207

------------------------------------------------------
Deleted : 100
Time of (12)Hooking Shortcutting : 3.422000 ms 
Time of (4)Multi component Euler tour internal  : 2.94700 ms 
Time of (6)Edge Deletion : 2.29400 ms 
Time of (1)Get key rem collections : 1.81800 ms 
Time of (20)Reverse Edges and Connect Parent : 1.51500 ms 
Time of (5)Retrieving back first and last times  : 1.32500 ms 
Time of (9)Get key rem collections : 1.01900 ms 
Time of (8)Generate new edges : 0.80000 ms 
Time of (15)Transedges prefix : 0.73300 ms 
Time of (10)Convert to collection : 0.55800 ms 
Time of (2)Convert to collection : 0.55800 ms 
Time of (0)Extracting Roots : 0.53700 ms 
Time of (7)Remove edges : 0.41300 ms 
Time of (18)PR Loop : 0.31700 ms 
Time of (19)Component Parent, Reversals : 0.25300 ms 
Time of (11)Shortcut rep : 0.24900 ms 
Time of (13)Compress Graph : 0.07200 ms 
Time of (3)Processing for multi component Euler tour : 0.06500 ms 
Time of (17)PR init : 0.01400 ms 
Time of (16)Get edges : 0.00400 ms 
Time of (14)Get compressed list : 0.00400 ms 
Time (total): 18.91700 ms 
--------------------------------------------------------
filename: wiki-topcats.txt
Nodes : 1791489
Edges : 25444207

------------------------------------------------------
Deleted : 100
Time of (4)Multi component Euler tour internal  : 2.927000 ms 
Time of (6)Edge Deletion : 2.20500 ms 
Time of (1)Get key rem collections : 1.81600 ms 
Time of (12)Hooking Shortcutting : 1.71400 ms 
Time of (5)Retrieving back first and last times  : 1.52100 ms 
Time of (20)Reverse Edges and Connect Parent : 1.51000 ms 
Time of (9)Get key rem collections : 0.96700 ms 
Time of (8)Generate new edges : 0.80100 ms 
Time of (15)Transedges prefix : 0.74000 ms 
Time of (10)Convert to collection : 0.56300 ms 
Time of (2)Convert to collection : 0.55600 ms 
Time of (0)Extracting Roots : 0.55600 ms 
Time of (7)Remove edges : 0.42000 ms 
Time of (18)PR Loop : 0.26400 ms 
Time of (11)Shortcut rep : 0.25700 ms 
Time of (19)Component Parent, Reversals : 0.25200 ms 
Time of (13)Compress Graph : 0.07600 ms 
Time of (3)Processing for multi component Euler tour : 0.06700 ms 
Time of (17)PR init : 0.01600 ms 
Time of (14)Get compressed list : 0.00500 ms 
Time of (16)Get edges : 0.00400 ms 
Time (total): 17.23700 ms 
--------------------------------------------------------
filename: wiki-topcats.txt
Nodes : 1791489
Edges : 25444207

------------------------------------------------------
Deleted : 100
Time of (12)Hooking Shortcutting : 3.466000 ms 
Time of (4)Multi component Euler tour internal  : 2.92900 ms 
Time of (6)Edge Deletion : 2.27700 ms 
Time of (1)Get key rem collections : 1.90900 ms 
Time of (5)Retrieving back first and last times  : 1.62000 ms 
Time of (20)Reverse Edges and Connect Parent : 1.52200 ms 
Time of (9)Get key rem collections : 0.99200 ms 
Time of (15)Transedges prefix : 0.84200 ms 
Time of (8)Generate new edges : 0.80400 ms 
Time of (10)Convert to collection : 0.55700 ms 
Time of (2)Convert to collection : 0.55300 ms 
Time of (0)Extracting Roots : 0.55300 ms 
Time of (18)PR Loop : 0.41500 ms 
Time of (7)Remove edges : 0.41200 ms 
Time of (11)Shortcut rep : 0.25500 ms 
Time of (19)Component Parent, Reversals : 0.25000 ms 
Time of (13)Compress Graph : 0.07400 ms 
Time of (3)Processing for multi component Euler tour : 0.07300 ms 
Time of (17)PR init : 0.01400 ms 
Time of (16)Get edges : 0.00500 ms 
Time of (14)Get compressed list : 0.00400 ms 
Time (total): 19.52600 ms 
--------------------------------------------------------
filename: wiki-topcats.txt
Nodes : 1791489
Edges : 25444207

------------------------------------------------------
Deleted : 100
Time of (12)Hooking Shortcutting : 3.413000 ms 
Time of (4)Multi component Euler tour internal  : 2.92000 ms 
Time of (6)Edge Deletion : 2.25200 ms 
Time of (1)Get key rem collections : 1.86200 ms 
Time of (20)Reverse Edges and Connect Parent : 1.51900 ms 
Time of (5)Retrieving back first and last times  : 1.31900 ms 
Time of (9)Get key rem collections : 0.95300 ms 
Time of (8)Generate new edges : 0.80200 ms 
Time of (15)Transedges prefix : 0.74300 ms 
Time of (10)Convert to collection : 0.56000 ms 
Time of (2)Convert to collection : 0.55800 ms 
Time of (0)Extracting Roots : 0.55400 ms 
Time of (7)Remove edges : 0.41300 ms 
Time of (18)PR Loop : 0.35600 ms 
Time of (19)Component Parent, Reversals : 0.25600 ms 
Time of (11)Shortcut rep : 0.24900 ms 
Time of (13)Compress Graph : 0.07500 ms 
Time of (3)Processing for multi component Euler tour : 0.06700 ms 
Time of (17)PR init : 0.01400 ms 
Time of (14)Get compressed list : 0.00500 ms 
Time of (16)Get edges : 0.00400 ms 
Time (total): 18.89400 ms 
--------------------------------------------------------
filename: wiki-topcats.txt
Nodes : 1791489
Edges : 25444207

------------------------------------------------------
Deleted : 1000
Time of (12)Hooking Shortcutting : 3.475000 ms 
Time of (4)Multi component Euler tour internal  : 2.94100 ms 
Time of (6)Edge Deletion : 2.24400 ms 
Time of (1)Get key rem collections : 1.80300 ms 
Time of (20)Reverse Edges and Connect Parent : 1.52600 ms 
Time of (5)Retrieving back first and last times  : 1.52200 ms 
Time of (9)Get key rem collections : 0.98600 ms 
Time of (8)Generate new edges : 0.80200 ms 
Time of (15)Transedges prefix : 0.76600 ms 
Time of (10)Convert to collection : 0.55800 ms 
Time of (2)Convert to collection : 0.55700 ms 
Time of (0)Extracting Roots : 0.53500 ms 
Time of (18)PR Loop : 0.51000 ms 
Time of (7)Remove edges : 0.42100 ms 
Time of (11)Shortcut rep : 0.25600 ms 
Time of (19)Component Parent, Reversals : 0.24900 ms 
Time of (13)Compress Graph : 0.07600 ms 
Time of (3)Processing for multi component Euler tour : 0.06300 ms 
Time of (17)PR init : 0.01300 ms 
Time of (14)Get compressed list : 0.00500 ms 
Time of (16)Get edges : 0.00400 ms 
Time (total): 19.31200 ms 
--------------------------------------------------------
filename: wiki-topcats.txt
Nodes : 1791489
Edges : 25444207

------------------------------------------------------
Deleted : 1000
Time of (12)Hooking Shortcutting : 3.423000 ms 
Time of (4)Multi component Euler tour internal  : 2.94500 ms 
Time of (6)Edge Deletion : 2.28200 ms 
Time of (1)Get key rem collections : 1.86500 ms 
Time of (20)Reverse Edges and Connect Parent : 1.51900 ms 
Time of (5)Retrieving back first and last times  : 1.32400 ms 
Time of (9)Get key rem collections : 1.08600 ms 
Time of (8)Generate new edges : 0.80100 ms 
Time of (15)Transedges prefix : 0.73100 ms 
Time of (2)Convert to collection : 0.56600 ms 
Time of (10)Convert to collection : 0.56100 ms 
Time of (0)Extracting Roots : 0.55100 ms 
Time of (18)PR Loop : 0.46800 ms 
Time of (7)Remove edges : 0.41400 ms 
Time of (19)Component Parent, Reversals : 0.25900 ms 
Time of (11)Shortcut rep : 0.25300 ms 
Time of (13)Compress Graph : 0.09800 ms 
Time of (3)Processing for multi component Euler tour : 0.06500 ms 
Time of (17)PR init : 0.01500 ms 
Time of (16)Get edges : 0.00500 ms 
Time of (14)Get compressed list : 0.00400 ms 
Time (total): 19.23500 ms 
--------------------------------------------------------
filename: wiki-topcats.txt
Nodes : 1791489
Edges : 25444207

------------------------------------------------------
Deleted : 1000
Time of (12)Hooking Shortcutting : 5.235000 ms 
Time of (4)Multi component Euler tour internal  : 2.99800 ms 
Time of (6)Edge Deletion : 2.22400 ms 
Time of (1)Get key rem collections : 1.83000 ms 
Time of (20)Reverse Edges and Connect Parent : 1.52700 ms 
Time of (5)Retrieving back first and last times  : 1.49400 ms 
Time of (9)Get key rem collections : 0.95400 ms 
Time of (8)Generate new edges : 0.80400 ms 
Time of (15)Transedges prefix : 0.78500 ms 
Time of (10)Convert to collection : 0.55800 ms 
Time of (2)Convert to collection : 0.55300 ms 
Time of (0)Extracting Roots : 0.54200 ms 
Time of (18)PR Loop : 0.49700 ms 
Time of (7)Remove edges : 0.46600 ms 
Time of (11)Shortcut rep : 0.25800 ms 
Time of (19)Component Parent, Reversals : 0.25000 ms 
Time of (13)Compress Graph : 0.07300 ms 
Time of (3)Processing for multi component Euler tour : 0.06600 ms 
Time of (17)PR init : 0.01500 ms 
Time of (14)Get compressed list : 0.00500 ms 
Time of (16)Get edges : 0.00400 ms 
Time (total): 21.13800 ms 
--------------------------------------------------------
filename: wiki-topcats.txt
Nodes : 1791489
Edges : 25444207

------------------------------------------------------
Deleted : 1000
Time of (4)Multi component Euler tour internal  : 2.939000 ms 
Time of (12)Hooking Shortcutting : 2.63800 ms 
Time of (6)Edge Deletion : 2.24200 ms 
Time of (1)Get key rem collections : 1.89100 ms 
Time of (5)Retrieving back first and last times  : 1.33800 ms 
Time of (9)Get key rem collections : 1.07000 ms 
Time of (8)Generate new edges : 0.80300 ms 
Time of (15)Transedges prefix : 0.74900 ms 
Time of (10)Convert to collection : 0.56300 ms 
Time of (2)Convert to collection : 0.55600 ms 
Time of (0)Extracting Roots : 0.55000 ms 
Time of (20)Reverse Edges and Connect Parent : 0.47000 ms 
Time of (18)PR Loop : 0.46300 ms 
Time of (7)Remove edges : 0.41500 ms 
Time of (11)Shortcut rep : 0.25800 ms 
Time of (19)Component Parent, Reversals : 0.25300 ms 
Time of (13)Compress Graph : 0.08400 ms 
Time of (3)Processing for multi component Euler tour : 0.06500 ms 
Time of (17)PR init : 0.01800 ms 
Time of (16)Get edges : 0.00500 ms 
Time of (14)Get compressed list : 0.00500 ms 
Time (total): 17.37500 ms 
--------------------------------------------------------
filename: wiki-topcats.txt
Nodes : 1791489
Edges : 25444207

------------------------------------------------------
Deleted : 1000
Time of (12)Hooking Shortcutting : 3.470000 ms 
Time of (4)Multi component Euler tour internal  : 2.94300 ms 
Time of (6)Edge Deletion : 2.21600 ms 
Time of (1)Get key rem collections : 1.90100 ms 
Time of (5)Retrieving back first and last times  : 1.55200 ms 
Time of (9)Get key rem collections : 0.97300 ms 
Time of (8)Generate new edges : 0.80100 ms 
Time of (15)Transedges prefix : 0.72300 ms 
Time of (10)Convert to collection : 0.55900 ms 
Time of (2)Convert to collection : 0.55700 ms 
Time of (0)Extracting Roots : 0.54400 ms 
Time of (18)PR Loop : 0.51400 ms 
Time of (20)Reverse Edges and Connect Parent : 0.47400 ms 
Time of (7)Remove edges : 0.42400 ms 
Time of (19)Component Parent, Reversals : 0.25100 ms 
Time of (11)Shortcut rep : 0.24800 ms 
Time of (13)Compress Graph : 0.07500 ms 
Time of (3)Processing for multi component Euler tour : 0.06500 ms 
Time of (17)PR init : 0.01400 ms 
Time of (14)Get compressed list : 0.00500 ms 
Time of (16)Get edges : 0.00400 ms 
Time (total): 18.31300 ms 
--------------------------------------------------------
