

filename: coPapersDBLP.egr
Number of deleted tree edges: 3329
numVert: 540486, num_edges: 30491458 and delete batch size: 100000

Total execution time of all functions: 10.8303 ms.

Function execution times:
Time of Super graph Creation : 5.50 ms
Time of PR-RST module : 2.23 ms
Time of Path Reversal : 1.52 ms
Time of PR_Shortcut : 0.80 ms
Time of update data structure : 0.49 ms
Time of Pointer Jumping : 0.26 ms
Time of Hash Table look up : 0.02 ms
Time of Update rep array : 0.01 ms
Executing validate part.
Unique representatives after deleting edges: 1
numComp after edge deletion: 1


filename: coPapersDBLP.egr
Number of deleted tree edges: 3339
numVert: 540486, num_edges: 30491458 and delete batch size: 100000

Total execution time of all functions: 10.1676 ms.

Function execution times:
Time of Super graph Creation : 5.41 ms
Time of PR-RST module : 1.75 ms
Time of Path Reversal : 1.44 ms
Time of PR_Shortcut : 0.78 ms
Time of update data structure : 0.51 ms
Time of Pointer Jumping : 0.25 ms
Time of Hash Table look up : 0.01 ms
Time of Update rep array : 0.01 ms
Executing validate part.
Unique representatives after deleting edges: 1
numComp after edge deletion: 1


filename: coPapersDBLP.egr
Number of deleted tree edges: 3442
numVert: 540486, num_edges: 30491458 and delete batch size: 100000

Total execution time of all functions: 9.7534 ms.

Function execution times:
Time of Super graph Creation : 5.49 ms
Time of Path Reversal : 1.41 ms
Time of PR-RST module : 1.27 ms
Time of PR_Shortcut : 0.81 ms
Time of update data structure : 0.49 ms
Time of Pointer Jumping : 0.25 ms
Time of Hash Table look up : 0.02 ms
Time of Update rep array : 0.01 ms
Executing validate part.
Unique representatives after deleting edges: 1
numComp after edge deletion: 1


filename: coPapersDBLP.egr
Number of deleted tree edges: 3366
numVert: 540486, num_edges: 30491458 and delete batch size: 100000

Total execution time of all functions: 12.6992 ms.

Function execution times:
Time of Super graph Creation : 6.81 ms
Time of PR-RST module : 2.34 ms
Time of Path Reversal : 1.63 ms
Time of PR_Shortcut : 0.92 ms
Time of update data structure : 0.65 ms
Time of Pointer Jumping : 0.33 ms
Time of Hash Table look up : 0.02 ms
Time of Update rep array : 0.01 ms
Executing validate part.
Unique representatives after deleting edges: 1
numComp after edge deletion: 1


filename: coPapersDBLP.egr
Number of deleted tree edges: 3349
numVert: 540486, num_edges: 30491458 and delete batch size: 100000

Total execution time of all functions: 10.4662 ms.

Function execution times:
Time of Super graph Creation : 5.58 ms
Time of PR-RST module : 1.86 ms
Time of Path Reversal : 1.44 ms
Time of PR_Shortcut : 0.79 ms
Time of update data structure : 0.51 ms
Time of Pointer Jumping : 0.26 ms
Time of Hash Table look up : 0.01 ms
Time of Update rep array : 0.01 ms
Executing validate part.
Unique representatives after deleting edges: 1
numComp after edge deletion: 1


filename: coPapersDBLP.egr
Number of deleted tree edges: 330
numVert: 540486, num_edges: 30491458 and delete batch size: 10000

Total execution time of all functions: 9.17669 ms.

Function execution times:
Time of Super graph Creation : 5.40 ms
Time of Path Reversal : 1.35 ms
Time of PR-RST module : 0.93 ms
Time of PR_Shortcut : 0.78 ms
Time of update data structure : 0.45 ms
Time of Pointer Jumping : 0.25 ms
Time of Hash Table look up : 0.01 ms
Time of Update rep array : 0.01 ms
Executing validate part.
Unique representatives after deleting edges: 1
numComp after edge deletion: 1


filename: coPapersDBLP.egr
Number of deleted tree edges: 341
numVert: 540486, num_edges: 30491458 and delete batch size: 10000

Total execution time of all functions: 9.19907 ms.

Function execution times:
Time of Super graph Creation : 5.38 ms
Time of Path Reversal : 1.39 ms
Time of PR-RST module : 0.92 ms
Time of PR_Shortcut : 0.79 ms
Time of update data structure : 0.45 ms
Time of Pointer Jumping : 0.25 ms
Time of Update rep array : 0.01 ms
Time of Hash Table look up : 0.01 ms
Executing validate part.
Unique representatives after deleting edges: 1
numComp after edge deletion: 1


filename: coPapersDBLP.egr
Number of deleted tree edges: 327
numVert: 540486, num_edges: 30491458 and delete batch size: 10000

Total execution time of all functions: 9.13396 ms.

Function execution times:
Time of Super graph Creation : 5.37 ms
Time of Path Reversal : 1.33 ms
Time of PR-RST module : 0.91 ms
Time of PR_Shortcut : 0.79 ms
Time of update data structure : 0.47 ms
Time of Pointer Jumping : 0.24 ms
Time of Hash Table look up : 0.01 ms
Time of Update rep array : 0.01 ms
Executing validate part.
Unique representatives after deleting edges: 1
numComp after edge deletion: 1


filename: coPapersDBLP.egr
Number of deleted tree edges: 350
numVert: 540486, num_edges: 30491458 and delete batch size: 10000

Total execution time of all functions: 9.0981 ms.

Function execution times:
Time of Super graph Creation : 5.30 ms
Time of Path Reversal : 1.37 ms
Time of PR-RST module : 0.92 ms
Time of PR_Shortcut : 0.76 ms
Time of update data structure : 0.46 ms
Time of Pointer Jumping : 0.26 ms
Time of Update rep array : 0.01 ms
Time of Hash Table look up : 0.01 ms
Executing validate part.
Unique representatives after deleting edges: 1
numComp after edge deletion: 1


filename: coPapersDBLP.egr
Number of deleted tree edges: 328
numVert: 540486, num_edges: 30491458 and delete batch size: 10000

Total execution time of all functions: 10.0502 ms.

Function execution times:
Time of Super graph Creation : 5.88 ms
Time of Path Reversal : 1.45 ms
Time of PR-RST module : 1.05 ms
Time of PR_Shortcut : 0.83 ms
Time of update data structure : 0.53 ms
Time of Pointer Jumping : 0.28 ms
Time of Hash Table look up : 0.01 ms
Time of Update rep array : 0.01 ms
Executing validate part.
Unique representatives after deleting edges: 1
numComp after edge deletion: 1


filename: coPapersDBLP.egr
Number of deleted tree edges: 1
numVert: 540486, num_edges: 30491458 and delete batch size: 100

Total execution time of all functions: 13.0093 ms.

Function execution times:
Time of Super graph Creation : 9.96 ms
Time of Path Reversal : 1.31 ms
Time of PR_Shortcut : 0.78 ms
Time of update data structure : 0.44 ms
Time of PR-RST module : 0.26 ms
Time of Pointer Jumping : 0.24 ms
Time of Hash Table look up : 0.01 ms
Time of Update rep array : 0.01 ms
Executing validate part.
Unique representatives after deleting edges: 1
numComp after edge deletion: 1


filename: coPapersDBLP.egr
Number of deleted tree edges: 1
numVert: 540486, num_edges: 30491458 and delete batch size: 100

Total execution time of all functions: 13.0713 ms.

Function execution times:
Time of Super graph Creation : 10.05 ms
Time of Path Reversal : 1.27 ms
Time of PR_Shortcut : 0.78 ms
Time of update data structure : 0.44 ms
Time of PR-RST module : 0.26 ms
Time of Pointer Jumping : 0.25 ms
Time of Hash Table look up : 0.01 ms
Time of Update rep array : 0.01 ms
Executing validate part.
Unique representatives after deleting edges: 1
numComp after edge deletion: 1


filename: coPapersDBLP.egr
Number of deleted tree edges: 1
numVert: 540486, num_edges: 30491458 and delete batch size: 100

Total execution time of all functions: 13.071 ms.

Function execution times:
Time of Super graph Creation : 10.00 ms
Time of Path Reversal : 1.30 ms
Time of PR_Shortcut : 0.78 ms
Time of update data structure : 0.47 ms
Time of PR-RST module : 0.26 ms
Time of Pointer Jumping : 0.24 ms
Time of Hash Table look up : 0.01 ms
Time of Update rep array : 0.01 ms
Executing validate part.
Unique representatives after deleting edges: 1
numComp after edge deletion: 1


filename: coPapersDBLP.egr
Number of deleted tree edges: 3
numVert: 540486, num_edges: 30491458 and delete batch size: 100

Total execution time of all functions: 12.1438 ms.

Function execution times:
Time of Super graph Creation : 9.06 ms
Time of Path Reversal : 1.28 ms
Time of PR_Shortcut : 0.78 ms
Time of update data structure : 0.45 ms
Time of PR-RST module : 0.30 ms
Time of Pointer Jumping : 0.25 ms
Time of Hash Table look up : 0.01 ms
Time of Update rep array : 0.01 ms
Executing validate part.
Unique representatives after deleting edges: 1
numComp after edge deletion: 1


filename: coPapersDBLP.egr
Number of deleted tree edges: 4
numVert: 540486, num_edges: 30491458 and delete batch size: 100

Total execution time of all functions: 11.9141 ms.

Function execution times:
Time of Super graph Creation : 8.73 ms
Time of Path Reversal : 1.34 ms
Time of PR_Shortcut : 0.77 ms
Time of update data structure : 0.45 ms
Time of PR-RST module : 0.34 ms
Time of Pointer Jumping : 0.25 ms
Time of Hash Table look up : 0.01 ms
Time of Update rep array : 0.01 ms
Executing validate part.
Unique representatives after deleting edges: 1
numComp after edge deletion: 1


filename: coPapersDBLP.egr
Number of deleted tree edges: 31
numVert: 540486, num_edges: 30491458 and delete batch size: 1000

Total execution time of all functions: 9.91265 ms.

Function execution times:
Time of Super graph Creation : 6.67 ms
Time of Path Reversal : 1.35 ms
Time of PR_Shortcut : 0.78 ms
Time of update data structure : 0.46 ms
Time of PR-RST module : 0.39 ms
Time of Pointer Jumping : 0.25 ms
Time of Hash Table look up : 0.01 ms
Time of Update rep array : 0.01 ms
Executing validate part.
Unique representatives after deleting edges: 1
numComp after edge deletion: 1


filename: coPapersDBLP.egr
Number of deleted tree edges: 33
numVert: 540486, num_edges: 30491458 and delete batch size: 1000

Total execution time of all functions: 10.3307 ms.

Function execution times:
Time of Super graph Creation : 7.01 ms
Time of Path Reversal : 1.35 ms
Time of PR_Shortcut : 0.77 ms
Time of PR-RST module : 0.46 ms
Time of update data structure : 0.46 ms
Time of Pointer Jumping : 0.26 ms
Time of Hash Table look up : 0.01 ms
Time of Update rep array : 0.01 ms
Executing validate part.
Unique representatives after deleting edges: 1
numComp after edge deletion: 1


filename: coPapersDBLP.egr
Number of deleted tree edges: 32
numVert: 540486, num_edges: 30491458 and delete batch size: 1000

Total execution time of all functions: 10.0778 ms.

Function execution times:
Time of Super graph Creation : 6.77 ms
Time of Path Reversal : 1.33 ms
Time of PR_Shortcut : 0.78 ms
Time of update data structure : 0.49 ms
Time of PR-RST module : 0.43 ms
Time of Pointer Jumping : 0.25 ms
Time of Hash Table look up : 0.01 ms
Time of Update rep array : 0.01 ms
Executing validate part.
Unique representatives after deleting edges: 1
numComp after edge deletion: 1


filename: coPapersDBLP.egr
Number of deleted tree edges: 29
numVert: 540486, num_edges: 30491458 and delete batch size: 1000

Total execution time of all functions: 10.0065 ms.

Function execution times:
Time of Super graph Creation : 6.74 ms
Time of Path Reversal : 1.36 ms
Time of PR_Shortcut : 0.79 ms
Time of update data structure : 0.46 ms
Time of PR-RST module : 0.39 ms
Time of Pointer Jumping : 0.25 ms
Time of Hash Table look up : 0.01 ms
Time of Update rep array : 0.01 ms
Executing validate part.
Unique representatives after deleting edges: 1
numComp after edge deletion: 1


filename: coPapersDBLP.egr
Number of deleted tree edges: 37
numVert: 540486, num_edges: 30491458 and delete batch size: 1000

Total execution time of all functions: 10.2771 ms.

Function execution times:
Time of Super graph Creation : 6.72 ms
Time of Path Reversal : 1.32 ms
Time of PR_Shortcut : 0.77 ms
Time of PR-RST module : 0.74 ms
Time of update data structure : 0.46 ms
Time of Pointer Jumping : 0.24 ms
Time of Hash Table look up : 0.01 ms
Time of Update rep array : 0.01 ms
Executing validate part.
Unique representatives after deleting edges: 1
numComp after edge deletion: 1
