

filename: GAP-road.egr
Number of deleted tree edges: 70585
numVert: 23947347, num_edges: 57708624 and delete batch size: 100000

Total execution time of all functions: 159.267 ms.

Function execution times:
Time of Path Reversal : 70.89 ms
Time of PR_Shortcut : 62.38 ms
Time of Super graph Creation : 11.33 ms
Time of PR-RST module : 6.83 ms
Time of Pointer Jumping : 6.66 ms
Time of update data structure : 1.13 ms
Time of Hash Table look up : 0.03 ms
Time of Update rep array : 0.03 ms
Executing validate part.
Unique representatives after deleting edges: 1
numComp after edge deletion: 1


filename: GAP-road.egr
Number of deleted tree edges: 71009
numVert: 23947347, num_edges: 57708624 and delete batch size: 100000

Total execution time of all functions: 162.825 ms.

Function execution times:
Time of Path Reversal : 73.87 ms
Time of PR_Shortcut : 62.00 ms
Time of Super graph Creation : 11.31 ms
Time of PR-RST module : 7.83 ms
Time of Pointer Jumping : 6.66 ms
Time of update data structure : 1.11 ms
Time of Update rep array : 0.03 ms
Time of Hash Table look up : 0.03 ms
Executing validate part.
Unique representatives after deleting edges: 1
numComp after edge deletion: 1


filename: GAP-road.egr
Number of deleted tree edges: 70693
numVert: 23947347, num_edges: 57708624 and delete batch size: 100000

Total execution time of all functions: 162.633 ms.

Function execution times:
Time of Path Reversal : 73.45 ms
Time of PR_Shortcut : 62.20 ms
Time of Super graph Creation : 11.31 ms
Time of PR-RST module : 7.78 ms
Time of Pointer Jumping : 6.65 ms
Time of update data structure : 1.18 ms
Time of Hash Table look up : 0.03 ms
Time of Update rep array : 0.03 ms
Executing validate part.
Unique representatives after deleting edges: 1
numComp after edge deletion: 1


filename: GAP-road.egr
Number of deleted tree edges: 70873
numVert: 23947347, num_edges: 57708624 and delete batch size: 100000

Total execution time of all functions: 161.197 ms.

Function execution times:
Time of Path Reversal : 72.91 ms
Time of PR_Shortcut : 62.12 ms
Time of Super graph Creation : 11.45 ms
Time of PR-RST module : 6.86 ms
Time of Pointer Jumping : 6.65 ms
Time of update data structure : 1.16 ms
Time of Update rep array : 0.03 ms
Time of Hash Table look up : 0.02 ms
Executing validate part.
Unique representatives after deleting edges: 1
numComp after edge deletion: 1


filename: GAP-road.egr
Number of deleted tree edges: 70738
numVert: 23947347, num_edges: 57708624 and delete batch size: 100000

Total execution time of all functions: 162.663 ms.

Function execution times:
Time of Path Reversal : 73.60 ms
Time of PR_Shortcut : 62.00 ms
Time of Super graph Creation : 11.32 ms
Time of PR-RST module : 7.91 ms
Time of Pointer Jumping : 6.66 ms
Time of update data structure : 1.12 ms
Time of Update rep array : 0.03 ms
Time of Hash Table look up : 0.02 ms
Executing validate part.
Unique representatives after deleting edges: 1
numComp after edge deletion: 1


filename: GAP-road.egr
Number of deleted tree edges: 7073
numVert: 23947347, num_edges: 57708624 and delete batch size: 10000

Total execution time of all functions: 157.666 ms.

Function execution times:
Time of Path Reversal : 69.84 ms
Time of PR_Shortcut : 61.88 ms
Time of Super graph Creation : 10.98 ms
Time of Pointer Jumping : 6.30 ms
Time of update data structure : 4.59 ms
Time of PR-RST module : 4.04 ms
Time of Update rep array : 0.02 ms
Time of Hash Table look up : 0.02 ms
Executing validate part.
Unique representatives after deleting edges: 1
numComp after edge deletion: 1


filename: GAP-road.egr
Number of deleted tree edges: 7000
numVert: 23947347, num_edges: 57708624 and delete batch size: 10000

Total execution time of all functions: 150.31 ms.

Function execution times:
Time of Path Reversal : 66.92 ms
Time of PR_Shortcut : 60.85 ms
Time of Super graph Creation : 11.12 ms
Time of Pointer Jumping : 6.31 ms
Time of PR-RST module : 4.04 ms
Time of update data structure : 1.04 ms
Time of Hash Table look up : 0.02 ms
Time of Update rep array : 0.02 ms
Executing validate part.
Unique representatives after deleting edges: 1
numComp after edge deletion: 1


filename: GAP-road.egr
Number of deleted tree edges: 7090
numVert: 23947347, num_edges: 57708624 and delete batch size: 10000

Total execution time of all functions: 184.307 ms.

Function execution times:
Time of Path Reversal : 100.46 ms
Time of PR_Shortcut : 61.37 ms
Time of Super graph Creation : 11.04 ms
Time of Pointer Jumping : 6.31 ms
Time of PR-RST module : 4.04 ms
Time of update data structure : 1.04 ms
Time of Hash Table look up : 0.02 ms
Time of Update rep array : 0.02 ms
Executing validate part.
Unique representatives after deleting edges: 1
numComp after edge deletion: 1


filename: GAP-road.egr
Number of deleted tree edges: 7122
numVert: 23947347, num_edges: 57708624 and delete batch size: 10000

Total execution time of all functions: 154.309 ms.

Function execution times:
Time of Path Reversal : 70.18 ms
Time of PR_Shortcut : 61.69 ms
Time of Super graph Creation : 10.98 ms
Time of Pointer Jumping : 6.32 ms
Time of PR-RST module : 4.07 ms
Time of update data structure : 1.03 ms
Time of Update rep array : 0.02 ms
Time of Hash Table look up : 0.02 ms
Executing validate part.
Unique representatives after deleting edges: 1
numComp after edge deletion: 1


filename: GAP-road.egr
Number of deleted tree edges: 7091
numVert: 23947347, num_edges: 57708624 and delete batch size: 10000

Total execution time of all functions: 153.031 ms.

Function execution times:
Time of Path Reversal : 69.71 ms
Time of PR_Shortcut : 61.54 ms
Time of Super graph Creation : 11.06 ms
Time of Pointer Jumping : 6.31 ms
Time of PR-RST module : 3.31 ms
Time of update data structure : 1.05 ms
Time of Hash Table look up : 0.02 ms
Time of Update rep array : 0.02 ms
Executing validate part.
Unique representatives after deleting edges: 1
numComp after edge deletion: 1


filename: GAP-road.egr
Number of deleted tree edges: 72
numVert: 23947347, num_edges: 57708624 and delete batch size: 100

Total execution time of all functions: 144.68 ms.

Function execution times:
Time of Path Reversal : 65.74 ms
Time of PR_Shortcut : 59.83 ms
Time of Super graph Creation : 10.35 ms
Time of Pointer Jumping : 5.87 ms
Time of PR-RST module : 1.81 ms
Time of update data structure : 1.05 ms
Time of Update rep array : 0.02 ms
Time of Hash Table look up : 0.02 ms
Executing validate part.
Unique representatives after deleting edges: 1
numComp after edge deletion: 1


filename: GAP-road.egr
Number of deleted tree edges: 66
numVert: 23947347, num_edges: 57708624 and delete batch size: 100

Total execution time of all functions: 143.736 ms.

Function execution times:
Time of Path Reversal : 65.22 ms
Time of PR_Shortcut : 59.41 ms
Time of Super graph Creation : 10.36 ms
Time of Pointer Jumping : 5.89 ms
Time of PR-RST module : 1.82 ms
Time of update data structure : 1.01 ms
Time of Hash Table look up : 0.02 ms
Time of Update rep array : 0.02 ms
Executing validate part.
Unique representatives after deleting edges: 1
numComp after edge deletion: 1


filename: GAP-road.egr
Number of deleted tree edges: 66
numVert: 23947347, num_edges: 57708624 and delete batch size: 100

Total execution time of all functions: 144.229 ms.

Function execution times:
Time of Path Reversal : 65.41 ms
Time of PR_Shortcut : 59.76 ms
Time of Super graph Creation : 10.31 ms
Time of Pointer Jumping : 5.87 ms
Time of PR-RST module : 1.83 ms
Time of update data structure : 1.01 ms
Time of Update rep array : 0.02 ms
Time of Hash Table look up : 0.02 ms
Executing validate part.
Unique representatives after deleting edges: 1
numComp after edge deletion: 1


filename: GAP-road.egr
Number of deleted tree edges: 71
numVert: 23947347, num_edges: 57708624 and delete batch size: 100

Total execution time of all functions: 142.725 ms.

Function execution times:
Time of Path Reversal : 63.98 ms
Time of PR_Shortcut : 59.57 ms
Time of Super graph Creation : 10.34 ms
Time of Pointer Jumping : 5.87 ms
Time of PR-RST module : 1.80 ms
Time of update data structure : 1.13 ms
Time of Update rep array : 0.02 ms
Time of Hash Table look up : 0.02 ms
Executing validate part.
Unique representatives after deleting edges: 1
numComp after edge deletion: 1


filename: GAP-road.egr
Number of deleted tree edges: 75
numVert: 23947347, num_edges: 57708624 and delete batch size: 100

Total execution time of all functions: 144.132 ms.

Function execution times:
Time of Path Reversal : 65.72 ms
Time of PR_Shortcut : 59.77 ms
Time of Super graph Creation : 10.31 ms
Time of Pointer Jumping : 5.88 ms
Time of PR-RST module : 1.40 ms
Time of update data structure : 1.02 ms
Time of Update rep array : 0.02 ms
Time of Hash Table look up : 0.02 ms
Executing validate part.
Unique representatives after deleting edges: 1
numComp after edge deletion: 1


filename: GAP-road.egr
Number of deleted tree edges: 687
numVert: 23947347, num_edges: 57708624 and delete batch size: 1000

Total execution time of all functions: 149.122 ms.

Function execution times:
Time of Path Reversal : 68.26 ms
Time of PR_Shortcut : 60.80 ms
Time of Super graph Creation : 10.42 ms
Time of Pointer Jumping : 6.02 ms
Time of PR-RST module : 2.49 ms
Time of update data structure : 1.09 ms
Time of Update rep array : 0.02 ms
Time of Hash Table look up : 0.02 ms
Executing validate part.
Unique representatives after deleting edges: 1
numComp after edge deletion: 1


filename: GAP-road.egr
Number of deleted tree edges: 715
numVert: 23947347, num_edges: 57708624 and delete batch size: 1000

Total execution time of all functions: 149.015 ms.

Function execution times:
Time of Path Reversal : 68.31 ms
Time of PR_Shortcut : 60.70 ms
Time of Super graph Creation : 10.40 ms
Time of Pointer Jumping : 6.02 ms
Time of PR-RST module : 2.49 ms
Time of update data structure : 1.06 ms
Time of Hash Table look up : 0.02 ms
Time of Update rep array : 0.02 ms
Executing validate part.
Unique representatives after deleting edges: 1
numComp after edge deletion: 1


filename: GAP-road.egr
Number of deleted tree edges: 689
numVert: 23947347, num_edges: 57708624 and delete batch size: 1000

Total execution time of all functions: 150.19 ms.

Function execution times:
Time of Path Reversal : 68.57 ms
Time of PR_Shortcut : 61.12 ms
Time of Super graph Creation : 10.40 ms
Time of Pointer Jumping : 6.02 ms
Time of PR-RST module : 3.01 ms
Time of update data structure : 1.03 ms
Time of Update rep array : 0.02 ms
Time of Hash Table look up : 0.02 ms
Executing validate part.
Unique representatives after deleting edges: 1
numComp after edge deletion: 1


filename: GAP-road.egr
Number of deleted tree edges: 727
numVert: 23947347, num_edges: 57708624 and delete batch size: 1000

Total execution time of all functions: 147.985 ms.

Function execution times:
Time of Path Reversal : 66.91 ms
Time of PR_Shortcut : 61.07 ms
Time of Super graph Creation : 10.40 ms
Time of Pointer Jumping : 6.04 ms
Time of PR-RST module : 2.50 ms
Time of update data structure : 1.03 ms
Time of Hash Table look up : 0.02 ms
Time of Update rep array : 0.02 ms
Executing validate part.
Unique representatives after deleting edges: 1
numComp after edge deletion: 1


filename: GAP-road.egr
Number of deleted tree edges: 716
numVert: 23947347, num_edges: 57708624 and delete batch size: 1000

Total execution time of all functions: 148.405 ms.

Function execution times:
Time of Path Reversal : 67.52 ms
Time of PR_Shortcut : 60.94 ms
Time of Super graph Creation : 10.34 ms
Time of Pointer Jumping : 6.02 ms
Time of PR-RST module : 2.52 ms
Time of update data structure : 1.03 ms
Time of Hash Table look up : 0.02 ms
Time of Update rep array : 0.02 ms
Executing validate part.
Unique representatives after deleting edges: 1
numComp after edge deletion: 1
