

filename: higgs-twitter.egr
Number of deleted tree edges: 3416
numVert: 456626, num_edges: 25017136 and delete batch size: 100000

Total execution time of all functions: 9.54696 ms.

Function execution times:
Time of Super graph Creation : 5.32 ms
Time of PR-RST module : 1.30 ms
Time of Path Reversal : 1.28 ms
Time of PR_Shortcut : 0.86 ms
Time of update data structure : 0.49 ms
Time of Pointer Jumping : 0.27 ms
Time of Hash Table look up : 0.01 ms
Time of Update rep array : 0.01 ms
Executing validate part.
Unique representatives after deleting edges: 1
numComp after edge deletion: 1


filename: higgs-twitter.egr
Number of deleted tree edges: 3492
numVert: 456626, num_edges: 25017136 and delete batch size: 100000

Total execution time of all functions: 9.48593 ms.

Function execution times:
Time of Super graph Creation : 5.32 ms
Time of PR-RST module : 1.31 ms
Time of Path Reversal : 1.26 ms
Time of PR_Shortcut : 0.86 ms
Time of update data structure : 0.46 ms
Time of Pointer Jumping : 0.26 ms
Time of Hash Table look up : 0.01 ms
Time of Update rep array : 0.01 ms
Executing validate part.
Unique representatives after deleting edges: 1
numComp after edge deletion: 1


filename: higgs-twitter.egr
Number of deleted tree edges: 3352
numVert: 456626, num_edges: 25017136 and delete batch size: 100000

Total execution time of all functions: 9.48822 ms.

Function execution times:
Time of Super graph Creation : 5.29 ms
Time of PR-RST module : 1.29 ms
Time of Path Reversal : 1.27 ms
Time of PR_Shortcut : 0.86 ms
Time of update data structure : 0.48 ms
Time of Pointer Jumping : 0.27 ms
Time of Hash Table look up : 0.02 ms
Time of Update rep array : 0.01 ms
Executing validate part.
Unique representatives after deleting edges: 1
numComp after edge deletion: 1


filename: higgs-twitter.egr
Number of deleted tree edges: 3429
numVert: 456626, num_edges: 25017136 and delete batch size: 100000

Total execution time of all functions: 12.1404 ms.

Function execution times:
Time of Super graph Creation : 6.86 ms
Time of PR-RST module : 1.70 ms
Time of Path Reversal : 1.51 ms
Time of PR_Shortcut : 1.07 ms
Time of update data structure : 0.65 ms
Time of Pointer Jumping : 0.33 ms
Time of Hash Table look up : 0.02 ms
Time of Update rep array : 0.01 ms
Executing validate part.
Unique representatives after deleting edges: 1
numComp after edge deletion: 1


filename: higgs-twitter.egr
Number of deleted tree edges: 3421
numVert: 456626, num_edges: 25017136 and delete batch size: 100000

Total execution time of all functions: 9.94207 ms.

Function execution times:
Time of Super graph Creation : 5.62 ms
Time of PR-RST module : 1.33 ms
Time of Path Reversal : 1.31 ms
Time of PR_Shortcut : 0.88 ms
Time of update data structure : 0.50 ms
Time of Pointer Jumping : 0.27 ms
Time of Hash Table look up : 0.01 ms
Time of Update rep array : 0.01 ms
Executing validate part.
Unique representatives after deleting edges: 1
numComp after edge deletion: 1


filename: higgs-twitter.egr
Number of deleted tree edges: 340
numVert: 456626, num_edges: 25017136 and delete batch size: 10000

Total execution time of all functions: 8.90767 ms.

Function execution times:
Time of Super graph Creation : 5.16 ms
Time of Path Reversal : 1.25 ms
Time of PR-RST module : 0.94 ms
Time of PR_Shortcut : 0.84 ms
Time of update data structure : 0.44 ms
Time of Pointer Jumping : 0.25 ms
Time of Hash Table look up : 0.01 ms
Time of Update rep array : 0.01 ms
Executing validate part.
Unique representatives after deleting edges: 1
numComp after edge deletion: 1


filename: higgs-twitter.egr
Number of deleted tree edges: 360
numVert: 456626, num_edges: 25017136 and delete batch size: 10000

Total execution time of all functions: 8.93264 ms.

Function execution times:
Time of Super graph Creation : 5.15 ms
Time of Path Reversal : 1.28 ms
Time of PR-RST module : 0.95 ms
Time of PR_Shortcut : 0.83 ms
Time of update data structure : 0.44 ms
Time of Pointer Jumping : 0.26 ms
Time of Hash Table look up : 0.01 ms
Time of Update rep array : 0.01 ms
Executing validate part.
Unique representatives after deleting edges: 1
numComp after edge deletion: 1


filename: higgs-twitter.egr
Number of deleted tree edges: 386
numVert: 456626, num_edges: 25017136 and delete batch size: 10000

Total execution time of all functions: 8.70797 ms.

Function execution times:
Time of Super graph Creation : 5.03 ms
Time of Path Reversal : 1.22 ms
Time of PR-RST module : 0.92 ms
Time of PR_Shortcut : 0.82 ms
Time of update data structure : 0.44 ms
Time of Pointer Jumping : 0.25 ms
Time of Hash Table look up : 0.01 ms
Time of Update rep array : 0.01 ms
Executing validate part.
Unique representatives after deleting edges: 1
numComp after edge deletion: 1


filename: higgs-twitter.egr
Number of deleted tree edges: 360
numVert: 456626, num_edges: 25017136 and delete batch size: 10000

Total execution time of all functions: 9.50268 ms.

Function execution times:
Time of Super graph Creation : 5.78 ms
Time of Path Reversal : 1.26 ms
Time of PR-RST module : 0.93 ms
Time of PR_Shortcut : 0.82 ms
Time of update data structure : 0.44 ms
Time of Pointer Jumping : 0.25 ms
Time of Hash Table look up : 0.01 ms
Time of Update rep array : 0.01 ms
Executing validate part.
Unique representatives after deleting edges: 1
numComp after edge deletion: 1


filename: higgs-twitter.egr
Number of deleted tree edges: 348
numVert: 456626, num_edges: 25017136 and delete batch size: 10000

Total execution time of all functions: 10.1059 ms.

Function execution times:
Time of Super graph Creation : 5.86 ms
Time of Path Reversal : 1.36 ms
Time of PR-RST module : 1.07 ms
Time of PR_Shortcut : 0.94 ms
Time of update data structure : 0.56 ms
Time of Pointer Jumping : 0.29 ms
Time of Hash Table look up : 0.01 ms
Time of Update rep array : 0.01 ms
Executing validate part.
Unique representatives after deleting edges: 1
numComp after edge deletion: 1


filename: higgs-twitter.egr
Number of deleted tree edges: 5
numVert: 456626, num_edges: 25017136 and delete batch size: 100

Total execution time of all functions: 12.7262 ms.

Function execution times:
Time of Super graph Creation : 9.53 ms
Time of Path Reversal : 1.20 ms
Time of PR_Shortcut : 0.89 ms
Time of update data structure : 0.46 ms
Time of PR-RST module : 0.36 ms
Time of Pointer Jumping : 0.26 ms
Time of Hash Table look up : 0.01 ms
Time of Update rep array : 0.01 ms
Executing validate part.
Unique representatives after deleting edges: 1
numComp after edge deletion: 1


filename: higgs-twitter.egr
Number of deleted tree edges: 3
numVert: 456626, num_edges: 25017136 and delete batch size: 100

Total execution time of all functions: 13.6003 ms.

Function execution times:
Time of Super graph Creation : 10.50 ms
Time of Path Reversal : 1.23 ms
Time of PR_Shortcut : 0.84 ms
Time of update data structure : 0.45 ms
Time of PR-RST module : 0.30 ms
Time of Pointer Jumping : 0.25 ms
Time of Hash Table look up : 0.01 ms
Time of Update rep array : 0.01 ms
Executing validate part.
Unique representatives after deleting edges: 1
numComp after edge deletion: 1


filename: higgs-twitter.egr
Number of deleted tree edges: 2
numVert: 456626, num_edges: 25017136 and delete batch size: 100

Total execution time of all functions: 14.7445 ms.

Function execution times:
Time of Super graph Creation : 11.70 ms
Time of Path Reversal : 1.17 ms
Time of PR_Shortcut : 0.86 ms
Time of update data structure : 0.45 ms
Time of PR-RST module : 0.30 ms
Time of Pointer Jumping : 0.25 ms
Time of Hash Table look up : 0.01 ms
Time of Update rep array : 0.01 ms
Executing validate part.
Unique representatives after deleting edges: 1
numComp after edge deletion: 1


filename: higgs-twitter.egr
Number of deleted tree edges: 4
numVert: 456626, num_edges: 25017136 and delete batch size: 100

Total execution time of all functions: 12.382 ms.

Function execution times:
Time of Super graph Creation : 9.31 ms
Time of Path Reversal : 1.17 ms
Time of PR_Shortcut : 0.85 ms
Time of update data structure : 0.43 ms
Time of PR-RST module : 0.34 ms
Time of Pointer Jumping : 0.26 ms
Time of Hash Table look up : 0.01 ms
Time of Update rep array : 0.01 ms
Executing validate part.
Unique representatives after deleting edges: 1
numComp after edge deletion: 1


filename: higgs-twitter.egr
Number of deleted tree edges: 5
numVert: 456626, num_edges: 25017136 and delete batch size: 100

Total execution time of all functions: 16.0691 ms.

Function execution times:
Time of Super graph Creation : 12.77 ms
Time of Path Reversal : 1.17 ms
Time of PR_Shortcut : 0.85 ms
Time of PR-RST module : 0.55 ms
Time of update data structure : 0.44 ms
Time of Pointer Jumping : 0.26 ms
Time of Hash Table look up : 0.01 ms
Time of Update rep array : 0.01 ms
Executing validate part.
Unique representatives after deleting edges: 1
numComp after edge deletion: 1


filename: higgs-twitter.egr
Number of deleted tree edges: 30
numVert: 456626, num_edges: 25017136 and delete batch size: 1000

Total execution time of all functions: 9.31564 ms.

Function execution times:
Time of Super graph Creation : 6.07 ms
Time of Path Reversal : 1.28 ms
Time of PR_Shortcut : 0.84 ms
Time of update data structure : 0.46 ms
Time of PR-RST module : 0.39 ms
Time of Pointer Jumping : 0.25 ms
Time of Hash Table look up : 0.01 ms
Time of Update rep array : 0.01 ms
Executing validate part.
Unique representatives after deleting edges: 1
numComp after edge deletion: 1


filename: higgs-twitter.egr
Number of deleted tree edges: 36
numVert: 456626, num_edges: 25017136 and delete batch size: 1000

Total execution time of all functions: 9.01198 ms.

Function execution times:
Time of Super graph Creation : 5.83 ms
Time of Path Reversal : 1.18 ms
Time of PR_Shortcut : 0.84 ms
Time of update data structure : 0.45 ms
Time of PR-RST module : 0.45 ms
Time of Pointer Jumping : 0.25 ms
Time of Hash Table look up : 0.01 ms
Time of Update rep array : 0.01 ms
Executing validate part.
Unique representatives after deleting edges: 1
numComp after edge deletion: 1


filename: higgs-twitter.egr
Number of deleted tree edges: 34
numVert: 456626, num_edges: 25017136 and delete batch size: 1000

Total execution time of all functions: 12.8346 ms.

Function execution times:
Time of Super graph Creation : 8.36 ms
Time of Path Reversal : 1.48 ms
Time of PR_Shortcut : 1.08 ms
Time of PR-RST module : 0.93 ms
Time of update data structure : 0.60 ms
Time of Pointer Jumping : 0.34 ms
Time of Hash Table look up : 0.02 ms
Time of Update rep array : 0.01 ms
Executing validate part.
Unique representatives after deleting edges: 1
numComp after edge deletion: 1


filename: higgs-twitter.egr
Number of deleted tree edges: 30
numVert: 456626, num_edges: 25017136 and delete batch size: 1000

Total execution time of all functions: 8.9415 ms.

Function execution times:
Time of Super graph Creation : 5.77 ms
Time of Path Reversal : 1.22 ms
Time of PR_Shortcut : 0.84 ms
Time of update data structure : 0.46 ms
Time of PR-RST module : 0.39 ms
Time of Pointer Jumping : 0.25 ms
Time of Hash Table look up : 0.01 ms
Time of Update rep array : 0.01 ms
Executing validate part.
Unique representatives after deleting edges: 1
numComp after edge deletion: 1


filename: higgs-twitter.egr
Number of deleted tree edges: 28
numVert: 456626, num_edges: 25017136 and delete batch size: 1000

Total execution time of all functions: 9.64195 ms.

Function execution times:
Time of Super graph Creation : 6.49 ms
Time of Path Reversal : 1.19 ms
Time of PR_Shortcut : 0.83 ms
Time of update data structure : 0.45 ms
Time of PR-RST module : 0.40 ms
Time of Pointer Jumping : 0.26 ms
Time of Hash Table look up : 0.01 ms
Time of Update rep array : 0.01 ms
Executing validate part.
Unique representatives after deleting edges: 1
numComp after edge deletion: 1
