

filename: hugebubbles-00020.egr
Number of deleted tree edges: 67986
numVert: 21198119, num_edges: 63580358 and delete batch size: 100000

Total execution time of all functions: 157.429 ms.

Function execution times:
Time of Path Reversal : 74.21 ms
Time of PR_Shortcut : 53.35 ms
Time of Super graph Creation : 13.05 ms
Time of Pointer Jumping : 8.51 ms
Time of PR-RST module : 6.96 ms
Time of update data structure : 1.30 ms
Time of Update rep array : 0.03 ms
Time of Hash Table look up : 0.02 ms
Executing validate part.
Unique representatives after deleting edges: 1
numComp after edge deletion: 1


filename: hugebubbles-00020.egr
Number of deleted tree edges: 67873
numVert: 21198119, num_edges: 63580358 and delete batch size: 100000

Total execution time of all functions: 157.939 ms.

Function execution times:
Time of Path Reversal : 75.02 ms
Time of PR_Shortcut : 53.05 ms
Time of Super graph Creation : 13.08 ms
Time of Pointer Jumping : 8.50 ms
Time of PR-RST module : 6.99 ms
Time of update data structure : 1.24 ms
Time of Hash Table look up : 0.03 ms
Time of Update rep array : 0.03 ms
Executing validate part.
Unique representatives after deleting edges: 1
numComp after edge deletion: 1


filename: hugebubbles-00020.egr
Number of deleted tree edges: 68007
numVert: 21198119, num_edges: 63580358 and delete batch size: 100000

Total execution time of all functions: 157.361 ms.

Function execution times:
Time of Path Reversal : 73.82 ms
Time of PR_Shortcut : 52.86 ms
Time of Super graph Creation : 13.94 ms
Time of Pointer Jumping : 8.50 ms
Time of PR-RST module : 6.95 ms
Time of update data structure : 1.24 ms
Time of Hash Table look up : 0.03 ms
Time of Update rep array : 0.03 ms
Executing validate part.
Unique representatives after deleting edges: 1
numComp after edge deletion: 1


filename: hugebubbles-00020.egr
Number of deleted tree edges: 68009
numVert: 21198119, num_edges: 63580358 and delete batch size: 100000

Total execution time of all functions: 160.739 ms.

Function execution times:
Time of Path Reversal : 74.87 ms
Time of PR_Shortcut : 52.82 ms
Time of Super graph Creation : 12.99 ms
Time of Pointer Jumping : 8.50 ms
Time of PR-RST module : 8.10 ms
Time of update data structure : 3.41 ms
Time of Update rep array : 0.03 ms
Time of Hash Table look up : 0.02 ms
Executing validate part.
Unique representatives after deleting edges: 1
numComp after edge deletion: 1


filename: hugebubbles-00020.egr
Number of deleted tree edges: 68076
numVert: 21198119, num_edges: 63580358 and delete batch size: 100000

Total execution time of all functions: 157.782 ms.

Function execution times:
Time of Path Reversal : 73.92 ms
Time of PR_Shortcut : 52.71 ms
Time of Super graph Creation : 13.12 ms
Time of Pointer Jumping : 8.51 ms
Time of PR-RST module : 8.09 ms
Time of update data structure : 1.38 ms
Time of Update rep array : 0.03 ms
Time of Hash Table look up : 0.02 ms
Executing validate part.
Unique representatives after deleting edges: 1
numComp after edge deletion: 1


filename: hugebubbles-00020.egr
Number of deleted tree edges: 6753
numVert: 21198119, num_edges: 63580358 and delete batch size: 10000

Total execution time of all functions: 145.899 ms.

Function execution times:
Time of Path Reversal : 68.48 ms
Time of PR_Shortcut : 51.89 ms
Time of Super graph Creation : 12.54 ms
Time of Pointer Jumping : 7.57 ms
Time of PR-RST module : 4.18 ms
Time of update data structure : 1.20 ms
Time of Update rep array : 0.02 ms
Time of Hash Table look up : 0.02 ms
Executing validate part.
Unique representatives after deleting edges: 1
numComp after edge deletion: 1


filename: hugebubbles-00020.egr
Number of deleted tree edges: 6752
numVert: 21198119, num_edges: 63580358 and delete batch size: 10000

Total execution time of all functions: 145.8 ms.

Function execution times:
Time of Path Reversal : 68.24 ms
Time of PR_Shortcut : 51.87 ms
Time of Super graph Creation : 12.71 ms
Time of Pointer Jumping : 7.56 ms
Time of PR-RST module : 4.18 ms
Time of update data structure : 1.19 ms
Time of Hash Table look up : 0.02 ms
Time of Update rep array : 0.02 ms
Executing validate part.
Unique representatives after deleting edges: 1
numComp after edge deletion: 1


filename: hugebubbles-00020.egr
Number of deleted tree edges: 6700
numVert: 21198119, num_edges: 63580358 and delete batch size: 10000

Total execution time of all functions: 145.907 ms.

Function execution times:
Time of Path Reversal : 68.69 ms
Time of PR_Shortcut : 51.68 ms
Time of Super graph Creation : 12.60 ms
Time of Pointer Jumping : 7.56 ms
Time of PR-RST module : 4.14 ms
Time of update data structure : 1.19 ms
Time of Hash Table look up : 0.02 ms
Time of Update rep array : 0.02 ms
Executing validate part.
Unique representatives after deleting edges: 1
numComp after edge deletion: 1


filename: hugebubbles-00020.egr
Number of deleted tree edges: 6750
numVert: 21198119, num_edges: 63580358 and delete batch size: 10000

Total execution time of all functions: 145.609 ms.

Function execution times:
Time of Path Reversal : 68.31 ms
Time of PR_Shortcut : 51.72 ms
Time of Super graph Creation : 12.62 ms
Time of Pointer Jumping : 7.56 ms
Time of PR-RST module : 4.17 ms
Time of update data structure : 1.18 ms
Time of Update rep array : 0.02 ms
Time of Hash Table look up : 0.02 ms
Executing validate part.
Unique representatives after deleting edges: 1
numComp after edge deletion: 1


filename: hugebubbles-00020.egr
Number of deleted tree edges: 6829
numVert: 21198119, num_edges: 63580358 and delete batch size: 10000

Total execution time of all functions: 144.418 ms.

Function execution times:
Time of Path Reversal : 67.33 ms
Time of PR_Shortcut : 51.57 ms
Time of Super graph Creation : 12.63 ms
Time of Pointer Jumping : 7.56 ms
Time of PR-RST module : 4.15 ms
Time of update data structure : 1.13 ms
Time of Update rep array : 0.02 ms
Time of Hash Table look up : 0.02 ms
Executing validate part.
Unique representatives after deleting edges: 1
numComp after edge deletion: 1


filename: hugebubbles-00020.egr
Number of deleted tree edges: 74
numVert: 21198119, num_edges: 63580358 and delete batch size: 100

Total execution time of all functions: 130.035 ms.

Function execution times:
Time of Path Reversal : 58.41 ms
Time of PR_Shortcut : 49.34 ms
Time of Super graph Creation : 11.77 ms
Time of Pointer Jumping : 7.08 ms
Time of PR-RST module : 2.28 ms
Time of update data structure : 1.11 ms
Time of Update rep array : 0.02 ms
Time of Hash Table look up : 0.02 ms
Executing validate part.
Unique representatives after deleting edges: 1
numComp after edge deletion: 1


filename: hugebubbles-00020.egr
Number of deleted tree edges: 66
numVert: 21198119, num_edges: 63580358 and delete batch size: 100

Total execution time of all functions: 129.985 ms.

Function execution times:
Time of Path Reversal : 58.91 ms
Time of PR_Shortcut : 49.03 ms
Time of Super graph Creation : 11.71 ms
Time of Pointer Jumping : 7.09 ms
Time of PR-RST module : 1.88 ms
Time of update data structure : 1.33 ms
Time of Update rep array : 0.02 ms
Time of Hash Table look up : 0.02 ms
Executing validate part.
Unique representatives after deleting edges: 1
numComp after edge deletion: 1


filename: hugebubbles-00020.egr
Number of deleted tree edges: 68
numVert: 21198119, num_edges: 63580358 and delete batch size: 100

Total execution time of all functions: 127.121 ms.

Function execution times:
Time of Path Reversal : 56.31 ms
Time of PR_Shortcut : 49.39 ms
Time of Super graph Creation : 11.68 ms
Time of Pointer Jumping : 7.09 ms
Time of PR-RST module : 1.47 ms
Time of update data structure : 1.14 ms
Time of Update rep array : 0.02 ms
Time of Hash Table look up : 0.02 ms
Executing validate part.
Unique representatives after deleting edges: 1
numComp after edge deletion: 1


filename: hugebubbles-00020.egr
Number of deleted tree edges: 68
numVert: 21198119, num_edges: 63580358 and delete batch size: 100

Total execution time of all functions: 129.451 ms.

Function execution times:
Time of Path Reversal : 58.73 ms
Time of PR_Shortcut : 49.35 ms
Time of Super graph Creation : 11.69 ms
Time of Pointer Jumping : 7.08 ms
Time of PR-RST module : 1.46 ms
Time of update data structure : 1.11 ms
Time of Update rep array : 0.02 ms
Time of Hash Table look up : 0.02 ms
Executing validate part.
Unique representatives after deleting edges: 1
numComp after edge deletion: 1


filename: hugebubbles-00020.egr
Number of deleted tree edges: 68
numVert: 21198119, num_edges: 63580358 and delete batch size: 100

Total execution time of all functions: 130.616 ms.

Function execution times:
Time of Path Reversal : 59.70 ms
Time of PR_Shortcut : 49.39 ms
Time of Super graph Creation : 11.78 ms
Time of Pointer Jumping : 7.09 ms
Time of PR-RST module : 1.47 ms
Time of update data structure : 1.14 ms
Time of Hash Table look up : 0.02 ms
Time of Update rep array : 0.02 ms
Executing validate part.
Unique representatives after deleting edges: 1
numComp after edge deletion: 1


filename: hugebubbles-00020.egr
Number of deleted tree edges: 699
numVert: 21198119, num_edges: 63580358 and delete batch size: 1000

Total execution time of all functions: 135.165 ms.

Function execution times:
Time of Path Reversal : 61.63 ms
Time of PR_Shortcut : 50.70 ms
Time of Super graph Creation : 11.79 ms
Time of Pointer Jumping : 7.32 ms
Time of PR-RST module : 2.54 ms
Time of update data structure : 1.15 ms
Time of Update rep array : 0.02 ms
Time of Hash Table look up : 0.02 ms
Executing validate part.
Unique representatives after deleting edges: 1
numComp after edge deletion: 1


filename: hugebubbles-00020.egr
Number of deleted tree edges: 676
numVert: 21198119, num_edges: 63580358 and delete batch size: 1000

Total execution time of all functions: 136.657 ms.

Function execution times:
Time of Path Reversal : 63.45 ms
Time of PR_Shortcut : 50.65 ms
Time of Super graph Creation : 11.93 ms
Time of Pointer Jumping : 7.33 ms
Time of PR-RST module : 1.97 ms
Time of update data structure : 1.29 ms
Time of Hash Table look up : 0.02 ms
Time of Update rep array : 0.02 ms
Executing validate part.
Unique representatives after deleting edges: 1
numComp after edge deletion: 1


filename: hugebubbles-00020.egr
Number of deleted tree edges: 679
numVert: 21198119, num_edges: 63580358 and delete batch size: 1000

Total execution time of all functions: 135.405 ms.

Function execution times:
Time of Path Reversal : 62.30 ms
Time of PR_Shortcut : 50.73 ms
Time of Super graph Creation : 11.84 ms
Time of Pointer Jumping : 7.34 ms
Time of PR-RST module : 1.98 ms
Time of update data structure : 1.18 ms
Time of Update rep array : 0.02 ms
Time of Hash Table look up : 0.02 ms
Executing validate part.
Unique representatives after deleting edges: 1
numComp after edge deletion: 1


filename: hugebubbles-00020.egr
Number of deleted tree edges: 673
numVert: 21198119, num_edges: 63580358 and delete batch size: 1000

Total execution time of all functions: 136.388 ms.

Function execution times:
Time of Path Reversal : 62.93 ms
Time of PR_Shortcut : 50.68 ms
Time of Super graph Creation : 11.75 ms
Time of Pointer Jumping : 7.32 ms
Time of PR-RST module : 2.55 ms
Time of update data structure : 1.12 ms
Time of Update rep array : 0.02 ms
Time of Hash Table look up : 0.02 ms
Executing validate part.
Unique representatives after deleting edges: 1
numComp after edge deletion: 1


filename: hugebubbles-00020.egr
Number of deleted tree edges: 696
numVert: 21198119, num_edges: 63580358 and delete batch size: 1000

Total execution time of all functions: 136.646 ms.

Function execution times:
Time of Path Reversal : 62.88 ms
Time of PR_Shortcut : 50.80 ms
Time of Super graph Creation : 11.86 ms
Time of Pointer Jumping : 7.33 ms
Time of PR-RST module : 2.53 ms
Time of update data structure : 1.21 ms
Time of Update rep array : 0.02 ms
Time of Hash Table look up : 0.02 ms
Executing validate part.
Unique representatives after deleting edges: 1
numComp after edge deletion: 1
