

filename: indochina-2004.egr
Number of deleted tree edges: 3854
numVert: 7414866, num_edges: 301970226 and delete batch size: 100000

Total execution time of all functions: 129.572 ms.

Function execution times:
Time of Super graph Creation : 90.15 ms
Time of Path Reversal : 17.69 ms
Time of PR_Shortcut : 13.18 ms
Time of update data structure : 4.22 ms
Time of PR-RST module : 2.41 ms
Time of Pointer Jumping : 1.89 ms
Time of Update rep array : 0.02 ms
Time of Hash Table look up : 0.02 ms
Executing validate part.
Unique representatives after deleting edges: 1
numComp after edge deletion: 1


filename: indochina-2004.egr
Number of deleted tree edges: 4024
numVert: 7414866, num_edges: 301970226 and delete batch size: 100000

Total execution time of all functions: 132.493 ms.

Function execution times:
Time of Super graph Creation : 90.16 ms
Time of Path Reversal : 17.80 ms
Time of PR_Shortcut : 15.93 ms
Time of update data structure : 4.22 ms
Time of PR-RST module : 2.43 ms
Time of Pointer Jumping : 1.90 ms
Time of Hash Table look up : 0.02 ms
Time of Update rep array : 0.02 ms
Executing validate part.
Unique representatives after deleting edges: 1
numComp after edge deletion: 1


filename: indochina-2004.egr
Number of deleted tree edges: 3970
numVert: 7414866, num_edges: 301970226 and delete batch size: 100000

Total execution time of all functions: 132.465 ms.

Function execution times:
Time of Super graph Creation : 87.06 ms
Time of Path Reversal : 19.30 ms
Time of PR_Shortcut : 16.90 ms
Time of update data structure : 4.12 ms
Time of PR-RST module : 3.15 ms
Time of Pointer Jumping : 1.89 ms
Time of Hash Table look up : 0.02 ms
Time of Update rep array : 0.02 ms
Executing validate part.
Unique representatives after deleting edges: 1
numComp after edge deletion: 1


filename: indochina-2004.egr
Number of deleted tree edges: 3929
numVert: 7414866, num_edges: 301970226 and delete batch size: 100000

Total execution time of all functions: 134.196 ms.

Function execution times:
Time of Super graph Creation : 90.15 ms
Time of Path Reversal : 19.37 ms
Time of PR_Shortcut : 16.22 ms
Time of update data structure : 4.08 ms
Time of PR-RST module : 2.44 ms
Time of Pointer Jumping : 1.89 ms
Time of Hash Table look up : 0.02 ms
Time of Update rep array : 0.02 ms
Executing validate part.
Unique representatives after deleting edges: 1
numComp after edge deletion: 1


filename: indochina-2004.egr
Number of deleted tree edges: 3909
numVert: 7414866, num_edges: 301970226 and delete batch size: 100000

Total execution time of all functions: 136.737 ms.

Function execution times:
Time of Super graph Creation : 90.42 ms
Time of Path Reversal : 19.33 ms
Time of PR_Shortcut : 16.90 ms
Time of update data structure : 5.72 ms
Time of PR-RST module : 2.44 ms
Time of Pointer Jumping : 1.89 ms
Time of Hash Table look up : 0.02 ms
Time of Update rep array : 0.02 ms
Executing validate part.
Unique representatives after deleting edges: 1
numComp after edge deletion: 1


filename: indochina-2004.egr
Number of deleted tree edges: 396
numVert: 7414866, num_edges: 301970226 and delete batch size: 10000

Total execution time of all functions: 112.747 ms.

Function execution times:
Time of Super graph Creation : 69.66 ms
Time of Path Reversal : 18.77 ms
Time of PR_Shortcut : 16.62 ms
Time of update data structure : 4.08 ms
Time of Pointer Jumping : 1.84 ms
Time of PR-RST module : 1.75 ms
Time of Hash Table look up : 0.02 ms
Time of Update rep array : 0.02 ms
Executing validate part.
Unique representatives after deleting edges: 1
numComp after edge deletion: 1


filename: indochina-2004.egr
Number of deleted tree edges: 370
numVert: 7414866, num_edges: 301970226 and delete batch size: 10000

Total execution time of all functions: 119.724 ms.

Function execution times:
Time of Super graph Creation : 79.02 ms
Time of Path Reversal : 18.33 ms
Time of PR_Shortcut : 15.37 ms
Time of update data structure : 3.94 ms
Time of Pointer Jumping : 1.84 ms
Time of PR-RST module : 1.18 ms
Time of Update rep array : 0.02 ms
Time of Hash Table look up : 0.02 ms
Executing validate part.
Unique representatives after deleting edges: 1
numComp after edge deletion: 1


filename: indochina-2004.egr
Number of deleted tree edges: 379
numVert: 7414866, num_edges: 301970226 and delete batch size: 10000

Total execution time of all functions: 116.298 ms.

Function execution times:
Time of Super graph Creation : 76.15 ms
Time of Path Reversal : 18.56 ms
Time of PR_Shortcut : 14.51 ms
Time of update data structure : 4.00 ms
Time of Pointer Jumping : 1.84 ms
Time of PR-RST module : 1.20 ms
Time of Update rep array : 0.02 ms
Time of Hash Table look up : 0.02 ms
Executing validate part.
Unique representatives after deleting edges: 1
numComp after edge deletion: 1


filename: indochina-2004.egr
Number of deleted tree edges: 364
numVert: 7414866, num_edges: 301970226 and delete batch size: 10000

Total execution time of all functions: 124.029 ms.

Function execution times:
Time of Super graph Creation : 80.83 ms
Time of Path Reversal : 18.90 ms
Time of PR_Shortcut : 16.76 ms
Time of update data structure : 3.92 ms
Time of Pointer Jumping : 1.84 ms
Time of PR-RST module : 1.73 ms
Time of Hash Table look up : 0.02 ms
Time of Update rep array : 0.02 ms
Executing validate part.
Unique representatives after deleting edges: 1
numComp after edge deletion: 1


filename: indochina-2004.egr
Number of deleted tree edges: 377
numVert: 7414866, num_edges: 301970226 and delete batch size: 10000

Total execution time of all functions: 107.102 ms.

Function execution times:
Time of Super graph Creation : 64.51 ms
Time of Path Reversal : 18.80 ms
Time of PR_Shortcut : 16.25 ms
Time of update data structure : 3.92 ms
Time of Pointer Jumping : 1.84 ms
Time of PR-RST module : 1.74 ms
Time of Hash Table look up : 0.02 ms
Time of Update rep array : 0.02 ms
Executing validate part.
Unique representatives after deleting edges: 1
numComp after edge deletion: 1


filename: indochina-2004.egr
Number of deleted tree edges: 3
numVert: 7414866, num_edges: 301970226 and delete batch size: 100

Total execution time of all functions: 79.2265 ms.

Function execution times:
Time of Super graph Creation : 41.28 ms
Time of Path Reversal : 17.30 ms
Time of PR_Shortcut : 14.47 ms
Time of update data structure : 3.94 ms
Time of Pointer Jumping : 1.83 ms
Time of PR-RST module : 0.37 ms
Time of Update rep array : 0.02 ms
Time of Hash Table look up : 0.02 ms
Executing validate part.
Unique representatives after deleting edges: 1
numComp after edge deletion: 1


filename: indochina-2004.egr
Number of deleted tree edges: 3
numVert: 7414866, num_edges: 301970226 and delete batch size: 100

Total execution time of all functions: 82.0602 ms.

Function execution times:
Time of Super graph Creation : 41.46 ms
Time of Path Reversal : 18.43 ms
Time of PR_Shortcut : 15.96 ms
Time of update data structure : 3.91 ms
Time of Pointer Jumping : 1.84 ms
Time of PR-RST module : 0.42 ms
Time of Update rep array : 0.03 ms
Time of Hash Table look up : 0.02 ms
Executing validate part.
Unique representatives after deleting edges: 1
numComp after edge deletion: 1


filename: indochina-2004.egr
Number of deleted tree edges: 3
numVert: 7414866, num_edges: 301970226 and delete batch size: 100

Total execution time of all functions: 81.8064 ms.

Function execution times:
Time of Super graph Creation : 41.09 ms
Time of Path Reversal : 18.28 ms
Time of PR_Shortcut : 16.21 ms
Time of update data structure : 3.99 ms
Time of Pointer Jumping : 1.83 ms
Time of PR-RST module : 0.37 ms
Time of Update rep array : 0.02 ms
Time of Hash Table look up : 0.02 ms
Executing validate part.
Unique representatives after deleting edges: 1
numComp after edge deletion: 1


filename: indochina-2004.egr
Number of deleted tree edges: 2
numVert: 7414866, num_edges: 301970226 and delete batch size: 100

Total execution time of all functions: 79.7059 ms.

Function execution times:
Time of Super graph Creation : 39.77 ms
Time of Path Reversal : 18.07 ms
Time of PR_Shortcut : 15.75 ms
Time of update data structure : 3.89 ms
Time of Pointer Jumping : 1.84 ms
Time of PR-RST module : 0.36 ms
Time of Hash Table look up : 0.02 ms
Time of Update rep array : 0.02 ms
Executing validate part.
Unique representatives after deleting edges: 1
numComp after edge deletion: 1


filename: indochina-2004.egr
Number of deleted tree edges: 4
numVert: 7414866, num_edges: 301970226 and delete batch size: 100

Total execution time of all functions: 82.1028 ms.

Function execution times:
Time of Super graph Creation : 41.41 ms
Time of Path Reversal : 18.29 ms
Time of PR_Shortcut : 16.25 ms
Time of update data structure : 3.85 ms
Time of Pointer Jumping : 1.84 ms
Time of PR-RST module : 0.42 ms
Time of Hash Table look up : 0.02 ms
Time of Update rep array : 0.02 ms
Executing validate part.
Unique representatives after deleting edges: 1
numComp after edge deletion: 1


filename: indochina-2004.egr
Number of deleted tree edges: 46
numVert: 7414866, num_edges: 301970226 and delete batch size: 1000

Total execution time of all functions: 109.244 ms.

Function execution times:
Time of Super graph Creation : 63.17 ms
Time of PR_Shortcut : 19.64 ms
Time of Path Reversal : 19.62 ms
Time of update data structure : 3.99 ms
Time of Pointer Jumping : 1.84 ms
Time of PR-RST module : 0.96 ms
Time of Hash Table look up : 0.02 ms
Time of Update rep array : 0.02 ms
Executing validate part.
Unique representatives after deleting edges: 1
numComp after edge deletion: 1


filename: indochina-2004.egr
Number of deleted tree edges: 33
numVert: 7414866, num_edges: 301970226 and delete batch size: 1000

Total execution time of all functions: 98.4868 ms.

Function execution times:
Time of Super graph Creation : 58.47 ms
Time of Path Reversal : 18.51 ms
Time of PR_Shortcut : 14.66 ms
Time of update data structure : 4.05 ms
Time of Pointer Jumping : 1.83 ms
Time of PR-RST module : 0.93 ms
Time of Hash Table look up : 0.02 ms
Time of Update rep array : 0.02 ms
Executing validate part.
Unique representatives after deleting edges: 1
numComp after edge deletion: 1


filename: indochina-2004.egr
Number of deleted tree edges: 30
numVert: 7414866, num_edges: 301970226 and delete batch size: 1000

Total execution time of all functions: 100.059 ms.

Function execution times:
Time of Super graph Creation : 58.32 ms
Time of PR_Shortcut : 17.96 ms
Time of Path Reversal : 17.50 ms
Time of update data structure : 3.94 ms
Time of Pointer Jumping : 1.83 ms
Time of PR-RST module : 0.47 ms
Time of Update rep array : 0.02 ms
Time of Hash Table look up : 0.02 ms
Executing validate part.
Unique representatives after deleting edges: 1
numComp after edge deletion: 1


filename: indochina-2004.egr
Number of deleted tree edges: 39
numVert: 7414866, num_edges: 301970226 and delete batch size: 1000

Total execution time of all functions: 101.458 ms.

Function execution times:
Time of Super graph Creation : 59.65 ms
Time of Path Reversal : 18.26 ms
Time of PR_Shortcut : 16.61 ms
Time of update data structure : 4.10 ms
Time of Pointer Jumping : 1.84 ms
Time of PR-RST module : 0.97 ms
Time of Hash Table look up : 0.02 ms
Time of Update rep array : 0.02 ms
Executing validate part.
Unique representatives after deleting edges: 1
numComp after edge deletion: 1


filename: indochina-2004.egr
Number of deleted tree edges: 33
numVert: 7414866, num_edges: 301970226 and delete batch size: 1000

Total execution time of all functions: 84.5329 ms.

Function execution times:
Time of Super graph Creation : 44.02 ms
Time of Path Reversal : 18.19 ms
Time of PR_Shortcut : 15.95 ms
Time of update data structure : 3.92 ms
Time of Pointer Jumping : 1.84 ms
Time of PR-RST module : 0.58 ms
Time of Hash Table look up : 0.02 ms
Time of Update rep array : 0.02 ms
Executing validate part.
Unique representatives after deleting edges: 1
numComp after edge deletion: 1
