

filename: kmer_U1a.egr
Number of deleted tree edges: 91916
numVert: 67716231, num_edges: 138866824 and delete batch size: 100000

Total execution time of all functions: 502.079 ms.

Function execution times:
Time of Path Reversal : 206.54 ms
Time of PR_Shortcut : 146.94 ms
Time of Pointer Jumping : 115.06 ms
Time of Super graph Creation : 26.15 ms
Time of PR-RST module : 5.18 ms
Time of update data structure : 2.14 ms
Time of Update rep array : 0.04 ms
Time of Hash Table look up : 0.03 ms
Executing validate part.
Unique representatives after deleting edges: 1
numComp after edge deletion: 1


filename: kmer_U1a.egr
Number of deleted tree edges: 91850
numVert: 67716231, num_edges: 138866824 and delete batch size: 100000

Total execution time of all functions: 485.153 ms.

Function execution times:
Time of Path Reversal : 192.17 ms
Time of PR_Shortcut : 143.28 ms
Time of Pointer Jumping : 115.25 ms
Time of Super graph Creation : 26.12 ms
Time of PR-RST module : 6.21 ms
Time of update data structure : 2.06 ms
Time of Update rep array : 0.03 ms
Time of Hash Table look up : 0.03 ms
Executing validate part.
Unique representatives after deleting edges: 1
numComp after edge deletion: 1


filename: kmer_U1a.egr
Number of deleted tree edges: 91849
numVert: 67716231, num_edges: 138866824 and delete batch size: 100000

Total execution time of all functions: 473.088 ms.

Function execution times:
Time of Path Reversal : 189.93 ms
Time of PR_Shortcut : 147.28 ms
Time of Pointer Jumping : 108.83 ms
Time of Super graph Creation : 20.54 ms
Time of PR-RST module : 4.33 ms
Time of update data structure : 2.11 ms
Time of Update rep array : 0.04 ms
Time of Hash Table look up : 0.03 ms
Executing validate part.
Unique representatives after deleting edges: 1
numComp after edge deletion: 1


filename: kmer_U1a.egr
Number of deleted tree edges: 91732
numVert: 67716231, num_edges: 138866824 and delete batch size: 100000

Total execution time of all functions: 493.323 ms.

Function execution times:
Time of Path Reversal : 193.14 ms
Time of PR_Shortcut : 151.23 ms
Time of Pointer Jumping : 115.24 ms
Time of Super graph Creation : 26.27 ms
Time of PR-RST module : 5.21 ms
Time of update data structure : 2.15 ms
Time of Update rep array : 0.04 ms
Time of Hash Table look up : 0.03 ms
Executing validate part.
Unique representatives after deleting edges: 1
numComp after edge deletion: 1


filename: kmer_U1a.egr
Number of deleted tree edges: 91831
numVert: 67716231, num_edges: 138866824 and delete batch size: 100000

Total execution time of all functions: 506.637 ms.

Function execution times:
Time of Path Reversal : 217.81 ms
Time of PR_Shortcut : 145.54 ms
Time of Pointer Jumping : 114.80 ms
Time of Super graph Creation : 22.38 ms
Time of PR-RST module : 3.97 ms
Time of update data structure : 2.07 ms
Time of Update rep array : 0.03 ms
Time of Hash Table look up : 0.02 ms
Executing validate part.
Unique representatives after deleting edges: 1
numComp after edge deletion: 1


filename: kmer_U1a.egr
Number of deleted tree edges: 9185
numVert: 67716231, num_edges: 138866824 and delete batch size: 10000

Total execution time of all functions: 477.596 ms.

Function execution times:
Time of Path Reversal : 195.53 ms
Time of PR_Shortcut : 181.87 ms
Time of Pointer Jumping : 70.99 ms
Time of Super graph Creation : 24.39 ms
Time of PR-RST module : 2.85 ms
Time of update data structure : 1.94 ms
Time of Hash Table look up : 0.02 ms
Time of Update rep array : 0.02 ms
Executing validate part.
Unique representatives after deleting edges: 1
numComp after edge deletion: 1


filename: kmer_U1a.egr
Number of deleted tree edges: 9214
numVert: 67716231, num_edges: 138866824 and delete batch size: 10000

Total execution time of all functions: 459.497 ms.

Function execution times:
Time of Path Reversal : 180.55 ms
Time of PR_Shortcut : 178.52 ms
Time of Pointer Jumping : 71.31 ms
Time of Super graph Creation : 24.28 ms
Time of PR-RST module : 2.83 ms
Time of update data structure : 1.96 ms
Time of Hash Table look up : 0.02 ms
Time of Update rep array : 0.02 ms
Executing validate part.
Unique representatives after deleting edges: 1
numComp after edge deletion: 1


filename: kmer_U1a.egr
Number of deleted tree edges: 9155
numVert: 67716231, num_edges: 138866824 and delete batch size: 10000

Total execution time of all functions: 454.439 ms.

Function execution times:
Time of Path Reversal : 180.95 ms
Time of PR_Shortcut : 173.78 ms
Time of Pointer Jumping : 70.50 ms
Time of Super graph Creation : 24.40 ms
Time of PR-RST module : 2.83 ms
Time of update data structure : 1.93 ms
Time of Hash Table look up : 0.02 ms
Time of Update rep array : 0.02 ms
Executing validate part.
Unique representatives after deleting edges: 1
numComp after edge deletion: 1


filename: kmer_U1a.egr
Number of deleted tree edges: 9174
numVert: 67716231, num_edges: 138866824 and delete batch size: 10000

Total execution time of all functions: 450.41 ms.

Function execution times:
Time of Path Reversal : 178.42 ms
Time of PR_Shortcut : 176.62 ms
Time of Pointer Jumping : 70.35 ms
Time of Super graph Creation : 19.97 ms
Time of update data structure : 2.57 ms
Time of PR-RST module : 2.44 ms
Time of Hash Table look up : 0.02 ms
Time of Update rep array : 0.02 ms
Executing validate part.
Unique representatives after deleting edges: 1
numComp after edge deletion: 1


filename: kmer_U1a.egr
Number of deleted tree edges: 9134
numVert: 67716231, num_edges: 138866824 and delete batch size: 10000

Total execution time of all functions: 459.833 ms.

Function execution times:
Time of Path Reversal : 181.55 ms
Time of PR_Shortcut : 177.93 ms
Time of Pointer Jumping : 71.06 ms
Time of Super graph Creation : 24.31 ms
Time of PR-RST module : 2.90 ms
Time of update data structure : 2.01 ms
Time of Update rep array : 0.03 ms
Time of Hash Table look up : 0.03 ms
Executing validate part.
Unique representatives after deleting edges: 1
numComp after edge deletion: 1


filename: kmer_U1a.egr
Number of deleted tree edges: 92
numVert: 67716231, num_edges: 138866824 and delete batch size: 100

Total execution time of all functions: 431.851 ms.

Function execution times:
Time of PR_Shortcut : 191.18 ms
Time of Path Reversal : 162.82 ms
Time of Pointer Jumping : 52.72 ms
Time of Super graph Creation : 21.99 ms
Time of update data structure : 1.98 ms
Time of PR-RST module : 1.11 ms
Time of Update rep array : 0.02 ms
Time of Hash Table look up : 0.02 ms
Executing validate part.
Unique representatives after deleting edges: 1
numComp after edge deletion: 1


filename: kmer_U1a.egr
Number of deleted tree edges: 93
numVert: 67716231, num_edges: 138866824 and delete batch size: 100

Total execution time of all functions: 448.597 ms.

Function execution times:
Time of PR_Shortcut : 201.55 ms
Time of Path Reversal : 169.49 ms
Time of Pointer Jumping : 52.63 ms
Time of Super graph Creation : 21.90 ms
Time of update data structure : 1.97 ms
Time of PR-RST module : 1.02 ms
Time of Hash Table look up : 0.02 ms
Time of Update rep array : 0.02 ms
Executing validate part.
Unique representatives after deleting edges: 1
numComp after edge deletion: 1


filename: kmer_U1a.egr
Number of deleted tree edges: 94
numVert: 67716231, num_edges: 138866824 and delete batch size: 100

Total execution time of all functions: 433.518 ms.

Function execution times:
Time of PR_Shortcut : 187.78 ms
Time of Path Reversal : 168.36 ms
Time of Pointer Jumping : 52.64 ms
Time of Super graph Creation : 21.75 ms
Time of update data structure : 1.92 ms
Time of PR-RST module : 1.04 ms
Time of Hash Table look up : 0.02 ms
Time of Update rep array : 0.02 ms
Executing validate part.
Unique representatives after deleting edges: 1
numComp after edge deletion: 1


filename: kmer_U1a.egr
Number of deleted tree edges: 93
numVert: 67716231, num_edges: 138866824 and delete batch size: 100

Total execution time of all functions: 439.218 ms.

Function execution times:
Time of PR_Shortcut : 188.07 ms
Time of Path Reversal : 175.30 ms
Time of Pointer Jumping : 53.05 ms
Time of Super graph Creation : 19.53 ms
Time of update data structure : 1.91 ms
Time of PR-RST module : 1.32 ms
Time of Update rep array : 0.02 ms
Time of Hash Table look up : 0.02 ms
Executing validate part.
Unique representatives after deleting edges: 1
numComp after edge deletion: 1


filename: kmer_U1a.egr
Number of deleted tree edges: 97
numVert: 67716231, num_edges: 138866824 and delete batch size: 100

Total execution time of all functions: 472.925 ms.

Function execution times:
Time of PR_Shortcut : 199.51 ms
Time of Path Reversal : 193.85 ms
Time of Pointer Jumping : 52.84 ms
Time of Super graph Creation : 21.78 ms
Time of update data structure : 3.87 ms
Time of PR-RST module : 1.02 ms
Time of Hash Table look up : 0.02 ms
Time of Update rep array : 0.02 ms
Executing validate part.
Unique representatives after deleting edges: 1
numComp after edge deletion: 1


filename: kmer_U1a.egr
Number of deleted tree edges: 913
numVert: 67716231, num_edges: 138866824 and delete batch size: 1000

Total execution time of all functions: 454.164 ms.

Function execution times:
Time of PR_Shortcut : 194.77 ms
Time of Path Reversal : 182.83 ms
Time of Pointer Jumping : 52.50 ms
Time of Super graph Creation : 20.75 ms
Time of update data structure : 1.95 ms
Time of PR-RST module : 1.32 ms
Time of Hash Table look up : 0.02 ms
Time of Update rep array : 0.02 ms
Executing validate part.
Unique representatives after deleting edges: 1
numComp after edge deletion: 1


filename: kmer_U1a.egr
Number of deleted tree edges: 901
numVert: 67716231, num_edges: 138866824 and delete batch size: 1000

Total execution time of all functions: 436.064 ms.

Function execution times:
Time of PR_Shortcut : 182.57 ms
Time of Path Reversal : 174.67 ms
Time of Pointer Jumping : 53.38 ms
Time of Super graph Creation : 21.99 ms
Time of update data structure : 2.00 ms
Time of PR-RST module : 1.42 ms
Time of Hash Table look up : 0.02 ms
Time of Update rep array : 0.02 ms
Executing validate part.
Unique representatives after deleting edges: 1
numComp after edge deletion: 1


filename: kmer_U1a.egr
Number of deleted tree edges: 932
numVert: 67716231, num_edges: 138866824 and delete batch size: 1000

Total execution time of all functions: 459.256 ms.

Function execution times:
Time of PR_Shortcut : 202.67 ms
Time of Path Reversal : 177.34 ms
Time of Pointer Jumping : 53.51 ms
Time of Super graph Creation : 22.19 ms
Time of update data structure : 2.03 ms
Time of PR-RST module : 1.46 ms
Time of Hash Table look up : 0.03 ms
Time of Update rep array : 0.03 ms
Executing validate part.
Unique representatives after deleting edges: 1
numComp after edge deletion: 1


filename: kmer_U1a.egr
Number of deleted tree edges: 928
numVert: 67716231, num_edges: 138866824 and delete batch size: 1000

Total execution time of all functions: 440.029 ms.

Function execution times:
Time of PR_Shortcut : 187.18 ms
Time of Path Reversal : 173.75 ms
Time of Pointer Jumping : 53.46 ms
Time of Super graph Creation : 22.00 ms
Time of update data structure : 2.11 ms
Time of PR-RST module : 1.46 ms
Time of Hash Table look up : 0.03 ms
Time of Update rep array : 0.03 ms
Executing validate part.
Unique representatives after deleting edges: 1
numComp after edge deletion: 1


filename: kmer_U1a.egr
Number of deleted tree edges: 921
numVert: 67716231, num_edges: 138866824 and delete batch size: 1000

Total execution time of all functions: 435.2 ms.

Function execution times:
Time of PR_Shortcut : 182.94 ms
Time of Path Reversal : 173.08 ms
Time of Pointer Jumping : 53.45 ms
Time of Super graph Creation : 22.33 ms
Time of update data structure : 1.98 ms
Time of PR-RST module : 1.39 ms
Time of Hash Table look up : 0.02 ms
Time of Update rep array : 0.02 ms
Executing validate part.
Unique representatives after deleting edges: 1
numComp after edge deletion: 1
