

filename: kmer_V2a.egr
Number of deleted tree edges: 82847
numVert: 55042369, num_edges: 117248284 and delete batch size: 100000

Total execution time of all functions: 384.568 ms.

Function execution times:
Time of Path Reversal : 161.86 ms
Time of PR_Shortcut : 112.52 ms
Time of Pointer Jumping : 80.15 ms
Time of Super graph Creation : 22.90 ms
Time of PR-RST module : 5.15 ms
Time of update data structure : 1.93 ms
Time of Hash Table look up : 0.03 ms
Time of Update rep array : 0.03 ms
Executing validate part.
Unique representatives after deleting edges: 1
numComp after edge deletion: 1


filename: kmer_V2a.egr
Number of deleted tree edges: 82934
numVert: 55042369, num_edges: 117248284 and delete batch size: 100000

Total execution time of all functions: 374.637 ms.

Function execution times:
Time of Path Reversal : 159.23 ms
Time of PR_Shortcut : 106.20 ms
Time of Pointer Jumping : 80.17 ms
Time of Super graph Creation : 23.06 ms
Time of PR-RST module : 4.09 ms
Time of update data structure : 1.82 ms
Time of Update rep array : 0.03 ms
Time of Hash Table look up : 0.03 ms
Executing validate part.
Unique representatives after deleting edges: 1
numComp after edge deletion: 1


filename: kmer_V2a.egr
Number of deleted tree edges: 82948
numVert: 55042369, num_edges: 117248284 and delete batch size: 100000

Total execution time of all functions: 400.066 ms.

Function execution times:
Time of Path Reversal : 163.63 ms
Time of PR_Shortcut : 126.43 ms
Time of Pointer Jumping : 80.02 ms
Time of Super graph Creation : 22.93 ms
Time of PR-RST module : 5.10 ms
Time of update data structure : 1.88 ms
Time of Update rep array : 0.03 ms
Time of Hash Table look up : 0.03 ms
Executing validate part.
Unique representatives after deleting edges: 1
numComp after edge deletion: 1


filename: kmer_V2a.egr
Number of deleted tree edges: 83040
numVert: 55042369, num_edges: 117248284 and delete batch size: 100000

Total execution time of all functions: 371.325 ms.

Function execution times:
Time of Path Reversal : 160.12 ms
Time of PR_Shortcut : 104.26 ms
Time of Pointer Jumping : 80.17 ms
Time of Super graph Creation : 20.71 ms
Time of PR-RST module : 4.12 ms
Time of update data structure : 1.88 ms
Time of Update rep array : 0.03 ms
Time of Hash Table look up : 0.02 ms
Executing validate part.
Unique representatives after deleting edges: 1
numComp after edge deletion: 1


filename: kmer_V2a.egr
Number of deleted tree edges: 82857
numVert: 55042369, num_edges: 117248284 and delete batch size: 100000

Total execution time of all functions: 379.826 ms.

Function execution times:
Time of Path Reversal : 157.59 ms
Time of PR_Shortcut : 112.53 ms
Time of Pointer Jumping : 80.02 ms
Time of Super graph Creation : 22.62 ms
Time of PR-RST module : 5.06 ms
Time of update data structure : 1.95 ms
Time of Update rep array : 0.03 ms
Time of Hash Table look up : 0.03 ms
Executing validate part.
Unique representatives after deleting edges: 1
numComp after edge deletion: 1


filename: kmer_V2a.egr
Number of deleted tree edges: 8268
numVert: 55042369, num_edges: 117248284 and delete batch size: 10000

Total execution time of all functions: 362.617 ms.

Function execution times:
Time of Path Reversal : 150.88 ms
Time of PR_Shortcut : 137.97 ms
Time of Pointer Jumping : 48.12 ms
Time of Super graph Creation : 21.06 ms
Time of PR-RST module : 2.83 ms
Time of update data structure : 1.72 ms
Time of Hash Table look up : 0.02 ms
Time of Update rep array : 0.02 ms
Executing validate part.
Unique representatives after deleting edges: 1
numComp after edge deletion: 1


filename: kmer_V2a.egr
Number of deleted tree edges: 8264
numVert: 55042369, num_edges: 117248284 and delete batch size: 10000

Total execution time of all functions: 367.026 ms.

Function execution times:
Time of Path Reversal : 149.42 ms
Time of PR_Shortcut : 143.69 ms
Time of Pointer Jumping : 48.34 ms
Time of Super graph Creation : 20.99 ms
Time of PR-RST module : 2.81 ms
Time of update data structure : 1.71 ms
Time of Hash Table look up : 0.02 ms
Time of Update rep array : 0.02 ms
Executing validate part.
Unique representatives after deleting edges: 1
numComp after edge deletion: 1


filename: kmer_V2a.egr
Number of deleted tree edges: 8263
numVert: 55042369, num_edges: 117248284 and delete batch size: 10000

Total execution time of all functions: 362.765 ms.

Function execution times:
Time of Path Reversal : 150.74 ms
Time of PR_Shortcut : 138.29 ms
Time of Pointer Jumping : 47.83 ms
Time of Super graph Creation : 21.07 ms
Time of PR-RST module : 2.84 ms
Time of update data structure : 1.96 ms
Time of Hash Table look up : 0.02 ms
Time of Update rep array : 0.02 ms
Executing validate part.
Unique representatives after deleting edges: 1
numComp after edge deletion: 1


filename: kmer_V2a.egr
Number of deleted tree edges: 8296
numVert: 55042369, num_edges: 117248284 and delete batch size: 10000

Total execution time of all functions: 360.74 ms.

Function execution times:
Time of Path Reversal : 149.38 ms
Time of PR_Shortcut : 136.86 ms
Time of Pointer Jumping : 47.92 ms
Time of Super graph Creation : 21.01 ms
Time of PR-RST module : 2.82 ms
Time of update data structure : 2.71 ms
Time of Hash Table look up : 0.02 ms
Time of Update rep array : 0.02 ms
Executing validate part.
Unique representatives after deleting edges: 1
numComp after edge deletion: 1


filename: kmer_V2a.egr
Number of deleted tree edges: 8296
numVert: 55042369, num_edges: 117248284 and delete batch size: 10000

Total execution time of all functions: 366.808 ms.

Function execution times:
Time of Path Reversal : 150.67 ms
Time of PR_Shortcut : 141.02 ms
Time of Pointer Jumping : 48.60 ms
Time of Super graph Creation : 21.06 ms
Time of PR-RST module : 3.65 ms
Time of update data structure : 1.75 ms
Time of Hash Table look up : 0.02 ms
Time of Update rep array : 0.02 ms
Executing validate part.
Unique representatives after deleting edges: 1
numComp after edge deletion: 1


filename: kmer_V2a.egr
Number of deleted tree edges: 87
numVert: 55042369, num_edges: 117248284 and delete batch size: 100

Total execution time of all functions: 351.628 ms.

Function execution times:
Time of PR_Shortcut : 150.22 ms
Time of Path Reversal : 140.16 ms
Time of Pointer Jumping : 39.20 ms
Time of Super graph Creation : 19.26 ms
Time of update data structure : 1.72 ms
Time of PR-RST module : 1.04 ms
Time of Update rep array : 0.02 ms
Time of Hash Table look up : 0.02 ms
Executing validate part.
Unique representatives after deleting edges: 1
numComp after edge deletion: 1


filename: kmer_V2a.egr
Number of deleted tree edges: 76
numVert: 55042369, num_edges: 117248284 and delete batch size: 100

Total execution time of all functions: 343.899 ms.

Function execution times:
Time of PR_Shortcut : 144.51 ms
Time of Path Reversal : 138.03 ms
Time of Pointer Jumping : 39.22 ms
Time of Super graph Creation : 19.31 ms
Time of update data structure : 1.75 ms
Time of PR-RST module : 1.04 ms
Time of Update rep array : 0.02 ms
Time of Hash Table look up : 0.02 ms
Executing validate part.
Unique representatives after deleting edges: 1
numComp after edge deletion: 1


filename: kmer_V2a.egr
Number of deleted tree edges: 86
numVert: 55042369, num_edges: 117248284 and delete batch size: 100

Total execution time of all functions: 351.772 ms.

Function execution times:
Time of PR_Shortcut : 151.33 ms
Time of Path Reversal : 138.96 ms
Time of Pointer Jumping : 39.31 ms
Time of Super graph Creation : 19.31 ms
Time of update data structure : 1.77 ms
Time of PR-RST module : 1.06 ms
Time of Hash Table look up : 0.02 ms
Time of Update rep array : 0.02 ms
Executing validate part.
Unique representatives after deleting edges: 1
numComp after edge deletion: 1


filename: kmer_V2a.egr
Number of deleted tree edges: 83
numVert: 55042369, num_edges: 117248284 and delete batch size: 100

Total execution time of all functions: 343.534 ms.

Function execution times:
Time of PR_Shortcut : 145.00 ms
Time of Path Reversal : 136.86 ms
Time of Pointer Jumping : 39.61 ms
Time of Super graph Creation : 19.20 ms
Time of update data structure : 1.81 ms
Time of PR-RST module : 1.02 ms
Time of Hash Table look up : 0.02 ms
Time of Update rep array : 0.02 ms
Executing validate part.
Unique representatives after deleting edges: 1
numComp after edge deletion: 1


filename: kmer_V2a.egr
Number of deleted tree edges: 85
numVert: 55042369, num_edges: 117248284 and delete batch size: 100

Total execution time of all functions: 359.439 ms.

Function execution times:
Time of PR_Shortcut : 158.69 ms
Time of Path Reversal : 139.46 ms
Time of Pointer Jumping : 39.32 ms
Time of Super graph Creation : 19.14 ms
Time of update data structure : 1.74 ms
Time of PR-RST module : 1.05 ms
Time of Hash Table look up : 0.02 ms
Time of Update rep array : 0.02 ms
Executing validate part.
Unique representatives after deleting edges: 1
numComp after edge deletion: 1


filename: kmer_V2a.egr
Number of deleted tree edges: 822
numVert: 55042369, num_edges: 117248284 and delete batch size: 1000

Total execution time of all functions: 356.539 ms.

Function execution times:
Time of PR_Shortcut : 150.40 ms
Time of Path Reversal : 143.83 ms
Time of Pointer Jumping : 39.79 ms
Time of Super graph Creation : 19.35 ms
Time of update data structure : 1.75 ms
Time of PR-RST module : 1.38 ms
Time of Hash Table look up : 0.02 ms
Time of Update rep array : 0.02 ms
Executing validate part.
Unique representatives after deleting edges: 1
numComp after edge deletion: 1


filename: kmer_V2a.egr
Number of deleted tree edges: 822
numVert: 55042369, num_edges: 117248284 and delete batch size: 1000

Total execution time of all functions: 353.942 ms.

Function execution times:
Time of PR_Shortcut : 147.92 ms
Time of Path Reversal : 143.63 ms
Time of Pointer Jumping : 39.83 ms
Time of Super graph Creation : 19.36 ms
Time of update data structure : 1.75 ms
Time of PR-RST module : 1.40 ms
Time of Hash Table look up : 0.02 ms
Time of Update rep array : 0.02 ms
Executing validate part.
Unique representatives after deleting edges: 1
numComp after edge deletion: 1


filename: kmer_V2a.egr
Number of deleted tree edges: 835
numVert: 55042369, num_edges: 117248284 and delete batch size: 1000

Total execution time of all functions: 350.813 ms.

Function execution times:
Time of Path Reversal : 146.92 ms
Time of PR_Shortcut : 142.03 ms
Time of Pointer Jumping : 39.77 ms
Time of Super graph Creation : 19.11 ms
Time of update data structure : 1.70 ms
Time of PR-RST module : 1.24 ms
Time of Hash Table look up : 0.02 ms
Time of Update rep array : 0.02 ms
Executing validate part.
Unique representatives after deleting edges: 1
numComp after edge deletion: 1


filename: kmer_V2a.egr
Number of deleted tree edges: 813
numVert: 55042369, num_edges: 117248284 and delete batch size: 1000

Total execution time of all functions: 351.955 ms.

Function execution times:
Time of Path Reversal : 144.63 ms
Time of PR_Shortcut : 144.44 ms
Time of Pointer Jumping : 39.82 ms
Time of Super graph Creation : 19.32 ms
Time of PR-RST module : 1.98 ms
Time of update data structure : 1.71 ms
Time of Hash Table look up : 0.02 ms
Time of Update rep array : 0.02 ms
Executing validate part.
Unique representatives after deleting edges: 1
numComp after edge deletion: 1


filename: kmer_V2a.egr
Number of deleted tree edges: 831
numVert: 55042369, num_edges: 117248284 and delete batch size: 1000

Total execution time of all functions: 357.893 ms.

Function execution times:
Time of Path Reversal : 148.97 ms
Time of PR_Shortcut : 147.62 ms
Time of Pointer Jumping : 39.94 ms
Time of Super graph Creation : 18.33 ms
Time of update data structure : 1.70 ms
Time of PR-RST module : 1.29 ms
Time of Update rep array : 0.02 ms
Time of Hash Table look up : 0.02 ms
Executing validate part.
Unique representatives after deleting edges: 1
numComp after edge deletion: 1
