

filename: rgg_n_2_24_s0.egr
Number of deleted tree edges: 12675
numVert: 16777216, num_edges: 265114402 and delete batch size: 100000

Total execution time of all functions: 129.505 ms.

Function execution times:
Time of Super graph Creation : 45.85 ms
Time of Path Reversal : 41.19 ms
Time of PR_Shortcut : 30.50 ms
Time of Pointer Jumping : 5.30 ms
Time of update data structure : 3.52 ms
Time of PR-RST module : 3.10 ms
Time of Update rep array : 0.02 ms
Time of Hash Table look up : 0.02 ms
Executing validate part.
Unique representatives after deleting edges: 1
numComp after edge deletion: 1


filename: rgg_n_2_24_s0.egr
Number of deleted tree edges: 12523
numVert: 16777216, num_edges: 265114402 and delete batch size: 100000

Total execution time of all functions: 136.94 ms.

Function execution times:
Time of Super graph Creation : 47.07 ms
Time of Path Reversal : 43.93 ms
Time of PR_Shortcut : 33.49 ms
Time of Pointer Jumping : 5.30 ms
Time of update data structure : 3.56 ms
Time of PR-RST module : 3.55 ms
Time of Hash Table look up : 0.02 ms
Time of Update rep array : 0.02 ms
Executing validate part.
Unique representatives after deleting edges: 1
numComp after edge deletion: 1


filename: rgg_n_2_24_s0.egr
Number of deleted tree edges: 12470
numVert: 16777216, num_edges: 265114402 and delete batch size: 100000

Total execution time of all functions: 129.838 ms.

Function execution times:
Time of Super graph Creation : 47.13 ms
Time of Path Reversal : 40.24 ms
Time of PR_Shortcut : 29.90 ms
Time of Pointer Jumping : 5.30 ms
Time of update data structure : 3.67 ms
Time of PR-RST module : 3.56 ms
Time of Hash Table look up : 0.02 ms
Time of Update rep array : 0.02 ms
Executing validate part.
Unique representatives after deleting edges: 1
numComp after edge deletion: 1


filename: rgg_n_2_24_s0.egr
Number of deleted tree edges: 12560
numVert: 16777216, num_edges: 265114402 and delete batch size: 100000

Total execution time of all functions: 130.297 ms.

Function execution times:
Time of Super graph Creation : 46.36 ms
Time of Path Reversal : 40.39 ms
Time of PR_Shortcut : 30.95 ms
Time of Pointer Jumping : 5.30 ms
Time of PR-RST module : 3.72 ms
Time of update data structure : 3.55 ms
Time of Hash Table look up : 0.02 ms
Time of Update rep array : 0.02 ms
Executing validate part.
Unique representatives after deleting edges: 1
numComp after edge deletion: 1


filename: rgg_n_2_24_s0.egr
Number of deleted tree edges: 12606
numVert: 16777216, num_edges: 265114402 and delete batch size: 100000

Total execution time of all functions: 131.318 ms.

Function execution times:
Time of Super graph Creation : 46.41 ms
Time of Path Reversal : 41.24 ms
Time of PR_Shortcut : 31.00 ms
Time of Pointer Jumping : 5.28 ms
Time of PR-RST module : 3.76 ms
Time of update data structure : 3.59 ms
Time of Hash Table look up : 0.02 ms
Time of Update rep array : 0.02 ms
Executing validate part.
Unique representatives after deleting edges: 1
numComp after edge deletion: 1


filename: rgg_n_2_24_s0.egr
Number of deleted tree edges: 1293
numVert: 16777216, num_edges: 265114402 and delete batch size: 10000

Total execution time of all functions: 125.303 ms.

Function execution times:
Time of Super graph Creation : 46.05 ms
Time of Path Reversal : 38.73 ms
Time of PR_Shortcut : 29.89 ms
Time of Pointer Jumping : 5.29 ms
Time of update data structure : 3.41 ms
Time of PR-RST module : 1.89 ms
Time of Hash Table look up : 0.02 ms
Time of Update rep array : 0.02 ms
Executing validate part.
Unique representatives after deleting edges: 1
numComp after edge deletion: 1


filename: rgg_n_2_24_s0.egr
Number of deleted tree edges: 1286
numVert: 16777216, num_edges: 265114402 and delete batch size: 10000

Total execution time of all functions: 125.097 ms.

Function execution times:
Time of Super graph Creation : 46.12 ms
Time of Path Reversal : 39.10 ms
Time of PR_Shortcut : 29.28 ms
Time of Pointer Jumping : 5.29 ms
Time of update data structure : 3.38 ms
Time of PR-RST module : 1.88 ms
Time of Hash Table look up : 0.02 ms
Time of Update rep array : 0.02 ms
Executing validate part.
Unique representatives after deleting edges: 1
numComp after edge deletion: 1


filename: rgg_n_2_24_s0.egr
Number of deleted tree edges: 1238
numVert: 16777216, num_edges: 265114402 and delete batch size: 10000

Total execution time of all functions: 125.748 ms.

Function execution times:
Time of Super graph Creation : 45.70 ms
Time of Path Reversal : 39.21 ms
Time of PR_Shortcut : 30.20 ms
Time of Pointer Jumping : 5.29 ms
Time of update data structure : 3.37 ms
Time of PR-RST module : 1.95 ms
Time of Hash Table look up : 0.02 ms
Time of Update rep array : 0.02 ms
Executing validate part.
Unique representatives after deleting edges: 1
numComp after edge deletion: 1


filename: rgg_n_2_24_s0.egr
Number of deleted tree edges: 1246
numVert: 16777216, num_edges: 265114402 and delete batch size: 10000

Total execution time of all functions: 132.973 ms.

Function execution times:
Time of Super graph Creation : 47.98 ms
Time of Path Reversal : 42.06 ms
Time of PR_Shortcut : 32.07 ms
Time of Pointer Jumping : 5.30 ms
Time of update data structure : 3.40 ms
Time of PR-RST module : 2.13 ms
Time of Hash Table look up : 0.02 ms
Time of Update rep array : 0.02 ms
Executing validate part.
Unique representatives after deleting edges: 1
numComp after edge deletion: 1


filename: rgg_n_2_24_s0.egr
Number of deleted tree edges: 1249
numVert: 16777216, num_edges: 265114402 and delete batch size: 10000

Total execution time of all functions: 129.202 ms.

Function execution times:
Time of Super graph Creation : 46.00 ms
Time of Path Reversal : 40.27 ms
Time of PR_Shortcut : 30.57 ms
Time of Pointer Jumping : 5.29 ms
Time of PR-RST module : 3.62 ms
Time of update data structure : 3.42 ms
Time of Hash Table look up : 0.02 ms
Time of Update rep array : 0.02 ms
Executing validate part.
Unique representatives after deleting edges: 1
numComp after edge deletion: 1


filename: rgg_n_2_24_s0.egr
Number of deleted tree edges: 11
numVert: 16777216, num_edges: 265114402 and delete batch size: 100

Total execution time of all functions: 110.578 ms.

Function execution times:
Time of Super graph Creation : 39.19 ms
Time of Path Reversal : 33.21 ms
Time of PR_Shortcut : 29.04 ms
Time of Pointer Jumping : 5.32 ms
Time of update data structure : 3.32 ms
Time of PR-RST module : 0.47 ms
Time of Hash Table look up : 0.02 ms
Time of Update rep array : 0.02 ms
Executing validate part.
Unique representatives after deleting edges: 1
numComp after edge deletion: 1


filename: rgg_n_2_24_s0.egr
Number of deleted tree edges: 9
numVert: 16777216, num_edges: 265114402 and delete batch size: 100

Total execution time of all functions: 108.664 ms.

Function execution times:
Time of Super graph Creation : 39.06 ms
Time of Path Reversal : 31.91 ms
Time of PR_Shortcut : 28.57 ms
Time of Pointer Jumping : 5.33 ms
Time of update data structure : 3.30 ms
Time of PR-RST module : 0.47 ms
Time of Update rep array : 0.02 ms
Time of Hash Table look up : 0.02 ms
Executing validate part.
Unique representatives after deleting edges: 1
numComp after edge deletion: 1


filename: rgg_n_2_24_s0.egr
Number of deleted tree edges: 10
numVert: 16777216, num_edges: 265114402 and delete batch size: 100

Total execution time of all functions: 108.599 ms.

Function execution times:
Time of Super graph Creation : 38.99 ms
Time of Path Reversal : 31.73 ms
Time of PR_Shortcut : 28.75 ms
Time of Pointer Jumping : 5.33 ms
Time of update data structure : 3.29 ms
Time of PR-RST module : 0.47 ms
Time of Update rep array : 0.02 ms
Time of Hash Table look up : 0.02 ms
Executing validate part.
Unique representatives after deleting edges: 1
numComp after edge deletion: 1


filename: rgg_n_2_24_s0.egr
Number of deleted tree edges: 12
numVert: 16777216, num_edges: 265114402 and delete batch size: 100

Total execution time of all functions: 112.057 ms.

Function execution times:
Time of Super graph Creation : 39.10 ms
Time of Path Reversal : 33.00 ms
Time of PR_Shortcut : 28.24 ms
Time of update data structure : 5.88 ms
Time of Pointer Jumping : 5.34 ms
Time of PR-RST module : 0.47 ms
Time of Hash Table look up : 0.02 ms
Time of Update rep array : 0.02 ms
Executing validate part.
Unique representatives after deleting edges: 1
numComp after edge deletion: 1


filename: rgg_n_2_24_s0.egr
Number of deleted tree edges: 16
numVert: 16777216, num_edges: 265114402 and delete batch size: 100

Total execution time of all functions: 126.503 ms.

Function execution times:
Time of Super graph Creation : 42.27 ms
Time of PR_Shortcut : 36.37 ms
Time of Path Reversal : 33.68 ms
Time of PR-RST module : 5.52 ms
Time of Pointer Jumping : 5.31 ms
Time of update data structure : 3.30 ms
Time of Hash Table look up : 0.02 ms
Time of Update rep array : 0.02 ms
Executing validate part.
Unique representatives after deleting edges: 1
numComp after edge deletion: 1


filename: rgg_n_2_24_s0.egr
Number of deleted tree edges: 117
numVert: 16777216, num_edges: 265114402 and delete batch size: 1000

Total execution time of all functions: 121.288 ms.

Function execution times:
Time of Super graph Creation : 45.28 ms
Time of Path Reversal : 35.77 ms
Time of PR_Shortcut : 30.60 ms
Time of Pointer Jumping : 5.31 ms
Time of update data structure : 3.35 ms
Time of PR-RST module : 0.94 ms
Time of Update rep array : 0.02 ms
Time of Hash Table look up : 0.02 ms
Executing validate part.
Unique representatives after deleting edges: 1
numComp after edge deletion: 1


filename: rgg_n_2_24_s0.egr
Number of deleted tree edges: 123
numVert: 16777216, num_edges: 265114402 and delete batch size: 1000

Total execution time of all functions: 111.666 ms.

Function execution times:
Time of Super graph Creation : 46.42 ms
Time of Path Reversal : 28.03 ms
Time of PR_Shortcut : 27.45 ms
Time of Pointer Jumping : 5.31 ms
Time of update data structure : 3.38 ms
Time of PR-RST module : 1.03 ms
Time of Hash Table look up : 0.02 ms
Time of Update rep array : 0.02 ms
Executing validate part.
Unique representatives after deleting edges: 1
numComp after edge deletion: 1


filename: rgg_n_2_24_s0.egr
Number of deleted tree edges: 124
numVert: 16777216, num_edges: 265114402 and delete batch size: 1000

Total execution time of all functions: 117.547 ms.

Function execution times:
Time of Super graph Creation : 47.00 ms
Time of Path Reversal : 30.50 ms
Time of PR_Shortcut : 30.31 ms
Time of Pointer Jumping : 5.31 ms
Time of update data structure : 3.37 ms
Time of PR-RST module : 1.03 ms
Time of Hash Table look up : 0.02 ms
Time of Update rep array : 0.02 ms
Executing validate part.
Unique representatives after deleting edges: 1
numComp after edge deletion: 1


filename: rgg_n_2_24_s0.egr
Number of deleted tree edges: 116
numVert: 16777216, num_edges: 265114402 and delete batch size: 1000

Total execution time of all functions: 123.752 ms.

Function execution times:
Time of Super graph Creation : 46.33 ms
Time of Path Reversal : 37.46 ms
Time of PR_Shortcut : 30.08 ms
Time of Pointer Jumping : 5.32 ms
Time of update data structure : 3.46 ms
Time of PR-RST module : 1.07 ms
Time of Hash Table look up : 0.02 ms
Time of Update rep array : 0.02 ms
Executing validate part.
Unique representatives after deleting edges: 1
numComp after edge deletion: 1


filename: rgg_n_2_24_s0.egr
Number of deleted tree edges: 123
numVert: 16777216, num_edges: 265114402 and delete batch size: 1000

Total execution time of all functions: 114.879 ms.

Function execution times:
Time of Super graph Creation : 46.95 ms
Time of Path Reversal : 29.48 ms
Time of PR_Shortcut : 28.63 ms
Time of Pointer Jumping : 5.31 ms
Time of update data structure : 3.44 ms
Time of PR-RST module : 1.02 ms
Time of Hash Table look up : 0.02 ms
Time of Update rep array : 0.02 ms
Executing validate part.
Unique representatives after deleting edges: 1
numComp after edge deletion: 1
