

filename: uk-2005.egr
Number of deleted tree edges: 4205
numVert: 39459925, num_edges: 1566080060 and delete batch size: 100000

Total execution time of all functions: 443.211 ms.

Function execution times:
Time of Super graph Creation : 237.24 ms
Time of Path Reversal : 95.52 ms
Time of PR_Shortcut : 88.54 ms
Time of update data structure : 12.56 ms
Time of Pointer Jumping : 7.87 ms
Time of PR-RST module : 1.45 ms
Time of Hash Table look up : 0.02 ms
Time of Update rep array : 0.02 ms
Executing validate part.
Unique representatives after deleting edges: 1
numComp after edge deletion: 1


filename: uk-2005.egr
Number of deleted tree edges: 4288
numVert: 39459925, num_edges: 1566080060 and delete batch size: 100000

Total execution time of all functions: 467.058 ms.

Function execution times:
Time of Super graph Creation : 260.63 ms
Time of PR_Shortcut : 88.92 ms
Time of Path Reversal : 87.92 ms
Time of update data structure : 17.64 ms
Time of Pointer Jumping : 9.91 ms
Time of PR-RST module : 2.00 ms
Time of Update rep array : 0.02 ms
Time of Hash Table look up : 0.02 ms
Executing validate part.
Unique representatives after deleting edges: 1
numComp after edge deletion: 1


filename: uk-2005.egr
Number of deleted tree edges: 4279
numVert: 39459925, num_edges: 1566080060 and delete batch size: 100000

Total execution time of all functions: 451.458 ms.

Function execution times:
Time of Super graph Creation : 240.63 ms
Time of Path Reversal : 91.10 ms
Time of PR_Shortcut : 88.88 ms
Time of update data structure : 18.07 ms
Time of Pointer Jumping : 10.74 ms
Time of PR-RST module : 2.00 ms
Time of Update rep array : 0.02 ms
Time of Hash Table look up : 0.02 ms
Executing validate part.
Unique representatives after deleting edges: 1
numComp after edge deletion: 1


filename: uk-2005.egr
Number of deleted tree edges: 4254
numVert: 39459925, num_edges: 1566080060 and delete batch size: 100000

Total execution time of all functions: 442.841 ms.

Function execution times:
Time of Super graph Creation : 244.28 ms
Time of PR_Shortcut : 88.89 ms
Time of Path Reversal : 87.72 ms
Time of update data structure : 12.21 ms
Time of Pointer Jumping : 7.72 ms
Time of PR-RST module : 1.98 ms
Time of Update rep array : 0.02 ms
Time of Hash Table look up : 0.02 ms
Executing validate part.
Unique representatives after deleting edges: 1
numComp after edge deletion: 1


filename: uk-2005.egr
Number of deleted tree edges: 4251
numVert: 39459925, num_edges: 1566080060 and delete batch size: 100000

Total execution time of all functions: 437.872 ms.

Function execution times:
Time of Super graph Creation : 234.16 ms
Time of Path Reversal : 93.36 ms
Time of PR_Shortcut : 88.04 ms
Time of update data structure : 12.50 ms
Time of Pointer Jumping : 7.78 ms
Time of PR-RST module : 1.99 ms
Time of Update rep array : 0.02 ms
Time of Hash Table look up : 0.02 ms
Executing validate part.
Unique representatives after deleting edges: 1
numComp after edge deletion: 1


filename: uk-2005.egr
Number of deleted tree edges: 453
numVert: 39459925, num_edges: 1566080060 and delete batch size: 10000

Total execution time of all functions: 441.163 ms.

Function execution times:
Time of Super graph Creation : 245.33 ms
Time of PR_Shortcut : 88.11 ms
Time of Path Reversal : 86.66 ms
Time of update data structure : 12.18 ms
Time of Pointer Jumping : 7.42 ms
Time of PR-RST module : 1.44 ms
Time of Hash Table look up : 0.02 ms
Time of Update rep array : 0.02 ms
Executing validate part.
Unique representatives after deleting edges: 1
numComp after edge deletion: 1


filename: uk-2005.egr
Number of deleted tree edges: 420
numVert: 39459925, num_edges: 1566080060 and delete batch size: 10000

Total execution time of all functions: 472.297 ms.

Function execution times:
Time of Super graph Creation : 267.64 ms
Time of PR_Shortcut : 89.48 ms
Time of Path Reversal : 88.82 ms
Time of update data structure : 14.60 ms
Time of Pointer Jumping : 7.45 ms
Time of PR-RST module : 4.28 ms
Time of Hash Table look up : 0.02 ms
Time of Update rep array : 0.01 ms
Executing validate part.
Unique representatives after deleting edges: 1
numComp after edge deletion: 1


filename: uk-2005.egr
Number of deleted tree edges: 446
numVert: 39459925, num_edges: 1566080060 and delete batch size: 10000

Total execution time of all functions: 460.442 ms.

Function execution times:
Time of Super graph Creation : 255.75 ms
Time of PR_Shortcut : 88.71 ms
Time of Path Reversal : 86.38 ms
Time of update data structure : 17.95 ms
Time of Pointer Jumping : 10.17 ms
Time of PR-RST module : 1.45 ms
Time of Update rep array : 0.02 ms
Time of Hash Table look up : 0.02 ms
Executing validate part.
Unique representatives after deleting edges: 1
numComp after edge deletion: 1


filename: uk-2005.egr
Number of deleted tree edges: 425
numVert: 39459925, num_edges: 1566080060 and delete batch size: 10000

Total execution time of all functions: 450.126 ms.

Function execution times:
Time of Super graph Creation : 252.83 ms
Time of Path Reversal : 89.08 ms
Time of PR_Shortcut : 87.59 ms
Time of update data structure : 12.15 ms
Time of Pointer Jumping : 7.41 ms
Time of PR-RST module : 1.03 ms
Time of Hash Table look up : 0.02 ms
Time of Update rep array : 0.01 ms
Executing validate part.
Unique representatives after deleting edges: 1
numComp after edge deletion: 1


filename: uk-2005.egr
Number of deleted tree edges: 426
numVert: 39459925, num_edges: 1566080060 and delete batch size: 10000

Total execution time of all functions: 455.409 ms.

Function execution times:
Time of Super graph Creation : 250.28 ms
Time of PR_Shortcut : 88.74 ms
Time of Path Reversal : 87.88 ms
Time of update data structure : 18.00 ms
Time of Pointer Jumping : 9.44 ms
Time of PR-RST module : 1.03 ms
Time of Update rep array : 0.02 ms
Time of Hash Table look up : 0.02 ms
Executing validate part.
Unique representatives after deleting edges: 1
numComp after edge deletion: 1


filename: uk-2005.egr
Number of deleted tree edges: 5
numVert: 39459925, num_edges: 1566080060 and delete batch size: 100

Total execution time of all functions: 363.28 ms.

Function execution times:
Time of Super graph Creation : 165.02 ms
Time of PR_Shortcut : 87.25 ms
Time of Path Reversal : 84.81 ms
Time of update data structure : 17.94 ms
Time of Pointer Jumping : 7.86 ms
Time of PR-RST module : 0.38 ms
Time of Update rep array : 0.01 ms
Time of Hash Table look up : 0.01 ms
Executing validate part.
Unique representatives after deleting edges: 1
numComp after edge deletion: 1


filename: uk-2005.egr
Number of deleted tree edges: 2
numVert: 39459925, num_edges: 1566080060 and delete batch size: 100

Total execution time of all functions: 362.889 ms.

Function execution times:
Time of Super graph Creation : 169.59 ms
Time of PR_Shortcut : 88.11 ms
Time of Path Reversal : 82.30 ms
Time of update data structure : 14.22 ms
Time of Pointer Jumping : 8.31 ms
Time of PR-RST module : 0.32 ms
Time of Update rep array : 0.02 ms
Time of Hash Table look up : 0.01 ms
Executing validate part.
Unique representatives after deleting edges: 1
numComp after edge deletion: 1


filename: uk-2005.egr
Number of deleted tree edges: 5
numVert: 39459925, num_edges: 1566080060 and delete batch size: 100

Total execution time of all functions: 518.63 ms.

Function execution times:
Time of Super graph Creation : 322.50 ms
Time of PR_Shortcut : 88.15 ms
Time of Path Reversal : 86.07 ms
Time of update data structure : 13.42 ms
Time of Pointer Jumping : 7.87 ms
Time of PR-RST module : 0.59 ms
Time of Update rep array : 0.01 ms
Time of Hash Table look up : 0.01 ms
Executing validate part.
Unique representatives after deleting edges: 1
numComp after edge deletion: 1


filename: uk-2005.egr
Number of deleted tree edges: 3
numVert: 39459925, num_edges: 1566080060 and delete batch size: 100

Total execution time of all functions: 505.495 ms.

Function execution times:
Time of Super graph Creation : 288.04 ms
Time of Path Reversal : 104.33 ms
Time of PR_Shortcut : 88.20 ms
Time of update data structure : 15.61 ms
Time of Pointer Jumping : 8.79 ms
Time of PR-RST module : 0.51 ms
Time of Update rep array : 0.02 ms
Time of Hash Table look up : 0.01 ms
Executing validate part.
Unique representatives after deleting edges: 1
numComp after edge deletion: 1


filename: uk-2005.egr
Number of deleted tree edges: 5
numVert: 39459925, num_edges: 1566080060 and delete batch size: 100

Total execution time of all functions: 488.145 ms.

Function execution times:
Time of Super graph Creation : 293.10 ms
Time of PR_Shortcut : 89.11 ms
Time of Path Reversal : 84.08 ms
Time of update data structure : 13.84 ms
Time of Pointer Jumping : 7.43 ms
Time of PR-RST module : 0.57 ms
Time of Update rep array : 0.02 ms
Time of Hash Table look up : 0.01 ms
Executing validate part.
Unique representatives after deleting edges: 1
numComp after edge deletion: 1


filename: uk-2005.egr
Number of deleted tree edges: 45
numVert: 39459925, num_edges: 1566080060 and delete batch size: 1000

Total execution time of all functions: 488.659 ms.

Function execution times:
Time of Super graph Creation : 288.90 ms
Time of PR_Shortcut : 91.84 ms
Time of Path Reversal : 87.15 ms
Time of update data structure : 12.49 ms
Time of Pointer Jumping : 7.47 ms
Time of PR-RST module : 0.79 ms
Time of Hash Table look up : 0.01 ms
Time of Update rep array : 0.01 ms
Executing validate part.
Unique representatives after deleting edges: 1
numComp after edge deletion: 1


filename: uk-2005.egr
Number of deleted tree edges: 40
numVert: 39459925, num_edges: 1566080060 and delete batch size: 1000

Total execution time of all functions: 481.703 ms.

Function execution times:
Time of Super graph Creation : 285.89 ms
Time of PR_Shortcut : 88.63 ms
Time of Path Reversal : 86.47 ms
Time of update data structure : 12.21 ms
Time of Pointer Jumping : 7.36 ms
Time of PR-RST module : 1.10 ms
Time of Hash Table look up : 0.03 ms
Time of Update rep array : 0.02 ms
Executing validate part.
Unique representatives after deleting edges: 1
numComp after edge deletion: 1


filename: uk-2005.egr
Number of deleted tree edges: 54
numVert: 39459925, num_edges: 1566080060 and delete batch size: 1000

Total execution time of all functions: 460.211 ms.

Function execution times:
Time of Super graph Creation : 266.30 ms
Time of PR_Shortcut : 87.70 ms
Time of Path Reversal : 85.13 ms
Time of update data structure : 12.46 ms
Time of Pointer Jumping : 7.50 ms
Time of PR-RST module : 1.09 ms
Time of Update rep array : 0.02 ms
Time of Hash Table look up : 0.01 ms
Executing validate part.
Unique representatives after deleting edges: 1
numComp after edge deletion: 1


filename: uk-2005.egr
Number of deleted tree edges: 44
numVert: 39459925, num_edges: 1566080060 and delete batch size: 1000

Total execution time of all functions: 455.529 ms.

Function execution times:
Time of Super graph Creation : 259.24 ms
Time of PR_Shortcut : 88.43 ms
Time of Path Reversal : 85.89 ms
Time of update data structure : 12.05 ms
Time of Pointer Jumping : 7.36 ms
Time of PR-RST module : 2.54 ms
Time of Hash Table look up : 0.02 ms
Time of Update rep array : 0.01 ms
Executing validate part.
Unique representatives after deleting edges: 1
numComp after edge deletion: 1


filename: uk-2005.egr
Number of deleted tree edges: 51
numVert: 39459925, num_edges: 1566080060 and delete batch size: 1000

Total execution time of all functions: 499.948 ms.

Function execution times:
Time of Super graph Creation : 304.40 ms
Time of PR_Shortcut : 88.45 ms
Time of Path Reversal : 86.10 ms
Time of update data structure : 12.63 ms
Time of Pointer Jumping : 7.55 ms
Time of PR-RST module : 0.79 ms
Time of Update rep array : 0.02 ms
Time of Hash Table look up : 0.02 ms
Executing validate part.
Unique representatives after deleting edges: 1
numComp after edge deletion: 1
