

filename: web-BerkStan.egr
Number of deleted tree edges: 9747
numVert: 685230, num_edges: 13300290 and delete batch size: 100000

Total execution time of all functions: 10.24 ms.

Function execution times:
Time of Super graph Creation : 3.43 ms
Time of PR-RST module : 3.34 ms
Time of Path Reversal : 1.96 ms
Time of PR_Shortcut : 0.93 ms
Time of update data structure : 0.30 ms
Time of Pointer Jumping : 0.25 ms
Time of Hash Table look up : 0.01 ms
Time of Update rep array : 0.01 ms
Executing validate part.
Unique representatives after deleting edges: 1
numComp after edge deletion: 1


filename: web-BerkStan.egr
Number of deleted tree edges: 9584
numVert: 685230, num_edges: 13300290 and delete batch size: 100000

Total execution time of all functions: 9.82812 ms.

Function execution times:
Time of Super graph Creation : 3.20 ms
Time of PR-RST module : 3.16 ms
Time of Path Reversal : 1.97 ms
Time of PR_Shortcut : 0.93 ms
Time of update data structure : 0.29 ms
Time of Pointer Jumping : 0.25 ms
Time of Hash Table look up : 0.01 ms
Time of Update rep array : 0.01 ms
Executing validate part.
Unique representatives after deleting edges: 1
numComp after edge deletion: 1


filename: web-BerkStan.egr
Number of deleted tree edges: 9700
numVert: 685230, num_edges: 13300290 and delete batch size: 100000

Total execution time of all functions: 9.71904 ms.

Function execution times:
Time of Super graph Creation : 3.16 ms
Time of PR-RST module : 3.12 ms
Time of Path Reversal : 1.94 ms
Time of PR_Shortcut : 0.91 ms
Time of update data structure : 0.31 ms
Time of Pointer Jumping : 0.24 ms
Time of Hash Table look up : 0.01 ms
Time of Update rep array : 0.01 ms
Executing validate part.
Unique representatives after deleting edges: 1
numComp after edge deletion: 1


filename: web-BerkStan.egr
Number of deleted tree edges: 9621
numVert: 685230, num_edges: 13300290 and delete batch size: 100000

Total execution time of all functions: 10.4731 ms.

Function execution times:
Time of PR-RST module : 3.80 ms
Time of Super graph Creation : 3.20 ms
Time of Path Reversal : 1.96 ms
Time of PR_Shortcut : 0.93 ms
Time of update data structure : 0.31 ms
Time of Pointer Jumping : 0.24 ms
Time of Hash Table look up : 0.01 ms
Time of Update rep array : 0.01 ms
Executing validate part.
Unique representatives after deleting edges: 1
numComp after edge deletion: 1


filename: web-BerkStan.egr
Number of deleted tree edges: 9617
numVert: 685230, num_edges: 13300290 and delete batch size: 100000

Total execution time of all functions: 10.3058 ms.

Function execution times:
Time of PR-RST module : 3.35 ms
Time of Super graph Creation : 3.18 ms
Time of Path Reversal : 2.19 ms
Time of PR_Shortcut : 1.00 ms
Time of update data structure : 0.31 ms
Time of Pointer Jumping : 0.24 ms
Time of Hash Table look up : 0.02 ms
Time of Update rep array : 0.01 ms
Executing validate part.
Unique representatives after deleting edges: 1
numComp after edge deletion: 1


filename: web-BerkStan.egr
Number of deleted tree edges: 952
numVert: 685230, num_edges: 13300290 and delete batch size: 10000

Total execution time of all functions: 8.13612 ms.

Function execution times:
Time of Super graph Creation : 3.29 ms
Time of Path Reversal : 1.92 ms
Time of PR-RST module : 1.43 ms
Time of PR_Shortcut : 0.95 ms
Time of update data structure : 0.28 ms
Time of Pointer Jumping : 0.24 ms
Time of Hash Table look up : 0.01 ms
Time of Update rep array : 0.01 ms
Executing validate part.
Unique representatives after deleting edges: 1
numComp after edge deletion: 1


filename: web-BerkStan.egr
Number of deleted tree edges: 975
numVert: 685230, num_edges: 13300290 and delete batch size: 10000

Total execution time of all functions: 8.15924 ms.

Function execution times:
Time of Super graph Creation : 3.34 ms
Time of Path Reversal : 1.94 ms
Time of PR-RST module : 1.42 ms
Time of PR_Shortcut : 0.91 ms
Time of update data structure : 0.29 ms
Time of Pointer Jumping : 0.24 ms
Time of Hash Table look up : 0.01 ms
Time of Update rep array : 0.01 ms
Executing validate part.
Unique representatives after deleting edges: 1
numComp after edge deletion: 1


filename: web-BerkStan.egr
Number of deleted tree edges: 989
numVert: 685230, num_edges: 13300290 and delete batch size: 10000

Total execution time of all functions: 8.67507 ms.

Function execution times:
Time of Super graph Creation : 3.44 ms
Time of Path Reversal : 1.92 ms
Time of PR-RST module : 1.84 ms
Time of PR_Shortcut : 0.93 ms
Time of update data structure : 0.28 ms
Time of Pointer Jumping : 0.24 ms
Time of Hash Table look up : 0.02 ms
Time of Update rep array : 0.01 ms
Executing validate part.
Unique representatives after deleting edges: 1
numComp after edge deletion: 1


filename: web-BerkStan.egr
Number of deleted tree edges: 982
numVert: 685230, num_edges: 13300290 and delete batch size: 10000

Total execution time of all functions: 10.0845 ms.

Function execution times:
Time of Super graph Creation : 4.43 ms
Time of Path Reversal : 2.17 ms
Time of PR-RST module : 1.81 ms
Time of PR_Shortcut : 0.98 ms
Time of update data structure : 0.36 ms
Time of Pointer Jumping : 0.30 ms
Time of Hash Table look up : 0.02 ms
Time of Update rep array : 0.01 ms
Executing validate part.
Unique representatives after deleting edges: 1
numComp after edge deletion: 1


filename: web-BerkStan.egr
Number of deleted tree edges: 965
numVert: 685230, num_edges: 13300290 and delete batch size: 10000

Total execution time of all functions: 7.88832 ms.

Function execution times:
Time of Super graph Creation : 3.49 ms
Time of Path Reversal : 1.90 ms
Time of PR-RST module : 1.01 ms
Time of PR_Shortcut : 0.92 ms
Time of update data structure : 0.30 ms
Time of Pointer Jumping : 0.24 ms
Time of Hash Table look up : 0.01 ms
Time of Update rep array : 0.01 ms
Executing validate part.
Unique representatives after deleting edges: 1
numComp after edge deletion: 1


filename: web-BerkStan.egr
Number of deleted tree edges: 9
numVert: 685230, num_edges: 13300290 and delete batch size: 100

Total execution time of all functions: 6.19482 ms.

Function execution times:
Time of Super graph Creation : 2.56 ms
Time of Path Reversal : 1.85 ms
Time of PR_Shortcut : 0.89 ms
Time of PR-RST module : 0.35 ms
Time of update data structure : 0.28 ms
Time of Pointer Jumping : 0.24 ms
Time of Hash Table look up : 0.01 ms
Time of Update rep array : 0.01 ms
Executing validate part.
Unique representatives after deleting edges: 1
numComp after edge deletion: 1


filename: web-BerkStan.egr
Number of deleted tree edges: 12
numVert: 685230, num_edges: 13300290 and delete batch size: 100

Total execution time of all functions: 7.31815 ms.

Function execution times:
Time of Super graph Creation : 3.66 ms
Time of Path Reversal : 1.86 ms
Time of PR_Shortcut : 0.90 ms
Time of PR-RST module : 0.36 ms
Time of update data structure : 0.28 ms
Time of Pointer Jumping : 0.24 ms
Time of Hash Table look up : 0.01 ms
Time of Update rep array : 0.01 ms
Executing validate part.
Unique representatives after deleting edges: 1
numComp after edge deletion: 1


filename: web-BerkStan.egr
Number of deleted tree edges: 8
numVert: 685230, num_edges: 13300290 and delete batch size: 100

Total execution time of all functions: 9.29024 ms.

Function execution times:
Time of Super graph Creation : 5.15 ms
Time of Path Reversal : 2.09 ms
Time of PR_Shortcut : 0.97 ms
Time of PR-RST module : 0.43 ms
Time of update data structure : 0.34 ms
Time of Pointer Jumping : 0.29 ms
Time of Hash Table look up : 0.01 ms
Time of Update rep array : 0.01 ms
Executing validate part.
Unique representatives after deleting edges: 1
numComp after edge deletion: 1


filename: web-BerkStan.egr
Number of deleted tree edges: 11
numVert: 685230, num_edges: 13300290 and delete batch size: 100

Total execution time of all functions: 7.6735 ms.

Function execution times:
Time of Super graph Creation : 3.79 ms
Time of Path Reversal : 1.88 ms
Time of PR_Shortcut : 0.91 ms
Time of PR-RST module : 0.57 ms
Time of update data structure : 0.27 ms
Time of Pointer Jumping : 0.24 ms
Time of Hash Table look up : 0.01 ms
Time of Update rep array : 0.01 ms
Executing validate part.
Unique representatives after deleting edges: 1
numComp after edge deletion: 1


filename: web-BerkStan.egr
Number of deleted tree edges: 6
numVert: 685230, num_edges: 13300290 and delete batch size: 100

Total execution time of all functions: 6.39863 ms.

Function execution times:
Time of Super graph Creation : 2.80 ms
Time of Path Reversal : 1.86 ms
Time of PR_Shortcut : 0.89 ms
Time of PR-RST module : 0.31 ms
Time of update data structure : 0.28 ms
Time of Pointer Jumping : 0.24 ms
Time of Hash Table look up : 0.01 ms
Time of Update rep array : 0.01 ms
Executing validate part.
Unique representatives after deleting edges: 1
numComp after edge deletion: 1


filename: web-BerkStan.egr
Number of deleted tree edges: 111
numVert: 685230, num_edges: 13300290 and delete batch size: 1000

Total execution time of all functions: 8.04324 ms.

Function execution times:
Time of Super graph Creation : 3.60 ms
Time of Path Reversal : 1.90 ms
Time of PR-RST module : 1.08 ms
Time of PR_Shortcut : 0.92 ms
Time of update data structure : 0.28 ms
Time of Pointer Jumping : 0.24 ms
Time of Hash Table look up : 0.01 ms
Time of Update rep array : 0.01 ms
Executing validate part.
Unique representatives after deleting edges: 1
numComp after edge deletion: 1


filename: web-BerkStan.egr
Number of deleted tree edges: 102
numVert: 685230, num_edges: 13300290 and delete batch size: 1000

Total execution time of all functions: 10.1345 ms.

Function execution times:
Time of Super graph Creation : 4.98 ms
Time of Path Reversal : 2.11 ms
Time of PR-RST module : 1.36 ms
Time of PR_Shortcut : 0.97 ms
Time of update data structure : 0.37 ms
Time of Pointer Jumping : 0.32 ms
Time of Hash Table look up : 0.01 ms
Time of Update rep array : 0.01 ms
Executing validate part.
Unique representatives after deleting edges: 1
numComp after edge deletion: 1


filename: web-BerkStan.egr
Number of deleted tree edges: 90
numVert: 685230, num_edges: 13300290 and delete batch size: 1000

Total execution time of all functions: 8.46144 ms.

Function execution times:
Time of Super graph Creation : 4.18 ms
Time of Path Reversal : 1.96 ms
Time of PR_Shortcut : 0.92 ms
Time of PR-RST module : 0.81 ms
Time of update data structure : 0.30 ms
Time of Pointer Jumping : 0.26 ms
Time of Hash Table look up : 0.01 ms
Time of Update rep array : 0.01 ms
Executing validate part.
Unique representatives after deleting edges: 1
numComp after edge deletion: 1


filename: web-BerkStan.egr
Number of deleted tree edges: 90
numVert: 685230, num_edges: 13300290 and delete batch size: 1000

Total execution time of all functions: 7.99734 ms.

Function execution times:
Time of Super graph Creation : 3.79 ms
Time of Path Reversal : 1.93 ms
Time of PR_Shortcut : 0.91 ms
Time of PR-RST module : 0.80 ms
Time of update data structure : 0.30 ms
Time of Pointer Jumping : 0.26 ms
Time of Hash Table look up : 0.01 ms
Time of Update rep array : 0.01 ms
Executing validate part.
Unique representatives after deleting edges: 1
numComp after edge deletion: 1


filename: web-BerkStan.egr
Number of deleted tree edges: 94
numVert: 685230, num_edges: 13300290 and delete batch size: 1000

Total execution time of all functions: 8.60835 ms.

Function execution times:
Time of Super graph Creation : 4.33 ms
Time of Path Reversal : 1.95 ms
Time of PR_Shortcut : 0.92 ms
Time of PR-RST module : 0.82 ms
Time of update data structure : 0.29 ms
Time of Pointer Jumping : 0.27 ms
Time of Hash Table look up : 0.01 ms
Time of Update rep array : 0.01 ms
Executing validate part.
Unique representatives after deleting edges: 1
numComp after edge deletion: 1
