

filename: wiki-topcats.egr
Number of deleted tree edges: 7230
numVert: 1791489, num_edges: 50888414 and delete batch size: 100000

Total execution time of all functions: 18.3502 ms.

Function execution times:
Time of Super graph Creation : 9.67 ms
Time of Path Reversal : 3.33 ms
Time of PR_Shortcut : 2.51 ms
Time of PR-RST module : 1.58 ms
Time of update data structure : 0.81 ms
Time of Pointer Jumping : 0.42 ms
Time of Hash Table look up : 0.01 ms
Time of Update rep array : 0.01 ms
Executing validate part.
Unique representatives after deleting edges: 1
numComp after edge deletion: 1


filename: wiki-topcats.egr
Number of deleted tree edges: 7243
numVert: 1791489, num_edges: 50888414 and delete batch size: 100000

Total execution time of all functions: 18.4864 ms.

Function execution times:
Time of Super graph Creation : 9.70 ms
Time of Path Reversal : 3.51 ms
Time of PR_Shortcut : 2.48 ms
Time of PR-RST module : 1.59 ms
Time of update data structure : 0.76 ms
Time of Pointer Jumping : 0.42 ms
Time of Hash Table look up : 0.01 ms
Time of Update rep array : 0.01 ms
Executing validate part.
Unique representatives after deleting edges: 1
numComp after edge deletion: 1


filename: wiki-topcats.egr
Number of deleted tree edges: 7373
numVert: 1791489, num_edges: 50888414 and delete batch size: 100000

Total execution time of all functions: 18.9811 ms.

Function execution times:
Time of Super graph Creation : 9.70 ms
Time of Path Reversal : 3.37 ms
Time of PR_Shortcut : 2.48 ms
Time of PR-RST module : 2.21 ms
Time of update data structure : 0.77 ms
Time of Pointer Jumping : 0.42 ms
Time of Hash Table look up : 0.02 ms
Time of Update rep array : 0.01 ms
Executing validate part.
Unique representatives after deleting edges: 1
numComp after edge deletion: 1


filename: wiki-topcats.egr
Number of deleted tree edges: 7189
numVert: 1791489, num_edges: 50888414 and delete batch size: 100000

Total execution time of all functions: 18.3914 ms.

Function execution times:
Time of Super graph Creation : 9.64 ms
Time of Path Reversal : 3.51 ms
Time of PR_Shortcut : 2.44 ms
Time of PR-RST module : 1.58 ms
Time of update data structure : 0.76 ms
Time of Pointer Jumping : 0.43 ms
Time of Hash Table look up : 0.01 ms
Time of Update rep array : 0.01 ms
Executing validate part.
Unique representatives after deleting edges: 1
numComp after edge deletion: 1


filename: wiki-topcats.egr
Number of deleted tree edges: 7278
numVert: 1791489, num_edges: 50888414 and delete batch size: 100000

Total execution time of all functions: 22.7279 ms.

Function execution times:
Time of Super graph Creation : 12.52 ms
Time of Path Reversal : 3.86 ms
Time of PR_Shortcut : 2.73 ms
Time of PR-RST module : 2.00 ms
Time of update data structure : 0.99 ms
Time of Pointer Jumping : 0.60 ms
Time of Hash Table look up : 0.02 ms
Time of Update rep array : 0.02 ms
Executing validate part.
Unique representatives after deleting edges: 1
numComp after edge deletion: 1


filename: wiki-topcats.egr
Number of deleted tree edges: 722
numVert: 1791489, num_edges: 50888414 and delete batch size: 10000

Total execution time of all functions: 16.7825 ms.

Function execution times:
Time of Super graph Creation : 8.79 ms
Time of Path Reversal : 3.32 ms
Time of PR_Shortcut : 2.44 ms
Time of PR-RST module : 1.09 ms
Time of update data structure : 0.72 ms
Time of Pointer Jumping : 0.41 ms
Time of Hash Table look up : 0.01 ms
Time of Update rep array : 0.01 ms
Executing validate part.
Unique representatives after deleting edges: 1
numComp after edge deletion: 1


filename: wiki-topcats.egr
Number of deleted tree edges: 720
numVert: 1791489, num_edges: 50888414 and delete batch size: 10000

Total execution time of all functions: 16.713 ms.

Function execution times:
Time of Super graph Creation : 8.80 ms
Time of Path Reversal : 3.22 ms
Time of PR_Shortcut : 2.46 ms
Time of PR-RST module : 1.09 ms
Time of update data structure : 0.70 ms
Time of Pointer Jumping : 0.40 ms
Time of Hash Table look up : 0.02 ms
Time of Update rep array : 0.01 ms
Executing validate part.
Unique representatives after deleting edges: 1
numComp after edge deletion: 1


filename: wiki-topcats.egr
Number of deleted tree edges: 697
numVert: 1791489, num_edges: 50888414 and delete batch size: 10000

Total execution time of all functions: 17.0079 ms.

Function execution times:
Time of Super graph Creation : 8.80 ms
Time of Path Reversal : 3.51 ms
Time of PR_Shortcut : 2.46 ms
Time of PR-RST module : 1.10 ms
Time of update data structure : 0.71 ms
Time of Pointer Jumping : 0.40 ms
Time of Hash Table look up : 0.01 ms
Time of Update rep array : 0.01 ms
Executing validate part.
Unique representatives after deleting edges: 1
numComp after edge deletion: 1


filename: wiki-topcats.egr
Number of deleted tree edges: 799
numVert: 1791489, num_edges: 50888414 and delete batch size: 10000

Total execution time of all functions: 16.6886 ms.

Function execution times:
Time of Super graph Creation : 8.81 ms
Time of Path Reversal : 3.21 ms
Time of PR_Shortcut : 2.42 ms
Time of PR-RST module : 1.09 ms
Time of update data structure : 0.71 ms
Time of Pointer Jumping : 0.41 ms
Time of Hash Table look up : 0.02 ms
Time of Update rep array : 0.01 ms
Executing validate part.
Unique representatives after deleting edges: 1
numComp after edge deletion: 1


filename: wiki-topcats.egr
Number of deleted tree edges: 736
numVert: 1791489, num_edges: 50888414 and delete batch size: 10000

Total execution time of all functions: 16.8533 ms.

Function execution times:
Time of Super graph Creation : 8.80 ms
Time of Path Reversal : 3.35 ms
Time of PR_Shortcut : 2.46 ms
Time of PR-RST module : 1.09 ms
Time of update data structure : 0.72 ms
Time of Pointer Jumping : 0.41 ms
Time of Hash Table look up : 0.01 ms
Time of Update rep array : 0.01 ms
Executing validate part.
Unique representatives after deleting edges: 1
numComp after edge deletion: 1


filename: wiki-topcats.egr
Number of deleted tree edges: 8
numVert: 1791489, num_edges: 50888414 and delete batch size: 100

Total execution time of all functions: 24.6559 ms.

Function execution times:
Time of Super graph Creation : 17.75 ms
Time of Path Reversal : 2.83 ms
Time of PR_Shortcut : 2.34 ms
Time of update data structure : 0.70 ms
Time of PR-RST module : 0.62 ms
Time of Pointer Jumping : 0.40 ms
Time of Hash Table look up : 0.01 ms
Time of Update rep array : 0.01 ms
Executing validate part.
Unique representatives after deleting edges: 1
numComp after edge deletion: 1


filename: wiki-topcats.egr
Number of deleted tree edges: 6
numVert: 1791489, num_edges: 50888414 and delete batch size: 100

Total execution time of all functions: 27.6677 ms.

Function execution times:
Time of Super graph Creation : 21.04 ms
Time of Path Reversal : 2.83 ms
Time of PR_Shortcut : 2.31 ms
Time of update data structure : 0.71 ms
Time of Pointer Jumping : 0.41 ms
Time of PR-RST module : 0.34 ms
Time of Hash Table look up : 0.01 ms
Time of Update rep array : 0.01 ms
Executing validate part.
Unique representatives after deleting edges: 1
numComp after edge deletion: 1


filename: wiki-topcats.egr
Number of deleted tree edges: 5
numVert: 1791489, num_edges: 50888414 and delete batch size: 100

Total execution time of all functions: 23.7862 ms.

Function execution times:
Time of Super graph Creation : 17.18 ms
Time of Path Reversal : 2.83 ms
Time of PR_Shortcut : 2.32 ms
Time of update data structure : 0.70 ms
Time of Pointer Jumping : 0.39 ms
Time of PR-RST module : 0.34 ms
Time of Hash Table look up : 0.01 ms
Time of Update rep array : 0.01 ms
Executing validate part.
Unique representatives after deleting edges: 1
numComp after edge deletion: 1


filename: wiki-topcats.egr
Number of deleted tree edges: 9
numVert: 1791489, num_edges: 50888414 and delete batch size: 100

Total execution time of all functions: 25.1673 ms.

Function execution times:
Time of Super graph Creation : 18.23 ms
Time of Path Reversal : 3.06 ms
Time of PR_Shortcut : 2.36 ms
Time of update data structure : 0.71 ms
Time of Pointer Jumping : 0.40 ms
Time of PR-RST module : 0.38 ms
Time of Hash Table look up : 0.01 ms
Time of Update rep array : 0.01 ms
Executing validate part.
Unique representatives after deleting edges: 1
numComp after edge deletion: 1


filename: wiki-topcats.egr
Number of deleted tree edges: 7
numVert: 1791489, num_edges: 50888414 and delete batch size: 100

Total execution time of all functions: 23.13 ms.

Function execution times:
Time of Super graph Creation : 16.17 ms
Time of Path Reversal : 2.89 ms
Time of PR_Shortcut : 2.34 ms
Time of update data structure : 0.77 ms
Time of PR-RST module : 0.55 ms
Time of Pointer Jumping : 0.40 ms
Time of Hash Table look up : 0.01 ms
Time of Update rep array : 0.01 ms
Executing validate part.
Unique representatives after deleting edges: 1
numComp after edge deletion: 1


filename: wiki-topcats.egr
Number of deleted tree edges: 66
numVert: 1791489, num_edges: 50888414 and delete batch size: 1000

Total execution time of all functions: 17.7363 ms.

Function execution times:
Time of Super graph Creation : 10.22 ms
Time of Path Reversal : 3.13 ms
Time of PR_Shortcut : 2.34 ms
Time of PR-RST module : 0.84 ms
Time of update data structure : 0.77 ms
Time of Pointer Jumping : 0.41 ms
Time of Hash Table look up : 0.01 ms
Time of Update rep array : 0.01 ms
Executing validate part.
Unique representatives after deleting edges: 1
numComp after edge deletion: 1


filename: wiki-topcats.egr
Number of deleted tree edges: 77
numVert: 1791489, num_edges: 50888414 and delete batch size: 1000

Total execution time of all functions: 17.1731 ms.

Function execution times:
Time of Super graph Creation : 9.69 ms
Time of Path Reversal : 3.08 ms
Time of PR_Shortcut : 2.39 ms
Time of PR-RST module : 0.85 ms
Time of update data structure : 0.74 ms
Time of Pointer Jumping : 0.41 ms
Time of Hash Table look up : 0.01 ms
Time of Update rep array : 0.01 ms
Executing validate part.
Unique representatives after deleting edges: 1
numComp after edge deletion: 1


filename: wiki-topcats.egr
Number of deleted tree edges: 71
numVert: 1791489, num_edges: 50888414 and delete batch size: 1000

Total execution time of all functions: 22.1199 ms.

Function execution times:
Time of Super graph Creation : 13.76 ms
Time of Path Reversal : 3.57 ms
Time of PR_Shortcut : 2.71 ms
Time of update data structure : 0.91 ms
Time of PR-RST module : 0.58 ms
Time of Pointer Jumping : 0.56 ms
Time of Hash Table look up : 0.01 ms
Time of Update rep array : 0.01 ms
Executing validate part.
Unique representatives after deleting edges: 1
numComp after edge deletion: 1


filename: wiki-topcats.egr
Number of deleted tree edges: 58
numVert: 1791489, num_edges: 50888414 and delete batch size: 1000

Total execution time of all functions: 18.3137 ms.

Function execution times:
Time of Super graph Creation : 11.04 ms
Time of Path Reversal : 2.99 ms
Time of PR_Shortcut : 2.37 ms
Time of PR-RST module : 0.77 ms
Time of update data structure : 0.71 ms
Time of Pointer Jumping : 0.41 ms
Time of Hash Table look up : 0.01 ms
Time of Update rep array : 0.01 ms
Executing validate part.
Unique representatives after deleting edges: 1
numComp after edge deletion: 1


filename: wiki-topcats.egr
Number of deleted tree edges: 66
numVert: 1791489, num_edges: 50888414 and delete batch size: 1000

Total execution time of all functions: 19.5298 ms.

Function execution times:
Time of Super graph Creation : 12.08 ms
Time of Path Reversal : 3.12 ms
Time of PR_Shortcut : 2.35 ms
Time of PR-RST module : 0.84 ms
Time of update data structure : 0.71 ms
Time of Pointer Jumping : 0.41 ms
Time of Hash Table look up : 0.01 ms
Time of Update rep array : 0.01 ms
Executing validate part.
Unique representatives after deleting edges: 1
numComp after edge deletion: 1
