

filename: as-Skitter.egr
Number of deleted tree edges: 6107
numVert: 1696415, num_edges: 22192106 and delete batch size: 100000

Total execution time of all functions: 12.7869 ms.

Function execution times:
Time of Eulerian Tour : 6.34 ms
Time of Super graph Creation : 4.40 ms
Time of PR-RST module : 1.33 ms
Time of Pointer Jumping : 0.33 ms
Time of update data structure : 0.32 ms
Time of Path Reversal : 0.05 ms
Time of Hash Table look up : 0.01 ms
Time of Update rep array : 0.01 ms


filename: as-Skitter.egr
Number of deleted tree edges: 6321
numVert: 1696415, num_edges: 22192106 and delete batch size: 100000

Total execution time of all functions: 12.4062 ms.

Function execution times:
Time of Eulerian Tour : 6.22 ms
Time of Super graph Creation : 4.17 ms
Time of PR-RST module : 1.33 ms
Time of Pointer Jumping : 0.32 ms
Time of update data structure : 0.30 ms
Time of Path Reversal : 0.04 ms
Time of Hash Table look up : 0.01 ms
Time of Update rep array : 0.01 ms


filename: as-Skitter.egr
Number of deleted tree edges: 6237
numVert: 1696415, num_edges: 22192106 and delete batch size: 100000

Total execution time of all functions: 12.1851 ms.

Function execution times:
Time of Eulerian Tour : 6.19 ms
Time of Super graph Creation : 3.97 ms
Time of PR-RST module : 1.32 ms
Time of update data structure : 0.32 ms
Time of Pointer Jumping : 0.31 ms
Time of Path Reversal : 0.04 ms
Time of Hash Table look up : 0.01 ms
Time of Update rep array : 0.01 ms


filename: as-Skitter.egr
Number of deleted tree edges: 6179
numVert: 1696415, num_edges: 22192106 and delete batch size: 100000

Total execution time of all functions: 12.1671 ms.

Function execution times:
Time of Eulerian Tour : 6.24 ms
Time of Super graph Creation : 3.91 ms
Time of PR-RST module : 1.33 ms
Time of Pointer Jumping : 0.31 ms
Time of update data structure : 0.30 ms
Time of Path Reversal : 0.05 ms
Time of Hash Table look up : 0.02 ms
Time of Update rep array : 0.01 ms


filename: as-Skitter.egr
Number of deleted tree edges: 6277
numVert: 1696415, num_edges: 22192106 and delete batch size: 100000

Total execution time of all functions: 12.5378 ms.

Function execution times:
Time of Eulerian Tour : 6.35 ms
Time of Super graph Creation : 4.16 ms
Time of PR-RST module : 1.33 ms
Time of Pointer Jumping : 0.32 ms
Time of update data structure : 0.31 ms
Time of Path Reversal : 0.04 ms
Time of Hash Table look up : 0.01 ms
Time of Update rep array : 0.01 ms


filename: as-Skitter.egr
Number of deleted tree edges: 611
numVert: 1696415, num_edges: 22192106 and delete batch size: 10000

Total execution time of all functions: 11.1329 ms.

Function execution times:
Time of Eulerian Tour : 6.14 ms
Time of Super graph Creation : 3.73 ms
Time of PR-RST module : 0.61 ms
Time of Pointer Jumping : 0.30 ms
Time of update data structure : 0.28 ms
Time of Path Reversal : 0.04 ms
Time of Hash Table look up : 0.01 ms
Time of Update rep array : 0.01 ms


filename: as-Skitter.egr
Number of deleted tree edges: 614
numVert: 1696415, num_edges: 22192106 and delete batch size: 10000

Total execution time of all functions: 11.189 ms.

Function execution times:
Time of Eulerian Tour : 6.22 ms
Time of Super graph Creation : 3.71 ms
Time of PR-RST module : 0.61 ms
Time of Pointer Jumping : 0.31 ms
Time of update data structure : 0.28 ms
Time of Path Reversal : 0.04 ms
Time of Update rep array : 0.01 ms
Time of Hash Table look up : 0.01 ms


filename: as-Skitter.egr
Number of deleted tree edges: 610
numVert: 1696415, num_edges: 22192106 and delete batch size: 10000

Total execution time of all functions: 11.1257 ms.

Function execution times:
Time of Eulerian Tour : 6.16 ms
Time of Super graph Creation : 3.71 ms
Time of PR-RST module : 0.61 ms
Time of Pointer Jumping : 0.30 ms
Time of update data structure : 0.28 ms
Time of Path Reversal : 0.04 ms
Time of Hash Table look up : 0.01 ms
Time of Update rep array : 0.01 ms


filename: as-Skitter.egr
Number of deleted tree edges: 614
numVert: 1696415, num_edges: 22192106 and delete batch size: 10000

Total execution time of all functions: 11.1801 ms.

Function execution times:
Time of Eulerian Tour : 6.20 ms
Time of Super graph Creation : 3.72 ms
Time of PR-RST module : 0.61 ms
Time of Pointer Jumping : 0.31 ms
Time of update data structure : 0.28 ms
Time of Path Reversal : 0.04 ms
Time of Hash Table look up : 0.01 ms
Time of Update rep array : 0.01 ms


filename: as-Skitter.egr
Number of deleted tree edges: 628
numVert: 1696415, num_edges: 22192106 and delete batch size: 10000

Total execution time of all functions: 11.1691 ms.

Function execution times:
Time of Eulerian Tour : 6.17 ms
Time of Super graph Creation : 3.74 ms
Time of PR-RST module : 0.62 ms
Time of Pointer Jumping : 0.31 ms
Time of update data structure : 0.27 ms
Time of Path Reversal : 0.04 ms
Time of Hash Table look up : 0.01 ms
Time of Update rep array : 0.01 ms


filename: as-Skitter.egr
Number of deleted tree edges: 11
numVert: 1696415, num_edges: 22192106 and delete batch size: 100

Total execution time of all functions: 10.845 ms.

Function execution times:
Time of Eulerian Tour : 6.23 ms
Time of Super graph Creation : 3.64 ms
Time of PR-RST module : 0.35 ms
Time of Pointer Jumping : 0.30 ms
Time of update data structure : 0.27 ms
Time of Path Reversal : 0.04 ms
Time of Hash Table look up : 0.01 ms
Time of Update rep array : 0.01 ms


filename: as-Skitter.egr
Number of deleted tree edges: 6
numVert: 1696415, num_edges: 22192106 and delete batch size: 100

Total execution time of all functions: 10.8656 ms.

Function execution times:
Time of Eulerian Tour : 6.28 ms
Time of Super graph Creation : 3.63 ms
Time of PR-RST module : 0.32 ms
Time of Pointer Jumping : 0.30 ms
Time of update data structure : 0.27 ms
Time of Path Reversal : 0.03 ms
Time of Hash Table look up : 0.01 ms
Time of Update rep array : 0.01 ms


filename: as-Skitter.egr
Number of deleted tree edges: 4
numVert: 1696415, num_edges: 22192106 and delete batch size: 100

Total execution time of all functions: 10.7143 ms.

Function execution times:
Time of Eulerian Tour : 6.16 ms
Time of Super graph Creation : 3.62 ms
Time of PR-RST module : 0.32 ms
Time of Pointer Jumping : 0.30 ms
Time of update data structure : 0.26 ms
Time of Path Reversal : 0.03 ms
Time of Hash Table look up : 0.01 ms
Time of Update rep array : 0.01 ms


filename: as-Skitter.egr
Number of deleted tree edges: 3
numVert: 1696415, num_edges: 22192106 and delete batch size: 100

Total execution time of all functions: 10.9006 ms.

Function execution times:
Time of Eulerian Tour : 6.38 ms
Time of Super graph Creation : 3.62 ms
Time of Pointer Jumping : 0.30 ms
Time of PR-RST module : 0.27 ms
Time of update data structure : 0.26 ms
Time of Path Reversal : 0.03 ms
Time of Hash Table look up : 0.01 ms
Time of Update rep array : 0.01 ms


filename: as-Skitter.egr
Number of deleted tree edges: 6
numVert: 1696415, num_edges: 22192106 and delete batch size: 100

Total execution time of all functions: 10.885 ms.

Function execution times:
Time of Eulerian Tour : 6.20 ms
Time of Super graph Creation : 3.75 ms
Time of PR-RST module : 0.31 ms
Time of Pointer Jumping : 0.30 ms
Time of update data structure : 0.26 ms
Time of Path Reversal : 0.03 ms
Time of Hash Table look up : 0.01 ms
Time of Update rep array : 0.01 ms


filename: as-Skitter.egr
Number of deleted tree edges: 75
numVert: 1696415, num_edges: 22192106 and delete batch size: 1000

Total execution time of all functions: 10.985 ms.

Function execution times:
Time of Eulerian Tour : 6.14 ms
Time of Super graph Creation : 3.74 ms
Time of PR-RST module : 0.48 ms
Time of Pointer Jumping : 0.30 ms
Time of update data structure : 0.26 ms
Time of Path Reversal : 0.04 ms
Time of Hash Table look up : 0.01 ms
Time of Update rep array : 0.01 ms


filename: as-Skitter.egr
Number of deleted tree edges: 56
numVert: 1696415, num_edges: 22192106 and delete batch size: 1000

Total execution time of all functions: 10.8645 ms.

Function execution times:
Time of Eulerian Tour : 6.15 ms
Time of Super graph Creation : 3.64 ms
Time of PR-RST module : 0.44 ms
Time of Pointer Jumping : 0.31 ms
Time of update data structure : 0.27 ms
Time of Path Reversal : 0.04 ms
Time of Hash Table look up : 0.01 ms
Time of Update rep array : 0.01 ms


filename: as-Skitter.egr
Number of deleted tree edges: 66
numVert: 1696415, num_edges: 22192106 and delete batch size: 1000

Total execution time of all functions: 11.1097 ms.

Function execution times:
Time of Eulerian Tour : 6.25 ms
Time of Super graph Creation : 3.74 ms
Time of PR-RST module : 0.48 ms
Time of Pointer Jumping : 0.30 ms
Time of update data structure : 0.27 ms
Time of Path Reversal : 0.04 ms
Time of Hash Table look up : 0.01 ms
Time of Update rep array : 0.01 ms


filename: as-Skitter.egr
Number of deleted tree edges: 68
numVert: 1696415, num_edges: 22192106 and delete batch size: 1000

Total execution time of all functions: 11.115 ms.

Function execution times:
Time of Eulerian Tour : 6.28 ms
Time of Super graph Creation : 3.72 ms
Time of PR-RST module : 0.48 ms
Time of Pointer Jumping : 0.31 ms
Time of update data structure : 0.27 ms
Time of Path Reversal : 0.04 ms
Time of Hash Table look up : 0.01 ms
Time of Update rep array : 0.01 ms


filename: as-Skitter.egr
Number of deleted tree edges: 60
numVert: 1696415, num_edges: 22192106 and delete batch size: 1000

Total execution time of all functions: 10.957 ms.

Function execution times:
Time of Eulerian Tour : 6.22 ms
Time of Super graph Creation : 3.67 ms
Time of PR-RST module : 0.44 ms
Time of Pointer Jumping : 0.30 ms
Time of update data structure : 0.27 ms
Time of Path Reversal : 0.04 ms
Time of Hash Table look up : 0.01 ms
Time of Update rep array : 0.01 ms
