

filename: com-Orkut.egr
Number of deleted tree edges: 2017
numVert: 3072441, num_edges: 234370166 and delete batch size: 100000

Total execution time of all functions: 56.157 ms.

Function execution times:
Time of Super graph Creation : 35.67 ms
Time of Eulerian Tour : 15.65 ms
Time of update data structure : 3.22 ms
Time of PR-RST module : 0.86 ms
Time of Pointer Jumping : 0.65 ms
Time of Path Reversal : 0.07 ms
Time of Hash Table look up : 0.02 ms
Time of Update rep array : 0.02 ms


filename: com-Orkut.egr
Number of deleted tree edges: 2016
numVert: 3072441, num_edges: 234370166 and delete batch size: 100000

Total execution time of all functions: 40.5945 ms.

Function execution times:
Time of Super graph Creation : 27.49 ms
Time of Eulerian Tour : 9.73 ms
Time of update data structure : 2.17 ms
Time of PR-RST module : 0.69 ms
Time of Pointer Jumping : 0.44 ms
Time of Path Reversal : 0.05 ms
Time of Hash Table look up : 0.02 ms
Time of Update rep array : 0.01 ms


filename: com-Orkut.egr
Number of deleted tree edges: 2127
numVert: 3072441, num_edges: 234370166 and delete batch size: 100000

Total execution time of all functions: 57.3782 ms.

Function execution times:
Time of Super graph Creation : 36.90 ms
Time of Eulerian Tour : 15.58 ms
Time of update data structure : 3.19 ms
Time of PR-RST module : 0.93 ms
Time of Pointer Jumping : 0.65 ms
Time of Path Reversal : 0.07 ms
Time of Hash Table look up : 0.02 ms
Time of Update rep array : 0.02 ms


filename: com-Orkut.egr
Number of deleted tree edges: 1967
numVert: 3072441, num_edges: 234370166 and delete batch size: 100000

Total execution time of all functions: 41.6616 ms.

Function execution times:
Time of Super graph Creation : 28.76 ms
Time of Eulerian Tour : 9.54 ms
Time of update data structure : 2.14 ms
Time of PR-RST module : 0.69 ms
Time of Pointer Jumping : 0.45 ms
Time of Path Reversal : 0.05 ms
Time of Hash Table look up : 0.02 ms
Time of Update rep array : 0.01 ms


filename: com-Orkut.egr
Number of deleted tree edges: 1974
numVert: 3072441, num_edges: 234370166 and delete batch size: 100000

Total execution time of all functions: 55.5522 ms.

Function execution times:
Time of Super graph Creation : 35.59 ms
Time of Eulerian Tour : 15.18 ms
Time of update data structure : 3.16 ms
Time of PR-RST module : 0.87 ms
Time of Pointer Jumping : 0.65 ms
Time of Path Reversal : 0.07 ms
Time of Hash Table look up : 0.02 ms
Time of Update rep array : 0.02 ms


filename: com-Orkut.egr
Number of deleted tree edges: 222
numVert: 3072441, num_edges: 234370166 and delete batch size: 10000

Total execution time of all functions: 55.6921 ms.

Function execution times:
Time of Super graph Creation : 35.15 ms
Time of Eulerian Tour : 15.97 ms
Time of update data structure : 3.20 ms
Time of PR-RST module : 0.64 ms
Time of Pointer Jumping : 0.63 ms
Time of Path Reversal : 0.06 ms
Time of Hash Table look up : 0.02 ms
Time of Update rep array : 0.02 ms


filename: com-Orkut.egr
Number of deleted tree edges: 196
numVert: 3072441, num_edges: 234370166 and delete batch size: 10000

Total execution time of all functions: 40.0666 ms.

Function execution times:
Time of Super graph Creation : 27.31 ms
Time of Eulerian Tour : 9.61 ms
Time of update data structure : 2.10 ms
Time of PR-RST module : 0.54 ms
Time of Pointer Jumping : 0.43 ms
Time of Path Reversal : 0.05 ms
Time of Hash Table look up : 0.01 ms
Time of Update rep array : 0.01 ms


filename: com-Orkut.egr
Number of deleted tree edges: 206
numVert: 3072441, num_edges: 234370166 and delete batch size: 10000

Total execution time of all functions: 55.2351 ms.

Function execution times:
Time of Super graph Creation : 35.50 ms
Time of Eulerian Tour : 15.36 ms
Time of update data structure : 2.99 ms
Time of PR-RST module : 0.64 ms
Time of Pointer Jumping : 0.64 ms
Time of Path Reversal : 0.06 ms
Time of Hash Table look up : 0.02 ms
Time of Update rep array : 0.02 ms


filename: com-Orkut.egr
Number of deleted tree edges: 204
numVert: 3072441, num_edges: 234370166 and delete batch size: 10000

Total execution time of all functions: 59.2742 ms.

Function execution times:
Time of Super graph Creation : 35.13 ms
Time of Eulerian Tour : 17.48 ms
Time of update data structure : 3.93 ms
Time of Pointer Jumping : 1.96 ms
Time of PR-RST module : 0.67 ms
Time of Path Reversal : 0.07 ms
Time of Hash Table look up : 0.02 ms
Time of Update rep array : 0.02 ms


filename: com-Orkut.egr
Number of deleted tree edges: 188
numVert: 3072441, num_edges: 234370166 and delete batch size: 10000

Total execution time of all functions: 54.8835 ms.

Function execution times:
Time of Super graph Creation : 35.28 ms
Time of Eulerian Tour : 15.24 ms
Time of update data structure : 2.99 ms
Time of PR-RST module : 0.64 ms
Time of Pointer Jumping : 0.63 ms
Time of Path Reversal : 0.06 ms
Time of Hash Table look up : 0.02 ms
Time of Update rep array : 0.02 ms


filename: com-Orkut.egr
Number of deleted tree edges: 0
numVert: 3072441, num_edges: 234370166 and delete batch size: 100

Total execution time of all functions: 48.2733 ms.

Function execution times:
Time of Super graph Creation : 29.47 ms
Time of Eulerian Tour : 15.22 ms
Time of update data structure : 2.94 ms
Time of Pointer Jumping : 0.63 ms
Time of Update rep array : 0.02 ms


filename: com-Orkut.egr
Number of deleted tree edges: 0
numVert: 3072441, num_edges: 234370166 and delete batch size: 100

Total execution time of all functions: 48.7207 ms.

Function execution times:
Time of Super graph Creation : 29.52 ms
Time of Eulerian Tour : 15.57 ms
Time of update data structure : 2.99 ms
Time of Pointer Jumping : 0.63 ms
Time of Update rep array : 0.02 ms


filename: com-Orkut.egr
Number of deleted tree edges: 5
numVert: 3072441, num_edges: 234370166 and delete batch size: 100

Total execution time of all functions: 50.3761 ms.

Function execution times:
Time of Super graph Creation : 31.12 ms
Time of Eulerian Tour : 15.19 ms
Time of update data structure : 2.95 ms
Time of Pointer Jumping : 0.63 ms
Time of PR-RST module : 0.39 ms
Time of Path Reversal : 0.06 ms
Time of Hash Table look up : 0.02 ms
Time of Update rep array : 0.02 ms


filename: com-Orkut.egr
Number of deleted tree edges: 6
numVert: 3072441, num_edges: 234370166 and delete batch size: 100

Total execution time of all functions: 52.1078 ms.

Function execution times:
Time of Super graph Creation : 32.57 ms
Time of Eulerian Tour : 15.38 ms
Time of update data structure : 3.05 ms
Time of Pointer Jumping : 0.63 ms
Time of PR-RST module : 0.39 ms
Time of Path Reversal : 0.06 ms
Time of Update rep array : 0.02 ms
Time of Hash Table look up : 0.02 ms


filename: com-Orkut.egr
Number of deleted tree edges: 2
numVert: 3072441, num_edges: 234370166 and delete batch size: 100

Total execution time of all functions: 52.4629 ms.

Function execution times:
Time of Super graph Creation : 32.77 ms
Time of Eulerian Tour : 15.47 ms
Time of update data structure : 3.15 ms
Time of Pointer Jumping : 0.63 ms
Time of PR-RST module : 0.34 ms
Time of Path Reversal : 0.06 ms
Time of Hash Table look up : 0.02 ms
Time of Update rep array : 0.02 ms


filename: com-Orkut.egr
Number of deleted tree edges: 18
numVert: 3072441, num_edges: 234370166 and delete batch size: 1000

Total execution time of all functions: 52.6765 ms.

Function execution times:
Time of Super graph Creation : 32.88 ms
Time of Eulerian Tour : 15.59 ms
Time of update data structure : 3.00 ms
Time of Pointer Jumping : 0.63 ms
Time of PR-RST module : 0.49 ms
Time of Path Reversal : 0.06 ms
Time of Hash Table look up : 0.02 ms
Time of Update rep array : 0.01 ms


filename: com-Orkut.egr
Number of deleted tree edges: 20
numVert: 3072441, num_edges: 234370166 and delete batch size: 1000

Total execution time of all functions: 52.829 ms.

Function execution times:
Time of Super graph Creation : 33.40 ms
Time of Eulerian Tour : 15.16 ms
Time of update data structure : 3.03 ms
Time of Pointer Jumping : 0.63 ms
Time of PR-RST module : 0.51 ms
Time of Path Reversal : 0.06 ms
Time of Hash Table look up : 0.02 ms
Time of Update rep array : 0.02 ms


filename: com-Orkut.egr
Number of deleted tree edges: 18
numVert: 3072441, num_edges: 234370166 and delete batch size: 1000

Total execution time of all functions: 52.2486 ms.

Function execution times:
Time of Super graph Creation : 32.97 ms
Time of Eulerian Tour : 15.01 ms
Time of update data structure : 3.07 ms
Time of Pointer Jumping : 0.62 ms
Time of PR-RST module : 0.48 ms
Time of Path Reversal : 0.06 ms
Time of Hash Table look up : 0.02 ms
Time of Update rep array : 0.01 ms


filename: com-Orkut.egr
Number of deleted tree edges: 19
numVert: 3072441, num_edges: 234370166 and delete batch size: 1000

Total execution time of all functions: 52.4323 ms.

Function execution times:
Time of Super graph Creation : 33.30 ms
Time of Eulerian Tour : 14.95 ms
Time of update data structure : 2.98 ms
Time of Pointer Jumping : 0.62 ms
Time of PR-RST module : 0.48 ms
Time of Path Reversal : 0.06 ms
Time of Hash Table look up : 0.02 ms
Time of Update rep array : 0.02 ms


filename: com-Orkut.egr
Number of deleted tree edges: 22
numVert: 3072441, num_edges: 234370166 and delete batch size: 1000

Total execution time of all functions: 53.5138 ms.

Function execution times:
Time of Super graph Creation : 33.53 ms
Time of Eulerian Tour : 15.77 ms
Time of update data structure : 3.00 ms
Time of Pointer Jumping : 0.63 ms
Time of PR-RST module : 0.49 ms
Time of Path Reversal : 0.06 ms
Time of Hash Table look up : 0.02 ms
Time of Update rep array : 0.02 ms
