

filename: europe_osm.egr
Number of deleted tree edges: 16545
numVert: 50912018, num_edges: 108109320 and delete batch size: 100000

Total execution time of all functions: 115.828 ms.

Function execution times:
Time of Eulerian Tour : 76.51 ms
Time of Super graph Creation : 18.71 ms
Time of Pointer Jumping : 13.62 ms
Time of PR-RST module : 4.33 ms
Time of update data structure : 1.70 ms
Time of Path Reversal : 0.92 ms
Time of Hash Table look up : 0.02 ms
Time of Update rep array : 0.02 ms


filename: europe_osm.egr
Number of deleted tree edges: 16373
numVert: 50912018, num_edges: 108109320 and delete batch size: 100000

Total execution time of all functions: 110.169 ms.

Function execution times:
Time of Eulerian Tour : 76.96 ms
Time of Super graph Creation : 14.49 ms
Time of Pointer Jumping : 12.40 ms
Time of PR-RST module : 3.87 ms
Time of update data structure : 1.76 ms
Time of Path Reversal : 0.65 ms
Time of Hash Table look up : 0.02 ms
Time of Update rep array : 0.02 ms


filename: europe_osm.egr
Number of deleted tree edges: 16251
numVert: 50912018, num_edges: 108109320 and delete batch size: 100000

Total execution time of all functions: 116.137 ms.

Function execution times:
Time of Eulerian Tour : 77.06 ms
Time of Super graph Creation : 18.69 ms
Time of Pointer Jumping : 13.61 ms
Time of PR-RST module : 4.09 ms
Time of update data structure : 1.70 ms
Time of Path Reversal : 0.94 ms
Time of Hash Table look up : 0.02 ms
Time of Update rep array : 0.02 ms


filename: europe_osm.egr
Number of deleted tree edges: 16136
numVert: 50912018, num_edges: 108109320 and delete batch size: 100000

Total execution time of all functions: 108.714 ms.

Function execution times:
Time of Eulerian Tour : 76.50 ms
Time of Super graph Creation : 14.61 ms
Time of Pointer Jumping : 12.47 ms
Time of PR-RST module : 2.72 ms
Time of update data structure : 1.71 ms
Time of Path Reversal : 0.67 ms
Time of Hash Table look up : 0.02 ms
Time of Update rep array : 0.02 ms


filename: europe_osm.egr
Number of deleted tree edges: 16498
numVert: 50912018, num_edges: 108109320 and delete batch size: 100000

Total execution time of all functions: 115.612 ms.

Function execution times:
Time of Eulerian Tour : 76.24 ms
Time of Super graph Creation : 18.68 ms
Time of Pointer Jumping : 13.60 ms
Time of PR-RST module : 4.37 ms
Time of update data structure : 1.77 ms
Time of Path Reversal : 0.91 ms
Time of Update rep array : 0.02 ms
Time of Hash Table look up : 0.02 ms


filename: europe_osm.egr
Number of deleted tree edges: 1666
numVert: 50912018, num_edges: 108109320 and delete batch size: 10000

Total execution time of all functions: 101.278 ms.

Function execution times:
Time of Eulerian Tour : 72.34 ms
Time of Super graph Creation : 14.82 ms
Time of Pointer Jumping : 10.69 ms
Time of update data structure : 1.60 ms
Time of PR-RST module : 1.30 ms
Time of Path Reversal : 0.50 ms
Time of Hash Table look up : 0.02 ms
Time of Update rep array : 0.02 ms


filename: europe_osm.egr
Number of deleted tree edges: 1633
numVert: 50912018, num_edges: 108109320 and delete batch size: 10000

Total execution time of all functions: 111.686 ms.

Function execution times:
Time of Eulerian Tour : 77.44 ms
Time of Super graph Creation : 17.30 ms
Time of Pointer Jumping : 12.76 ms
Time of PR-RST module : 2.03 ms
Time of update data structure : 1.58 ms
Time of Path Reversal : 0.52 ms
Time of Hash Table look up : 0.02 ms
Time of Update rep array : 0.02 ms


filename: europe_osm.egr
Number of deleted tree edges: 1621
numVert: 50912018, num_edges: 108109320 and delete batch size: 10000

Total execution time of all functions: 111.412 ms.

Function execution times:
Time of Eulerian Tour : 77.02 ms
Time of Super graph Creation : 17.30 ms
Time of Pointer Jumping : 12.76 ms
Time of PR-RST module : 2.03 ms
Time of update data structure : 1.70 ms
Time of Path Reversal : 0.57 ms
Time of Hash Table look up : 0.02 ms
Time of Update rep array : 0.02 ms


filename: europe_osm.egr
Number of deleted tree edges: 1615
numVert: 50912018, num_edges: 108109320 and delete batch size: 10000

Total execution time of all functions: 103.861 ms.

Function execution times:
Time of Eulerian Tour : 75.83 ms
Time of Super graph Creation : 13.93 ms
Time of Pointer Jumping : 9.87 ms
Time of PR-RST module : 2.17 ms
Time of update data structure : 1.57 ms
Time of Path Reversal : 0.46 ms
Time of Hash Table look up : 0.02 ms
Time of Update rep array : 0.02 ms


filename: europe_osm.egr
Number of deleted tree edges: 1594
numVert: 50912018, num_edges: 108109320 and delete batch size: 10000

Total execution time of all functions: 110.87 ms.

Function execution times:
Time of Eulerian Tour : 77.02 ms
Time of Super graph Creation : 17.33 ms
Time of Pointer Jumping : 12.75 ms
Time of update data structure : 1.62 ms
Time of PR-RST module : 1.53 ms
Time of Path Reversal : 0.58 ms
Time of Hash Table look up : 0.02 ms
Time of Update rep array : 0.02 ms


filename: europe_osm.egr
Number of deleted tree edges: 10
numVert: 50912018, num_edges: 108109320 and delete batch size: 100

Total execution time of all functions: 102.227 ms.

Function execution times:
Time of Eulerian Tour : 76.41 ms
Time of Super graph Creation : 13.64 ms
Time of Pointer Jumping : 9.85 ms
Time of update data structure : 1.58 ms
Time of PR-RST module : 0.38 ms
Time of Path Reversal : 0.33 ms
Time of Update rep array : 0.02 ms
Time of Hash Table look up : 0.01 ms


filename: europe_osm.egr
Number of deleted tree edges: 14
numVert: 50912018, num_edges: 108109320 and delete batch size: 100

Total execution time of all functions: 108.093 ms.

Function execution times:
Time of Eulerian Tour : 76.70 ms
Time of Super graph Creation : 16.37 ms
Time of Pointer Jumping : 12.53 ms
Time of update data structure : 1.60 ms
Time of PR-RST module : 0.44 ms
Time of Path Reversal : 0.42 ms
Time of Update rep array : 0.02 ms
Time of Hash Table look up : 0.02 ms


filename: europe_osm.egr
Number of deleted tree edges: 23
numVert: 50912018, num_edges: 108109320 and delete batch size: 100

Total execution time of all functions: 109.297 ms.

Function execution times:
Time of Eulerian Tour : 77.63 ms
Time of Super graph Creation : 16.62 ms
Time of Pointer Jumping : 12.54 ms
Time of update data structure : 1.56 ms
Time of PR-RST module : 0.49 ms
Time of Path Reversal : 0.43 ms
Time of Hash Table look up : 0.02 ms
Time of Update rep array : 0.02 ms


filename: europe_osm.egr
Number of deleted tree edges: 21
numVert: 50912018, num_edges: 108109320 and delete batch size: 100

Total execution time of all functions: 101.698 ms.

Function execution times:
Time of Eulerian Tour : 75.23 ms
Time of Super graph Creation : 14.02 ms
Time of Pointer Jumping : 10.08 ms
Time of update data structure : 1.56 ms
Time of PR-RST module : 0.44 ms
Time of Path Reversal : 0.34 ms
Time of Update rep array : 0.02 ms
Time of Hash Table look up : 0.02 ms


filename: europe_osm.egr
Number of deleted tree edges: 17
numVert: 50912018, num_edges: 108109320 and delete batch size: 100

Total execution time of all functions: 108.647 ms.

Function execution times:
Time of Eulerian Tour : 77.00 ms
Time of Super graph Creation : 16.56 ms
Time of Pointer Jumping : 12.53 ms
Time of update data structure : 1.62 ms
Time of PR-RST module : 0.49 ms
Time of Path Reversal : 0.42 ms
Time of Hash Table look up : 0.02 ms
Time of Update rep array : 0.02 ms


filename: europe_osm.egr
Number of deleted tree edges: 182
numVert: 50912018, num_edges: 108109320 and delete batch size: 1000

Total execution time of all functions: 110.239 ms.

Function execution times:
Time of Eulerian Tour : 77.68 ms
Time of Super graph Creation : 17.46 ms
Time of Pointer Jumping : 12.57 ms
Time of update data structure : 1.64 ms
Time of PR-RST module : 0.54 ms
Time of Path Reversal : 0.32 ms
Time of Update rep array : 0.02 ms
Time of Hash Table look up : 0.02 ms


filename: europe_osm.egr
Number of deleted tree edges: 173
numVert: 50912018, num_edges: 108109320 and delete batch size: 1000

Total execution time of all functions: 111.196 ms.

Function execution times:
Time of Eulerian Tour : 76.91 ms
Time of Super graph Creation : 17.42 ms
Time of Pointer Jumping : 14.17 ms
Time of update data structure : 1.58 ms
Time of PR-RST module : 0.64 ms
Time of Path Reversal : 0.44 ms
Time of Hash Table look up : 0.02 ms
Time of Update rep array : 0.02 ms


filename: europe_osm.egr
Number of deleted tree edges: 150
numVert: 50912018, num_edges: 108109320 and delete batch size: 1000

Total execution time of all functions: 108.873 ms.

Function execution times:
Time of Eulerian Tour : 76.17 ms
Time of Super graph Creation : 17.46 ms
Time of Pointer Jumping : 12.55 ms
Time of update data structure : 1.58 ms
Time of PR-RST module : 0.65 ms
Time of Path Reversal : 0.43 ms
Time of Update rep array : 0.02 ms
Time of Hash Table look up : 0.02 ms


filename: europe_osm.egr
Number of deleted tree edges: 159
numVert: 50912018, num_edges: 108109320 and delete batch size: 1000

Total execution time of all functions: 110.245 ms.

Function execution times:
Time of Eulerian Tour : 77.59 ms
Time of Super graph Creation : 17.37 ms
Time of Pointer Jumping : 12.56 ms
Time of update data structure : 1.60 ms
Time of PR-RST module : 0.66 ms
Time of Path Reversal : 0.43 ms
Time of Hash Table look up : 0.02 ms
Time of Update rep array : 0.02 ms


filename: europe_osm.egr
Number of deleted tree edges: 148
numVert: 50912018, num_edges: 108109320 and delete batch size: 1000

Total execution time of all functions: 107.167 ms.

Function execution times:
Time of Eulerian Tour : 77.82 ms
Time of Super graph Creation : 13.96 ms
Time of Pointer Jumping : 12.56 ms
Time of update data structure : 1.57 ms
Time of PR-RST module : 0.91 ms
Time of Path Reversal : 0.32 ms
Time of Update rep array : 0.02 ms
Time of Hash Table look up : 0.01 ms
