

filename: hollywood-2009.egr
Number of deleted tree edges: 1518
numVert: 1139905, num_edges: 112840436 and delete batch size: 100000

Total execution time of all functions: 21.1 ms.

Function execution times:
Time of Super graph Creation : 13.68 ms
Time of Eulerian Tour : 5.15 ms
Time of update data structure : 1.24 ms
Time of PR-RST module : 0.67 ms
Time of Pointer Jumping : 0.29 ms
Time of Path Reversal : 0.04 ms
Time of Hash Table look up : 0.02 ms
Time of Update rep array : 0.01 ms


filename: hollywood-2009.egr
Number of deleted tree edges: 1431
numVert: 1139905, num_edges: 112840436 and delete batch size: 100000

Total execution time of all functions: 21.1203 ms.

Function execution times:
Time of Super graph Creation : 13.63 ms
Time of Eulerian Tour : 5.22 ms
Time of update data structure : 1.23 ms
Time of PR-RST module : 0.68 ms
Time of Pointer Jumping : 0.29 ms
Time of Path Reversal : 0.04 ms
Time of Hash Table look up : 0.02 ms
Time of Update rep array : 0.01 ms


filename: hollywood-2009.egr
Number of deleted tree edges: 1470
numVert: 1139905, num_edges: 112840436 and delete batch size: 100000

Total execution time of all functions: 21.0939 ms.

Function execution times:
Time of Super graph Creation : 13.64 ms
Time of Eulerian Tour : 5.12 ms
Time of update data structure : 1.30 ms
Time of PR-RST module : 0.68 ms
Time of Pointer Jumping : 0.29 ms
Time of Path Reversal : 0.04 ms
Time of Hash Table look up : 0.01 ms
Time of Update rep array : 0.01 ms


filename: hollywood-2009.egr
Number of deleted tree edges: 1443
numVert: 1139905, num_edges: 112840436 and delete batch size: 100000

Total execution time of all functions: 20.9694 ms.

Function execution times:
Time of Super graph Creation : 13.69 ms
Time of Eulerian Tour : 5.00 ms
Time of update data structure : 1.23 ms
Time of PR-RST module : 0.69 ms
Time of Pointer Jumping : 0.29 ms
Time of Path Reversal : 0.04 ms
Time of Hash Table look up : 0.02 ms
Time of Update rep array : 0.01 ms


filename: hollywood-2009.egr
Number of deleted tree edges: 1445
numVert: 1139905, num_edges: 112840436 and delete batch size: 100000

Total execution time of all functions: 21.4062 ms.

Function execution times:
Time of Super graph Creation : 14.01 ms
Time of Eulerian Tour : 5.11 ms
Time of update data structure : 1.24 ms
Time of PR-RST module : 0.69 ms
Time of Pointer Jumping : 0.30 ms
Time of Path Reversal : 0.04 ms
Time of Hash Table look up : 0.02 ms
Time of Update rep array : 0.01 ms


filename: hollywood-2009.egr
Number of deleted tree edges: 133
numVert: 1139905, num_edges: 112840436 and delete batch size: 10000

Total execution time of all functions: 20.9455 ms.

Function execution times:
Time of Super graph Creation : 13.61 ms
Time of Eulerian Tour : 5.27 ms
Time of update data structure : 1.20 ms
Time of PR-RST module : 0.53 ms
Time of Pointer Jumping : 0.29 ms
Time of Path Reversal : 0.03 ms
Time of Hash Table look up : 0.01 ms
Time of Update rep array : 0.01 ms


filename: hollywood-2009.egr
Number of deleted tree edges: 153
numVert: 1139905, num_edges: 112840436 and delete batch size: 10000

Total execution time of all functions: 20.6876 ms.

Function execution times:
Time of Super graph Creation : 13.58 ms
Time of Eulerian Tour : 5.08 ms
Time of update data structure : 1.16 ms
Time of PR-RST module : 0.53 ms
Time of Pointer Jumping : 0.29 ms
Time of Path Reversal : 0.03 ms
Time of Hash Table look up : 0.01 ms
Time of Update rep array : 0.01 ms


filename: hollywood-2009.egr
Number of deleted tree edges: 157
numVert: 1139905, num_edges: 112840436 and delete batch size: 10000

Total execution time of all functions: 20.6526 ms.

Function execution times:
Time of Super graph Creation : 13.56 ms
Time of Eulerian Tour : 5.06 ms
Time of update data structure : 1.16 ms
Time of PR-RST module : 0.53 ms
Time of Pointer Jumping : 0.29 ms
Time of Path Reversal : 0.03 ms
Time of Hash Table look up : 0.01 ms
Time of Update rep array : 0.01 ms


filename: hollywood-2009.egr
Number of deleted tree edges: 139
numVert: 1139905, num_edges: 112840436 and delete batch size: 10000

Total execution time of all functions: 20.7355 ms.

Function execution times:
Time of Super graph Creation : 13.60 ms
Time of Eulerian Tour : 5.07 ms
Time of update data structure : 1.19 ms
Time of PR-RST module : 0.53 ms
Time of Pointer Jumping : 0.28 ms
Time of Path Reversal : 0.04 ms
Time of Hash Table look up : 0.01 ms
Time of Update rep array : 0.01 ms


filename: hollywood-2009.egr
Number of deleted tree edges: 147
numVert: 1139905, num_edges: 112840436 and delete batch size: 10000

Total execution time of all functions: 20.8433 ms.

Function execution times:
Time of Super graph Creation : 13.57 ms
Time of Eulerian Tour : 5.23 ms
Time of update data structure : 1.17 ms
Time of PR-RST module : 0.53 ms
Time of Pointer Jumping : 0.29 ms
Time of Path Reversal : 0.03 ms
Time of Hash Table look up : 0.01 ms
Time of Update rep array : 0.01 ms


filename: hollywood-2009.egr
Number of deleted tree edges: 1
numVert: 1139905, num_edges: 112840436 and delete batch size: 100

Total execution time of all functions: 19.7828 ms.

Function execution times:
Time of Super graph Creation : 12.99 ms
Time of Eulerian Tour : 5.06 ms
Time of update data structure : 1.16 ms
Time of Pointer Jumping : 0.28 ms
Time of PR-RST module : 0.23 ms
Time of Path Reversal : 0.03 ms
Time of Hash Table look up : 0.01 ms
Time of Update rep array : 0.01 ms


filename: hollywood-2009.egr
Number of deleted tree edges: 4
numVert: 1139905, num_edges: 112840436 and delete batch size: 100

Total execution time of all functions: 20.3603 ms.

Function execution times:
Time of Super graph Creation : 13.27 ms
Time of Eulerian Tour : 5.25 ms
Time of update data structure : 1.18 ms
Time of PR-RST module : 0.32 ms
Time of Pointer Jumping : 0.29 ms
Time of Path Reversal : 0.03 ms
Time of Hash Table look up : 0.01 ms
Time of Update rep array : 0.01 ms


filename: hollywood-2009.egr
Number of deleted tree edges: 2
numVert: 1139905, num_edges: 112840436 and delete batch size: 100

Total execution time of all functions: 19.8391 ms.

Function execution times:
Time of Super graph Creation : 12.99 ms
Time of Eulerian Tour : 5.09 ms
Time of update data structure : 1.14 ms
Time of Pointer Jumping : 0.28 ms
Time of PR-RST module : 0.28 ms
Time of Path Reversal : 0.03 ms
Time of Hash Table look up : 0.01 ms
Time of Update rep array : 0.01 ms


filename: hollywood-2009.egr
Number of deleted tree edges: 1
numVert: 1139905, num_edges: 112840436 and delete batch size: 100

Total execution time of all functions: 20.0136 ms.

Function execution times:
Time of Super graph Creation : 12.99 ms
Time of Eulerian Tour : 5.23 ms
Time of update data structure : 1.21 ms
Time of Pointer Jumping : 0.29 ms
Time of PR-RST module : 0.24 ms
Time of Path Reversal : 0.03 ms
Time of Hash Table look up : 0.01 ms
Time of Update rep array : 0.01 ms


filename: hollywood-2009.egr
Number of deleted tree edges: 0
numVert: 1139905, num_edges: 112840436 and delete batch size: 100

Total execution time of all functions: 19.2675 ms.

Function execution times:
Time of Super graph Creation : 12.75 ms
Time of Eulerian Tour : 5.06 ms
Time of update data structure : 1.17 ms
Time of Pointer Jumping : 0.28 ms
Time of Update rep array : 0.01 ms


filename: hollywood-2009.egr
Number of deleted tree edges: 17
numVert: 1139905, num_edges: 112840436 and delete batch size: 1000

Total execution time of all functions: 20.4202 ms.

Function execution times:
Time of Super graph Creation : 13.29 ms
Time of Eulerian Tour : 5.18 ms
Time of update data structure : 1.19 ms
Time of PR-RST module : 0.41 ms
Time of Pointer Jumping : 0.28 ms
Time of Path Reversal : 0.03 ms
Time of Hash Table look up : 0.01 ms
Time of Update rep array : 0.01 ms


filename: hollywood-2009.egr
Number of deleted tree edges: 15
numVert: 1139905, num_edges: 112840436 and delete batch size: 1000

Total execution time of all functions: 20.3496 ms.

Function execution times:
Time of Super graph Creation : 13.23 ms
Time of Eulerian Tour : 5.18 ms
Time of update data structure : 1.23 ms
Time of PR-RST module : 0.36 ms
Time of Pointer Jumping : 0.29 ms
Time of Path Reversal : 0.03 ms
Time of Hash Table look up : 0.01 ms
Time of Update rep array : 0.01 ms


filename: hollywood-2009.egr
Number of deleted tree edges: 25
numVert: 1139905, num_edges: 112840436 and delete batch size: 1000

Total execution time of all functions: 19.9968 ms.

Function execution times:
Time of Super graph Creation : 12.99 ms
Time of Eulerian Tour : 5.00 ms
Time of update data structure : 1.26 ms
Time of PR-RST module : 0.41 ms
Time of Pointer Jumping : 0.29 ms
Time of Path Reversal : 0.03 ms
Time of Hash Table look up : 0.01 ms
Time of Update rep array : 0.01 ms


filename: hollywood-2009.egr
Number of deleted tree edges: 17
numVert: 1139905, num_edges: 112840436 and delete batch size: 1000

Total execution time of all functions: 19.9548 ms.

Function execution times:
Time of Super graph Creation : 13.00 ms
Time of Eulerian Tour : 5.03 ms
Time of update data structure : 1.18 ms
Time of PR-RST module : 0.41 ms
Time of Pointer Jumping : 0.28 ms
Time of Path Reversal : 0.03 ms
Time of Hash Table look up : 0.01 ms
Time of Update rep array : 0.01 ms


filename: hollywood-2009.egr
Number of deleted tree edges: 15
numVert: 1139905, num_edges: 112840436 and delete batch size: 1000

Total execution time of all functions: 20.0716 ms.

Function execution times:
Time of Super graph Creation : 13.05 ms
Time of Eulerian Tour : 5.16 ms
Time of update data structure : 1.16 ms
Time of PR-RST module : 0.37 ms
Time of Pointer Jumping : 0.28 ms
Time of Path Reversal : 0.03 ms
Time of Hash Table look up : 0.01 ms
Time of Update rep array : 0.01 ms
