

filename: sx-stackoverflow.egr
Number of deleted tree edges: 4011
numVert: 2601977, num_edges: 56414194 and delete batch size: 100000

Total execution time of all functions: 18.7953 ms.

Function execution times:
Time of Eulerian Tour : 9.01 ms
Time of Super graph Creation : 7.73 ms
Time of update data structure : 0.81 ms
Time of PR-RST module : 0.73 ms
Time of Pointer Jumping : 0.44 ms
Time of Path Reversal : 0.05 ms
Time of Hash Table look up : 0.01 ms
Time of Update rep array : 0.01 ms


filename: sx-stackoverflow.egr
Number of deleted tree edges: 4009
numVert: 2601977, num_edges: 56414194 and delete batch size: 100000

Total execution time of all functions: 19.2601 ms.

Function execution times:
Time of Eulerian Tour : 8.94 ms
Time of Super graph Creation : 7.72 ms
Time of PR-RST module : 1.25 ms
Time of update data structure : 0.82 ms
Time of Pointer Jumping : 0.44 ms
Time of Path Reversal : 0.05 ms
Time of Hash Table look up : 0.02 ms
Time of Update rep array : 0.01 ms


filename: sx-stackoverflow.egr
Number of deleted tree edges: 3916
numVert: 2601977, num_edges: 56414194 and delete batch size: 100000

Total execution time of all functions: 20.0908 ms.

Function execution times:
Time of Eulerian Tour : 9.38 ms
Time of Super graph Creation : 8.15 ms
Time of PR-RST module : 1.24 ms
Time of update data structure : 0.81 ms
Time of Pointer Jumping : 0.44 ms
Time of Path Reversal : 0.06 ms
Time of Hash Table look up : 0.01 ms
Time of Update rep array : 0.01 ms


filename: sx-stackoverflow.egr
Number of deleted tree edges: 4080
numVert: 2601977, num_edges: 56414194 and delete batch size: 100000

Total execution time of all functions: 22.4069 ms.

Function execution times:
Time of Super graph Creation : 11.05 ms
Time of Eulerian Tour : 9.28 ms
Time of update data structure : 0.81 ms
Time of PR-RST module : 0.74 ms
Time of Pointer Jumping : 0.44 ms
Time of Path Reversal : 0.06 ms
Time of Hash Table look up : 0.01 ms
Time of Update rep array : 0.01 ms


filename: sx-stackoverflow.egr
Number of deleted tree edges: 3939
numVert: 2601977, num_edges: 56414194 and delete batch size: 100000

Total execution time of all functions: 21.8137 ms.

Function execution times:
Time of Super graph Creation : 10.60 ms
Time of Eulerian Tour : 8.66 ms
Time of PR-RST module : 1.24 ms
Time of update data structure : 0.80 ms
Time of Pointer Jumping : 0.44 ms
Time of Path Reversal : 0.06 ms
Time of Hash Table look up : 0.01 ms
Time of Update rep array : 0.01 ms


filename: sx-stackoverflow.egr
Number of deleted tree edges: 373
numVert: 2601977, num_edges: 56414194 and delete batch size: 10000

Total execution time of all functions: 18.6371 ms.

Function execution times:
Time of Eulerian Tour : 9.16 ms
Time of Super graph Creation : 7.67 ms
Time of update data structure : 0.75 ms
Time of PR-RST module : 0.57 ms
Time of Pointer Jumping : 0.43 ms
Time of Path Reversal : 0.04 ms
Time of Hash Table look up : 0.01 ms
Time of Update rep array : 0.01 ms


filename: sx-stackoverflow.egr
Number of deleted tree edges: 406
numVert: 2601977, num_edges: 56414194 and delete batch size: 10000

Total execution time of all functions: 18.3186 ms.

Function execution times:
Time of Eulerian Tour : 8.86 ms
Time of Super graph Creation : 7.63 ms
Time of update data structure : 0.76 ms
Time of PR-RST module : 0.57 ms
Time of Pointer Jumping : 0.43 ms
Time of Path Reversal : 0.05 ms
Time of Hash Table look up : 0.01 ms
Time of Update rep array : 0.01 ms


filename: sx-stackoverflow.egr
Number of deleted tree edges: 370
numVert: 2601977, num_edges: 56414194 and delete batch size: 10000

Total execution time of all functions: 18.3659 ms.

Function execution times:
Time of Eulerian Tour : 8.87 ms
Time of Super graph Creation : 7.66 ms
Time of update data structure : 0.76 ms
Time of PR-RST module : 0.57 ms
Time of Pointer Jumping : 0.43 ms
Time of Path Reversal : 0.04 ms
Time of Hash Table look up : 0.01 ms
Time of Update rep array : 0.01 ms


filename: sx-stackoverflow.egr
Number of deleted tree edges: 398
numVert: 2601977, num_edges: 56414194 and delete batch size: 10000

Total execution time of all functions: 18.293 ms.

Function execution times:
Time of Eulerian Tour : 8.81 ms
Time of Super graph Creation : 7.65 ms
Time of update data structure : 0.76 ms
Time of PR-RST module : 0.57 ms
Time of Pointer Jumping : 0.43 ms
Time of Path Reversal : 0.05 ms
Time of Hash Table look up : 0.01 ms
Time of Update rep array : 0.01 ms


filename: sx-stackoverflow.egr
Number of deleted tree edges: 427
numVert: 2601977, num_edges: 56414194 and delete batch size: 10000

Total execution time of all functions: 18.4814 ms.

Function execution times:
Time of Eulerian Tour : 9.01 ms
Time of Super graph Creation : 7.64 ms
Time of update data structure : 0.76 ms
Time of PR-RST module : 0.58 ms
Time of Pointer Jumping : 0.43 ms
Time of Path Reversal : 0.04 ms
Time of Hash Table look up : 0.01 ms
Time of Update rep array : 0.01 ms


filename: sx-stackoverflow.egr
Number of deleted tree edges: 2
numVert: 2601977, num_edges: 56414194 and delete batch size: 100

Total execution time of all functions: 18.1246 ms.

Function execution times:
Time of Eulerian Tour : 9.09 ms
Time of Super graph Creation : 7.50 ms
Time of update data structure : 0.75 ms
Time of Pointer Jumping : 0.43 ms
Time of PR-RST module : 0.28 ms
Time of Path Reversal : 0.04 ms
Time of Hash Table look up : 0.01 ms
Time of Update rep array : 0.01 ms


filename: sx-stackoverflow.egr
Number of deleted tree edges: 4
numVert: 2601977, num_edges: 56414194 and delete batch size: 100

Total execution time of all functions: 18.1076 ms.

Function execution times:
Time of Eulerian Tour : 9.10 ms
Time of Super graph Creation : 7.47 ms
Time of update data structure : 0.74 ms
Time of Pointer Jumping : 0.43 ms
Time of PR-RST module : 0.32 ms
Time of Path Reversal : 0.04 ms
Time of Hash Table look up : 0.01 ms
Time of Update rep array : 0.01 ms


filename: sx-stackoverflow.egr
Number of deleted tree edges: 7
numVert: 2601977, num_edges: 56414194 and delete batch size: 100

Total execution time of all functions: 18.6352 ms.

Function execution times:
Time of Eulerian Tour : 9.28 ms
Time of Super graph Creation : 7.79 ms
Time of update data structure : 0.75 ms
Time of Pointer Jumping : 0.42 ms
Time of PR-RST module : 0.32 ms
Time of Path Reversal : 0.04 ms
Time of Hash Table look up : 0.01 ms
Time of Update rep array : 0.01 ms


filename: sx-stackoverflow.egr
Number of deleted tree edges: 1
numVert: 2601977, num_edges: 56414194 and delete batch size: 100

Total execution time of all functions: 17.6805 ms.

Function execution times:
Time of Eulerian Tour : 8.85 ms
Time of Super graph Creation : 7.39 ms
Time of update data structure : 0.73 ms
Time of Pointer Jumping : 0.42 ms
Time of PR-RST module : 0.24 ms
Time of Path Reversal : 0.04 ms
Time of Hash Table look up : 0.01 ms
Time of Update rep array : 0.01 ms


filename: sx-stackoverflow.egr
Number of deleted tree edges: 4
numVert: 2601977, num_edges: 56414194 and delete batch size: 100

Total execution time of all functions: 17.8212 ms.

Function execution times:
Time of Eulerian Tour : 8.82 ms
Time of Super graph Creation : 7.45 ms
Time of update data structure : 0.75 ms
Time of Pointer Jumping : 0.42 ms
Time of PR-RST module : 0.32 ms
Time of Path Reversal : 0.04 ms
Time of Hash Table look up : 0.01 ms
Time of Update rep array : 0.01 ms


filename: sx-stackoverflow.egr
Number of deleted tree edges: 40
numVert: 2601977, num_edges: 56414194 and delete batch size: 1000

Total execution time of all functions: 18.6597 ms.

Function execution times:
Time of Eulerian Tour : 9.34 ms
Time of Super graph Creation : 7.62 ms
Time of update data structure : 0.77 ms
Time of PR-RST module : 0.44 ms
Time of Pointer Jumping : 0.42 ms
Time of Path Reversal : 0.04 ms
Time of Hash Table look up : 0.01 ms
Time of Update rep array : 0.01 ms


filename: sx-stackoverflow.egr
Number of deleted tree edges: 38
numVert: 2601977, num_edges: 56414194 and delete batch size: 1000

Total execution time of all functions: 18.0816 ms.

Function execution times:
Time of Eulerian Tour : 8.93 ms
Time of Super graph Creation : 7.49 ms
Time of update data structure : 0.74 ms
Time of PR-RST module : 0.43 ms
Time of Pointer Jumping : 0.43 ms
Time of Path Reversal : 0.04 ms
Time of Update rep array : 0.01 ms
Time of Hash Table look up : 0.01 ms


filename: sx-stackoverflow.egr
Number of deleted tree edges: 29
numVert: 2601977, num_edges: 56414194 and delete batch size: 1000

Total execution time of all functions: 18.5413 ms.

Function execution times:
Time of Eulerian Tour : 9.14 ms
Time of Super graph Creation : 7.73 ms
Time of update data structure : 0.78 ms
Time of Pointer Jumping : 0.43 ms
Time of PR-RST module : 0.39 ms
Time of Path Reversal : 0.04 ms
Time of Hash Table look up : 0.01 ms
Time of Update rep array : 0.01 ms


filename: sx-stackoverflow.egr
Number of deleted tree edges: 41
numVert: 2601977, num_edges: 56414194 and delete batch size: 1000

Total execution time of all functions: 18.1736 ms.

Function execution times:
Time of Eulerian Tour : 8.98 ms
Time of Super graph Creation : 7.52 ms
Time of update data structure : 0.75 ms
Time of PR-RST module : 0.43 ms
Time of Pointer Jumping : 0.43 ms
Time of Path Reversal : 0.04 ms
Time of Hash Table look up : 0.01 ms
Time of Update rep array : 0.01 ms


filename: sx-stackoverflow.egr
Number of deleted tree edges: 37
numVert: 2601977, num_edges: 56414194 and delete batch size: 1000

Total execution time of all functions: 18.1805 ms.

Function execution times:
Time of Eulerian Tour : 9.01 ms
Time of Super graph Creation : 7.50 ms
Time of update data structure : 0.75 ms
Time of PR-RST module : 0.44 ms
Time of Pointer Jumping : 0.43 ms
Time of Path Reversal : 0.04 ms
Time of Hash Table look up : 0.01 ms
Time of Update rep array : 0.01 ms
