

filename: kron_g500-logn18.egr
Root: 165107
The input parent array is a BFS tree.
Number of deleted tree edges: 44653
numVert: 262144, num_edges: 21269364 and delete batch size: 100000

Root: 165107
Selected Algorithm: HS_ET_PR
Finding Replacement edges using HS.
Number of roots: 44001
Number of cross-edges: 653
Insertion into hashtable over.
num of superComponents: 44654
Reversing the paths using PR module 
Executing path_reversal:

Total execution time for Deletion: 11.9921 ms.

Function execution times:
Time of HS: Find Repl edges : 9.97 ms
Time of Path Reversal : 0.52 ms
Time of Update data structure : 0.36 ms
Time of Finding unique comps : 0.36 ms
Time of PR_Shortcut : 0.33 ms
Time of ET: Orientation : 0.24 ms
Time of Pointer Jumping : 0.19 ms
Time of Hashtable insertion : 0.02 ms
Time of Update rep array : 0.01 ms

Input tree not connected. num_comp: 44001
Selected Algorithm: HS_ET_PR
Finding Replacement edges using HS.
Number of roots: 1
Number of cross-edges: 44000
Insertion into hashtable over.
num of superComponents: 44001
Reversing the paths using PR module 
Executing path_reversal:

Total execution time for Insertion: 5.32 ms.

Function execution times:
Time of ET: Orientation : 1.78 ms
Time of HS: Find Repl edges : 1.43 ms
Time of Finding unique comps : 1.01 ms
Time of Path Reversal : 0.52 ms
Time of PR_Shortcut : 0.36 ms
Time of Pointer Jumping : 0.19 ms
Time of Hashtable insertion : 0.02 ms
Time of Update rep array : 0.01 ms

Executing validate part.
numComp in the graph: 1


filename: kron_g500-logn18.egr
Root: 201021
The input parent array is a BFS tree.
Number of deleted tree edges: 64493
numVert: 262144, num_edges: 21269364 and delete batch size: 100000

Root: 201021
Selected Algorithm: HS_ET_PR
Finding Replacement edges using HS.
Number of roots: 64001
Number of cross-edges: 493
Insertion into hashtable over.
num of superComponents: 64494
Reversing the paths using PR module 
Executing path_reversal:

Total execution time for Deletion: 6.58422 ms.

Function execution times:
Time of HS: Find Repl edges : 4.65 ms
Time of Path Reversal : 0.50 ms
Time of Finding unique comps : 0.34 ms
Time of Update data structure : 0.34 ms
Time of PR_Shortcut : 0.32 ms
Time of ET: Orientation : 0.22 ms
Time of Pointer Jumping : 0.19 ms
Time of Hashtable insertion : 0.02 ms
Time of Update rep array : 0.01 ms

Input tree not connected. num_comp: 64001
Selected Algorithm: HS_ET_PR
Finding Replacement edges using HS.
Number of roots: 1
Number of cross-edges: 64000
Insertion into hashtable over.
num of superComponents: 64001
Reversing the paths using PR module 
Executing path_reversal:

Total execution time for Insertion: 7.99 ms.

Function execution times:
Time of ET: Orientation : 3.92 ms
Time of HS: Find Repl edges : 1.99 ms
Time of Finding unique comps : 1.01 ms
Time of Path Reversal : 0.52 ms
Time of PR_Shortcut : 0.33 ms
Time of Pointer Jumping : 0.19 ms
Time of Hashtable insertion : 0.02 ms
Time of Update rep array : 0.01 ms

Executing validate part.
numComp in the graph: 1


filename: kron_g500-logn18.egr
Root: 134196
The input parent array is a BFS tree.
Number of deleted tree edges: 45606
numVert: 262144, num_edges: 21269364 and delete batch size: 100000

Root: 134196
Selected Algorithm: HS_ET_PR
Finding Replacement edges using HS.
Number of roots: 45001
Number of cross-edges: 606
Insertion into hashtable over.
num of superComponents: 45607
Reversing the paths using PR module 
Executing path_reversal:

Total execution time for Deletion: 8.63258 ms.

Function execution times:
Time of HS: Find Repl edges : 6.73 ms
Time of Path Reversal : 0.51 ms
Time of Update data structure : 0.33 ms
Time of PR_Shortcut : 0.31 ms
Time of Finding unique comps : 0.31 ms
Time of ET: Orientation : 0.23 ms
Time of Pointer Jumping : 0.19 ms
Time of Hashtable insertion : 0.02 ms
Time of Update rep array : 0.01 ms

Input tree not connected. num_comp: 45001
Selected Algorithm: HS_ET_PR
Finding Replacement edges using HS.
Number of roots: 1
Number of cross-edges: 45000
Insertion into hashtable over.
num of superComponents: 45001
Reversing the paths using PR module 
Executing path_reversal:

Total execution time for Insertion: 5.77 ms.

Function execution times:
Time of HS: Find Repl edges : 1.92 ms
Time of ET: Orientation : 1.78 ms
Time of Finding unique comps : 1.00 ms
Time of Path Reversal : 0.52 ms
Time of PR_Shortcut : 0.32 ms
Time of Pointer Jumping : 0.19 ms
Time of Hashtable insertion : 0.02 ms
Time of Update rep array : 0.01 ms

Executing validate part.
numComp in the graph: 1


filename: kron_g500-logn18.egr
Root: 126129
The input parent array is a BFS tree.
Number of deleted tree edges: 58511
numVert: 262144, num_edges: 21269364 and delete batch size: 100000

Root: 126129
Selected Algorithm: HS_ET_PR
Finding Replacement edges using HS.
Number of roots: 58000
Number of cross-edges: 512
Insertion into hashtable over.
num of superComponents: 58512
Reversing the paths using PR module 
Executing path_reversal:

Total execution time for Deletion: 6.91982 ms.

Function execution times:
Time of HS: Find Repl edges : 4.97 ms
Time of Path Reversal : 0.49 ms
Time of Update data structure : 0.36 ms
Time of Finding unique comps : 0.35 ms
Time of PR_Shortcut : 0.31 ms
Time of ET: Orientation : 0.22 ms
Time of Pointer Jumping : 0.18 ms
Time of Hashtable insertion : 0.02 ms
Time of Update rep array : 0.01 ms

Input tree not connected. num_comp: 58000
Selected Algorithm: HS_ET_PR
Finding Replacement edges using HS.
Number of roots: 1
Number of cross-edges: 57999
Insertion into hashtable over.
num of superComponents: 58000
Reversing the paths using PR module 
Executing path_reversal:

Total execution time for Insertion: 6.50 ms.

Function execution times:
Time of ET: Orientation : 2.86 ms
Time of HS: Find Repl edges : 1.56 ms
Time of Finding unique comps : 1.01 ms
Time of Path Reversal : 0.52 ms
Time of PR_Shortcut : 0.33 ms
Time of Pointer Jumping : 0.19 ms
Time of Hashtable insertion : 0.02 ms
Time of Update rep array : 0.01 ms

Executing validate part.
numComp in the graph: 1


filename: kron_g500-logn18.egr
Root: 3059
The input parent array is a BFS tree.
Number of deleted tree edges: 44643
numVert: 262144, num_edges: 21269364 and delete batch size: 100000

Root: 3059
Selected Algorithm: HS_ET_PR
Finding Replacement edges using HS.
Number of roots: 44001
Number of cross-edges: 643
Insertion into hashtable over.
num of superComponents: 44644
Reversing the paths using PR module 
Executing path_reversal:

Total execution time for Deletion: 8.95294 ms.

Function execution times:
Time of HS: Find Repl edges : 6.98 ms
Time of Path Reversal : 0.51 ms
Time of Finding unique comps : 0.36 ms
Time of Update data structure : 0.35 ms
Time of PR_Shortcut : 0.31 ms
Time of ET: Orientation : 0.23 ms
Time of Pointer Jumping : 0.19 ms
Time of Hashtable insertion : 0.02 ms
Time of Update rep array : 0.01 ms

Input tree not connected. num_comp: 44001
Selected Algorithm: HS_ET_PR
Finding Replacement edges using HS.
Number of roots: 1
Number of cross-edges: 44000
Insertion into hashtable over.
num of superComponents: 44001
Reversing the paths using PR module 
Executing path_reversal:

Total execution time for Insertion: 5.17 ms.

Function execution times:
Time of ET: Orientation : 1.78 ms
Time of HS: Find Repl edges : 1.32 ms
Time of Finding unique comps : 1.01 ms
Time of Path Reversal : 0.52 ms
Time of PR_Shortcut : 0.32 ms
Time of Pointer Jumping : 0.19 ms
Time of Hashtable insertion : 0.02 ms
Time of Update rep array : 0.01 ms

Executing validate part.
numComp in the graph: 1


filename: kron_g500-logn18.egr
Root: 79571
The input parent array is a BFS tree.
Number of deleted tree edges: 5657
numVert: 262144, num_edges: 21269364 and delete batch size: 10000

Root: 79571
Selected Algorithm: HS_ET_PR
Finding Replacement edges using HS.
Number of roots: 5601
Number of cross-edges: 57
Insertion into hashtable over.
num of superComponents: 5658
Reversing the paths using PR module 
Executing path_reversal:

Total execution time for Deletion: 3.24557 ms.

Function execution times:
Time of HS: Find Repl edges : 1.39 ms
Time of Path Reversal : 0.50 ms
Time of Update data structure : 0.34 ms
Time of PR_Shortcut : 0.32 ms
Time of Finding unique comps : 0.28 ms
Time of ET: Orientation : 0.21 ms
Time of Pointer Jumping : 0.19 ms
Time of Hashtable insertion : 0.01 ms
Time of Update rep array : 0.01 ms

Input tree not connected. num_comp: 5601
Selected Algorithm: HS_ET_PR
Finding Replacement edges using HS.
Number of roots: 1
Number of cross-edges: 5600
Insertion into hashtable over.
num of superComponents: 5601
Reversing the paths using PR module 
Executing path_reversal:

Total execution time for Insertion: 7.93 ms.

Function execution times:
Time of ET: Orientation : 3.96 ms
Time of HS: Find Repl edges : 1.92 ms
Time of Finding unique comps : 1.01 ms
Time of Path Reversal : 0.50 ms
Time of PR_Shortcut : 0.32 ms
Time of Pointer Jumping : 0.19 ms
Time of Hashtable insertion : 0.02 ms
Time of Update rep array : 0.01 ms

Executing validate part.
numComp in the graph: 1


filename: kron_g500-logn18.egr
Root: 78666
The input parent array is a BFS tree.
Number of deleted tree edges: 5851
numVert: 262144, num_edges: 21269364 and delete batch size: 10000

Root: 78666
Selected Algorithm: HS_ET_PR
Finding Replacement edges using HS.
Number of roots: 5801
Number of cross-edges: 51
Insertion into hashtable over.
num of superComponents: 5852
Reversing the paths using PR module 
Executing path_reversal:

Total execution time for Deletion: 3.71212 ms.

Function execution times:
Time of HS: Find Repl edges : 1.95 ms
Time of Path Reversal : 0.48 ms
Time of Update data structure : 0.31 ms
Time of PR_Shortcut : 0.31 ms
Time of Finding unique comps : 0.25 ms
Time of ET: Orientation : 0.20 ms
Time of Pointer Jumping : 0.18 ms
Time of Hashtable insertion : 0.01 ms
Time of Update rep array : 0.01 ms

Input tree not connected. num_comp: 5801
Selected Algorithm: HS_ET_PR
Finding Replacement edges using HS.
Number of roots: 1
Number of cross-edges: 5800
Insertion into hashtable over.
num of superComponents: 5801
Reversing the paths using PR module 
Executing path_reversal:

Total execution time for Insertion: 5.82 ms.

Function execution times:
Time of ET: Orientation : 2.60 ms
Time of HS: Find Repl edges : 1.17 ms
Time of Finding unique comps : 1.01 ms
Time of Path Reversal : 0.50 ms
Time of PR_Shortcut : 0.32 ms
Time of Pointer Jumping : 0.19 ms
Time of Hashtable insertion : 0.02 ms
Time of Update rep array : 0.01 ms

Executing validate part.
numComp in the graph: 1


filename: kron_g500-logn18.egr
Root: 15280
The input parent array is a BFS tree.
Number of deleted tree edges: 5071
numVert: 262144, num_edges: 21269364 and delete batch size: 10000

Root: 15280
Selected Algorithm: HS_ET_PR
Finding Replacement edges using HS.
Number of roots: 5001
Number of cross-edges: 71
Insertion into hashtable over.
num of superComponents: 5072
Reversing the paths using PR module 
Executing path_reversal:

Total execution time for Deletion: 3.95886 ms.

Function execution times:
Time of HS: Find Repl edges : 2.17 ms
Time of Path Reversal : 0.48 ms
Time of Update data structure : 0.32 ms
Time of PR_Shortcut : 0.31 ms
Time of Finding unique comps : 0.27 ms
Time of ET: Orientation : 0.20 ms
Time of Pointer Jumping : 0.19 ms
Time of Hashtable insertion : 0.01 ms
Time of Update rep array : 0.01 ms

Input tree not connected. num_comp: 5001
Selected Algorithm: HS_ET_PR
Finding Replacement edges using HS.
Number of roots: 1
Number of cross-edges: 5000
Insertion into hashtable over.
num of superComponents: 5001
Reversing the paths using PR module 
Executing path_reversal:

Total execution time for Insertion: 5.82 ms.

Function execution times:
Time of ET: Orientation : 2.61 ms
Time of HS: Find Repl edges : 1.16 ms
Time of Finding unique comps : 1.01 ms
Time of Path Reversal : 0.50 ms
Time of PR_Shortcut : 0.32 ms
Time of Pointer Jumping : 0.19 ms
Time of Hashtable insertion : 0.02 ms
Time of Update rep array : 0.01 ms

Executing validate part.
numComp in the graph: 1


filename: kron_g500-logn18.egr
Root: 247885
The input parent array is a BFS tree.
Number of deleted tree edges: 6145
numVert: 262144, num_edges: 21269364 and delete batch size: 10000

Root: 247885
Selected Algorithm: HS_ET_PR
Finding Replacement edges using HS.
Number of roots: 6101
Number of cross-edges: 45
Insertion into hashtable over.
num of superComponents: 6146
Reversing the paths using PR module 
Executing path_reversal:

Total execution time for Deletion: 4.72384 ms.

Function execution times:
Time of HS: Find Repl edges : 2.94 ms
Time of Path Reversal : 0.48 ms
Time of Update data structure : 0.31 ms
Time of PR_Shortcut : 0.31 ms
Time of Finding unique comps : 0.26 ms
Time of ET: Orientation : 0.21 ms
Time of Pointer Jumping : 0.19 ms
Time of Hashtable insertion : 0.01 ms
Time of Update rep array : 0.01 ms

Input tree not connected. num_comp: 6101
Selected Algorithm: HS_ET_PR
Finding Replacement edges using HS.
Number of roots: 1
Number of cross-edges: 6100
Insertion into hashtable over.
num of superComponents: 6101
Reversing the paths using PR module 
Executing path_reversal:

Total execution time for Insertion: 5.81 ms.

Function execution times:
Time of ET: Orientation : 2.02 ms
Time of HS: Find Repl edges : 1.74 ms
Time of Finding unique comps : 1.00 ms
Time of Path Reversal : 0.50 ms
Time of PR_Shortcut : 0.32 ms
Time of Pointer Jumping : 0.19 ms
Time of Hashtable insertion : 0.01 ms
Time of Update rep array : 0.01 ms

Executing validate part.
numComp in the graph: 1


filename: kron_g500-logn18.egr
Root: 220469
The input parent array is a BFS tree.
Number of deleted tree edges: 6143
numVert: 262144, num_edges: 21269364 and delete batch size: 10000

Root: 220469
Selected Algorithm: HS_ET_PR
Finding Replacement edges using HS.
Number of roots: 6101
Number of cross-edges: 43
Insertion into hashtable over.
num of superComponents: 6144
Reversing the paths using PR module 
Executing path_reversal:

Total execution time for Deletion: 3.11346 ms.

Function execution times:
Time of HS: Find Repl edges : 1.33 ms
Time of Path Reversal : 0.48 ms
Time of Update data structure : 0.31 ms
Time of PR_Shortcut : 0.31 ms
Time of Finding unique comps : 0.28 ms
Time of ET: Orientation : 0.20 ms
Time of Pointer Jumping : 0.19 ms
Time of Hashtable insertion : 0.01 ms
Time of Update rep array : 0.01 ms

Input tree not connected. num_comp: 6101
Selected Algorithm: HS_ET_PR
Finding Replacement edges using HS.
Number of roots: 1
Number of cross-edges: 6100
Insertion into hashtable over.
num of superComponents: 6101
Reversing the paths using PR module 
Executing path_reversal:

Total execution time for Insertion: 5.81 ms.

Function execution times:
Time of ET: Orientation : 2.61 ms
Time of HS: Find Repl edges : 1.15 ms
Time of Finding unique comps : 1.00 ms
Time of Path Reversal : 0.51 ms
Time of PR_Shortcut : 0.32 ms
Time of Pointer Jumping : 0.19 ms
Time of Hashtable insertion : 0.01 ms
Time of Update rep array : 0.01 ms

Executing validate part.
numComp in the graph: 1


filename: kron_g500-logn18.egr
Root: 85464
The input parent array is a BFS tree.
Number of deleted tree edges: 68
numVert: 262144, num_edges: 21269364 and delete batch size: 100

Root: 85464
Selected Algorithm: HS_ET_PR
Finding Replacement edges using HS.
Number of roots: 69
Number of cross-edges: 0

Total execution time for Deletion: 1.15019 ms.

Function execution times:
Time of HS: Find Repl edges : 0.49 ms
Time of Update data structure : 0.33 ms
Time of Pointer Jumping : 0.18 ms
Time of Finding unique comps : 0.13 ms
Time of Update rep array : 0.01 ms

Input tree not connected. num_comp: 69
Selected Algorithm: HS_ET_PR
Finding Replacement edges using HS.
Number of roots: 1
Number of cross-edges: 68
Insertion into hashtable over.
num of superComponents: 69
Reversing the paths using PR module 
Executing path_reversal:

Total execution time for Insertion: 3.00 ms.

Function execution times:
Time of Finding unique comps : 1.00 ms
Time of HS: Find Repl edges : 0.76 ms
Time of Path Reversal : 0.49 ms
Time of PR_Shortcut : 0.33 ms
Time of ET: Orientation : 0.21 ms
Time of Pointer Jumping : 0.19 ms
Time of Hashtable insertion : 0.01 ms
Time of Update rep array : 0.01 ms

Executing validate part.
numComp in the graph: 1


filename: kron_g500-logn18.egr
Root: 38700
The input parent array is a BFS tree.
Number of deleted tree edges: 49
numVert: 262144, num_edges: 21269364 and delete batch size: 100

Root: 38700
Selected Algorithm: HS_ET_PR
Finding Replacement edges using HS.
Number of roots: 50
Number of cross-edges: 0

Total execution time for Deletion: 1.1221 ms.

Function execution times:
Time of HS: Find Repl edges : 0.49 ms
Time of Update data structure : 0.31 ms
Time of Pointer Jumping : 0.18 ms
Time of Finding unique comps : 0.13 ms
Time of Update rep array : 0.01 ms

Input tree not connected. num_comp: 50
Selected Algorithm: HS_ET_PR
Finding Replacement edges using HS.
Number of roots: 1
Number of cross-edges: 49
Insertion into hashtable over.
num of superComponents: 50
Reversing the paths using PR module 
Executing path_reversal:

Total execution time for Insertion: 2.86 ms.

Function execution times:
Time of Finding unique comps : 1.00 ms
Time of HS: Find Repl edges : 0.63 ms
Time of Path Reversal : 0.49 ms
Time of PR_Shortcut : 0.33 ms
Time of ET: Orientation : 0.21 ms
Time of Pointer Jumping : 0.19 ms
Time of Hashtable insertion : 0.01 ms
Time of Update rep array : 0.01 ms

Executing validate part.
numComp in the graph: 1


filename: kron_g500-logn18.egr
Root: 4954
The input parent array is a BFS tree.
Number of deleted tree edges: 51
numVert: 262144, num_edges: 21269364 and delete batch size: 100

Root: 4954
Selected Algorithm: HS_ET_PR
Finding Replacement edges using HS.
Number of roots: 51
Number of cross-edges: 1
Insertion into hashtable over.
num of superComponents: 52
Reversing the paths using PR module 
Executing path_reversal:

Total execution time for Deletion: 2.32347 ms.

Function execution times:
Time of HS: Find Repl edges : 0.72 ms
Time of Path Reversal : 0.46 ms
Time of Update data structure : 0.31 ms
Time of PR_Shortcut : 0.31 ms
Time of Pointer Jumping : 0.18 ms
Time of ET: Orientation : 0.18 ms
Time of Finding unique comps : 0.13 ms
Time of Hashtable insertion : 0.01 ms
Time of Update rep array : 0.01 ms

Input tree not connected. num_comp: 51
Selected Algorithm: HS_ET_PR
Finding Replacement edges using HS.
Number of roots: 1
Number of cross-edges: 50
Insertion into hashtable over.
num of superComponents: 51
Reversing the paths using PR module 
Executing path_reversal:

Total execution time for Insertion: 2.95 ms.

Function execution times:
Time of Finding unique comps : 1.00 ms
Time of HS: Find Repl edges : 0.72 ms
Time of Path Reversal : 0.49 ms
Time of PR_Shortcut : 0.32 ms
Time of ET: Orientation : 0.20 ms
Time of Pointer Jumping : 0.19 ms
Time of Hashtable insertion : 0.01 ms
Time of Update rep array : 0.01 ms

Executing validate part.
numComp in the graph: 1


filename: kron_g500-logn18.egr
Root: 64491
The input parent array is a BFS tree.
Number of deleted tree edges: 53
numVert: 262144, num_edges: 21269364 and delete batch size: 100

Root: 64491
Selected Algorithm: HS_ET_PR
Finding Replacement edges using HS.
Number of roots: 52
Number of cross-edges: 2
Insertion into hashtable over.
num of superComponents: 54
Reversing the paths using PR module 
Executing path_reversal:

Total execution time for Deletion: 2.66376 ms.

Function execution times:
Time of HS: Find Repl edges : 1.04 ms
Time of Path Reversal : 0.46 ms
Time of Update data structure : 0.33 ms
Time of PR_Shortcut : 0.32 ms
Time of Pointer Jumping : 0.18 ms
Time of ET: Orientation : 0.18 ms
Time of Finding unique comps : 0.13 ms
Time of Hashtable insertion : 0.01 ms
Time of Update rep array : 0.01 ms

Input tree not connected. num_comp: 52
Selected Algorithm: HS_ET_PR
Finding Replacement edges using HS.
Number of roots: 1
Number of cross-edges: 51
Insertion into hashtable over.
num of superComponents: 52
Reversing the paths using PR module 
Executing path_reversal:

Total execution time for Insertion: 2.76 ms.

Function execution times:
Time of Finding unique comps : 1.01 ms
Time of HS: Find Repl edges : 0.53 ms
Time of Path Reversal : 0.49 ms
Time of PR_Shortcut : 0.33 ms
Time of ET: Orientation : 0.20 ms
Time of Pointer Jumping : 0.19 ms
Time of Hashtable insertion : 0.01 ms
Time of Update rep array : 0.01 ms

Executing validate part.
numComp in the graph: 1


filename: kron_g500-logn18.egr
Root: 87620
The input parent array is a BFS tree.
Number of deleted tree edges: 42
numVert: 262144, num_edges: 21269364 and delete batch size: 100

Root: 87620
Selected Algorithm: HS_ET_PR
Finding Replacement edges using HS.
Number of roots: 43
Number of cross-edges: 0

Total execution time for Deletion: 1.15543 ms.

Function execution times:
Time of HS: Find Repl edges : 0.49 ms
Time of Update data structure : 0.32 ms
Time of Pointer Jumping : 0.20 ms
Time of Finding unique comps : 0.14 ms
Time of Update rep array : 0.01 ms

Input tree not connected. num_comp: 43
Selected Algorithm: HS_ET_PR
Finding Replacement edges using HS.
Number of roots: 1
Number of cross-edges: 42
Insertion into hashtable over.
num of superComponents: 43
Reversing the paths using PR module 
Executing path_reversal:

Total execution time for Insertion: 3.12 ms.

Function execution times:
Time of Finding unique comps : 1.00 ms
Time of HS: Find Repl edges : 0.89 ms
Time of Path Reversal : 0.48 ms
Time of PR_Shortcut : 0.33 ms
Time of ET: Orientation : 0.21 ms
Time of Pointer Jumping : 0.19 ms
Time of Hashtable insertion : 0.01 ms
Time of Update rep array : 0.01 ms

Executing validate part.
numComp in the graph: 1


filename: kron_g500-logn18.egr
Root: 127811
The input parent array is a BFS tree.
Number of deleted tree edges: 550
numVert: 262144, num_edges: 21269364 and delete batch size: 1000

Root: 127811
Selected Algorithm: HS_ET_PR
Finding Replacement edges using HS.
Number of roots: 541
Number of cross-edges: 10
Insertion into hashtable over.
num of superComponents: 551
Reversing the paths using PR module 
Executing path_reversal:

Total execution time for Deletion: 3.00509 ms.

Function execution times:
Time of HS: Find Repl edges : 1.31 ms
Time of Path Reversal : 0.48 ms
Time of Update data structure : 0.32 ms
Time of PR_Shortcut : 0.31 ms
Time of ET: Orientation : 0.19 ms
Time of Pointer Jumping : 0.19 ms
Time of Finding unique comps : 0.18 ms
Time of Hashtable insertion : 0.01 ms
Time of Update rep array : 0.01 ms

Input tree not connected. num_comp: 541
Selected Algorithm: HS_ET_PR
Finding Replacement edges using HS.
Number of roots: 1
Number of cross-edges: 540
Insertion into hashtable over.
num of superComponents: 541
Reversing the paths using PR module 
Executing path_reversal:

Total execution time for Insertion: 3.07 ms.

Function execution times:
Time of Finding unique comps : 1.01 ms
Time of HS: Find Repl edges : 0.80 ms
Time of Path Reversal : 0.50 ms
Time of PR_Shortcut : 0.33 ms
Time of ET: Orientation : 0.22 ms
Time of Pointer Jumping : 0.19 ms
Time of Hashtable insertion : 0.01 ms
Time of Update rep array : 0.01 ms

Executing validate part.
numComp in the graph: 1


filename: kron_g500-logn18.egr
Root: 127029
The input parent array is a BFS tree.
Number of deleted tree edges: 656
numVert: 262144, num_edges: 21269364 and delete batch size: 1000

Root: 127029
Selected Algorithm: HS_ET_PR
Finding Replacement edges using HS.
Number of roots: 651
Number of cross-edges: 6
Insertion into hashtable over.
num of superComponents: 657
Reversing the paths using PR module 
Executing path_reversal:

Total execution time for Deletion: 2.73186 ms.

Function execution times:
Time of HS: Find Repl edges : 1.05 ms
Time of Path Reversal : 0.47 ms
Time of Update data structure : 0.33 ms
Time of PR_Shortcut : 0.31 ms
Time of Pointer Jumping : 0.18 ms
Time of ET: Orientation : 0.18 ms
Time of Finding unique comps : 0.18 ms
Time of Hashtable insertion : 0.01 ms
Time of Update rep array : 0.01 ms

Input tree not connected. num_comp: 651
Selected Algorithm: HS_ET_PR
Finding Replacement edges using HS.
Number of roots: 1
Number of cross-edges: 650
Insertion into hashtable over.
num of superComponents: 651
Reversing the paths using PR module 
Executing path_reversal:

Total execution time for Insertion: 3.14 ms.

Function execution times:
Time of Finding unique comps : 1.01 ms
Time of HS: Find Repl edges : 0.88 ms
Time of Path Reversal : 0.50 ms
Time of PR_Shortcut : 0.32 ms
Time of ET: Orientation : 0.22 ms
Time of Pointer Jumping : 0.19 ms
Time of Hashtable insertion : 0.01 ms
Time of Update rep array : 0.01 ms

Executing validate part.
numComp in the graph: 1


filename: kron_g500-logn18.egr
Root: 60296
The input parent array is a BFS tree.
Number of deleted tree edges: 574
numVert: 262144, num_edges: 21269364 and delete batch size: 1000

Root: 60296
Selected Algorithm: HS_ET_PR
Finding Replacement edges using HS.
Number of roots: 571
Number of cross-edges: 4
Insertion into hashtable over.
num of superComponents: 575
Reversing the paths using PR module 
Executing path_reversal:

Total execution time for Deletion: 3.00381 ms.

Function execution times:
Time of HS: Find Repl edges : 1.30 ms
Time of Path Reversal : 0.47 ms
Time of Update data structure : 0.36 ms
Time of PR_Shortcut : 0.31 ms
Time of Pointer Jumping : 0.19 ms
Time of Finding unique comps : 0.18 ms
Time of ET: Orientation : 0.18 ms
Time of Hashtable insertion : 0.01 ms
Time of Update rep array : 0.01 ms

Input tree not connected. num_comp: 571
Selected Algorithm: HS_ET_PR
Finding Replacement edges using HS.
Number of roots: 1
Number of cross-edges: 570
Insertion into hashtable over.
num of superComponents: 571
Reversing the paths using PR module 
Executing path_reversal:

Total execution time for Insertion: 3.18 ms.

Function execution times:
Time of Finding unique comps : 1.01 ms
Time of HS: Find Repl edges : 0.92 ms
Time of Path Reversal : 0.49 ms
Time of PR_Shortcut : 0.32 ms
Time of ET: Orientation : 0.22 ms
Time of Pointer Jumping : 0.19 ms
Time of Hashtable insertion : 0.01 ms
Time of Update rep array : 0.01 ms

Executing validate part.
numComp in the graph: 1


filename: kron_g500-logn18.egr
Root: 180384
The input parent array is a BFS tree.
Number of deleted tree edges: 624
numVert: 262144, num_edges: 21269364 and delete batch size: 1000

Root: 180384
Selected Algorithm: HS_ET_PR
Finding Replacement edges using HS.
Number of roots: 621
Number of cross-edges: 4
Insertion into hashtable over.
num of superComponents: 625
Reversing the paths using PR module 
Executing path_reversal:

Total execution time for Deletion: 2.45571 ms.

Function execution times:
Time of HS: Find Repl edges : 0.81 ms
Time of Path Reversal : 0.47 ms
Time of Update data structure : 0.31 ms
Time of PR_Shortcut : 0.31 ms
Time of Pointer Jumping : 0.18 ms
Time of Finding unique comps : 0.18 ms
Time of ET: Orientation : 0.18 ms
Time of Hashtable insertion : 0.01 ms
Time of Update rep array : 0.01 ms

Input tree not connected. num_comp: 621
Selected Algorithm: HS_ET_PR
Finding Replacement edges using HS.
Number of roots: 1
Number of cross-edges: 620
Insertion into hashtable over.
num of superComponents: 621
Reversing the paths using PR module 
Executing path_reversal:

Total execution time for Insertion: 3.27 ms.

Function execution times:
Time of HS: Find Repl edges : 1.02 ms
Time of Finding unique comps : 1.01 ms
Time of Path Reversal : 0.49 ms
Time of PR_Shortcut : 0.32 ms
Time of ET: Orientation : 0.22 ms
Time of Pointer Jumping : 0.19 ms
Time of Hashtable insertion : 0.01 ms
Time of Update rep array : 0.01 ms

Executing validate part.
numComp in the graph: 1


filename: kron_g500-logn18.egr
Root: 788
The input parent array is a BFS tree.
Number of deleted tree edges: 497
numVert: 262144, num_edges: 21269364 and delete batch size: 1000

Root: 788
Selected Algorithm: HS_ET_PR
Finding Replacement edges using HS.
Number of roots: 491
Number of cross-edges: 7
Insertion into hashtable over.
num of superComponents: 498
Reversing the paths using PR module 
Executing path_reversal:

Total execution time for Deletion: 3.04129 ms.

Function execution times:
Time of HS: Find Repl edges : 1.35 ms
Time of Path Reversal : 0.47 ms
Time of Update data structure : 0.35 ms
Time of PR_Shortcut : 0.31 ms
Time of Pointer Jumping : 0.18 ms
Time of ET: Orientation : 0.18 ms
Time of Finding unique comps : 0.17 ms
Time of Hashtable insertion : 0.01 ms
Time of Update rep array : 0.01 ms

Input tree not connected. num_comp: 491
Selected Algorithm: HS_ET_PR
Finding Replacement edges using HS.
Number of roots: 1
Number of cross-edges: 490
Insertion into hashtable over.
num of superComponents: 491
Reversing the paths using PR module 
Executing path_reversal:

Total execution time for Insertion: 3.36 ms.

Function execution times:
Time of HS: Find Repl edges : 1.10 ms
Time of Finding unique comps : 1.01 ms
Time of Path Reversal : 0.49 ms
Time of PR_Shortcut : 0.32 ms
Time of ET: Orientation : 0.22 ms
Time of Pointer Jumping : 0.19 ms
Time of Hashtable insertion : 0.01 ms
Time of Update rep array : 0.01 ms

Executing validate part.
numComp in the graph: 1
