

filename: sx-stackoverflow.egr
Root: 1655762
The input parent array is a BFS tree.
Number of deleted tree edges: 57029
numVert: 2601977, num_edges: 56414194 and delete batch size: 100000

Root: 1655762
Selected Algorithm: HS_ET_PR
Finding Replacement edges using HS.
Number of roots: 55001
Number of cross-edges: 2029
Insertion into hashtable over.
num of superComponents: 57030
Reversing the paths using PR module 
Executing path_reversal:

Total execution time for Deletion: 23.3995 ms.

Function execution times:
Time of HS: Find Repl edges : 15.08 ms
Time of PR_Shortcut : 4.16 ms
Time of Path Reversal : 1.74 ms
Time of ET: Orientation : 0.99 ms
Time of Update data structure : 0.81 ms
Time of Pointer Jumping : 0.43 ms
Time of Finding unique comps : 0.17 ms
Time of Hashtable insertion : 0.02 ms
Time of Update rep array : 0.01 ms

Input tree not connected. num_comp: 55001
Selected Algorithm: HS_ET_PR
Finding Replacement edges using HS.
Number of roots: 1
Number of cross-edges: 55000
Insertion into hashtable over.
num of superComponents: 55001
Reversing the paths using PR module 
Executing path_reversal:

Total execution time for Insertion: 19.76 ms.

Function execution times:
Time of HS: Find Repl edges : 9.44 ms
Time of PR_Shortcut : 4.27 ms
Time of ET: Orientation : 2.83 ms
Time of Path Reversal : 1.75 ms
Time of Finding unique comps : 1.01 ms
Time of Pointer Jumping : 0.43 ms
Time of Hashtable insertion : 0.03 ms
Time of Update rep array : 0.01 ms

Executing validate part.
numComp in the graph: 1


filename: sx-stackoverflow.egr
Root: 2249453
The input parent array is a BFS tree.
Number of deleted tree edges: 49130
numVert: 2601977, num_edges: 56414194 and delete batch size: 100000

Root: 2249453
Selected Algorithm: HS_ET_PR
Finding Replacement edges using HS.
Number of roots: 47001
Number of cross-edges: 2130
Insertion into hashtable over.
num of superComponents: 49131
Reversing the paths using PR module 
Executing path_reversal:

Total execution time for Deletion: 20.3808 ms.

Function execution times:
Time of HS: Find Repl edges : 12.02 ms
Time of PR_Shortcut : 4.15 ms
Time of Path Reversal : 1.73 ms
Time of ET: Orientation : 1.03 ms
Time of Update data structure : 0.78 ms
Time of Pointer Jumping : 0.43 ms
Time of Finding unique comps : 0.22 ms
Time of Hashtable insertion : 0.02 ms
Time of Update rep array : 0.01 ms

Input tree not connected. num_comp: 47001
Selected Algorithm: HS_ET_PR
Finding Replacement edges using HS.
Number of roots: 1
Number of cross-edges: 47000
Insertion into hashtable over.
num of superComponents: 47001
Reversing the paths using PR module 
Executing path_reversal:

Total execution time for Insertion: 18.32 ms.

Function execution times:
Time of HS: Find Repl edges : 7.98 ms
Time of PR_Shortcut : 4.28 ms
Time of ET: Orientation : 2.83 ms
Time of Path Reversal : 1.74 ms
Time of Finding unique comps : 1.01 ms
Time of Pointer Jumping : 0.43 ms
Time of Hashtable insertion : 0.02 ms
Time of Update rep array : 0.01 ms

Executing validate part.
numComp in the graph: 1


filename: sx-stackoverflow.egr
Root: 229838
The input parent array is a BFS tree.
Number of deleted tree edges: 56915
numVert: 2601977, num_edges: 56414194 and delete batch size: 100000

Root: 229838
Selected Algorithm: HS_ET_PR
Finding Replacement edges using HS.
Number of roots: 55001
Number of cross-edges: 1915
Insertion into hashtable over.
num of superComponents: 56916
Reversing the paths using PR module 
Executing path_reversal:

Total execution time for Deletion: 31.3982 ms.

Function execution times:
Time of HS: Find Repl edges : 22.94 ms
Time of PR_Shortcut : 4.24 ms
Time of Path Reversal : 1.74 ms
Time of ET: Orientation : 0.99 ms
Time of Update data structure : 0.80 ms
Time of Pointer Jumping : 0.42 ms
Time of Finding unique comps : 0.22 ms
Time of Hashtable insertion : 0.02 ms
Time of Update rep array : 0.01 ms

Input tree not connected. num_comp: 55001
Selected Algorithm: HS_ET_PR
Finding Replacement edges using HS.
Number of roots: 1
Number of cross-edges: 55000
Insertion into hashtable over.
num of superComponents: 55001
Reversing the paths using PR module 
Executing path_reversal:

Total execution time for Insertion: 19.30 ms.

Function execution times:
Time of HS: Find Repl edges : 8.82 ms
Time of PR_Shortcut : 4.27 ms
Time of ET: Orientation : 2.83 ms
Time of Path Reversal : 1.89 ms
Time of Finding unique comps : 1.01 ms
Time of Pointer Jumping : 0.43 ms
Time of Hashtable insertion : 0.03 ms
Time of Update rep array : 0.01 ms

Executing validate part.
numComp in the graph: 1


filename: sx-stackoverflow.egr
Root: 1203936
The input parent array is a BFS tree.
Number of deleted tree edges: 57812
numVert: 2601977, num_edges: 56414194 and delete batch size: 100000

Root: 1203936
Selected Algorithm: HS_ET_PR
Finding Replacement edges using HS.
Number of roots: 56001
Number of cross-edges: 1812
Insertion into hashtable over.
num of superComponents: 57813
Reversing the paths using PR module 
Executing path_reversal:

Total execution time for Deletion: 23.9196 ms.

Function execution times:
Time of HS: Find Repl edges : 15.48 ms
Time of PR_Shortcut : 4.23 ms
Time of Path Reversal : 1.75 ms
Time of ET: Orientation : 0.99 ms
Time of Update data structure : 0.79 ms
Time of Pointer Jumping : 0.43 ms
Time of Finding unique comps : 0.22 ms
Time of Hashtable insertion : 0.02 ms
Time of Update rep array : 0.01 ms

Input tree not connected. num_comp: 56001
Selected Algorithm: HS_ET_PR
Finding Replacement edges using HS.
Number of roots: 1
Number of cross-edges: 56000
Insertion into hashtable over.
num of superComponents: 56001
Reversing the paths using PR module 
Executing path_reversal:

Total execution time for Insertion: 17.83 ms.

Function execution times:
Time of HS: Find Repl edges : 7.43 ms
Time of PR_Shortcut : 4.28 ms
Time of ET: Orientation : 2.83 ms
Time of Path Reversal : 1.80 ms
Time of Finding unique comps : 1.00 ms
Time of Pointer Jumping : 0.43 ms
Time of Hashtable insertion : 0.03 ms
Time of Update rep array : 0.01 ms

Executing validate part.
numComp in the graph: 1


filename: sx-stackoverflow.egr
Root: 116732
The input parent array is a BFS tree.
Number of deleted tree edges: 50030
numVert: 2601977, num_edges: 56414194 and delete batch size: 100000

Root: 116732
Selected Algorithm: HS_ET_PR
Finding Replacement edges using HS.
Number of roots: 48001
Number of cross-edges: 2030
Insertion into hashtable over.
num of superComponents: 50031
Reversing the paths using PR module 
Executing path_reversal:

Total execution time for Deletion: 48.9066 ms.

Function execution times:
Time of HS: Find Repl edges : 37.98 ms
Time of PR_Shortcut : 5.14 ms
Time of Path Reversal : 2.42 ms
Time of ET: Orientation : 1.43 ms
Time of Update data structure : 1.05 ms
Time of Pointer Jumping : 0.63 ms
Time of Finding unique comps : 0.21 ms
Time of Hashtable insertion : 0.03 ms
Time of Update rep array : 0.02 ms

Input tree not connected. num_comp: 48001
Selected Algorithm: HS_ET_PR
Finding Replacement edges using HS.
Number of roots: 1
Number of cross-edges: 48000
Insertion into hashtable over.
num of superComponents: 48001
Reversing the paths using PR module 
Executing path_reversal:

Total execution time for Insertion: 23.92 ms.

Function execution times:
Time of HS: Find Repl edges : 10.86 ms
Time of PR_Shortcut : 4.88 ms
Time of ET: Orientation : 4.29 ms
Time of Path Reversal : 2.20 ms
Time of Finding unique comps : 1.02 ms
Time of Pointer Jumping : 0.63 ms
Time of Hashtable insertion : 0.03 ms
Time of Update rep array : 0.01 ms

Executing validate part.
numComp in the graph: 1


filename: sx-stackoverflow.egr
Root: 2048249
The input parent array is a BFS tree.
Number of deleted tree edges: 4774
numVert: 2601977, num_edges: 56414194 and delete batch size: 10000

Root: 2048249
Selected Algorithm: HS_ET_PR
Finding Replacement edges using HS.
Number of roots: 4601
Number of cross-edges: 174
Insertion into hashtable over.
num of superComponents: 4775
Reversing the paths using PR module 
Executing path_reversal:

Total execution time for Deletion: 14.126 ms.

Function execution times:
Time of HS: Find Repl edges : 6.90 ms
Time of PR_Shortcut : 4.17 ms
Time of Path Reversal : 1.48 ms
Time of Update data structure : 0.73 ms
Time of Pointer Jumping : 0.42 ms
Time of ET: Orientation : 0.20 ms
Time of Finding unique comps : 0.19 ms
Time of Hashtable insertion : 0.02 ms
Time of Update rep array : 0.01 ms

Input tree not connected. num_comp: 4601
Selected Algorithm: HS_ET_PR
Finding Replacement edges using HS.
Number of roots: 1
Number of cross-edges: 4600
Insertion into hashtable over.
num of superComponents: 4601
Reversing the paths using PR module 
Executing path_reversal:

Total execution time for Insertion: 16.22 ms.

Function execution times:
Time of HS: Find Repl edges : 6.71 ms
Time of PR_Shortcut : 4.28 ms
Time of ET: Orientation : 2.28 ms
Time of Path Reversal : 1.49 ms
Time of Finding unique comps : 1.01 ms
Time of Pointer Jumping : 0.42 ms
Time of Hashtable insertion : 0.02 ms
Time of Update rep array : 0.01 ms

Executing validate part.
numComp in the graph: 1


filename: sx-stackoverflow.egr
Root: 1992985
The input parent array is a BFS tree.
Number of deleted tree edges: 5476
numVert: 2601977, num_edges: 56414194 and delete batch size: 10000

Root: 1992985
Selected Algorithm: HS_ET_PR
Finding Replacement edges using HS.
Number of roots: 5301
Number of cross-edges: 176
Insertion into hashtable over.
num of superComponents: 5477
Reversing the paths using PR module 
Executing path_reversal:

Total execution time for Deletion: 12.1786 ms.

Function execution times:
Time of HS: Find Repl edges : 4.95 ms
Time of PR_Shortcut : 4.26 ms
Time of Path Reversal : 1.47 ms
Time of Update data structure : 0.73 ms
Time of Pointer Jumping : 0.42 ms
Time of ET: Orientation : 0.20 ms
Time of Finding unique comps : 0.13 ms
Time of Hashtable insertion : 0.02 ms
Time of Update rep array : 0.01 ms

Input tree not connected. num_comp: 5301
Selected Algorithm: HS_ET_PR
Finding Replacement edges using HS.
Number of roots: 1
Number of cross-edges: 5300
Insertion into hashtable over.
num of superComponents: 5301
Reversing the paths using PR module 
Executing path_reversal:

Total execution time for Insertion: 13.89 ms.

Function execution times:
Time of HS: Find Repl edges : 4.78 ms
Time of PR_Shortcut : 4.28 ms
Time of ET: Orientation : 1.80 ms
Time of Path Reversal : 1.58 ms
Time of Finding unique comps : 1.00 ms
Time of Pointer Jumping : 0.43 ms
Time of Hashtable insertion : 0.02 ms
Time of Update rep array : 0.01 ms

Executing validate part.
numComp in the graph: 1


filename: sx-stackoverflow.egr
Root: 2552643
The input parent array is a BFS tree.
Number of deleted tree edges: 5276
numVert: 2601977, num_edges: 56414194 and delete batch size: 10000

Root: 2552643
Selected Algorithm: HS_ET_PR
Finding Replacement edges using HS.
Number of roots: 5101
Number of cross-edges: 176
Insertion into hashtable over.
num of superComponents: 5277
Reversing the paths using PR module 
Executing path_reversal:

Total execution time for Deletion: 11.3974 ms.

Function execution times:
Time of PR_Shortcut : 4.18 ms
Time of HS: Find Repl edges : 4.18 ms
Time of Path Reversal : 1.48 ms
Time of Update data structure : 0.74 ms
Time of Pointer Jumping : 0.42 ms
Time of ET: Orientation : 0.20 ms
Time of Finding unique comps : 0.18 ms
Time of Hashtable insertion : 0.01 ms
Time of Update rep array : 0.01 ms

Input tree not connected. num_comp: 5101
Selected Algorithm: HS_ET_PR
Finding Replacement edges using HS.
Number of roots: 1
Number of cross-edges: 5100
Insertion into hashtable over.
num of superComponents: 5101
Reversing the paths using PR module 
Executing path_reversal:

Total execution time for Insertion: 14.87 ms.

Function execution times:
Time of HS: Find Repl edges : 5.01 ms
Time of PR_Shortcut : 4.28 ms
Time of ET: Orientation : 2.63 ms
Time of Path Reversal : 1.50 ms
Time of Finding unique comps : 1.00 ms
Time of Pointer Jumping : 0.43 ms
Time of Hashtable insertion : 0.02 ms
Time of Update rep array : 0.01 ms

Executing validate part.
numComp in the graph: 1


filename: sx-stackoverflow.egr
Root: 2119787
The input parent array is a BFS tree.
Number of deleted tree edges: 4602
numVert: 2601977, num_edges: 56414194 and delete batch size: 10000

Root: 2119787
Selected Algorithm: HS_ET_PR
Finding Replacement edges using HS.
Number of roots: 4401
Number of cross-edges: 202
Insertion into hashtable over.
num of superComponents: 4603
Reversing the paths using PR module 
Executing path_reversal:

Total execution time for Deletion: 19.1274 ms.

Function execution times:
Time of HS: Find Repl edges : 11.81 ms
Time of PR_Shortcut : 4.14 ms
Time of Path Reversal : 1.48 ms
Time of Update data structure : 0.84 ms
Time of Pointer Jumping : 0.42 ms
Time of ET: Orientation : 0.23 ms
Time of Finding unique comps : 0.18 ms
Time of Hashtable insertion : 0.02 ms
Time of Update rep array : 0.01 ms

Input tree not connected. num_comp: 4401
Selected Algorithm: HS_ET_PR
Finding Replacement edges using HS.
Number of roots: 1
Number of cross-edges: 4400
Insertion into hashtable over.
num of superComponents: 4401
Reversing the paths using PR module 
Executing path_reversal:

Total execution time for Insertion: 14.13 ms.

Function execution times:
Time of HS: Find Repl edges : 4.41 ms
Time of PR_Shortcut : 4.31 ms
Time of ET: Orientation : 2.48 ms
Time of Path Reversal : 1.48 ms
Time of Finding unique comps : 1.00 ms
Time of Pointer Jumping : 0.42 ms
Time of Hashtable insertion : 0.01 ms
Time of Update rep array : 0.01 ms

Executing validate part.
numComp in the graph: 1


filename: sx-stackoverflow.egr
Root: 579518
The input parent array is a BFS tree.
Number of deleted tree edges: 7020
numVert: 2601977, num_edges: 56414194 and delete batch size: 10000

Root: 579518
Selected Algorithm: HS_ET_PR
Finding Replacement edges using HS.
Number of roots: 6900
Number of cross-edges: 121
Insertion into hashtable over.
num of superComponents: 7021
Reversing the paths using PR module 
Executing path_reversal:

Total execution time for Deletion: 17.6968 ms.

Function execution times:
Time of HS: Find Repl edges : 10.43 ms
Time of PR_Shortcut : 4.21 ms
Time of Path Reversal : 1.49 ms
Time of Update data structure : 0.73 ms
Time of Pointer Jumping : 0.42 ms
Time of ET: Orientation : 0.22 ms
Time of Finding unique comps : 0.18 ms
Time of Hashtable insertion : 0.01 ms
Time of Update rep array : 0.01 ms

Input tree not connected. num_comp: 6900
Selected Algorithm: HS_ET_PR
Finding Replacement edges using HS.
Number of roots: 1
Number of cross-edges: 6899
Insertion into hashtable over.
num of superComponents: 6900
Reversing the paths using PR module 
Executing path_reversal:

Total execution time for Insertion: 15.98 ms.

Function execution times:
Time of HS: Find Repl edges : 6.72 ms
Time of PR_Shortcut : 4.30 ms
Time of ET: Orientation : 1.98 ms
Time of Path Reversal : 1.53 ms
Time of Finding unique comps : 1.00 ms
Time of Pointer Jumping : 0.43 ms
Time of Hashtable insertion : 0.02 ms
Time of Update rep array : 0.01 ms

Executing validate part.
numComp in the graph: 1


filename: sx-stackoverflow.egr
Root: 2010012
The input parent array is a BFS tree.
Number of deleted tree edges: 59
numVert: 2601977, num_edges: 56414194 and delete batch size: 100

Root: 2010012
Selected Algorithm: HS_ET_PR
Finding Replacement edges using HS.
Number of roots: 56
Number of cross-edges: 4
Insertion into hashtable over.
num of superComponents: 60
Reversing the paths using PR module 
Executing path_reversal:

Total execution time for Deletion: 9.59542 ms.

Function execution times:
Time of PR_Shortcut : 4.15 ms
Time of HS: Find Repl edges : 2.71 ms
Time of Path Reversal : 1.27 ms
Time of Update data structure : 0.72 ms
Time of Pointer Jumping : 0.41 ms
Time of ET: Orientation : 0.18 ms
Time of Finding unique comps : 0.14 ms
Time of Hashtable insertion : 0.01 ms
Time of Update rep array : 0.01 ms

Input tree not connected. num_comp: 56
Selected Algorithm: HS_ET_PR
Finding Replacement edges using HS.
Number of roots: 1
Number of cross-edges: 55
Insertion into hashtable over.
num of superComponents: 56
Reversing the paths using PR module 
Executing path_reversal:

Total execution time for Insertion: 9.22 ms.

Function execution times:
Time of PR_Shortcut : 4.18 ms
Time of HS: Find Repl edges : 2.11 ms
Time of Path Reversal : 1.30 ms
Time of Finding unique comps : 1.00 ms
Time of Pointer Jumping : 0.42 ms
Time of ET: Orientation : 0.20 ms
Time of Hashtable insertion : 0.01 ms
Time of Update rep array : 0.01 ms

Executing validate part.
numComp in the graph: 1


filename: sx-stackoverflow.egr
Root: 2564589
The input parent array is a BFS tree.
Number of deleted tree edges: 48
numVert: 2601977, num_edges: 56414194 and delete batch size: 100

Root: 2564589
Selected Algorithm: HS_ET_PR
Finding Replacement edges using HS.
Number of roots: 48
Number of cross-edges: 1
Insertion into hashtable over.
num of superComponents: 49
Reversing the paths using PR module 
Executing path_reversal:

Total execution time for Deletion: 9.05272 ms.

Function execution times:
Time of PR_Shortcut : 4.17 ms
Time of HS: Find Repl edges : 2.14 ms
Time of Path Reversal : 1.27 ms
Time of Update data structure : 0.72 ms
Time of Pointer Jumping : 0.41 ms
Time of ET: Orientation : 0.18 ms
Time of Finding unique comps : 0.14 ms
Time of Hashtable insertion : 0.01 ms
Time of Update rep array : 0.01 ms

Input tree not connected. num_comp: 48
Selected Algorithm: HS_ET_PR
Finding Replacement edges using HS.
Number of roots: 1
Number of cross-edges: 47
Insertion into hashtable over.
num of superComponents: 48
Reversing the paths using PR module 
Executing path_reversal:

Total execution time for Insertion: 8.84 ms.

Function execution times:
Time of PR_Shortcut : 4.25 ms
Time of HS: Find Repl edges : 1.55 ms
Time of Path Reversal : 1.40 ms
Time of Finding unique comps : 1.00 ms
Time of Pointer Jumping : 0.41 ms
Time of ET: Orientation : 0.20 ms
Time of Hashtable insertion : 0.01 ms
Time of Update rep array : 0.01 ms

Executing validate part.
numComp in the graph: 1


filename: sx-stackoverflow.egr
Root: 1240114
The input parent array is a BFS tree.
Number of deleted tree edges: 66
numVert: 2601977, num_edges: 56414194 and delete batch size: 100

Root: 1240114
Selected Algorithm: HS_ET_PR
Finding Replacement edges using HS.
Number of roots: 67
Number of cross-edges: 0

Total execution time for Deletion: 2.82784 ms.

Function execution times:
Time of HS: Find Repl edges : 1.40 ms
Time of Update data structure : 0.72 ms
Time of Pointer Jumping : 0.40 ms
Time of Finding unique comps : 0.29 ms
Time of Update rep array : 0.01 ms

Input tree not connected. num_comp: 67
Selected Algorithm: HS_ET_PR
Finding Replacement edges using HS.
Number of roots: 1
Number of cross-edges: 66
Insertion into hashtable over.
num of superComponents: 67
Reversing the paths using PR module 
Executing path_reversal:

Total execution time for Insertion: 10.45 ms.

Function execution times:
Time of PR_Shortcut : 4.27 ms
Time of HS: Find Repl edges : 3.26 ms
Time of Path Reversal : 1.27 ms
Time of Finding unique comps : 1.01 ms
Time of Pointer Jumping : 0.41 ms
Time of ET: Orientation : 0.21 ms
Time of Hashtable insertion : 0.01 ms
Time of Update rep array : 0.01 ms

Executing validate part.
numComp in the graph: 1


filename: sx-stackoverflow.egr
Root: 2411365
The input parent array is a BFS tree.
Number of deleted tree edges: 66
numVert: 2601977, num_edges: 56414194 and delete batch size: 100

Root: 2411365
Selected Algorithm: HS_ET_PR
Finding Replacement edges using HS.
Number of roots: 65
Number of cross-edges: 2
Insertion into hashtable over.
num of superComponents: 67
Reversing the paths using PR module 
Executing path_reversal:

Total execution time for Deletion: 9.08208 ms.

Function execution times:
Time of PR_Shortcut : 4.27 ms
Time of HS: Find Repl edges : 2.12 ms
Time of Path Reversal : 1.26 ms
Time of Update data structure : 0.72 ms
Time of Pointer Jumping : 0.41 ms
Time of ET: Orientation : 0.18 ms
Time of Finding unique comps : 0.10 ms
Time of Hashtable insertion : 0.01 ms
Time of Update rep array : 0.01 ms

Input tree not connected. num_comp: 65
Selected Algorithm: HS_ET_PR
Finding Replacement edges using HS.
Number of roots: 1
Number of cross-edges: 64
Insertion into hashtable over.
num of superComponents: 65
Reversing the paths using PR module 
Executing path_reversal:

Total execution time for Insertion: 8.97 ms.

Function execution times:
Time of PR_Shortcut : 4.28 ms
Time of HS: Find Repl edges : 1.78 ms
Time of Path Reversal : 1.29 ms
Time of Finding unique comps : 0.99 ms
Time of Pointer Jumping : 0.42 ms
Time of ET: Orientation : 0.20 ms
Time of Hashtable insertion : 0.01 ms
Time of Update rep array : 0.01 ms

Executing validate part.
numComp in the graph: 1


filename: sx-stackoverflow.egr
Root: 1811589
The input parent array is a BFS tree.
Number of deleted tree edges: 49
numVert: 2601977, num_edges: 56414194 and delete batch size: 100

Root: 1811589
Selected Algorithm: HS_ET_PR
Finding Replacement edges using HS.
Number of roots: 48
Number of cross-edges: 2
Insertion into hashtable over.
num of superComponents: 50
Reversing the paths using PR module 
Executing path_reversal:

Total execution time for Deletion: 9.61758 ms.

Function execution times:
Time of PR_Shortcut : 4.17 ms
Time of HS: Find Repl edges : 2.74 ms
Time of Path Reversal : 1.27 ms
Time of Update data structure : 0.73 ms
Time of Pointer Jumping : 0.41 ms
Time of ET: Orientation : 0.18 ms
Time of Finding unique comps : 0.10 ms
Time of Hashtable insertion : 0.01 ms
Time of Update rep array : 0.01 ms

Input tree not connected. num_comp: 48
Selected Algorithm: HS_ET_PR
Finding Replacement edges using HS.
Number of roots: 1
Number of cross-edges: 47
Insertion into hashtable over.
num of superComponents: 48
Reversing the paths using PR module 
Executing path_reversal:

Total execution time for Insertion: 9.00 ms.

Function execution times:
Time of PR_Shortcut : 4.27 ms
Time of HS: Find Repl edges : 1.79 ms
Time of Path Reversal : 1.30 ms
Time of Finding unique comps : 1.00 ms
Time of Pointer Jumping : 0.42 ms
Time of ET: Orientation : 0.20 ms
Time of Hashtable insertion : 0.01 ms
Time of Update rep array : 0.01 ms

Executing validate part.
numComp in the graph: 1


filename: sx-stackoverflow.egr
Root: 1070207
The input parent array is a BFS tree.
Number of deleted tree edges: 548
numVert: 2601977, num_edges: 56414194 and delete batch size: 1000

Root: 1070207
Selected Algorithm: HS_ET_PR
Finding Replacement edges using HS.
Number of roots: 531
Number of cross-edges: 18
Insertion into hashtable over.
num of superComponents: 549
Reversing the paths using PR module 
Executing path_reversal:

Total execution time for Deletion: 11.7332 ms.

Function execution times:
Time of HS: Find Repl edges : 4.79 ms
Time of PR_Shortcut : 4.15 ms
Time of Path Reversal : 1.30 ms
Time of Update data structure : 0.75 ms
Time of Pointer Jumping : 0.41 ms
Time of ET: Orientation : 0.20 ms
Time of Finding unique comps : 0.12 ms
Time of Hashtable insertion : 0.01 ms
Time of Update rep array : 0.01 ms

Input tree not connected. num_comp: 531
Selected Algorithm: HS_ET_PR
Finding Replacement edges using HS.
Number of roots: 1
Number of cross-edges: 530
Insertion into hashtable over.
num of superComponents: 531
Reversing the paths using PR module 
Executing path_reversal:

Total execution time for Insertion: 11.11 ms.

Function execution times:
Time of PR_Shortcut : 4.32 ms
Time of HS: Find Repl edges : 3.79 ms
Time of Path Reversal : 1.33 ms
Time of Finding unique comps : 1.00 ms
Time of Pointer Jumping : 0.43 ms
Time of ET: Orientation : 0.22 ms
Time of Hashtable insertion : 0.01 ms
Time of Update rep array : 0.01 ms

Executing validate part.
numComp in the graph: 1


filename: sx-stackoverflow.egr
Root: 1442548
The input parent array is a BFS tree.
Number of deleted tree edges: 543
numVert: 2601977, num_edges: 56414194 and delete batch size: 1000

Root: 1442548
Selected Algorithm: HS_ET_PR
Finding Replacement edges using HS.
Number of roots: 531
Number of cross-edges: 13
Insertion into hashtable over.
num of superComponents: 544
Reversing the paths using PR module 
Executing path_reversal:

Total execution time for Deletion: 11.7634 ms.

Function execution times:
Time of HS: Find Repl edges : 4.76 ms
Time of PR_Shortcut : 4.18 ms
Time of Path Reversal : 1.30 ms
Time of Update data structure : 0.74 ms
Time of Pointer Jumping : 0.41 ms
Time of ET: Orientation : 0.20 ms
Time of Finding unique comps : 0.17 ms
Time of Hashtable insertion : 0.01 ms
Time of Update rep array : 0.01 ms

Input tree not connected. num_comp: 531
Selected Algorithm: HS_ET_PR
Finding Replacement edges using HS.
Number of roots: 1
Number of cross-edges: 530
Insertion into hashtable over.
num of superComponents: 531
Reversing the paths using PR module 
Executing path_reversal:

Total execution time for Insertion: 12.15 ms.

Function execution times:
Time of HS: Find Repl edges : 4.88 ms
Time of PR_Shortcut : 4.30 ms
Time of Path Reversal : 1.32 ms
Time of Finding unique comps : 0.99 ms
Time of Pointer Jumping : 0.42 ms
Time of ET: Orientation : 0.22 ms
Time of Hashtable insertion : 0.01 ms
Time of Update rep array : 0.01 ms

Executing validate part.
numComp in the graph: 1


filename: sx-stackoverflow.egr
Root: 295212
The input parent array is a BFS tree.
Number of deleted tree edges: 439
numVert: 2601977, num_edges: 56414194 and delete batch size: 1000

Root: 295212
Selected Algorithm: HS_ET_PR
Finding Replacement edges using HS.
Number of roots: 411
Number of cross-edges: 29
Insertion into hashtable over.
num of superComponents: 440
Reversing the paths using PR module 
Executing path_reversal:

Total execution time for Deletion: 12.0461 ms.

Function execution times:
Time of HS: Find Repl edges : 4.81 ms
Time of PR_Shortcut : 4.26 ms
Time of Path Reversal : 1.30 ms
Time of Update data structure : 0.91 ms
Time of Pointer Jumping : 0.41 ms
Time of ET: Orientation : 0.20 ms
Time of Finding unique comps : 0.13 ms
Time of Hashtable insertion : 0.01 ms
Time of Update rep array : 0.01 ms

Input tree not connected. num_comp: 411
Selected Algorithm: HS_ET_PR
Finding Replacement edges using HS.
Number of roots: 1
Number of cross-edges: 410
Insertion into hashtable over.
num of superComponents: 411
Reversing the paths using PR module 
Executing path_reversal:

Total execution time for Insertion: 10.55 ms.

Function execution times:
Time of PR_Shortcut : 4.18 ms
Time of HS: Find Repl edges : 3.39 ms
Time of Path Reversal : 1.33 ms
Time of Finding unique comps : 0.99 ms
Time of Pointer Jumping : 0.42 ms
Time of ET: Orientation : 0.22 ms
Time of Hashtable insertion : 0.01 ms
Time of Update rep array : 0.01 ms

Executing validate part.
numComp in the graph: 1


filename: sx-stackoverflow.egr
Root: 2500516
The input parent array is a BFS tree.
Number of deleted tree edges: 609
numVert: 2601977, num_edges: 56414194 and delete batch size: 1000

Root: 2500516
Selected Algorithm: HS_ET_PR
Finding Replacement edges using HS.
Number of roots: 591
Number of cross-edges: 19
Insertion into hashtable over.
num of superComponents: 610
Reversing the paths using PR module 
Executing path_reversal:

Total execution time for Deletion: 9.0209 ms.

Function execution times:
Time of PR_Shortcut : 4.14 ms
Time of HS: Find Repl edges : 2.13 ms
Time of Path Reversal : 1.29 ms
Time of Update data structure : 0.72 ms
Time of Pointer Jumping : 0.41 ms
Time of ET: Orientation : 0.19 ms
Time of Finding unique comps : 0.12 ms
Time of Hashtable insertion : 0.01 ms
Time of Update rep array : 0.01 ms

Input tree not connected. num_comp: 591
Selected Algorithm: HS_ET_PR
Finding Replacement edges using HS.
Number of roots: 1
Number of cross-edges: 590
Insertion into hashtable over.
num of superComponents: 591
Reversing the paths using PR module 
Executing path_reversal:

Total execution time for Insertion: 11.73 ms.

Function execution times:
Time of HS: Find Repl edges : 4.44 ms
Time of PR_Shortcut : 4.31 ms
Time of Path Reversal : 1.32 ms
Time of Finding unique comps : 1.01 ms
Time of Pointer Jumping : 0.42 ms
Time of ET: Orientation : 0.22 ms
Time of Hashtable insertion : 0.01 ms
Time of Update rep array : 0.01 ms

Executing validate part.
numComp in the graph: 1


filename: sx-stackoverflow.egr
Root: 1597384
The input parent array is a BFS tree.
Number of deleted tree edges: 527
numVert: 2601977, num_edges: 56414194 and delete batch size: 1000

Root: 1597384
Selected Algorithm: HS_ET_PR
Finding Replacement edges using HS.
Number of roots: 511
Number of cross-edges: 17
Insertion into hashtable over.
num of superComponents: 528
Reversing the paths using PR module 
Executing path_reversal:

Total execution time for Deletion: 11.6899 ms.

Function execution times:
Time of HS: Find Repl edges : 4.74 ms
Time of PR_Shortcut : 4.17 ms
Time of Path Reversal : 1.30 ms
Time of Update data structure : 0.73 ms
Time of Pointer Jumping : 0.41 ms
Time of ET: Orientation : 0.20 ms
Time of Finding unique comps : 0.12 ms
Time of Hashtable insertion : 0.01 ms
Time of Update rep array : 0.01 ms

Input tree not connected. num_comp: 511
Selected Algorithm: HS_ET_PR
Finding Replacement edges using HS.
Number of roots: 1
Number of cross-edges: 510
Insertion into hashtable over.
num of superComponents: 511
Reversing the paths using PR module 
Executing path_reversal:

Total execution time for Insertion: 12.48 ms.

Function execution times:
Time of HS: Find Repl edges : 5.22 ms
Time of PR_Shortcut : 4.28 ms
Time of Path Reversal : 1.32 ms
Time of Finding unique comps : 1.00 ms
Time of Pointer Jumping : 0.42 ms
Time of ET: Orientation : 0.22 ms
Time of Hashtable insertion : 0.01 ms
Time of Update rep array : 0.01 ms

Executing validate part.
numComp in the graph: 1
