

filename: uk-2002.egr
Root: 13042311
The input parent array is a BFS tree.
Number of deleted tree edges: 47904
numVert: 18520486, num_edges: 523651232 and delete batch size: 100000

Root: 13042311
Selected Algorithm: HS_ET_PR
Finding Replacement edges using HS.
Number of roots: 47001
Number of cross-edges: 904
Insertion into hashtable over.
num of superComponents: 47905
Reversing the paths using PR module 
Executing path_reversal:

Total execution time for Deletion: 93.9008 ms.

Function execution times:
Time of PR_Shortcut : 39.37 ms
Time of HS: Find Repl edges : 34.06 ms
Time of Path Reversal : 8.83 ms
Time of Update data structure : 6.36 ms
Time of Pointer Jumping : 3.79 ms
Time of Finding unique comps : 1.13 ms
Time of ET: Orientation : 0.33 ms
Time of Hashtable insertion : 0.03 ms
Time of Update rep array : 0.02 ms

Input tree not connected. num_comp: 47001
Selected Algorithm: HS_ET_PR
Finding Replacement edges using HS.
Number of roots: 1
Number of cross-edges: 47000
Insertion into hashtable over.
num of superComponents: 47001
Reversing the paths using PR module 
Executing path_reversal:

Total execution time for Insertion: 88.00 ms.

Function execution times:
Time of PR_Shortcut : 39.09 ms
Time of HS: Find Repl edges : 33.36 ms
Time of Path Reversal : 8.91 ms
Time of ET: Orientation : 2.83 ms
Time of Pointer Jumping : 2.76 ms
Time of Finding unique comps : 1.02 ms
Time of Hashtable insertion : 0.02 ms
Time of Update rep array : 0.01 ms

Executing validate part.
numComp in the graph: 1


filename: uk-2002.egr
Root: 12550874
The input parent array is a BFS tree.
Number of deleted tree edges: 50781
numVert: 18520486, num_edges: 523651232 and delete batch size: 100000

Root: 12550874
Selected Algorithm: HS_ET_PR
Finding Replacement edges using HS.
Number of roots: 50001
Number of cross-edges: 781
Insertion into hashtable over.
num of superComponents: 50782
Reversing the paths using PR module 
Executing path_reversal:

Total execution time for Deletion: 107.166 ms.

Function execution times:
Time of PR_Shortcut : 50.16 ms
Time of HS: Find Repl edges : 33.60 ms
Time of Path Reversal : 11.69 ms
Time of Update data structure : 6.51 ms
Time of Pointer Jumping : 3.72 ms
Time of Finding unique comps : 1.12 ms
Time of ET: Orientation : 0.32 ms
Time of Hashtable insertion : 0.02 ms
Time of Update rep array : 0.02 ms

Input tree not connected. num_comp: 50001
Selected Algorithm: HS_ET_PR
Finding Replacement edges using HS.
Number of roots: 1
Number of cross-edges: 50000
Insertion into hashtable over.
num of superComponents: 50001
Reversing the paths using PR module 
Executing path_reversal:

Total execution time for Insertion: 94.26 ms.

Function execution times:
Time of PR_Shortcut : 39.53 ms
Time of HS: Find Repl edges : 36.79 ms
Time of Path Reversal : 8.89 ms
Time of ET: Orientation : 4.27 ms
Time of Pointer Jumping : 3.72 ms
Time of Finding unique comps : 1.01 ms
Time of Hashtable insertion : 0.04 ms
Time of Update rep array : 0.02 ms

Executing validate part.
numComp in the graph: 1


filename: uk-2002.egr
Root: 12007769
The input parent array is a BFS tree.
Number of deleted tree edges: 54659
numVert: 18520486, num_edges: 523651232 and delete batch size: 100000

Root: 12007769
Selected Algorithm: HS_ET_PR
Finding Replacement edges using HS.
Number of roots: 54001
Number of cross-edges: 659
Insertion into hashtable over.
num of superComponents: 54660
Reversing the paths using PR module 
Executing path_reversal:

Total execution time for Deletion: 96.4184 ms.

Function execution times:
Time of PR_Shortcut : 43.88 ms
Time of HS: Find Repl edges : 30.31 ms
Time of Path Reversal : 10.88 ms
Time of Update data structure : 6.53 ms
Time of Pointer Jumping : 3.38 ms
Time of Finding unique comps : 1.12 ms
Time of ET: Orientation : 0.28 ms
Time of Hashtable insertion : 0.02 ms
Time of Update rep array : 0.02 ms

Input tree not connected. num_comp: 54001
Selected Algorithm: HS_ET_PR
Finding Replacement edges using HS.
Number of roots: 1
Number of cross-edges: 54000
Insertion into hashtable over.
num of superComponents: 54001
Reversing the paths using PR module 
Executing path_reversal:

Total execution time for Insertion: 94.68 ms.

Function execution times:
Time of PR_Shortcut : 43.45 ms
Time of HS: Find Repl edges : 33.92 ms
Time of Path Reversal : 8.97 ms
Time of ET: Orientation : 4.09 ms
Time of Pointer Jumping : 3.19 ms
Time of Finding unique comps : 1.02 ms
Time of Hashtable insertion : 0.03 ms
Time of Update rep array : 0.02 ms

Executing validate part.
numComp in the graph: 1


filename: uk-2002.egr
Root: 2646158
The input parent array is a BFS tree.
Number of deleted tree edges: 54667
numVert: 18520486, num_edges: 523651232 and delete batch size: 100000

Root: 2646158
Selected Algorithm: HS_ET_PR
Finding Replacement edges using HS.
Number of roots: 54001
Number of cross-edges: 667
Insertion into hashtable over.
num of superComponents: 54668
Reversing the paths using PR module 
Executing path_reversal:

Total execution time for Deletion: 109.037 ms.

Function execution times:
Time of PR_Shortcut : 50.34 ms
Time of HS: Find Repl edges : 34.93 ms
Time of Path Reversal : 11.91 ms
Time of Update data structure : 6.58 ms
Time of Pointer Jumping : 3.80 ms
Time of Finding unique comps : 1.11 ms
Time of ET: Orientation : 0.32 ms
Time of Hashtable insertion : 0.02 ms
Time of Update rep array : 0.02 ms

Input tree not connected. num_comp: 54001
Selected Algorithm: HS_ET_PR
Finding Replacement edges using HS.
Number of roots: 1
Number of cross-edges: 54000
Insertion into hashtable over.
num of superComponents: 54001
Reversing the paths using PR module 
Executing path_reversal:

Total execution time for Insertion: 93.54 ms.

Function execution times:
Time of PR_Shortcut : 39.60 ms
Time of HS: Find Repl edges : 37.32 ms
Time of Path Reversal : 8.94 ms
Time of Pointer Jumping : 3.78 ms
Time of ET: Orientation : 2.83 ms
Time of Finding unique comps : 1.02 ms
Time of Hashtable insertion : 0.03 ms
Time of Update rep array : 0.02 ms

Executing validate part.
numComp in the graph: 1


filename: uk-2002.egr
Root: 4454044
The input parent array is a BFS tree.
Number of deleted tree edges: 63574
numVert: 18520486, num_edges: 523651232 and delete batch size: 100000

Root: 4454044
Selected Algorithm: HS_ET_PR
Finding Replacement edges using HS.
Number of roots: 63001
Number of cross-edges: 574
Insertion into hashtable over.
num of superComponents: 63575
Reversing the paths using PR module 
Executing path_reversal:

Total execution time for Deletion: 101.015 ms.

Function execution times:
Time of PR_Shortcut : 45.14 ms
Time of HS: Find Repl edges : 35.28 ms
Time of Path Reversal : 8.93 ms
Time of Update data structure : 6.39 ms
Time of Pointer Jumping : 3.80 ms
Time of Finding unique comps : 1.13 ms
Time of ET: Orientation : 0.32 ms
Time of Hashtable insertion : 0.02 ms
Time of Update rep array : 0.02 ms

Input tree not connected. num_comp: 63001
Selected Algorithm: HS_ET_PR
Finding Replacement edges using HS.
Number of roots: 1
Number of cross-edges: 63000
Insertion into hashtable over.
num of superComponents: 63001
Reversing the paths using PR module 
Executing path_reversal:

Total execution time for Insertion: 84.81 ms.

Function execution times:
Time of PR_Shortcut : 40.27 ms
Time of HS: Find Repl edges : 28.90 ms
Time of Path Reversal : 9.01 ms
Time of ET: Orientation : 2.83 ms
Time of Pointer Jumping : 2.75 ms
Time of Finding unique comps : 1.01 ms
Time of Hashtable insertion : 0.03 ms
Time of Update rep array : 0.02 ms

Executing validate part.
numComp in the graph: 1


filename: uk-2002.egr
Root: 8792202
The input parent array is a BFS tree.
Number of deleted tree edges: 7060
numVert: 18520486, num_edges: 523651232 and delete batch size: 10000

Root: 8792202
Selected Algorithm: HS_ET_PR
Finding Replacement edges using HS.
Number of roots: 7001
Number of cross-edges: 60
Insertion into hashtable over.
num of superComponents: 7061
Reversing the paths using PR module 
Executing path_reversal:

Total execution time for Deletion: 97.8013 ms.

Function execution times:
Time of PR_Shortcut : 46.44 ms
Time of HS: Find Repl edges : 31.31 ms
Time of Path Reversal : 9.48 ms
Time of Update data structure : 5.78 ms
Time of Pointer Jumping : 3.41 ms
Time of Finding unique comps : 1.09 ms
Time of ET: Orientation : 0.26 ms
Time of Hashtable insertion : 0.02 ms
Time of Update rep array : 0.02 ms

Input tree not connected. num_comp: 7001
Selected Algorithm: HS_ET_PR
Finding Replacement edges using HS.
Number of roots: 1
Number of cross-edges: 7000
Insertion into hashtable over.
num of superComponents: 7001
Reversing the paths using PR module 
Executing path_reversal:

Total execution time for Insertion: 82.79 ms.

Function execution times:
Time of PR_Shortcut : 46.44 ms
Time of HS: Find Repl edges : 20.99 ms
Time of Path Reversal : 7.95 ms
Time of Pointer Jumping : 3.40 ms
Time of ET: Orientation : 2.96 ms
Time of Finding unique comps : 1.01 ms
Time of Hashtable insertion : 0.02 ms
Time of Update rep array : 0.01 ms

Executing validate part.
numComp in the graph: 1


filename: uk-2002.egr
Root: 16088246
The input parent array is a BFS tree.
Number of deleted tree edges: 6653
numVert: 18520486, num_edges: 523651232 and delete batch size: 10000

Root: 16088246
Selected Algorithm: HS_ET_PR
Finding Replacement edges using HS.
Number of roots: 6601
Number of cross-edges: 53
Insertion into hashtable over.
num of superComponents: 6654
Reversing the paths using PR module 
Executing path_reversal:

Total execution time for Deletion: 105.658 ms.

Function execution times:
Time of PR_Shortcut : 50.18 ms
Time of HS: Find Repl edges : 33.74 ms
Time of Path Reversal : 10.41 ms
Time of Update data structure : 6.11 ms
Time of Pointer Jumping : 3.78 ms
Time of Finding unique comps : 1.11 ms
Time of ET: Orientation : 0.28 ms
Time of Hashtable insertion : 0.02 ms
Time of Update rep array : 0.02 ms

Input tree not connected. num_comp: 6601
Selected Algorithm: HS_ET_PR
Finding Replacement edges using HS.
Number of roots: 1
Number of cross-edges: 6600
Insertion into hashtable over.
num of superComponents: 6601
Reversing the paths using PR module 
Executing path_reversal:

Total execution time for Insertion: 84.32 ms.

Function execution times:
Time of PR_Shortcut : 40.41 ms
Time of HS: Find Repl edges : 28.13 ms
Time of Path Reversal : 7.89 ms
Time of Pointer Jumping : 3.78 ms
Time of ET: Orientation : 3.06 ms
Time of Finding unique comps : 1.01 ms
Time of Hashtable insertion : 0.03 ms
Time of Update rep array : 0.02 ms

Executing validate part.
numComp in the graph: 1


filename: uk-2002.egr
Root: 3712952
The input parent array is a BFS tree.
Number of deleted tree edges: 6353
numVert: 18520486, num_edges: 523651232 and delete batch size: 10000

Root: 3712952
Selected Algorithm: HS_ET_PR
Finding Replacement edges using HS.
Number of roots: 6301
Number of cross-edges: 53
Insertion into hashtable over.
num of superComponents: 6354
Reversing the paths using PR module 
Executing path_reversal:

Total execution time for Deletion: 92.7982 ms.

Function execution times:
Time of PR_Shortcut : 43.11 ms
Time of HS: Find Repl edges : 29.61 ms
Time of Path Reversal : 8.69 ms
Time of Update data structure : 6.23 ms
Time of Pointer Jumping : 3.78 ms
Time of Finding unique comps : 1.11 ms
Time of ET: Orientation : 0.24 ms
Time of Update rep array : 0.02 ms
Time of Hashtable insertion : 0.02 ms

Input tree not connected. num_comp: 6301
Selected Algorithm: HS_ET_PR
Finding Replacement edges using HS.
Number of roots: 1
Number of cross-edges: 6300
Insertion into hashtable over.
num of superComponents: 6301
Reversing the paths using PR module 
Executing path_reversal:

Total execution time for Insertion: 88.54 ms.

Function execution times:
Time of PR_Shortcut : 43.60 ms
Time of HS: Find Repl edges : 29.59 ms
Time of Path Reversal : 8.67 ms
Time of Pointer Jumping : 3.10 ms
Time of ET: Orientation : 2.53 ms
Time of Finding unique comps : 1.01 ms
Time of Hashtable insertion : 0.02 ms
Time of Update rep array : 0.01 ms

Executing validate part.
numComp in the graph: 1


filename: uk-2002.egr
Root: 17950048
The input parent array is a BFS tree.
Number of deleted tree edges: 5172
numVert: 18520486, num_edges: 523651232 and delete batch size: 10000

Root: 17950048
Selected Algorithm: HS_ET_PR
Finding Replacement edges using HS.
Number of roots: 5101
Number of cross-edges: 72
Insertion into hashtable over.
num of superComponents: 5173
Reversing the paths using PR module 
Executing path_reversal:

Total execution time for Deletion: 88.4082 ms.

Function execution times:
Time of PR_Shortcut : 43.13 ms
Time of HS: Find Repl edges : 25.09 ms
Time of Path Reversal : 8.66 ms
Time of Update data structure : 6.36 ms
Time of Pointer Jumping : 3.78 ms
Time of Finding unique comps : 1.11 ms
Time of ET: Orientation : 0.25 ms
Time of Hashtable insertion : 0.02 ms
Time of Update rep array : 0.02 ms

Input tree not connected. num_comp: 5101
Selected Algorithm: HS_ET_PR
Finding Replacement edges using HS.
Number of roots: 1
Number of cross-edges: 5100
Insertion into hashtable over.
num of superComponents: 5101
Reversing the paths using PR module 
Executing path_reversal:

Total execution time for Insertion: 84.34 ms.

Function execution times:
Time of PR_Shortcut : 43.52 ms
Time of HS: Find Repl edges : 25.75 ms
Time of Path Reversal : 8.74 ms
Time of Pointer Jumping : 3.10 ms
Time of ET: Orientation : 2.18 ms
Time of Finding unique comps : 1.01 ms
Time of Hashtable insertion : 0.02 ms
Time of Update rep array : 0.01 ms

Executing validate part.
numComp in the graph: 1


filename: uk-2002.egr
Root: 11961689
The input parent array is a BFS tree.
Number of deleted tree edges: 6558
numVert: 18520486, num_edges: 523651232 and delete batch size: 10000

Root: 11961689
Selected Algorithm: HS_ET_PR
Finding Replacement edges using HS.
Number of roots: 6501
Number of cross-edges: 58
Insertion into hashtable over.
num of superComponents: 6559
Reversing the paths using PR module 
Executing path_reversal:

Total execution time for Deletion: 108.817 ms.

Function execution times:
Time of PR_Shortcut : 50.31 ms
Time of HS: Find Repl edges : 36.58 ms
Time of Path Reversal : 10.43 ms
Time of Update data structure : 6.28 ms
Time of Pointer Jumping : 3.78 ms
Time of Finding unique comps : 1.11 ms
Time of ET: Orientation : 0.29 ms
Time of Hashtable insertion : 0.02 ms
Time of Update rep array : 0.02 ms

Input tree not connected. num_comp: 6501
Selected Algorithm: HS_ET_PR
Finding Replacement edges using HS.
Number of roots: 1
Number of cross-edges: 6500
Insertion into hashtable over.
num of superComponents: 6501
Reversing the paths using PR module 
Executing path_reversal:

Total execution time for Insertion: 81.97 ms.

Function execution times:
Time of PR_Shortcut : 43.84 ms
Time of HS: Find Repl edges : 21.06 ms
Time of Path Reversal : 7.92 ms
Time of ET: Orientation : 4.33 ms
Time of Pointer Jumping : 3.77 ms
Time of Finding unique comps : 1.01 ms
Time of Hashtable insertion : 0.02 ms
Time of Update rep array : 0.02 ms

Executing validate part.
numComp in the graph: 1


filename: uk-2002.egr
Root: 10625823
The input parent array is a BFS tree.
Number of deleted tree edges: 63
numVert: 18520486, num_edges: 523651232 and delete batch size: 100

Root: 10625823
Selected Algorithm: HS_ET_PR
Finding Replacement edges using HS.
Number of roots: 64
Number of cross-edges: 0

Total execution time for Deletion: 22.199 ms.

Function execution times:
Time of HS: Find Repl edges : 11.22 ms
Time of Update data structure : 6.18 ms
Time of Pointer Jumping : 3.79 ms
Time of Finding unique comps : 0.99 ms
Time of Update rep array : 0.01 ms

Input tree not connected. num_comp: 64
Selected Algorithm: HS_ET_PR
Finding Replacement edges using HS.
Number of roots: 1
Number of cross-edges: 63
Insertion into hashtable over.
num of superComponents: 64
Reversing the paths using PR module 
Executing path_reversal:

Total execution time for Insertion: 79.89 ms.

Function execution times:
Time of PR_Shortcut : 49.21 ms
Time of HS: Find Repl edges : 15.75 ms
Time of Path Reversal : 9.79 ms
Time of Pointer Jumping : 3.78 ms
Time of Finding unique comps : 1.04 ms
Time of ET: Orientation : 0.28 ms
Time of Hashtable insertion : 0.02 ms
Time of Update rep array : 0.01 ms

Executing validate part.
numComp in the graph: 1


filename: uk-2002.egr
Root: 13768837
The input parent array is a BFS tree.
Number of deleted tree edges: 67
numVert: 18520486, num_edges: 523651232 and delete batch size: 100

Root: 13768837
Selected Algorithm: HS_ET_PR
Finding Replacement edges using HS.
Number of roots: 68
Number of cross-edges: 0

Total execution time for Deletion: 22.101 ms.

Function execution times:
Time of HS: Find Repl edges : 11.10 ms
Time of Update data structure : 6.20 ms
Time of Pointer Jumping : 3.79 ms
Time of Finding unique comps : 1.00 ms
Time of Update rep array : 0.02 ms

Input tree not connected. num_comp: 68
Selected Algorithm: HS_ET_PR
Finding Replacement edges using HS.
Number of roots: 1
Number of cross-edges: 67
Insertion into hashtable over.
num of superComponents: 68
Reversing the paths using PR module 
Executing path_reversal:

Total execution time for Insertion: 70.63 ms.

Function execution times:
Time of PR_Shortcut : 45.77 ms
Time of HS: Find Repl edges : 12.31 ms
Time of Path Reversal : 7.44 ms
Time of Pointer Jumping : 3.78 ms
Time of Finding unique comps : 1.01 ms
Time of ET: Orientation : 0.29 ms
Time of Hashtable insertion : 0.02 ms
Time of Update rep array : 0.01 ms

Executing validate part.
numComp in the graph: 1


filename: uk-2002.egr
Root: 6133185
The input parent array is a BFS tree.
Number of deleted tree edges: 65
numVert: 18520486, num_edges: 523651232 and delete batch size: 100

Root: 6133185
Selected Algorithm: HS_ET_PR
Finding Replacement edges using HS.
Number of roots: 65
Number of cross-edges: 1
Insertion into hashtable over.
num of superComponents: 66
Reversing the paths using PR module 
Executing path_reversal:

Total execution time for Deletion: 90.8703 ms.

Function execution times:
Time of PR_Shortcut : 50.06 ms
Time of HS: Find Repl edges : 19.86 ms
Time of Path Reversal : 9.69 ms
Time of Update data structure : 6.18 ms
Time of Pointer Jumping : 3.79 ms
Time of Finding unique comps : 1.00 ms
Time of ET: Orientation : 0.26 ms
Time of Hashtable insertion : 0.02 ms
Time of Update rep array : 0.01 ms

Input tree not connected. num_comp: 65
Selected Algorithm: HS_ET_PR
Finding Replacement edges using HS.
Number of roots: 1
Number of cross-edges: 64
Insertion into hashtable over.
num of superComponents: 65
Reversing the paths using PR module 
Executing path_reversal:

Total execution time for Insertion: 78.42 ms.

Function execution times:
Time of PR_Shortcut : 41.43 ms
Time of HS: Find Repl edges : 23.30 ms
Time of Path Reversal : 8.62 ms
Time of Pointer Jumping : 3.78 ms
Time of Finding unique comps : 1.00 ms
Time of ET: Orientation : 0.26 ms
Time of Hashtable insertion : 0.02 ms
Time of Update rep array : 0.01 ms

Executing validate part.
numComp in the graph: 1


filename: uk-2002.egr
Root: 10943761
The input parent array is a BFS tree.
Number of deleted tree edges: 47
numVert: 18520486, num_edges: 523651232 and delete batch size: 100

Root: 10943761
Selected Algorithm: HS_ET_PR
Finding Replacement edges using HS.
Number of roots: 48
Number of cross-edges: 0

Total execution time for Deletion: 22.0502 ms.

Function execution times:
Time of HS: Find Repl edges : 11.16 ms
Time of Update data structure : 6.10 ms
Time of Pointer Jumping : 3.77 ms
Time of Finding unique comps : 1.00 ms
Time of Update rep array : 0.01 ms

Input tree not connected. num_comp: 48
Selected Algorithm: HS_ET_PR
Finding Replacement edges using HS.
Number of roots: 1
Number of cross-edges: 47
Insertion into hashtable over.
num of superComponents: 48
Reversing the paths using PR module 
Executing path_reversal:

Total execution time for Insertion: 70.96 ms.

Function execution times:
Time of PR_Shortcut : 51.14 ms
Time of Path Reversal : 9.71 ms
Time of HS: Find Repl edges : 5.05 ms
Time of Pointer Jumping : 3.75 ms
Time of Finding unique comps : 1.00 ms
Time of ET: Orientation : 0.28 ms
Time of Hashtable insertion : 0.02 ms
Time of Update rep array : 0.01 ms

Executing validate part.
numComp in the graph: 1


filename: uk-2002.egr
Root: 6169659
The input parent array is a BFS tree.
Number of deleted tree edges: 56
numVert: 18520486, num_edges: 523651232 and delete batch size: 100

Root: 6169659
Selected Algorithm: HS_ET_PR
Finding Replacement edges using HS.
Number of roots: 57
Number of cross-edges: 0

Total execution time for Deletion: 22.0258 ms.

Function execution times:
Time of HS: Find Repl edges : 11.14 ms
Time of Update data structure : 6.10 ms
Time of Pointer Jumping : 3.78 ms
Time of Finding unique comps : 0.99 ms
Time of Update rep array : 0.02 ms

Input tree not connected. num_comp: 57
Selected Algorithm: HS_ET_PR
Finding Replacement edges using HS.
Number of roots: 1
Number of cross-edges: 56
Insertion into hashtable over.
num of superComponents: 57
Reversing the paths using PR module 
Executing path_reversal:

Total execution time for Insertion: 73.87 ms.

Function execution times:
Time of PR_Shortcut : 45.47 ms
Time of HS: Find Repl edges : 15.90 ms
Time of Path Reversal : 7.41 ms
Time of Pointer Jumping : 3.78 ms
Time of Finding unique comps : 1.00 ms
Time of ET: Orientation : 0.28 ms
Time of Hashtable insertion : 0.02 ms
Time of Update rep array : 0.01 ms

Executing validate part.
numComp in the graph: 1


filename: uk-2002.egr
Root: 3176402
The input parent array is a BFS tree.
Number of deleted tree edges: 515
numVert: 18520486, num_edges: 523651232 and delete batch size: 1000

Root: 3176402
Selected Algorithm: HS_ET_PR
Finding Replacement edges using HS.
Number of roots: 511
Number of cross-edges: 5
Insertion into hashtable over.
num of superComponents: 516
Reversing the paths using PR module 
Executing path_reversal:

Total execution time for Deletion: 109.499 ms.

Function execution times:
Time of PR_Shortcut : 50.10 ms
Time of HS: Find Repl edges : 36.68 ms
Time of Path Reversal : 9.77 ms
Time of Update data structure : 7.79 ms
Time of Pointer Jumping : 3.78 ms
Time of Finding unique comps : 1.08 ms
Time of ET: Orientation : 0.26 ms
Time of Hashtable insertion : 0.02 ms
Time of Update rep array : 0.02 ms

Input tree not connected. num_comp: 511
Selected Algorithm: HS_ET_PR
Finding Replacement edges using HS.
Number of roots: 1
Number of cross-edges: 510
Insertion into hashtable over.
num of superComponents: 511
Reversing the paths using PR module 
Executing path_reversal:

Total execution time for Insertion: 86.76 ms.

Function execution times:
Time of PR_Shortcut : 45.51 ms
Time of HS: Find Repl edges : 28.66 ms
Time of Path Reversal : 7.47 ms
Time of Pointer Jumping : 3.78 ms
Time of Finding unique comps : 1.00 ms
Time of ET: Orientation : 0.30 ms
Time of Hashtable insertion : 0.02 ms
Time of Update rep array : 0.01 ms

Executing validate part.
numComp in the graph: 1


filename: uk-2002.egr
Root: 13955770
The input parent array is a BFS tree.
Number of deleted tree edges: 645
numVert: 18520486, num_edges: 523651232 and delete batch size: 1000

Root: 13955770
Selected Algorithm: HS_ET_PR
Finding Replacement edges using HS.
Number of roots: 641
Number of cross-edges: 5
Insertion into hashtable over.
num of superComponents: 646
Reversing the paths using PR module 
Executing path_reversal:

Total execution time for Deletion: 92.5326 ms.

Function execution times:
Time of PR_Shortcut : 47.44 ms
Time of HS: Find Repl edges : 23.96 ms
Time of Path Reversal : 10.49 ms
Time of Update data structure : 5.76 ms
Time of Pointer Jumping : 3.53 ms
Time of Finding unique comps : 1.08 ms
Time of ET: Orientation : 0.25 ms
Time of Update rep array : 0.02 ms
Time of Hashtable insertion : 0.02 ms

Input tree not connected. num_comp: 641
Selected Algorithm: HS_ET_PR
Finding Replacement edges using HS.
Number of roots: 1
Number of cross-edges: 640
Insertion into hashtable over.
num of superComponents: 641
Reversing the paths using PR module 
Executing path_reversal:

Total execution time for Insertion: 82.69 ms.

Function execution times:
Time of PR_Shortcut : 46.18 ms
Time of HS: Find Repl edges : 24.19 ms
Time of Path Reversal : 7.48 ms
Time of Pointer Jumping : 3.52 ms
Time of Finding unique comps : 1.01 ms
Time of ET: Orientation : 0.27 ms
Time of Hashtable insertion : 0.02 ms
Time of Update rep array : 0.01 ms

Executing validate part.
numComp in the graph: 1


filename: uk-2002.egr
Root: 11645992
The input parent array is a BFS tree.
Number of deleted tree edges: 450
numVert: 18520486, num_edges: 523651232 and delete batch size: 1000

Root: 11645992
Selected Algorithm: HS_ET_PR
Finding Replacement edges using HS.
Number of roots: 441
Number of cross-edges: 10
Insertion into hashtable over.
num of superComponents: 451
Reversing the paths using PR module 
Executing path_reversal:

Total execution time for Deletion: 91.3949 ms.

Function execution times:
Time of PR_Shortcut : 50.55 ms
Time of HS: Find Repl edges : 19.67 ms
Time of Path Reversal : 9.75 ms
Time of Update data structure : 6.25 ms
Time of Pointer Jumping : 3.78 ms
Time of Finding unique comps : 1.08 ms
Time of ET: Orientation : 0.28 ms
Time of Hashtable insertion : 0.02 ms
Time of Update rep array : 0.02 ms

Input tree not connected. num_comp: 441
Selected Algorithm: HS_ET_PR
Finding Replacement edges using HS.
Number of roots: 1
Number of cross-edges: 440
Insertion into hashtable over.
num of superComponents: 441
Reversing the paths using PR module 
Executing path_reversal:

Total execution time for Insertion: 77.17 ms.

Function execution times:
Time of PR_Shortcut : 44.79 ms
Time of HS: Find Repl edges : 19.82 ms
Time of Path Reversal : 7.46 ms
Time of Pointer Jumping : 3.77 ms
Time of Finding unique comps : 1.00 ms
Time of ET: Orientation : 0.29 ms
Time of Hashtable insertion : 0.02 ms
Time of Update rep array : 0.01 ms

Executing validate part.
numComp in the graph: 1


filename: uk-2002.egr
Root: 15607357
The input parent array is a BFS tree.
Number of deleted tree edges: 469
numVert: 18520486, num_edges: 523651232 and delete batch size: 1000

Root: 15607357
Selected Algorithm: HS_ET_PR
Finding Replacement edges using HS.
Number of roots: 461
Number of cross-edges: 9
Insertion into hashtable over.
num of superComponents: 470
Reversing the paths using PR module 
Executing path_reversal:

Total execution time for Deletion: 90.4785 ms.

Function execution times:
Time of PR_Shortcut : 40.24 ms
Time of HS: Find Repl edges : 31.22 ms
Time of Path Reversal : 7.54 ms
Time of Update data structure : 6.35 ms
Time of Pointer Jumping : 3.78 ms
Time of Finding unique comps : 1.08 ms
Time of ET: Orientation : 0.22 ms
Time of Update rep array : 0.02 ms
Time of Hashtable insertion : 0.01 ms

Input tree not connected. num_comp: 461
Selected Algorithm: HS_ET_PR
Finding Replacement edges using HS.
Number of roots: 1
Number of cross-edges: 460
Insertion into hashtable over.
num of superComponents: 461
Reversing the paths using PR module 
Executing path_reversal:

Total execution time for Insertion: 68.01 ms.

Function execution times:
Time of PR_Shortcut : 40.71 ms
Time of HS: Find Repl edges : 14.00 ms
Time of Path Reversal : 9.23 ms
Time of Pointer Jumping : 2.83 ms
Time of Finding unique comps : 0.99 ms
Time of ET: Orientation : 0.22 ms
Time of Hashtable insertion : 0.02 ms
Time of Update rep array : 0.01 ms

Executing validate part.
numComp in the graph: 1


filename: uk-2002.egr
Root: 3548722
The input parent array is a BFS tree.
Number of deleted tree edges: 489
numVert: 18520486, num_edges: 523651232 and delete batch size: 1000

Root: 3548722
Selected Algorithm: HS_ET_PR
Finding Replacement edges using HS.
Number of roots: 481
Number of cross-edges: 9
Insertion into hashtable over.
num of superComponents: 490
Reversing the paths using PR module 
Executing path_reversal:

Total execution time for Deletion: 106.641 ms.

Function execution times:
Time of PR_Shortcut : 50.32 ms
Time of HS: Find Repl edges : 35.12 ms
Time of Path Reversal : 9.82 ms
Time of Update data structure : 6.20 ms
Time of Pointer Jumping : 3.78 ms
Time of Finding unique comps : 1.08 ms
Time of ET: Orientation : 0.28 ms
Time of Hashtable insertion : 0.02 ms
Time of Update rep array : 0.02 ms

Input tree not connected. num_comp: 481
Selected Algorithm: HS_ET_PR
Finding Replacement edges using HS.
Number of roots: 1
Number of cross-edges: 480
Insertion into hashtable over.
num of superComponents: 481
Reversing the paths using PR module 
Executing path_reversal:

Total execution time for Insertion: 69.57 ms.

Function execution times:
Time of PR_Shortcut : 44.17 ms
Time of HS: Find Repl edges : 12.81 ms
Time of Path Reversal : 7.47 ms
Time of Pointer Jumping : 3.78 ms
Time of Finding unique comps : 1.01 ms
Time of ET: Orientation : 0.29 ms
Time of Hashtable insertion : 0.02 ms
Time of Update rep array : 0.02 ms

Executing validate part.
numComp in the graph: 1
